<?xml version="1.0" encoding="UTF-8"?>
<testsuites name="T05 jadi kurir" time="406.972" tests="16" failures="7" errors="0">
   <testsuite name="T05 jadi kurir" tests="16" failures="7" errors="0" time="406.972" skipped="0" timestamp="2023-10-03 13:58:52" hostname="IRFAN - DESKTOP-H62FVJ8" id="Test Suites/jadi kurir/T05 jadi kurir">
      <properties>
         <property name="deviceName" value=""/>
         <property name="devicePlatform" value=""/>
         <property name="logFolder" value="D:\\BOOTCAMP XSIS\\Projek 2 MINI PROJEK\\Reports\\20231003_135850\\jadi kurir\\T05 jadi kurir\\20231003_135850"/>
         <property name="logFiles" value="D:\\BOOTCAMP XSIS\\Projek 2 MINI PROJEK\\Reports\\20231003_135850\\jadi kurir\\T05 jadi kurir\\20231003_135850\\execution0.log"/>
         <property name="attachments" value="D:\\BOOTCAMP XSIS\\Projek 2 MINI PROJEK\\Reports\\20231003_135850\\jadi kurir\\T05 jadi kurir\\20231003_135850\\1696316447614.png, D:\\BOOTCAMP XSIS\\Projek 2 MINI PROJEK\\Reports\\20231003_135850\\jadi kurir\\T05 jadi kurir\\20231003_135850\\1696316492467.png, D:\\BOOTCAMP XSIS\\Projek 2 MINI PROJEK\\Reports\\20231003_135850\\jadi kurir\\T05 jadi kurir\\20231003_135850\\1696316515668.png, D:\\BOOTCAMP XSIS\\Projek 2 MINI PROJEK\\Reports\\20231003_135850\\jadi kurir\\T05 jadi kurir\\20231003_135850\\1696316538282.png, D:\\BOOTCAMP XSIS\\Projek 2 MINI PROJEK\\Reports\\20231003_135850\\jadi kurir\\T05 jadi kurir\\20231003_135850\\1696316560608.png, D:\\BOOTCAMP XSIS\\Projek 2 MINI PROJEK\\Reports\\20231003_135850\\jadi kurir\\T05 jadi kurir\\20231003_135850\\1696316585039.png, D:\\BOOTCAMP XSIS\\Projek 2 MINI PROJEK\\Reports\\20231003_135850\\jadi kurir\\T05 jadi kurir\\20231003_135850\\1696316605717.png"/>
         <property name="hostName" value="IRFAN - DESKTOP-H62FVJ8"/>
         <property name="os" value="Windows 10 64bit"/>
         <property name="katalonVersion" value="8.6.5.208"/>
         <property name="browser" value="Firefox 117.0"/>
         <property name="hostAddress" value="10.9.2.60"/>
         <property name="sessionId" value="1f86be22-39d5-4d98-813b-beb205b06ca6"/>
         <property name="seleniumVersion" value="3.141.59"/>
         <property name="proxyInformation" value="ProxyInformation { proxyOption=NO_PROXY, proxyServerType=HTTP, username=, password=********, proxyServerAddress=, proxyServerPort=0, executionList=&quot;&quot;, isApplyToDesiredCapabilities=true }"/>
         <property name="platform" value="Windows 10"/>
      </properties>
      <testcase name="Test Cases/T05 Jadi Kurir/JK-001" time="16.369" classname="Test Cases/T05 Jadi Kurir/JK-001" status="PASSED">
         <system-out><![CDATA[2023-10-03 13:58:53 - [TEST_CASE][PASSED] - Test Cases/T05 Jadi Kurir/JK-001: Test Cases/T05 Jadi Kurir/JK-001

2023-10-03 13:58:53 - [TEST_STEP][PASSED] - callTestCase(findTestCase("T05 Jadi Kurir/LU-001"), ["username":"irfanafandi", "password":"12345irfan"], STOP_ON_FAILURE): Call Test Case 'Test Cases/T05 Jadi Kurir/LU-001' successfully

2023-10-03 13:58:53 - [TEST_CASE][PASSED] - Test Cases/T05 Jadi Kurir/LU-001: Test Cases/T05 Jadi Kurir/LU-001

2023-10-03 13:58:54 - [TEST_STEP][PASSED] - openBrowser("https://10.9.2.63/ecommerce/"): Browser is opened with url: 'https://10.9.2.63/ecommerce/'

2023-10-03 13:58:54 - [MESSAGE][INFO] - Starting 'Firefox' driver

2023-10-03 13:58:54 - [MESSAGE][INFO] - User set preference: ['args', '[--disable-notifications]']

2023-10-03 13:58:54 - [MESSAGE][INFO] - Action delay is set to 0 milliseconds

2023-10-03 13:59:01 - [MESSAGE][PASSED] - Browser is opened with url: 'https://10.9.2.63/ecommerce/'

2023-10-03 13:59:01 - [TEST_STEP][PASSED] - maximizeWindow(): Current window maximized

2023-10-03 13:59:01 - [MESSAGE][PASSED] - Current window maximized

2023-10-03 13:59:01 - [TEST_STEP][PASSED] - verifyElementPresent(findTestObject("Login/Home"), 0): Object 'Object Repository/Login/Home' is present

2023-10-03 13:59:01 - [MESSAGE][WARNING] - Timeout '0' is invalid. Using default page load timeout: '30'

2023-10-03 13:59:02 - [MESSAGE][PASSED] - Object 'Object Repository/Login/Home' is present

2023-10-03 13:59:02 - [TEST_STEP][PASSED] - click(findTestObject("Login/a_Login")): Object: 'Object Repository/Login/a_Login' is clicked on

2023-10-03 13:59:02 - [MESSAGE][PASSED] - Object: 'Object Repository/Login/a_Login' is clicked on

2023-10-03 13:59:02 - [TEST_STEP][PASSED] - verifyElementPresent(findTestObject("Login/Tittle Login"), 0): Object 'Object Repository/Login/Tittle Login' is present

2023-10-03 13:59:03 - [MESSAGE][WARNING] - Timeout '0' is invalid. Using default page load timeout: '30'

2023-10-03 13:59:03 - [MESSAGE][PASSED] - Object 'Object Repository/Login/Tittle Login' is present

2023-10-03 13:59:03 - [TEST_STEP][PASSED] - setText(findTestObject("Login/input_Username, Email atau No. Handphone_a"), username): Text 'irfanafandi' is set on object 'Object Repository/Login/input_Username, Email atau No. Handphone_a'

2023-10-03 13:59:04 - [MESSAGE][PASSED] - Text 'irfanafandi' is set on object 'Object Repository/Login/input_Username, Email atau No. Handphone_a'

2023-10-03 13:59:04 - [TEST_STEP][PASSED] - setText(findTestObject("Login/input_Password_b"), password): Text '12345irfan' is set on object 'Object Repository/Login/input_Password_b'

2023-10-03 13:59:05 - [MESSAGE][PASSED] - Text '12345irfan' is set on object 'Object Repository/Login/input_Password_b'

2023-10-03 13:59:05 - [TEST_STEP][PASSED] - click(findTestObject("Login/label_Ingat saya")): Object: 'Object Repository/Login/label_Ingat saya' is clicked on

2023-10-03 13:59:05 - [MESSAGE][PASSED] - Object: 'Object Repository/Login/label_Ingat saya' is clicked on

2023-10-03 13:59:05 - [TEST_STEP][PASSED] - click(findTestObject("Login/button_Masuk")): Object: 'Object Repository/Login/button_Masuk' is clicked on

2023-10-03 13:59:07 - [MESSAGE][PASSED] - Object: 'Object Repository/Login/button_Masuk' is clicked on

2023-10-03 13:59:07 - [TEST_STEP][PASSED] - verifyElementPresent(findTestObject("Login/li_Profile"), 0): Object 'Object Repository/Login/li_Profile' is present

2023-10-03 13:59:07 - [MESSAGE][WARNING] - Timeout '0' is invalid. Using default page load timeout: '30'

2023-10-03 13:59:07 - [MESSAGE][PASSED] - Object 'Object Repository/Login/li_Profile' is present

2023-10-03 13:59:07 - [MESSAGE][PASSED] - Call Test Case 'Test Cases/T05 Jadi Kurir/LU-001' successfully

2023-10-03 13:59:07 - [TEST_STEP][PASSED] - click(findTestObject("Jadi kurir/a_Jadi Kurir")): Object: 'Object Repository/Jadi kurir/a_Jadi Kurir' is clicked on

2023-10-03 13:59:08 - [MESSAGE][PASSED] - Object: 'Object Repository/Jadi kurir/a_Jadi Kurir' is clicked on

2023-10-03 13:59:08 - [TEST_STEP][PASSED] - verifyElementPresent(findTestObject("Jadi kurir/li_Profile Kurir"), 0): Object 'Object Repository/Jadi kurir/li_Profile Kurir' is present

2023-10-03 13:59:08 - [MESSAGE][WARNING] - Timeout '0' is invalid. Using default page load timeout: '30'

2023-10-03 13:59:09 - [MESSAGE][PASSED] - Object 'Object Repository/Jadi kurir/li_Profile Kurir' is present]]></system-out>
         <system-err><![CDATA[]]></system-err>
      </testcase>
      <testcase name="Test Cases/T05 Jadi Kurir/JK-002" time="30.813" classname="Test Cases/T05 Jadi Kurir/JK-002" status="PASSED">
         <system-out><![CDATA[2023-10-03 13:59:09 - [TEST_CASE][PASSED] - Test Cases/T05 Jadi Kurir/JK-002: Test Cases/T05 Jadi Kurir/JK-002

2023-10-03 13:59:11 - [TEST_STEP][PASSED] - callTestCase(findTestCase("T05 Jadi Kurir/JK-001"), [:], STOP_ON_FAILURE): Call Test Case 'Test Cases/T05 Jadi Kurir/JK-001' successfully

2023-10-03 13:59:11 - [TEST_CASE][PASSED] - Test Cases/T05 Jadi Kurir/JK-001: Test Cases/T05 Jadi Kurir/JK-001

2023-10-03 13:59:11 - [TEST_STEP][PASSED] - callTestCase(findTestCase("T05 Jadi Kurir/LU-001"), ["username":"irfanafandi", "password":"12345irfan"], STOP_ON_FAILURE): Call Test Case 'Test Cases/T05 Jadi Kurir/LU-001' successfully

2023-10-03 13:59:11 - [TEST_CASE][PASSED] - Test Cases/T05 Jadi Kurir/LU-001: Test Cases/T05 Jadi Kurir/LU-001

2023-10-03 13:59:11 - [TEST_STEP][PASSED] - openBrowser("https://10.9.2.63/ecommerce/"): Browser is opened with url: 'https://10.9.2.63/ecommerce/'

2023-10-03 13:59:11 - [MESSAGE][WARNING] - A browser is already opened. Closing browser and opening a new one

2023-10-03 13:59:12 - [MESSAGE][INFO] - Starting 'Firefox' driver

2023-10-03 13:59:12 - [MESSAGE][INFO] - User set preference: ['args', '[--disable-notifications]']

2023-10-03 13:59:12 - [MESSAGE][INFO] - Action delay is set to 0 milliseconds

2023-10-03 13:59:18 - [MESSAGE][PASSED] - Browser is opened with url: 'https://10.9.2.63/ecommerce/'

2023-10-03 13:59:18 - [TEST_STEP][PASSED] - maximizeWindow(): Current window maximized

2023-10-03 13:59:18 - [MESSAGE][PASSED] - Current window maximized

2023-10-03 13:59:18 - [TEST_STEP][PASSED] - verifyElementPresent(findTestObject("Login/Home"), 0): Object 'Object Repository/Login/Home' is present

2023-10-03 13:59:18 - [MESSAGE][WARNING] - Timeout '0' is invalid. Using default page load timeout: '30'

2023-10-03 13:59:18 - [MESSAGE][PASSED] - Object 'Object Repository/Login/Home' is present

2023-10-03 13:59:18 - [TEST_STEP][PASSED] - click(findTestObject("Login/a_Login")): Object: 'Object Repository/Login/a_Login' is clicked on

2023-10-03 13:59:19 - [MESSAGE][PASSED] - Object: 'Object Repository/Login/a_Login' is clicked on

2023-10-03 13:59:19 - [TEST_STEP][PASSED] - verifyElementPresent(findTestObject("Login/Tittle Login"), 0): Object 'Object Repository/Login/Tittle Login' is present

2023-10-03 13:59:19 - [MESSAGE][WARNING] - Timeout '0' is invalid. Using default page load timeout: '30'

2023-10-03 13:59:19 - [MESSAGE][PASSED] - Object 'Object Repository/Login/Tittle Login' is present

2023-10-03 13:59:19 - [TEST_STEP][PASSED] - setText(findTestObject("Login/input_Username, Email atau No. Handphone_a"), username): Text 'irfanafandi' is set on object 'Object Repository/Login/input_Username, Email atau No. Handphone_a'

2023-10-03 13:59:20 - [MESSAGE][PASSED] - Text 'irfanafandi' is set on object 'Object Repository/Login/input_Username, Email atau No. Handphone_a'

2023-10-03 13:59:20 - [TEST_STEP][PASSED] - setText(findTestObject("Login/input_Password_b"), password): Text '12345irfan' is set on object 'Object Repository/Login/input_Password_b'

2023-10-03 13:59:21 - [MESSAGE][PASSED] - Text '12345irfan' is set on object 'Object Repository/Login/input_Password_b'

2023-10-03 13:59:21 - [TEST_STEP][PASSED] - click(findTestObject("Login/label_Ingat saya")): Object: 'Object Repository/Login/label_Ingat saya' is clicked on

2023-10-03 13:59:22 - [MESSAGE][PASSED] - Object: 'Object Repository/Login/label_Ingat saya' is clicked on

2023-10-03 13:59:22 - [TEST_STEP][PASSED] - click(findTestObject("Login/button_Masuk")): Object: 'Object Repository/Login/button_Masuk' is clicked on

2023-10-03 13:59:23 - [MESSAGE][PASSED] - Object: 'Object Repository/Login/button_Masuk' is clicked on

2023-10-03 13:59:23 - [TEST_STEP][PASSED] - verifyElementPresent(findTestObject("Login/li_Profile"), 0): Object 'Object Repository/Login/li_Profile' is present

2023-10-03 13:59:23 - [MESSAGE][WARNING] - Timeout '0' is invalid. Using default page load timeout: '30'

2023-10-03 13:59:23 - [MESSAGE][PASSED] - Object 'Object Repository/Login/li_Profile' is present

2023-10-03 13:59:23 - [MESSAGE][PASSED] - Call Test Case 'Test Cases/T05 Jadi Kurir/LU-001' successfully

2023-10-03 13:59:23 - [TEST_STEP][PASSED] - click(findTestObject("Jadi kurir/a_Jadi Kurir")): Object: 'Object Repository/Jadi kurir/a_Jadi Kurir' is clicked on

2023-10-03 13:59:24 - [MESSAGE][PASSED] - Object: 'Object Repository/Jadi kurir/a_Jadi Kurir' is clicked on

2023-10-03 13:59:24 - [TEST_STEP][PASSED] - verifyElementPresent(findTestObject("Jadi kurir/li_Profile Kurir"), 0): Object 'Object Repository/Jadi kurir/li_Profile Kurir' is present

2023-10-03 13:59:24 - [MESSAGE][WARNING] - Timeout '0' is invalid. Using default page load timeout: '30'

2023-10-03 13:59:25 - [MESSAGE][PASSED] - Object 'Object Repository/Jadi kurir/li_Profile Kurir' is present

2023-10-03 13:59:25 - [MESSAGE][PASSED] - Call Test Case 'Test Cases/T05 Jadi Kurir/JK-001' successfully

2023-10-03 13:59:25 - [TEST_STEP][PASSED] - click(findTestObject("Jadi kurir/a_Daftar  Edit Data")): Object: 'Object Repository/Jadi kurir/a_Daftar  Edit Data' is clicked on

2023-10-03 13:59:26 - [MESSAGE][PASSED] - Object: 'Object Repository/Jadi kurir/a_Daftar  Edit Data' is clicked on

2023-10-03 13:59:26 - [TEST_STEP][PASSED] - verifyElementPresent(findTestObject("Jadi kurir/li_Profile Kurir"), 0): Object 'Object Repository/Jadi kurir/li_Profile Kurir' is present

2023-10-03 13:59:26 - [MESSAGE][WARNING] - Timeout '0' is invalid. Using default page load timeout: '30'

2023-10-03 13:59:27 - [MESSAGE][PASSED] - Object 'Object Repository/Jadi kurir/li_Profile Kurir' is present

2023-10-03 13:59:27 - [TEST_STEP][PASSED] - selectOptionByLabel(findTestObject("Jadi kurir/select_- Pilih Kendaraan -Roda 2Roda 4"), Jenis, false): All options with label 'Roda 4' are selected in object 'Object Repository/Jadi kurir/select_- Pilih Kendaraan -Roda 2Roda 4' 

2023-10-03 13:59:28 - [MESSAGE][PASSED] - All options with label 'Roda 4' are selected in object 'Object Repository/Jadi kurir/select_- Pilih Kendaraan -Roda 2Roda 4' 

2023-10-03 13:59:28 - [TEST_STEP][PASSED] - setText(findTestObject("Jadi kurir/input_Merek Kendaraan"), Merek_Kendaraan): Text 'toyota supra' is set on object 'Object Repository/Jadi kurir/input_Merek Kendaraan'

2023-10-03 13:59:29 - [MESSAGE][PASSED] - Text 'toyota supra' is set on object 'Object Repository/Jadi kurir/input_Merek Kendaraan'

2023-10-03 13:59:29 - [TEST_STEP][PASSED] - setText(findTestObject("Jadi kurir/input_Plat Nomor"), Plat_Nomor): Text 'AB 1 S' is set on object 'Object Repository/Jadi kurir/input_Plat Nomor'

2023-10-03 13:59:29 - [MESSAGE][PASSED] - Text 'AB 1 S' is set on object 'Object Repository/Jadi kurir/input_Plat Nomor'

2023-10-03 13:59:29 - [TEST_STEP][PASSED] - setText(findTestObject("Jadi kurir/textarea_Keterangan"), Keterangan): Text 'mau daftar dong bang' is set on object 'Object Repository/Jadi kurir/textarea_Keterangan'

2023-10-03 13:59:30 - [MESSAGE][PASSED] - Text 'mau daftar dong bang' is set on object 'Object Repository/Jadi kurir/textarea_Keterangan'

2023-10-03 13:59:30 - [TEST_STEP][PASSED] - waitForPageLoad(3): Wait for page load successfully

2023-10-03 13:59:30 - [MESSAGE][PASSED] - Wait for page load successfully

2023-10-03 13:59:30 - [TEST_STEP][PASSED] - delay(2): Delayed 2 second(s)

2023-10-03 13:59:32 - [MESSAGE][PASSED] - Delayed 2 second(s)

2023-10-03 13:59:32 - [TEST_STEP][PASSED] - uploadFile(findTestObject("Jadi kurir/input_Choose files_uploadFile"), Berkas): File 'C:\Users\IRFAN\Downloads\Berkas2.pdf' sent to object: 'Object Repository/Jadi kurir/input_Choose files_uploadFile'

2023-10-03 13:59:33 - [MESSAGE][PASSED] - File 'C:\Users\IRFAN\Downloads\Berkas2.pdf' sent to object: 'Object Repository/Jadi kurir/input_Choose files_uploadFile'

2023-10-03 13:59:33 - [TEST_STEP][PASSED] - delay(3): Delayed 3 second(s)

2023-10-03 13:59:36 - [MESSAGE][PASSED] - Delayed 3 second(s)

2023-10-03 13:59:36 - [TEST_STEP][PASSED] - click(findTestObject("Jadi kurir/button_Simpan Perubahan")): Object: 'Object Repository/Jadi kurir/button_Simpan Perubahan' is clicked on

2023-10-03 13:59:37 - [MESSAGE][PASSED] - Object: 'Object Repository/Jadi kurir/button_Simpan Perubahan' is clicked on

2023-10-03 13:59:37 - [TEST_STEP][PASSED] - verifyElementPresent(findTestObject("Jadi kurir/li_Profile Kurir"), 0): Object 'Object Repository/Jadi kurir/li_Profile Kurir' is present

2023-10-03 13:59:37 - [MESSAGE][WARNING] - Timeout '0' is invalid. Using default page load timeout: '30'

2023-10-03 13:59:38 - [MESSAGE][PASSED] - Object 'Object Repository/Jadi kurir/li_Profile Kurir' is present

2023-10-03 13:59:38 - [TEST_STEP][PASSED] - Hasil_Jenis = getText(findTestObject("Hasil Edit/div_Roda 4")): Text of object 'Object Repository/Hasil Edit/div_Roda 4' is: 'Roda 4'

2023-10-03 13:59:38 - [MESSAGE][PASSED] - Text of object 'Object Repository/Hasil Edit/div_Roda 4' is: 'Roda 4'

2023-10-03 13:59:38 - [TEST_STEP][PASSED] - Hasil_Merek = getText(findTestObject("Hasil Edit/div_toyota supra")): Text of object 'Object Repository/Hasil Edit/div_toyota supra' is: 'toyota supra'

2023-10-03 13:59:39 - [MESSAGE][PASSED] - Text of object 'Object Repository/Hasil Edit/div_toyota supra' is: 'toyota supra'

2023-10-03 13:59:39 - [TEST_STEP][PASSED] - Hasil_Plat = getText(findTestObject("Hasil Edit/div_AB 1 S")): Text of object 'Object Repository/Hasil Edit/div_AB 1 S' is: 'AB 1 S'

2023-10-03 13:59:39 - [MESSAGE][PASSED] - Text of object 'Object Repository/Hasil Edit/div_AB 1 S' is: 'AB 1 S'

2023-10-03 13:59:39 - [TEST_STEP][PASSED] - Hasil_Ket = getText(findTestObject("Hasil Edit/div_mau daftar dong bang")): Text of object 'Object Repository/Hasil Edit/div_mau daftar dong bang' is: 'mau daftar dong bang'

2023-10-03 13:59:40 - [MESSAGE][PASSED] - Text of object 'Object Repository/Hasil Edit/div_mau daftar dong bang' is: 'mau daftar dong bang'

2023-10-03 13:59:40 - [TEST_STEP][PASSED] - berkas1 = getAttribute(findTestObject("Object Repository/Hasil Edit/Hasil edit berkas"), "href").split("/"): Attribute 'href' of object 'Object Repository/Hasil Edit/Hasil edit berkas' is: 'https://10.9.2.63/ecommerce/members/download_file/images/Berkas235.pdf'

2023-10-03 13:59:40 - [MESSAGE][PASSED] - Attribute 'href' of object 'Object Repository/Hasil Edit/Hasil edit berkas' is: 'https://10.9.2.63/ecommerce/members/download_file/images/Berkas235.pdf'

2023-10-03 13:59:40 - [TEST_STEP][PASSED] - println(berkas1): null

2023-10-03 13:59:40 - [TEST_STEP][PASSED] - berkasUrl = size() - 1].replace(".pdf", ""): null

2023-10-03 13:59:40 - [TEST_STEP][PASSED] - println(berkasUrl): null

2023-10-03 13:59:40 - [TEST_STEP][PASSED] - berkas_sebelumEdit = Berkas.split("\\"): null

2023-10-03 13:59:40 - [TEST_STEP][PASSED] - println(berkas_sebelumEdit): null

2023-10-03 13:59:40 - [TEST_STEP][PASSED] - urlBerkas = size() - 1].replace(".pdf", ""): null

2023-10-03 13:59:40 - [TEST_STEP][PASSED] - println(urlBerkas): null

2023-10-03 13:59:40 - [TEST_STEP][PASSED] - assert berkasUrl.contains(urlBerkas): null

2023-10-03 13:59:40 - [TEST_STEP][PASSED] - assert trim().equalsIgnoreCase(Jenis.trim()): null

2023-10-03 13:59:40 - [TEST_STEP][PASSED] - assert trim().equalsIgnoreCase(Merek_Kendaraan.trim()): null

2023-10-03 13:59:40 - [TEST_STEP][PASSED] - assert trim().equalsIgnoreCase(Plat_Nomor.trim()): null

2023-10-03 13:59:40 - [TEST_STEP][PASSED] - assert trim().equalsIgnoreCase(Keterangan.trim()): null]]></system-out>
         <system-err><![CDATA[]]></system-err>
      </testcase>
      <testcase name="Test Cases/T05 Jadi Kurir/JK-003" time="22.917" classname="Test Cases/T05 Jadi Kurir/JK-003" status="PASSED">
         <system-out><![CDATA[2023-10-03 13:59:40 - [TEST_CASE][PASSED] - Test Cases/T05 Jadi Kurir/JK-003: Test Cases/T05 Jadi Kurir/JK-003

2023-10-03 13:59:40 - [TEST_STEP][PASSED] - callTestCase(findTestCase("T05 Jadi Kurir/JK-001"), [:], STOP_ON_FAILURE): Call Test Case 'Test Cases/T05 Jadi Kurir/JK-001' successfully

2023-10-03 13:59:40 - [TEST_CASE][PASSED] - Test Cases/T05 Jadi Kurir/JK-001: Test Cases/T05 Jadi Kurir/JK-001

2023-10-03 13:59:40 - [TEST_STEP][PASSED] - callTestCase(findTestCase("T05 Jadi Kurir/LU-001"), ["username":"irfanafandi", "password":"12345irfan"], STOP_ON_FAILURE): Call Test Case 'Test Cases/T05 Jadi Kurir/LU-001' successfully

2023-10-03 13:59:41 - [TEST_CASE][PASSED] - Test Cases/T05 Jadi Kurir/LU-001: Test Cases/T05 Jadi Kurir/LU-001

2023-10-03 13:59:41 - [TEST_STEP][PASSED] - openBrowser("https://10.9.2.63/ecommerce/"): Browser is opened with url: 'https://10.9.2.63/ecommerce/'

2023-10-03 13:59:41 - [MESSAGE][WARNING] - A browser is already opened. Closing browser and opening a new one

2023-10-03 13:59:42 - [MESSAGE][INFO] - Starting 'Firefox' driver

2023-10-03 13:59:42 - [MESSAGE][INFO] - User set preference: ['args', '[--disable-notifications]']

2023-10-03 13:59:42 - [MESSAGE][INFO] - Action delay is set to 0 milliseconds

2023-10-03 13:59:47 - [MESSAGE][PASSED] - Browser is opened with url: 'https://10.9.2.63/ecommerce/'

2023-10-03 13:59:47 - [TEST_STEP][PASSED] - maximizeWindow(): Current window maximized

2023-10-03 13:59:47 - [MESSAGE][PASSED] - Current window maximized

2023-10-03 13:59:47 - [TEST_STEP][PASSED] - verifyElementPresent(findTestObject("Login/Home"), 0): Object 'Object Repository/Login/Home' is present

2023-10-03 13:59:47 - [MESSAGE][WARNING] - Timeout '0' is invalid. Using default page load timeout: '30'

2023-10-03 13:59:48 - [MESSAGE][PASSED] - Object 'Object Repository/Login/Home' is present

2023-10-03 13:59:48 - [TEST_STEP][PASSED] - click(findTestObject("Login/a_Login")): Object: 'Object Repository/Login/a_Login' is clicked on

2023-10-03 13:59:48 - [MESSAGE][PASSED] - Object: 'Object Repository/Login/a_Login' is clicked on

2023-10-03 13:59:48 - [TEST_STEP][PASSED] - verifyElementPresent(findTestObject("Login/Tittle Login"), 0): Object 'Object Repository/Login/Tittle Login' is present

2023-10-03 13:59:49 - [MESSAGE][WARNING] - Timeout '0' is invalid. Using default page load timeout: '30'

2023-10-03 13:59:49 - [MESSAGE][PASSED] - Object 'Object Repository/Login/Tittle Login' is present

2023-10-03 13:59:49 - [TEST_STEP][PASSED] - setText(findTestObject("Login/input_Username, Email atau No. Handphone_a"), username): Text 'irfanafandi' is set on object 'Object Repository/Login/input_Username, Email atau No. Handphone_a'

2023-10-03 13:59:50 - [MESSAGE][PASSED] - Text 'irfanafandi' is set on object 'Object Repository/Login/input_Username, Email atau No. Handphone_a'

2023-10-03 13:59:50 - [TEST_STEP][PASSED] - setText(findTestObject("Login/input_Password_b"), password): Text '12345irfan' is set on object 'Object Repository/Login/input_Password_b'

2023-10-03 13:59:50 - [MESSAGE][PASSED] - Text '12345irfan' is set on object 'Object Repository/Login/input_Password_b'

2023-10-03 13:59:50 - [TEST_STEP][PASSED] - click(findTestObject("Login/label_Ingat saya")): Object: 'Object Repository/Login/label_Ingat saya' is clicked on

2023-10-03 13:59:51 - [MESSAGE][PASSED] - Object: 'Object Repository/Login/label_Ingat saya' is clicked on

2023-10-03 13:59:51 - [TEST_STEP][PASSED] - click(findTestObject("Login/button_Masuk")): Object: 'Object Repository/Login/button_Masuk' is clicked on

2023-10-03 13:59:52 - [MESSAGE][PASSED] - Object: 'Object Repository/Login/button_Masuk' is clicked on

2023-10-03 13:59:52 - [TEST_STEP][PASSED] - verifyElementPresent(findTestObject("Login/li_Profile"), 0): Object 'Object Repository/Login/li_Profile' is present

2023-10-03 13:59:53 - [MESSAGE][WARNING] - Timeout '0' is invalid. Using default page load timeout: '30'

2023-10-03 13:59:53 - [MESSAGE][PASSED] - Object 'Object Repository/Login/li_Profile' is present

2023-10-03 13:59:53 - [MESSAGE][PASSED] - Call Test Case 'Test Cases/T05 Jadi Kurir/LU-001' successfully

2023-10-03 13:59:53 - [TEST_STEP][PASSED] - click(findTestObject("Jadi kurir/a_Jadi Kurir")): Object: 'Object Repository/Jadi kurir/a_Jadi Kurir' is clicked on

2023-10-03 13:59:54 - [MESSAGE][PASSED] - Object: 'Object Repository/Jadi kurir/a_Jadi Kurir' is clicked on

2023-10-03 13:59:54 - [TEST_STEP][PASSED] - verifyElementPresent(findTestObject("Jadi kurir/li_Profile Kurir"), 0): Object 'Object Repository/Jadi kurir/li_Profile Kurir' is present

2023-10-03 13:59:54 - [MESSAGE][WARNING] - Timeout '0' is invalid. Using default page load timeout: '30'

2023-10-03 13:59:55 - [MESSAGE][PASSED] - Object 'Object Repository/Jadi kurir/li_Profile Kurir' is present

2023-10-03 13:59:55 - [MESSAGE][PASSED] - Call Test Case 'Test Cases/T05 Jadi Kurir/JK-001' successfully

2023-10-03 13:59:55 - [TEST_STEP][PASSED] - click(findTestObject("Jadi kurir/a_Daftar  Edit Data")): Object: 'Object Repository/Jadi kurir/a_Daftar  Edit Data' is clicked on

2023-10-03 13:59:56 - [MESSAGE][PASSED] - Object: 'Object Repository/Jadi kurir/a_Daftar  Edit Data' is clicked on

2023-10-03 13:59:56 - [TEST_STEP][PASSED] - verifyElementPresent(findTestObject("Jadi kurir/li_Profile Kurir"), 0): Object 'Object Repository/Jadi kurir/li_Profile Kurir' is present

2023-10-03 13:59:56 - [MESSAGE][WARNING] - Timeout '0' is invalid. Using default page load timeout: '30'

2023-10-03 13:59:57 - [MESSAGE][PASSED] - Object 'Object Repository/Jadi kurir/li_Profile Kurir' is present

2023-10-03 13:59:57 - [TEST_STEP][PASSED] - selectOptionByValue(findTestObject("Jadi kurir/select_- Pilih Kendaraan -Roda 2Roda 4"), Jenis, false): All options with value '0' are selected in object 'Object Repository/Jadi kurir/select_- Pilih Kendaraan -Roda 2Roda 4' 

2023-10-03 13:59:58 - [MESSAGE][PASSED] - All options with value '0' are selected in object 'Object Repository/Jadi kurir/select_- Pilih Kendaraan -Roda 2Roda 4' 

2023-10-03 13:59:58 - [TEST_STEP][PASSED] - setText(findTestObject("Jadi kurir/input_Merek Kendaraan"), Merek_Kendaraan): Text 'toyota supra' is set on object 'Object Repository/Jadi kurir/input_Merek Kendaraan'

2023-10-03 13:59:58 - [MESSAGE][PASSED] - Text 'toyota supra' is set on object 'Object Repository/Jadi kurir/input_Merek Kendaraan'

2023-10-03 13:59:58 - [TEST_STEP][PASSED] - setText(findTestObject("Jadi kurir/input_Plat Nomor"), Plat_Nomor): Text 'AB 1 S' is set on object 'Object Repository/Jadi kurir/input_Plat Nomor'

2023-10-03 13:59:59 - [MESSAGE][PASSED] - Text 'AB 1 S' is set on object 'Object Repository/Jadi kurir/input_Plat Nomor'

2023-10-03 13:59:59 - [TEST_STEP][PASSED] - setText(findTestObject("Jadi kurir/textarea_Keterangan"), Keterangan): Text 'mau daftar dong bang' is set on object 'Object Repository/Jadi kurir/textarea_Keterangan'

2023-10-03 14:00:00 - [MESSAGE][PASSED] - Text 'mau daftar dong bang' is set on object 'Object Repository/Jadi kurir/textarea_Keterangan'

2023-10-03 14:00:00 - [TEST_STEP][PASSED] - uploadFile(findTestObject("Jadi kurir/input_Choose files_uploadFile"), berkas): File 'C:\Users\IRFAN\Downloads\Berkas2.pdf' sent to object: 'Object Repository/Jadi kurir/input_Choose files_uploadFile'

2023-10-03 14:00:00 - [MESSAGE][PASSED] - File 'C:\Users\IRFAN\Downloads\Berkas2.pdf' sent to object: 'Object Repository/Jadi kurir/input_Choose files_uploadFile'

2023-10-03 14:00:00 - [TEST_STEP][PASSED] - click(findTestObject("Jadi kurir/button_Simpan Perubahan")): Object: 'Object Repository/Jadi kurir/button_Simpan Perubahan' is clicked on

2023-10-03 14:00:02 - [MESSAGE][PASSED] - Object: 'Object Repository/Jadi kurir/button_Simpan Perubahan' is clicked on

2023-10-03 14:00:02 - [TEST_STEP][PASSED] - verifyElementPresent(findTestObject("Hasil Edit/Massage"), 0): Object 'Object Repository/Hasil Edit/Massage' is present

2023-10-03 14:00:02 - [MESSAGE][WARNING] - Timeout '0' is invalid. Using default page load timeout: '30'

2023-10-03 14:00:03 - [MESSAGE][PASSED] - Object 'Object Repository/Hasil Edit/Massage' is present]]></system-out>
         <system-err><![CDATA[]]></system-err>
      </testcase>
      <testcase name="Test Cases/T05 Jadi Kurir/JK-004" time="20.524" classname="Test Cases/T05 Jadi Kurir/JK-004" status="PASSED">
         <system-out><![CDATA[2023-10-03 14:00:03 - [TEST_CASE][PASSED] - Test Cases/T05 Jadi Kurir/JK-004: Test Cases/T05 Jadi Kurir/JK-004

2023-10-03 14:00:03 - [TEST_STEP][PASSED] - callTestCase(findTestCase("T05 Jadi Kurir/JK-001"), [:], STOP_ON_FAILURE): Call Test Case 'Test Cases/T05 Jadi Kurir/JK-001' successfully

2023-10-03 14:00:03 - [TEST_CASE][PASSED] - Test Cases/T05 Jadi Kurir/JK-001: Test Cases/T05 Jadi Kurir/JK-001

2023-10-03 14:00:03 - [TEST_STEP][PASSED] - callTestCase(findTestCase("T05 Jadi Kurir/LU-001"), ["username":"irfanafandi", "password":"12345irfan"], STOP_ON_FAILURE): Call Test Case 'Test Cases/T05 Jadi Kurir/LU-001' successfully

2023-10-03 14:00:03 - [TEST_CASE][PASSED] - Test Cases/T05 Jadi Kurir/LU-001: Test Cases/T05 Jadi Kurir/LU-001

2023-10-03 14:00:03 - [TEST_STEP][PASSED] - openBrowser("https://10.9.2.63/ecommerce/"): Browser is opened with url: 'https://10.9.2.63/ecommerce/'

2023-10-03 14:00:03 - [MESSAGE][WARNING] - A browser is already opened. Closing browser and opening a new one

2023-10-03 14:00:04 - [MESSAGE][INFO] - Starting 'Firefox' driver

2023-10-03 14:00:04 - [MESSAGE][INFO] - User set preference: ['args', '[--disable-notifications]']

2023-10-03 14:00:04 - [MESSAGE][INFO] - Action delay is set to 0 milliseconds

2023-10-03 14:00:10 - [MESSAGE][PASSED] - Browser is opened with url: 'https://10.9.2.63/ecommerce/'

2023-10-03 14:00:10 - [TEST_STEP][PASSED] - maximizeWindow(): Current window maximized

2023-10-03 14:00:10 - [MESSAGE][PASSED] - Current window maximized

2023-10-03 14:00:10 - [TEST_STEP][PASSED] - verifyElementPresent(findTestObject("Login/Home"), 0): Object 'Object Repository/Login/Home' is present

2023-10-03 14:00:10 - [MESSAGE][WARNING] - Timeout '0' is invalid. Using default page load timeout: '30'

2023-10-03 14:00:10 - [MESSAGE][PASSED] - Object 'Object Repository/Login/Home' is present

2023-10-03 14:00:10 - [TEST_STEP][PASSED] - click(findTestObject("Login/a_Login")): Object: 'Object Repository/Login/a_Login' is clicked on

2023-10-03 14:00:11 - [MESSAGE][PASSED] - Object: 'Object Repository/Login/a_Login' is clicked on

2023-10-03 14:00:11 - [TEST_STEP][PASSED] - verifyElementPresent(findTestObject("Login/Tittle Login"), 0): Object 'Object Repository/Login/Tittle Login' is present

2023-10-03 14:00:11 - [MESSAGE][WARNING] - Timeout '0' is invalid. Using default page load timeout: '30'

2023-10-03 14:00:11 - [MESSAGE][PASSED] - Object 'Object Repository/Login/Tittle Login' is present

2023-10-03 14:00:11 - [TEST_STEP][PASSED] - setText(findTestObject("Login/input_Username, Email atau No. Handphone_a"), username): Text 'irfanafandi' is set on object 'Object Repository/Login/input_Username, Email atau No. Handphone_a'

2023-10-03 14:00:12 - [MESSAGE][PASSED] - Text 'irfanafandi' is set on object 'Object Repository/Login/input_Username, Email atau No. Handphone_a'

2023-10-03 14:00:12 - [TEST_STEP][PASSED] - setText(findTestObject("Login/input_Password_b"), password): Text '12345irfan' is set on object 'Object Repository/Login/input_Password_b'

2023-10-03 14:00:13 - [MESSAGE][PASSED] - Text '12345irfan' is set on object 'Object Repository/Login/input_Password_b'

2023-10-03 14:00:13 - [TEST_STEP][PASSED] - click(findTestObject("Login/label_Ingat saya")): Object: 'Object Repository/Login/label_Ingat saya' is clicked on

2023-10-03 14:00:14 - [MESSAGE][PASSED] - Object: 'Object Repository/Login/label_Ingat saya' is clicked on

2023-10-03 14:00:14 - [TEST_STEP][PASSED] - click(findTestObject("Login/button_Masuk")): Object: 'Object Repository/Login/button_Masuk' is clicked on

2023-10-03 14:00:15 - [MESSAGE][PASSED] - Object: 'Object Repository/Login/button_Masuk' is clicked on

2023-10-03 14:00:15 - [TEST_STEP][PASSED] - verifyElementPresent(findTestObject("Login/li_Profile"), 0): Object 'Object Repository/Login/li_Profile' is present

2023-10-03 14:00:15 - [MESSAGE][WARNING] - Timeout '0' is invalid. Using default page load timeout: '30'

2023-10-03 14:00:15 - [MESSAGE][PASSED] - Object 'Object Repository/Login/li_Profile' is present

2023-10-03 14:00:15 - [MESSAGE][PASSED] - Call Test Case 'Test Cases/T05 Jadi Kurir/LU-001' successfully

2023-10-03 14:00:15 - [TEST_STEP][PASSED] - click(findTestObject("Jadi kurir/a_Jadi Kurir")): Object: 'Object Repository/Jadi kurir/a_Jadi Kurir' is clicked on

2023-10-03 14:00:16 - [MESSAGE][PASSED] - Object: 'Object Repository/Jadi kurir/a_Jadi Kurir' is clicked on

2023-10-03 14:00:16 - [TEST_STEP][PASSED] - verifyElementPresent(findTestObject("Jadi kurir/li_Profile Kurir"), 0): Object 'Object Repository/Jadi kurir/li_Profile Kurir' is present

2023-10-03 14:00:16 - [MESSAGE][WARNING] - Timeout '0' is invalid. Using default page load timeout: '30'

2023-10-03 14:00:17 - [MESSAGE][PASSED] - Object 'Object Repository/Jadi kurir/li_Profile Kurir' is present

2023-10-03 14:00:17 - [MESSAGE][PASSED] - Call Test Case 'Test Cases/T05 Jadi Kurir/JK-001' successfully

2023-10-03 14:00:17 - [TEST_STEP][PASSED] - click(findTestObject("Jadi kurir/a_Daftar  Edit Data")): Object: 'Object Repository/Jadi kurir/a_Daftar  Edit Data' is clicked on

2023-10-03 14:00:18 - [MESSAGE][PASSED] - Object: 'Object Repository/Jadi kurir/a_Daftar  Edit Data' is clicked on

2023-10-03 14:00:18 - [TEST_STEP][PASSED] - verifyElementPresent(findTestObject("Jadi kurir/li_Profile Kurir"), 0): Object 'Object Repository/Jadi kurir/li_Profile Kurir' is present

2023-10-03 14:00:18 - [MESSAGE][WARNING] - Timeout '0' is invalid. Using default page load timeout: '30'

2023-10-03 14:00:19 - [MESSAGE][PASSED] - Object 'Object Repository/Jadi kurir/li_Profile Kurir' is present

2023-10-03 14:00:19 - [TEST_STEP][PASSED] - selectOptionByValue(findTestObject("Jadi kurir/select_- Pilih Kendaraan -Roda 2Roda 4"), Jenis, false): All options with value '2' are selected in object 'Object Repository/Jadi kurir/select_- Pilih Kendaraan -Roda 2Roda 4' 

2023-10-03 14:00:20 - [MESSAGE][PASSED] - All options with value '2' are selected in object 'Object Repository/Jadi kurir/select_- Pilih Kendaraan -Roda 2Roda 4' 

2023-10-03 14:00:20 - [TEST_STEP][PASSED] - clearText(findTestObject("Jadi kurir/input_Merek Kendaraan")): Text of object 'Object Repository/Jadi kurir/input_Merek Kendaraan' is cleared

2023-10-03 14:00:20 - [MESSAGE][PASSED] - Text of object 'Object Repository/Jadi kurir/input_Merek Kendaraan' is cleared

2023-10-03 14:00:20 - [TEST_STEP][PASSED] - setText(findTestObject("Jadi kurir/input_Plat Nomor"), Plat_Nomor): Text 'AB 1 S' is set on object 'Object Repository/Jadi kurir/input_Plat Nomor'

2023-10-03 14:00:21 - [MESSAGE][PASSED] - Text 'AB 1 S' is set on object 'Object Repository/Jadi kurir/input_Plat Nomor'

2023-10-03 14:00:21 - [TEST_STEP][PASSED] - setText(findTestObject("Jadi kurir/textarea_Keterangan"), Keterangan): Text 'mau daftar dong bang' is set on object 'Object Repository/Jadi kurir/textarea_Keterangan'

2023-10-03 14:00:21 - [MESSAGE][PASSED] - Text 'mau daftar dong bang' is set on object 'Object Repository/Jadi kurir/textarea_Keterangan'

2023-10-03 14:00:21 - [TEST_STEP][PASSED] - uploadFile(findTestObject("Jadi kurir/input_Choose files_uploadFile"), "C:\Users\IRFAN\Downloads\KTP.jpg"): File 'C:\Users\IRFAN\Downloads\KTP.jpg' sent to object: 'Object Repository/Jadi kurir/input_Choose files_uploadFile'

2023-10-03 14:00:22 - [MESSAGE][PASSED] - File 'C:\Users\IRFAN\Downloads\KTP.jpg' sent to object: 'Object Repository/Jadi kurir/input_Choose files_uploadFile'

2023-10-03 14:00:22 - [TEST_STEP][PASSED] - click(findTestObject("Jadi kurir/button_Simpan Perubahan")): Object: 'Object Repository/Jadi kurir/button_Simpan Perubahan' is clicked on

2023-10-03 14:00:23 - [MESSAGE][PASSED] - Object: 'Object Repository/Jadi kurir/button_Simpan Perubahan' is clicked on

2023-10-03 14:00:23 - [TEST_STEP][PASSED] - webDriver = getWebDriver(): null

2023-10-03 14:00:23 - [TEST_STEP][PASSED] - Merek = webDriver.findElement(By.xpath("//input[@name="merek"]")): null

2023-10-03 14:00:23 - [TEST_STEP][PASSED] - error_message = webDriver.executeScript("return arguments[0].validationMessage", Merek): null

2023-10-03 14:00:23 - [TEST_STEP][PASSED] - println(error_message): null

2023-10-03 14:00:23 - [TEST_STEP][PASSED] - assert error_message == "Please fill out this field.": null]]></system-out>
         <system-err><![CDATA[]]></system-err>
      </testcase>
      <testcase name="Test Cases/T05 Jadi Kurir/JK-005" time="23.828" classname="Test Cases/T05 Jadi Kurir/JK-005" status="FAILED">
         <failure type="FAILED" message="Test Cases/T05 Jadi Kurir/JK-005 FAILED.
Reason:
com.kms.katalon.core.exception.StepFailedException: Unable to verify text 'Please fill in the correct column.' is present 
	at com.kms.katalon.core.webui.keyword.internal.WebUIKeywordMain.stepFailed(WebUIKeywordMain.groovy:64)
	at com.kms.katalon.core.webui.keyword.internal.WebUIKeywordMain.runKeyword(WebUIKeywordMain.groovy:26)
	at com.kms.katalon.core.webui.keyword.builtin.VerifyTextPresentKeyword.verifyTextPresent(VerifyTextPresentKeyword.groovy:83)
	at com.kms.katalon.core.webui.keyword.builtin.VerifyTextPresentKeyword.execute(VerifyTextPresentKeyword.groovy:68)
	at com.kms.katalon.core.keyword.internal.KeywordExecutor.executeKeywordForPlatform(KeywordExecutor.groovy:74)
	at com.kms.katalon.core.webui.keyword.WebUiBuiltInKeywords.verifyTextPresent(WebUiBuiltInKeywords.groovy:1723)
	at com.kms.katalon.core.webui.keyword.WebUiBuiltInKeywords$verifyTextPresent$11.call(Unknown Source)
	at JK-005.run(JK-005:42)
	at com.kms.katalon.core.main.ScriptEngine.run(ScriptEngine.java:194)
	at com.kms.katalon.core.main.ScriptEngine.runScriptAsRawText(ScriptEngine.java:119)
	at com.kms.katalon.core.main.TestCaseExecutor.runScript(TestCaseExecutor.java:448)
	at com.kms.katalon.core.main.TestCaseExecutor.doExecute(TestCaseExecutor.java:439)
	at com.kms.katalon.core.main.TestCaseExecutor.processExecutionPhase(TestCaseExecutor.java:418)
	at com.kms.katalon.core.main.TestCaseExecutor.accessMainPhase(TestCaseExecutor.java:410)
	at com.kms.katalon.core.main.TestCaseExecutor.execute(TestCaseExecutor.java:285)
	at com.kms.katalon.core.common.CommonExecutor.accessTestCaseMainPhase(CommonExecutor.java:65)
	at com.kms.katalon.core.main.TestSuiteExecutor.accessTestSuiteMainPhase(TestSuiteExecutor.java:148)
	at com.kms.katalon.core.main.TestSuiteExecutor.execute(TestSuiteExecutor.java:106)
	at com.kms.katalon.core.main.TestCaseMain.startTestSuite(TestCaseMain.java:187)
	at com.kms.katalon.core.main.TestCaseMain$startTestSuite$0.call(Unknown Source)
	at TempTestSuite1696316330175.run(TempTestSuite1696316330175.groovy:36)
Caused by: com.kms.katalon.core.exception.StepFailedException: Text 'Please fill in the correct column.' is not present on page 
	at com.kms.katalon.core.webui.keyword.internal.WebUIKeywordMain.stepFailed(WebUIKeywordMain.groovy:64)
	at com.kms.katalon.core.webui.keyword.builtin.VerifyTextPresentKeyword$_verifyTextPresent_closure1.doCall(VerifyTextPresentKeyword.groovy:79)
	at com.kms.katalon.core.webui.keyword.builtin.VerifyTextPresentKeyword$_verifyTextPresent_closure1.call(VerifyTextPresentKeyword.groovy)
	at com.kms.katalon.core.webui.keyword.internal.WebUIKeywordMain.runKeyword(WebUIKeywordMain.groovy:20)
	... 19 more
"/>
         <system-out><![CDATA[2023-10-03 14:00:23 - [TEST_CASE][FAILED] - Test Cases/T05 Jadi Kurir/JK-005: Test Cases/T05 Jadi Kurir/JK-005 FAILED.
Reason:
com.kms.katalon.core.exception.StepFailedException: Unable to verify text 'Please fill in the correct column.' is present 
	at com.kms.katalon.core.webui.keyword.internal.WebUIKeywordMain.stepFailed(WebUIKeywordMain.groovy:64)
	at com.kms.katalon.core.webui.keyword.internal.WebUIKeywordMain.runKeyword(WebUIKeywordMain.groovy:26)
	at com.kms.katalon.core.webui.keyword.builtin.VerifyTextPresentKeyword.verifyTextPresent(VerifyTextPresentKeyword.groovy:83)
	at com.kms.katalon.core.webui.keyword.builtin.VerifyTextPresentKeyword.execute(VerifyTextPresentKeyword.groovy:68)
	at com.kms.katalon.core.keyword.internal.KeywordExecutor.executeKeywordForPlatform(KeywordExecutor.groovy:74)
	at com.kms.katalon.core.webui.keyword.WebUiBuiltInKeywords.verifyTextPresent(WebUiBuiltInKeywords.groovy:1723)
	at com.kms.katalon.core.webui.keyword.WebUiBuiltInKeywords$verifyTextPresent$11.call(Unknown Source)
	at JK-005.run(JK-005:42)
	at com.kms.katalon.core.main.ScriptEngine.run(ScriptEngine.java:194)
	at com.kms.katalon.core.main.ScriptEngine.runScriptAsRawText(ScriptEngine.java:119)
	at com.kms.katalon.core.main.TestCaseExecutor.runScript(TestCaseExecutor.java:448)
	at com.kms.katalon.core.main.TestCaseExecutor.doExecute(TestCaseExecutor.java:439)
	at com.kms.katalon.core.main.TestCaseExecutor.processExecutionPhase(TestCaseExecutor.java:418)
	at com.kms.katalon.core.main.TestCaseExecutor.accessMainPhase(TestCaseExecutor.java:410)
	at com.kms.katalon.core.main.TestCaseExecutor.execute(TestCaseExecutor.java:285)
	at com.kms.katalon.core.common.CommonExecutor.accessTestCaseMainPhase(CommonExecutor.java:65)
	at com.kms.katalon.core.main.TestSuiteExecutor.accessTestSuiteMainPhase(TestSuiteExecutor.java:148)
	at com.kms.katalon.core.main.TestSuiteExecutor.execute(TestSuiteExecutor.java:106)
	at com.kms.katalon.core.main.TestCaseMain.startTestSuite(TestCaseMain.java:187)
	at com.kms.katalon.core.main.TestCaseMain$startTestSuite$0.call(Unknown Source)
	at TempTestSuite1696316330175.run(TempTestSuite1696316330175.groovy:36)
Caused by: com.kms.katalon.core.exception.StepFailedException: Text 'Please fill in the correct column.' is not present on page 
	at com.kms.katalon.core.webui.keyword.internal.WebUIKeywordMain.stepFailed(WebUIKeywordMain.groovy:64)
	at com.kms.katalon.core.webui.keyword.builtin.VerifyTextPresentKeyword$_verifyTextPresent_closure1.doCall(VerifyTextPresentKeyword.groovy:79)
	at com.kms.katalon.core.webui.keyword.builtin.VerifyTextPresentKeyword$_verifyTextPresent_closure1.call(VerifyTextPresentKeyword.groovy)
	at com.kms.katalon.core.webui.keyword.internal.WebUIKeywordMain.runKeyword(WebUIKeywordMain.groovy:20)
	... 19 more


2023-10-03 14:00:24 - [TEST_STEP][PASSED] - callTestCase(findTestCase("T05 Jadi Kurir/JK-001"), [:], STOP_ON_FAILURE): Call Test Case 'Test Cases/T05 Jadi Kurir/JK-001' successfully

2023-10-03 14:00:24 - [TEST_CASE][PASSED] - Test Cases/T05 Jadi Kurir/JK-001: Test Cases/T05 Jadi Kurir/JK-001

2023-10-03 14:00:24 - [TEST_STEP][PASSED] - callTestCase(findTestCase("T05 Jadi Kurir/LU-001"), ["username":"irfanafandi", "password":"12345irfan"], STOP_ON_FAILURE): Call Test Case 'Test Cases/T05 Jadi Kurir/LU-001' successfully

2023-10-03 14:00:24 - [TEST_CASE][PASSED] - Test Cases/T05 Jadi Kurir/LU-001: Test Cases/T05 Jadi Kurir/LU-001

2023-10-03 14:00:24 - [TEST_STEP][PASSED] - openBrowser("https://10.9.2.63/ecommerce/"): Browser is opened with url: 'https://10.9.2.63/ecommerce/'

2023-10-03 14:00:24 - [MESSAGE][WARNING] - A browser is already opened. Closing browser and opening a new one

2023-10-03 14:00:25 - [MESSAGE][INFO] - Starting 'Firefox' driver

2023-10-03 14:00:25 - [MESSAGE][INFO] - User set preference: ['args', '[--disable-notifications]']

2023-10-03 14:00:25 - [MESSAGE][INFO] - Action delay is set to 0 milliseconds

2023-10-03 14:00:31 - [MESSAGE][PASSED] - Browser is opened with url: 'https://10.9.2.63/ecommerce/'

2023-10-03 14:00:31 - [TEST_STEP][PASSED] - maximizeWindow(): Current window maximized

2023-10-03 14:00:31 - [MESSAGE][PASSED] - Current window maximized

2023-10-03 14:00:31 - [TEST_STEP][PASSED] - verifyElementPresent(findTestObject("Login/Home"), 0): Object 'Object Repository/Login/Home' is present

2023-10-03 14:00:32 - [MESSAGE][WARNING] - Timeout '0' is invalid. Using default page load timeout: '30'

2023-10-03 14:00:32 - [MESSAGE][PASSED] - Object 'Object Repository/Login/Home' is present

2023-10-03 14:00:32 - [TEST_STEP][PASSED] - click(findTestObject("Login/a_Login")): Object: 'Object Repository/Login/a_Login' is clicked on

2023-10-03 14:00:33 - [MESSAGE][PASSED] - Object: 'Object Repository/Login/a_Login' is clicked on

2023-10-03 14:00:33 - [TEST_STEP][PASSED] - verifyElementPresent(findTestObject("Login/Tittle Login"), 0): Object 'Object Repository/Login/Tittle Login' is present

2023-10-03 14:00:33 - [MESSAGE][WARNING] - Timeout '0' is invalid. Using default page load timeout: '30'

2023-10-03 14:00:33 - [MESSAGE][PASSED] - Object 'Object Repository/Login/Tittle Login' is present

2023-10-03 14:00:33 - [TEST_STEP][PASSED] - setText(findTestObject("Login/input_Username, Email atau No. Handphone_a"), username): Text 'irfanafandi' is set on object 'Object Repository/Login/input_Username, Email atau No. Handphone_a'

2023-10-03 14:00:34 - [MESSAGE][PASSED] - Text 'irfanafandi' is set on object 'Object Repository/Login/input_Username, Email atau No. Handphone_a'

2023-10-03 14:00:34 - [TEST_STEP][PASSED] - setText(findTestObject("Login/input_Password_b"), password): Text '12345irfan' is set on object 'Object Repository/Login/input_Password_b'

2023-10-03 14:00:34 - [MESSAGE][PASSED] - Text '12345irfan' is set on object 'Object Repository/Login/input_Password_b'

2023-10-03 14:00:34 - [TEST_STEP][PASSED] - click(findTestObject("Login/label_Ingat saya")): Object: 'Object Repository/Login/label_Ingat saya' is clicked on

2023-10-03 14:00:35 - [MESSAGE][PASSED] - Object: 'Object Repository/Login/label_Ingat saya' is clicked on

2023-10-03 14:00:35 - [TEST_STEP][PASSED] - click(findTestObject("Login/button_Masuk")): Object: 'Object Repository/Login/button_Masuk' is clicked on

2023-10-03 14:00:36 - [MESSAGE][PASSED] - Object: 'Object Repository/Login/button_Masuk' is clicked on

2023-10-03 14:00:36 - [TEST_STEP][PASSED] - verifyElementPresent(findTestObject("Login/li_Profile"), 0): Object 'Object Repository/Login/li_Profile' is present

2023-10-03 14:00:36 - [MESSAGE][WARNING] - Timeout '0' is invalid. Using default page load timeout: '30'

2023-10-03 14:00:37 - [MESSAGE][PASSED] - Object 'Object Repository/Login/li_Profile' is present

2023-10-03 14:00:37 - [MESSAGE][PASSED] - Call Test Case 'Test Cases/T05 Jadi Kurir/LU-001' successfully

2023-10-03 14:00:37 - [TEST_STEP][PASSED] - click(findTestObject("Jadi kurir/a_Jadi Kurir")): Object: 'Object Repository/Jadi kurir/a_Jadi Kurir' is clicked on

2023-10-03 14:00:38 - [MESSAGE][PASSED] - Object: 'Object Repository/Jadi kurir/a_Jadi Kurir' is clicked on

2023-10-03 14:00:38 - [TEST_STEP][PASSED] - verifyElementPresent(findTestObject("Jadi kurir/li_Profile Kurir"), 0): Object 'Object Repository/Jadi kurir/li_Profile Kurir' is present

2023-10-03 14:00:38 - [MESSAGE][WARNING] - Timeout '0' is invalid. Using default page load timeout: '30'

2023-10-03 14:00:39 - [MESSAGE][PASSED] - Object 'Object Repository/Jadi kurir/li_Profile Kurir' is present

2023-10-03 14:00:39 - [MESSAGE][PASSED] - Call Test Case 'Test Cases/T05 Jadi Kurir/JK-001' successfully

2023-10-03 14:00:39 - [TEST_STEP][PASSED] - click(findTestObject("Jadi kurir/a_Daftar  Edit Data")): Object: 'Object Repository/Jadi kurir/a_Daftar  Edit Data' is clicked on

2023-10-03 14:00:40 - [MESSAGE][PASSED] - Object: 'Object Repository/Jadi kurir/a_Daftar  Edit Data' is clicked on

2023-10-03 14:00:40 - [TEST_STEP][PASSED] - verifyElementPresent(findTestObject("Jadi kurir/li_Profile Kurir"), 0): Object 'Object Repository/Jadi kurir/li_Profile Kurir' is present

2023-10-03 14:00:40 - [MESSAGE][WARNING] - Timeout '0' is invalid. Using default page load timeout: '30'

2023-10-03 14:00:40 - [MESSAGE][PASSED] - Object 'Object Repository/Jadi kurir/li_Profile Kurir' is present

2023-10-03 14:00:40 - [TEST_STEP][PASSED] - selectOptionByValue(findTestObject("Jadi kurir/select_- Pilih Kendaraan -Roda 2Roda 4"), Jenis, false): All options with value '2' are selected in object 'Object Repository/Jadi kurir/select_- Pilih Kendaraan -Roda 2Roda 4' 

2023-10-03 14:00:41 - [MESSAGE][PASSED] - All options with value '2' are selected in object 'Object Repository/Jadi kurir/select_- Pilih Kendaraan -Roda 2Roda 4' 

2023-10-03 14:00:41 - [TEST_STEP][PASSED] - setText(findTestObject("Jadi kurir/input_Merek Kendaraan"), Merek_Kendaraan): Text '@@' is set on object 'Object Repository/Jadi kurir/input_Merek Kendaraan'

2023-10-03 14:00:42 - [MESSAGE][PASSED] - Text '@@' is set on object 'Object Repository/Jadi kurir/input_Merek Kendaraan'

2023-10-03 14:00:42 - [TEST_STEP][PASSED] - setText(findTestObject("Jadi kurir/input_Plat Nomor"), Plat_Nomor): Text 'AB 1 S' is set on object 'Object Repository/Jadi kurir/input_Plat Nomor'

2023-10-03 14:00:43 - [MESSAGE][PASSED] - Text 'AB 1 S' is set on object 'Object Repository/Jadi kurir/input_Plat Nomor'

2023-10-03 14:00:43 - [TEST_STEP][PASSED] - setText(findTestObject("Jadi kurir/textarea_Keterangan"), Keterangan): Text 'mau daftar dong bang' is set on object 'Object Repository/Jadi kurir/textarea_Keterangan'

2023-10-03 14:00:44 - [MESSAGE][PASSED] - Text 'mau daftar dong bang' is set on object 'Object Repository/Jadi kurir/textarea_Keterangan'

2023-10-03 14:00:44 - [TEST_STEP][PASSED] - uploadFile(findTestObject("Jadi kurir/input_Choose files_uploadFile"), Berkas): File 'C:\Users\IRFAN\Downloads\Berkas2.pdf' sent to object: 'Object Repository/Jadi kurir/input_Choose files_uploadFile'

2023-10-03 14:00:44 - [MESSAGE][PASSED] - File 'C:\Users\IRFAN\Downloads\Berkas2.pdf' sent to object: 'Object Repository/Jadi kurir/input_Choose files_uploadFile'

2023-10-03 14:00:44 - [TEST_STEP][PASSED] - click(findTestObject("Jadi kurir/button_Simpan Perubahan")): Object: 'Object Repository/Jadi kurir/button_Simpan Perubahan' is clicked on

2023-10-03 14:00:46 - [MESSAGE][PASSED] - Object: 'Object Repository/Jadi kurir/button_Simpan Perubahan' is clicked on

2023-10-03 14:00:46 - [TEST_STEP][FAILED] - verifyTextPresent("Please fill in the correct column.", false): Unable to verify text 'Please fill in the correct column.' is present  (Root cause: com.kms.katalon.core.exception.StepFailedException: Unable to verify text 'Please fill in the correct column.' is present 
	at com.kms.katalon.core.webui.keyword.internal.WebUIKeywordMain.stepFailed(WebUIKeywordMain.groovy:64)
	at com.kms.katalon.core.webui.keyword.internal.WebUIKeywordMain.runKeyword(WebUIKeywordMain.groovy:26)
	at com.kms.katalon.core.webui.keyword.builtin.VerifyTextPresentKeyword.verifyTextPresent(VerifyTextPresentKeyword.groovy:83)
	at com.kms.katalon.core.webui.keyword.builtin.VerifyTextPresentKeyword.execute(VerifyTextPresentKeyword.groovy:68)
	at com.kms.katalon.core.keyword.internal.KeywordExecutor.executeKeywordForPlatform(KeywordExecutor.groovy:74)
	at com.kms.katalon.core.webui.keyword.WebUiBuiltInKeywords.verifyTextPresent(WebUiBuiltInKeywords.groovy:1723)
	at com.kms.katalon.core.webui.keyword.WebUiBuiltInKeywords$verifyTextPresent$11.call(Unknown Source)
	at JK-005.run(JK-005:42)
	at com.kms.katalon.core.main.ScriptEngine.run(ScriptEngine.java:194)
	at com.kms.katalon.core.main.ScriptEngine.runScriptAsRawText(ScriptEngine.java:119)
	at com.kms.katalon.core.main.TestCaseExecutor.runScript(TestCaseExecutor.java:448)
	at com.kms.katalon.core.main.TestCaseExecutor.doExecute(TestCaseExecutor.java:439)
	at com.kms.katalon.core.main.TestCaseExecutor.processExecutionPhase(TestCaseExecutor.java:418)
	at com.kms.katalon.core.main.TestCaseExecutor.accessMainPhase(TestCaseExecutor.java:410)
	at com.kms.katalon.core.main.TestCaseExecutor.execute(TestCaseExecutor.java:285)
	at com.kms.katalon.core.common.CommonExecutor.accessTestCaseMainPhase(CommonExecutor.java:65)
	at com.kms.katalon.core.main.TestSuiteExecutor.accessTestSuiteMainPhase(TestSuiteExecutor.java:148)
	at com.kms.katalon.core.main.TestSuiteExecutor.execute(TestSuiteExecutor.java:106)
	at com.kms.katalon.core.main.TestCaseMain.startTestSuite(TestCaseMain.java:187)
	at com.kms.katalon.core.main.TestCaseMain$startTestSuite$0.call(Unknown Source)
	at TempTestSuite1696316330175.run(TempTestSuite1696316330175.groovy:36)
Caused by: com.kms.katalon.core.exception.StepFailedException: Text 'Please fill in the correct column.' is not present on page 
	at com.kms.katalon.core.webui.keyword.internal.WebUIKeywordMain.stepFailed(WebUIKeywordMain.groovy:64)
	at com.kms.katalon.core.webui.keyword.builtin.VerifyTextPresentKeyword$_verifyTextPresent_closure1.doCall(VerifyTextPresentKeyword.groovy:79)
	at com.kms.katalon.core.webui.keyword.builtin.VerifyTextPresentKeyword$_verifyTextPresent_closure1.call(VerifyTextPresentKeyword.groovy)
	at com.kms.katalon.core.webui.keyword.internal.WebUIKeywordMain.runKeyword(WebUIKeywordMain.groovy:20)
	... 19 more
)

2023-10-03 14:00:47 - [MESSAGE][FAILED] - Text 'Please fill in the correct column.' is not present on page  (Root cause: com.kms.katalon.core.exception.StepFailedException: Text 'Please fill in the correct column.' is not present on page 
	at com.kms.katalon.core.webui.keyword.internal.WebUIKeywordMain.stepFailed(WebUIKeywordMain.groovy:64)
	at com.kms.katalon.core.webui.keyword.builtin.VerifyTextPresentKeyword$_verifyTextPresent_closure1.doCall(VerifyTextPresentKeyword.groovy:79)
	at com.kms.katalon.core.webui.keyword.builtin.VerifyTextPresentKeyword$_verifyTextPresent_closure1.call(VerifyTextPresentKeyword.groovy)
	at com.kms.katalon.core.webui.keyword.internal.WebUIKeywordMain.runKeyword(WebUIKeywordMain.groovy:20)
	at com.kms.katalon.core.webui.keyword.builtin.VerifyTextPresentKeyword.verifyTextPresent(VerifyTextPresentKeyword.groovy:83)
	at com.kms.katalon.core.webui.keyword.builtin.VerifyTextPresentKeyword.execute(VerifyTextPresentKeyword.groovy:68)
	at com.kms.katalon.core.keyword.internal.KeywordExecutor.executeKeywordForPlatform(KeywordExecutor.groovy:74)
	at com.kms.katalon.core.webui.keyword.WebUiBuiltInKeywords.verifyTextPresent(WebUiBuiltInKeywords.groovy:1723)
	at com.kms.katalon.core.webui.keyword.WebUiBuiltInKeywords$verifyTextPresent$11.call(Unknown Source)
	at JK-005.run(JK-005:42)
	at com.kms.katalon.core.main.ScriptEngine.run(ScriptEngine.java:194)
	at com.kms.katalon.core.main.ScriptEngine.runScriptAsRawText(ScriptEngine.java:119)
	at com.kms.katalon.core.main.TestCaseExecutor.runScript(TestCaseExecutor.java:448)
	at com.kms.katalon.core.main.TestCaseExecutor.doExecute(TestCaseExecutor.java:439)
	at com.kms.katalon.core.main.TestCaseExecutor.processExecutionPhase(TestCaseExecutor.java:418)
	at com.kms.katalon.core.main.TestCaseExecutor.accessMainPhase(TestCaseExecutor.java:410)
	at com.kms.katalon.core.main.TestCaseExecutor.execute(TestCaseExecutor.java:285)
	at com.kms.katalon.core.common.CommonExecutor.accessTestCaseMainPhase(CommonExecutor.java:65)
	at com.kms.katalon.core.main.TestSuiteExecutor.accessTestSuiteMainPhase(TestSuiteExecutor.java:148)
	at com.kms.katalon.core.main.TestSuiteExecutor.execute(TestSuiteExecutor.java:106)
	at com.kms.katalon.core.main.TestCaseMain.startTestSuite(TestCaseMain.java:187)
	at com.kms.katalon.core.main.TestCaseMain$startTestSuite$0.call(Unknown Source)
	at TempTestSuite1696316330175.run(TempTestSuite1696316330175.groovy:36)
)

2023-10-03 14:00:47 - [MESSAGE][FAILED] - Unable to verify text 'Please fill in the correct column.' is present  (Root cause: com.kms.katalon.core.exception.StepFailedException: Unable to verify text 'Please fill in the correct column.' is present 
	at com.kms.katalon.core.webui.keyword.internal.WebUIKeywordMain.stepFailed(WebUIKeywordMain.groovy:64)
	at com.kms.katalon.core.webui.keyword.internal.WebUIKeywordMain.runKeyword(WebUIKeywordMain.groovy:26)
	at com.kms.katalon.core.webui.keyword.builtin.VerifyTextPresentKeyword.verifyTextPresent(VerifyTextPresentKeyword.groovy:83)
	at com.kms.katalon.core.webui.keyword.builtin.VerifyTextPresentKeyword.execute(VerifyTextPresentKeyword.groovy:68)
	at com.kms.katalon.core.keyword.internal.KeywordExecutor.executeKeywordForPlatform(KeywordExecutor.groovy:74)
	at com.kms.katalon.core.webui.keyword.WebUiBuiltInKeywords.verifyTextPresent(WebUiBuiltInKeywords.groovy:1723)
	at com.kms.katalon.core.webui.keyword.WebUiBuiltInKeywords$verifyTextPresent$11.call(Unknown Source)
	at JK-005.run(JK-005:42)
	at com.kms.katalon.core.main.ScriptEngine.run(ScriptEngine.java:194)
	at com.kms.katalon.core.main.ScriptEngine.runScriptAsRawText(ScriptEngine.java:119)
	at com.kms.katalon.core.main.TestCaseExecutor.runScript(TestCaseExecutor.java:448)
	at com.kms.katalon.core.main.TestCaseExecutor.doExecute(TestCaseExecutor.java:439)
	at com.kms.katalon.core.main.TestCaseExecutor.processExecutionPhase(TestCaseExecutor.java:418)
	at com.kms.katalon.core.main.TestCaseExecutor.accessMainPhase(TestCaseExecutor.java:410)
	at com.kms.katalon.core.main.TestCaseExecutor.execute(TestCaseExecutor.java:285)
	at com.kms.katalon.core.common.CommonExecutor.accessTestCaseMainPhase(CommonExecutor.java:65)
	at com.kms.katalon.core.main.TestSuiteExecutor.accessTestSuiteMainPhase(TestSuiteExecutor.java:148)
	at com.kms.katalon.core.main.TestSuiteExecutor.execute(TestSuiteExecutor.java:106)
	at com.kms.katalon.core.main.TestCaseMain.startTestSuite(TestCaseMain.java:187)
	at com.kms.katalon.core.main.TestCaseMain$startTestSuite$0.call(Unknown Source)
	at TempTestSuite1696316330175.run(TempTestSuite1696316330175.groovy:36)
Caused by: com.kms.katalon.core.exception.StepFailedException: Text 'Please fill in the correct column.' is not present on page 
	at com.kms.katalon.core.webui.keyword.internal.WebUIKeywordMain.stepFailed(WebUIKeywordMain.groovy:64)
	at com.kms.katalon.core.webui.keyword.builtin.VerifyTextPresentKeyword$_verifyTextPresent_closure1.doCall(VerifyTextPresentKeyword.groovy:79)
	at com.kms.katalon.core.webui.keyword.builtin.VerifyTextPresentKeyword$_verifyTextPresent_closure1.call(VerifyTextPresentKeyword.groovy)
	at com.kms.katalon.core.webui.keyword.internal.WebUIKeywordMain.runKeyword(WebUIKeywordMain.groovy:20)
	... 19 more
)
[[ATTACHMENT|D:\\BOOTCAMP XSIS\\Projek 2 MINI PROJEK\\Reports\\20231003_135850\\jadi kurir\\T05 jadi kurir\\20231003_135850\\1696316447614.png]]]]></system-out>
         <system-err><![CDATA[2023-10-03 14:00:23 - [TEST_CASE][FAILED] - Test Cases/T05 Jadi Kurir/JK-005: Test Cases/T05 Jadi Kurir/JK-005 FAILED.
Reason:
com.kms.katalon.core.exception.StepFailedException: Unable to verify text 'Please fill in the correct column.' is present 
	at com.kms.katalon.core.webui.keyword.internal.WebUIKeywordMain.stepFailed(WebUIKeywordMain.groovy:64)
	at com.kms.katalon.core.webui.keyword.internal.WebUIKeywordMain.runKeyword(WebUIKeywordMain.groovy:26)
	at com.kms.katalon.core.webui.keyword.builtin.VerifyTextPresentKeyword.verifyTextPresent(VerifyTextPresentKeyword.groovy:83)
	at com.kms.katalon.core.webui.keyword.builtin.VerifyTextPresentKeyword.execute(VerifyTextPresentKeyword.groovy:68)
	at com.kms.katalon.core.keyword.internal.KeywordExecutor.executeKeywordForPlatform(KeywordExecutor.groovy:74)
	at com.kms.katalon.core.webui.keyword.WebUiBuiltInKeywords.verifyTextPresent(WebUiBuiltInKeywords.groovy:1723)
	at com.kms.katalon.core.webui.keyword.WebUiBuiltInKeywords$verifyTextPresent$11.call(Unknown Source)
	at JK-005.run(JK-005:42)
	at com.kms.katalon.core.main.ScriptEngine.run(ScriptEngine.java:194)
	at com.kms.katalon.core.main.ScriptEngine.runScriptAsRawText(ScriptEngine.java:119)
	at com.kms.katalon.core.main.TestCaseExecutor.runScript(TestCaseExecutor.java:448)
	at com.kms.katalon.core.main.TestCaseExecutor.doExecute(TestCaseExecutor.java:439)
	at com.kms.katalon.core.main.TestCaseExecutor.processExecutionPhase(TestCaseExecutor.java:418)
	at com.kms.katalon.core.main.TestCaseExecutor.accessMainPhase(TestCaseExecutor.java:410)
	at com.kms.katalon.core.main.TestCaseExecutor.execute(TestCaseExecutor.java:285)
	at com.kms.katalon.core.common.CommonExecutor.accessTestCaseMainPhase(CommonExecutor.java:65)
	at com.kms.katalon.core.main.TestSuiteExecutor.accessTestSuiteMainPhase(TestSuiteExecutor.java:148)
	at com.kms.katalon.core.main.TestSuiteExecutor.execute(TestSuiteExecutor.java:106)
	at com.kms.katalon.core.main.TestCaseMain.startTestSuite(TestCaseMain.java:187)
	at com.kms.katalon.core.main.TestCaseMain$startTestSuite$0.call(Unknown Source)
	at TempTestSuite1696316330175.run(TempTestSuite1696316330175.groovy:36)
Caused by: com.kms.katalon.core.exception.StepFailedException: Text 'Please fill in the correct column.' is not present on page 
	at com.kms.katalon.core.webui.keyword.internal.WebUIKeywordMain.stepFailed(WebUIKeywordMain.groovy:64)
	at com.kms.katalon.core.webui.keyword.builtin.VerifyTextPresentKeyword$_verifyTextPresent_closure1.doCall(VerifyTextPresentKeyword.groovy:79)
	at com.kms.katalon.core.webui.keyword.builtin.VerifyTextPresentKeyword$_verifyTextPresent_closure1.call(VerifyTextPresentKeyword.groovy)
	at com.kms.katalon.core.webui.keyword.internal.WebUIKeywordMain.runKeyword(WebUIKeywordMain.groovy:20)
	... 19 more]]></system-err>
      </testcase>
      <testcase name="Test Cases/T05 Jadi Kurir/JK-006" time="21.682" classname="Test Cases/T05 Jadi Kurir/JK-006" status="PASSED">
         <system-out><![CDATA[2023-10-03 14:00:47 - [TEST_CASE][PASSED] - Test Cases/T05 Jadi Kurir/JK-006: Test Cases/T05 Jadi Kurir/JK-006

2023-10-03 14:00:48 - [TEST_STEP][PASSED] - callTestCase(findTestCase("T05 Jadi Kurir/JK-001"), [:], STOP_ON_FAILURE): Call Test Case 'Test Cases/T05 Jadi Kurir/JK-001' successfully

2023-10-03 14:00:48 - [TEST_CASE][PASSED] - Test Cases/T05 Jadi Kurir/JK-001: Test Cases/T05 Jadi Kurir/JK-001

2023-10-03 14:00:48 - [TEST_STEP][PASSED] - callTestCase(findTestCase("T05 Jadi Kurir/LU-001"), ["username":"irfanafandi", "password":"12345irfan"], STOP_ON_FAILURE): Call Test Case 'Test Cases/T05 Jadi Kurir/LU-001' successfully

2023-10-03 14:00:48 - [TEST_CASE][PASSED] - Test Cases/T05 Jadi Kurir/LU-001: Test Cases/T05 Jadi Kurir/LU-001

2023-10-03 14:00:48 - [TEST_STEP][PASSED] - openBrowser("https://10.9.2.63/ecommerce/"): Browser is opened with url: 'https://10.9.2.63/ecommerce/'

2023-10-03 14:00:48 - [MESSAGE][WARNING] - A browser is already opened. Closing browser and opening a new one

2023-10-03 14:00:49 - [MESSAGE][INFO] - Starting 'Firefox' driver

2023-10-03 14:00:49 - [MESSAGE][INFO] - User set preference: ['args', '[--disable-notifications]']

2023-10-03 14:00:49 - [MESSAGE][INFO] - Action delay is set to 0 milliseconds

2023-10-03 14:00:55 - [MESSAGE][PASSED] - Browser is opened with url: 'https://10.9.2.63/ecommerce/'

2023-10-03 14:00:55 - [TEST_STEP][PASSED] - maximizeWindow(): Current window maximized

2023-10-03 14:00:55 - [MESSAGE][PASSED] - Current window maximized

2023-10-03 14:00:55 - [TEST_STEP][PASSED] - verifyElementPresent(findTestObject("Login/Home"), 0): Object 'Object Repository/Login/Home' is present

2023-10-03 14:00:55 - [MESSAGE][WARNING] - Timeout '0' is invalid. Using default page load timeout: '30'

2023-10-03 14:00:55 - [MESSAGE][PASSED] - Object 'Object Repository/Login/Home' is present

2023-10-03 14:00:55 - [TEST_STEP][PASSED] - click(findTestObject("Login/a_Login")): Object: 'Object Repository/Login/a_Login' is clicked on

2023-10-03 14:00:56 - [MESSAGE][PASSED] - Object: 'Object Repository/Login/a_Login' is clicked on

2023-10-03 14:00:56 - [TEST_STEP][PASSED] - verifyElementPresent(findTestObject("Login/Tittle Login"), 0): Object 'Object Repository/Login/Tittle Login' is present

2023-10-03 14:00:56 - [MESSAGE][WARNING] - Timeout '0' is invalid. Using default page load timeout: '30'

2023-10-03 14:00:57 - [MESSAGE][PASSED] - Object 'Object Repository/Login/Tittle Login' is present

2023-10-03 14:00:57 - [TEST_STEP][PASSED] - setText(findTestObject("Login/input_Username, Email atau No. Handphone_a"), username): Text 'irfanafandi' is set on object 'Object Repository/Login/input_Username, Email atau No. Handphone_a'

2023-10-03 14:00:57 - [MESSAGE][PASSED] - Text 'irfanafandi' is set on object 'Object Repository/Login/input_Username, Email atau No. Handphone_a'

2023-10-03 14:00:57 - [TEST_STEP][PASSED] - setText(findTestObject("Login/input_Password_b"), password): Text '12345irfan' is set on object 'Object Repository/Login/input_Password_b'

2023-10-03 14:00:58 - [MESSAGE][PASSED] - Text '12345irfan' is set on object 'Object Repository/Login/input_Password_b'

2023-10-03 14:00:58 - [TEST_STEP][PASSED] - click(findTestObject("Login/label_Ingat saya")): Object: 'Object Repository/Login/label_Ingat saya' is clicked on

2023-10-03 14:00:59 - [MESSAGE][PASSED] - Object: 'Object Repository/Login/label_Ingat saya' is clicked on

2023-10-03 14:00:59 - [TEST_STEP][PASSED] - click(findTestObject("Login/button_Masuk")): Object: 'Object Repository/Login/button_Masuk' is clicked on

2023-10-03 14:01:00 - [MESSAGE][PASSED] - Object: 'Object Repository/Login/button_Masuk' is clicked on

2023-10-03 14:01:00 - [TEST_STEP][PASSED] - verifyElementPresent(findTestObject("Login/li_Profile"), 0): Object 'Object Repository/Login/li_Profile' is present

2023-10-03 14:01:00 - [MESSAGE][WARNING] - Timeout '0' is invalid. Using default page load timeout: '30'

2023-10-03 14:01:01 - [MESSAGE][PASSED] - Object 'Object Repository/Login/li_Profile' is present

2023-10-03 14:01:01 - [MESSAGE][PASSED] - Call Test Case 'Test Cases/T05 Jadi Kurir/LU-001' successfully

2023-10-03 14:01:01 - [TEST_STEP][PASSED] - click(findTestObject("Jadi kurir/a_Jadi Kurir")): Object: 'Object Repository/Jadi kurir/a_Jadi Kurir' is clicked on

2023-10-03 14:01:02 - [MESSAGE][PASSED] - Object: 'Object Repository/Jadi kurir/a_Jadi Kurir' is clicked on

2023-10-03 14:01:02 - [TEST_STEP][PASSED] - verifyElementPresent(findTestObject("Jadi kurir/li_Profile Kurir"), 0): Object 'Object Repository/Jadi kurir/li_Profile Kurir' is present

2023-10-03 14:01:02 - [MESSAGE][WARNING] - Timeout '0' is invalid. Using default page load timeout: '30'

2023-10-03 14:01:02 - [MESSAGE][PASSED] - Object 'Object Repository/Jadi kurir/li_Profile Kurir' is present

2023-10-03 14:01:02 - [MESSAGE][PASSED] - Call Test Case 'Test Cases/T05 Jadi Kurir/JK-001' successfully

2023-10-03 14:01:02 - [TEST_STEP][PASSED] - click(findTestObject("Jadi kurir/a_Daftar  Edit Data")): Object: 'Object Repository/Jadi kurir/a_Daftar  Edit Data' is clicked on

2023-10-03 14:01:03 - [MESSAGE][PASSED] - Object: 'Object Repository/Jadi kurir/a_Daftar  Edit Data' is clicked on

2023-10-03 14:01:03 - [TEST_STEP][PASSED] - verifyElementPresent(findTestObject("Jadi kurir/li_Profile Kurir"), 0): Object 'Object Repository/Jadi kurir/li_Profile Kurir' is present

2023-10-03 14:01:04 - [MESSAGE][WARNING] - Timeout '0' is invalid. Using default page load timeout: '30'

2023-10-03 14:01:04 - [MESSAGE][PASSED] - Object 'Object Repository/Jadi kurir/li_Profile Kurir' is present

2023-10-03 14:01:04 - [TEST_STEP][PASSED] - selectOptionByValue(findTestObject("Jadi kurir/select_- Pilih Kendaraan -Roda 2Roda 4"), Jenis, false): All options with value '2' are selected in object 'Object Repository/Jadi kurir/select_- Pilih Kendaraan -Roda 2Roda 4' 

2023-10-03 14:01:05 - [MESSAGE][PASSED] - All options with value '2' are selected in object 'Object Repository/Jadi kurir/select_- Pilih Kendaraan -Roda 2Roda 4' 

2023-10-03 14:01:05 - [TEST_STEP][PASSED] - setText(findTestObject("Jadi kurir/input_Merek Kendaraan"), Merek_Kendaraan): Text 'toyota supra' is set on object 'Object Repository/Jadi kurir/input_Merek Kendaraan'

2023-10-03 14:01:06 - [MESSAGE][PASSED] - Text 'toyota supra' is set on object 'Object Repository/Jadi kurir/input_Merek Kendaraan'

2023-10-03 14:01:06 - [TEST_STEP][PASSED] - clearText(findTestObject("Jadi kurir/input_Plat Nomor"), STOP_ON_FAILURE): Text of object 'Object Repository/Jadi kurir/input_Plat Nomor' is cleared

2023-10-03 14:01:06 - [MESSAGE][PASSED] - Text of object 'Object Repository/Jadi kurir/input_Plat Nomor' is cleared

2023-10-03 14:01:06 - [TEST_STEP][PASSED] - setText(findTestObject("Jadi kurir/textarea_Keterangan"), Keterangan): Text 'mau daftar dong bang' is set on object 'Object Repository/Jadi kurir/textarea_Keterangan'

2023-10-03 14:01:07 - [MESSAGE][PASSED] - Text 'mau daftar dong bang' is set on object 'Object Repository/Jadi kurir/textarea_Keterangan'

2023-10-03 14:01:07 - [TEST_STEP][PASSED] - uploadFile(findTestObject("Jadi kurir/input_Choose files_uploadFile"), Berkas): File 'C:\Users\IRFAN\Downloads\Berkas2.pdf' sent to object: 'Object Repository/Jadi kurir/input_Choose files_uploadFile'

2023-10-03 14:01:07 - [MESSAGE][PASSED] - File 'C:\Users\IRFAN\Downloads\Berkas2.pdf' sent to object: 'Object Repository/Jadi kurir/input_Choose files_uploadFile'

2023-10-03 14:01:07 - [TEST_STEP][PASSED] - click(findTestObject("Jadi kurir/button_Simpan Perubahan")): Object: 'Object Repository/Jadi kurir/button_Simpan Perubahan' is clicked on

2023-10-03 14:01:08 - [MESSAGE][PASSED] - Object: 'Object Repository/Jadi kurir/button_Simpan Perubahan' is clicked on

2023-10-03 14:01:08 - [TEST_STEP][PASSED] - webDriver = getWebDriver(): null

2023-10-03 14:01:08 - [TEST_STEP][PASSED] - Plat = webDriver.findElement(By.xpath("//input[@name="plat_nomor"]")): null

2023-10-03 14:01:09 - [TEST_STEP][PASSED] - error_message = webDriver.executeScript("return arguments[0].validationMessage", Plat): null

2023-10-03 14:01:09 - [TEST_STEP][PASSED] - println(error_message): null

2023-10-03 14:01:09 - [TEST_STEP][PASSED] - assert error_message == "Please fill out this field.": null]]></system-out>
         <system-err><![CDATA[]]></system-err>
      </testcase>
      <testcase name="Test Cases/T05 Jadi Kurir/JK-007" time="23.157" classname="Test Cases/T05 Jadi Kurir/JK-007" status="FAILED">
         <failure type="FAILED" message="Test Cases/T05 Jadi Kurir/JK-007 FAILED.
Reason:
com.kms.katalon.core.exception.StepFailedException: Unable to verify text 'Please fill in the correct column.' is present 
	at com.kms.katalon.core.webui.keyword.internal.WebUIKeywordMain.stepFailed(WebUIKeywordMain.groovy:64)
	at com.kms.katalon.core.webui.keyword.internal.WebUIKeywordMain.runKeyword(WebUIKeywordMain.groovy:26)
	at com.kms.katalon.core.webui.keyword.builtin.VerifyTextPresentKeyword.verifyTextPresent(VerifyTextPresentKeyword.groovy:83)
	at com.kms.katalon.core.webui.keyword.builtin.VerifyTextPresentKeyword.execute(VerifyTextPresentKeyword.groovy:68)
	at com.kms.katalon.core.keyword.internal.KeywordExecutor.executeKeywordForPlatform(KeywordExecutor.groovy:74)
	at com.kms.katalon.core.webui.keyword.WebUiBuiltInKeywords.verifyTextPresent(WebUiBuiltInKeywords.groovy:1723)
	at com.kms.katalon.core.webui.keyword.WebUiBuiltInKeywords$verifyTextPresent$11.call(Unknown Source)
	at JK-007.run(JK-007:42)
	at com.kms.katalon.core.main.ScriptEngine.run(ScriptEngine.java:194)
	at com.kms.katalon.core.main.ScriptEngine.runScriptAsRawText(ScriptEngine.java:119)
	at com.kms.katalon.core.main.TestCaseExecutor.runScript(TestCaseExecutor.java:448)
	at com.kms.katalon.core.main.TestCaseExecutor.doExecute(TestCaseExecutor.java:439)
	at com.kms.katalon.core.main.TestCaseExecutor.processExecutionPhase(TestCaseExecutor.java:418)
	at com.kms.katalon.core.main.TestCaseExecutor.accessMainPhase(TestCaseExecutor.java:410)
	at com.kms.katalon.core.main.TestCaseExecutor.execute(TestCaseExecutor.java:285)
	at com.kms.katalon.core.common.CommonExecutor.accessTestCaseMainPhase(CommonExecutor.java:65)
	at com.kms.katalon.core.main.TestSuiteExecutor.accessTestSuiteMainPhase(TestSuiteExecutor.java:148)
	at com.kms.katalon.core.main.TestSuiteExecutor.execute(TestSuiteExecutor.java:106)
	at com.kms.katalon.core.main.TestCaseMain.startTestSuite(TestCaseMain.java:187)
	at com.kms.katalon.core.main.TestCaseMain$startTestSuite$0.call(Unknown Source)
	at TempTestSuite1696316330175.run(TempTestSuite1696316330175.groovy:36)
Caused by: com.kms.katalon.core.exception.StepFailedException: Text 'Please fill in the correct column.' is not present on page 
	at com.kms.katalon.core.webui.keyword.internal.WebUIKeywordMain.stepFailed(WebUIKeywordMain.groovy:64)
	at com.kms.katalon.core.webui.keyword.builtin.VerifyTextPresentKeyword$_verifyTextPresent_closure1.doCall(VerifyTextPresentKeyword.groovy:79)
	at com.kms.katalon.core.webui.keyword.builtin.VerifyTextPresentKeyword$_verifyTextPresent_closure1.call(VerifyTextPresentKeyword.groovy)
	at com.kms.katalon.core.webui.keyword.internal.WebUIKeywordMain.runKeyword(WebUIKeywordMain.groovy:20)
	... 19 more
"/>
         <system-out><![CDATA[2023-10-03 14:01:09 - [TEST_CASE][FAILED] - Test Cases/T05 Jadi Kurir/JK-007: Test Cases/T05 Jadi Kurir/JK-007 FAILED.
Reason:
com.kms.katalon.core.exception.StepFailedException: Unable to verify text 'Please fill in the correct column.' is present 
	at com.kms.katalon.core.webui.keyword.internal.WebUIKeywordMain.stepFailed(WebUIKeywordMain.groovy:64)
	at com.kms.katalon.core.webui.keyword.internal.WebUIKeywordMain.runKeyword(WebUIKeywordMain.groovy:26)
	at com.kms.katalon.core.webui.keyword.builtin.VerifyTextPresentKeyword.verifyTextPresent(VerifyTextPresentKeyword.groovy:83)
	at com.kms.katalon.core.webui.keyword.builtin.VerifyTextPresentKeyword.execute(VerifyTextPresentKeyword.groovy:68)
	at com.kms.katalon.core.keyword.internal.KeywordExecutor.executeKeywordForPlatform(KeywordExecutor.groovy:74)
	at com.kms.katalon.core.webui.keyword.WebUiBuiltInKeywords.verifyTextPresent(WebUiBuiltInKeywords.groovy:1723)
	at com.kms.katalon.core.webui.keyword.WebUiBuiltInKeywords$verifyTextPresent$11.call(Unknown Source)
	at JK-007.run(JK-007:42)
	at com.kms.katalon.core.main.ScriptEngine.run(ScriptEngine.java:194)
	at com.kms.katalon.core.main.ScriptEngine.runScriptAsRawText(ScriptEngine.java:119)
	at com.kms.katalon.core.main.TestCaseExecutor.runScript(TestCaseExecutor.java:448)
	at com.kms.katalon.core.main.TestCaseExecutor.doExecute(TestCaseExecutor.java:439)
	at com.kms.katalon.core.main.TestCaseExecutor.processExecutionPhase(TestCaseExecutor.java:418)
	at com.kms.katalon.core.main.TestCaseExecutor.accessMainPhase(TestCaseExecutor.java:410)
	at com.kms.katalon.core.main.TestCaseExecutor.execute(TestCaseExecutor.java:285)
	at com.kms.katalon.core.common.CommonExecutor.accessTestCaseMainPhase(CommonExecutor.java:65)
	at com.kms.katalon.core.main.TestSuiteExecutor.accessTestSuiteMainPhase(TestSuiteExecutor.java:148)
	at com.kms.katalon.core.main.TestSuiteExecutor.execute(TestSuiteExecutor.java:106)
	at com.kms.katalon.core.main.TestCaseMain.startTestSuite(TestCaseMain.java:187)
	at com.kms.katalon.core.main.TestCaseMain$startTestSuite$0.call(Unknown Source)
	at TempTestSuite1696316330175.run(TempTestSuite1696316330175.groovy:36)
Caused by: com.kms.katalon.core.exception.StepFailedException: Text 'Please fill in the correct column.' is not present on page 
	at com.kms.katalon.core.webui.keyword.internal.WebUIKeywordMain.stepFailed(WebUIKeywordMain.groovy:64)
	at com.kms.katalon.core.webui.keyword.builtin.VerifyTextPresentKeyword$_verifyTextPresent_closure1.doCall(VerifyTextPresentKeyword.groovy:79)
	at com.kms.katalon.core.webui.keyword.builtin.VerifyTextPresentKeyword$_verifyTextPresent_closure1.call(VerifyTextPresentKeyword.groovy)
	at com.kms.katalon.core.webui.keyword.internal.WebUIKeywordMain.runKeyword(WebUIKeywordMain.groovy:20)
	... 19 more


2023-10-03 14:01:09 - [TEST_STEP][PASSED] - callTestCase(findTestCase("T05 Jadi Kurir/JK-001"), [:], STOP_ON_FAILURE): Call Test Case 'Test Cases/T05 Jadi Kurir/JK-001' successfully

2023-10-03 14:01:09 - [TEST_CASE][PASSED] - Test Cases/T05 Jadi Kurir/JK-001: Test Cases/T05 Jadi Kurir/JK-001

2023-10-03 14:01:09 - [TEST_STEP][PASSED] - callTestCase(findTestCase("T05 Jadi Kurir/LU-001"), ["username":"irfanafandi", "password":"12345irfan"], STOP_ON_FAILURE): Call Test Case 'Test Cases/T05 Jadi Kurir/LU-001' successfully

2023-10-03 14:01:10 - [TEST_CASE][PASSED] - Test Cases/T05 Jadi Kurir/LU-001: Test Cases/T05 Jadi Kurir/LU-001

2023-10-03 14:01:10 - [TEST_STEP][PASSED] - openBrowser("https://10.9.2.63/ecommerce/"): Browser is opened with url: 'https://10.9.2.63/ecommerce/'

2023-10-03 14:01:10 - [MESSAGE][WARNING] - A browser is already opened. Closing browser and opening a new one

2023-10-03 14:01:11 - [MESSAGE][INFO] - Starting 'Firefox' driver

2023-10-03 14:01:11 - [MESSAGE][INFO] - User set preference: ['args', '[--disable-notifications]']

2023-10-03 14:01:11 - [MESSAGE][INFO] - Action delay is set to 0 milliseconds

2023-10-03 14:01:16 - [MESSAGE][PASSED] - Browser is opened with url: 'https://10.9.2.63/ecommerce/'

2023-10-03 14:01:16 - [TEST_STEP][PASSED] - maximizeWindow(): Current window maximized

2023-10-03 14:01:16 - [MESSAGE][PASSED] - Current window maximized

2023-10-03 14:01:16 - [TEST_STEP][PASSED] - verifyElementPresent(findTestObject("Login/Home"), 0): Object 'Object Repository/Login/Home' is present

2023-10-03 14:01:17 - [MESSAGE][WARNING] - Timeout '0' is invalid. Using default page load timeout: '30'

2023-10-03 14:01:17 - [MESSAGE][PASSED] - Object 'Object Repository/Login/Home' is present

2023-10-03 14:01:17 - [TEST_STEP][PASSED] - click(findTestObject("Login/a_Login")): Object: 'Object Repository/Login/a_Login' is clicked on

2023-10-03 14:01:18 - [MESSAGE][PASSED] - Object: 'Object Repository/Login/a_Login' is clicked on

2023-10-03 14:01:18 - [TEST_STEP][PASSED] - verifyElementPresent(findTestObject("Login/Tittle Login"), 0): Object 'Object Repository/Login/Tittle Login' is present

2023-10-03 14:01:18 - [MESSAGE][WARNING] - Timeout '0' is invalid. Using default page load timeout: '30'

2023-10-03 14:01:18 - [MESSAGE][PASSED] - Object 'Object Repository/Login/Tittle Login' is present

2023-10-03 14:01:18 - [TEST_STEP][PASSED] - setText(findTestObject("Login/input_Username, Email atau No. Handphone_a"), username): Text 'irfanafandi' is set on object 'Object Repository/Login/input_Username, Email atau No. Handphone_a'

2023-10-03 14:01:19 - [MESSAGE][PASSED] - Text 'irfanafandi' is set on object 'Object Repository/Login/input_Username, Email atau No. Handphone_a'

2023-10-03 14:01:19 - [TEST_STEP][PASSED] - setText(findTestObject("Login/input_Password_b"), password): Text '12345irfan' is set on object 'Object Repository/Login/input_Password_b'

2023-10-03 14:01:20 - [MESSAGE][PASSED] - Text '12345irfan' is set on object 'Object Repository/Login/input_Password_b'

2023-10-03 14:01:20 - [TEST_STEP][PASSED] - click(findTestObject("Login/label_Ingat saya")): Object: 'Object Repository/Login/label_Ingat saya' is clicked on

2023-10-03 14:01:20 - [MESSAGE][PASSED] - Object: 'Object Repository/Login/label_Ingat saya' is clicked on

2023-10-03 14:01:20 - [TEST_STEP][PASSED] - click(findTestObject("Login/button_Masuk")): Object: 'Object Repository/Login/button_Masuk' is clicked on

2023-10-03 14:01:21 - [MESSAGE][PASSED] - Object: 'Object Repository/Login/button_Masuk' is clicked on

2023-10-03 14:01:21 - [TEST_STEP][PASSED] - verifyElementPresent(findTestObject("Login/li_Profile"), 0): Object 'Object Repository/Login/li_Profile' is present

2023-10-03 14:01:21 - [MESSAGE][WARNING] - Timeout '0' is invalid. Using default page load timeout: '30'

2023-10-03 14:01:22 - [MESSAGE][PASSED] - Object 'Object Repository/Login/li_Profile' is present

2023-10-03 14:01:22 - [MESSAGE][PASSED] - Call Test Case 'Test Cases/T05 Jadi Kurir/LU-001' successfully

2023-10-03 14:01:22 - [TEST_STEP][PASSED] - click(findTestObject("Jadi kurir/a_Jadi Kurir")): Object: 'Object Repository/Jadi kurir/a_Jadi Kurir' is clicked on

2023-10-03 14:01:23 - [MESSAGE][PASSED] - Object: 'Object Repository/Jadi kurir/a_Jadi Kurir' is clicked on

2023-10-03 14:01:23 - [TEST_STEP][PASSED] - verifyElementPresent(findTestObject("Jadi kurir/li_Profile Kurir"), 0): Object 'Object Repository/Jadi kurir/li_Profile Kurir' is present

2023-10-03 14:01:23 - [MESSAGE][WARNING] - Timeout '0' is invalid. Using default page load timeout: '30'

2023-10-03 14:01:24 - [MESSAGE][PASSED] - Object 'Object Repository/Jadi kurir/li_Profile Kurir' is present

2023-10-03 14:01:24 - [MESSAGE][PASSED] - Call Test Case 'Test Cases/T05 Jadi Kurir/JK-001' successfully

2023-10-03 14:01:24 - [TEST_STEP][PASSED] - click(findTestObject("Jadi kurir/a_Daftar  Edit Data")): Object: 'Object Repository/Jadi kurir/a_Daftar  Edit Data' is clicked on

2023-10-03 14:01:25 - [MESSAGE][PASSED] - Object: 'Object Repository/Jadi kurir/a_Daftar  Edit Data' is clicked on

2023-10-03 14:01:25 - [TEST_STEP][PASSED] - verifyElementPresent(findTestObject("Jadi kurir/li_Profile Kurir"), 0): Object 'Object Repository/Jadi kurir/li_Profile Kurir' is present

2023-10-03 14:01:25 - [MESSAGE][WARNING] - Timeout '0' is invalid. Using default page load timeout: '30'

2023-10-03 14:01:25 - [MESSAGE][PASSED] - Object 'Object Repository/Jadi kurir/li_Profile Kurir' is present

2023-10-03 14:01:25 - [TEST_STEP][PASSED] - selectOptionByValue(findTestObject("Jadi kurir/select_- Pilih Kendaraan -Roda 2Roda 4"), Jenis, false): All options with value '2' are selected in object 'Object Repository/Jadi kurir/select_- Pilih Kendaraan -Roda 2Roda 4' 

2023-10-03 14:01:26 - [MESSAGE][PASSED] - All options with value '2' are selected in object 'Object Repository/Jadi kurir/select_- Pilih Kendaraan -Roda 2Roda 4' 

2023-10-03 14:01:26 - [TEST_STEP][PASSED] - setText(findTestObject("Jadi kurir/input_Merek Kendaraan"), Merek_Kendaraan): Text 'toyota supra' is set on object 'Object Repository/Jadi kurir/input_Merek Kendaraan'

2023-10-03 14:01:27 - [MESSAGE][PASSED] - Text 'toyota supra' is set on object 'Object Repository/Jadi kurir/input_Merek Kendaraan'

2023-10-03 14:01:27 - [TEST_STEP][PASSED] - setText(findTestObject("Jadi kurir/input_Plat Nomor"), Plat_Nomor): Text '@@' is set on object 'Object Repository/Jadi kurir/input_Plat Nomor'

2023-10-03 14:01:27 - [MESSAGE][PASSED] - Text '@@' is set on object 'Object Repository/Jadi kurir/input_Plat Nomor'

2023-10-03 14:01:27 - [TEST_STEP][PASSED] - setText(findTestObject("Jadi kurir/textarea_Keterangan"), Keterangan): Text 'mau daftar dong bang' is set on object 'Object Repository/Jadi kurir/textarea_Keterangan'

2023-10-03 14:01:28 - [MESSAGE][PASSED] - Text 'mau daftar dong bang' is set on object 'Object Repository/Jadi kurir/textarea_Keterangan'

2023-10-03 14:01:28 - [TEST_STEP][PASSED] - uploadFile(findTestObject("Jadi kurir/input_Choose files_uploadFile"), Berkas): File 'C:\Users\IRFAN\Downloads\Berkas2.pdf' sent to object: 'Object Repository/Jadi kurir/input_Choose files_uploadFile'

2023-10-03 14:01:29 - [MESSAGE][PASSED] - File 'C:\Users\IRFAN\Downloads\Berkas2.pdf' sent to object: 'Object Repository/Jadi kurir/input_Choose files_uploadFile'

2023-10-03 14:01:29 - [TEST_STEP][PASSED] - click(findTestObject("Jadi kurir/button_Simpan Perubahan")): Object: 'Object Repository/Jadi kurir/button_Simpan Perubahan' is clicked on

2023-10-03 14:01:31 - [MESSAGE][PASSED] - Object: 'Object Repository/Jadi kurir/button_Simpan Perubahan' is clicked on

2023-10-03 14:01:31 - [TEST_STEP][FAILED] - verifyTextPresent("Please fill in the correct column.", false): Unable to verify text 'Please fill in the correct column.' is present  (Root cause: com.kms.katalon.core.exception.StepFailedException: Unable to verify text 'Please fill in the correct column.' is present 
	at com.kms.katalon.core.webui.keyword.internal.WebUIKeywordMain.stepFailed(WebUIKeywordMain.groovy:64)
	at com.kms.katalon.core.webui.keyword.internal.WebUIKeywordMain.runKeyword(WebUIKeywordMain.groovy:26)
	at com.kms.katalon.core.webui.keyword.builtin.VerifyTextPresentKeyword.verifyTextPresent(VerifyTextPresentKeyword.groovy:83)
	at com.kms.katalon.core.webui.keyword.builtin.VerifyTextPresentKeyword.execute(VerifyTextPresentKeyword.groovy:68)
	at com.kms.katalon.core.keyword.internal.KeywordExecutor.executeKeywordForPlatform(KeywordExecutor.groovy:74)
	at com.kms.katalon.core.webui.keyword.WebUiBuiltInKeywords.verifyTextPresent(WebUiBuiltInKeywords.groovy:1723)
	at com.kms.katalon.core.webui.keyword.WebUiBuiltInKeywords$verifyTextPresent$11.call(Unknown Source)
	at JK-007.run(JK-007:42)
	at com.kms.katalon.core.main.ScriptEngine.run(ScriptEngine.java:194)
	at com.kms.katalon.core.main.ScriptEngine.runScriptAsRawText(ScriptEngine.java:119)
	at com.kms.katalon.core.main.TestCaseExecutor.runScript(TestCaseExecutor.java:448)
	at com.kms.katalon.core.main.TestCaseExecutor.doExecute(TestCaseExecutor.java:439)
	at com.kms.katalon.core.main.TestCaseExecutor.processExecutionPhase(TestCaseExecutor.java:418)
	at com.kms.katalon.core.main.TestCaseExecutor.accessMainPhase(TestCaseExecutor.java:410)
	at com.kms.katalon.core.main.TestCaseExecutor.execute(TestCaseExecutor.java:285)
	at com.kms.katalon.core.common.CommonExecutor.accessTestCaseMainPhase(CommonExecutor.java:65)
	at com.kms.katalon.core.main.TestSuiteExecutor.accessTestSuiteMainPhase(TestSuiteExecutor.java:148)
	at com.kms.katalon.core.main.TestSuiteExecutor.execute(TestSuiteExecutor.java:106)
	at com.kms.katalon.core.main.TestCaseMain.startTestSuite(TestCaseMain.java:187)
	at com.kms.katalon.core.main.TestCaseMain$startTestSuite$0.call(Unknown Source)
	at TempTestSuite1696316330175.run(TempTestSuite1696316330175.groovy:36)
Caused by: com.kms.katalon.core.exception.StepFailedException: Text 'Please fill in the correct column.' is not present on page 
	at com.kms.katalon.core.webui.keyword.internal.WebUIKeywordMain.stepFailed(WebUIKeywordMain.groovy:64)
	at com.kms.katalon.core.webui.keyword.builtin.VerifyTextPresentKeyword$_verifyTextPresent_closure1.doCall(VerifyTextPresentKeyword.groovy:79)
	at com.kms.katalon.core.webui.keyword.builtin.VerifyTextPresentKeyword$_verifyTextPresent_closure1.call(VerifyTextPresentKeyword.groovy)
	at com.kms.katalon.core.webui.keyword.internal.WebUIKeywordMain.runKeyword(WebUIKeywordMain.groovy:20)
	... 19 more
)

2023-10-03 14:01:32 - [MESSAGE][FAILED] - Text 'Please fill in the correct column.' is not present on page  (Root cause: com.kms.katalon.core.exception.StepFailedException: Text 'Please fill in the correct column.' is not present on page 
	at com.kms.katalon.core.webui.keyword.internal.WebUIKeywordMain.stepFailed(WebUIKeywordMain.groovy:64)
	at com.kms.katalon.core.webui.keyword.builtin.VerifyTextPresentKeyword$_verifyTextPresent_closure1.doCall(VerifyTextPresentKeyword.groovy:79)
	at com.kms.katalon.core.webui.keyword.builtin.VerifyTextPresentKeyword$_verifyTextPresent_closure1.call(VerifyTextPresentKeyword.groovy)
	at com.kms.katalon.core.webui.keyword.internal.WebUIKeywordMain.runKeyword(WebUIKeywordMain.groovy:20)
	at com.kms.katalon.core.webui.keyword.builtin.VerifyTextPresentKeyword.verifyTextPresent(VerifyTextPresentKeyword.groovy:83)
	at com.kms.katalon.core.webui.keyword.builtin.VerifyTextPresentKeyword.execute(VerifyTextPresentKeyword.groovy:68)
	at com.kms.katalon.core.keyword.internal.KeywordExecutor.executeKeywordForPlatform(KeywordExecutor.groovy:74)
	at com.kms.katalon.core.webui.keyword.WebUiBuiltInKeywords.verifyTextPresent(WebUiBuiltInKeywords.groovy:1723)
	at com.kms.katalon.core.webui.keyword.WebUiBuiltInKeywords$verifyTextPresent$11.call(Unknown Source)
	at JK-007.run(JK-007:42)
	at com.kms.katalon.core.main.ScriptEngine.run(ScriptEngine.java:194)
	at com.kms.katalon.core.main.ScriptEngine.runScriptAsRawText(ScriptEngine.java:119)
	at com.kms.katalon.core.main.TestCaseExecutor.runScript(TestCaseExecutor.java:448)
	at com.kms.katalon.core.main.TestCaseExecutor.doExecute(TestCaseExecutor.java:439)
	at com.kms.katalon.core.main.TestCaseExecutor.processExecutionPhase(TestCaseExecutor.java:418)
	at com.kms.katalon.core.main.TestCaseExecutor.accessMainPhase(TestCaseExecutor.java:410)
	at com.kms.katalon.core.main.TestCaseExecutor.execute(TestCaseExecutor.java:285)
	at com.kms.katalon.core.common.CommonExecutor.accessTestCaseMainPhase(CommonExecutor.java:65)
	at com.kms.katalon.core.main.TestSuiteExecutor.accessTestSuiteMainPhase(TestSuiteExecutor.java:148)
	at com.kms.katalon.core.main.TestSuiteExecutor.execute(TestSuiteExecutor.java:106)
	at com.kms.katalon.core.main.TestCaseMain.startTestSuite(TestCaseMain.java:187)
	at com.kms.katalon.core.main.TestCaseMain$startTestSuite$0.call(Unknown Source)
	at TempTestSuite1696316330175.run(TempTestSuite1696316330175.groovy:36)
)

2023-10-03 14:01:32 - [MESSAGE][FAILED] - Unable to verify text 'Please fill in the correct column.' is present  (Root cause: com.kms.katalon.core.exception.StepFailedException: Unable to verify text 'Please fill in the correct column.' is present 
	at com.kms.katalon.core.webui.keyword.internal.WebUIKeywordMain.stepFailed(WebUIKeywordMain.groovy:64)
	at com.kms.katalon.core.webui.keyword.internal.WebUIKeywordMain.runKeyword(WebUIKeywordMain.groovy:26)
	at com.kms.katalon.core.webui.keyword.builtin.VerifyTextPresentKeyword.verifyTextPresent(VerifyTextPresentKeyword.groovy:83)
	at com.kms.katalon.core.webui.keyword.builtin.VerifyTextPresentKeyword.execute(VerifyTextPresentKeyword.groovy:68)
	at com.kms.katalon.core.keyword.internal.KeywordExecutor.executeKeywordForPlatform(KeywordExecutor.groovy:74)
	at com.kms.katalon.core.webui.keyword.WebUiBuiltInKeywords.verifyTextPresent(WebUiBuiltInKeywords.groovy:1723)
	at com.kms.katalon.core.webui.keyword.WebUiBuiltInKeywords$verifyTextPresent$11.call(Unknown Source)
	at JK-007.run(JK-007:42)
	at com.kms.katalon.core.main.ScriptEngine.run(ScriptEngine.java:194)
	at com.kms.katalon.core.main.ScriptEngine.runScriptAsRawText(ScriptEngine.java:119)
	at com.kms.katalon.core.main.TestCaseExecutor.runScript(TestCaseExecutor.java:448)
	at com.kms.katalon.core.main.TestCaseExecutor.doExecute(TestCaseExecutor.java:439)
	at com.kms.katalon.core.main.TestCaseExecutor.processExecutionPhase(TestCaseExecutor.java:418)
	at com.kms.katalon.core.main.TestCaseExecutor.accessMainPhase(TestCaseExecutor.java:410)
	at com.kms.katalon.core.main.TestCaseExecutor.execute(TestCaseExecutor.java:285)
	at com.kms.katalon.core.common.CommonExecutor.accessTestCaseMainPhase(CommonExecutor.java:65)
	at com.kms.katalon.core.main.TestSuiteExecutor.accessTestSuiteMainPhase(TestSuiteExecutor.java:148)
	at com.kms.katalon.core.main.TestSuiteExecutor.execute(TestSuiteExecutor.java:106)
	at com.kms.katalon.core.main.TestCaseMain.startTestSuite(TestCaseMain.java:187)
	at com.kms.katalon.core.main.TestCaseMain$startTestSuite$0.call(Unknown Source)
	at TempTestSuite1696316330175.run(TempTestSuite1696316330175.groovy:36)
Caused by: com.kms.katalon.core.exception.StepFailedException: Text 'Please fill in the correct column.' is not present on page 
	at com.kms.katalon.core.webui.keyword.internal.WebUIKeywordMain.stepFailed(WebUIKeywordMain.groovy:64)
	at com.kms.katalon.core.webui.keyword.builtin.VerifyTextPresentKeyword$_verifyTextPresent_closure1.doCall(VerifyTextPresentKeyword.groovy:79)
	at com.kms.katalon.core.webui.keyword.builtin.VerifyTextPresentKeyword$_verifyTextPresent_closure1.call(VerifyTextPresentKeyword.groovy)
	at com.kms.katalon.core.webui.keyword.internal.WebUIKeywordMain.runKeyword(WebUIKeywordMain.groovy:20)
	... 19 more
)
[[ATTACHMENT|D:\\BOOTCAMP XSIS\\Projek 2 MINI PROJEK\\Reports\\20231003_135850\\jadi kurir\\T05 jadi kurir\\20231003_135850\\1696316492467.png]]]]></system-out>
         <system-err><![CDATA[2023-10-03 14:01:09 - [TEST_CASE][FAILED] - Test Cases/T05 Jadi Kurir/JK-007: Test Cases/T05 Jadi Kurir/JK-007 FAILED.
Reason:
com.kms.katalon.core.exception.StepFailedException: Unable to verify text 'Please fill in the correct column.' is present 
	at com.kms.katalon.core.webui.keyword.internal.WebUIKeywordMain.stepFailed(WebUIKeywordMain.groovy:64)
	at com.kms.katalon.core.webui.keyword.internal.WebUIKeywordMain.runKeyword(WebUIKeywordMain.groovy:26)
	at com.kms.katalon.core.webui.keyword.builtin.VerifyTextPresentKeyword.verifyTextPresent(VerifyTextPresentKeyword.groovy:83)
	at com.kms.katalon.core.webui.keyword.builtin.VerifyTextPresentKeyword.execute(VerifyTextPresentKeyword.groovy:68)
	at com.kms.katalon.core.keyword.internal.KeywordExecutor.executeKeywordForPlatform(KeywordExecutor.groovy:74)
	at com.kms.katalon.core.webui.keyword.WebUiBuiltInKeywords.verifyTextPresent(WebUiBuiltInKeywords.groovy:1723)
	at com.kms.katalon.core.webui.keyword.WebUiBuiltInKeywords$verifyTextPresent$11.call(Unknown Source)
	at JK-007.run(JK-007:42)
	at com.kms.katalon.core.main.ScriptEngine.run(ScriptEngine.java:194)
	at com.kms.katalon.core.main.ScriptEngine.runScriptAsRawText(ScriptEngine.java:119)
	at com.kms.katalon.core.main.TestCaseExecutor.runScript(TestCaseExecutor.java:448)
	at com.kms.katalon.core.main.TestCaseExecutor.doExecute(TestCaseExecutor.java:439)
	at com.kms.katalon.core.main.TestCaseExecutor.processExecutionPhase(TestCaseExecutor.java:418)
	at com.kms.katalon.core.main.TestCaseExecutor.accessMainPhase(TestCaseExecutor.java:410)
	at com.kms.katalon.core.main.TestCaseExecutor.execute(TestCaseExecutor.java:285)
	at com.kms.katalon.core.common.CommonExecutor.accessTestCaseMainPhase(CommonExecutor.java:65)
	at com.kms.katalon.core.main.TestSuiteExecutor.accessTestSuiteMainPhase(TestSuiteExecutor.java:148)
	at com.kms.katalon.core.main.TestSuiteExecutor.execute(TestSuiteExecutor.java:106)
	at com.kms.katalon.core.main.TestCaseMain.startTestSuite(TestCaseMain.java:187)
	at com.kms.katalon.core.main.TestCaseMain$startTestSuite$0.call(Unknown Source)
	at TempTestSuite1696316330175.run(TempTestSuite1696316330175.groovy:36)
Caused by: com.kms.katalon.core.exception.StepFailedException: Text 'Please fill in the correct column.' is not present on page 
	at com.kms.katalon.core.webui.keyword.internal.WebUIKeywordMain.stepFailed(WebUIKeywordMain.groovy:64)
	at com.kms.katalon.core.webui.keyword.builtin.VerifyTextPresentKeyword$_verifyTextPresent_closure1.doCall(VerifyTextPresentKeyword.groovy:79)
	at com.kms.katalon.core.webui.keyword.builtin.VerifyTextPresentKeyword$_verifyTextPresent_closure1.call(VerifyTextPresentKeyword.groovy)
	at com.kms.katalon.core.webui.keyword.internal.WebUIKeywordMain.runKeyword(WebUIKeywordMain.groovy:20)
	... 19 more]]></system-err>
      </testcase>
      <testcase name="Test Cases/T05 Jadi Kurir/JK-008" time="23.208" classname="Test Cases/T05 Jadi Kurir/JK-008" status="FAILED">
         <failure type="FAILED" message="Test Cases/T05 Jadi Kurir/JK-008 FAILED.
Reason:
com.kms.katalon.core.exception.StepFailedException: Unable to verify text 'Please complete the file.' is present 
	at com.kms.katalon.core.webui.keyword.internal.WebUIKeywordMain.stepFailed(WebUIKeywordMain.groovy:64)
	at com.kms.katalon.core.webui.keyword.internal.WebUIKeywordMain.runKeyword(WebUIKeywordMain.groovy:26)
	at com.kms.katalon.core.webui.keyword.builtin.VerifyTextPresentKeyword.verifyTextPresent(VerifyTextPresentKeyword.groovy:83)
	at com.kms.katalon.core.webui.keyword.builtin.VerifyTextPresentKeyword.execute(VerifyTextPresentKeyword.groovy:68)
	at com.kms.katalon.core.keyword.internal.KeywordExecutor.executeKeywordForPlatform(KeywordExecutor.groovy:74)
	at com.kms.katalon.core.webui.keyword.WebUiBuiltInKeywords.verifyTextPresent(WebUiBuiltInKeywords.groovy:1723)
	at com.kms.katalon.core.webui.keyword.WebUiBuiltInKeywords$verifyTextPresent$11.call(Unknown Source)
	at JK-008.run(JK-008:42)
	at com.kms.katalon.core.main.ScriptEngine.run(ScriptEngine.java:194)
	at com.kms.katalon.core.main.ScriptEngine.runScriptAsRawText(ScriptEngine.java:119)
	at com.kms.katalon.core.main.TestCaseExecutor.runScript(TestCaseExecutor.java:448)
	at com.kms.katalon.core.main.TestCaseExecutor.doExecute(TestCaseExecutor.java:439)
	at com.kms.katalon.core.main.TestCaseExecutor.processExecutionPhase(TestCaseExecutor.java:418)
	at com.kms.katalon.core.main.TestCaseExecutor.accessMainPhase(TestCaseExecutor.java:410)
	at com.kms.katalon.core.main.TestCaseExecutor.execute(TestCaseExecutor.java:285)
	at com.kms.katalon.core.common.CommonExecutor.accessTestCaseMainPhase(CommonExecutor.java:65)
	at com.kms.katalon.core.main.TestSuiteExecutor.accessTestSuiteMainPhase(TestSuiteExecutor.java:148)
	at com.kms.katalon.core.main.TestSuiteExecutor.execute(TestSuiteExecutor.java:106)
	at com.kms.katalon.core.main.TestCaseMain.startTestSuite(TestCaseMain.java:187)
	at com.kms.katalon.core.main.TestCaseMain$startTestSuite$0.call(Unknown Source)
	at TempTestSuite1696316330175.run(TempTestSuite1696316330175.groovy:36)
Caused by: com.kms.katalon.core.exception.StepFailedException: Text 'Please complete the file.' is not present on page 
	at com.kms.katalon.core.webui.keyword.internal.WebUIKeywordMain.stepFailed(WebUIKeywordMain.groovy:64)
	at com.kms.katalon.core.webui.keyword.builtin.VerifyTextPresentKeyword$_verifyTextPresent_closure1.doCall(VerifyTextPresentKeyword.groovy:79)
	at com.kms.katalon.core.webui.keyword.builtin.VerifyTextPresentKeyword$_verifyTextPresent_closure1.call(VerifyTextPresentKeyword.groovy)
	at com.kms.katalon.core.webui.keyword.internal.WebUIKeywordMain.runKeyword(WebUIKeywordMain.groovy:20)
	... 19 more
"/>
         <system-out><![CDATA[2023-10-03 14:01:32 - [TEST_CASE][FAILED] - Test Cases/T05 Jadi Kurir/JK-008: Test Cases/T05 Jadi Kurir/JK-008 FAILED.
Reason:
com.kms.katalon.core.exception.StepFailedException: Unable to verify text 'Please complete the file.' is present 
	at com.kms.katalon.core.webui.keyword.internal.WebUIKeywordMain.stepFailed(WebUIKeywordMain.groovy:64)
	at com.kms.katalon.core.webui.keyword.internal.WebUIKeywordMain.runKeyword(WebUIKeywordMain.groovy:26)
	at com.kms.katalon.core.webui.keyword.builtin.VerifyTextPresentKeyword.verifyTextPresent(VerifyTextPresentKeyword.groovy:83)
	at com.kms.katalon.core.webui.keyword.builtin.VerifyTextPresentKeyword.execute(VerifyTextPresentKeyword.groovy:68)
	at com.kms.katalon.core.keyword.internal.KeywordExecutor.executeKeywordForPlatform(KeywordExecutor.groovy:74)
	at com.kms.katalon.core.webui.keyword.WebUiBuiltInKeywords.verifyTextPresent(WebUiBuiltInKeywords.groovy:1723)
	at com.kms.katalon.core.webui.keyword.WebUiBuiltInKeywords$verifyTextPresent$11.call(Unknown Source)
	at JK-008.run(JK-008:42)
	at com.kms.katalon.core.main.ScriptEngine.run(ScriptEngine.java:194)
	at com.kms.katalon.core.main.ScriptEngine.runScriptAsRawText(ScriptEngine.java:119)
	at com.kms.katalon.core.main.TestCaseExecutor.runScript(TestCaseExecutor.java:448)
	at com.kms.katalon.core.main.TestCaseExecutor.doExecute(TestCaseExecutor.java:439)
	at com.kms.katalon.core.main.TestCaseExecutor.processExecutionPhase(TestCaseExecutor.java:418)
	at com.kms.katalon.core.main.TestCaseExecutor.accessMainPhase(TestCaseExecutor.java:410)
	at com.kms.katalon.core.main.TestCaseExecutor.execute(TestCaseExecutor.java:285)
	at com.kms.katalon.core.common.CommonExecutor.accessTestCaseMainPhase(CommonExecutor.java:65)
	at com.kms.katalon.core.main.TestSuiteExecutor.accessTestSuiteMainPhase(TestSuiteExecutor.java:148)
	at com.kms.katalon.core.main.TestSuiteExecutor.execute(TestSuiteExecutor.java:106)
	at com.kms.katalon.core.main.TestCaseMain.startTestSuite(TestCaseMain.java:187)
	at com.kms.katalon.core.main.TestCaseMain$startTestSuite$0.call(Unknown Source)
	at TempTestSuite1696316330175.run(TempTestSuite1696316330175.groovy:36)
Caused by: com.kms.katalon.core.exception.StepFailedException: Text 'Please complete the file.' is not present on page 
	at com.kms.katalon.core.webui.keyword.internal.WebUIKeywordMain.stepFailed(WebUIKeywordMain.groovy:64)
	at com.kms.katalon.core.webui.keyword.builtin.VerifyTextPresentKeyword$_verifyTextPresent_closure1.doCall(VerifyTextPresentKeyword.groovy:79)
	at com.kms.katalon.core.webui.keyword.builtin.VerifyTextPresentKeyword$_verifyTextPresent_closure1.call(VerifyTextPresentKeyword.groovy)
	at com.kms.katalon.core.webui.keyword.internal.WebUIKeywordMain.runKeyword(WebUIKeywordMain.groovy:20)
	... 19 more


2023-10-03 14:01:33 - [TEST_STEP][PASSED] - callTestCase(findTestCase("T05 Jadi Kurir/JK-001"), [:], STOP_ON_FAILURE): Call Test Case 'Test Cases/T05 Jadi Kurir/JK-001' successfully

2023-10-03 14:01:33 - [TEST_CASE][PASSED] - Test Cases/T05 Jadi Kurir/JK-001: Test Cases/T05 Jadi Kurir/JK-001

2023-10-03 14:01:33 - [TEST_STEP][PASSED] - callTestCase(findTestCase("T05 Jadi Kurir/LU-001"), ["username":"irfanafandi", "password":"12345irfan"], STOP_ON_FAILURE): Call Test Case 'Test Cases/T05 Jadi Kurir/LU-001' successfully

2023-10-03 14:01:33 - [TEST_CASE][PASSED] - Test Cases/T05 Jadi Kurir/LU-001: Test Cases/T05 Jadi Kurir/LU-001

2023-10-03 14:01:33 - [TEST_STEP][PASSED] - openBrowser("https://10.9.2.63/ecommerce/"): Browser is opened with url: 'https://10.9.2.63/ecommerce/'

2023-10-03 14:01:33 - [MESSAGE][WARNING] - A browser is already opened. Closing browser and opening a new one

2023-10-03 14:01:34 - [MESSAGE][INFO] - Starting 'Firefox' driver

2023-10-03 14:01:34 - [MESSAGE][INFO] - User set preference: ['args', '[--disable-notifications]']

2023-10-03 14:01:34 - [MESSAGE][INFO] - Action delay is set to 0 milliseconds

2023-10-03 14:01:40 - [MESSAGE][PASSED] - Browser is opened with url: 'https://10.9.2.63/ecommerce/'

2023-10-03 14:01:40 - [TEST_STEP][PASSED] - maximizeWindow(): Current window maximized

2023-10-03 14:01:40 - [MESSAGE][PASSED] - Current window maximized

2023-10-03 14:01:40 - [TEST_STEP][PASSED] - verifyElementPresent(findTestObject("Login/Home"), 0): Object 'Object Repository/Login/Home' is present

2023-10-03 14:01:40 - [MESSAGE][WARNING] - Timeout '0' is invalid. Using default page load timeout: '30'

2023-10-03 14:01:40 - [MESSAGE][PASSED] - Object 'Object Repository/Login/Home' is present

2023-10-03 14:01:40 - [TEST_STEP][PASSED] - click(findTestObject("Login/a_Login")): Object: 'Object Repository/Login/a_Login' is clicked on

2023-10-03 14:01:41 - [MESSAGE][PASSED] - Object: 'Object Repository/Login/a_Login' is clicked on

2023-10-03 14:01:41 - [TEST_STEP][PASSED] - verifyElementPresent(findTestObject("Login/Tittle Login"), 0): Object 'Object Repository/Login/Tittle Login' is present

2023-10-03 14:01:41 - [MESSAGE][WARNING] - Timeout '0' is invalid. Using default page load timeout: '30'

2023-10-03 14:01:41 - [MESSAGE][PASSED] - Object 'Object Repository/Login/Tittle Login' is present

2023-10-03 14:01:41 - [TEST_STEP][PASSED] - setText(findTestObject("Login/input_Username, Email atau No. Handphone_a"), username): Text 'irfanafandi' is set on object 'Object Repository/Login/input_Username, Email atau No. Handphone_a'

2023-10-03 14:01:42 - [MESSAGE][PASSED] - Text 'irfanafandi' is set on object 'Object Repository/Login/input_Username, Email atau No. Handphone_a'

2023-10-03 14:01:42 - [TEST_STEP][PASSED] - setText(findTestObject("Login/input_Password_b"), password): Text '12345irfan' is set on object 'Object Repository/Login/input_Password_b'

2023-10-03 14:01:43 - [MESSAGE][PASSED] - Text '12345irfan' is set on object 'Object Repository/Login/input_Password_b'

2023-10-03 14:01:43 - [TEST_STEP][PASSED] - click(findTestObject("Login/label_Ingat saya")): Object: 'Object Repository/Login/label_Ingat saya' is clicked on

2023-10-03 14:01:43 - [MESSAGE][PASSED] - Object: 'Object Repository/Login/label_Ingat saya' is clicked on

2023-10-03 14:01:43 - [TEST_STEP][PASSED] - click(findTestObject("Login/button_Masuk")): Object: 'Object Repository/Login/button_Masuk' is clicked on

2023-10-03 14:01:44 - [MESSAGE][PASSED] - Object: 'Object Repository/Login/button_Masuk' is clicked on

2023-10-03 14:01:44 - [TEST_STEP][PASSED] - verifyElementPresent(findTestObject("Login/li_Profile"), 0): Object 'Object Repository/Login/li_Profile' is present

2023-10-03 14:01:45 - [MESSAGE][WARNING] - Timeout '0' is invalid. Using default page load timeout: '30'

2023-10-03 14:01:45 - [MESSAGE][PASSED] - Object 'Object Repository/Login/li_Profile' is present

2023-10-03 14:01:45 - [MESSAGE][PASSED] - Call Test Case 'Test Cases/T05 Jadi Kurir/LU-001' successfully

2023-10-03 14:01:45 - [TEST_STEP][PASSED] - click(findTestObject("Jadi kurir/a_Jadi Kurir")): Object: 'Object Repository/Jadi kurir/a_Jadi Kurir' is clicked on

2023-10-03 14:01:46 - [MESSAGE][PASSED] - Object: 'Object Repository/Jadi kurir/a_Jadi Kurir' is clicked on

2023-10-03 14:01:46 - [TEST_STEP][PASSED] - verifyElementPresent(findTestObject("Jadi kurir/li_Profile Kurir"), 0): Object 'Object Repository/Jadi kurir/li_Profile Kurir' is present

2023-10-03 14:01:46 - [MESSAGE][WARNING] - Timeout '0' is invalid. Using default page load timeout: '30'

2023-10-03 14:01:47 - [MESSAGE][PASSED] - Object 'Object Repository/Jadi kurir/li_Profile Kurir' is present

2023-10-03 14:01:47 - [MESSAGE][PASSED] - Call Test Case 'Test Cases/T05 Jadi Kurir/JK-001' successfully

2023-10-03 14:01:47 - [TEST_STEP][PASSED] - click(findTestObject("Jadi kurir/a_Daftar  Edit Data")): Object: 'Object Repository/Jadi kurir/a_Daftar  Edit Data' is clicked on

2023-10-03 14:01:48 - [MESSAGE][PASSED] - Object: 'Object Repository/Jadi kurir/a_Daftar  Edit Data' is clicked on

2023-10-03 14:01:48 - [TEST_STEP][PASSED] - verifyElementPresent(findTestObject("Jadi kurir/li_Profile Kurir"), 0): Object 'Object Repository/Jadi kurir/li_Profile Kurir' is present

2023-10-03 14:01:48 - [MESSAGE][WARNING] - Timeout '0' is invalid. Using default page load timeout: '30'

2023-10-03 14:01:48 - [MESSAGE][PASSED] - Object 'Object Repository/Jadi kurir/li_Profile Kurir' is present

2023-10-03 14:01:48 - [TEST_STEP][PASSED] - selectOptionByValue(findTestObject("Jadi kurir/select_- Pilih Kendaraan -Roda 2Roda 4"), Jenis, false): All options with value '2' are selected in object 'Object Repository/Jadi kurir/select_- Pilih Kendaraan -Roda 2Roda 4' 

2023-10-03 14:01:49 - [MESSAGE][PASSED] - All options with value '2' are selected in object 'Object Repository/Jadi kurir/select_- Pilih Kendaraan -Roda 2Roda 4' 

2023-10-03 14:01:49 - [TEST_STEP][PASSED] - setText(findTestObject("Jadi kurir/input_Merek Kendaraan"), Merek_Kendaraan): Text 'toyota supra' is set on object 'Object Repository/Jadi kurir/input_Merek Kendaraan'

2023-10-03 14:01:50 - [MESSAGE][PASSED] - Text 'toyota supra' is set on object 'Object Repository/Jadi kurir/input_Merek Kendaraan'

2023-10-03 14:01:50 - [TEST_STEP][PASSED] - setText(findTestObject("Jadi kurir/input_Plat Nomor"), Plat_Nomor): Text 'AB 1 S' is set on object 'Object Repository/Jadi kurir/input_Plat Nomor'

2023-10-03 14:01:51 - [MESSAGE][PASSED] - Text 'AB 1 S' is set on object 'Object Repository/Jadi kurir/input_Plat Nomor'

2023-10-03 14:01:51 - [TEST_STEP][PASSED] - setText(findTestObject("Jadi kurir/textarea_Keterangan"), Keterangan): Text 'mau daftar dong bang' is set on object 'Object Repository/Jadi kurir/textarea_Keterangan'

2023-10-03 14:01:51 - [MESSAGE][PASSED] - Text 'mau daftar dong bang' is set on object 'Object Repository/Jadi kurir/textarea_Keterangan'

2023-10-03 14:01:51 - [TEST_STEP][PASSED] - uploadFile(findTestObject("Jadi kurir/input_Choose files_uploadFile"), Berkas): File 'C:\Users\IRFAN\Downloads\Berkas2.pdf' sent to object: 'Object Repository/Jadi kurir/input_Choose files_uploadFile'

2023-10-03 14:01:52 - [MESSAGE][PASSED] - File 'C:\Users\IRFAN\Downloads\Berkas2.pdf' sent to object: 'Object Repository/Jadi kurir/input_Choose files_uploadFile'

2023-10-03 14:01:52 - [TEST_STEP][PASSED] - click(findTestObject("Jadi kurir/button_Simpan Perubahan")): Object: 'Object Repository/Jadi kurir/button_Simpan Perubahan' is clicked on

2023-10-03 14:01:54 - [MESSAGE][PASSED] - Object: 'Object Repository/Jadi kurir/button_Simpan Perubahan' is clicked on

2023-10-03 14:01:54 - [TEST_STEP][FAILED] - verifyTextPresent("Please complete the file.", false): Unable to verify text 'Please complete the file.' is present  (Root cause: com.kms.katalon.core.exception.StepFailedException: Unable to verify text 'Please complete the file.' is present 
	at com.kms.katalon.core.webui.keyword.internal.WebUIKeywordMain.stepFailed(WebUIKeywordMain.groovy:64)
	at com.kms.katalon.core.webui.keyword.internal.WebUIKeywordMain.runKeyword(WebUIKeywordMain.groovy:26)
	at com.kms.katalon.core.webui.keyword.builtin.VerifyTextPresentKeyword.verifyTextPresent(VerifyTextPresentKeyword.groovy:83)
	at com.kms.katalon.core.webui.keyword.builtin.VerifyTextPresentKeyword.execute(VerifyTextPresentKeyword.groovy:68)
	at com.kms.katalon.core.keyword.internal.KeywordExecutor.executeKeywordForPlatform(KeywordExecutor.groovy:74)
	at com.kms.katalon.core.webui.keyword.WebUiBuiltInKeywords.verifyTextPresent(WebUiBuiltInKeywords.groovy:1723)
	at com.kms.katalon.core.webui.keyword.WebUiBuiltInKeywords$verifyTextPresent$11.call(Unknown Source)
	at JK-008.run(JK-008:42)
	at com.kms.katalon.core.main.ScriptEngine.run(ScriptEngine.java:194)
	at com.kms.katalon.core.main.ScriptEngine.runScriptAsRawText(ScriptEngine.java:119)
	at com.kms.katalon.core.main.TestCaseExecutor.runScript(TestCaseExecutor.java:448)
	at com.kms.katalon.core.main.TestCaseExecutor.doExecute(TestCaseExecutor.java:439)
	at com.kms.katalon.core.main.TestCaseExecutor.processExecutionPhase(TestCaseExecutor.java:418)
	at com.kms.katalon.core.main.TestCaseExecutor.accessMainPhase(TestCaseExecutor.java:410)
	at com.kms.katalon.core.main.TestCaseExecutor.execute(TestCaseExecutor.java:285)
	at com.kms.katalon.core.common.CommonExecutor.accessTestCaseMainPhase(CommonExecutor.java:65)
	at com.kms.katalon.core.main.TestSuiteExecutor.accessTestSuiteMainPhase(TestSuiteExecutor.java:148)
	at com.kms.katalon.core.main.TestSuiteExecutor.execute(TestSuiteExecutor.java:106)
	at com.kms.katalon.core.main.TestCaseMain.startTestSuite(TestCaseMain.java:187)
	at com.kms.katalon.core.main.TestCaseMain$startTestSuite$0.call(Unknown Source)
	at TempTestSuite1696316330175.run(TempTestSuite1696316330175.groovy:36)
Caused by: com.kms.katalon.core.exception.StepFailedException: Text 'Please complete the file.' is not present on page 
	at com.kms.katalon.core.webui.keyword.internal.WebUIKeywordMain.stepFailed(WebUIKeywordMain.groovy:64)
	at com.kms.katalon.core.webui.keyword.builtin.VerifyTextPresentKeyword$_verifyTextPresent_closure1.doCall(VerifyTextPresentKeyword.groovy:79)
	at com.kms.katalon.core.webui.keyword.builtin.VerifyTextPresentKeyword$_verifyTextPresent_closure1.call(VerifyTextPresentKeyword.groovy)
	at com.kms.katalon.core.webui.keyword.internal.WebUIKeywordMain.runKeyword(WebUIKeywordMain.groovy:20)
	... 19 more
)

2023-10-03 14:01:55 - [MESSAGE][FAILED] - Text 'Please complete the file.' is not present on page  (Root cause: com.kms.katalon.core.exception.StepFailedException: Text 'Please complete the file.' is not present on page 
	at com.kms.katalon.core.webui.keyword.internal.WebUIKeywordMain.stepFailed(WebUIKeywordMain.groovy:64)
	at com.kms.katalon.core.webui.keyword.builtin.VerifyTextPresentKeyword$_verifyTextPresent_closure1.doCall(VerifyTextPresentKeyword.groovy:79)
	at com.kms.katalon.core.webui.keyword.builtin.VerifyTextPresentKeyword$_verifyTextPresent_closure1.call(VerifyTextPresentKeyword.groovy)
	at com.kms.katalon.core.webui.keyword.internal.WebUIKeywordMain.runKeyword(WebUIKeywordMain.groovy:20)
	at com.kms.katalon.core.webui.keyword.builtin.VerifyTextPresentKeyword.verifyTextPresent(VerifyTextPresentKeyword.groovy:83)
	at com.kms.katalon.core.webui.keyword.builtin.VerifyTextPresentKeyword.execute(VerifyTextPresentKeyword.groovy:68)
	at com.kms.katalon.core.keyword.internal.KeywordExecutor.executeKeywordForPlatform(KeywordExecutor.groovy:74)
	at com.kms.katalon.core.webui.keyword.WebUiBuiltInKeywords.verifyTextPresent(WebUiBuiltInKeywords.groovy:1723)
	at com.kms.katalon.core.webui.keyword.WebUiBuiltInKeywords$verifyTextPresent$11.call(Unknown Source)
	at JK-008.run(JK-008:42)
	at com.kms.katalon.core.main.ScriptEngine.run(ScriptEngine.java:194)
	at com.kms.katalon.core.main.ScriptEngine.runScriptAsRawText(ScriptEngine.java:119)
	at com.kms.katalon.core.main.TestCaseExecutor.runScript(TestCaseExecutor.java:448)
	at com.kms.katalon.core.main.TestCaseExecutor.doExecute(TestCaseExecutor.java:439)
	at com.kms.katalon.core.main.TestCaseExecutor.processExecutionPhase(TestCaseExecutor.java:418)
	at com.kms.katalon.core.main.TestCaseExecutor.accessMainPhase(TestCaseExecutor.java:410)
	at com.kms.katalon.core.main.TestCaseExecutor.execute(TestCaseExecutor.java:285)
	at com.kms.katalon.core.common.CommonExecutor.accessTestCaseMainPhase(CommonExecutor.java:65)
	at com.kms.katalon.core.main.TestSuiteExecutor.accessTestSuiteMainPhase(TestSuiteExecutor.java:148)
	at com.kms.katalon.core.main.TestSuiteExecutor.execute(TestSuiteExecutor.java:106)
	at com.kms.katalon.core.main.TestCaseMain.startTestSuite(TestCaseMain.java:187)
	at com.kms.katalon.core.main.TestCaseMain$startTestSuite$0.call(Unknown Source)
	at TempTestSuite1696316330175.run(TempTestSuite1696316330175.groovy:36)
)

2023-10-03 14:01:55 - [MESSAGE][FAILED] - Unable to verify text 'Please complete the file.' is present  (Root cause: com.kms.katalon.core.exception.StepFailedException: Unable to verify text 'Please complete the file.' is present 
	at com.kms.katalon.core.webui.keyword.internal.WebUIKeywordMain.stepFailed(WebUIKeywordMain.groovy:64)
	at com.kms.katalon.core.webui.keyword.internal.WebUIKeywordMain.runKeyword(WebUIKeywordMain.groovy:26)
	at com.kms.katalon.core.webui.keyword.builtin.VerifyTextPresentKeyword.verifyTextPresent(VerifyTextPresentKeyword.groovy:83)
	at com.kms.katalon.core.webui.keyword.builtin.VerifyTextPresentKeyword.execute(VerifyTextPresentKeyword.groovy:68)
	at com.kms.katalon.core.keyword.internal.KeywordExecutor.executeKeywordForPlatform(KeywordExecutor.groovy:74)
	at com.kms.katalon.core.webui.keyword.WebUiBuiltInKeywords.verifyTextPresent(WebUiBuiltInKeywords.groovy:1723)
	at com.kms.katalon.core.webui.keyword.WebUiBuiltInKeywords$verifyTextPresent$11.call(Unknown Source)
	at JK-008.run(JK-008:42)
	at com.kms.katalon.core.main.ScriptEngine.run(ScriptEngine.java:194)
	at com.kms.katalon.core.main.ScriptEngine.runScriptAsRawText(ScriptEngine.java:119)
	at com.kms.katalon.core.main.TestCaseExecutor.runScript(TestCaseExecutor.java:448)
	at com.kms.katalon.core.main.TestCaseExecutor.doExecute(TestCaseExecutor.java:439)
	at com.kms.katalon.core.main.TestCaseExecutor.processExecutionPhase(TestCaseExecutor.java:418)
	at com.kms.katalon.core.main.TestCaseExecutor.accessMainPhase(TestCaseExecutor.java:410)
	at com.kms.katalon.core.main.TestCaseExecutor.execute(TestCaseExecutor.java:285)
	at com.kms.katalon.core.common.CommonExecutor.accessTestCaseMainPhase(CommonExecutor.java:65)
	at com.kms.katalon.core.main.TestSuiteExecutor.accessTestSuiteMainPhase(TestSuiteExecutor.java:148)
	at com.kms.katalon.core.main.TestSuiteExecutor.execute(TestSuiteExecutor.java:106)
	at com.kms.katalon.core.main.TestCaseMain.startTestSuite(TestCaseMain.java:187)
	at com.kms.katalon.core.main.TestCaseMain$startTestSuite$0.call(Unknown Source)
	at TempTestSuite1696316330175.run(TempTestSuite1696316330175.groovy:36)
Caused by: com.kms.katalon.core.exception.StepFailedException: Text 'Please complete the file.' is not present on page 
	at com.kms.katalon.core.webui.keyword.internal.WebUIKeywordMain.stepFailed(WebUIKeywordMain.groovy:64)
	at com.kms.katalon.core.webui.keyword.builtin.VerifyTextPresentKeyword$_verifyTextPresent_closure1.doCall(VerifyTextPresentKeyword.groovy:79)
	at com.kms.katalon.core.webui.keyword.builtin.VerifyTextPresentKeyword$_verifyTextPresent_closure1.call(VerifyTextPresentKeyword.groovy)
	at com.kms.katalon.core.webui.keyword.internal.WebUIKeywordMain.runKeyword(WebUIKeywordMain.groovy:20)
	... 19 more
)
[[ATTACHMENT|D:\\BOOTCAMP XSIS\\Projek 2 MINI PROJEK\\Reports\\20231003_135850\\jadi kurir\\T05 jadi kurir\\20231003_135850\\1696316515668.png]]]]></system-out>
         <system-err><![CDATA[2023-10-03 14:01:32 - [TEST_CASE][FAILED] - Test Cases/T05 Jadi Kurir/JK-008: Test Cases/T05 Jadi Kurir/JK-008 FAILED.
Reason:
com.kms.katalon.core.exception.StepFailedException: Unable to verify text 'Please complete the file.' is present 
	at com.kms.katalon.core.webui.keyword.internal.WebUIKeywordMain.stepFailed(WebUIKeywordMain.groovy:64)
	at com.kms.katalon.core.webui.keyword.internal.WebUIKeywordMain.runKeyword(WebUIKeywordMain.groovy:26)
	at com.kms.katalon.core.webui.keyword.builtin.VerifyTextPresentKeyword.verifyTextPresent(VerifyTextPresentKeyword.groovy:83)
	at com.kms.katalon.core.webui.keyword.builtin.VerifyTextPresentKeyword.execute(VerifyTextPresentKeyword.groovy:68)
	at com.kms.katalon.core.keyword.internal.KeywordExecutor.executeKeywordForPlatform(KeywordExecutor.groovy:74)
	at com.kms.katalon.core.webui.keyword.WebUiBuiltInKeywords.verifyTextPresent(WebUiBuiltInKeywords.groovy:1723)
	at com.kms.katalon.core.webui.keyword.WebUiBuiltInKeywords$verifyTextPresent$11.call(Unknown Source)
	at JK-008.run(JK-008:42)
	at com.kms.katalon.core.main.ScriptEngine.run(ScriptEngine.java:194)
	at com.kms.katalon.core.main.ScriptEngine.runScriptAsRawText(ScriptEngine.java:119)
	at com.kms.katalon.core.main.TestCaseExecutor.runScript(TestCaseExecutor.java:448)
	at com.kms.katalon.core.main.TestCaseExecutor.doExecute(TestCaseExecutor.java:439)
	at com.kms.katalon.core.main.TestCaseExecutor.processExecutionPhase(TestCaseExecutor.java:418)
	at com.kms.katalon.core.main.TestCaseExecutor.accessMainPhase(TestCaseExecutor.java:410)
	at com.kms.katalon.core.main.TestCaseExecutor.execute(TestCaseExecutor.java:285)
	at com.kms.katalon.core.common.CommonExecutor.accessTestCaseMainPhase(CommonExecutor.java:65)
	at com.kms.katalon.core.main.TestSuiteExecutor.accessTestSuiteMainPhase(TestSuiteExecutor.java:148)
	at com.kms.katalon.core.main.TestSuiteExecutor.execute(TestSuiteExecutor.java:106)
	at com.kms.katalon.core.main.TestCaseMain.startTestSuite(TestCaseMain.java:187)
	at com.kms.katalon.core.main.TestCaseMain$startTestSuite$0.call(Unknown Source)
	at TempTestSuite1696316330175.run(TempTestSuite1696316330175.groovy:36)
Caused by: com.kms.katalon.core.exception.StepFailedException: Text 'Please complete the file.' is not present on page 
	at com.kms.katalon.core.webui.keyword.internal.WebUIKeywordMain.stepFailed(WebUIKeywordMain.groovy:64)
	at com.kms.katalon.core.webui.keyword.builtin.VerifyTextPresentKeyword$_verifyTextPresent_closure1.doCall(VerifyTextPresentKeyword.groovy:79)
	at com.kms.katalon.core.webui.keyword.builtin.VerifyTextPresentKeyword$_verifyTextPresent_closure1.call(VerifyTextPresentKeyword.groovy)
	at com.kms.katalon.core.webui.keyword.internal.WebUIKeywordMain.runKeyword(WebUIKeywordMain.groovy:20)
	... 19 more]]></system-err>
      </testcase>
      <testcase name="Test Cases/T05 Jadi Kurir/JK-009" time="22.694" classname="Test Cases/T05 Jadi Kurir/JK-009" status="FAILED">
         <failure type="FAILED" message="Test Cases/T05 Jadi Kurir/JK-009 FAILED.
Reason:
com.kms.katalon.core.exception.StepFailedException: Unable to verify text 'plat nomor kendaraan tidak sesuai dengan format wilayah indonesia' is present 
	at com.kms.katalon.core.webui.keyword.internal.WebUIKeywordMain.stepFailed(WebUIKeywordMain.groovy:64)
	at com.kms.katalon.core.webui.keyword.internal.WebUIKeywordMain.runKeyword(WebUIKeywordMain.groovy:26)
	at com.kms.katalon.core.webui.keyword.builtin.VerifyTextPresentKeyword.verifyTextPresent(VerifyTextPresentKeyword.groovy:83)
	at com.kms.katalon.core.webui.keyword.builtin.VerifyTextPresentKeyword.execute(VerifyTextPresentKeyword.groovy:68)
	at com.kms.katalon.core.keyword.internal.KeywordExecutor.executeKeywordForPlatform(KeywordExecutor.groovy:74)
	at com.kms.katalon.core.webui.keyword.WebUiBuiltInKeywords.verifyTextPresent(WebUiBuiltInKeywords.groovy:1723)
	at com.kms.katalon.core.webui.keyword.WebUiBuiltInKeywords$verifyTextPresent$11.call(Unknown Source)
	at JK-009.run(JK-009:42)
	at com.kms.katalon.core.main.ScriptEngine.run(ScriptEngine.java:194)
	at com.kms.katalon.core.main.ScriptEngine.runScriptAsRawText(ScriptEngine.java:119)
	at com.kms.katalon.core.main.TestCaseExecutor.runScript(TestCaseExecutor.java:448)
	at com.kms.katalon.core.main.TestCaseExecutor.doExecute(TestCaseExecutor.java:439)
	at com.kms.katalon.core.main.TestCaseExecutor.processExecutionPhase(TestCaseExecutor.java:418)
	at com.kms.katalon.core.main.TestCaseExecutor.accessMainPhase(TestCaseExecutor.java:410)
	at com.kms.katalon.core.main.TestCaseExecutor.execute(TestCaseExecutor.java:285)
	at com.kms.katalon.core.common.CommonExecutor.accessTestCaseMainPhase(CommonExecutor.java:65)
	at com.kms.katalon.core.main.TestSuiteExecutor.accessTestSuiteMainPhase(TestSuiteExecutor.java:148)
	at com.kms.katalon.core.main.TestSuiteExecutor.execute(TestSuiteExecutor.java:106)
	at com.kms.katalon.core.main.TestCaseMain.startTestSuite(TestCaseMain.java:187)
	at com.kms.katalon.core.main.TestCaseMain$startTestSuite$0.call(Unknown Source)
	at TempTestSuite1696316330175.run(TempTestSuite1696316330175.groovy:36)
Caused by: com.kms.katalon.core.exception.StepFailedException: Text 'plat nomor kendaraan tidak sesuai dengan format wilayah indonesia' is not present on page 
	at com.kms.katalon.core.webui.keyword.internal.WebUIKeywordMain.stepFailed(WebUIKeywordMain.groovy:64)
	at com.kms.katalon.core.webui.keyword.builtin.VerifyTextPresentKeyword$_verifyTextPresent_closure1.doCall(VerifyTextPresentKeyword.groovy:79)
	at com.kms.katalon.core.webui.keyword.builtin.VerifyTextPresentKeyword$_verifyTextPresent_closure1.call(VerifyTextPresentKeyword.groovy)
	at com.kms.katalon.core.webui.keyword.internal.WebUIKeywordMain.runKeyword(WebUIKeywordMain.groovy:20)
	... 19 more
"/>
         <system-out><![CDATA[2023-10-03 14:01:55 - [TEST_CASE][FAILED] - Test Cases/T05 Jadi Kurir/JK-009: Test Cases/T05 Jadi Kurir/JK-009 FAILED.
Reason:
com.kms.katalon.core.exception.StepFailedException: Unable to verify text 'plat nomor kendaraan tidak sesuai dengan format wilayah indonesia' is present 
	at com.kms.katalon.core.webui.keyword.internal.WebUIKeywordMain.stepFailed(WebUIKeywordMain.groovy:64)
	at com.kms.katalon.core.webui.keyword.internal.WebUIKeywordMain.runKeyword(WebUIKeywordMain.groovy:26)
	at com.kms.katalon.core.webui.keyword.builtin.VerifyTextPresentKeyword.verifyTextPresent(VerifyTextPresentKeyword.groovy:83)
	at com.kms.katalon.core.webui.keyword.builtin.VerifyTextPresentKeyword.execute(VerifyTextPresentKeyword.groovy:68)
	at com.kms.katalon.core.keyword.internal.KeywordExecutor.executeKeywordForPlatform(KeywordExecutor.groovy:74)
	at com.kms.katalon.core.webui.keyword.WebUiBuiltInKeywords.verifyTextPresent(WebUiBuiltInKeywords.groovy:1723)
	at com.kms.katalon.core.webui.keyword.WebUiBuiltInKeywords$verifyTextPresent$11.call(Unknown Source)
	at JK-009.run(JK-009:42)
	at com.kms.katalon.core.main.ScriptEngine.run(ScriptEngine.java:194)
	at com.kms.katalon.core.main.ScriptEngine.runScriptAsRawText(ScriptEngine.java:119)
	at com.kms.katalon.core.main.TestCaseExecutor.runScript(TestCaseExecutor.java:448)
	at com.kms.katalon.core.main.TestCaseExecutor.doExecute(TestCaseExecutor.java:439)
	at com.kms.katalon.core.main.TestCaseExecutor.processExecutionPhase(TestCaseExecutor.java:418)
	at com.kms.katalon.core.main.TestCaseExecutor.accessMainPhase(TestCaseExecutor.java:410)
	at com.kms.katalon.core.main.TestCaseExecutor.execute(TestCaseExecutor.java:285)
	at com.kms.katalon.core.common.CommonExecutor.accessTestCaseMainPhase(CommonExecutor.java:65)
	at com.kms.katalon.core.main.TestSuiteExecutor.accessTestSuiteMainPhase(TestSuiteExecutor.java:148)
	at com.kms.katalon.core.main.TestSuiteExecutor.execute(TestSuiteExecutor.java:106)
	at com.kms.katalon.core.main.TestCaseMain.startTestSuite(TestCaseMain.java:187)
	at com.kms.katalon.core.main.TestCaseMain$startTestSuite$0.call(Unknown Source)
	at TempTestSuite1696316330175.run(TempTestSuite1696316330175.groovy:36)
Caused by: com.kms.katalon.core.exception.StepFailedException: Text 'plat nomor kendaraan tidak sesuai dengan format wilayah indonesia' is not present on page 
	at com.kms.katalon.core.webui.keyword.internal.WebUIKeywordMain.stepFailed(WebUIKeywordMain.groovy:64)
	at com.kms.katalon.core.webui.keyword.builtin.VerifyTextPresentKeyword$_verifyTextPresent_closure1.doCall(VerifyTextPresentKeyword.groovy:79)
	at com.kms.katalon.core.webui.keyword.builtin.VerifyTextPresentKeyword$_verifyTextPresent_closure1.call(VerifyTextPresentKeyword.groovy)
	at com.kms.katalon.core.webui.keyword.internal.WebUIKeywordMain.runKeyword(WebUIKeywordMain.groovy:20)
	... 19 more


2023-10-03 14:01:56 - [TEST_STEP][PASSED] - callTestCase(findTestCase("T05 Jadi Kurir/JK-001"), [:], STOP_ON_FAILURE): Call Test Case 'Test Cases/T05 Jadi Kurir/JK-001' successfully

2023-10-03 14:01:56 - [TEST_CASE][PASSED] - Test Cases/T05 Jadi Kurir/JK-001: Test Cases/T05 Jadi Kurir/JK-001

2023-10-03 14:01:56 - [TEST_STEP][PASSED] - callTestCase(findTestCase("T05 Jadi Kurir/LU-001"), ["username":"irfanafandi", "password":"12345irfan"], STOP_ON_FAILURE): Call Test Case 'Test Cases/T05 Jadi Kurir/LU-001' successfully

2023-10-03 14:01:56 - [TEST_CASE][PASSED] - Test Cases/T05 Jadi Kurir/LU-001: Test Cases/T05 Jadi Kurir/LU-001

2023-10-03 14:01:56 - [TEST_STEP][PASSED] - openBrowser("https://10.9.2.63/ecommerce/"): Browser is opened with url: 'https://10.9.2.63/ecommerce/'

2023-10-03 14:01:56 - [MESSAGE][WARNING] - A browser is already opened. Closing browser and opening a new one

2023-10-03 14:01:57 - [MESSAGE][INFO] - Starting 'Firefox' driver

2023-10-03 14:01:57 - [MESSAGE][INFO] - User set preference: ['args', '[--disable-notifications]']

2023-10-03 14:01:57 - [MESSAGE][INFO] - Action delay is set to 0 milliseconds

2023-10-03 14:02:02 - [MESSAGE][PASSED] - Browser is opened with url: 'https://10.9.2.63/ecommerce/'

2023-10-03 14:02:02 - [TEST_STEP][PASSED] - maximizeWindow(): Current window maximized

2023-10-03 14:02:02 - [MESSAGE][PASSED] - Current window maximized

2023-10-03 14:02:02 - [TEST_STEP][PASSED] - verifyElementPresent(findTestObject("Login/Home"), 0): Object 'Object Repository/Login/Home' is present

2023-10-03 14:02:02 - [MESSAGE][WARNING] - Timeout '0' is invalid. Using default page load timeout: '30'

2023-10-03 14:02:03 - [MESSAGE][PASSED] - Object 'Object Repository/Login/Home' is present

2023-10-03 14:02:03 - [TEST_STEP][PASSED] - click(findTestObject("Login/a_Login")): Object: 'Object Repository/Login/a_Login' is clicked on

2023-10-03 14:02:03 - [MESSAGE][PASSED] - Object: 'Object Repository/Login/a_Login' is clicked on

2023-10-03 14:02:03 - [TEST_STEP][PASSED] - verifyElementPresent(findTestObject("Login/Tittle Login"), 0): Object 'Object Repository/Login/Tittle Login' is present

2023-10-03 14:02:04 - [MESSAGE][WARNING] - Timeout '0' is invalid. Using default page load timeout: '30'

2023-10-03 14:02:04 - [MESSAGE][PASSED] - Object 'Object Repository/Login/Tittle Login' is present

2023-10-03 14:02:04 - [TEST_STEP][PASSED] - setText(findTestObject("Login/input_Username, Email atau No. Handphone_a"), username): Text 'irfanafandi' is set on object 'Object Repository/Login/input_Username, Email atau No. Handphone_a'

2023-10-03 14:02:05 - [MESSAGE][PASSED] - Text 'irfanafandi' is set on object 'Object Repository/Login/input_Username, Email atau No. Handphone_a'

2023-10-03 14:02:05 - [TEST_STEP][PASSED] - setText(findTestObject("Login/input_Password_b"), password): Text '12345irfan' is set on object 'Object Repository/Login/input_Password_b'

2023-10-03 14:02:05 - [MESSAGE][PASSED] - Text '12345irfan' is set on object 'Object Repository/Login/input_Password_b'

2023-10-03 14:02:05 - [TEST_STEP][PASSED] - click(findTestObject("Login/label_Ingat saya")): Object: 'Object Repository/Login/label_Ingat saya' is clicked on

2023-10-03 14:02:06 - [MESSAGE][PASSED] - Object: 'Object Repository/Login/label_Ingat saya' is clicked on

2023-10-03 14:02:06 - [TEST_STEP][PASSED] - click(findTestObject("Login/button_Masuk")): Object: 'Object Repository/Login/button_Masuk' is clicked on

2023-10-03 14:02:07 - [MESSAGE][PASSED] - Object: 'Object Repository/Login/button_Masuk' is clicked on

2023-10-03 14:02:07 - [TEST_STEP][PASSED] - verifyElementPresent(findTestObject("Login/li_Profile"), 0): Object 'Object Repository/Login/li_Profile' is present

2023-10-03 14:02:07 - [MESSAGE][WARNING] - Timeout '0' is invalid. Using default page load timeout: '30'

2023-10-03 14:02:08 - [MESSAGE][PASSED] - Object 'Object Repository/Login/li_Profile' is present

2023-10-03 14:02:08 - [MESSAGE][PASSED] - Call Test Case 'Test Cases/T05 Jadi Kurir/LU-001' successfully

2023-10-03 14:02:08 - [TEST_STEP][PASSED] - click(findTestObject("Jadi kurir/a_Jadi Kurir")): Object: 'Object Repository/Jadi kurir/a_Jadi Kurir' is clicked on

2023-10-03 14:02:09 - [MESSAGE][PASSED] - Object: 'Object Repository/Jadi kurir/a_Jadi Kurir' is clicked on

2023-10-03 14:02:09 - [TEST_STEP][PASSED] - verifyElementPresent(findTestObject("Jadi kurir/li_Profile Kurir"), 0): Object 'Object Repository/Jadi kurir/li_Profile Kurir' is present

2023-10-03 14:02:09 - [MESSAGE][WARNING] - Timeout '0' is invalid. Using default page load timeout: '30'

2023-10-03 14:02:10 - [MESSAGE][PASSED] - Object 'Object Repository/Jadi kurir/li_Profile Kurir' is present

2023-10-03 14:02:10 - [MESSAGE][PASSED] - Call Test Case 'Test Cases/T05 Jadi Kurir/JK-001' successfully

2023-10-03 14:02:10 - [TEST_STEP][PASSED] - click(findTestObject("Jadi kurir/a_Daftar  Edit Data")): Object: 'Object Repository/Jadi kurir/a_Daftar  Edit Data' is clicked on

2023-10-03 14:02:11 - [MESSAGE][PASSED] - Object: 'Object Repository/Jadi kurir/a_Daftar  Edit Data' is clicked on

2023-10-03 14:02:11 - [TEST_STEP][PASSED] - verifyElementPresent(findTestObject("Jadi kurir/li_Profile Kurir"), 0): Object 'Object Repository/Jadi kurir/li_Profile Kurir' is present

2023-10-03 14:02:11 - [MESSAGE][WARNING] - Timeout '0' is invalid. Using default page load timeout: '30'

2023-10-03 14:02:11 - [MESSAGE][PASSED] - Object 'Object Repository/Jadi kurir/li_Profile Kurir' is present

2023-10-03 14:02:11 - [TEST_STEP][PASSED] - selectOptionByValue(findTestObject("Jadi kurir/select_- Pilih Kendaraan -Roda 2Roda 4"), Jenis, false): All options with value '2' are selected in object 'Object Repository/Jadi kurir/select_- Pilih Kendaraan -Roda 2Roda 4' 

2023-10-03 14:02:12 - [MESSAGE][PASSED] - All options with value '2' are selected in object 'Object Repository/Jadi kurir/select_- Pilih Kendaraan -Roda 2Roda 4' 

2023-10-03 14:02:12 - [TEST_STEP][PASSED] - setText(findTestObject("Jadi kurir/input_Merek Kendaraan"), Merek_Kendaraan): Text 'toyota supra' is set on object 'Object Repository/Jadi kurir/input_Merek Kendaraan'

2023-10-03 14:02:13 - [MESSAGE][PASSED] - Text 'toyota supra' is set on object 'Object Repository/Jadi kurir/input_Merek Kendaraan'

2023-10-03 14:02:13 - [TEST_STEP][PASSED] - setText(findTestObject("Jadi kurir/input_Plat Nomor"), Plat_Nomor): Text 'Udin' is set on object 'Object Repository/Jadi kurir/input_Plat Nomor'

2023-10-03 14:02:14 - [MESSAGE][PASSED] - Text 'Udin' is set on object 'Object Repository/Jadi kurir/input_Plat Nomor'

2023-10-03 14:02:14 - [TEST_STEP][PASSED] - setText(findTestObject("Jadi kurir/textarea_Keterangan"), Keterangan): Text 'mau daftar dong bang' is set on object 'Object Repository/Jadi kurir/textarea_Keterangan'

2023-10-03 14:02:14 - [MESSAGE][PASSED] - Text 'mau daftar dong bang' is set on object 'Object Repository/Jadi kurir/textarea_Keterangan'

2023-10-03 14:02:14 - [TEST_STEP][PASSED] - uploadFile(findTestObject("Object Repository/Jadi kurir/input_Choose files_uploadFile"), Berkas): File 'C:\Users\IRFAN\Downloads\Berkas2.pdf' sent to object: 'Object Repository/Jadi kurir/input_Choose files_uploadFile'

2023-10-03 14:02:15 - [MESSAGE][PASSED] - File 'C:\Users\IRFAN\Downloads\Berkas2.pdf' sent to object: 'Object Repository/Jadi kurir/input_Choose files_uploadFile'

2023-10-03 14:02:15 - [TEST_STEP][PASSED] - click(findTestObject("Jadi kurir/button_Simpan Perubahan")): Object: 'Object Repository/Jadi kurir/button_Simpan Perubahan' is clicked on

2023-10-03 14:02:17 - [MESSAGE][PASSED] - Object: 'Object Repository/Jadi kurir/button_Simpan Perubahan' is clicked on

2023-10-03 14:02:17 - [TEST_STEP][FAILED] - verifyTextPresent("plat nomor kendaraan tidak sesuai dengan format wilayah indonesia", false): Unable to verify text 'plat nomor kendaraan tidak sesuai dengan format wilayah indonesia' is present  (Root cause: com.kms.katalon.core.exception.StepFailedException: Unable to verify text 'plat nomor kendaraan tidak sesuai dengan format wilayah indonesia' is present 
	at com.kms.katalon.core.webui.keyword.internal.WebUIKeywordMain.stepFailed(WebUIKeywordMain.groovy:64)
	at com.kms.katalon.core.webui.keyword.internal.WebUIKeywordMain.runKeyword(WebUIKeywordMain.groovy:26)
	at com.kms.katalon.core.webui.keyword.builtin.VerifyTextPresentKeyword.verifyTextPresent(VerifyTextPresentKeyword.groovy:83)
	at com.kms.katalon.core.webui.keyword.builtin.VerifyTextPresentKeyword.execute(VerifyTextPresentKeyword.groovy:68)
	at com.kms.katalon.core.keyword.internal.KeywordExecutor.executeKeywordForPlatform(KeywordExecutor.groovy:74)
	at com.kms.katalon.core.webui.keyword.WebUiBuiltInKeywords.verifyTextPresent(WebUiBuiltInKeywords.groovy:1723)
	at com.kms.katalon.core.webui.keyword.WebUiBuiltInKeywords$verifyTextPresent$11.call(Unknown Source)
	at JK-009.run(JK-009:42)
	at com.kms.katalon.core.main.ScriptEngine.run(ScriptEngine.java:194)
	at com.kms.katalon.core.main.ScriptEngine.runScriptAsRawText(ScriptEngine.java:119)
	at com.kms.katalon.core.main.TestCaseExecutor.runScript(TestCaseExecutor.java:448)
	at com.kms.katalon.core.main.TestCaseExecutor.doExecute(TestCaseExecutor.java:439)
	at com.kms.katalon.core.main.TestCaseExecutor.processExecutionPhase(TestCaseExecutor.java:418)
	at com.kms.katalon.core.main.TestCaseExecutor.accessMainPhase(TestCaseExecutor.java:410)
	at com.kms.katalon.core.main.TestCaseExecutor.execute(TestCaseExecutor.java:285)
	at com.kms.katalon.core.common.CommonExecutor.accessTestCaseMainPhase(CommonExecutor.java:65)
	at com.kms.katalon.core.main.TestSuiteExecutor.accessTestSuiteMainPhase(TestSuiteExecutor.java:148)
	at com.kms.katalon.core.main.TestSuiteExecutor.execute(TestSuiteExecutor.java:106)
	at com.kms.katalon.core.main.TestCaseMain.startTestSuite(TestCaseMain.java:187)
	at com.kms.katalon.core.main.TestCaseMain$startTestSuite$0.call(Unknown Source)
	at TempTestSuite1696316330175.run(TempTestSuite1696316330175.groovy:36)
Caused by: com.kms.katalon.core.exception.StepFailedException: Text 'plat nomor kendaraan tidak sesuai dengan format wilayah indonesia' is not present on page 
	at com.kms.katalon.core.webui.keyword.internal.WebUIKeywordMain.stepFailed(WebUIKeywordMain.groovy:64)
	at com.kms.katalon.core.webui.keyword.builtin.VerifyTextPresentKeyword$_verifyTextPresent_closure1.doCall(VerifyTextPresentKeyword.groovy:79)
	at com.kms.katalon.core.webui.keyword.builtin.VerifyTextPresentKeyword$_verifyTextPresent_closure1.call(VerifyTextPresentKeyword.groovy)
	at com.kms.katalon.core.webui.keyword.internal.WebUIKeywordMain.runKeyword(WebUIKeywordMain.groovy:20)
	... 19 more
)

2023-10-03 14:02:18 - [MESSAGE][FAILED] - Text 'plat nomor kendaraan tidak sesuai dengan format wilayah indonesia' is not present on page  (Root cause: com.kms.katalon.core.exception.StepFailedException: Text 'plat nomor kendaraan tidak sesuai dengan format wilayah indonesia' is not present on page 
	at com.kms.katalon.core.webui.keyword.internal.WebUIKeywordMain.stepFailed(WebUIKeywordMain.groovy:64)
	at com.kms.katalon.core.webui.keyword.builtin.VerifyTextPresentKeyword$_verifyTextPresent_closure1.doCall(VerifyTextPresentKeyword.groovy:79)
	at com.kms.katalon.core.webui.keyword.builtin.VerifyTextPresentKeyword$_verifyTextPresent_closure1.call(VerifyTextPresentKeyword.groovy)
	at com.kms.katalon.core.webui.keyword.internal.WebUIKeywordMain.runKeyword(WebUIKeywordMain.groovy:20)
	at com.kms.katalon.core.webui.keyword.builtin.VerifyTextPresentKeyword.verifyTextPresent(VerifyTextPresentKeyword.groovy:83)
	at com.kms.katalon.core.webui.keyword.builtin.VerifyTextPresentKeyword.execute(VerifyTextPresentKeyword.groovy:68)
	at com.kms.katalon.core.keyword.internal.KeywordExecutor.executeKeywordForPlatform(KeywordExecutor.groovy:74)
	at com.kms.katalon.core.webui.keyword.WebUiBuiltInKeywords.verifyTextPresent(WebUiBuiltInKeywords.groovy:1723)
	at com.kms.katalon.core.webui.keyword.WebUiBuiltInKeywords$verifyTextPresent$11.call(Unknown Source)
	at JK-009.run(JK-009:42)
	at com.kms.katalon.core.main.ScriptEngine.run(ScriptEngine.java:194)
	at com.kms.katalon.core.main.ScriptEngine.runScriptAsRawText(ScriptEngine.java:119)
	at com.kms.katalon.core.main.TestCaseExecutor.runScript(TestCaseExecutor.java:448)
	at com.kms.katalon.core.main.TestCaseExecutor.doExecute(TestCaseExecutor.java:439)
	at com.kms.katalon.core.main.TestCaseExecutor.processExecutionPhase(TestCaseExecutor.java:418)
	at com.kms.katalon.core.main.TestCaseExecutor.accessMainPhase(TestCaseExecutor.java:410)
	at com.kms.katalon.core.main.TestCaseExecutor.execute(TestCaseExecutor.java:285)
	at com.kms.katalon.core.common.CommonExecutor.accessTestCaseMainPhase(CommonExecutor.java:65)
	at com.kms.katalon.core.main.TestSuiteExecutor.accessTestSuiteMainPhase(TestSuiteExecutor.java:148)
	at com.kms.katalon.core.main.TestSuiteExecutor.execute(TestSuiteExecutor.java:106)
	at com.kms.katalon.core.main.TestCaseMain.startTestSuite(TestCaseMain.java:187)
	at com.kms.katalon.core.main.TestCaseMain$startTestSuite$0.call(Unknown Source)
	at TempTestSuite1696316330175.run(TempTestSuite1696316330175.groovy:36)
)

2023-10-03 14:02:18 - [MESSAGE][FAILED] - Unable to verify text 'plat nomor kendaraan tidak sesuai dengan format wilayah indonesia' is present  (Root cause: com.kms.katalon.core.exception.StepFailedException: Unable to verify text 'plat nomor kendaraan tidak sesuai dengan format wilayah indonesia' is present 
	at com.kms.katalon.core.webui.keyword.internal.WebUIKeywordMain.stepFailed(WebUIKeywordMain.groovy:64)
	at com.kms.katalon.core.webui.keyword.internal.WebUIKeywordMain.runKeyword(WebUIKeywordMain.groovy:26)
	at com.kms.katalon.core.webui.keyword.builtin.VerifyTextPresentKeyword.verifyTextPresent(VerifyTextPresentKeyword.groovy:83)
	at com.kms.katalon.core.webui.keyword.builtin.VerifyTextPresentKeyword.execute(VerifyTextPresentKeyword.groovy:68)
	at com.kms.katalon.core.keyword.internal.KeywordExecutor.executeKeywordForPlatform(KeywordExecutor.groovy:74)
	at com.kms.katalon.core.webui.keyword.WebUiBuiltInKeywords.verifyTextPresent(WebUiBuiltInKeywords.groovy:1723)
	at com.kms.katalon.core.webui.keyword.WebUiBuiltInKeywords$verifyTextPresent$11.call(Unknown Source)
	at JK-009.run(JK-009:42)
	at com.kms.katalon.core.main.ScriptEngine.run(ScriptEngine.java:194)
	at com.kms.katalon.core.main.ScriptEngine.runScriptAsRawText(ScriptEngine.java:119)
	at com.kms.katalon.core.main.TestCaseExecutor.runScript(TestCaseExecutor.java:448)
	at com.kms.katalon.core.main.TestCaseExecutor.doExecute(TestCaseExecutor.java:439)
	at com.kms.katalon.core.main.TestCaseExecutor.processExecutionPhase(TestCaseExecutor.java:418)
	at com.kms.katalon.core.main.TestCaseExecutor.accessMainPhase(TestCaseExecutor.java:410)
	at com.kms.katalon.core.main.TestCaseExecutor.execute(TestCaseExecutor.java:285)
	at com.kms.katalon.core.common.CommonExecutor.accessTestCaseMainPhase(CommonExecutor.java:65)
	at com.kms.katalon.core.main.TestSuiteExecutor.accessTestSuiteMainPhase(TestSuiteExecutor.java:148)
	at com.kms.katalon.core.main.TestSuiteExecutor.execute(TestSuiteExecutor.java:106)
	at com.kms.katalon.core.main.TestCaseMain.startTestSuite(TestCaseMain.java:187)
	at com.kms.katalon.core.main.TestCaseMain$startTestSuite$0.call(Unknown Source)
	at TempTestSuite1696316330175.run(TempTestSuite1696316330175.groovy:36)
Caused by: com.kms.katalon.core.exception.StepFailedException: Text 'plat nomor kendaraan tidak sesuai dengan format wilayah indonesia' is not present on page 
	at com.kms.katalon.core.webui.keyword.internal.WebUIKeywordMain.stepFailed(WebUIKeywordMain.groovy:64)
	at com.kms.katalon.core.webui.keyword.builtin.VerifyTextPresentKeyword$_verifyTextPresent_closure1.doCall(VerifyTextPresentKeyword.groovy:79)
	at com.kms.katalon.core.webui.keyword.builtin.VerifyTextPresentKeyword$_verifyTextPresent_closure1.call(VerifyTextPresentKeyword.groovy)
	at com.kms.katalon.core.webui.keyword.internal.WebUIKeywordMain.runKeyword(WebUIKeywordMain.groovy:20)
	... 19 more
)
[[ATTACHMENT|D:\\BOOTCAMP XSIS\\Projek 2 MINI PROJEK\\Reports\\20231003_135850\\jadi kurir\\T05 jadi kurir\\20231003_135850\\1696316538282.png]]]]></system-out>
         <system-err><![CDATA[2023-10-03 14:01:55 - [TEST_CASE][FAILED] - Test Cases/T05 Jadi Kurir/JK-009: Test Cases/T05 Jadi Kurir/JK-009 FAILED.
Reason:
com.kms.katalon.core.exception.StepFailedException: Unable to verify text 'plat nomor kendaraan tidak sesuai dengan format wilayah indonesia' is present 
	at com.kms.katalon.core.webui.keyword.internal.WebUIKeywordMain.stepFailed(WebUIKeywordMain.groovy:64)
	at com.kms.katalon.core.webui.keyword.internal.WebUIKeywordMain.runKeyword(WebUIKeywordMain.groovy:26)
	at com.kms.katalon.core.webui.keyword.builtin.VerifyTextPresentKeyword.verifyTextPresent(VerifyTextPresentKeyword.groovy:83)
	at com.kms.katalon.core.webui.keyword.builtin.VerifyTextPresentKeyword.execute(VerifyTextPresentKeyword.groovy:68)
	at com.kms.katalon.core.keyword.internal.KeywordExecutor.executeKeywordForPlatform(KeywordExecutor.groovy:74)
	at com.kms.katalon.core.webui.keyword.WebUiBuiltInKeywords.verifyTextPresent(WebUiBuiltInKeywords.groovy:1723)
	at com.kms.katalon.core.webui.keyword.WebUiBuiltInKeywords$verifyTextPresent$11.call(Unknown Source)
	at JK-009.run(JK-009:42)
	at com.kms.katalon.core.main.ScriptEngine.run(ScriptEngine.java:194)
	at com.kms.katalon.core.main.ScriptEngine.runScriptAsRawText(ScriptEngine.java:119)
	at com.kms.katalon.core.main.TestCaseExecutor.runScript(TestCaseExecutor.java:448)
	at com.kms.katalon.core.main.TestCaseExecutor.doExecute(TestCaseExecutor.java:439)
	at com.kms.katalon.core.main.TestCaseExecutor.processExecutionPhase(TestCaseExecutor.java:418)
	at com.kms.katalon.core.main.TestCaseExecutor.accessMainPhase(TestCaseExecutor.java:410)
	at com.kms.katalon.core.main.TestCaseExecutor.execute(TestCaseExecutor.java:285)
	at com.kms.katalon.core.common.CommonExecutor.accessTestCaseMainPhase(CommonExecutor.java:65)
	at com.kms.katalon.core.main.TestSuiteExecutor.accessTestSuiteMainPhase(TestSuiteExecutor.java:148)
	at com.kms.katalon.core.main.TestSuiteExecutor.execute(TestSuiteExecutor.java:106)
	at com.kms.katalon.core.main.TestCaseMain.startTestSuite(TestCaseMain.java:187)
	at com.kms.katalon.core.main.TestCaseMain$startTestSuite$0.call(Unknown Source)
	at TempTestSuite1696316330175.run(TempTestSuite1696316330175.groovy:36)
Caused by: com.kms.katalon.core.exception.StepFailedException: Text 'plat nomor kendaraan tidak sesuai dengan format wilayah indonesia' is not present on page 
	at com.kms.katalon.core.webui.keyword.internal.WebUIKeywordMain.stepFailed(WebUIKeywordMain.groovy:64)
	at com.kms.katalon.core.webui.keyword.builtin.VerifyTextPresentKeyword$_verifyTextPresent_closure1.doCall(VerifyTextPresentKeyword.groovy:79)
	at com.kms.katalon.core.webui.keyword.builtin.VerifyTextPresentKeyword$_verifyTextPresent_closure1.call(VerifyTextPresentKeyword.groovy)
	at com.kms.katalon.core.webui.keyword.internal.WebUIKeywordMain.runKeyword(WebUIKeywordMain.groovy:20)
	... 19 more]]></system-err>
      </testcase>
      <testcase name="Test Cases/T05 Jadi Kurir/JK-010" time="22.373" classname="Test Cases/T05 Jadi Kurir/JK-010" status="FAILED">
         <failure type="FAILED" message="Test Cases/T05 Jadi Kurir/JK-010 FAILED.
Reason:
com.kms.katalon.core.exception.StepFailedException: Unable to verify text '&quot;plat nomor tidak terdaftar diseluruh wilayah SAMSAT indonesia' is present 
	at com.kms.katalon.core.webui.keyword.internal.WebUIKeywordMain.stepFailed(WebUIKeywordMain.groovy:64)
	at com.kms.katalon.core.webui.keyword.internal.WebUIKeywordMain.runKeyword(WebUIKeywordMain.groovy:26)
	at com.kms.katalon.core.webui.keyword.builtin.VerifyTextPresentKeyword.verifyTextPresent(VerifyTextPresentKeyword.groovy:83)
	at com.kms.katalon.core.webui.keyword.builtin.VerifyTextPresentKeyword.execute(VerifyTextPresentKeyword.groovy:68)
	at com.kms.katalon.core.keyword.internal.KeywordExecutor.executeKeywordForPlatform(KeywordExecutor.groovy:74)
	at com.kms.katalon.core.webui.keyword.WebUiBuiltInKeywords.verifyTextPresent(WebUiBuiltInKeywords.groovy:1723)
	at com.kms.katalon.core.webui.keyword.WebUiBuiltInKeywords$verifyTextPresent$11.call(Unknown Source)
	at JK-010.run(JK-010:42)
	at com.kms.katalon.core.main.ScriptEngine.run(ScriptEngine.java:194)
	at com.kms.katalon.core.main.ScriptEngine.runScriptAsRawText(ScriptEngine.java:119)
	at com.kms.katalon.core.main.TestCaseExecutor.runScript(TestCaseExecutor.java:448)
	at com.kms.katalon.core.main.TestCaseExecutor.doExecute(TestCaseExecutor.java:439)
	at com.kms.katalon.core.main.TestCaseExecutor.processExecutionPhase(TestCaseExecutor.java:418)
	at com.kms.katalon.core.main.TestCaseExecutor.accessMainPhase(TestCaseExecutor.java:410)
	at com.kms.katalon.core.main.TestCaseExecutor.execute(TestCaseExecutor.java:285)
	at com.kms.katalon.core.common.CommonExecutor.accessTestCaseMainPhase(CommonExecutor.java:65)
	at com.kms.katalon.core.main.TestSuiteExecutor.accessTestSuiteMainPhase(TestSuiteExecutor.java:148)
	at com.kms.katalon.core.main.TestSuiteExecutor.execute(TestSuiteExecutor.java:106)
	at com.kms.katalon.core.main.TestCaseMain.startTestSuite(TestCaseMain.java:187)
	at com.kms.katalon.core.main.TestCaseMain$startTestSuite$0.call(Unknown Source)
	at TempTestSuite1696316330175.run(TempTestSuite1696316330175.groovy:36)
Caused by: com.kms.katalon.core.exception.StepFailedException: Text '&quot;plat nomor tidak terdaftar diseluruh wilayah SAMSAT indonesia' is not present on page 
	at com.kms.katalon.core.webui.keyword.internal.WebUIKeywordMain.stepFailed(WebUIKeywordMain.groovy:64)
	at com.kms.katalon.core.webui.keyword.builtin.VerifyTextPresentKeyword$_verifyTextPresent_closure1.doCall(VerifyTextPresentKeyword.groovy:79)
	at com.kms.katalon.core.webui.keyword.builtin.VerifyTextPresentKeyword$_verifyTextPresent_closure1.call(VerifyTextPresentKeyword.groovy)
	at com.kms.katalon.core.webui.keyword.internal.WebUIKeywordMain.runKeyword(WebUIKeywordMain.groovy:20)
	... 19 more
"/>
         <system-out><![CDATA[2023-10-03 14:02:18 - [TEST_CASE][FAILED] - Test Cases/T05 Jadi Kurir/JK-010: Test Cases/T05 Jadi Kurir/JK-010 FAILED.
Reason:
com.kms.katalon.core.exception.StepFailedException: Unable to verify text '"plat nomor tidak terdaftar diseluruh wilayah SAMSAT indonesia' is present 
	at com.kms.katalon.core.webui.keyword.internal.WebUIKeywordMain.stepFailed(WebUIKeywordMain.groovy:64)
	at com.kms.katalon.core.webui.keyword.internal.WebUIKeywordMain.runKeyword(WebUIKeywordMain.groovy:26)
	at com.kms.katalon.core.webui.keyword.builtin.VerifyTextPresentKeyword.verifyTextPresent(VerifyTextPresentKeyword.groovy:83)
	at com.kms.katalon.core.webui.keyword.builtin.VerifyTextPresentKeyword.execute(VerifyTextPresentKeyword.groovy:68)
	at com.kms.katalon.core.keyword.internal.KeywordExecutor.executeKeywordForPlatform(KeywordExecutor.groovy:74)
	at com.kms.katalon.core.webui.keyword.WebUiBuiltInKeywords.verifyTextPresent(WebUiBuiltInKeywords.groovy:1723)
	at com.kms.katalon.core.webui.keyword.WebUiBuiltInKeywords$verifyTextPresent$11.call(Unknown Source)
	at JK-010.run(JK-010:42)
	at com.kms.katalon.core.main.ScriptEngine.run(ScriptEngine.java:194)
	at com.kms.katalon.core.main.ScriptEngine.runScriptAsRawText(ScriptEngine.java:119)
	at com.kms.katalon.core.main.TestCaseExecutor.runScript(TestCaseExecutor.java:448)
	at com.kms.katalon.core.main.TestCaseExecutor.doExecute(TestCaseExecutor.java:439)
	at com.kms.katalon.core.main.TestCaseExecutor.processExecutionPhase(TestCaseExecutor.java:418)
	at com.kms.katalon.core.main.TestCaseExecutor.accessMainPhase(TestCaseExecutor.java:410)
	at com.kms.katalon.core.main.TestCaseExecutor.execute(TestCaseExecutor.java:285)
	at com.kms.katalon.core.common.CommonExecutor.accessTestCaseMainPhase(CommonExecutor.java:65)
	at com.kms.katalon.core.main.TestSuiteExecutor.accessTestSuiteMainPhase(TestSuiteExecutor.java:148)
	at com.kms.katalon.core.main.TestSuiteExecutor.execute(TestSuiteExecutor.java:106)
	at com.kms.katalon.core.main.TestCaseMain.startTestSuite(TestCaseMain.java:187)
	at com.kms.katalon.core.main.TestCaseMain$startTestSuite$0.call(Unknown Source)
	at TempTestSuite1696316330175.run(TempTestSuite1696316330175.groovy:36)
Caused by: com.kms.katalon.core.exception.StepFailedException: Text '"plat nomor tidak terdaftar diseluruh wilayah SAMSAT indonesia' is not present on page 
	at com.kms.katalon.core.webui.keyword.internal.WebUIKeywordMain.stepFailed(WebUIKeywordMain.groovy:64)
	at com.kms.katalon.core.webui.keyword.builtin.VerifyTextPresentKeyword$_verifyTextPresent_closure1.doCall(VerifyTextPresentKeyword.groovy:79)
	at com.kms.katalon.core.webui.keyword.builtin.VerifyTextPresentKeyword$_verifyTextPresent_closure1.call(VerifyTextPresentKeyword.groovy)
	at com.kms.katalon.core.webui.keyword.internal.WebUIKeywordMain.runKeyword(WebUIKeywordMain.groovy:20)
	... 19 more


2023-10-03 14:02:18 - [TEST_STEP][PASSED] - callTestCase(findTestCase("T05 Jadi Kurir/JK-001"), [:], STOP_ON_FAILURE): Call Test Case 'Test Cases/T05 Jadi Kurir/JK-001' successfully

2023-10-03 14:02:19 - [TEST_CASE][PASSED] - Test Cases/T05 Jadi Kurir/JK-001: Test Cases/T05 Jadi Kurir/JK-001

2023-10-03 14:02:19 - [TEST_STEP][PASSED] - callTestCase(findTestCase("T05 Jadi Kurir/LU-001"), ["username":"irfanafandi", "password":"12345irfan"], STOP_ON_FAILURE): Call Test Case 'Test Cases/T05 Jadi Kurir/LU-001' successfully

2023-10-03 14:02:19 - [TEST_CASE][PASSED] - Test Cases/T05 Jadi Kurir/LU-001: Test Cases/T05 Jadi Kurir/LU-001

2023-10-03 14:02:19 - [TEST_STEP][PASSED] - openBrowser("https://10.9.2.63/ecommerce/"): Browser is opened with url: 'https://10.9.2.63/ecommerce/'

2023-10-03 14:02:19 - [MESSAGE][WARNING] - A browser is already opened. Closing browser and opening a new one

2023-10-03 14:02:20 - [MESSAGE][INFO] - Starting 'Firefox' driver

2023-10-03 14:02:20 - [MESSAGE][INFO] - User set preference: ['args', '[--disable-notifications]']

2023-10-03 14:02:20 - [MESSAGE][INFO] - Action delay is set to 0 milliseconds

2023-10-03 14:02:25 - [MESSAGE][PASSED] - Browser is opened with url: 'https://10.9.2.63/ecommerce/'

2023-10-03 14:02:25 - [TEST_STEP][PASSED] - maximizeWindow(): Current window maximized

2023-10-03 14:02:25 - [MESSAGE][PASSED] - Current window maximized

2023-10-03 14:02:25 - [TEST_STEP][PASSED] - verifyElementPresent(findTestObject("Login/Home"), 0): Object 'Object Repository/Login/Home' is present

2023-10-03 14:02:25 - [MESSAGE][WARNING] - Timeout '0' is invalid. Using default page load timeout: '30'

2023-10-03 14:02:26 - [MESSAGE][PASSED] - Object 'Object Repository/Login/Home' is present

2023-10-03 14:02:26 - [TEST_STEP][PASSED] - click(findTestObject("Login/a_Login")): Object: 'Object Repository/Login/a_Login' is clicked on

2023-10-03 14:02:27 - [MESSAGE][PASSED] - Object: 'Object Repository/Login/a_Login' is clicked on

2023-10-03 14:02:27 - [TEST_STEP][PASSED] - verifyElementPresent(findTestObject("Login/Tittle Login"), 0): Object 'Object Repository/Login/Tittle Login' is present

2023-10-03 14:02:27 - [MESSAGE][WARNING] - Timeout '0' is invalid. Using default page load timeout: '30'

2023-10-03 14:02:27 - [MESSAGE][PASSED] - Object 'Object Repository/Login/Tittle Login' is present

2023-10-03 14:02:27 - [TEST_STEP][PASSED] - setText(findTestObject("Login/input_Username, Email atau No. Handphone_a"), username): Text 'irfanafandi' is set on object 'Object Repository/Login/input_Username, Email atau No. Handphone_a'

2023-10-03 14:02:28 - [MESSAGE][PASSED] - Text 'irfanafandi' is set on object 'Object Repository/Login/input_Username, Email atau No. Handphone_a'

2023-10-03 14:02:28 - [TEST_STEP][PASSED] - setText(findTestObject("Login/input_Password_b"), password): Text '12345irfan' is set on object 'Object Repository/Login/input_Password_b'

2023-10-03 14:02:28 - [MESSAGE][PASSED] - Text '12345irfan' is set on object 'Object Repository/Login/input_Password_b'

2023-10-03 14:02:28 - [TEST_STEP][PASSED] - click(findTestObject("Login/label_Ingat saya")): Object: 'Object Repository/Login/label_Ingat saya' is clicked on

2023-10-03 14:02:29 - [MESSAGE][PASSED] - Object: 'Object Repository/Login/label_Ingat saya' is clicked on

2023-10-03 14:02:29 - [TEST_STEP][PASSED] - click(findTestObject("Login/button_Masuk")): Object: 'Object Repository/Login/button_Masuk' is clicked on

2023-10-03 14:02:30 - [MESSAGE][PASSED] - Object: 'Object Repository/Login/button_Masuk' is clicked on

2023-10-03 14:02:30 - [TEST_STEP][PASSED] - verifyElementPresent(findTestObject("Login/li_Profile"), 0): Object 'Object Repository/Login/li_Profile' is present

2023-10-03 14:02:30 - [MESSAGE][WARNING] - Timeout '0' is invalid. Using default page load timeout: '30'

2023-10-03 14:02:31 - [MESSAGE][PASSED] - Object 'Object Repository/Login/li_Profile' is present

2023-10-03 14:02:31 - [MESSAGE][PASSED] - Call Test Case 'Test Cases/T05 Jadi Kurir/LU-001' successfully

2023-10-03 14:02:31 - [TEST_STEP][PASSED] - click(findTestObject("Jadi kurir/a_Jadi Kurir")): Object: 'Object Repository/Jadi kurir/a_Jadi Kurir' is clicked on

2023-10-03 14:02:32 - [MESSAGE][PASSED] - Object: 'Object Repository/Jadi kurir/a_Jadi Kurir' is clicked on

2023-10-03 14:02:32 - [TEST_STEP][PASSED] - verifyElementPresent(findTestObject("Jadi kurir/li_Profile Kurir"), 0): Object 'Object Repository/Jadi kurir/li_Profile Kurir' is present

2023-10-03 14:02:32 - [MESSAGE][WARNING] - Timeout '0' is invalid. Using default page load timeout: '30'

2023-10-03 14:02:33 - [MESSAGE][PASSED] - Object 'Object Repository/Jadi kurir/li_Profile Kurir' is present

2023-10-03 14:02:33 - [MESSAGE][PASSED] - Call Test Case 'Test Cases/T05 Jadi Kurir/JK-001' successfully

2023-10-03 14:02:33 - [TEST_STEP][PASSED] - click(findTestObject("Jadi kurir/a_Daftar  Edit Data")): Object: 'Object Repository/Jadi kurir/a_Daftar  Edit Data' is clicked on

2023-10-03 14:02:34 - [MESSAGE][PASSED] - Object: 'Object Repository/Jadi kurir/a_Daftar  Edit Data' is clicked on

2023-10-03 14:02:34 - [TEST_STEP][PASSED] - verifyElementPresent(findTestObject("Jadi kurir/li_Profile Kurir"), 0): Object 'Object Repository/Jadi kurir/li_Profile Kurir' is present

2023-10-03 14:02:34 - [MESSAGE][WARNING] - Timeout '0' is invalid. Using default page load timeout: '30'

2023-10-03 14:02:34 - [MESSAGE][PASSED] - Object 'Object Repository/Jadi kurir/li_Profile Kurir' is present

2023-10-03 14:02:34 - [TEST_STEP][PASSED] - selectOptionByValue(findTestObject("Jadi kurir/select_- Pilih Kendaraan -Roda 2Roda 4"), Jenis, false): All options with value '2' are selected in object 'Object Repository/Jadi kurir/select_- Pilih Kendaraan -Roda 2Roda 4' 

2023-10-03 14:02:35 - [MESSAGE][PASSED] - All options with value '2' are selected in object 'Object Repository/Jadi kurir/select_- Pilih Kendaraan -Roda 2Roda 4' 

2023-10-03 14:02:35 - [TEST_STEP][PASSED] - setText(findTestObject("Jadi kurir/input_Merek Kendaraan"), Merek_Kendaraan): Text 'toyota supra' is set on object 'Object Repository/Jadi kurir/input_Merek Kendaraan'

2023-10-03 14:02:36 - [MESSAGE][PASSED] - Text 'toyota supra' is set on object 'Object Repository/Jadi kurir/input_Merek Kendaraan'

2023-10-03 14:02:36 - [TEST_STEP][PASSED] - setText(findTestObject("Jadi kurir/input_Plat Nomor"), Plat_Nomor): Text 'OHZ6121' is set on object 'Object Repository/Jadi kurir/input_Plat Nomor'

2023-10-03 14:02:36 - [MESSAGE][PASSED] - Text 'OHZ6121' is set on object 'Object Repository/Jadi kurir/input_Plat Nomor'

2023-10-03 14:02:36 - [TEST_STEP][PASSED] - setText(findTestObject("Jadi kurir/textarea_Keterangan"), Keterangan): Text 'mau daftar dong bang' is set on object 'Object Repository/Jadi kurir/textarea_Keterangan'

2023-10-03 14:02:37 - [MESSAGE][PASSED] - Text 'mau daftar dong bang' is set on object 'Object Repository/Jadi kurir/textarea_Keterangan'

2023-10-03 14:02:37 - [TEST_STEP][PASSED] - uploadFile(findTestObject("Object Repository/Jadi kurir/input_Choose files_uploadFile"), Berkas): File 'C:\Users\IRFAN\Downloads\Berkas2.pdf' sent to object: 'Object Repository/Jadi kurir/input_Choose files_uploadFile'

2023-10-03 14:02:38 - [MESSAGE][PASSED] - File 'C:\Users\IRFAN\Downloads\Berkas2.pdf' sent to object: 'Object Repository/Jadi kurir/input_Choose files_uploadFile'

2023-10-03 14:02:38 - [TEST_STEP][PASSED] - click(findTestObject("Jadi kurir/button_Simpan Perubahan")): Object: 'Object Repository/Jadi kurir/button_Simpan Perubahan' is clicked on

2023-10-03 14:02:39 - [MESSAGE][PASSED] - Object: 'Object Repository/Jadi kurir/button_Simpan Perubahan' is clicked on

2023-10-03 14:02:39 - [TEST_STEP][FAILED] - verifyTextPresent(""plat nomor tidak terdaftar diseluruh wilayah SAMSAT indonesia", false): Unable to verify text '"plat nomor tidak terdaftar diseluruh wilayah SAMSAT indonesia' is present  (Root cause: com.kms.katalon.core.exception.StepFailedException: Unable to verify text '"plat nomor tidak terdaftar diseluruh wilayah SAMSAT indonesia' is present 
	at com.kms.katalon.core.webui.keyword.internal.WebUIKeywordMain.stepFailed(WebUIKeywordMain.groovy:64)
	at com.kms.katalon.core.webui.keyword.internal.WebUIKeywordMain.runKeyword(WebUIKeywordMain.groovy:26)
	at com.kms.katalon.core.webui.keyword.builtin.VerifyTextPresentKeyword.verifyTextPresent(VerifyTextPresentKeyword.groovy:83)
	at com.kms.katalon.core.webui.keyword.builtin.VerifyTextPresentKeyword.execute(VerifyTextPresentKeyword.groovy:68)
	at com.kms.katalon.core.keyword.internal.KeywordExecutor.executeKeywordForPlatform(KeywordExecutor.groovy:74)
	at com.kms.katalon.core.webui.keyword.WebUiBuiltInKeywords.verifyTextPresent(WebUiBuiltInKeywords.groovy:1723)
	at com.kms.katalon.core.webui.keyword.WebUiBuiltInKeywords$verifyTextPresent$11.call(Unknown Source)
	at JK-010.run(JK-010:42)
	at com.kms.katalon.core.main.ScriptEngine.run(ScriptEngine.java:194)
	at com.kms.katalon.core.main.ScriptEngine.runScriptAsRawText(ScriptEngine.java:119)
	at com.kms.katalon.core.main.TestCaseExecutor.runScript(TestCaseExecutor.java:448)
	at com.kms.katalon.core.main.TestCaseExecutor.doExecute(TestCaseExecutor.java:439)
	at com.kms.katalon.core.main.TestCaseExecutor.processExecutionPhase(TestCaseExecutor.java:418)
	at com.kms.katalon.core.main.TestCaseExecutor.accessMainPhase(TestCaseExecutor.java:410)
	at com.kms.katalon.core.main.TestCaseExecutor.execute(TestCaseExecutor.java:285)
	at com.kms.katalon.core.common.CommonExecutor.accessTestCaseMainPhase(CommonExecutor.java:65)
	at com.kms.katalon.core.main.TestSuiteExecutor.accessTestSuiteMainPhase(TestSuiteExecutor.java:148)
	at com.kms.katalon.core.main.TestSuiteExecutor.execute(TestSuiteExecutor.java:106)
	at com.kms.katalon.core.main.TestCaseMain.startTestSuite(TestCaseMain.java:187)
	at com.kms.katalon.core.main.TestCaseMain$startTestSuite$0.call(Unknown Source)
	at TempTestSuite1696316330175.run(TempTestSuite1696316330175.groovy:36)
Caused by: com.kms.katalon.core.exception.StepFailedException: Text '"plat nomor tidak terdaftar diseluruh wilayah SAMSAT indonesia' is not present on page 
	at com.kms.katalon.core.webui.keyword.internal.WebUIKeywordMain.stepFailed(WebUIKeywordMain.groovy:64)
	at com.kms.katalon.core.webui.keyword.builtin.VerifyTextPresentKeyword$_verifyTextPresent_closure1.doCall(VerifyTextPresentKeyword.groovy:79)
	at com.kms.katalon.core.webui.keyword.builtin.VerifyTextPresentKeyword$_verifyTextPresent_closure1.call(VerifyTextPresentKeyword.groovy)
	at com.kms.katalon.core.webui.keyword.internal.WebUIKeywordMain.runKeyword(WebUIKeywordMain.groovy:20)
	... 19 more
)

2023-10-03 14:02:40 - [MESSAGE][FAILED] - Text '"plat nomor tidak terdaftar diseluruh wilayah SAMSAT indonesia' is not present on page  (Root cause: com.kms.katalon.core.exception.StepFailedException: Text '"plat nomor tidak terdaftar diseluruh wilayah SAMSAT indonesia' is not present on page 
	at com.kms.katalon.core.webui.keyword.internal.WebUIKeywordMain.stepFailed(WebUIKeywordMain.groovy:64)
	at com.kms.katalon.core.webui.keyword.builtin.VerifyTextPresentKeyword$_verifyTextPresent_closure1.doCall(VerifyTextPresentKeyword.groovy:79)
	at com.kms.katalon.core.webui.keyword.builtin.VerifyTextPresentKeyword$_verifyTextPresent_closure1.call(VerifyTextPresentKeyword.groovy)
	at com.kms.katalon.core.webui.keyword.internal.WebUIKeywordMain.runKeyword(WebUIKeywordMain.groovy:20)
	at com.kms.katalon.core.webui.keyword.builtin.VerifyTextPresentKeyword.verifyTextPresent(VerifyTextPresentKeyword.groovy:83)
	at com.kms.katalon.core.webui.keyword.builtin.VerifyTextPresentKeyword.execute(VerifyTextPresentKeyword.groovy:68)
	at com.kms.katalon.core.keyword.internal.KeywordExecutor.executeKeywordForPlatform(KeywordExecutor.groovy:74)
	at com.kms.katalon.core.webui.keyword.WebUiBuiltInKeywords.verifyTextPresent(WebUiBuiltInKeywords.groovy:1723)
	at com.kms.katalon.core.webui.keyword.WebUiBuiltInKeywords$verifyTextPresent$11.call(Unknown Source)
	at JK-010.run(JK-010:42)
	at com.kms.katalon.core.main.ScriptEngine.run(ScriptEngine.java:194)
	at com.kms.katalon.core.main.ScriptEngine.runScriptAsRawText(ScriptEngine.java:119)
	at com.kms.katalon.core.main.TestCaseExecutor.runScript(TestCaseExecutor.java:448)
	at com.kms.katalon.core.main.TestCaseExecutor.doExecute(TestCaseExecutor.java:439)
	at com.kms.katalon.core.main.TestCaseExecutor.processExecutionPhase(TestCaseExecutor.java:418)
	at com.kms.katalon.core.main.TestCaseExecutor.accessMainPhase(TestCaseExecutor.java:410)
	at com.kms.katalon.core.main.TestCaseExecutor.execute(TestCaseExecutor.java:285)
	at com.kms.katalon.core.common.CommonExecutor.accessTestCaseMainPhase(CommonExecutor.java:65)
	at com.kms.katalon.core.main.TestSuiteExecutor.accessTestSuiteMainPhase(TestSuiteExecutor.java:148)
	at com.kms.katalon.core.main.TestSuiteExecutor.execute(TestSuiteExecutor.java:106)
	at com.kms.katalon.core.main.TestCaseMain.startTestSuite(TestCaseMain.java:187)
	at com.kms.katalon.core.main.TestCaseMain$startTestSuite$0.call(Unknown Source)
	at TempTestSuite1696316330175.run(TempTestSuite1696316330175.groovy:36)
)

2023-10-03 14:02:40 - [MESSAGE][FAILED] - Unable to verify text '"plat nomor tidak terdaftar diseluruh wilayah SAMSAT indonesia' is present  (Root cause: com.kms.katalon.core.exception.StepFailedException: Unable to verify text '"plat nomor tidak terdaftar diseluruh wilayah SAMSAT indonesia' is present 
	at com.kms.katalon.core.webui.keyword.internal.WebUIKeywordMain.stepFailed(WebUIKeywordMain.groovy:64)
	at com.kms.katalon.core.webui.keyword.internal.WebUIKeywordMain.runKeyword(WebUIKeywordMain.groovy:26)
	at com.kms.katalon.core.webui.keyword.builtin.VerifyTextPresentKeyword.verifyTextPresent(VerifyTextPresentKeyword.groovy:83)
	at com.kms.katalon.core.webui.keyword.builtin.VerifyTextPresentKeyword.execute(VerifyTextPresentKeyword.groovy:68)
	at com.kms.katalon.core.keyword.internal.KeywordExecutor.executeKeywordForPlatform(KeywordExecutor.groovy:74)
	at com.kms.katalon.core.webui.keyword.WebUiBuiltInKeywords.verifyTextPresent(WebUiBuiltInKeywords.groovy:1723)
	at com.kms.katalon.core.webui.keyword.WebUiBuiltInKeywords$verifyTextPresent$11.call(Unknown Source)
	at JK-010.run(JK-010:42)
	at com.kms.katalon.core.main.ScriptEngine.run(ScriptEngine.java:194)
	at com.kms.katalon.core.main.ScriptEngine.runScriptAsRawText(ScriptEngine.java:119)
	at com.kms.katalon.core.main.TestCaseExecutor.runScript(TestCaseExecutor.java:448)
	at com.kms.katalon.core.main.TestCaseExecutor.doExecute(TestCaseExecutor.java:439)
	at com.kms.katalon.core.main.TestCaseExecutor.processExecutionPhase(TestCaseExecutor.java:418)
	at com.kms.katalon.core.main.TestCaseExecutor.accessMainPhase(TestCaseExecutor.java:410)
	at com.kms.katalon.core.main.TestCaseExecutor.execute(TestCaseExecutor.java:285)
	at com.kms.katalon.core.common.CommonExecutor.accessTestCaseMainPhase(CommonExecutor.java:65)
	at com.kms.katalon.core.main.TestSuiteExecutor.accessTestSuiteMainPhase(TestSuiteExecutor.java:148)
	at com.kms.katalon.core.main.TestSuiteExecutor.execute(TestSuiteExecutor.java:106)
	at com.kms.katalon.core.main.TestCaseMain.startTestSuite(TestCaseMain.java:187)
	at com.kms.katalon.core.main.TestCaseMain$startTestSuite$0.call(Unknown Source)
	at TempTestSuite1696316330175.run(TempTestSuite1696316330175.groovy:36)
Caused by: com.kms.katalon.core.exception.StepFailedException: Text '"plat nomor tidak terdaftar diseluruh wilayah SAMSAT indonesia' is not present on page 
	at com.kms.katalon.core.webui.keyword.internal.WebUIKeywordMain.stepFailed(WebUIKeywordMain.groovy:64)
	at com.kms.katalon.core.webui.keyword.builtin.VerifyTextPresentKeyword$_verifyTextPresent_closure1.doCall(VerifyTextPresentKeyword.groovy:79)
	at com.kms.katalon.core.webui.keyword.builtin.VerifyTextPresentKeyword$_verifyTextPresent_closure1.call(VerifyTextPresentKeyword.groovy)
	at com.kms.katalon.core.webui.keyword.internal.WebUIKeywordMain.runKeyword(WebUIKeywordMain.groovy:20)
	... 19 more
)
[[ATTACHMENT|D:\\BOOTCAMP XSIS\\Projek 2 MINI PROJEK\\Reports\\20231003_135850\\jadi kurir\\T05 jadi kurir\\20231003_135850\\1696316560608.png]]]]></system-out>
         <system-err><![CDATA[2023-10-03 14:02:18 - [TEST_CASE][FAILED] - Test Cases/T05 Jadi Kurir/JK-010: Test Cases/T05 Jadi Kurir/JK-010 FAILED.
Reason:
com.kms.katalon.core.exception.StepFailedException: Unable to verify text '"plat nomor tidak terdaftar diseluruh wilayah SAMSAT indonesia' is present 
	at com.kms.katalon.core.webui.keyword.internal.WebUIKeywordMain.stepFailed(WebUIKeywordMain.groovy:64)
	at com.kms.katalon.core.webui.keyword.internal.WebUIKeywordMain.runKeyword(WebUIKeywordMain.groovy:26)
	at com.kms.katalon.core.webui.keyword.builtin.VerifyTextPresentKeyword.verifyTextPresent(VerifyTextPresentKeyword.groovy:83)
	at com.kms.katalon.core.webui.keyword.builtin.VerifyTextPresentKeyword.execute(VerifyTextPresentKeyword.groovy:68)
	at com.kms.katalon.core.keyword.internal.KeywordExecutor.executeKeywordForPlatform(KeywordExecutor.groovy:74)
	at com.kms.katalon.core.webui.keyword.WebUiBuiltInKeywords.verifyTextPresent(WebUiBuiltInKeywords.groovy:1723)
	at com.kms.katalon.core.webui.keyword.WebUiBuiltInKeywords$verifyTextPresent$11.call(Unknown Source)
	at JK-010.run(JK-010:42)
	at com.kms.katalon.core.main.ScriptEngine.run(ScriptEngine.java:194)
	at com.kms.katalon.core.main.ScriptEngine.runScriptAsRawText(ScriptEngine.java:119)
	at com.kms.katalon.core.main.TestCaseExecutor.runScript(TestCaseExecutor.java:448)
	at com.kms.katalon.core.main.TestCaseExecutor.doExecute(TestCaseExecutor.java:439)
	at com.kms.katalon.core.main.TestCaseExecutor.processExecutionPhase(TestCaseExecutor.java:418)
	at com.kms.katalon.core.main.TestCaseExecutor.accessMainPhase(TestCaseExecutor.java:410)
	at com.kms.katalon.core.main.TestCaseExecutor.execute(TestCaseExecutor.java:285)
	at com.kms.katalon.core.common.CommonExecutor.accessTestCaseMainPhase(CommonExecutor.java:65)
	at com.kms.katalon.core.main.TestSuiteExecutor.accessTestSuiteMainPhase(TestSuiteExecutor.java:148)
	at com.kms.katalon.core.main.TestSuiteExecutor.execute(TestSuiteExecutor.java:106)
	at com.kms.katalon.core.main.TestCaseMain.startTestSuite(TestCaseMain.java:187)
	at com.kms.katalon.core.main.TestCaseMain$startTestSuite$0.call(Unknown Source)
	at TempTestSuite1696316330175.run(TempTestSuite1696316330175.groovy:36)
Caused by: com.kms.katalon.core.exception.StepFailedException: Text '"plat nomor tidak terdaftar diseluruh wilayah SAMSAT indonesia' is not present on page 
	at com.kms.katalon.core.webui.keyword.internal.WebUIKeywordMain.stepFailed(WebUIKeywordMain.groovy:64)
	at com.kms.katalon.core.webui.keyword.builtin.VerifyTextPresentKeyword$_verifyTextPresent_closure1.doCall(VerifyTextPresentKeyword.groovy:79)
	at com.kms.katalon.core.webui.keyword.builtin.VerifyTextPresentKeyword$_verifyTextPresent_closure1.call(VerifyTextPresentKeyword.groovy)
	at com.kms.katalon.core.webui.keyword.internal.WebUIKeywordMain.runKeyword(WebUIKeywordMain.groovy:20)
	... 19 more]]></system-err>
      </testcase>
      <testcase name="Test Cases/T05 Jadi Kurir/JK-011" time="24.267" classname="Test Cases/T05 Jadi Kurir/JK-011" status="FAILED">
         <failure type="FAILED" message="Test Cases/T05 Jadi Kurir/JK-011 FAILED.
Reason:
com.kms.katalon.core.exception.StepFailedException: Unable to verify text 'plat nomor tidak terdaftar diseluruh wilayah SAMSAT indonesia' is present 
	at com.kms.katalon.core.webui.keyword.internal.WebUIKeywordMain.stepFailed(WebUIKeywordMain.groovy:64)
	at com.kms.katalon.core.webui.keyword.internal.WebUIKeywordMain.runKeyword(WebUIKeywordMain.groovy:26)
	at com.kms.katalon.core.webui.keyword.builtin.VerifyTextPresentKeyword.verifyTextPresent(VerifyTextPresentKeyword.groovy:83)
	at com.kms.katalon.core.webui.keyword.builtin.VerifyTextPresentKeyword.execute(VerifyTextPresentKeyword.groovy:68)
	at com.kms.katalon.core.keyword.internal.KeywordExecutor.executeKeywordForPlatform(KeywordExecutor.groovy:74)
	at com.kms.katalon.core.webui.keyword.WebUiBuiltInKeywords.verifyTextPresent(WebUiBuiltInKeywords.groovy:1723)
	at com.kms.katalon.core.webui.keyword.WebUiBuiltInKeywords$verifyTextPresent$11.call(Unknown Source)
	at JK-011.run(JK-011:42)
	at com.kms.katalon.core.main.ScriptEngine.run(ScriptEngine.java:194)
	at com.kms.katalon.core.main.ScriptEngine.runScriptAsRawText(ScriptEngine.java:119)
	at com.kms.katalon.core.main.TestCaseExecutor.runScript(TestCaseExecutor.java:448)
	at com.kms.katalon.core.main.TestCaseExecutor.doExecute(TestCaseExecutor.java:439)
	at com.kms.katalon.core.main.TestCaseExecutor.processExecutionPhase(TestCaseExecutor.java:418)
	at com.kms.katalon.core.main.TestCaseExecutor.accessMainPhase(TestCaseExecutor.java:410)
	at com.kms.katalon.core.main.TestCaseExecutor.execute(TestCaseExecutor.java:285)
	at com.kms.katalon.core.common.CommonExecutor.accessTestCaseMainPhase(CommonExecutor.java:65)
	at com.kms.katalon.core.main.TestSuiteExecutor.accessTestSuiteMainPhase(TestSuiteExecutor.java:148)
	at com.kms.katalon.core.main.TestSuiteExecutor.execute(TestSuiteExecutor.java:106)
	at com.kms.katalon.core.main.TestCaseMain.startTestSuite(TestCaseMain.java:187)
	at com.kms.katalon.core.main.TestCaseMain$startTestSuite$0.call(Unknown Source)
	at TempTestSuite1696316330175.run(TempTestSuite1696316330175.groovy:36)
Caused by: com.kms.katalon.core.exception.StepFailedException: Text 'plat nomor tidak terdaftar diseluruh wilayah SAMSAT indonesia' is not present on page 
	at com.kms.katalon.core.webui.keyword.internal.WebUIKeywordMain.stepFailed(WebUIKeywordMain.groovy:64)
	at com.kms.katalon.core.webui.keyword.builtin.VerifyTextPresentKeyword$_verifyTextPresent_closure1.doCall(VerifyTextPresentKeyword.groovy:79)
	at com.kms.katalon.core.webui.keyword.builtin.VerifyTextPresentKeyword$_verifyTextPresent_closure1.call(VerifyTextPresentKeyword.groovy)
	at com.kms.katalon.core.webui.keyword.internal.WebUIKeywordMain.runKeyword(WebUIKeywordMain.groovy:20)
	... 19 more
"/>
         <system-out><![CDATA[2023-10-03 14:02:40 - [TEST_CASE][FAILED] - Test Cases/T05 Jadi Kurir/JK-011: Test Cases/T05 Jadi Kurir/JK-011 FAILED.
Reason:
com.kms.katalon.core.exception.StepFailedException: Unable to verify text 'plat nomor tidak terdaftar diseluruh wilayah SAMSAT indonesia' is present 
	at com.kms.katalon.core.webui.keyword.internal.WebUIKeywordMain.stepFailed(WebUIKeywordMain.groovy:64)
	at com.kms.katalon.core.webui.keyword.internal.WebUIKeywordMain.runKeyword(WebUIKeywordMain.groovy:26)
	at com.kms.katalon.core.webui.keyword.builtin.VerifyTextPresentKeyword.verifyTextPresent(VerifyTextPresentKeyword.groovy:83)
	at com.kms.katalon.core.webui.keyword.builtin.VerifyTextPresentKeyword.execute(VerifyTextPresentKeyword.groovy:68)
	at com.kms.katalon.core.keyword.internal.KeywordExecutor.executeKeywordForPlatform(KeywordExecutor.groovy:74)
	at com.kms.katalon.core.webui.keyword.WebUiBuiltInKeywords.verifyTextPresent(WebUiBuiltInKeywords.groovy:1723)
	at com.kms.katalon.core.webui.keyword.WebUiBuiltInKeywords$verifyTextPresent$11.call(Unknown Source)
	at JK-011.run(JK-011:42)
	at com.kms.katalon.core.main.ScriptEngine.run(ScriptEngine.java:194)
	at com.kms.katalon.core.main.ScriptEngine.runScriptAsRawText(ScriptEngine.java:119)
	at com.kms.katalon.core.main.TestCaseExecutor.runScript(TestCaseExecutor.java:448)
	at com.kms.katalon.core.main.TestCaseExecutor.doExecute(TestCaseExecutor.java:439)
	at com.kms.katalon.core.main.TestCaseExecutor.processExecutionPhase(TestCaseExecutor.java:418)
	at com.kms.katalon.core.main.TestCaseExecutor.accessMainPhase(TestCaseExecutor.java:410)
	at com.kms.katalon.core.main.TestCaseExecutor.execute(TestCaseExecutor.java:285)
	at com.kms.katalon.core.common.CommonExecutor.accessTestCaseMainPhase(CommonExecutor.java:65)
	at com.kms.katalon.core.main.TestSuiteExecutor.accessTestSuiteMainPhase(TestSuiteExecutor.java:148)
	at com.kms.katalon.core.main.TestSuiteExecutor.execute(TestSuiteExecutor.java:106)
	at com.kms.katalon.core.main.TestCaseMain.startTestSuite(TestCaseMain.java:187)
	at com.kms.katalon.core.main.TestCaseMain$startTestSuite$0.call(Unknown Source)
	at TempTestSuite1696316330175.run(TempTestSuite1696316330175.groovy:36)
Caused by: com.kms.katalon.core.exception.StepFailedException: Text 'plat nomor tidak terdaftar diseluruh wilayah SAMSAT indonesia' is not present on page 
	at com.kms.katalon.core.webui.keyword.internal.WebUIKeywordMain.stepFailed(WebUIKeywordMain.groovy:64)
	at com.kms.katalon.core.webui.keyword.builtin.VerifyTextPresentKeyword$_verifyTextPresent_closure1.doCall(VerifyTextPresentKeyword.groovy:79)
	at com.kms.katalon.core.webui.keyword.builtin.VerifyTextPresentKeyword$_verifyTextPresent_closure1.call(VerifyTextPresentKeyword.groovy)
	at com.kms.katalon.core.webui.keyword.internal.WebUIKeywordMain.runKeyword(WebUIKeywordMain.groovy:20)
	... 19 more


2023-10-03 14:02:41 - [TEST_STEP][PASSED] - callTestCase(findTestCase("T05 Jadi Kurir/JK-001"), [:], STOP_ON_FAILURE): Call Test Case 'Test Cases/T05 Jadi Kurir/JK-001' successfully

2023-10-03 14:02:41 - [TEST_CASE][PASSED] - Test Cases/T05 Jadi Kurir/JK-001: Test Cases/T05 Jadi Kurir/JK-001

2023-10-03 14:02:41 - [TEST_STEP][PASSED] - callTestCase(findTestCase("T05 Jadi Kurir/LU-001"), ["username":"irfanafandi", "password":"12345irfan"], STOP_ON_FAILURE): Call Test Case 'Test Cases/T05 Jadi Kurir/LU-001' successfully

2023-10-03 14:02:41 - [TEST_CASE][PASSED] - Test Cases/T05 Jadi Kurir/LU-001: Test Cases/T05 Jadi Kurir/LU-001

2023-10-03 14:02:41 - [TEST_STEP][PASSED] - openBrowser("https://10.9.2.63/ecommerce/"): Browser is opened with url: 'https://10.9.2.63/ecommerce/'

2023-10-03 14:02:41 - [MESSAGE][WARNING] - A browser is already opened. Closing browser and opening a new one

2023-10-03 14:02:42 - [MESSAGE][INFO] - Starting 'Firefox' driver

2023-10-03 14:02:42 - [MESSAGE][INFO] - User set preference: ['args', '[--disable-notifications]']

2023-10-03 14:02:42 - [MESSAGE][INFO] - Action delay is set to 0 milliseconds

2023-10-03 14:02:49 - [MESSAGE][PASSED] - Browser is opened with url: 'https://10.9.2.63/ecommerce/'

2023-10-03 14:02:49 - [TEST_STEP][PASSED] - maximizeWindow(): Current window maximized

2023-10-03 14:02:49 - [MESSAGE][PASSED] - Current window maximized

2023-10-03 14:02:49 - [TEST_STEP][PASSED] - verifyElementPresent(findTestObject("Login/Home"), 0): Object 'Object Repository/Login/Home' is present

2023-10-03 14:02:49 - [MESSAGE][WARNING] - Timeout '0' is invalid. Using default page load timeout: '30'

2023-10-03 14:02:49 - [MESSAGE][PASSED] - Object 'Object Repository/Login/Home' is present

2023-10-03 14:02:49 - [TEST_STEP][PASSED] - click(findTestObject("Login/a_Login")): Object: 'Object Repository/Login/a_Login' is clicked on

2023-10-03 14:02:50 - [MESSAGE][PASSED] - Object: 'Object Repository/Login/a_Login' is clicked on

2023-10-03 14:02:50 - [TEST_STEP][PASSED] - verifyElementPresent(findTestObject("Login/Tittle Login"), 0): Object 'Object Repository/Login/Tittle Login' is present

2023-10-03 14:02:50 - [MESSAGE][WARNING] - Timeout '0' is invalid. Using default page load timeout: '30'

2023-10-03 14:02:50 - [MESSAGE][PASSED] - Object 'Object Repository/Login/Tittle Login' is present

2023-10-03 14:02:51 - [TEST_STEP][PASSED] - setText(findTestObject("Login/input_Username, Email atau No. Handphone_a"), username): Text 'irfanafandi' is set on object 'Object Repository/Login/input_Username, Email atau No. Handphone_a'

2023-10-03 14:02:51 - [MESSAGE][PASSED] - Text 'irfanafandi' is set on object 'Object Repository/Login/input_Username, Email atau No. Handphone_a'

2023-10-03 14:02:51 - [TEST_STEP][PASSED] - setText(findTestObject("Login/input_Password_b"), password): Text '12345irfan' is set on object 'Object Repository/Login/input_Password_b'

2023-10-03 14:02:52 - [MESSAGE][PASSED] - Text '12345irfan' is set on object 'Object Repository/Login/input_Password_b'

2023-10-03 14:02:52 - [TEST_STEP][PASSED] - click(findTestObject("Login/label_Ingat saya")): Object: 'Object Repository/Login/label_Ingat saya' is clicked on

2023-10-03 14:02:53 - [MESSAGE][PASSED] - Object: 'Object Repository/Login/label_Ingat saya' is clicked on

2023-10-03 14:02:53 - [TEST_STEP][PASSED] - click(findTestObject("Login/button_Masuk")): Object: 'Object Repository/Login/button_Masuk' is clicked on

2023-10-03 14:02:54 - [MESSAGE][PASSED] - Object: 'Object Repository/Login/button_Masuk' is clicked on

2023-10-03 14:02:54 - [TEST_STEP][PASSED] - verifyElementPresent(findTestObject("Login/li_Profile"), 0): Object 'Object Repository/Login/li_Profile' is present

2023-10-03 14:02:54 - [MESSAGE][WARNING] - Timeout '0' is invalid. Using default page load timeout: '30'

2023-10-03 14:02:55 - [MESSAGE][PASSED] - Object 'Object Repository/Login/li_Profile' is present

2023-10-03 14:02:55 - [MESSAGE][PASSED] - Call Test Case 'Test Cases/T05 Jadi Kurir/LU-001' successfully

2023-10-03 14:02:55 - [TEST_STEP][PASSED] - click(findTestObject("Jadi kurir/a_Jadi Kurir")): Object: 'Object Repository/Jadi kurir/a_Jadi Kurir' is clicked on

2023-10-03 14:02:56 - [MESSAGE][PASSED] - Object: 'Object Repository/Jadi kurir/a_Jadi Kurir' is clicked on

2023-10-03 14:02:56 - [TEST_STEP][PASSED] - verifyElementPresent(findTestObject("Jadi kurir/li_Profile Kurir"), 0): Object 'Object Repository/Jadi kurir/li_Profile Kurir' is present

2023-10-03 14:02:56 - [MESSAGE][WARNING] - Timeout '0' is invalid. Using default page load timeout: '30'

2023-10-03 14:02:57 - [MESSAGE][PASSED] - Object 'Object Repository/Jadi kurir/li_Profile Kurir' is present

2023-10-03 14:02:57 - [MESSAGE][PASSED] - Call Test Case 'Test Cases/T05 Jadi Kurir/JK-001' successfully

2023-10-03 14:02:57 - [TEST_STEP][PASSED] - click(findTestObject("Jadi kurir/a_Daftar  Edit Data")): Object: 'Object Repository/Jadi kurir/a_Daftar  Edit Data' is clicked on

2023-10-03 14:02:57 - [MESSAGE][PASSED] - Object: 'Object Repository/Jadi kurir/a_Daftar  Edit Data' is clicked on

2023-10-03 14:02:57 - [TEST_STEP][PASSED] - verifyElementPresent(findTestObject("Jadi kurir/li_Profile Kurir"), 0): Object 'Object Repository/Jadi kurir/li_Profile Kurir' is present

2023-10-03 14:02:58 - [MESSAGE][WARNING] - Timeout '0' is invalid. Using default page load timeout: '30'

2023-10-03 14:02:58 - [MESSAGE][PASSED] - Object 'Object Repository/Jadi kurir/li_Profile Kurir' is present

2023-10-03 14:02:58 - [TEST_STEP][PASSED] - selectOptionByValue(findTestObject("Jadi kurir/select_- Pilih Kendaraan -Roda 2Roda 4"), Jenis, false): All options with value '2' are selected in object 'Object Repository/Jadi kurir/select_- Pilih Kendaraan -Roda 2Roda 4' 

2023-10-03 14:02:59 - [MESSAGE][PASSED] - All options with value '2' are selected in object 'Object Repository/Jadi kurir/select_- Pilih Kendaraan -Roda 2Roda 4' 

2023-10-03 14:02:59 - [TEST_STEP][PASSED] - setText(findTestObject("Jadi kurir/input_Merek Kendaraan"), Merek_Kendaraan): Text 'toyota supra' is set on object 'Object Repository/Jadi kurir/input_Merek Kendaraan'

2023-10-03 14:03:00 - [MESSAGE][PASSED] - Text 'toyota supra' is set on object 'Object Repository/Jadi kurir/input_Merek Kendaraan'

2023-10-03 14:03:00 - [TEST_STEP][PASSED] - setText(findTestObject("Jadi kurir/input_Plat Nomor"), Plat_Nomor): Text 'AB 4 NG' is set on object 'Object Repository/Jadi kurir/input_Plat Nomor'

2023-10-03 14:03:00 - [MESSAGE][PASSED] - Text 'AB 4 NG' is set on object 'Object Repository/Jadi kurir/input_Plat Nomor'

2023-10-03 14:03:00 - [TEST_STEP][PASSED] - setText(findTestObject("Jadi kurir/textarea_Keterangan"), Keterangan): Text 'mau daftar dong bang' is set on object 'Object Repository/Jadi kurir/textarea_Keterangan'

2023-10-03 14:03:01 - [MESSAGE][PASSED] - Text 'mau daftar dong bang' is set on object 'Object Repository/Jadi kurir/textarea_Keterangan'

2023-10-03 14:03:01 - [TEST_STEP][PASSED] - uploadFile(findTestObject("Object Repository/Jadi kurir/input_Choose files_uploadFile"), Berkas): File 'C:\Users\IRFAN\Downloads\Berkas2.pdf' sent to object: 'Object Repository/Jadi kurir/input_Choose files_uploadFile'

2023-10-03 14:03:02 - [MESSAGE][PASSED] - File 'C:\Users\IRFAN\Downloads\Berkas2.pdf' sent to object: 'Object Repository/Jadi kurir/input_Choose files_uploadFile'

2023-10-03 14:03:02 - [TEST_STEP][PASSED] - click(findTestObject("Jadi kurir/button_Simpan Perubahan")): Object: 'Object Repository/Jadi kurir/button_Simpan Perubahan' is clicked on

2023-10-03 14:03:04 - [MESSAGE][PASSED] - Object: 'Object Repository/Jadi kurir/button_Simpan Perubahan' is clicked on

2023-10-03 14:03:04 - [TEST_STEP][FAILED] - verifyTextPresent("plat nomor tidak terdaftar diseluruh wilayah SAMSAT indonesia", false): Unable to verify text 'plat nomor tidak terdaftar diseluruh wilayah SAMSAT indonesia' is present  (Root cause: com.kms.katalon.core.exception.StepFailedException: Unable to verify text 'plat nomor tidak terdaftar diseluruh wilayah SAMSAT indonesia' is present 
	at com.kms.katalon.core.webui.keyword.internal.WebUIKeywordMain.stepFailed(WebUIKeywordMain.groovy:64)
	at com.kms.katalon.core.webui.keyword.internal.WebUIKeywordMain.runKeyword(WebUIKeywordMain.groovy:26)
	at com.kms.katalon.core.webui.keyword.builtin.VerifyTextPresentKeyword.verifyTextPresent(VerifyTextPresentKeyword.groovy:83)
	at com.kms.katalon.core.webui.keyword.builtin.VerifyTextPresentKeyword.execute(VerifyTextPresentKeyword.groovy:68)
	at com.kms.katalon.core.keyword.internal.KeywordExecutor.executeKeywordForPlatform(KeywordExecutor.groovy:74)
	at com.kms.katalon.core.webui.keyword.WebUiBuiltInKeywords.verifyTextPresent(WebUiBuiltInKeywords.groovy:1723)
	at com.kms.katalon.core.webui.keyword.WebUiBuiltInKeywords$verifyTextPresent$11.call(Unknown Source)
	at JK-011.run(JK-011:42)
	at com.kms.katalon.core.main.ScriptEngine.run(ScriptEngine.java:194)
	at com.kms.katalon.core.main.ScriptEngine.runScriptAsRawText(ScriptEngine.java:119)
	at com.kms.katalon.core.main.TestCaseExecutor.runScript(TestCaseExecutor.java:448)
	at com.kms.katalon.core.main.TestCaseExecutor.doExecute(TestCaseExecutor.java:439)
	at com.kms.katalon.core.main.TestCaseExecutor.processExecutionPhase(TestCaseExecutor.java:418)
	at com.kms.katalon.core.main.TestCaseExecutor.accessMainPhase(TestCaseExecutor.java:410)
	at com.kms.katalon.core.main.TestCaseExecutor.execute(TestCaseExecutor.java:285)
	at com.kms.katalon.core.common.CommonExecutor.accessTestCaseMainPhase(CommonExecutor.java:65)
	at com.kms.katalon.core.main.TestSuiteExecutor.accessTestSuiteMainPhase(TestSuiteExecutor.java:148)
	at com.kms.katalon.core.main.TestSuiteExecutor.execute(TestSuiteExecutor.java:106)
	at com.kms.katalon.core.main.TestCaseMain.startTestSuite(TestCaseMain.java:187)
	at com.kms.katalon.core.main.TestCaseMain$startTestSuite$0.call(Unknown Source)
	at TempTestSuite1696316330175.run(TempTestSuite1696316330175.groovy:36)
Caused by: com.kms.katalon.core.exception.StepFailedException: Text 'plat nomor tidak terdaftar diseluruh wilayah SAMSAT indonesia' is not present on page 
	at com.kms.katalon.core.webui.keyword.internal.WebUIKeywordMain.stepFailed(WebUIKeywordMain.groovy:64)
	at com.kms.katalon.core.webui.keyword.builtin.VerifyTextPresentKeyword$_verifyTextPresent_closure1.doCall(VerifyTextPresentKeyword.groovy:79)
	at com.kms.katalon.core.webui.keyword.builtin.VerifyTextPresentKeyword$_verifyTextPresent_closure1.call(VerifyTextPresentKeyword.groovy)
	at com.kms.katalon.core.webui.keyword.internal.WebUIKeywordMain.runKeyword(WebUIKeywordMain.groovy:20)
	... 19 more
)

2023-10-03 14:03:05 - [MESSAGE][FAILED] - Text 'plat nomor tidak terdaftar diseluruh wilayah SAMSAT indonesia' is not present on page  (Root cause: com.kms.katalon.core.exception.StepFailedException: Text 'plat nomor tidak terdaftar diseluruh wilayah SAMSAT indonesia' is not present on page 
	at com.kms.katalon.core.webui.keyword.internal.WebUIKeywordMain.stepFailed(WebUIKeywordMain.groovy:64)
	at com.kms.katalon.core.webui.keyword.builtin.VerifyTextPresentKeyword$_verifyTextPresent_closure1.doCall(VerifyTextPresentKeyword.groovy:79)
	at com.kms.katalon.core.webui.keyword.builtin.VerifyTextPresentKeyword$_verifyTextPresent_closure1.call(VerifyTextPresentKeyword.groovy)
	at com.kms.katalon.core.webui.keyword.internal.WebUIKeywordMain.runKeyword(WebUIKeywordMain.groovy:20)
	at com.kms.katalon.core.webui.keyword.builtin.VerifyTextPresentKeyword.verifyTextPresent(VerifyTextPresentKeyword.groovy:83)
	at com.kms.katalon.core.webui.keyword.builtin.VerifyTextPresentKeyword.execute(VerifyTextPresentKeyword.groovy:68)
	at com.kms.katalon.core.keyword.internal.KeywordExecutor.executeKeywordForPlatform(KeywordExecutor.groovy:74)
	at com.kms.katalon.core.webui.keyword.WebUiBuiltInKeywords.verifyTextPresent(WebUiBuiltInKeywords.groovy:1723)
	at com.kms.katalon.core.webui.keyword.WebUiBuiltInKeywords$verifyTextPresent$11.call(Unknown Source)
	at JK-011.run(JK-011:42)
	at com.kms.katalon.core.main.ScriptEngine.run(ScriptEngine.java:194)
	at com.kms.katalon.core.main.ScriptEngine.runScriptAsRawText(ScriptEngine.java:119)
	at com.kms.katalon.core.main.TestCaseExecutor.runScript(TestCaseExecutor.java:448)
	at com.kms.katalon.core.main.TestCaseExecutor.doExecute(TestCaseExecutor.java:439)
	at com.kms.katalon.core.main.TestCaseExecutor.processExecutionPhase(TestCaseExecutor.java:418)
	at com.kms.katalon.core.main.TestCaseExecutor.accessMainPhase(TestCaseExecutor.java:410)
	at com.kms.katalon.core.main.TestCaseExecutor.execute(TestCaseExecutor.java:285)
	at com.kms.katalon.core.common.CommonExecutor.accessTestCaseMainPhase(CommonExecutor.java:65)
	at com.kms.katalon.core.main.TestSuiteExecutor.accessTestSuiteMainPhase(TestSuiteExecutor.java:148)
	at com.kms.katalon.core.main.TestSuiteExecutor.execute(TestSuiteExecutor.java:106)
	at com.kms.katalon.core.main.TestCaseMain.startTestSuite(TestCaseMain.java:187)
	at com.kms.katalon.core.main.TestCaseMain$startTestSuite$0.call(Unknown Source)
	at TempTestSuite1696316330175.run(TempTestSuite1696316330175.groovy:36)
)

2023-10-03 14:03:05 - [MESSAGE][FAILED] - Unable to verify text 'plat nomor tidak terdaftar diseluruh wilayah SAMSAT indonesia' is present  (Root cause: com.kms.katalon.core.exception.StepFailedException: Unable to verify text 'plat nomor tidak terdaftar diseluruh wilayah SAMSAT indonesia' is present 
	at com.kms.katalon.core.webui.keyword.internal.WebUIKeywordMain.stepFailed(WebUIKeywordMain.groovy:64)
	at com.kms.katalon.core.webui.keyword.internal.WebUIKeywordMain.runKeyword(WebUIKeywordMain.groovy:26)
	at com.kms.katalon.core.webui.keyword.builtin.VerifyTextPresentKeyword.verifyTextPresent(VerifyTextPresentKeyword.groovy:83)
	at com.kms.katalon.core.webui.keyword.builtin.VerifyTextPresentKeyword.execute(VerifyTextPresentKeyword.groovy:68)
	at com.kms.katalon.core.keyword.internal.KeywordExecutor.executeKeywordForPlatform(KeywordExecutor.groovy:74)
	at com.kms.katalon.core.webui.keyword.WebUiBuiltInKeywords.verifyTextPresent(WebUiBuiltInKeywords.groovy:1723)
	at com.kms.katalon.core.webui.keyword.WebUiBuiltInKeywords$verifyTextPresent$11.call(Unknown Source)
	at JK-011.run(JK-011:42)
	at com.kms.katalon.core.main.ScriptEngine.run(ScriptEngine.java:194)
	at com.kms.katalon.core.main.ScriptEngine.runScriptAsRawText(ScriptEngine.java:119)
	at com.kms.katalon.core.main.TestCaseExecutor.runScript(TestCaseExecutor.java:448)
	at com.kms.katalon.core.main.TestCaseExecutor.doExecute(TestCaseExecutor.java:439)
	at com.kms.katalon.core.main.TestCaseExecutor.processExecutionPhase(TestCaseExecutor.java:418)
	at com.kms.katalon.core.main.TestCaseExecutor.accessMainPhase(TestCaseExecutor.java:410)
	at com.kms.katalon.core.main.TestCaseExecutor.execute(TestCaseExecutor.java:285)
	at com.kms.katalon.core.common.CommonExecutor.accessTestCaseMainPhase(CommonExecutor.java:65)
	at com.kms.katalon.core.main.TestSuiteExecutor.accessTestSuiteMainPhase(TestSuiteExecutor.java:148)
	at com.kms.katalon.core.main.TestSuiteExecutor.execute(TestSuiteExecutor.java:106)
	at com.kms.katalon.core.main.TestCaseMain.startTestSuite(TestCaseMain.java:187)
	at com.kms.katalon.core.main.TestCaseMain$startTestSuite$0.call(Unknown Source)
	at TempTestSuite1696316330175.run(TempTestSuite1696316330175.groovy:36)
Caused by: com.kms.katalon.core.exception.StepFailedException: Text 'plat nomor tidak terdaftar diseluruh wilayah SAMSAT indonesia' is not present on page 
	at com.kms.katalon.core.webui.keyword.internal.WebUIKeywordMain.stepFailed(WebUIKeywordMain.groovy:64)
	at com.kms.katalon.core.webui.keyword.builtin.VerifyTextPresentKeyword$_verifyTextPresent_closure1.doCall(VerifyTextPresentKeyword.groovy:79)
	at com.kms.katalon.core.webui.keyword.builtin.VerifyTextPresentKeyword$_verifyTextPresent_closure1.call(VerifyTextPresentKeyword.groovy)
	at com.kms.katalon.core.webui.keyword.internal.WebUIKeywordMain.runKeyword(WebUIKeywordMain.groovy:20)
	... 19 more
)
[[ATTACHMENT|D:\\BOOTCAMP XSIS\\Projek 2 MINI PROJEK\\Reports\\20231003_135850\\jadi kurir\\T05 jadi kurir\\20231003_135850\\1696316585039.png]]]]></system-out>
         <system-err><![CDATA[2023-10-03 14:02:40 - [TEST_CASE][FAILED] - Test Cases/T05 Jadi Kurir/JK-011: Test Cases/T05 Jadi Kurir/JK-011 FAILED.
Reason:
com.kms.katalon.core.exception.StepFailedException: Unable to verify text 'plat nomor tidak terdaftar diseluruh wilayah SAMSAT indonesia' is present 
	at com.kms.katalon.core.webui.keyword.internal.WebUIKeywordMain.stepFailed(WebUIKeywordMain.groovy:64)
	at com.kms.katalon.core.webui.keyword.internal.WebUIKeywordMain.runKeyword(WebUIKeywordMain.groovy:26)
	at com.kms.katalon.core.webui.keyword.builtin.VerifyTextPresentKeyword.verifyTextPresent(VerifyTextPresentKeyword.groovy:83)
	at com.kms.katalon.core.webui.keyword.builtin.VerifyTextPresentKeyword.execute(VerifyTextPresentKeyword.groovy:68)
	at com.kms.katalon.core.keyword.internal.KeywordExecutor.executeKeywordForPlatform(KeywordExecutor.groovy:74)
	at com.kms.katalon.core.webui.keyword.WebUiBuiltInKeywords.verifyTextPresent(WebUiBuiltInKeywords.groovy:1723)
	at com.kms.katalon.core.webui.keyword.WebUiBuiltInKeywords$verifyTextPresent$11.call(Unknown Source)
	at JK-011.run(JK-011:42)
	at com.kms.katalon.core.main.ScriptEngine.run(ScriptEngine.java:194)
	at com.kms.katalon.core.main.ScriptEngine.runScriptAsRawText(ScriptEngine.java:119)
	at com.kms.katalon.core.main.TestCaseExecutor.runScript(TestCaseExecutor.java:448)
	at com.kms.katalon.core.main.TestCaseExecutor.doExecute(TestCaseExecutor.java:439)
	at com.kms.katalon.core.main.TestCaseExecutor.processExecutionPhase(TestCaseExecutor.java:418)
	at com.kms.katalon.core.main.TestCaseExecutor.accessMainPhase(TestCaseExecutor.java:410)
	at com.kms.katalon.core.main.TestCaseExecutor.execute(TestCaseExecutor.java:285)
	at com.kms.katalon.core.common.CommonExecutor.accessTestCaseMainPhase(CommonExecutor.java:65)
	at com.kms.katalon.core.main.TestSuiteExecutor.accessTestSuiteMainPhase(TestSuiteExecutor.java:148)
	at com.kms.katalon.core.main.TestSuiteExecutor.execute(TestSuiteExecutor.java:106)
	at com.kms.katalon.core.main.TestCaseMain.startTestSuite(TestCaseMain.java:187)
	at com.kms.katalon.core.main.TestCaseMain$startTestSuite$0.call(Unknown Source)
	at TempTestSuite1696316330175.run(TempTestSuite1696316330175.groovy:36)
Caused by: com.kms.katalon.core.exception.StepFailedException: Text 'plat nomor tidak terdaftar diseluruh wilayah SAMSAT indonesia' is not present on page 
	at com.kms.katalon.core.webui.keyword.internal.WebUIKeywordMain.stepFailed(WebUIKeywordMain.groovy:64)
	at com.kms.katalon.core.webui.keyword.builtin.VerifyTextPresentKeyword$_verifyTextPresent_closure1.doCall(VerifyTextPresentKeyword.groovy:79)
	at com.kms.katalon.core.webui.keyword.builtin.VerifyTextPresentKeyword$_verifyTextPresent_closure1.call(VerifyTextPresentKeyword.groovy)
	at com.kms.katalon.core.webui.keyword.internal.WebUIKeywordMain.runKeyword(WebUIKeywordMain.groovy:20)
	... 19 more]]></system-err>
      </testcase>
      <testcase name="Test Cases/T05 Jadi Kurir/JK-012" time="20.816" classname="Test Cases/T05 Jadi Kurir/JK-012" status="FAILED">
         <failure type="FAILED" message="Test Cases/T05 Jadi Kurir/JK-012 FAILED.
Reason:
com.kms.katalon.core.exception.StepFailedException: Unable to verify text 'Profile Kurir' is present 
	at com.kms.katalon.core.webui.keyword.internal.WebUIKeywordMain.stepFailed(WebUIKeywordMain.groovy:64)
	at com.kms.katalon.core.webui.keyword.internal.WebUIKeywordMain.runKeyword(WebUIKeywordMain.groovy:26)
	at com.kms.katalon.core.webui.keyword.builtin.VerifyTextPresentKeyword.verifyTextPresent(VerifyTextPresentKeyword.groovy:83)
	at com.kms.katalon.core.webui.keyword.builtin.VerifyTextPresentKeyword.execute(VerifyTextPresentKeyword.groovy:68)
	at com.kms.katalon.core.keyword.internal.KeywordExecutor.executeKeywordForPlatform(KeywordExecutor.groovy:74)
	at com.kms.katalon.core.webui.keyword.WebUiBuiltInKeywords.verifyTextPresent(WebUiBuiltInKeywords.groovy:1723)
	at com.kms.katalon.core.webui.keyword.WebUiBuiltInKeywords$verifyTextPresent$11.call(Unknown Source)
	at JK-012.run(JK-012:40)
	at com.kms.katalon.core.main.ScriptEngine.run(ScriptEngine.java:194)
	at com.kms.katalon.core.main.ScriptEngine.runScriptAsRawText(ScriptEngine.java:119)
	at com.kms.katalon.core.main.TestCaseExecutor.runScript(TestCaseExecutor.java:448)
	at com.kms.katalon.core.main.TestCaseExecutor.doExecute(TestCaseExecutor.java:439)
	at com.kms.katalon.core.main.TestCaseExecutor.processExecutionPhase(TestCaseExecutor.java:418)
	at com.kms.katalon.core.main.TestCaseExecutor.accessMainPhase(TestCaseExecutor.java:410)
	at com.kms.katalon.core.main.TestCaseExecutor.execute(TestCaseExecutor.java:285)
	at com.kms.katalon.core.common.CommonExecutor.accessTestCaseMainPhase(CommonExecutor.java:65)
	at com.kms.katalon.core.main.TestSuiteExecutor.accessTestSuiteMainPhase(TestSuiteExecutor.java:148)
	at com.kms.katalon.core.main.TestSuiteExecutor.execute(TestSuiteExecutor.java:106)
	at com.kms.katalon.core.main.TestCaseMain.startTestSuite(TestCaseMain.java:187)
	at com.kms.katalon.core.main.TestCaseMain$startTestSuite$0.call(Unknown Source)
	at TempTestSuite1696316330175.run(TempTestSuite1696316330175.groovy:36)
Caused by: com.kms.katalon.core.exception.StepFailedException: Text 'Profile Kurir' is not present on page 
	at com.kms.katalon.core.webui.keyword.internal.WebUIKeywordMain.stepFailed(WebUIKeywordMain.groovy:64)
	at com.kms.katalon.core.webui.keyword.builtin.VerifyTextPresentKeyword$_verifyTextPresent_closure1.doCall(VerifyTextPresentKeyword.groovy:79)
	at com.kms.katalon.core.webui.keyword.builtin.VerifyTextPresentKeyword$_verifyTextPresent_closure1.call(VerifyTextPresentKeyword.groovy)
	at com.kms.katalon.core.webui.keyword.internal.WebUIKeywordMain.runKeyword(WebUIKeywordMain.groovy:20)
	... 19 more
"/>
         <system-out><![CDATA[2023-10-03 14:03:05 - [TEST_CASE][FAILED] - Test Cases/T05 Jadi Kurir/JK-012: Test Cases/T05 Jadi Kurir/JK-012 FAILED.
Reason:
com.kms.katalon.core.exception.StepFailedException: Unable to verify text 'Profile Kurir' is present 
	at com.kms.katalon.core.webui.keyword.internal.WebUIKeywordMain.stepFailed(WebUIKeywordMain.groovy:64)
	at com.kms.katalon.core.webui.keyword.internal.WebUIKeywordMain.runKeyword(WebUIKeywordMain.groovy:26)
	at com.kms.katalon.core.webui.keyword.builtin.VerifyTextPresentKeyword.verifyTextPresent(VerifyTextPresentKeyword.groovy:83)
	at com.kms.katalon.core.webui.keyword.builtin.VerifyTextPresentKeyword.execute(VerifyTextPresentKeyword.groovy:68)
	at com.kms.katalon.core.keyword.internal.KeywordExecutor.executeKeywordForPlatform(KeywordExecutor.groovy:74)
	at com.kms.katalon.core.webui.keyword.WebUiBuiltInKeywords.verifyTextPresent(WebUiBuiltInKeywords.groovy:1723)
	at com.kms.katalon.core.webui.keyword.WebUiBuiltInKeywords$verifyTextPresent$11.call(Unknown Source)
	at JK-012.run(JK-012:40)
	at com.kms.katalon.core.main.ScriptEngine.run(ScriptEngine.java:194)
	at com.kms.katalon.core.main.ScriptEngine.runScriptAsRawText(ScriptEngine.java:119)
	at com.kms.katalon.core.main.TestCaseExecutor.runScript(TestCaseExecutor.java:448)
	at com.kms.katalon.core.main.TestCaseExecutor.doExecute(TestCaseExecutor.java:439)
	at com.kms.katalon.core.main.TestCaseExecutor.processExecutionPhase(TestCaseExecutor.java:418)
	at com.kms.katalon.core.main.TestCaseExecutor.accessMainPhase(TestCaseExecutor.java:410)
	at com.kms.katalon.core.main.TestCaseExecutor.execute(TestCaseExecutor.java:285)
	at com.kms.katalon.core.common.CommonExecutor.accessTestCaseMainPhase(CommonExecutor.java:65)
	at com.kms.katalon.core.main.TestSuiteExecutor.accessTestSuiteMainPhase(TestSuiteExecutor.java:148)
	at com.kms.katalon.core.main.TestSuiteExecutor.execute(TestSuiteExecutor.java:106)
	at com.kms.katalon.core.main.TestCaseMain.startTestSuite(TestCaseMain.java:187)
	at com.kms.katalon.core.main.TestCaseMain$startTestSuite$0.call(Unknown Source)
	at TempTestSuite1696316330175.run(TempTestSuite1696316330175.groovy:36)
Caused by: com.kms.katalon.core.exception.StepFailedException: Text 'Profile Kurir' is not present on page 
	at com.kms.katalon.core.webui.keyword.internal.WebUIKeywordMain.stepFailed(WebUIKeywordMain.groovy:64)
	at com.kms.katalon.core.webui.keyword.builtin.VerifyTextPresentKeyword$_verifyTextPresent_closure1.doCall(VerifyTextPresentKeyword.groovy:79)
	at com.kms.katalon.core.webui.keyword.builtin.VerifyTextPresentKeyword$_verifyTextPresent_closure1.call(VerifyTextPresentKeyword.groovy)
	at com.kms.katalon.core.webui.keyword.internal.WebUIKeywordMain.runKeyword(WebUIKeywordMain.groovy:20)
	... 19 more


2023-10-03 14:03:05 - [TEST_STEP][PASSED] - callTestCase(findTestCase("T05 Jadi Kurir/JK-001"), [:], STOP_ON_FAILURE): Call Test Case 'Test Cases/T05 Jadi Kurir/JK-001' successfully

2023-10-03 14:03:05 - [TEST_CASE][PASSED] - Test Cases/T05 Jadi Kurir/JK-001: Test Cases/T05 Jadi Kurir/JK-001

2023-10-03 14:03:05 - [TEST_STEP][PASSED] - callTestCase(findTestCase("T05 Jadi Kurir/LU-001"), ["username":"irfanafandi", "password":"12345irfan"], STOP_ON_FAILURE): Call Test Case 'Test Cases/T05 Jadi Kurir/LU-001' successfully

2023-10-03 14:03:05 - [TEST_CASE][PASSED] - Test Cases/T05 Jadi Kurir/LU-001: Test Cases/T05 Jadi Kurir/LU-001

2023-10-03 14:03:05 - [TEST_STEP][PASSED] - openBrowser("https://10.9.2.63/ecommerce/"): Browser is opened with url: 'https://10.9.2.63/ecommerce/'

2023-10-03 14:03:05 - [MESSAGE][WARNING] - A browser is already opened. Closing browser and opening a new one

2023-10-03 14:03:06 - [MESSAGE][INFO] - Starting 'Firefox' driver

2023-10-03 14:03:06 - [MESSAGE][INFO] - User set preference: ['args', '[--disable-notifications]']

2023-10-03 14:03:06 - [MESSAGE][INFO] - Action delay is set to 0 milliseconds

2023-10-03 14:03:12 - [MESSAGE][PASSED] - Browser is opened with url: 'https://10.9.2.63/ecommerce/'

2023-10-03 14:03:12 - [TEST_STEP][PASSED] - maximizeWindow(): Current window maximized

2023-10-03 14:03:12 - [MESSAGE][PASSED] - Current window maximized

2023-10-03 14:03:12 - [TEST_STEP][PASSED] - verifyElementPresent(findTestObject("Login/Home"), 0): Object 'Object Repository/Login/Home' is present

2023-10-03 14:03:12 - [MESSAGE][WARNING] - Timeout '0' is invalid. Using default page load timeout: '30'

2023-10-03 14:03:12 - [MESSAGE][PASSED] - Object 'Object Repository/Login/Home' is present

2023-10-03 14:03:12 - [TEST_STEP][PASSED] - click(findTestObject("Login/a_Login")): Object: 'Object Repository/Login/a_Login' is clicked on

2023-10-03 14:03:13 - [MESSAGE][PASSED] - Object: 'Object Repository/Login/a_Login' is clicked on

2023-10-03 14:03:13 - [TEST_STEP][PASSED] - verifyElementPresent(findTestObject("Login/Tittle Login"), 0): Object 'Object Repository/Login/Tittle Login' is present

2023-10-03 14:03:13 - [MESSAGE][WARNING] - Timeout '0' is invalid. Using default page load timeout: '30'

2023-10-03 14:03:13 - [MESSAGE][PASSED] - Object 'Object Repository/Login/Tittle Login' is present

2023-10-03 14:03:13 - [TEST_STEP][PASSED] - setText(findTestObject("Login/input_Username, Email atau No. Handphone_a"), username): Text 'irfanafandi' is set on object 'Object Repository/Login/input_Username, Email atau No. Handphone_a'

2023-10-03 14:03:14 - [MESSAGE][PASSED] - Text 'irfanafandi' is set on object 'Object Repository/Login/input_Username, Email atau No. Handphone_a'

2023-10-03 14:03:14 - [TEST_STEP][PASSED] - setText(findTestObject("Login/input_Password_b"), password): Text '12345irfan' is set on object 'Object Repository/Login/input_Password_b'

2023-10-03 14:03:15 - [MESSAGE][PASSED] - Text '12345irfan' is set on object 'Object Repository/Login/input_Password_b'

2023-10-03 14:03:15 - [TEST_STEP][PASSED] - click(findTestObject("Login/label_Ingat saya")): Object: 'Object Repository/Login/label_Ingat saya' is clicked on

2023-10-03 14:03:16 - [MESSAGE][PASSED] - Object: 'Object Repository/Login/label_Ingat saya' is clicked on

2023-10-03 14:03:16 - [TEST_STEP][PASSED] - click(findTestObject("Login/button_Masuk")): Object: 'Object Repository/Login/button_Masuk' is clicked on

2023-10-03 14:03:17 - [MESSAGE][PASSED] - Object: 'Object Repository/Login/button_Masuk' is clicked on

2023-10-03 14:03:17 - [TEST_STEP][PASSED] - verifyElementPresent(findTestObject("Login/li_Profile"), 0): Object 'Object Repository/Login/li_Profile' is present

2023-10-03 14:03:17 - [MESSAGE][WARNING] - Timeout '0' is invalid. Using default page load timeout: '30'

2023-10-03 14:03:17 - [MESSAGE][PASSED] - Object 'Object Repository/Login/li_Profile' is present

2023-10-03 14:03:17 - [MESSAGE][PASSED] - Call Test Case 'Test Cases/T05 Jadi Kurir/LU-001' successfully

2023-10-03 14:03:17 - [TEST_STEP][PASSED] - click(findTestObject("Jadi kurir/a_Jadi Kurir")): Object: 'Object Repository/Jadi kurir/a_Jadi Kurir' is clicked on

2023-10-03 14:03:18 - [MESSAGE][PASSED] - Object: 'Object Repository/Jadi kurir/a_Jadi Kurir' is clicked on

2023-10-03 14:03:18 - [TEST_STEP][PASSED] - verifyElementPresent(findTestObject("Jadi kurir/li_Profile Kurir"), 0): Object 'Object Repository/Jadi kurir/li_Profile Kurir' is present

2023-10-03 14:03:19 - [MESSAGE][WARNING] - Timeout '0' is invalid. Using default page load timeout: '30'

2023-10-03 14:03:19 - [MESSAGE][PASSED] - Object 'Object Repository/Jadi kurir/li_Profile Kurir' is present

2023-10-03 14:03:19 - [MESSAGE][PASSED] - Call Test Case 'Test Cases/T05 Jadi Kurir/JK-001' successfully

2023-10-03 14:03:19 - [TEST_STEP][PASSED] - click(findTestObject("Jadi kurir/a_Daftar  Edit Data")): Object: 'Object Repository/Jadi kurir/a_Daftar  Edit Data' is clicked on

2023-10-03 14:03:20 - [MESSAGE][PASSED] - Object: 'Object Repository/Jadi kurir/a_Daftar  Edit Data' is clicked on

2023-10-03 14:03:20 - [TEST_STEP][PASSED] - verifyElementPresent(findTestObject("Jadi kurir/li_Profile Kurir"), 0): Object 'Object Repository/Jadi kurir/li_Profile Kurir' is present

2023-10-03 14:03:20 - [MESSAGE][WARNING] - Timeout '0' is invalid. Using default page load timeout: '30'

2023-10-03 14:03:21 - [MESSAGE][PASSED] - Object 'Object Repository/Jadi kurir/li_Profile Kurir' is present

2023-10-03 14:03:21 - [TEST_STEP][PASSED] - selectOptionByValue(findTestObject("Jadi kurir/select_- Pilih Kendaraan -Roda 2Roda 4"), Jenis, false): All options with value '2' are selected in object 'Object Repository/Jadi kurir/select_- Pilih Kendaraan -Roda 2Roda 4' 

2023-10-03 14:03:22 - [MESSAGE][PASSED] - All options with value '2' are selected in object 'Object Repository/Jadi kurir/select_- Pilih Kendaraan -Roda 2Roda 4' 

2023-10-03 14:03:22 - [TEST_STEP][PASSED] - setText(findTestObject("Jadi kurir/input_Merek Kendaraan"), Merek_Kendaraan): Text 'toyota supra' is set on object 'Object Repository/Jadi kurir/input_Merek Kendaraan'

2023-10-03 14:03:22 - [MESSAGE][PASSED] - Text 'toyota supra' is set on object 'Object Repository/Jadi kurir/input_Merek Kendaraan'

2023-10-03 14:03:22 - [TEST_STEP][PASSED] - setText(findTestObject("Jadi kurir/input_Plat Nomor"), Plat_Nomor): Text 'AB 1140 NG' is set on object 'Object Repository/Jadi kurir/input_Plat Nomor'

2023-10-03 14:03:23 - [MESSAGE][PASSED] - Text 'AB 1140 NG' is set on object 'Object Repository/Jadi kurir/input_Plat Nomor'

2023-10-03 14:03:23 - [TEST_STEP][PASSED] - setText(findTestObject("Jadi kurir/textarea_Keterangan"), Keterangan): Text 'mau daftar dong bang' is set on object 'Object Repository/Jadi kurir/textarea_Keterangan'

2023-10-03 14:03:24 - [MESSAGE][PASSED] - Text 'mau daftar dong bang' is set on object 'Object Repository/Jadi kurir/textarea_Keterangan'

2023-10-03 14:03:24 - [TEST_STEP][PASSED] - uploadFile(findTestObject("Object Repository/Jadi kurir/input_Choose files_uploadFile"), Berkas): File 'C:\Users\IRFAN\Videos\katalon\Doc1.docx' sent to object: 'Object Repository/Jadi kurir/input_Choose files_uploadFile'

2023-10-03 14:03:24 - [MESSAGE][PASSED] - File 'C:\Users\IRFAN\Videos\katalon\Doc1.docx' sent to object: 'Object Repository/Jadi kurir/input_Choose files_uploadFile'

2023-10-03 14:03:24 - [TEST_STEP][FAILED] - verifyTextPresent("Profile Kurir", false): Unable to verify text 'Profile Kurir' is present  (Root cause: com.kms.katalon.core.exception.StepFailedException: Unable to verify text 'Profile Kurir' is present 
	at com.kms.katalon.core.webui.keyword.internal.WebUIKeywordMain.stepFailed(WebUIKeywordMain.groovy:64)
	at com.kms.katalon.core.webui.keyword.internal.WebUIKeywordMain.runKeyword(WebUIKeywordMain.groovy:26)
	at com.kms.katalon.core.webui.keyword.builtin.VerifyTextPresentKeyword.verifyTextPresent(VerifyTextPresentKeyword.groovy:83)
	at com.kms.katalon.core.webui.keyword.builtin.VerifyTextPresentKeyword.execute(VerifyTextPresentKeyword.groovy:68)
	at com.kms.katalon.core.keyword.internal.KeywordExecutor.executeKeywordForPlatform(KeywordExecutor.groovy:74)
	at com.kms.katalon.core.webui.keyword.WebUiBuiltInKeywords.verifyTextPresent(WebUiBuiltInKeywords.groovy:1723)
	at com.kms.katalon.core.webui.keyword.WebUiBuiltInKeywords$verifyTextPresent$11.call(Unknown Source)
	at JK-012.run(JK-012:40)
	at com.kms.katalon.core.main.ScriptEngine.run(ScriptEngine.java:194)
	at com.kms.katalon.core.main.ScriptEngine.runScriptAsRawText(ScriptEngine.java:119)
	at com.kms.katalon.core.main.TestCaseExecutor.runScript(TestCaseExecutor.java:448)
	at com.kms.katalon.core.main.TestCaseExecutor.doExecute(TestCaseExecutor.java:439)
	at com.kms.katalon.core.main.TestCaseExecutor.processExecutionPhase(TestCaseExecutor.java:418)
	at com.kms.katalon.core.main.TestCaseExecutor.accessMainPhase(TestCaseExecutor.java:410)
	at com.kms.katalon.core.main.TestCaseExecutor.execute(TestCaseExecutor.java:285)
	at com.kms.katalon.core.common.CommonExecutor.accessTestCaseMainPhase(CommonExecutor.java:65)
	at com.kms.katalon.core.main.TestSuiteExecutor.accessTestSuiteMainPhase(TestSuiteExecutor.java:148)
	at com.kms.katalon.core.main.TestSuiteExecutor.execute(TestSuiteExecutor.java:106)
	at com.kms.katalon.core.main.TestCaseMain.startTestSuite(TestCaseMain.java:187)
	at com.kms.katalon.core.main.TestCaseMain$startTestSuite$0.call(Unknown Source)
	at TempTestSuite1696316330175.run(TempTestSuite1696316330175.groovy:36)
Caused by: com.kms.katalon.core.exception.StepFailedException: Text 'Profile Kurir' is not present on page 
	at com.kms.katalon.core.webui.keyword.internal.WebUIKeywordMain.stepFailed(WebUIKeywordMain.groovy:64)
	at com.kms.katalon.core.webui.keyword.builtin.VerifyTextPresentKeyword$_verifyTextPresent_closure1.doCall(VerifyTextPresentKeyword.groovy:79)
	at com.kms.katalon.core.webui.keyword.builtin.VerifyTextPresentKeyword$_verifyTextPresent_closure1.call(VerifyTextPresentKeyword.groovy)
	at com.kms.katalon.core.webui.keyword.internal.WebUIKeywordMain.runKeyword(WebUIKeywordMain.groovy:20)
	... 19 more
)

2023-10-03 14:03:25 - [MESSAGE][FAILED] - Text 'Profile Kurir' is not present on page  (Root cause: com.kms.katalon.core.exception.StepFailedException: Text 'Profile Kurir' is not present on page 
	at com.kms.katalon.core.webui.keyword.internal.WebUIKeywordMain.stepFailed(WebUIKeywordMain.groovy:64)
	at com.kms.katalon.core.webui.keyword.builtin.VerifyTextPresentKeyword$_verifyTextPresent_closure1.doCall(VerifyTextPresentKeyword.groovy:79)
	at com.kms.katalon.core.webui.keyword.builtin.VerifyTextPresentKeyword$_verifyTextPresent_closure1.call(VerifyTextPresentKeyword.groovy)
	at com.kms.katalon.core.webui.keyword.internal.WebUIKeywordMain.runKeyword(WebUIKeywordMain.groovy:20)
	at com.kms.katalon.core.webui.keyword.builtin.VerifyTextPresentKeyword.verifyTextPresent(VerifyTextPresentKeyword.groovy:83)
	at com.kms.katalon.core.webui.keyword.builtin.VerifyTextPresentKeyword.execute(VerifyTextPresentKeyword.groovy:68)
	at com.kms.katalon.core.keyword.internal.KeywordExecutor.executeKeywordForPlatform(KeywordExecutor.groovy:74)
	at com.kms.katalon.core.webui.keyword.WebUiBuiltInKeywords.verifyTextPresent(WebUiBuiltInKeywords.groovy:1723)
	at com.kms.katalon.core.webui.keyword.WebUiBuiltInKeywords$verifyTextPresent$11.call(Unknown Source)
	at JK-012.run(JK-012:40)
	at com.kms.katalon.core.main.ScriptEngine.run(ScriptEngine.java:194)
	at com.kms.katalon.core.main.ScriptEngine.runScriptAsRawText(ScriptEngine.java:119)
	at com.kms.katalon.core.main.TestCaseExecutor.runScript(TestCaseExecutor.java:448)
	at com.kms.katalon.core.main.TestCaseExecutor.doExecute(TestCaseExecutor.java:439)
	at com.kms.katalon.core.main.TestCaseExecutor.processExecutionPhase(TestCaseExecutor.java:418)
	at com.kms.katalon.core.main.TestCaseExecutor.accessMainPhase(TestCaseExecutor.java:410)
	at com.kms.katalon.core.main.TestCaseExecutor.execute(TestCaseExecutor.java:285)
	at com.kms.katalon.core.common.CommonExecutor.accessTestCaseMainPhase(CommonExecutor.java:65)
	at com.kms.katalon.core.main.TestSuiteExecutor.accessTestSuiteMainPhase(TestSuiteExecutor.java:148)
	at com.kms.katalon.core.main.TestSuiteExecutor.execute(TestSuiteExecutor.java:106)
	at com.kms.katalon.core.main.TestCaseMain.startTestSuite(TestCaseMain.java:187)
	at com.kms.katalon.core.main.TestCaseMain$startTestSuite$0.call(Unknown Source)
	at TempTestSuite1696316330175.run(TempTestSuite1696316330175.groovy:36)
)

2023-10-03 14:03:25 - [MESSAGE][FAILED] - Unable to verify text 'Profile Kurir' is present  (Root cause: com.kms.katalon.core.exception.StepFailedException: Unable to verify text 'Profile Kurir' is present 
	at com.kms.katalon.core.webui.keyword.internal.WebUIKeywordMain.stepFailed(WebUIKeywordMain.groovy:64)
	at com.kms.katalon.core.webui.keyword.internal.WebUIKeywordMain.runKeyword(WebUIKeywordMain.groovy:26)
	at com.kms.katalon.core.webui.keyword.builtin.VerifyTextPresentKeyword.verifyTextPresent(VerifyTextPresentKeyword.groovy:83)
	at com.kms.katalon.core.webui.keyword.builtin.VerifyTextPresentKeyword.execute(VerifyTextPresentKeyword.groovy:68)
	at com.kms.katalon.core.keyword.internal.KeywordExecutor.executeKeywordForPlatform(KeywordExecutor.groovy:74)
	at com.kms.katalon.core.webui.keyword.WebUiBuiltInKeywords.verifyTextPresent(WebUiBuiltInKeywords.groovy:1723)
	at com.kms.katalon.core.webui.keyword.WebUiBuiltInKeywords$verifyTextPresent$11.call(Unknown Source)
	at JK-012.run(JK-012:40)
	at com.kms.katalon.core.main.ScriptEngine.run(ScriptEngine.java:194)
	at com.kms.katalon.core.main.ScriptEngine.runScriptAsRawText(ScriptEngine.java:119)
	at com.kms.katalon.core.main.TestCaseExecutor.runScript(TestCaseExecutor.java:448)
	at com.kms.katalon.core.main.TestCaseExecutor.doExecute(TestCaseExecutor.java:439)
	at com.kms.katalon.core.main.TestCaseExecutor.processExecutionPhase(TestCaseExecutor.java:418)
	at com.kms.katalon.core.main.TestCaseExecutor.accessMainPhase(TestCaseExecutor.java:410)
	at com.kms.katalon.core.main.TestCaseExecutor.execute(TestCaseExecutor.java:285)
	at com.kms.katalon.core.common.CommonExecutor.accessTestCaseMainPhase(CommonExecutor.java:65)
	at com.kms.katalon.core.main.TestSuiteExecutor.accessTestSuiteMainPhase(TestSuiteExecutor.java:148)
	at com.kms.katalon.core.main.TestSuiteExecutor.execute(TestSuiteExecutor.java:106)
	at com.kms.katalon.core.main.TestCaseMain.startTestSuite(TestCaseMain.java:187)
	at com.kms.katalon.core.main.TestCaseMain$startTestSuite$0.call(Unknown Source)
	at TempTestSuite1696316330175.run(TempTestSuite1696316330175.groovy:36)
Caused by: com.kms.katalon.core.exception.StepFailedException: Text 'Profile Kurir' is not present on page 
	at com.kms.katalon.core.webui.keyword.internal.WebUIKeywordMain.stepFailed(WebUIKeywordMain.groovy:64)
	at com.kms.katalon.core.webui.keyword.builtin.VerifyTextPresentKeyword$_verifyTextPresent_closure1.doCall(VerifyTextPresentKeyword.groovy:79)
	at com.kms.katalon.core.webui.keyword.builtin.VerifyTextPresentKeyword$_verifyTextPresent_closure1.call(VerifyTextPresentKeyword.groovy)
	at com.kms.katalon.core.webui.keyword.internal.WebUIKeywordMain.runKeyword(WebUIKeywordMain.groovy:20)
	... 19 more
)
[[ATTACHMENT|D:\\BOOTCAMP XSIS\\Projek 2 MINI PROJEK\\Reports\\20231003_135850\\jadi kurir\\T05 jadi kurir\\20231003_135850\\1696316605717.png]]]]></system-out>
         <system-err><![CDATA[2023-10-03 14:03:05 - [TEST_CASE][FAILED] - Test Cases/T05 Jadi Kurir/JK-012: Test Cases/T05 Jadi Kurir/JK-012 FAILED.
Reason:
com.kms.katalon.core.exception.StepFailedException: Unable to verify text 'Profile Kurir' is present 
	at com.kms.katalon.core.webui.keyword.internal.WebUIKeywordMain.stepFailed(WebUIKeywordMain.groovy:64)
	at com.kms.katalon.core.webui.keyword.internal.WebUIKeywordMain.runKeyword(WebUIKeywordMain.groovy:26)
	at com.kms.katalon.core.webui.keyword.builtin.VerifyTextPresentKeyword.verifyTextPresent(VerifyTextPresentKeyword.groovy:83)
	at com.kms.katalon.core.webui.keyword.builtin.VerifyTextPresentKeyword.execute(VerifyTextPresentKeyword.groovy:68)
	at com.kms.katalon.core.keyword.internal.KeywordExecutor.executeKeywordForPlatform(KeywordExecutor.groovy:74)
	at com.kms.katalon.core.webui.keyword.WebUiBuiltInKeywords.verifyTextPresent(WebUiBuiltInKeywords.groovy:1723)
	at com.kms.katalon.core.webui.keyword.WebUiBuiltInKeywords$verifyTextPresent$11.call(Unknown Source)
	at JK-012.run(JK-012:40)
	at com.kms.katalon.core.main.ScriptEngine.run(ScriptEngine.java:194)
	at com.kms.katalon.core.main.ScriptEngine.runScriptAsRawText(ScriptEngine.java:119)
	at com.kms.katalon.core.main.TestCaseExecutor.runScript(TestCaseExecutor.java:448)
	at com.kms.katalon.core.main.TestCaseExecutor.doExecute(TestCaseExecutor.java:439)
	at com.kms.katalon.core.main.TestCaseExecutor.processExecutionPhase(TestCaseExecutor.java:418)
	at com.kms.katalon.core.main.TestCaseExecutor.accessMainPhase(TestCaseExecutor.java:410)
	at com.kms.katalon.core.main.TestCaseExecutor.execute(TestCaseExecutor.java:285)
	at com.kms.katalon.core.common.CommonExecutor.accessTestCaseMainPhase(CommonExecutor.java:65)
	at com.kms.katalon.core.main.TestSuiteExecutor.accessTestSuiteMainPhase(TestSuiteExecutor.java:148)
	at com.kms.katalon.core.main.TestSuiteExecutor.execute(TestSuiteExecutor.java:106)
	at com.kms.katalon.core.main.TestCaseMain.startTestSuite(TestCaseMain.java:187)
	at com.kms.katalon.core.main.TestCaseMain$startTestSuite$0.call(Unknown Source)
	at TempTestSuite1696316330175.run(TempTestSuite1696316330175.groovy:36)
Caused by: com.kms.katalon.core.exception.StepFailedException: Text 'Profile Kurir' is not present on page 
	at com.kms.katalon.core.webui.keyword.internal.WebUIKeywordMain.stepFailed(WebUIKeywordMain.groovy:64)
	at com.kms.katalon.core.webui.keyword.builtin.VerifyTextPresentKeyword$_verifyTextPresent_closure1.doCall(VerifyTextPresentKeyword.groovy:79)
	at com.kms.katalon.core.webui.keyword.builtin.VerifyTextPresentKeyword$_verifyTextPresent_closure1.call(VerifyTextPresentKeyword.groovy)
	at com.kms.katalon.core.webui.keyword.internal.WebUIKeywordMain.runKeyword(WebUIKeywordMain.groovy:20)
	... 19 more]]></system-err>
      </testcase>
      <testcase name="Test Cases/T05 Jadi Kurir/JK-013" time="20.403" classname="Test Cases/T05 Jadi Kurir/JK-013" status="PASSED">
         <system-out><![CDATA[2023-10-03 14:03:25 - [TEST_CASE][PASSED] - Test Cases/T05 Jadi Kurir/JK-013: Test Cases/T05 Jadi Kurir/JK-013

2023-10-03 14:03:26 - [TEST_STEP][PASSED] - callTestCase(findTestCase("T05 Jadi Kurir/JK-001"), [:], STOP_ON_FAILURE): Call Test Case 'Test Cases/T05 Jadi Kurir/JK-001' successfully

2023-10-03 14:03:26 - [TEST_CASE][PASSED] - Test Cases/T05 Jadi Kurir/JK-001: Test Cases/T05 Jadi Kurir/JK-001

2023-10-03 14:03:26 - [TEST_STEP][PASSED] - callTestCase(findTestCase("T05 Jadi Kurir/LU-001"), ["username":"irfanafandi", "password":"12345irfan"], STOP_ON_FAILURE): Call Test Case 'Test Cases/T05 Jadi Kurir/LU-001' successfully

2023-10-03 14:03:26 - [TEST_CASE][PASSED] - Test Cases/T05 Jadi Kurir/LU-001: Test Cases/T05 Jadi Kurir/LU-001

2023-10-03 14:03:26 - [TEST_STEP][PASSED] - openBrowser("https://10.9.2.63/ecommerce/"): Browser is opened with url: 'https://10.9.2.63/ecommerce/'

2023-10-03 14:03:26 - [MESSAGE][WARNING] - A browser is already opened. Closing browser and opening a new one

2023-10-03 14:03:27 - [MESSAGE][INFO] - Starting 'Firefox' driver

2023-10-03 14:03:27 - [MESSAGE][INFO] - User set preference: ['args', '[--disable-notifications]']

2023-10-03 14:03:27 - [MESSAGE][INFO] - Action delay is set to 0 milliseconds

2023-10-03 14:03:33 - [MESSAGE][PASSED] - Browser is opened with url: 'https://10.9.2.63/ecommerce/'

2023-10-03 14:03:33 - [TEST_STEP][PASSED] - maximizeWindow(): Current window maximized

2023-10-03 14:03:33 - [MESSAGE][PASSED] - Current window maximized

2023-10-03 14:03:33 - [TEST_STEP][PASSED] - verifyElementPresent(findTestObject("Login/Home"), 0): Object 'Object Repository/Login/Home' is present

2023-10-03 14:03:33 - [MESSAGE][WARNING] - Timeout '0' is invalid. Using default page load timeout: '30'

2023-10-03 14:03:33 - [MESSAGE][PASSED] - Object 'Object Repository/Login/Home' is present

2023-10-03 14:03:33 - [TEST_STEP][PASSED] - click(findTestObject("Login/a_Login")): Object: 'Object Repository/Login/a_Login' is clicked on

2023-10-03 14:03:34 - [MESSAGE][PASSED] - Object: 'Object Repository/Login/a_Login' is clicked on

2023-10-03 14:03:34 - [TEST_STEP][PASSED] - verifyElementPresent(findTestObject("Login/Tittle Login"), 0): Object 'Object Repository/Login/Tittle Login' is present

2023-10-03 14:03:34 - [MESSAGE][WARNING] - Timeout '0' is invalid. Using default page load timeout: '30'

2023-10-03 14:03:34 - [MESSAGE][PASSED] - Object 'Object Repository/Login/Tittle Login' is present

2023-10-03 14:03:34 - [TEST_STEP][PASSED] - setText(findTestObject("Login/input_Username, Email atau No. Handphone_a"), username): Text 'irfanafandi' is set on object 'Object Repository/Login/input_Username, Email atau No. Handphone_a'

2023-10-03 14:03:35 - [MESSAGE][PASSED] - Text 'irfanafandi' is set on object 'Object Repository/Login/input_Username, Email atau No. Handphone_a'

2023-10-03 14:03:35 - [TEST_STEP][PASSED] - setText(findTestObject("Login/input_Password_b"), password): Text '12345irfan' is set on object 'Object Repository/Login/input_Password_b'

2023-10-03 14:03:36 - [MESSAGE][PASSED] - Text '12345irfan' is set on object 'Object Repository/Login/input_Password_b'

2023-10-03 14:03:36 - [TEST_STEP][PASSED] - click(findTestObject("Login/label_Ingat saya")): Object: 'Object Repository/Login/label_Ingat saya' is clicked on

2023-10-03 14:03:36 - [MESSAGE][PASSED] - Object: 'Object Repository/Login/label_Ingat saya' is clicked on

2023-10-03 14:03:36 - [TEST_STEP][PASSED] - click(findTestObject("Login/button_Masuk")): Object: 'Object Repository/Login/button_Masuk' is clicked on

2023-10-03 14:03:37 - [MESSAGE][PASSED] - Object: 'Object Repository/Login/button_Masuk' is clicked on

2023-10-03 14:03:37 - [TEST_STEP][PASSED] - verifyElementPresent(findTestObject("Login/li_Profile"), 0): Object 'Object Repository/Login/li_Profile' is present

2023-10-03 14:03:38 - [MESSAGE][WARNING] - Timeout '0' is invalid. Using default page load timeout: '30'

2023-10-03 14:03:38 - [MESSAGE][PASSED] - Object 'Object Repository/Login/li_Profile' is present

2023-10-03 14:03:38 - [MESSAGE][PASSED] - Call Test Case 'Test Cases/T05 Jadi Kurir/LU-001' successfully

2023-10-03 14:03:38 - [TEST_STEP][PASSED] - click(findTestObject("Jadi kurir/a_Jadi Kurir")): Object: 'Object Repository/Jadi kurir/a_Jadi Kurir' is clicked on

2023-10-03 14:03:39 - [MESSAGE][PASSED] - Object: 'Object Repository/Jadi kurir/a_Jadi Kurir' is clicked on

2023-10-03 14:03:39 - [TEST_STEP][PASSED] - verifyElementPresent(findTestObject("Jadi kurir/li_Profile Kurir"), 0): Object 'Object Repository/Jadi kurir/li_Profile Kurir' is present

2023-10-03 14:03:39 - [MESSAGE][WARNING] - Timeout '0' is invalid. Using default page load timeout: '30'

2023-10-03 14:03:40 - [MESSAGE][PASSED] - Object 'Object Repository/Jadi kurir/li_Profile Kurir' is present

2023-10-03 14:03:40 - [MESSAGE][PASSED] - Call Test Case 'Test Cases/T05 Jadi Kurir/JK-001' successfully

2023-10-03 14:03:40 - [TEST_STEP][PASSED] - click(findTestObject("Jadi kurir/a_Daftar  Edit Data")): Object: 'Object Repository/Jadi kurir/a_Daftar  Edit Data' is clicked on

2023-10-03 14:03:41 - [MESSAGE][PASSED] - Object: 'Object Repository/Jadi kurir/a_Daftar  Edit Data' is clicked on

2023-10-03 14:03:41 - [TEST_STEP][PASSED] - verifyElementPresent(findTestObject("Jadi kurir/li_Profile Kurir"), 0): Object 'Object Repository/Jadi kurir/li_Profile Kurir' is present

2023-10-03 14:03:41 - [MESSAGE][WARNING] - Timeout '0' is invalid. Using default page load timeout: '30'

2023-10-03 14:03:42 - [MESSAGE][PASSED] - Object 'Object Repository/Jadi kurir/li_Profile Kurir' is present

2023-10-03 14:03:42 - [TEST_STEP][PASSED] - selectOptionByValue(findTestObject("Jadi kurir/select_- Pilih Kendaraan -Roda 2Roda 4"), Jenis, false): All options with value '2' are selected in object 'Object Repository/Jadi kurir/select_- Pilih Kendaraan -Roda 2Roda 4' 

2023-10-03 14:03:42 - [MESSAGE][PASSED] - All options with value '2' are selected in object 'Object Repository/Jadi kurir/select_- Pilih Kendaraan -Roda 2Roda 4' 

2023-10-03 14:03:42 - [TEST_STEP][PASSED] - setText(findTestObject("Jadi kurir/input_Merek Kendaraan"), Merek_Kendaraan): Text 'toyota supra' is set on object 'Object Repository/Jadi kurir/input_Merek Kendaraan'

2023-10-03 14:03:43 - [MESSAGE][PASSED] - Text 'toyota supra' is set on object 'Object Repository/Jadi kurir/input_Merek Kendaraan'

2023-10-03 14:03:43 - [TEST_STEP][PASSED] - setText(findTestObject("Jadi kurir/input_Plat Nomor"), Plat_Nomor): Text 'AB 1140 NG' is set on object 'Object Repository/Jadi kurir/input_Plat Nomor'

2023-10-03 14:03:44 - [MESSAGE][PASSED] - Text 'AB 1140 NG' is set on object 'Object Repository/Jadi kurir/input_Plat Nomor'

2023-10-03 14:03:44 - [TEST_STEP][PASSED] - setText(findTestObject("Jadi kurir/textarea_Keterangan"), Keterangan): Text 'mau daftar dong bang' is set on object 'Object Repository/Jadi kurir/textarea_Keterangan'

2023-10-03 14:03:45 - [MESSAGE][PASSED] - Text 'mau daftar dong bang' is set on object 'Object Repository/Jadi kurir/textarea_Keterangan'

2023-10-03 14:03:45 - [TEST_STEP][PASSED] - uploadFile(findTestObject("Object Repository/Jadi kurir/input_Choose files_uploadFile"), Berkas): File 'C:\Users\IRFAN\Videos\katalon\video.mp4' sent to object: 'Object Repository/Jadi kurir/input_Choose files_uploadFile'

2023-10-03 14:03:45 - [MESSAGE][PASSED] - File 'C:\Users\IRFAN\Videos\katalon\video.mp4' sent to object: 'Object Repository/Jadi kurir/input_Choose files_uploadFile'

2023-10-03 14:03:45 - [TEST_STEP][PASSED] - verifyTextPresent("video.mp4 is not allowed. Allowed extensions: jpg,png,jpeg,gif,zip,rar,pdf,doc,docx,xls,xlsx", false): Text 'video.mp4 is not allowed. Allowed extensions: jpg,png,jpeg,gif,zip,rar,pdf,doc,docx,xls,xlsx' is present on page 

2023-10-03 14:03:46 - [MESSAGE][PASSED] - Text 'video.mp4 is not allowed. Allowed extensions: jpg,png,jpeg,gif,zip,rar,pdf,doc,docx,xls,xlsx' is present on page]]></system-out>
         <system-err><![CDATA[]]></system-err>
      </testcase>
      <testcase name="Test Cases/T05 Jadi Kurir/JKA-001" time="52.006" classname="Test Cases/T05 Jadi Kurir/JKA-001" status="PASSED">
         <system-out><![CDATA[2023-10-03 14:03:46 - [TEST_CASE][PASSED] - Test Cases/T05 Jadi Kurir/JKA-001: Test Cases/T05 Jadi Kurir/JKA-001

2023-10-03 14:03:46 - [TEST_STEP][PASSED] - openBrowser("https://10.9.2.63/ecommerce/administrator/"): Browser is opened with url: 'https://10.9.2.63/ecommerce/administrator/'

2023-10-03 14:03:46 - [MESSAGE][WARNING] - A browser is already opened. Closing browser and opening a new one

2023-10-03 14:03:47 - [MESSAGE][INFO] - Starting 'Firefox' driver

2023-10-03 14:03:47 - [MESSAGE][INFO] - User set preference: ['args', '[--disable-notifications]']

2023-10-03 14:03:47 - [MESSAGE][INFO] - Action delay is set to 0 milliseconds

2023-10-03 14:03:52 - [MESSAGE][PASSED] - Browser is opened with url: 'https://10.9.2.63/ecommerce/administrator/'

2023-10-03 14:03:52 - [TEST_STEP][PASSED] - verifyElementPresent(findTestObject("admin/Tittle ADMIN Login"), 0): Object 'Object Repository/admin/Tittle ADMIN Login' is present

2023-10-03 14:03:52 - [MESSAGE][WARNING] - Timeout '0' is invalid. Using default page load timeout: '30'

2023-10-03 14:03:52 - [MESSAGE][PASSED] - Object 'Object Repository/admin/Tittle ADMIN Login' is present

2023-10-03 14:03:52 - [TEST_STEP][PASSED] - setText(findTestObject("admin/Username"), "admin"): Text 'admin' is set on object 'Object Repository/admin/Username'

2023-10-03 14:03:53 - [MESSAGE][PASSED] - Text 'admin' is set on object 'Object Repository/admin/Username'

2023-10-03 14:03:53 - [TEST_STEP][PASSED] - setText(findTestObject("admin/Password"), "123admin123"): Text '123admin123' is set on object 'Object Repository/admin/Password'

2023-10-03 14:03:53 - [MESSAGE][PASSED] - Text '123admin123' is set on object 'Object Repository/admin/Password'

2023-10-03 14:03:53 - [TEST_STEP][PASSED] - click(findTestObject("admin/Remember Me")): Object: 'Object Repository/admin/Remember Me' is clicked on

2023-10-03 14:03:54 - [MESSAGE][PASSED] - Object: 'Object Repository/admin/Remember Me' is clicked on

2023-10-03 14:03:54 - [TEST_STEP][PASSED] - delay(10): Delayed 10 second(s)

2023-10-03 14:04:04 - [MESSAGE][PASSED] - Delayed 10 second(s)

2023-10-03 14:04:04 - [TEST_STEP][PASSED] - click(findTestObject("admin/buttom submit")): Object: 'Object Repository/admin/buttom submit' is clicked on

2023-10-03 14:04:06 - [MESSAGE][PASSED] - Object: 'Object Repository/admin/buttom submit' is clicked on

2023-10-03 14:04:06 - [TEST_STEP][PASSED] - verifyElementPresent(findTestObject("admin/Konf order konsumen/Tittle Dashboard"), 0): Object 'Object Repository/admin/Konf order konsumen/Tittle Dashboard' is present

2023-10-03 14:04:06 - [MESSAGE][WARNING] - Timeout '0' is invalid. Using default page load timeout: '30'

2023-10-03 14:04:12 - [MESSAGE][PASSED] - Object 'Object Repository/admin/Konf order konsumen/Tittle Dashboard' is present

2023-10-03 14:04:12 - [TEST_STEP][PASSED] - click(findTestObject("Admin kurir/Master Market")): Object: 'Object Repository/Admin kurir/Master Market' is clicked on

2023-10-03 14:04:12 - [MESSAGE][PASSED] - Object: 'Object Repository/Admin kurir/Master Market' is clicked on

2023-10-03 14:04:12 - [TEST_STEP][PASSED] - click(findTestObject("Admin kurir/Sopir  Kurir Internal")): Object: 'Object Repository/Admin kurir/Sopir  Kurir Internal' is clicked on

2023-10-03 14:04:14 - [MESSAGE][PASSED] - Object: 'Object Repository/Admin kurir/Sopir  Kurir Internal' is clicked on

2023-10-03 14:04:14 - [TEST_STEP][PASSED] - verifyElementPresent(findTestObject("Admin kurir/Daftar Sopir"), 0): Object 'Object Repository/Admin kurir/Daftar Sopir' is present

2023-10-03 14:04:14 - [MESSAGE][WARNING] - Timeout '0' is invalid. Using default page load timeout: '30'

2023-10-03 14:04:21 - [MESSAGE][PASSED] - Object 'Object Repository/Admin kurir/Daftar Sopir' is present

2023-10-03 14:04:21 - [TEST_STEP][PASSED] - click(findTestObject("Admin kurir/input_Search")): Object: 'Object Repository/Admin kurir/input_Search' is clicked on

2023-10-03 14:04:22 - [MESSAGE][PASSED] - Object: 'Object Repository/Admin kurir/input_Search' is clicked on

2023-10-03 14:04:22 - [TEST_STEP][PASSED] - setText(findTestObject("Admin kurir/input_Search"), "irfan.afandi"): Text 'irfan.afandi' is set on object 'Object Repository/Admin kurir/input_Search'

2023-10-03 14:04:23 - [MESSAGE][PASSED] - Text 'irfan.afandi' is set on object 'Object Repository/Admin kurir/input_Search'

2023-10-03 14:04:23 - [TEST_STEP][PASSED] - click(findTestObject("Admin kurir/buttom verifikasi")): Object: 'Object Repository/Admin kurir/buttom verifikasi' is clicked on

2023-10-03 14:04:24 - [MESSAGE][PASSED] - Object: 'Object Repository/Admin kurir/buttom verifikasi' is clicked on

2023-10-03 14:04:24 - [TEST_STEP][PASSED] - acceptAlert(): Alert accepted

2023-10-03 14:04:24 - [MESSAGE][PASSED] - Alert accepted

2023-10-03 14:04:24 - [TEST_STEP][PASSED] - delay(5): Delayed 5 second(s)

2023-10-03 14:04:29 - [MESSAGE][PASSED] - Delayed 5 second(s)

2023-10-03 14:04:29 - [TEST_STEP][PASSED] - click(findTestObject("Admin kurir/input_Search")): Object: 'Object Repository/Admin kurir/input_Search' is clicked on

2023-10-03 14:04:31 - [MESSAGE][PASSED] - Object: 'Object Repository/Admin kurir/input_Search' is clicked on

2023-10-03 14:04:31 - [TEST_STEP][PASSED] - setText(findTestObject("Admin kurir/input_Search"), "irfan.afandi"): Text 'irfan.afandi' is set on object 'Object Repository/Admin kurir/input_Search'

2023-10-03 14:04:32 - [MESSAGE][PASSED] - Text 'irfan.afandi' is set on object 'Object Repository/Admin kurir/input_Search'

2023-10-03 14:04:32 - [TEST_STEP][PASSED] - click(findTestObject("Admin kurir/buttom detail")): Object: 'Object Repository/Admin kurir/buttom detail' is clicked on

2023-10-03 14:04:33 - [MESSAGE][PASSED] - Object: 'Object Repository/Admin kurir/buttom detail' is clicked on

2023-10-03 14:04:33 - [TEST_STEP][PASSED] - verifyElementText(findTestObject("Admin kurir/Ter-verifikasi"), "Ter-verifikasi"): Actual text and expected text of test object 'Object Repository/Admin kurir/Ter-verifikasi' are matched.

2023-10-03 14:04:38 - [MESSAGE][PASSED] - Actual text and expected text of test object 'Object Repository/Admin kurir/Ter-verifikasi' are matched.]]></system-out>
         <system-err><![CDATA[]]></system-err>
      </testcase>
      <testcase name="Test Cases/T05 Jadi Kurir/JKA-002" time="45.977" classname="Test Cases/T05 Jadi Kurir/JKA-002" status="PASSED">
         <system-out><![CDATA[2023-10-03 14:04:38 - [TEST_CASE][PASSED] - Test Cases/T05 Jadi Kurir/JKA-002: Test Cases/T05 Jadi Kurir/JKA-002

2023-10-03 14:04:38 - [TEST_STEP][PASSED] - openBrowser("https://10.9.2.63/ecommerce/administrator/"): Browser is opened with url: 'https://10.9.2.63/ecommerce/administrator/'

2023-10-03 14:04:38 - [MESSAGE][WARNING] - A browser is already opened. Closing browser and opening a new one

2023-10-03 14:04:41 - [MESSAGE][INFO] - Starting 'Firefox' driver

2023-10-03 14:04:41 - [MESSAGE][INFO] - User set preference: ['args', '[--disable-notifications]']

2023-10-03 14:04:41 - [MESSAGE][INFO] - Action delay is set to 0 milliseconds

2023-10-03 14:04:45 - [MESSAGE][PASSED] - Browser is opened with url: 'https://10.9.2.63/ecommerce/administrator/'

2023-10-03 14:04:45 - [TEST_STEP][PASSED] - verifyElementPresent(findTestObject("admin/Tittle ADMIN Login"), 0): Object 'Object Repository/admin/Tittle ADMIN Login' is present

2023-10-03 14:04:45 - [MESSAGE][WARNING] - Timeout '0' is invalid. Using default page load timeout: '30'

2023-10-03 14:04:46 - [MESSAGE][PASSED] - Object 'Object Repository/admin/Tittle ADMIN Login' is present

2023-10-03 14:04:46 - [TEST_STEP][PASSED] - setText(findTestObject("admin/Username"), "admin"): Text 'admin' is set on object 'Object Repository/admin/Username'

2023-10-03 14:04:47 - [MESSAGE][PASSED] - Text 'admin' is set on object 'Object Repository/admin/Username'

2023-10-03 14:04:47 - [TEST_STEP][PASSED] - setText(findTestObject("admin/Password"), "123admin123"): Text '123admin123' is set on object 'Object Repository/admin/Password'

2023-10-03 14:04:47 - [MESSAGE][PASSED] - Text '123admin123' is set on object 'Object Repository/admin/Password'

2023-10-03 14:04:47 - [TEST_STEP][PASSED] - click(findTestObject("admin/Remember Me")): Object: 'Object Repository/admin/Remember Me' is clicked on

2023-10-03 14:04:48 - [MESSAGE][PASSED] - Object: 'Object Repository/admin/Remember Me' is clicked on

2023-10-03 14:04:48 - [TEST_STEP][PASSED] - delay(10): Delayed 10 second(s)

2023-10-03 14:04:58 - [MESSAGE][PASSED] - Delayed 10 second(s)

2023-10-03 14:04:58 - [TEST_STEP][PASSED] - click(findTestObject("admin/buttom submit")): Object: 'Object Repository/admin/buttom submit' is clicked on

2023-10-03 14:05:00 - [MESSAGE][PASSED] - Object: 'Object Repository/admin/buttom submit' is clicked on

2023-10-03 14:05:00 - [TEST_STEP][PASSED] - verifyElementPresent(findTestObject("admin/Konf order konsumen/Tittle Dashboard"), 0): Object 'Object Repository/admin/Konf order konsumen/Tittle Dashboard' is present

2023-10-03 14:05:00 - [MESSAGE][WARNING] - Timeout '0' is invalid. Using default page load timeout: '30'

2023-10-03 14:05:05 - [MESSAGE][PASSED] - Object 'Object Repository/admin/Konf order konsumen/Tittle Dashboard' is present

2023-10-03 14:05:05 - [TEST_STEP][PASSED] - click(findTestObject("Admin kurir/Master Market")): Object: 'Object Repository/Admin kurir/Master Market' is clicked on

2023-10-03 14:05:05 - [MESSAGE][PASSED] - Object: 'Object Repository/Admin kurir/Master Market' is clicked on

2023-10-03 14:05:05 - [TEST_STEP][PASSED] - click(findTestObject("Admin kurir/Sopir  Kurir Internal")): Object: 'Object Repository/Admin kurir/Sopir  Kurir Internal' is clicked on

2023-10-03 14:05:07 - [MESSAGE][PASSED] - Object: 'Object Repository/Admin kurir/Sopir  Kurir Internal' is clicked on

2023-10-03 14:05:07 - [TEST_STEP][PASSED] - verifyElementPresent(findTestObject("Admin kurir/Daftar Sopir"), 0): Object 'Object Repository/Admin kurir/Daftar Sopir' is present

2023-10-03 14:05:07 - [MESSAGE][WARNING] - Timeout '0' is invalid. Using default page load timeout: '30'

2023-10-03 14:05:14 - [MESSAGE][PASSED] - Object 'Object Repository/Admin kurir/Daftar Sopir' is present

2023-10-03 14:05:14 - [TEST_STEP][PASSED] - click(findTestObject("Admin kurir/input_Search")): Object: 'Object Repository/Admin kurir/input_Search' is clicked on

2023-10-03 14:05:15 - [MESSAGE][PASSED] - Object: 'Object Repository/Admin kurir/input_Search' is clicked on

2023-10-03 14:05:15 - [TEST_STEP][PASSED] - setText(findTestObject("Admin kurir/input_Search"), "irfan.afandi"): Text 'irfan.afandi' is set on object 'Object Repository/Admin kurir/input_Search'

2023-10-03 14:05:16 - [MESSAGE][PASSED] - Text 'irfan.afandi' is set on object 'Object Repository/Admin kurir/input_Search'

2023-10-03 14:05:16 - [TEST_STEP][PASSED] - click(findTestObject("Admin kurir/buttom delete")): Object: 'Object Repository/Admin kurir/buttom delete' is clicked on

2023-10-03 14:05:16 - [MESSAGE][PASSED] - Object: 'Object Repository/Admin kurir/buttom delete' is clicked on

2023-10-03 14:05:16 - [TEST_STEP][PASSED] - acceptAlert(): Alert accepted

2023-10-03 14:05:16 - [MESSAGE][PASSED] - Alert accepted

2023-10-03 14:05:16 - [TEST_STEP][PASSED] - delay(5): Delayed 5 second(s)

2023-10-03 14:05:21 - [MESSAGE][PASSED] - Delayed 5 second(s)

2023-10-03 14:05:21 - [TEST_STEP][PASSED] - verifyTextNotPresent("irfan.afandi", false): Text 'irfan.afandi' is not present on page

2023-10-03 14:05:24 - [MESSAGE][PASSED] - Text 'irfan.afandi' is not present on page]]></system-out>
         <system-err><![CDATA[]]></system-err>
      </testcase>
      <testcase name="Test Cases/T05 Jadi Kurir/LU-001" time="15.54" classname="Test Cases/T05 Jadi Kurir/LU-001" status="PASSED">
         <system-out><![CDATA[2023-10-03 14:05:24 - [TEST_CASE][PASSED] - Test Cases/T05 Jadi Kurir/LU-001: Test Cases/T05 Jadi Kurir/LU-001

2023-10-03 14:05:24 - [TEST_STEP][PASSED] - openBrowser("https://10.9.2.63/ecommerce/"): Browser is opened with url: 'https://10.9.2.63/ecommerce/'

2023-10-03 14:05:24 - [MESSAGE][WARNING] - A browser is already opened. Closing browser and opening a new one

2023-10-03 14:05:27 - [MESSAGE][INFO] - Starting 'Firefox' driver

2023-10-03 14:05:27 - [MESSAGE][INFO] - User set preference: ['args', '[--disable-notifications]']

2023-10-03 14:05:27 - [MESSAGE][INFO] - Action delay is set to 0 milliseconds

2023-10-03 14:05:33 - [MESSAGE][PASSED] - Browser is opened with url: 'https://10.9.2.63/ecommerce/'

2023-10-03 14:05:33 - [TEST_STEP][PASSED] - maximizeWindow(): Current window maximized

2023-10-03 14:05:34 - [MESSAGE][PASSED] - Current window maximized

2023-10-03 14:05:34 - [TEST_STEP][PASSED] - verifyElementPresent(findTestObject("Login/Home"), 0): Object 'Object Repository/Login/Home' is present

2023-10-03 14:05:34 - [MESSAGE][WARNING] - Timeout '0' is invalid. Using default page load timeout: '30'

2023-10-03 14:05:34 - [MESSAGE][PASSED] - Object 'Object Repository/Login/Home' is present

2023-10-03 14:05:34 - [TEST_STEP][PASSED] - click(findTestObject("Login/a_Login")): Object: 'Object Repository/Login/a_Login' is clicked on

2023-10-03 14:05:35 - [MESSAGE][PASSED] - Object: 'Object Repository/Login/a_Login' is clicked on

2023-10-03 14:05:35 - [TEST_STEP][PASSED] - verifyElementPresent(findTestObject("Login/Tittle Login"), 0): Object 'Object Repository/Login/Tittle Login' is present

2023-10-03 14:05:35 - [MESSAGE][WARNING] - Timeout '0' is invalid. Using default page load timeout: '30'

2023-10-03 14:05:35 - [MESSAGE][PASSED] - Object 'Object Repository/Login/Tittle Login' is present

2023-10-03 14:05:35 - [TEST_STEP][PASSED] - setText(findTestObject("Login/input_Username, Email atau No. Handphone_a"), username): Text 'irfanafandi' is set on object 'Object Repository/Login/input_Username, Email atau No. Handphone_a'

2023-10-03 14:05:36 - [MESSAGE][PASSED] - Text 'irfanafandi' is set on object 'Object Repository/Login/input_Username, Email atau No. Handphone_a'

2023-10-03 14:05:36 - [TEST_STEP][PASSED] - setText(findTestObject("Login/input_Password_b"), password): Text '12345irfan' is set on object 'Object Repository/Login/input_Password_b'

2023-10-03 14:05:37 - [MESSAGE][PASSED] - Text '12345irfan' is set on object 'Object Repository/Login/input_Password_b'

2023-10-03 14:05:37 - [TEST_STEP][PASSED] - click(findTestObject("Login/label_Ingat saya")): Object: 'Object Repository/Login/label_Ingat saya' is clicked on

2023-10-03 14:05:37 - [MESSAGE][PASSED] - Object: 'Object Repository/Login/label_Ingat saya' is clicked on

2023-10-03 14:05:37 - [TEST_STEP][PASSED] - click(findTestObject("Login/button_Masuk")): Object: 'Object Repository/Login/button_Masuk' is clicked on

2023-10-03 14:05:39 - [MESSAGE][PASSED] - Object: 'Object Repository/Login/button_Masuk' is clicked on

2023-10-03 14:05:39 - [TEST_STEP][PASSED] - verifyElementPresent(findTestObject("Login/li_Profile"), 0): Object 'Object Repository/Login/li_Profile' is present

2023-10-03 14:05:39 - [MESSAGE][WARNING] - Timeout '0' is invalid. Using default page load timeout: '30'

2023-10-03 14:05:39 - [MESSAGE][PASSED] - Object 'Object Repository/Login/li_Profile' is present]]></system-out>
         <system-err><![CDATA[]]></system-err>
      </testcase>
      <system-out><![CDATA[2023-10-03 13:58:52 - [TEST_SUITE][FAILED] - T05 jadi kurir: Test Cases/T05 Jadi Kurir/JK-005 FAILED.
Reason:
com.kms.katalon.core.exception.StepFailedException: Unable to verify text 'Please fill in the correct column.' is present 
	at com.kms.katalon.core.webui.keyword.internal.WebUIKeywordMain.stepFailed(WebUIKeywordMain.groovy:64)
	at com.kms.katalon.core.webui.keyword.internal.WebUIKeywordMain.runKeyword(WebUIKeywordMain.groovy:26)
	at com.kms.katalon.core.webui.keyword.builtin.VerifyTextPresentKeyword.verifyTextPresent(VerifyTextPresentKeyword.groovy:83)
	at com.kms.katalon.core.webui.keyword.builtin.VerifyTextPresentKeyword.execute(VerifyTextPresentKeyword.groovy:68)
	at com.kms.katalon.core.keyword.internal.KeywordExecutor.executeKeywordForPlatform(KeywordExecutor.groovy:74)
	at com.kms.katalon.core.webui.keyword.WebUiBuiltInKeywords.verifyTextPresent(WebUiBuiltInKeywords.groovy:1723)
	at com.kms.katalon.core.webui.keyword.WebUiBuiltInKeywords$verifyTextPresent$11.call(Unknown Source)
	at JK-005.run(JK-005:42)
	at com.kms.katalon.core.main.ScriptEngine.run(ScriptEngine.java:194)
	at com.kms.katalon.core.main.ScriptEngine.runScriptAsRawText(ScriptEngine.java:119)
	at com.kms.katalon.core.main.TestCaseExecutor.runScript(TestCaseExecutor.java:448)
	at com.kms.katalon.core.main.TestCaseExecutor.doExecute(TestCaseExecutor.java:439)
	at com.kms.katalon.core.main.TestCaseExecutor.processExecutionPhase(TestCaseExecutor.java:418)
	at com.kms.katalon.core.main.TestCaseExecutor.accessMainPhase(TestCaseExecutor.java:410)
	at com.kms.katalon.core.main.TestCaseExecutor.execute(TestCaseExecutor.java:285)
	at com.kms.katalon.core.common.CommonExecutor.accessTestCaseMainPhase(CommonExecutor.java:65)
	at com.kms.katalon.core.main.TestSuiteExecutor.accessTestSuiteMainPhase(TestSuiteExecutor.java:148)
	at com.kms.katalon.core.main.TestSuiteExecutor.execute(TestSuiteExecutor.java:106)
	at com.kms.katalon.core.main.TestCaseMain.startTestSuite(TestCaseMain.java:187)
	at com.kms.katalon.core.main.TestCaseMain$startTestSuite$0.call(Unknown Source)
	at TempTestSuite1696316330175.run(TempTestSuite1696316330175.groovy:36)
Caused by: com.kms.katalon.core.exception.StepFailedException: Text 'Please fill in the correct column.' is not present on page 
	at com.kms.katalon.core.webui.keyword.internal.WebUIKeywordMain.stepFailed(WebUIKeywordMain.groovy:64)
	at com.kms.katalon.core.webui.keyword.builtin.VerifyTextPresentKeyword$_verifyTextPresent_closure1.doCall(VerifyTextPresentKeyword.groovy:79)
	at com.kms.katalon.core.webui.keyword.builtin.VerifyTextPresentKeyword$_verifyTextPresent_closure1.call(VerifyTextPresentKeyword.groovy)
	at com.kms.katalon.core.webui.keyword.internal.WebUIKeywordMain.runKeyword(WebUIKeywordMain.groovy:20)
	... 19 more]]></system-out>
      <system-err><![CDATA[2023-10-03 13:58:52 - [TEST_SUITE][FAILED] - T05 jadi kurir: Test Cases/T05 Jadi Kurir/JK-005 FAILED.
Reason:
com.kms.katalon.core.exception.StepFailedException: Unable to verify text 'Please fill in the correct column.' is present 
	at com.kms.katalon.core.webui.keyword.internal.WebUIKeywordMain.stepFailed(WebUIKeywordMain.groovy:64)
	at com.kms.katalon.core.webui.keyword.internal.WebUIKeywordMain.runKeyword(WebUIKeywordMain.groovy:26)
	at com.kms.katalon.core.webui.keyword.builtin.VerifyTextPresentKeyword.verifyTextPresent(VerifyTextPresentKeyword.groovy:83)
	at com.kms.katalon.core.webui.keyword.builtin.VerifyTextPresentKeyword.execute(VerifyTextPresentKeyword.groovy:68)
	at com.kms.katalon.core.keyword.internal.KeywordExecutor.executeKeywordForPlatform(KeywordExecutor.groovy:74)
	at com.kms.katalon.core.webui.keyword.WebUiBuiltInKeywords.verifyTextPresent(WebUiBuiltInKeywords.groovy:1723)
	at com.kms.katalon.core.webui.keyword.WebUiBuiltInKeywords$verifyTextPresent$11.call(Unknown Source)
	at JK-005.run(JK-005:42)
	at com.kms.katalon.core.main.ScriptEngine.run(ScriptEngine.java:194)
	at com.kms.katalon.core.main.ScriptEngine.runScriptAsRawText(ScriptEngine.java:119)
	at com.kms.katalon.core.main.TestCaseExecutor.runScript(TestCaseExecutor.java:448)
	at com.kms.katalon.core.main.TestCaseExecutor.doExecute(TestCaseExecutor.java:439)
	at com.kms.katalon.core.main.TestCaseExecutor.processExecutionPhase(TestCaseExecutor.java:418)
	at com.kms.katalon.core.main.TestCaseExecutor.accessMainPhase(TestCaseExecutor.java:410)
	at com.kms.katalon.core.main.TestCaseExecutor.execute(TestCaseExecutor.java:285)
	at com.kms.katalon.core.common.CommonExecutor.accessTestCaseMainPhase(CommonExecutor.java:65)
	at com.kms.katalon.core.main.TestSuiteExecutor.accessTestSuiteMainPhase(TestSuiteExecutor.java:148)
	at com.kms.katalon.core.main.TestSuiteExecutor.execute(TestSuiteExecutor.java:106)
	at com.kms.katalon.core.main.TestCaseMain.startTestSuite(TestCaseMain.java:187)
	at com.kms.katalon.core.main.TestCaseMain$startTestSuite$0.call(Unknown Source)
	at TempTestSuite1696316330175.run(TempTestSuite1696316330175.groovy:36)
Caused by: com.kms.katalon.core.exception.StepFailedException: Text 'Please fill in the correct column.' is not present on page 
	at com.kms.katalon.core.webui.keyword.internal.WebUIKeywordMain.stepFailed(WebUIKeywordMain.groovy:64)
	at com.kms.katalon.core.webui.keyword.builtin.VerifyTextPresentKeyword$_verifyTextPresent_closure1.doCall(VerifyTextPresentKeyword.groovy:79)
	at com.kms.katalon.core.webui.keyword.builtin.VerifyTextPresentKeyword$_verifyTextPresent_closure1.call(VerifyTextPresentKeyword.groovy)
	at com.kms.katalon.core.webui.keyword.internal.WebUIKeywordMain.runKeyword(WebUIKeywordMain.groovy:20)
	... 19 more]]></system-err>
   </testsuite>
</testsuites>
