<?xml version="1.0" encoding="UTF-8"?>
<testsuites name="pencarian toko" time="401.69" tests="14" failures="8" errors="0">
   <testsuite name="pencarian toko" tests="14" failures="8" errors="0" time="401.69" skipped="0" timestamp="2023-09-06 08:47:41" hostname="IRFAN - DESKTOP-H62FVJ8" id="Test Suites/pencarian toko/pencarian toko">
      <properties>
         <property name="deviceName" value=""/>
         <property name="devicePlatform" value=""/>
         <property name="logFolder" value="D:\\Project XSIS\\batch-324-qa\\irfan\\Projek Eval 2 Tajalapak dan administrator\\Reports\\20230906_084739\\pencarian toko\\pencarian toko\\20230906_084739"/>
         <property name="logFiles" value="D:\\Project XSIS\\batch-324-qa\\irfan\\Projek Eval 2 Tajalapak dan administrator\\Reports\\20230906_084739\\pencarian toko\\pencarian toko\\20230906_084739\\execution0.log"/>
         <property name="attachments" value="D:\\Project XSIS\\batch-324-qa\\irfan\\Projek Eval 2 Tajalapak dan administrator\\Reports\\20230906_084739\\pencarian toko\\pencarian toko\\20230906_084739\\1693964955791.png, D:\\Project XSIS\\batch-324-qa\\irfan\\Projek Eval 2 Tajalapak dan administrator\\Reports\\20230906_084739\\pencarian toko\\pencarian toko\\20230906_084739\\1693964956059.png, D:\\Project XSIS\\batch-324-qa\\irfan\\Projek Eval 2 Tajalapak dan administrator\\Reports\\20230906_084739\\pencarian toko\\pencarian toko\\20230906_084739\\1693965021506.png, D:\\Project XSIS\\batch-324-qa\\irfan\\Projek Eval 2 Tajalapak dan administrator\\Reports\\20230906_084739\\pencarian toko\\pencarian toko\\20230906_084739\\1693965119066.png, D:\\Project XSIS\\batch-324-qa\\irfan\\Projek Eval 2 Tajalapak dan administrator\\Reports\\20230906_084739\\pencarian toko\\pencarian toko\\20230906_084739\\1693965119336.png, D:\\Project XSIS\\batch-324-qa\\irfan\\Projek Eval 2 Tajalapak dan administrator\\Reports\\20230906_084739\\pencarian toko\\pencarian toko\\20230906_084739\\1693965138442.png, D:\\Project XSIS\\batch-324-qa\\irfan\\Projek Eval 2 Tajalapak dan administrator\\Reports\\20230906_084739\\pencarian toko\\pencarian toko\\20230906_084739\\1693965138623.png, D:\\Project XSIS\\batch-324-qa\\irfan\\Projek Eval 2 Tajalapak dan administrator\\Reports\\20230906_084739\\pencarian toko\\pencarian toko\\20230906_084739\\1693965156885.png, D:\\Project XSIS\\batch-324-qa\\irfan\\Projek Eval 2 Tajalapak dan administrator\\Reports\\20230906_084739\\pencarian toko\\pencarian toko\\20230906_084739\\1693965157028.png, D:\\Project XSIS\\batch-324-qa\\irfan\\Projek Eval 2 Tajalapak dan administrator\\Reports\\20230906_084739\\pencarian toko\\pencarian toko\\20230906_084739\\1693965177714.png, D:\\Project XSIS\\batch-324-qa\\irfan\\Projek Eval 2 Tajalapak dan administrator\\Reports\\20230906_084739\\pencarian toko\\pencarian toko\\20230906_084739\\1693965177857.png, D:\\Project XSIS\\batch-324-qa\\irfan\\Projek Eval 2 Tajalapak dan administrator\\Reports\\20230906_084739\\pencarian toko\\pencarian toko\\20230906_084739\\1693965197894.png, D:\\Project XSIS\\batch-324-qa\\irfan\\Projek Eval 2 Tajalapak dan administrator\\Reports\\20230906_084739\\pencarian toko\\pencarian toko\\20230906_084739\\1693965198128.png"/>
         <property name="hostName" value="IRFAN - DESKTOP-H62FVJ8"/>
         <property name="os" value="Windows 10 64bit"/>
         <property name="katalonVersion" value="8.6.5.208"/>
         <property name="browser" value="Edge Chromium 116"/>
         <property name="hostAddress" value="10.9.2.36"/>
         <property name="sessionId" value="7795978ba89f073550e7667760eb80b8"/>
         <property name="seleniumVersion" value="3.141.59"/>
         <property name="proxyInformation" value="ProxyInformation { proxyOption=NO_PROXY, proxyServerType=HTTP, username=, password=********, proxyServerAddress=, proxyServerPort=0, executionList=&quot;&quot;, isApplyToDesiredCapabilities=true }"/>
         <property name="platform" value="Windows 10"/>
      </properties>
      <testcase name="Test Cases/T05 Pencarian Toko/TC-Cari Toko administrator-search-001" time="31.95" classname="Test Cases/T05 Pencarian Toko/TC-Cari Toko administrator-search-001" status="PASSED">
         <system-out><![CDATA[2023-09-06 08:47:42 - [TEST_CASE][PASSED] - Test Cases/T05 Pencarian Toko/TC-Cari Toko administrator-search-001: Test Cases/T05 Pencarian Toko/TC-Cari Toko administrator-search-001

2023-09-06 08:47:42 - [TEST_STEP][PASSED] - callTestCase(findTestCase("Login/TC-Login Admin-Success-001"), ["Username":"admin", "Password":"123admin123"], STOP_ON_FAILURE): Call Test Case 'Test Cases/Login/TC-Login Admin-Success-001' successfully

2023-09-06 08:47:42 - [TEST_CASE][PASSED] - Test Cases/Login/TC-Login Admin-Success-001: Test Cases/Login/TC-Login Admin-Success-001

2023-09-06 08:47:43 - [TEST_STEP][PASSED] - openBrowser("https://10.9.2.63/ecommerce/administrator/"): Browser is opened with url: 'https://10.9.2.63/ecommerce/administrator/'

2023-09-06 08:47:43 - [MESSAGE][INFO] - Starting 'Edge Chromium' driver

2023-09-06 08:47:43 - [MESSAGE][INFO] - User set preference: ['acceptInsecureCerts', 'true']

2023-09-06 08:47:45 - [MESSAGE][INFO] - Action delay is set to 0 milliseconds

2023-09-06 08:47:49 - [MESSAGE][PASSED] - Browser is opened with url: 'https://10.9.2.63/ecommerce/administrator/'

2023-09-06 08:47:49 - [TEST_STEP][PASSED] - maximizeWindow(): Current window maximized

2023-09-06 08:47:50 - [MESSAGE][PASSED] - Current window maximized

2023-09-06 08:47:50 - [TEST_STEP][PASSED] - verifyElementPresent(findTestObject("Login admin/Tittle ADMIN"), 0): Object 'Object Repository/Login admin/Tittle ADMIN' is present

2023-09-06 08:47:50 - [MESSAGE][WARNING] - Timeout '0' is invalid. Using default page load timeout: '30'

2023-09-06 08:47:50 - [MESSAGE][PASSED] - Object 'Object Repository/Login admin/Tittle ADMIN' is present

2023-09-06 08:47:50 - [TEST_STEP][PASSED] - setText(findTestObject("Login/input_Username, Email atau No. Handphone_a"), Username): Text 'admin' is set on object 'Object Repository/Login/input_Username, Email atau No. Handphone_a'

2023-09-06 08:47:51 - [MESSAGE][PASSED] - Text 'admin' is set on object 'Object Repository/Login/input_Username, Email atau No. Handphone_a'

2023-09-06 08:47:51 - [TEST_STEP][PASSED] - setText(findTestObject("Login/input_Password"), Password): Text '123admin123' is set on object 'Object Repository/Login/input_Password'

2023-09-06 08:47:53 - [MESSAGE][PASSED] - Text '123admin123' is set on object 'Object Repository/Login/input_Password'

2023-09-06 08:47:53 - [TEST_STEP][PASSED] - click(findTestObject("Login admin/buttom Remember Me")): Object: 'Object Repository/Login admin/buttom Remember Me' is clicked on

2023-09-06 08:47:53 - [MESSAGE][PASSED] - Object: 'Object Repository/Login admin/buttom Remember Me' is clicked on

2023-09-06 08:47:53 - [TEST_STEP][PASSED] - delay(10): Delayed 10 second(s)

2023-09-06 08:48:03 - [MESSAGE][PASSED] - Delayed 10 second(s)

2023-09-06 08:48:03 - [TEST_STEP][PASSED] - click(findTestObject("Login admin/buttom sign in")): Object: 'Object Repository/Login admin/buttom sign in' is clicked on

2023-09-06 08:48:08 - [MESSAGE][PASSED] - Object: 'Object Repository/Login admin/buttom sign in' is clicked on

2023-09-06 08:48:08 - [TEST_STEP][PASSED] - verifyElementPresent(findTestObject("Login admin/Tittle Dashboard"), 0): Object 'Object Repository/Login admin/Tittle Dashboard' is present

2023-09-06 08:48:08 - [MESSAGE][WARNING] - Timeout '0' is invalid. Using default page load timeout: '30'

2023-09-06 08:48:09 - [MESSAGE][PASSED] - Object 'Object Repository/Login admin/Tittle Dashboard' is present

2023-09-06 08:48:09 - [MESSAGE][PASSED] - Call Test Case 'Test Cases/Login/TC-Login Admin-Success-001' successfully

2023-09-06 08:48:09 - [TEST_STEP][PASSED] - click(findTestObject("Menu pencarian Toko admin/Menu Master Market")): Object: 'Object Repository/Menu pencarian Toko admin/Menu Master Market' is clicked on

2023-09-06 08:48:10 - [MESSAGE][PASSED] - Object: 'Object Repository/Menu pencarian Toko admin/Menu Master Market' is clicked on

2023-09-06 08:48:10 - [TEST_STEP][PASSED] - click(findTestObject("Menu pencarian Toko admin/Menu Reseller  Pelapak")): Object: 'Object Repository/Menu pencarian Toko admin/Menu Reseller  Pelapak' is clicked on

2023-09-06 08:48:11 - [MESSAGE][PASSED] - Object: 'Object Repository/Menu pencarian Toko admin/Menu Reseller  Pelapak' is clicked on

2023-09-06 08:48:11 - [TEST_STEP][PASSED] - verifyElementPresent(findTestObject("Menu pencarian Toko admin/Tittle Daftar Semua reseller"), 0): Object 'Object Repository/Menu pencarian Toko admin/Tittle Daftar Semua reseller' is present

2023-09-06 08:48:12 - [MESSAGE][WARNING] - Timeout '0' is invalid. Using default page load timeout: '30'

2023-09-06 08:48:12 - [MESSAGE][PASSED] - Object 'Object Repository/Menu pencarian Toko admin/Tittle Daftar Semua reseller' is present

2023-09-06 08:48:12 - [TEST_STEP][PASSED] - setText(findTestObject("Menu pencarian Toko admin/input_Search_form"), "Kerupuk husna"): Text 'Kerupuk husna' is set on object 'Object Repository/Menu pencarian Toko admin/input_Search_form'

2023-09-06 08:48:13 - [MESSAGE][PASSED] - Text 'Kerupuk husna' is set on object 'Object Repository/Menu pencarian Toko admin/input_Search_form'

2023-09-06 08:48:13 - [TEST_STEP][PASSED] - verifyElementText(findTestObject("Menu pencarian Toko admin/isi search admin Kerupuk husna"), "Kerupuk husna"): Actual text and expected text of test object 'Object Repository/Menu pencarian Toko admin/isi search admin Kerupuk husna' are matched.

2023-09-06 08:48:14 - [MESSAGE][PASSED] - Actual text and expected text of test object 'Object Repository/Menu pencarian Toko admin/isi search admin Kerupuk husna' are matched.]]></system-out>
         <system-err><![CDATA[]]></system-err>
      </testcase>
      <testcase name="Test Cases/T05 Pencarian Toko/TC-Cari Toko administrator-Search-002" time="32.227" classname="Test Cases/T05 Pencarian Toko/TC-Cari Toko administrator-Search-002" status="PASSED">
         <system-out><![CDATA[2023-09-06 08:48:14 - [TEST_CASE][PASSED] - Test Cases/T05 Pencarian Toko/TC-Cari Toko administrator-Search-002: Test Cases/T05 Pencarian Toko/TC-Cari Toko administrator-Search-002

2023-09-06 08:48:14 - [TEST_STEP][PASSED] - callTestCase(findTestCase("Login/TC-Login Admin-Success-001"), ["Username":"admin", "Password":"123admin123"], STOP_ON_FAILURE): Call Test Case 'Test Cases/Login/TC-Login Admin-Success-001' successfully

2023-09-06 08:48:14 - [TEST_CASE][PASSED] - Test Cases/Login/TC-Login Admin-Success-001: Test Cases/Login/TC-Login Admin-Success-001

2023-09-06 08:48:14 - [TEST_STEP][PASSED] - openBrowser("https://10.9.2.63/ecommerce/administrator/"): Browser is opened with url: 'https://10.9.2.63/ecommerce/administrator/'

2023-09-06 08:48:14 - [MESSAGE][WARNING] - A browser is already opened. Closing browser and opening a new one

2023-09-06 08:48:17 - [MESSAGE][INFO] - Starting 'Edge Chromium' driver

2023-09-06 08:48:17 - [MESSAGE][INFO] - User set preference: ['acceptInsecureCerts', 'true']

2023-09-06 08:48:19 - [MESSAGE][INFO] - Action delay is set to 0 milliseconds

2023-09-06 08:48:24 - [MESSAGE][PASSED] - Browser is opened with url: 'https://10.9.2.63/ecommerce/administrator/'

2023-09-06 08:48:24 - [TEST_STEP][PASSED] - maximizeWindow(): Current window maximized

2023-09-06 08:48:25 - [MESSAGE][PASSED] - Current window maximized

2023-09-06 08:48:25 - [TEST_STEP][PASSED] - verifyElementPresent(findTestObject("Login admin/Tittle ADMIN"), 0): Object 'Object Repository/Login admin/Tittle ADMIN' is present

2023-09-06 08:48:25 - [MESSAGE][WARNING] - Timeout '0' is invalid. Using default page load timeout: '30'

2023-09-06 08:48:25 - [MESSAGE][PASSED] - Object 'Object Repository/Login admin/Tittle ADMIN' is present

2023-09-06 08:48:25 - [TEST_STEP][PASSED] - setText(findTestObject("Login/input_Username, Email atau No. Handphone_a"), Username): Text 'admin' is set on object 'Object Repository/Login/input_Username, Email atau No. Handphone_a'

2023-09-06 08:48:26 - [MESSAGE][PASSED] - Text 'admin' is set on object 'Object Repository/Login/input_Username, Email atau No. Handphone_a'

2023-09-06 08:48:26 - [TEST_STEP][PASSED] - setText(findTestObject("Login/input_Password"), Password): Text '123admin123' is set on object 'Object Repository/Login/input_Password'

2023-09-06 08:48:27 - [MESSAGE][PASSED] - Text '123admin123' is set on object 'Object Repository/Login/input_Password'

2023-09-06 08:48:27 - [TEST_STEP][PASSED] - click(findTestObject("Login admin/buttom Remember Me")): Object: 'Object Repository/Login admin/buttom Remember Me' is clicked on

2023-09-06 08:48:28 - [MESSAGE][PASSED] - Object: 'Object Repository/Login admin/buttom Remember Me' is clicked on

2023-09-06 08:48:28 - [TEST_STEP][PASSED] - delay(10): Delayed 10 second(s)

2023-09-06 08:48:38 - [MESSAGE][PASSED] - Delayed 10 second(s)

2023-09-06 08:48:38 - [TEST_STEP][PASSED] - click(findTestObject("Login admin/buttom sign in")): Object: 'Object Repository/Login admin/buttom sign in' is clicked on

2023-09-06 08:48:42 - [MESSAGE][PASSED] - Object: 'Object Repository/Login admin/buttom sign in' is clicked on

2023-09-06 08:48:42 - [TEST_STEP][PASSED] - verifyElementPresent(findTestObject("Login admin/Tittle Dashboard"), 0): Object 'Object Repository/Login admin/Tittle Dashboard' is present

2023-09-06 08:48:42 - [MESSAGE][WARNING] - Timeout '0' is invalid. Using default page load timeout: '30'

2023-09-06 08:48:42 - [MESSAGE][PASSED] - Object 'Object Repository/Login admin/Tittle Dashboard' is present

2023-09-06 08:48:42 - [MESSAGE][PASSED] - Call Test Case 'Test Cases/Login/TC-Login Admin-Success-001' successfully

2023-09-06 08:48:42 - [TEST_STEP][PASSED] - click(findTestObject("Menu pencarian Toko admin/Menu Master Market")): Object: 'Object Repository/Menu pencarian Toko admin/Menu Master Market' is clicked on

2023-09-06 08:48:43 - [MESSAGE][PASSED] - Object: 'Object Repository/Menu pencarian Toko admin/Menu Master Market' is clicked on

2023-09-06 08:48:43 - [TEST_STEP][PASSED] - click(findTestObject("Menu pencarian Toko admin/Menu Reseller  Pelapak")): Object: 'Object Repository/Menu pencarian Toko admin/Menu Reseller  Pelapak' is clicked on

2023-09-06 08:48:44 - [MESSAGE][PASSED] - Object: 'Object Repository/Menu pencarian Toko admin/Menu Reseller  Pelapak' is clicked on

2023-09-06 08:48:44 - [TEST_STEP][PASSED] - setText(findTestObject("Menu pencarian Toko admin/input_Search_form"), "abc12zs"): Text 'abc12zs' is set on object 'Object Repository/Menu pencarian Toko admin/input_Search_form'

2023-09-06 08:48:45 - [MESSAGE][PASSED] - Text 'abc12zs' is set on object 'Object Repository/Menu pencarian Toko admin/input_Search_form'

2023-09-06 08:48:45 - [TEST_STEP][PASSED] - verifyElementText(findTestObject("Menu pencarian Toko admin/Massage Error"), "No matching records found"): Actual text and expected text of test object 'Object Repository/Menu pencarian Toko admin/Massage Error' are matched.

2023-09-06 08:48:46 - [MESSAGE][PASSED] - Actual text and expected text of test object 'Object Repository/Menu pencarian Toko admin/Massage Error' are matched.]]></system-out>
         <system-err><![CDATA[]]></system-err>
      </testcase>
      <testcase name="Test Cases/T05 Pencarian Toko/TC-Cari Toko administrator-Search-003" time="29.913" classname="Test Cases/T05 Pencarian Toko/TC-Cari Toko administrator-Search-003" status="FAILED">
         <failure type="FAILED" message="Test Cases/T05 Pencarian Toko/TC-Cari Toko administrator-Search-003 FAILED.
Reason:
com.kms.katalon.core.exception.StepFailedException: Verify element text of test object 'Object Repository/Menu pencarian Toko admin/Massage Error' FAILED.
	at com.kms.katalon.core.webui.keyword.internal.WebUIKeywordMain.stepFailed(WebUIKeywordMain.groovy:64)
	at com.kms.katalon.core.webui.keyword.internal.WebUIKeywordMain.runKeyword(WebUIKeywordMain.groovy:26)
	at com.kms.katalon.core.webui.keyword.builtin.VerifyElementTextKeyword.verifyElementText(VerifyElementTextKeyword.groovy:72)
	at com.kms.katalon.core.webui.keyword.builtin.VerifyElementTextKeyword.execute(VerifyElementTextKeyword.groovy:40)
	at com.kms.katalon.core.keyword.internal.KeywordExecutor.executeKeywordForPlatform(KeywordExecutor.groovy:74)
	at com.kms.katalon.core.webui.keyword.WebUiBuiltInKeywords.verifyElementText(WebUiBuiltInKeywords.groovy:4749)
	at com.kms.katalon.core.webui.keyword.WebUiBuiltInKeywords$verifyElementText$4.call(Unknown Source)
	at TC-Cari Toko administrator-Search-003.run(TC-Cari Toko administrator-Search-003:29)
	at com.kms.katalon.core.main.ScriptEngine.run(ScriptEngine.java:194)
	at com.kms.katalon.core.main.ScriptEngine.runScriptAsRawText(ScriptEngine.java:119)
	at com.kms.katalon.core.main.TestCaseExecutor.runScript(TestCaseExecutor.java:448)
	at com.kms.katalon.core.main.TestCaseExecutor.doExecute(TestCaseExecutor.java:439)
	at com.kms.katalon.core.main.TestCaseExecutor.processExecutionPhase(TestCaseExecutor.java:418)
	at com.kms.katalon.core.main.TestCaseExecutor.accessMainPhase(TestCaseExecutor.java:410)
	at com.kms.katalon.core.main.TestCaseExecutor.execute(TestCaseExecutor.java:285)
	at com.kms.katalon.core.common.CommonExecutor.accessTestCaseMainPhase(CommonExecutor.java:65)
	at com.kms.katalon.core.main.TestSuiteExecutor.accessTestSuiteMainPhase(TestSuiteExecutor.java:148)
	at com.kms.katalon.core.main.TestSuiteExecutor.execute(TestSuiteExecutor.java:106)
	at com.kms.katalon.core.main.TestCaseMain.startTestSuite(TestCaseMain.java:187)
	at com.kms.katalon.core.main.TestCaseMain$startTestSuite$0.call(Unknown Source)
	at TempTestSuite1693964859162.run(TempTestSuite1693964859162.groovy:36)
Caused by: com.kms.katalon.core.exception.StepFailedException: Actual text '1' and expected text 'Keyword tidak boleh kosong' of test object 'Object Repository/Menu pencarian Toko admin/Massage Error' are NOT matched.
	at com.kms.katalon.core.webui.keyword.internal.WebUIKeywordMain.stepFailed(WebUIKeywordMain.groovy:64)
	at com.kms.katalon.core.webui.keyword.builtin.VerifyElementTextKeyword$_verifyElementText_closure1.doCall(VerifyElementTextKeyword.groovy:57)
	at com.kms.katalon.core.webui.keyword.builtin.VerifyElementTextKeyword$_verifyElementText_closure1.call(VerifyElementTextKeyword.groovy)
	at com.kms.katalon.core.webui.keyword.internal.WebUIKeywordMain.runKeyword(WebUIKeywordMain.groovy:20)
	... 19 more
"/>
         <system-out><![CDATA[2023-09-06 08:48:46 - [TEST_CASE][FAILED] - Test Cases/T05 Pencarian Toko/TC-Cari Toko administrator-Search-003: Test Cases/T05 Pencarian Toko/TC-Cari Toko administrator-Search-003 FAILED.
Reason:
com.kms.katalon.core.exception.StepFailedException: Verify element text of test object 'Object Repository/Menu pencarian Toko admin/Massage Error' FAILED.
	at com.kms.katalon.core.webui.keyword.internal.WebUIKeywordMain.stepFailed(WebUIKeywordMain.groovy:64)
	at com.kms.katalon.core.webui.keyword.internal.WebUIKeywordMain.runKeyword(WebUIKeywordMain.groovy:26)
	at com.kms.katalon.core.webui.keyword.builtin.VerifyElementTextKeyword.verifyElementText(VerifyElementTextKeyword.groovy:72)
	at com.kms.katalon.core.webui.keyword.builtin.VerifyElementTextKeyword.execute(VerifyElementTextKeyword.groovy:40)
	at com.kms.katalon.core.keyword.internal.KeywordExecutor.executeKeywordForPlatform(KeywordExecutor.groovy:74)
	at com.kms.katalon.core.webui.keyword.WebUiBuiltInKeywords.verifyElementText(WebUiBuiltInKeywords.groovy:4749)
	at com.kms.katalon.core.webui.keyword.WebUiBuiltInKeywords$verifyElementText$4.call(Unknown Source)
	at TC-Cari Toko administrator-Search-003.run(TC-Cari Toko administrator-Search-003:29)
	at com.kms.katalon.core.main.ScriptEngine.run(ScriptEngine.java:194)
	at com.kms.katalon.core.main.ScriptEngine.runScriptAsRawText(ScriptEngine.java:119)
	at com.kms.katalon.core.main.TestCaseExecutor.runScript(TestCaseExecutor.java:448)
	at com.kms.katalon.core.main.TestCaseExecutor.doExecute(TestCaseExecutor.java:439)
	at com.kms.katalon.core.main.TestCaseExecutor.processExecutionPhase(TestCaseExecutor.java:418)
	at com.kms.katalon.core.main.TestCaseExecutor.accessMainPhase(TestCaseExecutor.java:410)
	at com.kms.katalon.core.main.TestCaseExecutor.execute(TestCaseExecutor.java:285)
	at com.kms.katalon.core.common.CommonExecutor.accessTestCaseMainPhase(CommonExecutor.java:65)
	at com.kms.katalon.core.main.TestSuiteExecutor.accessTestSuiteMainPhase(TestSuiteExecutor.java:148)
	at com.kms.katalon.core.main.TestSuiteExecutor.execute(TestSuiteExecutor.java:106)
	at com.kms.katalon.core.main.TestCaseMain.startTestSuite(TestCaseMain.java:187)
	at com.kms.katalon.core.main.TestCaseMain$startTestSuite$0.call(Unknown Source)
	at TempTestSuite1693964859162.run(TempTestSuite1693964859162.groovy:36)
Caused by: com.kms.katalon.core.exception.StepFailedException: Actual text '1' and expected text 'Keyword tidak boleh kosong' of test object 'Object Repository/Menu pencarian Toko admin/Massage Error' are NOT matched.
	at com.kms.katalon.core.webui.keyword.internal.WebUIKeywordMain.stepFailed(WebUIKeywordMain.groovy:64)
	at com.kms.katalon.core.webui.keyword.builtin.VerifyElementTextKeyword$_verifyElementText_closure1.doCall(VerifyElementTextKeyword.groovy:57)
	at com.kms.katalon.core.webui.keyword.builtin.VerifyElementTextKeyword$_verifyElementText_closure1.call(VerifyElementTextKeyword.groovy)
	at com.kms.katalon.core.webui.keyword.internal.WebUIKeywordMain.runKeyword(WebUIKeywordMain.groovy:20)
	... 19 more


2023-09-06 08:48:47 - [TEST_STEP][PASSED] - callTestCase(findTestCase("Login/TC-Login Admin-Success-001"), ["Username":"admin", "Password":"123admin123"], STOP_ON_FAILURE): Call Test Case 'Test Cases/Login/TC-Login Admin-Success-001' successfully

2023-09-06 08:48:47 - [TEST_CASE][PASSED] - Test Cases/Login/TC-Login Admin-Success-001: Test Cases/Login/TC-Login Admin-Success-001

2023-09-06 08:48:47 - [TEST_STEP][PASSED] - openBrowser("https://10.9.2.63/ecommerce/administrator/"): Browser is opened with url: 'https://10.9.2.63/ecommerce/administrator/'

2023-09-06 08:48:47 - [MESSAGE][WARNING] - A browser is already opened. Closing browser and opening a new one

2023-09-06 08:48:48 - [MESSAGE][INFO] - Starting 'Edge Chromium' driver

2023-09-06 08:48:48 - [MESSAGE][INFO] - User set preference: ['acceptInsecureCerts', 'true']

2023-09-06 08:48:50 - [MESSAGE][INFO] - Action delay is set to 0 milliseconds

2023-09-06 08:48:54 - [MESSAGE][PASSED] - Browser is opened with url: 'https://10.9.2.63/ecommerce/administrator/'

2023-09-06 08:48:54 - [TEST_STEP][PASSED] - maximizeWindow(): Current window maximized

2023-09-06 08:48:54 - [MESSAGE][PASSED] - Current window maximized

2023-09-06 08:48:54 - [TEST_STEP][PASSED] - verifyElementPresent(findTestObject("Login admin/Tittle ADMIN"), 0): Object 'Object Repository/Login admin/Tittle ADMIN' is present

2023-09-06 08:48:54 - [MESSAGE][WARNING] - Timeout '0' is invalid. Using default page load timeout: '30'

2023-09-06 08:48:54 - [MESSAGE][PASSED] - Object 'Object Repository/Login admin/Tittle ADMIN' is present

2023-09-06 08:48:54 - [TEST_STEP][PASSED] - setText(findTestObject("Login/input_Username, Email atau No. Handphone_a"), Username): Text 'admin' is set on object 'Object Repository/Login/input_Username, Email atau No. Handphone_a'

2023-09-06 08:48:55 - [MESSAGE][PASSED] - Text 'admin' is set on object 'Object Repository/Login/input_Username, Email atau No. Handphone_a'

2023-09-06 08:48:55 - [TEST_STEP][PASSED] - setText(findTestObject("Login/input_Password"), Password): Text '123admin123' is set on object 'Object Repository/Login/input_Password'

2023-09-06 08:48:56 - [MESSAGE][PASSED] - Text '123admin123' is set on object 'Object Repository/Login/input_Password'

2023-09-06 08:48:56 - [TEST_STEP][PASSED] - click(findTestObject("Login admin/buttom Remember Me")): Object: 'Object Repository/Login admin/buttom Remember Me' is clicked on

2023-09-06 08:48:57 - [MESSAGE][PASSED] - Object: 'Object Repository/Login admin/buttom Remember Me' is clicked on

2023-09-06 08:48:57 - [TEST_STEP][PASSED] - delay(10): Delayed 10 second(s)

2023-09-06 08:49:07 - [MESSAGE][PASSED] - Delayed 10 second(s)

2023-09-06 08:49:07 - [TEST_STEP][PASSED] - click(findTestObject("Login admin/buttom sign in")): Object: 'Object Repository/Login admin/buttom sign in' is clicked on

2023-09-06 08:49:11 - [MESSAGE][PASSED] - Object: 'Object Repository/Login admin/buttom sign in' is clicked on

2023-09-06 08:49:11 - [TEST_STEP][PASSED] - verifyElementPresent(findTestObject("Login admin/Tittle Dashboard"), 0): Object 'Object Repository/Login admin/Tittle Dashboard' is present

2023-09-06 08:49:11 - [MESSAGE][WARNING] - Timeout '0' is invalid. Using default page load timeout: '30'

2023-09-06 08:49:11 - [MESSAGE][PASSED] - Object 'Object Repository/Login admin/Tittle Dashboard' is present

2023-09-06 08:49:11 - [MESSAGE][PASSED] - Call Test Case 'Test Cases/Login/TC-Login Admin-Success-001' successfully

2023-09-06 08:49:11 - [TEST_STEP][PASSED] - click(findTestObject("Menu pencarian Toko admin/Menu Master Market")): Object: 'Object Repository/Menu pencarian Toko admin/Menu Master Market' is clicked on

2023-09-06 08:49:12 - [MESSAGE][PASSED] - Object: 'Object Repository/Menu pencarian Toko admin/Menu Master Market' is clicked on

2023-09-06 08:49:12 - [TEST_STEP][PASSED] - click(findTestObject("Menu pencarian Toko admin/Menu Reseller  Pelapak")): Object: 'Object Repository/Menu pencarian Toko admin/Menu Reseller  Pelapak' is clicked on

2023-09-06 08:49:14 - [MESSAGE][PASSED] - Object: 'Object Repository/Menu pencarian Toko admin/Menu Reseller  Pelapak' is clicked on

2023-09-06 08:49:14 - [TEST_STEP][PASSED] - setText(findTestObject("Menu pencarian Toko admin/input_Search_form"), ""): Text '' is set on object 'Object Repository/Menu pencarian Toko admin/input_Search_form'

2023-09-06 08:49:15 - [MESSAGE][PASSED] - Text '' is set on object 'Object Repository/Menu pencarian Toko admin/input_Search_form'

2023-09-06 08:49:15 - [TEST_STEP][FAILED] - verifyElementText(findTestObject("Menu pencarian Toko admin/Massage Error"), "Keyword tidak boleh kosong"): Verify element text of test object 'Object Repository/Menu pencarian Toko admin/Massage Error' FAILED. (Root cause: com.kms.katalon.core.exception.StepFailedException: Verify element text of test object 'Object Repository/Menu pencarian Toko admin/Massage Error' FAILED.
	at com.kms.katalon.core.webui.keyword.internal.WebUIKeywordMain.stepFailed(WebUIKeywordMain.groovy:64)
	at com.kms.katalon.core.webui.keyword.internal.WebUIKeywordMain.runKeyword(WebUIKeywordMain.groovy:26)
	at com.kms.katalon.core.webui.keyword.builtin.VerifyElementTextKeyword.verifyElementText(VerifyElementTextKeyword.groovy:72)
	at com.kms.katalon.core.webui.keyword.builtin.VerifyElementTextKeyword.execute(VerifyElementTextKeyword.groovy:40)
	at com.kms.katalon.core.keyword.internal.KeywordExecutor.executeKeywordForPlatform(KeywordExecutor.groovy:74)
	at com.kms.katalon.core.webui.keyword.WebUiBuiltInKeywords.verifyElementText(WebUiBuiltInKeywords.groovy:4749)
	at com.kms.katalon.core.webui.keyword.WebUiBuiltInKeywords$verifyElementText$4.call(Unknown Source)
	at TC-Cari Toko administrator-Search-003.run(TC-Cari Toko administrator-Search-003:29)
	at com.kms.katalon.core.main.ScriptEngine.run(ScriptEngine.java:194)
	at com.kms.katalon.core.main.ScriptEngine.runScriptAsRawText(ScriptEngine.java:119)
	at com.kms.katalon.core.main.TestCaseExecutor.runScript(TestCaseExecutor.java:448)
	at com.kms.katalon.core.main.TestCaseExecutor.doExecute(TestCaseExecutor.java:439)
	at com.kms.katalon.core.main.TestCaseExecutor.processExecutionPhase(TestCaseExecutor.java:418)
	at com.kms.katalon.core.main.TestCaseExecutor.accessMainPhase(TestCaseExecutor.java:410)
	at com.kms.katalon.core.main.TestCaseExecutor.execute(TestCaseExecutor.java:285)
	at com.kms.katalon.core.common.CommonExecutor.accessTestCaseMainPhase(CommonExecutor.java:65)
	at com.kms.katalon.core.main.TestSuiteExecutor.accessTestSuiteMainPhase(TestSuiteExecutor.java:148)
	at com.kms.katalon.core.main.TestSuiteExecutor.execute(TestSuiteExecutor.java:106)
	at com.kms.katalon.core.main.TestCaseMain.startTestSuite(TestCaseMain.java:187)
	at com.kms.katalon.core.main.TestCaseMain$startTestSuite$0.call(Unknown Source)
	at TempTestSuite1693964859162.run(TempTestSuite1693964859162.groovy:36)
Caused by: com.kms.katalon.core.exception.StepFailedException: Actual text '1' and expected text 'Keyword tidak boleh kosong' of test object 'Object Repository/Menu pencarian Toko admin/Massage Error' are NOT matched.
	at com.kms.katalon.core.webui.keyword.internal.WebUIKeywordMain.stepFailed(WebUIKeywordMain.groovy:64)
	at com.kms.katalon.core.webui.keyword.builtin.VerifyElementTextKeyword$_verifyElementText_closure1.doCall(VerifyElementTextKeyword.groovy:57)
	at com.kms.katalon.core.webui.keyword.builtin.VerifyElementTextKeyword$_verifyElementText_closure1.call(VerifyElementTextKeyword.groovy)
	at com.kms.katalon.core.webui.keyword.internal.WebUIKeywordMain.runKeyword(WebUIKeywordMain.groovy:20)
	... 19 more
)

2023-09-06 08:49:16 - [MESSAGE][FAILED] - Actual text '1' and expected text 'Keyword tidak boleh kosong' of test object 'Object Repository/Menu pencarian Toko admin/Massage Error' are NOT matched. (Root cause: com.kms.katalon.core.exception.StepFailedException: Actual text '1' and expected text 'Keyword tidak boleh kosong' of test object 'Object Repository/Menu pencarian Toko admin/Massage Error' are NOT matched.
	at com.kms.katalon.core.webui.keyword.internal.WebUIKeywordMain.stepFailed(WebUIKeywordMain.groovy:64)
	at com.kms.katalon.core.webui.keyword.builtin.VerifyElementTextKeyword$_verifyElementText_closure1.doCall(VerifyElementTextKeyword.groovy:57)
	at com.kms.katalon.core.webui.keyword.builtin.VerifyElementTextKeyword$_verifyElementText_closure1.call(VerifyElementTextKeyword.groovy)
	at com.kms.katalon.core.webui.keyword.internal.WebUIKeywordMain.runKeyword(WebUIKeywordMain.groovy:20)
	at com.kms.katalon.core.webui.keyword.builtin.VerifyElementTextKeyword.verifyElementText(VerifyElementTextKeyword.groovy:72)
	at com.kms.katalon.core.webui.keyword.builtin.VerifyElementTextKeyword.execute(VerifyElementTextKeyword.groovy:40)
	at com.kms.katalon.core.keyword.internal.KeywordExecutor.executeKeywordForPlatform(KeywordExecutor.groovy:74)
	at com.kms.katalon.core.webui.keyword.WebUiBuiltInKeywords.verifyElementText(WebUiBuiltInKeywords.groovy:4749)
	at com.kms.katalon.core.webui.keyword.WebUiBuiltInKeywords$verifyElementText$4.call(Unknown Source)
	at TC-Cari Toko administrator-Search-003.run(TC-Cari Toko administrator-Search-003:29)
	at com.kms.katalon.core.main.ScriptEngine.run(ScriptEngine.java:194)
	at com.kms.katalon.core.main.ScriptEngine.runScriptAsRawText(ScriptEngine.java:119)
	at com.kms.katalon.core.main.TestCaseExecutor.runScript(TestCaseExecutor.java:448)
	at com.kms.katalon.core.main.TestCaseExecutor.doExecute(TestCaseExecutor.java:439)
	at com.kms.katalon.core.main.TestCaseExecutor.processExecutionPhase(TestCaseExecutor.java:418)
	at com.kms.katalon.core.main.TestCaseExecutor.accessMainPhase(TestCaseExecutor.java:410)
	at com.kms.katalon.core.main.TestCaseExecutor.execute(TestCaseExecutor.java:285)
	at com.kms.katalon.core.common.CommonExecutor.accessTestCaseMainPhase(CommonExecutor.java:65)
	at com.kms.katalon.core.main.TestSuiteExecutor.accessTestSuiteMainPhase(TestSuiteExecutor.java:148)
	at com.kms.katalon.core.main.TestSuiteExecutor.execute(TestSuiteExecutor.java:106)
	at com.kms.katalon.core.main.TestCaseMain.startTestSuite(TestCaseMain.java:187)
	at com.kms.katalon.core.main.TestCaseMain$startTestSuite$0.call(Unknown Source)
	at TempTestSuite1693964859162.run(TempTestSuite1693964859162.groovy:36)
)
[[ATTACHMENT|D:\\Project XSIS\\batch-324-qa\\irfan\\Projek Eval 2 Tajalapak dan administrator\\Reports\\20230906_084739\\pencarian toko\\pencarian toko\\20230906_084739\\1693964955791.png]]

2023-09-06 08:49:16 - [MESSAGE][FAILED] - Verify element text of test object 'Object Repository/Menu pencarian Toko admin/Massage Error' FAILED. (Root cause: com.kms.katalon.core.exception.StepFailedException: Verify element text of test object 'Object Repository/Menu pencarian Toko admin/Massage Error' FAILED.
	at com.kms.katalon.core.webui.keyword.internal.WebUIKeywordMain.stepFailed(WebUIKeywordMain.groovy:64)
	at com.kms.katalon.core.webui.keyword.internal.WebUIKeywordMain.runKeyword(WebUIKeywordMain.groovy:26)
	at com.kms.katalon.core.webui.keyword.builtin.VerifyElementTextKeyword.verifyElementText(VerifyElementTextKeyword.groovy:72)
	at com.kms.katalon.core.webui.keyword.builtin.VerifyElementTextKeyword.execute(VerifyElementTextKeyword.groovy:40)
	at com.kms.katalon.core.keyword.internal.KeywordExecutor.executeKeywordForPlatform(KeywordExecutor.groovy:74)
	at com.kms.katalon.core.webui.keyword.WebUiBuiltInKeywords.verifyElementText(WebUiBuiltInKeywords.groovy:4749)
	at com.kms.katalon.core.webui.keyword.WebUiBuiltInKeywords$verifyElementText$4.call(Unknown Source)
	at TC-Cari Toko administrator-Search-003.run(TC-Cari Toko administrator-Search-003:29)
	at com.kms.katalon.core.main.ScriptEngine.run(ScriptEngine.java:194)
	at com.kms.katalon.core.main.ScriptEngine.runScriptAsRawText(ScriptEngine.java:119)
	at com.kms.katalon.core.main.TestCaseExecutor.runScript(TestCaseExecutor.java:448)
	at com.kms.katalon.core.main.TestCaseExecutor.doExecute(TestCaseExecutor.java:439)
	at com.kms.katalon.core.main.TestCaseExecutor.processExecutionPhase(TestCaseExecutor.java:418)
	at com.kms.katalon.core.main.TestCaseExecutor.accessMainPhase(TestCaseExecutor.java:410)
	at com.kms.katalon.core.main.TestCaseExecutor.execute(TestCaseExecutor.java:285)
	at com.kms.katalon.core.common.CommonExecutor.accessTestCaseMainPhase(CommonExecutor.java:65)
	at com.kms.katalon.core.main.TestSuiteExecutor.accessTestSuiteMainPhase(TestSuiteExecutor.java:148)
	at com.kms.katalon.core.main.TestSuiteExecutor.execute(TestSuiteExecutor.java:106)
	at com.kms.katalon.core.main.TestCaseMain.startTestSuite(TestCaseMain.java:187)
	at com.kms.katalon.core.main.TestCaseMain$startTestSuite$0.call(Unknown Source)
	at TempTestSuite1693964859162.run(TempTestSuite1693964859162.groovy:36)
Caused by: com.kms.katalon.core.exception.StepFailedException: Actual text '1' and expected text 'Keyword tidak boleh kosong' of test object 'Object Repository/Menu pencarian Toko admin/Massage Error' are NOT matched.
	at com.kms.katalon.core.webui.keyword.internal.WebUIKeywordMain.stepFailed(WebUIKeywordMain.groovy:64)
	at com.kms.katalon.core.webui.keyword.builtin.VerifyElementTextKeyword$_verifyElementText_closure1.doCall(VerifyElementTextKeyword.groovy:57)
	at com.kms.katalon.core.webui.keyword.builtin.VerifyElementTextKeyword$_verifyElementText_closure1.call(VerifyElementTextKeyword.groovy)
	at com.kms.katalon.core.webui.keyword.internal.WebUIKeywordMain.runKeyword(WebUIKeywordMain.groovy:20)
	... 19 more
)
[[ATTACHMENT|D:\\Project XSIS\\batch-324-qa\\irfan\\Projek Eval 2 Tajalapak dan administrator\\Reports\\20230906_084739\\pencarian toko\\pencarian toko\\20230906_084739\\1693964956059.png]]]]></system-out>
         <system-err><![CDATA[2023-09-06 08:48:46 - [TEST_CASE][FAILED] - Test Cases/T05 Pencarian Toko/TC-Cari Toko administrator-Search-003: Test Cases/T05 Pencarian Toko/TC-Cari Toko administrator-Search-003 FAILED.
Reason:
com.kms.katalon.core.exception.StepFailedException: Verify element text of test object 'Object Repository/Menu pencarian Toko admin/Massage Error' FAILED.
	at com.kms.katalon.core.webui.keyword.internal.WebUIKeywordMain.stepFailed(WebUIKeywordMain.groovy:64)
	at com.kms.katalon.core.webui.keyword.internal.WebUIKeywordMain.runKeyword(WebUIKeywordMain.groovy:26)
	at com.kms.katalon.core.webui.keyword.builtin.VerifyElementTextKeyword.verifyElementText(VerifyElementTextKeyword.groovy:72)
	at com.kms.katalon.core.webui.keyword.builtin.VerifyElementTextKeyword.execute(VerifyElementTextKeyword.groovy:40)
	at com.kms.katalon.core.keyword.internal.KeywordExecutor.executeKeywordForPlatform(KeywordExecutor.groovy:74)
	at com.kms.katalon.core.webui.keyword.WebUiBuiltInKeywords.verifyElementText(WebUiBuiltInKeywords.groovy:4749)
	at com.kms.katalon.core.webui.keyword.WebUiBuiltInKeywords$verifyElementText$4.call(Unknown Source)
	at TC-Cari Toko administrator-Search-003.run(TC-Cari Toko administrator-Search-003:29)
	at com.kms.katalon.core.main.ScriptEngine.run(ScriptEngine.java:194)
	at com.kms.katalon.core.main.ScriptEngine.runScriptAsRawText(ScriptEngine.java:119)
	at com.kms.katalon.core.main.TestCaseExecutor.runScript(TestCaseExecutor.java:448)
	at com.kms.katalon.core.main.TestCaseExecutor.doExecute(TestCaseExecutor.java:439)
	at com.kms.katalon.core.main.TestCaseExecutor.processExecutionPhase(TestCaseExecutor.java:418)
	at com.kms.katalon.core.main.TestCaseExecutor.accessMainPhase(TestCaseExecutor.java:410)
	at com.kms.katalon.core.main.TestCaseExecutor.execute(TestCaseExecutor.java:285)
	at com.kms.katalon.core.common.CommonExecutor.accessTestCaseMainPhase(CommonExecutor.java:65)
	at com.kms.katalon.core.main.TestSuiteExecutor.accessTestSuiteMainPhase(TestSuiteExecutor.java:148)
	at com.kms.katalon.core.main.TestSuiteExecutor.execute(TestSuiteExecutor.java:106)
	at com.kms.katalon.core.main.TestCaseMain.startTestSuite(TestCaseMain.java:187)
	at com.kms.katalon.core.main.TestCaseMain$startTestSuite$0.call(Unknown Source)
	at TempTestSuite1693964859162.run(TempTestSuite1693964859162.groovy:36)
Caused by: com.kms.katalon.core.exception.StepFailedException: Actual text '1' and expected text 'Keyword tidak boleh kosong' of test object 'Object Repository/Menu pencarian Toko admin/Massage Error' are NOT matched.
	at com.kms.katalon.core.webui.keyword.internal.WebUIKeywordMain.stepFailed(WebUIKeywordMain.groovy:64)
	at com.kms.katalon.core.webui.keyword.builtin.VerifyElementTextKeyword$_verifyElementText_closure1.doCall(VerifyElementTextKeyword.groovy:57)
	at com.kms.katalon.core.webui.keyword.builtin.VerifyElementTextKeyword$_verifyElementText_closure1.call(VerifyElementTextKeyword.groovy)
	at com.kms.katalon.core.webui.keyword.internal.WebUIKeywordMain.runKeyword(WebUIKeywordMain.groovy:20)
	... 19 more]]></system-err>
      </testcase>
      <testcase name="Test Cases/T05 Pencarian Toko/TC-Cari Toko-Detail-001" time="65.905" classname="Test Cases/T05 Pencarian Toko/TC-Cari Toko-Detail-001" status="FAILED">
         <failure type="FAILED" message="Test Cases/T05 Pencarian Toko/TC-Cari Toko-Detail-001 FAILED.
Reason:
com.kms.katalon.core.exception.StepFailedException: Unable to get text of object 'Object Repository/Nama toko detail 2 Tajalapak/NamaToko2'
	at com.kms.katalon.core.webui.keyword.internal.WebUIKeywordMain.stepFailed(WebUIKeywordMain.groovy:64)
	at com.kms.katalon.core.webui.keyword.internal.WebUIKeywordMain.runKeyword(WebUIKeywordMain.groovy:26)
	at com.kms.katalon.core.webui.keyword.builtin.GetTextKeyword.getText(GetTextKeyword.groovy:88)
	at com.kms.katalon.core.webui.keyword.builtin.GetTextKeyword.execute(GetTextKeyword.groovy:67)
	at com.kms.katalon.core.keyword.internal.KeywordExecutor.executeKeywordForPlatform(KeywordExecutor.groovy:74)
	at com.kms.katalon.core.webui.keyword.WebUiBuiltInKeywords.getText(WebUiBuiltInKeywords.groovy:918)
	at com.kms.katalon.core.webui.keyword.WebUiBuiltInKeywords$getText$6.call(Unknown Source)
	at TC-Cari Toko-Detail-001.run(TC-Cari Toko-Detail-001:36)
	at com.kms.katalon.core.main.ScriptEngine.run(ScriptEngine.java:194)
	at com.kms.katalon.core.main.ScriptEngine.runScriptAsRawText(ScriptEngine.java:119)
	at com.kms.katalon.core.main.TestCaseExecutor.runScript(TestCaseExecutor.java:448)
	at com.kms.katalon.core.main.TestCaseExecutor.doExecute(TestCaseExecutor.java:439)
	at com.kms.katalon.core.main.TestCaseExecutor.processExecutionPhase(TestCaseExecutor.java:418)
	at com.kms.katalon.core.main.TestCaseExecutor.accessMainPhase(TestCaseExecutor.java:410)
	at com.kms.katalon.core.main.TestCaseExecutor.execute(TestCaseExecutor.java:285)
	at com.kms.katalon.core.common.CommonExecutor.accessTestCaseMainPhase(CommonExecutor.java:65)
	at com.kms.katalon.core.main.TestSuiteExecutor.accessTestSuiteMainPhase(TestSuiteExecutor.java:148)
	at com.kms.katalon.core.main.TestSuiteExecutor.execute(TestSuiteExecutor.java:106)
	at com.kms.katalon.core.main.TestCaseMain.startTestSuite(TestCaseMain.java:187)
	at com.kms.katalon.core.main.TestCaseMain$startTestSuite$0.call(Unknown Source)
	at TempTestSuite1693964859162.run(TempTestSuite1693964859162.groovy:36)
Caused by: com.kms.katalon.core.webui.exception.WebElementNotFoundException: Web element with id: 'Object Repository/Nama toko detail 2 Tajalapak/NamaToko2' located by '/html/body/div[10]/div/div/div[1]/div/div[2]/div[1]/h4' not found
	at com.kms.katalon.core.webui.common.WebUiCommonHelper.findWebElement(WebUiCommonHelper.java:1381)
	at com.kms.katalon.core.webui.keyword.internal.WebUIAbstractKeyword.findWebElement(WebUIAbstractKeyword.groovy:27)
	at com.kms.katalon.core.webui.keyword.internal.WebUIAbstractKeyword.findWebElement(WebUIAbstractKeyword.groovy:26)
	at com.kms.katalon.core.webui.keyword.builtin.GetTextKeyword$_getText_closure1.doCall(GetTextKeyword.groovy:78)
	at com.kms.katalon.core.webui.keyword.builtin.GetTextKeyword$_getText_closure1.call(GetTextKeyword.groovy)
	at com.kms.katalon.core.webui.keyword.internal.WebUIKeywordMain.runKeyword(WebUIKeywordMain.groovy:20)
	... 19 more
"/>
         <system-out><![CDATA[2023-09-06 08:49:16 - [TEST_CASE][FAILED] - Test Cases/T05 Pencarian Toko/TC-Cari Toko-Detail-001: Test Cases/T05 Pencarian Toko/TC-Cari Toko-Detail-001 FAILED.
Reason:
com.kms.katalon.core.exception.StepFailedException: Unable to get text of object 'Object Repository/Nama toko detail 2 Tajalapak/NamaToko2'
	at com.kms.katalon.core.webui.keyword.internal.WebUIKeywordMain.stepFailed(WebUIKeywordMain.groovy:64)
	at com.kms.katalon.core.webui.keyword.internal.WebUIKeywordMain.runKeyword(WebUIKeywordMain.groovy:26)
	at com.kms.katalon.core.webui.keyword.builtin.GetTextKeyword.getText(GetTextKeyword.groovy:88)
	at com.kms.katalon.core.webui.keyword.builtin.GetTextKeyword.execute(GetTextKeyword.groovy:67)
	at com.kms.katalon.core.keyword.internal.KeywordExecutor.executeKeywordForPlatform(KeywordExecutor.groovy:74)
	at com.kms.katalon.core.webui.keyword.WebUiBuiltInKeywords.getText(WebUiBuiltInKeywords.groovy:918)
	at com.kms.katalon.core.webui.keyword.WebUiBuiltInKeywords$getText$6.call(Unknown Source)
	at TC-Cari Toko-Detail-001.run(TC-Cari Toko-Detail-001:36)
	at com.kms.katalon.core.main.ScriptEngine.run(ScriptEngine.java:194)
	at com.kms.katalon.core.main.ScriptEngine.runScriptAsRawText(ScriptEngine.java:119)
	at com.kms.katalon.core.main.TestCaseExecutor.runScript(TestCaseExecutor.java:448)
	at com.kms.katalon.core.main.TestCaseExecutor.doExecute(TestCaseExecutor.java:439)
	at com.kms.katalon.core.main.TestCaseExecutor.processExecutionPhase(TestCaseExecutor.java:418)
	at com.kms.katalon.core.main.TestCaseExecutor.accessMainPhase(TestCaseExecutor.java:410)
	at com.kms.katalon.core.main.TestCaseExecutor.execute(TestCaseExecutor.java:285)
	at com.kms.katalon.core.common.CommonExecutor.accessTestCaseMainPhase(CommonExecutor.java:65)
	at com.kms.katalon.core.main.TestSuiteExecutor.accessTestSuiteMainPhase(TestSuiteExecutor.java:148)
	at com.kms.katalon.core.main.TestSuiteExecutor.execute(TestSuiteExecutor.java:106)
	at com.kms.katalon.core.main.TestCaseMain.startTestSuite(TestCaseMain.java:187)
	at com.kms.katalon.core.main.TestCaseMain$startTestSuite$0.call(Unknown Source)
	at TempTestSuite1693964859162.run(TempTestSuite1693964859162.groovy:36)
Caused by: com.kms.katalon.core.webui.exception.WebElementNotFoundException: Web element with id: 'Object Repository/Nama toko detail 2 Tajalapak/NamaToko2' located by '/html/body/div[10]/div/div/div[1]/div/div[2]/div[1]/h4' not found
	at com.kms.katalon.core.webui.common.WebUiCommonHelper.findWebElement(WebUiCommonHelper.java:1381)
	at com.kms.katalon.core.webui.keyword.internal.WebUIAbstractKeyword.findWebElement(WebUIAbstractKeyword.groovy:27)
	at com.kms.katalon.core.webui.keyword.internal.WebUIAbstractKeyword.findWebElement(WebUIAbstractKeyword.groovy:26)
	at com.kms.katalon.core.webui.keyword.builtin.GetTextKeyword$_getText_closure1.doCall(GetTextKeyword.groovy:78)
	at com.kms.katalon.core.webui.keyword.builtin.GetTextKeyword$_getText_closure1.call(GetTextKeyword.groovy)
	at com.kms.katalon.core.webui.keyword.internal.WebUIKeywordMain.runKeyword(WebUIKeywordMain.groovy:20)
	... 19 more


2023-09-06 08:49:17 - [TEST_STEP][PASSED] - callTestCase(findTestCase("T05 Pencarian Toko/TC-Cari Toko-Search-001"), [:], STOP_ON_FAILURE): Call Test Case 'Test Cases/T05 Pencarian Toko/TC-Cari Toko-Search-001' successfully

2023-09-06 08:49:17 - [TEST_CASE][PASSED] - Test Cases/T05 Pencarian Toko/TC-Cari Toko-Search-001: Test Cases/T05 Pencarian Toko/TC-Cari Toko-Search-001

2023-09-06 08:49:18 - [TEST_STEP][PASSED] - callTestCase(findTestCase("T05 Pencarian Toko/TC-Cari Toko-show-001"), [:], STOP_ON_FAILURE): Call Test Case 'Test Cases/T05 Pencarian Toko/TC-Cari Toko-show-001' successfully

2023-09-06 08:49:18 - [TEST_CASE][PASSED] - Test Cases/T05 Pencarian Toko/TC-Cari Toko-show-001: Test Cases/T05 Pencarian Toko/TC-Cari Toko-show-001

2023-09-06 08:49:18 - [TEST_STEP][PASSED] - openBrowser("https://10.9.2.63/ecommerce/"): Browser is opened with url: 'https://10.9.2.63/ecommerce/'

2023-09-06 08:49:18 - [MESSAGE][WARNING] - A browser is already opened. Closing browser and opening a new one

2023-09-06 08:49:19 - [MESSAGE][INFO] - Starting 'Edge Chromium' driver

2023-09-06 08:49:19 - [MESSAGE][INFO] - User set preference: ['acceptInsecureCerts', 'true']

2023-09-06 08:49:22 - [MESSAGE][INFO] - Action delay is set to 0 milliseconds

2023-09-06 08:49:30 - [MESSAGE][PASSED] - Browser is opened with url: 'https://10.9.2.63/ecommerce/'

2023-09-06 08:49:30 - [TEST_STEP][PASSED] - maximizeWindow(): Current window maximized

2023-09-06 08:49:30 - [MESSAGE][PASSED] - Current window maximized

2023-09-06 08:49:30 - [TEST_STEP][PASSED] - verifyElementPresent(findTestObject("Login/Halaman Home"), 0): Object 'Object Repository/Login/Halaman Home' is present

2023-09-06 08:49:30 - [MESSAGE][WARNING] - Timeout '0' is invalid. Using default page load timeout: '30'

2023-09-06 08:49:31 - [MESSAGE][PASSED] - Object 'Object Repository/Login/Halaman Home' is present

2023-09-06 08:49:31 - [TEST_STEP][PASSED] - click(findTestObject("Menu Pencarian Toko/menu Shop")): Object: 'Object Repository/Menu Pencarian Toko/menu Shop' is clicked on

2023-09-06 08:49:32 - [MESSAGE][PASSED] - Object: 'Object Repository/Menu Pencarian Toko/menu Shop' is clicked on

2023-09-06 08:49:32 - [TEST_STEP][PASSED] - click(findTestObject("Menu Pencarian Toko/menu Shop")): Object: 'Object Repository/Menu Pencarian Toko/menu Shop' is clicked on

2023-09-06 08:49:32 - [MESSAGE][PASSED] - Object: 'Object Repository/Menu Pencarian Toko/menu Shop' is clicked on

2023-09-06 08:49:32 - [TEST_STEP][PASSED] - click(findTestObject("Menu Pencarian Toko/Menu Toko (Pelapak)")): Object: 'Object Repository/Menu Pencarian Toko/Menu Toko (Pelapak)' is clicked on

2023-09-06 08:49:36 - [MESSAGE][PASSED] - Object: 'Object Repository/Menu Pencarian Toko/Menu Toko (Pelapak)' is clicked on

2023-09-06 08:49:36 - [TEST_STEP][PASSED] - verifyElementPresent(findTestObject("Menu Pencarian Toko/Tittle Semua Toko"), 0): Object 'Object Repository/Menu Pencarian Toko/Tittle Semua Toko' is present

2023-09-06 08:49:36 - [MESSAGE][WARNING] - Timeout '0' is invalid. Using default page load timeout: '30'

2023-09-06 08:49:37 - [MESSAGE][PASSED] - Object 'Object Repository/Menu Pencarian Toko/Tittle Semua Toko' is present

2023-09-06 08:49:37 - [MESSAGE][PASSED] - Call Test Case 'Test Cases/T05 Pencarian Toko/TC-Cari Toko-show-001' successfully

2023-09-06 08:49:37 - [TEST_STEP][PASSED] - setText(findTestObject("Fitur search/input_Semua Toko_cari_reseller"), nama_toko): Text 'Kerupuk husna' is set on object 'Object Repository/Fitur search/input_Semua Toko_cari_reseller'

2023-09-06 08:49:38 - [MESSAGE][PASSED] - Text 'Kerupuk husna' is set on object 'Object Repository/Fitur search/input_Semua Toko_cari_reseller'

2023-09-06 08:49:38 - [TEST_STEP][PASSED] - click(findTestObject("Fitur search/button_Semua Toko_submit")): Object: 'Object Repository/Fitur search/button_Semua Toko_submit' is clicked on

2023-09-06 08:49:40 - [MESSAGE][PASSED] - Object: 'Object Repository/Fitur search/button_Semua Toko_submit' is clicked on

2023-09-06 08:49:40 - [TEST_STEP][PASSED] - nama_toko1 = text: null

2023-09-06 08:49:42 - [TEST_STEP][PASSED] - nama_toko2 = nama_toko1.substring(9, nama_toko1.size()): null

2023-09-06 08:49:42 - [TEST_STEP][PASSED] - assert trim().equalsIgnoreCase(nama_toko2.trim()): null

2023-09-06 08:49:42 - [MESSAGE][PASSED] - Call Test Case 'Test Cases/T05 Pencarian Toko/TC-Cari Toko-Search-001' successfully

2023-09-06 08:49:42 - [TEST_STEP][PASSED] - verified1 = text: null

2023-09-06 08:49:43 - [TEST_STEP][PASSED] - nama_toko1 = text: null

2023-09-06 08:49:43 - [TEST_STEP][PASSED] - nama_toko = nama_toko1.substring(9, nama_toko1.size()): null

2023-09-06 08:49:43 - [TEST_STEP][PASSED] - no_hp1 = text: null

2023-09-06 08:49:44 - [TEST_STEP][PASSED] - click(findTestObject("Fitur search/button Kunjungi Toko")): Object: 'Object Repository/Fitur search/button Kunjungi Toko' is clicked on

2023-09-06 08:49:45 - [MESSAGE][PASSED] - Object: 'Object Repository/Fitur search/button Kunjungi Toko' is clicked on

2023-09-06 08:49:45 - [TEST_STEP][PASSED] - verifyElementPresent(findTestObject("Fitur search/tittle Kerupuk husna"), 0): Object 'Object Repository/Fitur search/tittle Kerupuk husna' is present

2023-09-06 08:49:45 - [MESSAGE][WARNING] - Timeout '0' is invalid. Using default page load timeout: '30'

2023-09-06 08:49:46 - [MESSAGE][PASSED] - Object 'Object Repository/Fitur search/tittle Kerupuk husna' is present

2023-09-06 08:49:46 - [TEST_STEP][PASSED] - verified2 = getText(findTestObject("Object Repository/Nama toko detail 2 Tajalapak/Verified2")): Text of object 'Object Repository/Nama toko detail 2 Tajalapak/Verified2' is: 'Verified'

2023-09-06 08:49:46 - [MESSAGE][PASSED] - Text of object 'Object Repository/Nama toko detail 2 Tajalapak/Verified2' is: 'Verified'

2023-09-06 08:49:46 - [TEST_STEP][FAILED] - nama_toko2 = getText(findTestObject("Object Repository/Nama toko detail 2 Tajalapak/NamaToko2")): Unable to get text of object 'Object Repository/Nama toko detail 2 Tajalapak/NamaToko2' (Root cause: com.kms.katalon.core.exception.StepFailedException: Unable to get text of object 'Object Repository/Nama toko detail 2 Tajalapak/NamaToko2'
	at com.kms.katalon.core.webui.keyword.internal.WebUIKeywordMain.stepFailed(WebUIKeywordMain.groovy:64)
	at com.kms.katalon.core.webui.keyword.internal.WebUIKeywordMain.runKeyword(WebUIKeywordMain.groovy:26)
	at com.kms.katalon.core.webui.keyword.builtin.GetTextKeyword.getText(GetTextKeyword.groovy:88)
	at com.kms.katalon.core.webui.keyword.builtin.GetTextKeyword.execute(GetTextKeyword.groovy:67)
	at com.kms.katalon.core.keyword.internal.KeywordExecutor.executeKeywordForPlatform(KeywordExecutor.groovy:74)
	at com.kms.katalon.core.webui.keyword.WebUiBuiltInKeywords.getText(WebUiBuiltInKeywords.groovy:918)
	at com.kms.katalon.core.webui.keyword.WebUiBuiltInKeywords$getText$6.call(Unknown Source)
	at TC-Cari Toko-Detail-001.run(TC-Cari Toko-Detail-001:36)
	at com.kms.katalon.core.main.ScriptEngine.run(ScriptEngine.java:194)
	at com.kms.katalon.core.main.ScriptEngine.runScriptAsRawText(ScriptEngine.java:119)
	at com.kms.katalon.core.main.TestCaseExecutor.runScript(TestCaseExecutor.java:448)
	at com.kms.katalon.core.main.TestCaseExecutor.doExecute(TestCaseExecutor.java:439)
	at com.kms.katalon.core.main.TestCaseExecutor.processExecutionPhase(TestCaseExecutor.java:418)
	at com.kms.katalon.core.main.TestCaseExecutor.accessMainPhase(TestCaseExecutor.java:410)
	at com.kms.katalon.core.main.TestCaseExecutor.execute(TestCaseExecutor.java:285)
	at com.kms.katalon.core.common.CommonExecutor.accessTestCaseMainPhase(CommonExecutor.java:65)
	at com.kms.katalon.core.main.TestSuiteExecutor.accessTestSuiteMainPhase(TestSuiteExecutor.java:148)
	at com.kms.katalon.core.main.TestSuiteExecutor.execute(TestSuiteExecutor.java:106)
	at com.kms.katalon.core.main.TestCaseMain.startTestSuite(TestCaseMain.java:187)
	at com.kms.katalon.core.main.TestCaseMain$startTestSuite$0.call(Unknown Source)
	at TempTestSuite1693964859162.run(TempTestSuite1693964859162.groovy:36)
Caused by: com.kms.katalon.core.webui.exception.WebElementNotFoundException: Web element with id: 'Object Repository/Nama toko detail 2 Tajalapak/NamaToko2' located by '/html/body/div[10]/div/div/div[1]/div/div[2]/div[1]/h4' not found
	at com.kms.katalon.core.webui.common.WebUiCommonHelper.findWebElement(WebUiCommonHelper.java:1381)
	at com.kms.katalon.core.webui.keyword.internal.WebUIAbstractKeyword.findWebElement(WebUIAbstractKeyword.groovy:27)
	at com.kms.katalon.core.webui.keyword.internal.WebUIAbstractKeyword.findWebElement(WebUIAbstractKeyword.groovy:26)
	at com.kms.katalon.core.webui.keyword.builtin.GetTextKeyword$_getText_closure1.doCall(GetTextKeyword.groovy:78)
	at com.kms.katalon.core.webui.keyword.builtin.GetTextKeyword$_getText_closure1.call(GetTextKeyword.groovy)
	at com.kms.katalon.core.webui.keyword.internal.WebUIKeywordMain.runKeyword(WebUIKeywordMain.groovy:20)
	at com.kms.katalon.core.webui.keyword.builtin.GetTextKeyword.getText(GetTextKeyword.groovy:88)
	at com.kms.katalon.core.webui.keyword.builtin.GetTextKeyword.execute(GetTextKeyword.groovy:67)
	at com.kms.katalon.core.keyword.internal.KeywordExecutor.executeKeywordForPlatform(KeywordExecutor.groovy:74)
	at com.kms.katalon.core.webui.keyword.WebUiBuiltInKeywords.getText(WebUiBuiltInKeywords.groovy:918)
	at com.kms.katalon.core.webui.keyword.WebUiBuiltInKeywords$getText$6.call(Unknown Source)
	at Script1693794621087.run(Script1693794621087.groovy:36)
	... 13 more
)

2023-09-06 08:50:19 - [MESSAGE][INFO] - Unable to find the element located by 'By.xpath: /html/body/div[10]/div/div/div[1]/div/div[2]/div[1]/h4'. Please recheck the objects properties to make sure the desired element is located. 

2023-09-06 08:50:19 - [MESSAGE][WARNING] - [SELF-HEALING] Failed to find element with id 'Object Repository/Nama toko detail 2 Tajalapak/NamaToko2'. Try using Self-healing.

2023-09-06 08:50:20 - [MESSAGE][INFO] - [SELF-HEALING] No working XPath is found.

2023-09-06 08:50:21 - [MESSAGE][INFO] - Unable to find the element located by 'By.xpath: '. Please recheck the objects properties to make sure the desired element is located. 

2023-09-06 08:50:21 - [MESSAGE][WARNING] - [SELF-HEALING] Cannot find elements when the selector is null

2023-09-06 08:50:22 - [MESSAGE][FAILED] - Unable to get text of object 'Object Repository/Nama toko detail 2 Tajalapak/NamaToko2' (Root cause: com.kms.katalon.core.exception.StepFailedException: Unable to get text of object 'Object Repository/Nama toko detail 2 Tajalapak/NamaToko2'
	at com.kms.katalon.core.webui.keyword.internal.WebUIKeywordMain.stepFailed(WebUIKeywordMain.groovy:64)
	at com.kms.katalon.core.webui.keyword.internal.WebUIKeywordMain.runKeyword(WebUIKeywordMain.groovy:26)
	at com.kms.katalon.core.webui.keyword.builtin.GetTextKeyword.getText(GetTextKeyword.groovy:88)
	at com.kms.katalon.core.webui.keyword.builtin.GetTextKeyword.execute(GetTextKeyword.groovy:67)
	at com.kms.katalon.core.keyword.internal.KeywordExecutor.executeKeywordForPlatform(KeywordExecutor.groovy:74)
	at com.kms.katalon.core.webui.keyword.WebUiBuiltInKeywords.getText(WebUiBuiltInKeywords.groovy:918)
	at com.kms.katalon.core.webui.keyword.WebUiBuiltInKeywords$getText$6.call(Unknown Source)
	at TC-Cari Toko-Detail-001.run(TC-Cari Toko-Detail-001:36)
	at com.kms.katalon.core.main.ScriptEngine.run(ScriptEngine.java:194)
	at com.kms.katalon.core.main.ScriptEngine.runScriptAsRawText(ScriptEngine.java:119)
	at com.kms.katalon.core.main.TestCaseExecutor.runScript(TestCaseExecutor.java:448)
	at com.kms.katalon.core.main.TestCaseExecutor.doExecute(TestCaseExecutor.java:439)
	at com.kms.katalon.core.main.TestCaseExecutor.processExecutionPhase(TestCaseExecutor.java:418)
	at com.kms.katalon.core.main.TestCaseExecutor.accessMainPhase(TestCaseExecutor.java:410)
	at com.kms.katalon.core.main.TestCaseExecutor.execute(TestCaseExecutor.java:285)
	at com.kms.katalon.core.common.CommonExecutor.accessTestCaseMainPhase(CommonExecutor.java:65)
	at com.kms.katalon.core.main.TestSuiteExecutor.accessTestSuiteMainPhase(TestSuiteExecutor.java:148)
	at com.kms.katalon.core.main.TestSuiteExecutor.execute(TestSuiteExecutor.java:106)
	at com.kms.katalon.core.main.TestCaseMain.startTestSuite(TestCaseMain.java:187)
	at com.kms.katalon.core.main.TestCaseMain$startTestSuite$0.call(Unknown Source)
	at TempTestSuite1693964859162.run(TempTestSuite1693964859162.groovy:36)
Caused by: com.kms.katalon.core.webui.exception.WebElementNotFoundException: Web element with id: 'Object Repository/Nama toko detail 2 Tajalapak/NamaToko2' located by '/html/body/div[10]/div/div/div[1]/div/div[2]/div[1]/h4' not found
	at com.kms.katalon.core.webui.common.WebUiCommonHelper.findWebElement(WebUiCommonHelper.java:1381)
	at com.kms.katalon.core.webui.keyword.internal.WebUIAbstractKeyword.findWebElement(WebUIAbstractKeyword.groovy:27)
	at com.kms.katalon.core.webui.keyword.internal.WebUIAbstractKeyword.findWebElement(WebUIAbstractKeyword.groovy:26)
	at com.kms.katalon.core.webui.keyword.builtin.GetTextKeyword$_getText_closure1.doCall(GetTextKeyword.groovy:78)
	at com.kms.katalon.core.webui.keyword.builtin.GetTextKeyword$_getText_closure1.call(GetTextKeyword.groovy)
	at com.kms.katalon.core.webui.keyword.internal.WebUIKeywordMain.runKeyword(WebUIKeywordMain.groovy:20)
	at com.kms.katalon.core.webui.keyword.builtin.GetTextKeyword.getText(GetTextKeyword.groovy:88)
	at com.kms.katalon.core.webui.keyword.builtin.GetTextKeyword.execute(GetTextKeyword.groovy:67)
	at com.kms.katalon.core.keyword.internal.KeywordExecutor.executeKeywordForPlatform(KeywordExecutor.groovy:74)
	at com.kms.katalon.core.webui.keyword.WebUiBuiltInKeywords.getText(WebUiBuiltInKeywords.groovy:918)
	at com.kms.katalon.core.webui.keyword.WebUiBuiltInKeywords$getText$6.call(Unknown Source)
	at Script1693794621087.run(Script1693794621087.groovy:36)
	... 13 more
)
[[ATTACHMENT|D:\\Project XSIS\\batch-324-qa\\irfan\\Projek Eval 2 Tajalapak dan administrator\\Reports\\20230906_084739\\pencarian toko\\pencarian toko\\20230906_084739\\1693965021506.png]]]]></system-out>
         <system-err><![CDATA[2023-09-06 08:49:16 - [TEST_CASE][FAILED] - Test Cases/T05 Pencarian Toko/TC-Cari Toko-Detail-001: Test Cases/T05 Pencarian Toko/TC-Cari Toko-Detail-001 FAILED.
Reason:
com.kms.katalon.core.exception.StepFailedException: Unable to get text of object 'Object Repository/Nama toko detail 2 Tajalapak/NamaToko2'
	at com.kms.katalon.core.webui.keyword.internal.WebUIKeywordMain.stepFailed(WebUIKeywordMain.groovy:64)
	at com.kms.katalon.core.webui.keyword.internal.WebUIKeywordMain.runKeyword(WebUIKeywordMain.groovy:26)
	at com.kms.katalon.core.webui.keyword.builtin.GetTextKeyword.getText(GetTextKeyword.groovy:88)
	at com.kms.katalon.core.webui.keyword.builtin.GetTextKeyword.execute(GetTextKeyword.groovy:67)
	at com.kms.katalon.core.keyword.internal.KeywordExecutor.executeKeywordForPlatform(KeywordExecutor.groovy:74)
	at com.kms.katalon.core.webui.keyword.WebUiBuiltInKeywords.getText(WebUiBuiltInKeywords.groovy:918)
	at com.kms.katalon.core.webui.keyword.WebUiBuiltInKeywords$getText$6.call(Unknown Source)
	at TC-Cari Toko-Detail-001.run(TC-Cari Toko-Detail-001:36)
	at com.kms.katalon.core.main.ScriptEngine.run(ScriptEngine.java:194)
	at com.kms.katalon.core.main.ScriptEngine.runScriptAsRawText(ScriptEngine.java:119)
	at com.kms.katalon.core.main.TestCaseExecutor.runScript(TestCaseExecutor.java:448)
	at com.kms.katalon.core.main.TestCaseExecutor.doExecute(TestCaseExecutor.java:439)
	at com.kms.katalon.core.main.TestCaseExecutor.processExecutionPhase(TestCaseExecutor.java:418)
	at com.kms.katalon.core.main.TestCaseExecutor.accessMainPhase(TestCaseExecutor.java:410)
	at com.kms.katalon.core.main.TestCaseExecutor.execute(TestCaseExecutor.java:285)
	at com.kms.katalon.core.common.CommonExecutor.accessTestCaseMainPhase(CommonExecutor.java:65)
	at com.kms.katalon.core.main.TestSuiteExecutor.accessTestSuiteMainPhase(TestSuiteExecutor.java:148)
	at com.kms.katalon.core.main.TestSuiteExecutor.execute(TestSuiteExecutor.java:106)
	at com.kms.katalon.core.main.TestCaseMain.startTestSuite(TestCaseMain.java:187)
	at com.kms.katalon.core.main.TestCaseMain$startTestSuite$0.call(Unknown Source)
	at TempTestSuite1693964859162.run(TempTestSuite1693964859162.groovy:36)
Caused by: com.kms.katalon.core.webui.exception.WebElementNotFoundException: Web element with id: 'Object Repository/Nama toko detail 2 Tajalapak/NamaToko2' located by '/html/body/div[10]/div/div/div[1]/div/div[2]/div[1]/h4' not found
	at com.kms.katalon.core.webui.common.WebUiCommonHelper.findWebElement(WebUiCommonHelper.java:1381)
	at com.kms.katalon.core.webui.keyword.internal.WebUIAbstractKeyword.findWebElement(WebUIAbstractKeyword.groovy:27)
	at com.kms.katalon.core.webui.keyword.internal.WebUIAbstractKeyword.findWebElement(WebUIAbstractKeyword.groovy:26)
	at com.kms.katalon.core.webui.keyword.builtin.GetTextKeyword$_getText_closure1.doCall(GetTextKeyword.groovy:78)
	at com.kms.katalon.core.webui.keyword.builtin.GetTextKeyword$_getText_closure1.call(GetTextKeyword.groovy)
	at com.kms.katalon.core.webui.keyword.internal.WebUIKeywordMain.runKeyword(WebUIKeywordMain.groovy:20)
	... 19 more]]></system-err>
      </testcase>
      <testcase name="Test Cases/T05 Pencarian Toko/TC-Cari Toko-Search-001" time="18.795" classname="Test Cases/T05 Pencarian Toko/TC-Cari Toko-Search-001" status="PASSED">
         <system-out><![CDATA[2023-09-06 08:50:22 - [TEST_CASE][PASSED] - Test Cases/T05 Pencarian Toko/TC-Cari Toko-Search-001: Test Cases/T05 Pencarian Toko/TC-Cari Toko-Search-001

2023-09-06 08:50:22 - [TEST_STEP][PASSED] - callTestCase(findTestCase("T05 Pencarian Toko/TC-Cari Toko-show-001"), [:], STOP_ON_FAILURE): Call Test Case 'Test Cases/T05 Pencarian Toko/TC-Cari Toko-show-001' successfully

2023-09-06 08:50:22 - [TEST_CASE][PASSED] - Test Cases/T05 Pencarian Toko/TC-Cari Toko-show-001: Test Cases/T05 Pencarian Toko/TC-Cari Toko-show-001

2023-09-06 08:50:22 - [TEST_STEP][PASSED] - openBrowser("https://10.9.2.63/ecommerce/"): Browser is opened with url: 'https://10.9.2.63/ecommerce/'

2023-09-06 08:50:22 - [MESSAGE][WARNING] - A browser is already opened. Closing browser and opening a new one

2023-09-06 08:50:23 - [MESSAGE][INFO] - Starting 'Edge Chromium' driver

2023-09-06 08:50:23 - [MESSAGE][INFO] - User set preference: ['acceptInsecureCerts', 'true']

2023-09-06 08:50:25 - [MESSAGE][INFO] - Action delay is set to 0 milliseconds

2023-09-06 08:50:30 - [MESSAGE][PASSED] - Browser is opened with url: 'https://10.9.2.63/ecommerce/'

2023-09-06 08:50:30 - [TEST_STEP][PASSED] - maximizeWindow(): Current window maximized

2023-09-06 08:50:31 - [MESSAGE][PASSED] - Current window maximized

2023-09-06 08:50:31 - [TEST_STEP][PASSED] - verifyElementPresent(findTestObject("Login/Halaman Home"), 0): Object 'Object Repository/Login/Halaman Home' is present

2023-09-06 08:50:31 - [MESSAGE][WARNING] - Timeout '0' is invalid. Using default page load timeout: '30'

2023-09-06 08:50:32 - [MESSAGE][PASSED] - Object 'Object Repository/Login/Halaman Home' is present

2023-09-06 08:50:32 - [TEST_STEP][PASSED] - click(findTestObject("Menu Pencarian Toko/menu Shop")): Object: 'Object Repository/Menu Pencarian Toko/menu Shop' is clicked on

2023-09-06 08:50:32 - [MESSAGE][PASSED] - Object: 'Object Repository/Menu Pencarian Toko/menu Shop' is clicked on

2023-09-06 08:50:32 - [TEST_STEP][PASSED] - click(findTestObject("Menu Pencarian Toko/menu Shop")): Object: 'Object Repository/Menu Pencarian Toko/menu Shop' is clicked on

2023-09-06 08:50:33 - [MESSAGE][PASSED] - Object: 'Object Repository/Menu Pencarian Toko/menu Shop' is clicked on

2023-09-06 08:50:33 - [TEST_STEP][PASSED] - click(findTestObject("Menu Pencarian Toko/Menu Toko (Pelapak)")): Object: 'Object Repository/Menu Pencarian Toko/Menu Toko (Pelapak)' is clicked on

2023-09-06 08:50:37 - [MESSAGE][PASSED] - Object: 'Object Repository/Menu Pencarian Toko/Menu Toko (Pelapak)' is clicked on

2023-09-06 08:50:37 - [TEST_STEP][PASSED] - verifyElementPresent(findTestObject("Menu Pencarian Toko/Tittle Semua Toko"), 0): Object 'Object Repository/Menu Pencarian Toko/Tittle Semua Toko' is present

2023-09-06 08:50:37 - [MESSAGE][WARNING] - Timeout '0' is invalid. Using default page load timeout: '30'

2023-09-06 08:50:37 - [MESSAGE][PASSED] - Object 'Object Repository/Menu Pencarian Toko/Tittle Semua Toko' is present

2023-09-06 08:50:37 - [MESSAGE][PASSED] - Call Test Case 'Test Cases/T05 Pencarian Toko/TC-Cari Toko-show-001' successfully

2023-09-06 08:50:37 - [TEST_STEP][PASSED] - setText(findTestObject("Fitur search/input_Semua Toko_cari_reseller"), nama_toko): Text 'Kerupuk husna' is set on object 'Object Repository/Fitur search/input_Semua Toko_cari_reseller'

2023-09-06 08:50:39 - [MESSAGE][PASSED] - Text 'Kerupuk husna' is set on object 'Object Repository/Fitur search/input_Semua Toko_cari_reseller'

2023-09-06 08:50:39 - [TEST_STEP][PASSED] - click(findTestObject("Fitur search/button_Semua Toko_submit")): Object: 'Object Repository/Fitur search/button_Semua Toko_submit' is clicked on

2023-09-06 08:50:40 - [MESSAGE][PASSED] - Object: 'Object Repository/Fitur search/button_Semua Toko_submit' is clicked on

2023-09-06 08:50:40 - [TEST_STEP][PASSED] - nama_toko1 = text: null

2023-09-06 08:50:40 - [TEST_STEP][PASSED] - nama_toko2 = nama_toko1.substring(9, nama_toko1.size()): null

2023-09-06 08:50:40 - [TEST_STEP][PASSED] - assert trim().equalsIgnoreCase(nama_toko2.trim()): null]]></system-out>
         <system-err><![CDATA[]]></system-err>
      </testcase>
      <testcase name="Test Cases/T05 Pencarian Toko/TC-Cari Toko-Search-002" time="55.373" classname="Test Cases/T05 Pencarian Toko/TC-Cari Toko-Search-002" status="PASSED">
         <system-out><![CDATA[2023-09-06 08:50:40 - [TEST_CASE][PASSED] - Test Cases/T05 Pencarian Toko/TC-Cari Toko-Search-002: Test Cases/T05 Pencarian Toko/TC-Cari Toko-Search-002

2023-09-06 08:50:41 - [TEST_STEP][PASSED] - callTestCase(findTestCase("T05 Pencarian Toko/TC-Cari Toko-show-001"), [:], STOP_ON_FAILURE): Call Test Case 'Test Cases/T05 Pencarian Toko/TC-Cari Toko-show-001' successfully

2023-09-06 08:50:41 - [TEST_CASE][PASSED] - Test Cases/T05 Pencarian Toko/TC-Cari Toko-show-001: Test Cases/T05 Pencarian Toko/TC-Cari Toko-show-001

2023-09-06 08:50:41 - [TEST_STEP][PASSED] - openBrowser("https://10.9.2.63/ecommerce/"): Browser is opened with url: 'https://10.9.2.63/ecommerce/'

2023-09-06 08:50:41 - [MESSAGE][WARNING] - A browser is already opened. Closing browser and opening a new one

2023-09-06 08:50:42 - [MESSAGE][INFO] - Starting 'Edge Chromium' driver

2023-09-06 08:50:42 - [MESSAGE][INFO] - User set preference: ['acceptInsecureCerts', 'true']

2023-09-06 08:50:44 - [MESSAGE][INFO] - Action delay is set to 0 milliseconds

2023-09-06 08:50:51 - [MESSAGE][PASSED] - Browser is opened with url: 'https://10.9.2.63/ecommerce/'

2023-09-06 08:50:51 - [TEST_STEP][PASSED] - maximizeWindow(): Current window maximized

2023-09-06 08:50:51 - [MESSAGE][PASSED] - Current window maximized

2023-09-06 08:50:51 - [TEST_STEP][PASSED] - verifyElementPresent(findTestObject("Login/Halaman Home"), 0): Object 'Object Repository/Login/Halaman Home' is present

2023-09-06 08:50:51 - [MESSAGE][WARNING] - Timeout '0' is invalid. Using default page load timeout: '30'

2023-09-06 08:50:52 - [MESSAGE][PASSED] - Object 'Object Repository/Login/Halaman Home' is present

2023-09-06 08:50:52 - [TEST_STEP][PASSED] - click(findTestObject("Menu Pencarian Toko/menu Shop")): Object: 'Object Repository/Menu Pencarian Toko/menu Shop' is clicked on

2023-09-06 08:50:53 - [MESSAGE][PASSED] - Object: 'Object Repository/Menu Pencarian Toko/menu Shop' is clicked on

2023-09-06 08:50:53 - [TEST_STEP][PASSED] - click(findTestObject("Menu Pencarian Toko/menu Shop")): Object: 'Object Repository/Menu Pencarian Toko/menu Shop' is clicked on

2023-09-06 08:50:53 - [MESSAGE][PASSED] - Object: 'Object Repository/Menu Pencarian Toko/menu Shop' is clicked on

2023-09-06 08:50:53 - [TEST_STEP][PASSED] - click(findTestObject("Menu Pencarian Toko/Menu Toko (Pelapak)")): Object: 'Object Repository/Menu Pencarian Toko/Menu Toko (Pelapak)' is clicked on

2023-09-06 08:50:58 - [MESSAGE][PASSED] - Object: 'Object Repository/Menu Pencarian Toko/Menu Toko (Pelapak)' is clicked on

2023-09-06 08:50:58 - [TEST_STEP][PASSED] - verifyElementPresent(findTestObject("Menu Pencarian Toko/Tittle Semua Toko"), 0): Object 'Object Repository/Menu Pencarian Toko/Tittle Semua Toko' is present

2023-09-06 08:50:59 - [MESSAGE][WARNING] - Timeout '0' is invalid. Using default page load timeout: '30'

2023-09-06 08:50:59 - [MESSAGE][PASSED] - Object 'Object Repository/Menu Pencarian Toko/Tittle Semua Toko' is present

2023-09-06 08:50:59 - [MESSAGE][PASSED] - Call Test Case 'Test Cases/T05 Pencarian Toko/TC-Cari Toko-show-001' successfully

2023-09-06 08:50:59 - [TEST_STEP][PASSED] - setText(findTestObject("Fitur search/input_Semua Toko_cari_reseller"), "Mataram, Kota Mataram"): Text 'Mataram, Kota Mataram' is set on object 'Object Repository/Fitur search/input_Semua Toko_cari_reseller'

2023-09-06 08:51:00 - [MESSAGE][PASSED] - Text 'Mataram, Kota Mataram' is set on object 'Object Repository/Fitur search/input_Semua Toko_cari_reseller'

2023-09-06 08:51:00 - [TEST_STEP][PASSED] - click(findTestObject("Fitur search/button_Semua Toko_submit")): Object: 'Object Repository/Fitur search/button_Semua Toko_submit' is clicked on

2023-09-06 08:51:01 - [MESSAGE][PASSED] - Object: 'Object Repository/Fitur search/button_Semua Toko_submit' is clicked on

2023-09-06 08:51:01 - [TEST_STEP][PASSED] - verifyElementText(findTestObject("Fitur search/Regional Mataram,  Kota Mataram"), "Mataram, Kota Mataram"): Actual text and expected text of test object 'Object Repository/Fitur search/Regional Mataram,  Kota Mataram' are matched.

2023-09-06 08:51:34 - [MESSAGE][INFO] - Unable to find the element located by 'By.xpath: (.//*[normalize-space(text()) and normalize-space(.)='Verified'])[2]/following::i[1]'. Please recheck the objects properties to make sure the desired element is located. 

2023-09-06 08:51:34 - [MESSAGE][WARNING] - [SELF-HEALING] Failed to find element with id 'Object Repository/Fitur search/Regional Mataram,  Kota Mataram'. Try using Self-healing.

2023-09-06 08:51:36 - [MESSAGE][WARNING] - [SELF-HEALING] The current locator of test object 'Object Repository/Fitur search/Regional Mataram,  Kota Mataram' was broken. Propose an alternative one: '//i[(text() = 'Mataram,  Kota Mataram' or . = 'Mataram,  Kota Mataram')]'.

2023-09-06 08:51:36 - [MESSAGE][PASSED] - Actual text and expected text of test object 'Object Repository/Fitur search/Regional Mataram,  Kota Mataram' are matched.]]></system-out>
         <system-err><![CDATA[]]></system-err>
      </testcase>
      <testcase name="Test Cases/T05 Pencarian Toko/TC-Cari Toko-Search-003" time="23.149" classname="Test Cases/T05 Pencarian Toko/TC-Cari Toko-Search-003" status="FAILED">
         <failure type="FAILED" message="Test Cases/T05 Pencarian Toko/TC-Cari Toko-Search-003 FAILED.
Reason:
com.kms.katalon.core.exception.StepFailedException: Verify element text of test object 'Object Repository/Fitur search/Massage error' FAILED.
	at com.kms.katalon.core.webui.keyword.internal.WebUIKeywordMain.stepFailed(WebUIKeywordMain.groovy:64)
	at com.kms.katalon.core.webui.keyword.internal.WebUIKeywordMain.runKeyword(WebUIKeywordMain.groovy:26)
	at com.kms.katalon.core.webui.keyword.builtin.VerifyElementTextKeyword.verifyElementText(VerifyElementTextKeyword.groovy:72)
	at com.kms.katalon.core.webui.keyword.builtin.VerifyElementTextKeyword.execute(VerifyElementTextKeyword.groovy:40)
	at com.kms.katalon.core.keyword.internal.KeywordExecutor.executeKeywordForPlatform(KeywordExecutor.groovy:74)
	at com.kms.katalon.core.webui.keyword.WebUiBuiltInKeywords.verifyElementText(WebUiBuiltInKeywords.groovy:4749)
	at com.kms.katalon.core.webui.keyword.WebUiBuiltInKeywords$verifyElementText$4.call(Unknown Source)
	at TC-Cari Toko-Search-003.run(TC-Cari Toko-Search-003:26)
	at com.kms.katalon.core.main.ScriptEngine.run(ScriptEngine.java:194)
	at com.kms.katalon.core.main.ScriptEngine.runScriptAsRawText(ScriptEngine.java:119)
	at com.kms.katalon.core.main.TestCaseExecutor.runScript(TestCaseExecutor.java:448)
	at com.kms.katalon.core.main.TestCaseExecutor.doExecute(TestCaseExecutor.java:439)
	at com.kms.katalon.core.main.TestCaseExecutor.processExecutionPhase(TestCaseExecutor.java:418)
	at com.kms.katalon.core.main.TestCaseExecutor.accessMainPhase(TestCaseExecutor.java:410)
	at com.kms.katalon.core.main.TestCaseExecutor.execute(TestCaseExecutor.java:285)
	at com.kms.katalon.core.common.CommonExecutor.accessTestCaseMainPhase(CommonExecutor.java:65)
	at com.kms.katalon.core.main.TestSuiteExecutor.accessTestSuiteMainPhase(TestSuiteExecutor.java:148)
	at com.kms.katalon.core.main.TestSuiteExecutor.execute(TestSuiteExecutor.java:106)
	at com.kms.katalon.core.main.TestCaseMain.startTestSuite(TestCaseMain.java:187)
	at com.kms.katalon.core.main.TestCaseMain$startTestSuite$0.call(Unknown Source)
	at TempTestSuite1693964859162.run(TempTestSuite1693964859162.groovy:36)
Caused by: com.kms.katalon.core.exception.StepFailedException: Actual text '' and expected text ' isikan Nama toko yang benar' of test object 'Object Repository/Fitur search/Massage error' are NOT matched.
	at com.kms.katalon.core.webui.keyword.internal.WebUIKeywordMain.stepFailed(WebUIKeywordMain.groovy:64)
	at com.kms.katalon.core.webui.keyword.builtin.VerifyElementTextKeyword$_verifyElementText_closure1.doCall(VerifyElementTextKeyword.groovy:57)
	at com.kms.katalon.core.webui.keyword.builtin.VerifyElementTextKeyword$_verifyElementText_closure1.call(VerifyElementTextKeyword.groovy)
	at com.kms.katalon.core.webui.keyword.internal.WebUIKeywordMain.runKeyword(WebUIKeywordMain.groovy:20)
	... 19 more
"/>
         <system-out><![CDATA[2023-09-06 08:51:36 - [TEST_CASE][FAILED] - Test Cases/T05 Pencarian Toko/TC-Cari Toko-Search-003: Test Cases/T05 Pencarian Toko/TC-Cari Toko-Search-003 FAILED.
Reason:
com.kms.katalon.core.exception.StepFailedException: Verify element text of test object 'Object Repository/Fitur search/Massage error' FAILED.
	at com.kms.katalon.core.webui.keyword.internal.WebUIKeywordMain.stepFailed(WebUIKeywordMain.groovy:64)
	at com.kms.katalon.core.webui.keyword.internal.WebUIKeywordMain.runKeyword(WebUIKeywordMain.groovy:26)
	at com.kms.katalon.core.webui.keyword.builtin.VerifyElementTextKeyword.verifyElementText(VerifyElementTextKeyword.groovy:72)
	at com.kms.katalon.core.webui.keyword.builtin.VerifyElementTextKeyword.execute(VerifyElementTextKeyword.groovy:40)
	at com.kms.katalon.core.keyword.internal.KeywordExecutor.executeKeywordForPlatform(KeywordExecutor.groovy:74)
	at com.kms.katalon.core.webui.keyword.WebUiBuiltInKeywords.verifyElementText(WebUiBuiltInKeywords.groovy:4749)
	at com.kms.katalon.core.webui.keyword.WebUiBuiltInKeywords$verifyElementText$4.call(Unknown Source)
	at TC-Cari Toko-Search-003.run(TC-Cari Toko-Search-003:26)
	at com.kms.katalon.core.main.ScriptEngine.run(ScriptEngine.java:194)
	at com.kms.katalon.core.main.ScriptEngine.runScriptAsRawText(ScriptEngine.java:119)
	at com.kms.katalon.core.main.TestCaseExecutor.runScript(TestCaseExecutor.java:448)
	at com.kms.katalon.core.main.TestCaseExecutor.doExecute(TestCaseExecutor.java:439)
	at com.kms.katalon.core.main.TestCaseExecutor.processExecutionPhase(TestCaseExecutor.java:418)
	at com.kms.katalon.core.main.TestCaseExecutor.accessMainPhase(TestCaseExecutor.java:410)
	at com.kms.katalon.core.main.TestCaseExecutor.execute(TestCaseExecutor.java:285)
	at com.kms.katalon.core.common.CommonExecutor.accessTestCaseMainPhase(CommonExecutor.java:65)
	at com.kms.katalon.core.main.TestSuiteExecutor.accessTestSuiteMainPhase(TestSuiteExecutor.java:148)
	at com.kms.katalon.core.main.TestSuiteExecutor.execute(TestSuiteExecutor.java:106)
	at com.kms.katalon.core.main.TestCaseMain.startTestSuite(TestCaseMain.java:187)
	at com.kms.katalon.core.main.TestCaseMain$startTestSuite$0.call(Unknown Source)
	at TempTestSuite1693964859162.run(TempTestSuite1693964859162.groovy:36)
Caused by: com.kms.katalon.core.exception.StepFailedException: Actual text '' and expected text ' isikan Nama toko yang benar' of test object 'Object Repository/Fitur search/Massage error' are NOT matched.
	at com.kms.katalon.core.webui.keyword.internal.WebUIKeywordMain.stepFailed(WebUIKeywordMain.groovy:64)
	at com.kms.katalon.core.webui.keyword.builtin.VerifyElementTextKeyword$_verifyElementText_closure1.doCall(VerifyElementTextKeyword.groovy:57)
	at com.kms.katalon.core.webui.keyword.builtin.VerifyElementTextKeyword$_verifyElementText_closure1.call(VerifyElementTextKeyword.groovy)
	at com.kms.katalon.core.webui.keyword.internal.WebUIKeywordMain.runKeyword(WebUIKeywordMain.groovy:20)
	... 19 more


2023-09-06 08:51:37 - [TEST_STEP][PASSED] - callTestCase(findTestCase("T05 Pencarian Toko/TC-Cari Toko-show-001"), [:], STOP_ON_FAILURE): Call Test Case 'Test Cases/T05 Pencarian Toko/TC-Cari Toko-show-001' successfully

2023-09-06 08:51:37 - [TEST_CASE][PASSED] - Test Cases/T05 Pencarian Toko/TC-Cari Toko-show-001: Test Cases/T05 Pencarian Toko/TC-Cari Toko-show-001

2023-09-06 08:51:37 - [TEST_STEP][PASSED] - openBrowser("https://10.9.2.63/ecommerce/"): Browser is opened with url: 'https://10.9.2.63/ecommerce/'

2023-09-06 08:51:37 - [MESSAGE][WARNING] - A browser is already opened. Closing browser and opening a new one

2023-09-06 08:51:38 - [MESSAGE][INFO] - Starting 'Edge Chromium' driver

2023-09-06 08:51:38 - [MESSAGE][INFO] - User set preference: ['acceptInsecureCerts', 'true']

2023-09-06 08:51:40 - [MESSAGE][INFO] - Action delay is set to 0 milliseconds

2023-09-06 08:51:46 - [MESSAGE][PASSED] - Browser is opened with url: 'https://10.9.2.63/ecommerce/'

2023-09-06 08:51:46 - [TEST_STEP][PASSED] - maximizeWindow(): Current window maximized

2023-09-06 08:51:47 - [MESSAGE][PASSED] - Current window maximized

2023-09-06 08:51:47 - [TEST_STEP][PASSED] - verifyElementPresent(findTestObject("Login/Halaman Home"), 0): Object 'Object Repository/Login/Halaman Home' is present

2023-09-06 08:51:47 - [MESSAGE][WARNING] - Timeout '0' is invalid. Using default page load timeout: '30'

2023-09-06 08:51:48 - [MESSAGE][PASSED] - Object 'Object Repository/Login/Halaman Home' is present

2023-09-06 08:51:48 - [TEST_STEP][PASSED] - click(findTestObject("Menu Pencarian Toko/menu Shop")): Object: 'Object Repository/Menu Pencarian Toko/menu Shop' is clicked on

2023-09-06 08:51:48 - [MESSAGE][PASSED] - Object: 'Object Repository/Menu Pencarian Toko/menu Shop' is clicked on

2023-09-06 08:51:48 - [TEST_STEP][PASSED] - click(findTestObject("Menu Pencarian Toko/menu Shop")): Object: 'Object Repository/Menu Pencarian Toko/menu Shop' is clicked on

2023-09-06 08:51:49 - [MESSAGE][PASSED] - Object: 'Object Repository/Menu Pencarian Toko/menu Shop' is clicked on

2023-09-06 08:51:49 - [TEST_STEP][PASSED] - click(findTestObject("Menu Pencarian Toko/Menu Toko (Pelapak)")): Object: 'Object Repository/Menu Pencarian Toko/Menu Toko (Pelapak)' is clicked on

2023-09-06 08:51:54 - [MESSAGE][PASSED] - Object: 'Object Repository/Menu Pencarian Toko/Menu Toko (Pelapak)' is clicked on

2023-09-06 08:51:54 - [TEST_STEP][PASSED] - verifyElementPresent(findTestObject("Menu Pencarian Toko/Tittle Semua Toko"), 0): Object 'Object Repository/Menu Pencarian Toko/Tittle Semua Toko' is present

2023-09-06 08:51:55 - [MESSAGE][WARNING] - Timeout '0' is invalid. Using default page load timeout: '30'

2023-09-06 08:51:55 - [MESSAGE][PASSED] - Object 'Object Repository/Menu Pencarian Toko/Tittle Semua Toko' is present

2023-09-06 08:51:55 - [MESSAGE][PASSED] - Call Test Case 'Test Cases/T05 Pencarian Toko/TC-Cari Toko-show-001' successfully

2023-09-06 08:51:55 - [TEST_STEP][PASSED] - setText(findTestObject("Fitur search/input_Semua Toko_cari_reseller"), "asadac12"): Text 'asadac12' is set on object 'Object Repository/Fitur search/input_Semua Toko_cari_reseller'

2023-09-06 08:51:57 - [MESSAGE][PASSED] - Text 'asadac12' is set on object 'Object Repository/Fitur search/input_Semua Toko_cari_reseller'

2023-09-06 08:51:57 - [TEST_STEP][PASSED] - click(findTestObject("Fitur search/button_Semua Toko_submit")): Object: 'Object Repository/Fitur search/button_Semua Toko_submit' is clicked on

2023-09-06 08:51:58 - [MESSAGE][PASSED] - Object: 'Object Repository/Fitur search/button_Semua Toko_submit' is clicked on

2023-09-06 08:51:58 - [TEST_STEP][FAILED] - verifyElementText(findTestObject("Fitur search/Massage error"), " isikan Nama toko yang benar"): Verify element text of test object 'Object Repository/Fitur search/Massage error' FAILED. (Root cause: com.kms.katalon.core.exception.StepFailedException: Verify element text of test object 'Object Repository/Fitur search/Massage error' FAILED.
	at com.kms.katalon.core.webui.keyword.internal.WebUIKeywordMain.stepFailed(WebUIKeywordMain.groovy:64)
	at com.kms.katalon.core.webui.keyword.internal.WebUIKeywordMain.runKeyword(WebUIKeywordMain.groovy:26)
	at com.kms.katalon.core.webui.keyword.builtin.VerifyElementTextKeyword.verifyElementText(VerifyElementTextKeyword.groovy:72)
	at com.kms.katalon.core.webui.keyword.builtin.VerifyElementTextKeyword.execute(VerifyElementTextKeyword.groovy:40)
	at com.kms.katalon.core.keyword.internal.KeywordExecutor.executeKeywordForPlatform(KeywordExecutor.groovy:74)
	at com.kms.katalon.core.webui.keyword.WebUiBuiltInKeywords.verifyElementText(WebUiBuiltInKeywords.groovy:4749)
	at com.kms.katalon.core.webui.keyword.WebUiBuiltInKeywords$verifyElementText$4.call(Unknown Source)
	at TC-Cari Toko-Search-003.run(TC-Cari Toko-Search-003:26)
	at com.kms.katalon.core.main.ScriptEngine.run(ScriptEngine.java:194)
	at com.kms.katalon.core.main.ScriptEngine.runScriptAsRawText(ScriptEngine.java:119)
	at com.kms.katalon.core.main.TestCaseExecutor.runScript(TestCaseExecutor.java:448)
	at com.kms.katalon.core.main.TestCaseExecutor.doExecute(TestCaseExecutor.java:439)
	at com.kms.katalon.core.main.TestCaseExecutor.processExecutionPhase(TestCaseExecutor.java:418)
	at com.kms.katalon.core.main.TestCaseExecutor.accessMainPhase(TestCaseExecutor.java:410)
	at com.kms.katalon.core.main.TestCaseExecutor.execute(TestCaseExecutor.java:285)
	at com.kms.katalon.core.common.CommonExecutor.accessTestCaseMainPhase(CommonExecutor.java:65)
	at com.kms.katalon.core.main.TestSuiteExecutor.accessTestSuiteMainPhase(TestSuiteExecutor.java:148)
	at com.kms.katalon.core.main.TestSuiteExecutor.execute(TestSuiteExecutor.java:106)
	at com.kms.katalon.core.main.TestCaseMain.startTestSuite(TestCaseMain.java:187)
	at com.kms.katalon.core.main.TestCaseMain$startTestSuite$0.call(Unknown Source)
	at TempTestSuite1693964859162.run(TempTestSuite1693964859162.groovy:36)
Caused by: com.kms.katalon.core.exception.StepFailedException: Actual text '' and expected text ' isikan Nama toko yang benar' of test object 'Object Repository/Fitur search/Massage error' are NOT matched.
	at com.kms.katalon.core.webui.keyword.internal.WebUIKeywordMain.stepFailed(WebUIKeywordMain.groovy:64)
	at com.kms.katalon.core.webui.keyword.builtin.VerifyElementTextKeyword$_verifyElementText_closure1.doCall(VerifyElementTextKeyword.groovy:57)
	at com.kms.katalon.core.webui.keyword.builtin.VerifyElementTextKeyword$_verifyElementText_closure1.call(VerifyElementTextKeyword.groovy)
	at com.kms.katalon.core.webui.keyword.internal.WebUIKeywordMain.runKeyword(WebUIKeywordMain.groovy:20)
	... 19 more
)

2023-09-06 08:51:59 - [MESSAGE][FAILED] - Actual text '' and expected text ' isikan Nama toko yang benar' of test object 'Object Repository/Fitur search/Massage error' are NOT matched. (Root cause: com.kms.katalon.core.exception.StepFailedException: Actual text '' and expected text ' isikan Nama toko yang benar' of test object 'Object Repository/Fitur search/Massage error' are NOT matched.
	at com.kms.katalon.core.webui.keyword.internal.WebUIKeywordMain.stepFailed(WebUIKeywordMain.groovy:64)
	at com.kms.katalon.core.webui.keyword.builtin.VerifyElementTextKeyword$_verifyElementText_closure1.doCall(VerifyElementTextKeyword.groovy:57)
	at com.kms.katalon.core.webui.keyword.builtin.VerifyElementTextKeyword$_verifyElementText_closure1.call(VerifyElementTextKeyword.groovy)
	at com.kms.katalon.core.webui.keyword.internal.WebUIKeywordMain.runKeyword(WebUIKeywordMain.groovy:20)
	at com.kms.katalon.core.webui.keyword.builtin.VerifyElementTextKeyword.verifyElementText(VerifyElementTextKeyword.groovy:72)
	at com.kms.katalon.core.webui.keyword.builtin.VerifyElementTextKeyword.execute(VerifyElementTextKeyword.groovy:40)
	at com.kms.katalon.core.keyword.internal.KeywordExecutor.executeKeywordForPlatform(KeywordExecutor.groovy:74)
	at com.kms.katalon.core.webui.keyword.WebUiBuiltInKeywords.verifyElementText(WebUiBuiltInKeywords.groovy:4749)
	at com.kms.katalon.core.webui.keyword.WebUiBuiltInKeywords$verifyElementText$4.call(Unknown Source)
	at TC-Cari Toko-Search-003.run(TC-Cari Toko-Search-003:26)
	at com.kms.katalon.core.main.ScriptEngine.run(ScriptEngine.java:194)
	at com.kms.katalon.core.main.ScriptEngine.runScriptAsRawText(ScriptEngine.java:119)
	at com.kms.katalon.core.main.TestCaseExecutor.runScript(TestCaseExecutor.java:448)
	at com.kms.katalon.core.main.TestCaseExecutor.doExecute(TestCaseExecutor.java:439)
	at com.kms.katalon.core.main.TestCaseExecutor.processExecutionPhase(TestCaseExecutor.java:418)
	at com.kms.katalon.core.main.TestCaseExecutor.accessMainPhase(TestCaseExecutor.java:410)
	at com.kms.katalon.core.main.TestCaseExecutor.execute(TestCaseExecutor.java:285)
	at com.kms.katalon.core.common.CommonExecutor.accessTestCaseMainPhase(CommonExecutor.java:65)
	at com.kms.katalon.core.main.TestSuiteExecutor.accessTestSuiteMainPhase(TestSuiteExecutor.java:148)
	at com.kms.katalon.core.main.TestSuiteExecutor.execute(TestSuiteExecutor.java:106)
	at com.kms.katalon.core.main.TestCaseMain.startTestSuite(TestCaseMain.java:187)
	at com.kms.katalon.core.main.TestCaseMain$startTestSuite$0.call(Unknown Source)
	at TempTestSuite1693964859162.run(TempTestSuite1693964859162.groovy:36)
)
[[ATTACHMENT|D:\\Project XSIS\\batch-324-qa\\irfan\\Projek Eval 2 Tajalapak dan administrator\\Reports\\20230906_084739\\pencarian toko\\pencarian toko\\20230906_084739\\1693965119066.png]]

2023-09-06 08:51:59 - [MESSAGE][FAILED] - Verify element text of test object 'Object Repository/Fitur search/Massage error' FAILED. (Root cause: com.kms.katalon.core.exception.StepFailedException: Verify element text of test object 'Object Repository/Fitur search/Massage error' FAILED.
	at com.kms.katalon.core.webui.keyword.internal.WebUIKeywordMain.stepFailed(WebUIKeywordMain.groovy:64)
	at com.kms.katalon.core.webui.keyword.internal.WebUIKeywordMain.runKeyword(WebUIKeywordMain.groovy:26)
	at com.kms.katalon.core.webui.keyword.builtin.VerifyElementTextKeyword.verifyElementText(VerifyElementTextKeyword.groovy:72)
	at com.kms.katalon.core.webui.keyword.builtin.VerifyElementTextKeyword.execute(VerifyElementTextKeyword.groovy:40)
	at com.kms.katalon.core.keyword.internal.KeywordExecutor.executeKeywordForPlatform(KeywordExecutor.groovy:74)
	at com.kms.katalon.core.webui.keyword.WebUiBuiltInKeywords.verifyElementText(WebUiBuiltInKeywords.groovy:4749)
	at com.kms.katalon.core.webui.keyword.WebUiBuiltInKeywords$verifyElementText$4.call(Unknown Source)
	at TC-Cari Toko-Search-003.run(TC-Cari Toko-Search-003:26)
	at com.kms.katalon.core.main.ScriptEngine.run(ScriptEngine.java:194)
	at com.kms.katalon.core.main.ScriptEngine.runScriptAsRawText(ScriptEngine.java:119)
	at com.kms.katalon.core.main.TestCaseExecutor.runScript(TestCaseExecutor.java:448)
	at com.kms.katalon.core.main.TestCaseExecutor.doExecute(TestCaseExecutor.java:439)
	at com.kms.katalon.core.main.TestCaseExecutor.processExecutionPhase(TestCaseExecutor.java:418)
	at com.kms.katalon.core.main.TestCaseExecutor.accessMainPhase(TestCaseExecutor.java:410)
	at com.kms.katalon.core.main.TestCaseExecutor.execute(TestCaseExecutor.java:285)
	at com.kms.katalon.core.common.CommonExecutor.accessTestCaseMainPhase(CommonExecutor.java:65)
	at com.kms.katalon.core.main.TestSuiteExecutor.accessTestSuiteMainPhase(TestSuiteExecutor.java:148)
	at com.kms.katalon.core.main.TestSuiteExecutor.execute(TestSuiteExecutor.java:106)
	at com.kms.katalon.core.main.TestCaseMain.startTestSuite(TestCaseMain.java:187)
	at com.kms.katalon.core.main.TestCaseMain$startTestSuite$0.call(Unknown Source)
	at TempTestSuite1693964859162.run(TempTestSuite1693964859162.groovy:36)
Caused by: com.kms.katalon.core.exception.StepFailedException: Actual text '' and expected text ' isikan Nama toko yang benar' of test object 'Object Repository/Fitur search/Massage error' are NOT matched.
	at com.kms.katalon.core.webui.keyword.internal.WebUIKeywordMain.stepFailed(WebUIKeywordMain.groovy:64)
	at com.kms.katalon.core.webui.keyword.builtin.VerifyElementTextKeyword$_verifyElementText_closure1.doCall(VerifyElementTextKeyword.groovy:57)
	at com.kms.katalon.core.webui.keyword.builtin.VerifyElementTextKeyword$_verifyElementText_closure1.call(VerifyElementTextKeyword.groovy)
	at com.kms.katalon.core.webui.keyword.internal.WebUIKeywordMain.runKeyword(WebUIKeywordMain.groovy:20)
	... 19 more
)
[[ATTACHMENT|D:\\Project XSIS\\batch-324-qa\\irfan\\Projek Eval 2 Tajalapak dan administrator\\Reports\\20230906_084739\\pencarian toko\\pencarian toko\\20230906_084739\\1693965119336.png]]]]></system-out>
         <system-err><![CDATA[2023-09-06 08:51:36 - [TEST_CASE][FAILED] - Test Cases/T05 Pencarian Toko/TC-Cari Toko-Search-003: Test Cases/T05 Pencarian Toko/TC-Cari Toko-Search-003 FAILED.
Reason:
com.kms.katalon.core.exception.StepFailedException: Verify element text of test object 'Object Repository/Fitur search/Massage error' FAILED.
	at com.kms.katalon.core.webui.keyword.internal.WebUIKeywordMain.stepFailed(WebUIKeywordMain.groovy:64)
	at com.kms.katalon.core.webui.keyword.internal.WebUIKeywordMain.runKeyword(WebUIKeywordMain.groovy:26)
	at com.kms.katalon.core.webui.keyword.builtin.VerifyElementTextKeyword.verifyElementText(VerifyElementTextKeyword.groovy:72)
	at com.kms.katalon.core.webui.keyword.builtin.VerifyElementTextKeyword.execute(VerifyElementTextKeyword.groovy:40)
	at com.kms.katalon.core.keyword.internal.KeywordExecutor.executeKeywordForPlatform(KeywordExecutor.groovy:74)
	at com.kms.katalon.core.webui.keyword.WebUiBuiltInKeywords.verifyElementText(WebUiBuiltInKeywords.groovy:4749)
	at com.kms.katalon.core.webui.keyword.WebUiBuiltInKeywords$verifyElementText$4.call(Unknown Source)
	at TC-Cari Toko-Search-003.run(TC-Cari Toko-Search-003:26)
	at com.kms.katalon.core.main.ScriptEngine.run(ScriptEngine.java:194)
	at com.kms.katalon.core.main.ScriptEngine.runScriptAsRawText(ScriptEngine.java:119)
	at com.kms.katalon.core.main.TestCaseExecutor.runScript(TestCaseExecutor.java:448)
	at com.kms.katalon.core.main.TestCaseExecutor.doExecute(TestCaseExecutor.java:439)
	at com.kms.katalon.core.main.TestCaseExecutor.processExecutionPhase(TestCaseExecutor.java:418)
	at com.kms.katalon.core.main.TestCaseExecutor.accessMainPhase(TestCaseExecutor.java:410)
	at com.kms.katalon.core.main.TestCaseExecutor.execute(TestCaseExecutor.java:285)
	at com.kms.katalon.core.common.CommonExecutor.accessTestCaseMainPhase(CommonExecutor.java:65)
	at com.kms.katalon.core.main.TestSuiteExecutor.accessTestSuiteMainPhase(TestSuiteExecutor.java:148)
	at com.kms.katalon.core.main.TestSuiteExecutor.execute(TestSuiteExecutor.java:106)
	at com.kms.katalon.core.main.TestCaseMain.startTestSuite(TestCaseMain.java:187)
	at com.kms.katalon.core.main.TestCaseMain$startTestSuite$0.call(Unknown Source)
	at TempTestSuite1693964859162.run(TempTestSuite1693964859162.groovy:36)
Caused by: com.kms.katalon.core.exception.StepFailedException: Actual text '' and expected text ' isikan Nama toko yang benar' of test object 'Object Repository/Fitur search/Massage error' are NOT matched.
	at com.kms.katalon.core.webui.keyword.internal.WebUIKeywordMain.stepFailed(WebUIKeywordMain.groovy:64)
	at com.kms.katalon.core.webui.keyword.builtin.VerifyElementTextKeyword$_verifyElementText_closure1.doCall(VerifyElementTextKeyword.groovy:57)
	at com.kms.katalon.core.webui.keyword.builtin.VerifyElementTextKeyword$_verifyElementText_closure1.call(VerifyElementTextKeyword.groovy)
	at com.kms.katalon.core.webui.keyword.internal.WebUIKeywordMain.runKeyword(WebUIKeywordMain.groovy:20)
	... 19 more]]></system-err>
      </testcase>
      <testcase name="Test Cases/T05 Pencarian Toko/TC-Cari Toko-Search-004" time="19.332" classname="Test Cases/T05 Pencarian Toko/TC-Cari Toko-Search-004" status="FAILED">
         <failure type="FAILED" message="Test Cases/T05 Pencarian Toko/TC-Cari Toko-Search-004 FAILED.
Reason:
com.kms.katalon.core.exception.StepFailedException: Verify element text of test object 'Object Repository/Fitur search/input_Semua Toko_cari_reseller' FAILED.
	at com.kms.katalon.core.webui.keyword.internal.WebUIKeywordMain.stepFailed(WebUIKeywordMain.groovy:64)
	at com.kms.katalon.core.webui.keyword.internal.WebUIKeywordMain.runKeyword(WebUIKeywordMain.groovy:26)
	at com.kms.katalon.core.webui.keyword.builtin.VerifyElementTextKeyword.verifyElementText(VerifyElementTextKeyword.groovy:72)
	at com.kms.katalon.core.webui.keyword.builtin.VerifyElementTextKeyword.execute(VerifyElementTextKeyword.groovy:40)
	at com.kms.katalon.core.keyword.internal.KeywordExecutor.executeKeywordForPlatform(KeywordExecutor.groovy:74)
	at com.kms.katalon.core.webui.keyword.WebUiBuiltInKeywords.verifyElementText(WebUiBuiltInKeywords.groovy:4749)
	at com.kms.katalon.core.webui.keyword.WebUiBuiltInKeywords$verifyElementText$4.call(Unknown Source)
	at TC-Cari Toko-Search-004.run(TC-Cari Toko-Search-004:24)
	at com.kms.katalon.core.main.ScriptEngine.run(ScriptEngine.java:194)
	at com.kms.katalon.core.main.ScriptEngine.runScriptAsRawText(ScriptEngine.java:119)
	at com.kms.katalon.core.main.TestCaseExecutor.runScript(TestCaseExecutor.java:448)
	at com.kms.katalon.core.main.TestCaseExecutor.doExecute(TestCaseExecutor.java:439)
	at com.kms.katalon.core.main.TestCaseExecutor.processExecutionPhase(TestCaseExecutor.java:418)
	at com.kms.katalon.core.main.TestCaseExecutor.accessMainPhase(TestCaseExecutor.java:410)
	at com.kms.katalon.core.main.TestCaseExecutor.execute(TestCaseExecutor.java:285)
	at com.kms.katalon.core.common.CommonExecutor.accessTestCaseMainPhase(CommonExecutor.java:65)
	at com.kms.katalon.core.main.TestSuiteExecutor.accessTestSuiteMainPhase(TestSuiteExecutor.java:148)
	at com.kms.katalon.core.main.TestSuiteExecutor.execute(TestSuiteExecutor.java:106)
	at com.kms.katalon.core.main.TestCaseMain.startTestSuite(TestCaseMain.java:187)
	at com.kms.katalon.core.main.TestCaseMain$startTestSuite$0.call(Unknown Source)
	at TempTestSuite1693964859162.run(TempTestSuite1693964859162.groovy:36)
Caused by: com.kms.katalon.core.exception.StepFailedException: Actual text '' and expected text 'Keyword tidak boleh kosong' of test object 'Object Repository/Fitur search/input_Semua Toko_cari_reseller' are NOT matched.
	at com.kms.katalon.core.webui.keyword.internal.WebUIKeywordMain.stepFailed(WebUIKeywordMain.groovy:64)
	at com.kms.katalon.core.webui.keyword.builtin.VerifyElementTextKeyword$_verifyElementText_closure1.doCall(VerifyElementTextKeyword.groovy:57)
	at com.kms.katalon.core.webui.keyword.builtin.VerifyElementTextKeyword$_verifyElementText_closure1.call(VerifyElementTextKeyword.groovy)
	at com.kms.katalon.core.webui.keyword.internal.WebUIKeywordMain.runKeyword(WebUIKeywordMain.groovy:20)
	... 19 more
"/>
         <system-out><![CDATA[2023-09-06 08:51:59 - [TEST_CASE][FAILED] - Test Cases/T05 Pencarian Toko/TC-Cari Toko-Search-004: Test Cases/T05 Pencarian Toko/TC-Cari Toko-Search-004 FAILED.
Reason:
com.kms.katalon.core.exception.StepFailedException: Verify element text of test object 'Object Repository/Fitur search/input_Semua Toko_cari_reseller' FAILED.
	at com.kms.katalon.core.webui.keyword.internal.WebUIKeywordMain.stepFailed(WebUIKeywordMain.groovy:64)
	at com.kms.katalon.core.webui.keyword.internal.WebUIKeywordMain.runKeyword(WebUIKeywordMain.groovy:26)
	at com.kms.katalon.core.webui.keyword.builtin.VerifyElementTextKeyword.verifyElementText(VerifyElementTextKeyword.groovy:72)
	at com.kms.katalon.core.webui.keyword.builtin.VerifyElementTextKeyword.execute(VerifyElementTextKeyword.groovy:40)
	at com.kms.katalon.core.keyword.internal.KeywordExecutor.executeKeywordForPlatform(KeywordExecutor.groovy:74)
	at com.kms.katalon.core.webui.keyword.WebUiBuiltInKeywords.verifyElementText(WebUiBuiltInKeywords.groovy:4749)
	at com.kms.katalon.core.webui.keyword.WebUiBuiltInKeywords$verifyElementText$4.call(Unknown Source)
	at TC-Cari Toko-Search-004.run(TC-Cari Toko-Search-004:24)
	at com.kms.katalon.core.main.ScriptEngine.run(ScriptEngine.java:194)
	at com.kms.katalon.core.main.ScriptEngine.runScriptAsRawText(ScriptEngine.java:119)
	at com.kms.katalon.core.main.TestCaseExecutor.runScript(TestCaseExecutor.java:448)
	at com.kms.katalon.core.main.TestCaseExecutor.doExecute(TestCaseExecutor.java:439)
	at com.kms.katalon.core.main.TestCaseExecutor.processExecutionPhase(TestCaseExecutor.java:418)
	at com.kms.katalon.core.main.TestCaseExecutor.accessMainPhase(TestCaseExecutor.java:410)
	at com.kms.katalon.core.main.TestCaseExecutor.execute(TestCaseExecutor.java:285)
	at com.kms.katalon.core.common.CommonExecutor.accessTestCaseMainPhase(CommonExecutor.java:65)
	at com.kms.katalon.core.main.TestSuiteExecutor.accessTestSuiteMainPhase(TestSuiteExecutor.java:148)
	at com.kms.katalon.core.main.TestSuiteExecutor.execute(TestSuiteExecutor.java:106)
	at com.kms.katalon.core.main.TestCaseMain.startTestSuite(TestCaseMain.java:187)
	at com.kms.katalon.core.main.TestCaseMain$startTestSuite$0.call(Unknown Source)
	at TempTestSuite1693964859162.run(TempTestSuite1693964859162.groovy:36)
Caused by: com.kms.katalon.core.exception.StepFailedException: Actual text '' and expected text 'Keyword tidak boleh kosong' of test object 'Object Repository/Fitur search/input_Semua Toko_cari_reseller' are NOT matched.
	at com.kms.katalon.core.webui.keyword.internal.WebUIKeywordMain.stepFailed(WebUIKeywordMain.groovy:64)
	at com.kms.katalon.core.webui.keyword.builtin.VerifyElementTextKeyword$_verifyElementText_closure1.doCall(VerifyElementTextKeyword.groovy:57)
	at com.kms.katalon.core.webui.keyword.builtin.VerifyElementTextKeyword$_verifyElementText_closure1.call(VerifyElementTextKeyword.groovy)
	at com.kms.katalon.core.webui.keyword.internal.WebUIKeywordMain.runKeyword(WebUIKeywordMain.groovy:20)
	... 19 more


2023-09-06 08:52:00 - [TEST_STEP][PASSED] - callTestCase(findTestCase("T05 Pencarian Toko/TC-Cari Toko-show-001"), [:], STOP_ON_FAILURE): Call Test Case 'Test Cases/T05 Pencarian Toko/TC-Cari Toko-show-001' successfully

2023-09-06 08:52:00 - [TEST_CASE][PASSED] - Test Cases/T05 Pencarian Toko/TC-Cari Toko-show-001: Test Cases/T05 Pencarian Toko/TC-Cari Toko-show-001

2023-09-06 08:52:00 - [TEST_STEP][PASSED] - openBrowser("https://10.9.2.63/ecommerce/"): Browser is opened with url: 'https://10.9.2.63/ecommerce/'

2023-09-06 08:52:00 - [MESSAGE][WARNING] - A browser is already opened. Closing browser and opening a new one

2023-09-06 08:52:01 - [MESSAGE][INFO] - Starting 'Edge Chromium' driver

2023-09-06 08:52:01 - [MESSAGE][INFO] - User set preference: ['acceptInsecureCerts', 'true']

2023-09-06 08:52:03 - [MESSAGE][INFO] - Action delay is set to 0 milliseconds

2023-09-06 08:52:09 - [MESSAGE][PASSED] - Browser is opened with url: 'https://10.9.2.63/ecommerce/'

2023-09-06 08:52:09 - [TEST_STEP][PASSED] - maximizeWindow(): Current window maximized

2023-09-06 08:52:10 - [MESSAGE][PASSED] - Current window maximized

2023-09-06 08:52:10 - [TEST_STEP][PASSED] - verifyElementPresent(findTestObject("Login/Halaman Home"), 0): Object 'Object Repository/Login/Halaman Home' is present

2023-09-06 08:52:10 - [MESSAGE][WARNING] - Timeout '0' is invalid. Using default page load timeout: '30'

2023-09-06 08:52:10 - [MESSAGE][PASSED] - Object 'Object Repository/Login/Halaman Home' is present

2023-09-06 08:52:10 - [TEST_STEP][PASSED] - click(findTestObject("Menu Pencarian Toko/menu Shop")): Object: 'Object Repository/Menu Pencarian Toko/menu Shop' is clicked on

2023-09-06 08:52:11 - [MESSAGE][PASSED] - Object: 'Object Repository/Menu Pencarian Toko/menu Shop' is clicked on

2023-09-06 08:52:11 - [TEST_STEP][PASSED] - click(findTestObject("Menu Pencarian Toko/menu Shop")): Object: 'Object Repository/Menu Pencarian Toko/menu Shop' is clicked on

2023-09-06 08:52:12 - [MESSAGE][PASSED] - Object: 'Object Repository/Menu Pencarian Toko/menu Shop' is clicked on

2023-09-06 08:52:12 - [TEST_STEP][PASSED] - click(findTestObject("Menu Pencarian Toko/Menu Toko (Pelapak)")): Object: 'Object Repository/Menu Pencarian Toko/Menu Toko (Pelapak)' is clicked on

2023-09-06 08:52:16 - [MESSAGE][PASSED] - Object: 'Object Repository/Menu Pencarian Toko/Menu Toko (Pelapak)' is clicked on

2023-09-06 08:52:16 - [TEST_STEP][PASSED] - verifyElementPresent(findTestObject("Menu Pencarian Toko/Tittle Semua Toko"), 0): Object 'Object Repository/Menu Pencarian Toko/Tittle Semua Toko' is present

2023-09-06 08:52:16 - [MESSAGE][WARNING] - Timeout '0' is invalid. Using default page load timeout: '30'

2023-09-06 08:52:16 - [MESSAGE][PASSED] - Object 'Object Repository/Menu Pencarian Toko/Tittle Semua Toko' is present

2023-09-06 08:52:16 - [MESSAGE][PASSED] - Call Test Case 'Test Cases/T05 Pencarian Toko/TC-Cari Toko-show-001' successfully

2023-09-06 08:52:16 - [TEST_STEP][PASSED] - click(findTestObject("Fitur search/button_Semua Toko_submit")): Object: 'Object Repository/Fitur search/button_Semua Toko_submit' is clicked on

2023-09-06 08:52:17 - [MESSAGE][PASSED] - Object: 'Object Repository/Fitur search/button_Semua Toko_submit' is clicked on

2023-09-06 08:52:17 - [TEST_STEP][FAILED] - verifyElementText(findTestObject("Fitur search/input_Semua Toko_cari_reseller"), "Keyword tidak boleh kosong"): Verify element text of test object 'Object Repository/Fitur search/input_Semua Toko_cari_reseller' FAILED. (Root cause: com.kms.katalon.core.exception.StepFailedException: Verify element text of test object 'Object Repository/Fitur search/input_Semua Toko_cari_reseller' FAILED.
	at com.kms.katalon.core.webui.keyword.internal.WebUIKeywordMain.stepFailed(WebUIKeywordMain.groovy:64)
	at com.kms.katalon.core.webui.keyword.internal.WebUIKeywordMain.runKeyword(WebUIKeywordMain.groovy:26)
	at com.kms.katalon.core.webui.keyword.builtin.VerifyElementTextKeyword.verifyElementText(VerifyElementTextKeyword.groovy:72)
	at com.kms.katalon.core.webui.keyword.builtin.VerifyElementTextKeyword.execute(VerifyElementTextKeyword.groovy:40)
	at com.kms.katalon.core.keyword.internal.KeywordExecutor.executeKeywordForPlatform(KeywordExecutor.groovy:74)
	at com.kms.katalon.core.webui.keyword.WebUiBuiltInKeywords.verifyElementText(WebUiBuiltInKeywords.groovy:4749)
	at com.kms.katalon.core.webui.keyword.WebUiBuiltInKeywords$verifyElementText$4.call(Unknown Source)
	at TC-Cari Toko-Search-004.run(TC-Cari Toko-Search-004:24)
	at com.kms.katalon.core.main.ScriptEngine.run(ScriptEngine.java:194)
	at com.kms.katalon.core.main.ScriptEngine.runScriptAsRawText(ScriptEngine.java:119)
	at com.kms.katalon.core.main.TestCaseExecutor.runScript(TestCaseExecutor.java:448)
	at com.kms.katalon.core.main.TestCaseExecutor.doExecute(TestCaseExecutor.java:439)
	at com.kms.katalon.core.main.TestCaseExecutor.processExecutionPhase(TestCaseExecutor.java:418)
	at com.kms.katalon.core.main.TestCaseExecutor.accessMainPhase(TestCaseExecutor.java:410)
	at com.kms.katalon.core.main.TestCaseExecutor.execute(TestCaseExecutor.java:285)
	at com.kms.katalon.core.common.CommonExecutor.accessTestCaseMainPhase(CommonExecutor.java:65)
	at com.kms.katalon.core.main.TestSuiteExecutor.accessTestSuiteMainPhase(TestSuiteExecutor.java:148)
	at com.kms.katalon.core.main.TestSuiteExecutor.execute(TestSuiteExecutor.java:106)
	at com.kms.katalon.core.main.TestCaseMain.startTestSuite(TestCaseMain.java:187)
	at com.kms.katalon.core.main.TestCaseMain$startTestSuite$0.call(Unknown Source)
	at TempTestSuite1693964859162.run(TempTestSuite1693964859162.groovy:36)
Caused by: com.kms.katalon.core.exception.StepFailedException: Actual text '' and expected text 'Keyword tidak boleh kosong' of test object 'Object Repository/Fitur search/input_Semua Toko_cari_reseller' are NOT matched.
	at com.kms.katalon.core.webui.keyword.internal.WebUIKeywordMain.stepFailed(WebUIKeywordMain.groovy:64)
	at com.kms.katalon.core.webui.keyword.builtin.VerifyElementTextKeyword$_verifyElementText_closure1.doCall(VerifyElementTextKeyword.groovy:57)
	at com.kms.katalon.core.webui.keyword.builtin.VerifyElementTextKeyword$_verifyElementText_closure1.call(VerifyElementTextKeyword.groovy)
	at com.kms.katalon.core.webui.keyword.internal.WebUIKeywordMain.runKeyword(WebUIKeywordMain.groovy:20)
	... 19 more
)

2023-09-06 08:52:18 - [MESSAGE][FAILED] - Actual text '' and expected text 'Keyword tidak boleh kosong' of test object 'Object Repository/Fitur search/input_Semua Toko_cari_reseller' are NOT matched. (Root cause: com.kms.katalon.core.exception.StepFailedException: Actual text '' and expected text 'Keyword tidak boleh kosong' of test object 'Object Repository/Fitur search/input_Semua Toko_cari_reseller' are NOT matched.
	at com.kms.katalon.core.webui.keyword.internal.WebUIKeywordMain.stepFailed(WebUIKeywordMain.groovy:64)
	at com.kms.katalon.core.webui.keyword.builtin.VerifyElementTextKeyword$_verifyElementText_closure1.doCall(VerifyElementTextKeyword.groovy:57)
	at com.kms.katalon.core.webui.keyword.builtin.VerifyElementTextKeyword$_verifyElementText_closure1.call(VerifyElementTextKeyword.groovy)
	at com.kms.katalon.core.webui.keyword.internal.WebUIKeywordMain.runKeyword(WebUIKeywordMain.groovy:20)
	at com.kms.katalon.core.webui.keyword.builtin.VerifyElementTextKeyword.verifyElementText(VerifyElementTextKeyword.groovy:72)
	at com.kms.katalon.core.webui.keyword.builtin.VerifyElementTextKeyword.execute(VerifyElementTextKeyword.groovy:40)
	at com.kms.katalon.core.keyword.internal.KeywordExecutor.executeKeywordForPlatform(KeywordExecutor.groovy:74)
	at com.kms.katalon.core.webui.keyword.WebUiBuiltInKeywords.verifyElementText(WebUiBuiltInKeywords.groovy:4749)
	at com.kms.katalon.core.webui.keyword.WebUiBuiltInKeywords$verifyElementText$4.call(Unknown Source)
	at TC-Cari Toko-Search-004.run(TC-Cari Toko-Search-004:24)
	at com.kms.katalon.core.main.ScriptEngine.run(ScriptEngine.java:194)
	at com.kms.katalon.core.main.ScriptEngine.runScriptAsRawText(ScriptEngine.java:119)
	at com.kms.katalon.core.main.TestCaseExecutor.runScript(TestCaseExecutor.java:448)
	at com.kms.katalon.core.main.TestCaseExecutor.doExecute(TestCaseExecutor.java:439)
	at com.kms.katalon.core.main.TestCaseExecutor.processExecutionPhase(TestCaseExecutor.java:418)
	at com.kms.katalon.core.main.TestCaseExecutor.accessMainPhase(TestCaseExecutor.java:410)
	at com.kms.katalon.core.main.TestCaseExecutor.execute(TestCaseExecutor.java:285)
	at com.kms.katalon.core.common.CommonExecutor.accessTestCaseMainPhase(CommonExecutor.java:65)
	at com.kms.katalon.core.main.TestSuiteExecutor.accessTestSuiteMainPhase(TestSuiteExecutor.java:148)
	at com.kms.katalon.core.main.TestSuiteExecutor.execute(TestSuiteExecutor.java:106)
	at com.kms.katalon.core.main.TestCaseMain.startTestSuite(TestCaseMain.java:187)
	at com.kms.katalon.core.main.TestCaseMain$startTestSuite$0.call(Unknown Source)
	at TempTestSuite1693964859162.run(TempTestSuite1693964859162.groovy:36)
)
[[ATTACHMENT|D:\\Project XSIS\\batch-324-qa\\irfan\\Projek Eval 2 Tajalapak dan administrator\\Reports\\20230906_084739\\pencarian toko\\pencarian toko\\20230906_084739\\1693965138442.png]]

2023-09-06 08:52:18 - [MESSAGE][FAILED] - Verify element text of test object 'Object Repository/Fitur search/input_Semua Toko_cari_reseller' FAILED. (Root cause: com.kms.katalon.core.exception.StepFailedException: Verify element text of test object 'Object Repository/Fitur search/input_Semua Toko_cari_reseller' FAILED.
	at com.kms.katalon.core.webui.keyword.internal.WebUIKeywordMain.stepFailed(WebUIKeywordMain.groovy:64)
	at com.kms.katalon.core.webui.keyword.internal.WebUIKeywordMain.runKeyword(WebUIKeywordMain.groovy:26)
	at com.kms.katalon.core.webui.keyword.builtin.VerifyElementTextKeyword.verifyElementText(VerifyElementTextKeyword.groovy:72)
	at com.kms.katalon.core.webui.keyword.builtin.VerifyElementTextKeyword.execute(VerifyElementTextKeyword.groovy:40)
	at com.kms.katalon.core.keyword.internal.KeywordExecutor.executeKeywordForPlatform(KeywordExecutor.groovy:74)
	at com.kms.katalon.core.webui.keyword.WebUiBuiltInKeywords.verifyElementText(WebUiBuiltInKeywords.groovy:4749)
	at com.kms.katalon.core.webui.keyword.WebUiBuiltInKeywords$verifyElementText$4.call(Unknown Source)
	at TC-Cari Toko-Search-004.run(TC-Cari Toko-Search-004:24)
	at com.kms.katalon.core.main.ScriptEngine.run(ScriptEngine.java:194)
	at com.kms.katalon.core.main.ScriptEngine.runScriptAsRawText(ScriptEngine.java:119)
	at com.kms.katalon.core.main.TestCaseExecutor.runScript(TestCaseExecutor.java:448)
	at com.kms.katalon.core.main.TestCaseExecutor.doExecute(TestCaseExecutor.java:439)
	at com.kms.katalon.core.main.TestCaseExecutor.processExecutionPhase(TestCaseExecutor.java:418)
	at com.kms.katalon.core.main.TestCaseExecutor.accessMainPhase(TestCaseExecutor.java:410)
	at com.kms.katalon.core.main.TestCaseExecutor.execute(TestCaseExecutor.java:285)
	at com.kms.katalon.core.common.CommonExecutor.accessTestCaseMainPhase(CommonExecutor.java:65)
	at com.kms.katalon.core.main.TestSuiteExecutor.accessTestSuiteMainPhase(TestSuiteExecutor.java:148)
	at com.kms.katalon.core.main.TestSuiteExecutor.execute(TestSuiteExecutor.java:106)
	at com.kms.katalon.core.main.TestCaseMain.startTestSuite(TestCaseMain.java:187)
	at com.kms.katalon.core.main.TestCaseMain$startTestSuite$0.call(Unknown Source)
	at TempTestSuite1693964859162.run(TempTestSuite1693964859162.groovy:36)
Caused by: com.kms.katalon.core.exception.StepFailedException: Actual text '' and expected text 'Keyword tidak boleh kosong' of test object 'Object Repository/Fitur search/input_Semua Toko_cari_reseller' are NOT matched.
	at com.kms.katalon.core.webui.keyword.internal.WebUIKeywordMain.stepFailed(WebUIKeywordMain.groovy:64)
	at com.kms.katalon.core.webui.keyword.builtin.VerifyElementTextKeyword$_verifyElementText_closure1.doCall(VerifyElementTextKeyword.groovy:57)
	at com.kms.katalon.core.webui.keyword.builtin.VerifyElementTextKeyword$_verifyElementText_closure1.call(VerifyElementTextKeyword.groovy)
	at com.kms.katalon.core.webui.keyword.internal.WebUIKeywordMain.runKeyword(WebUIKeywordMain.groovy:20)
	... 19 more
)
[[ATTACHMENT|D:\\Project XSIS\\batch-324-qa\\irfan\\Projek Eval 2 Tajalapak dan administrator\\Reports\\20230906_084739\\pencarian toko\\pencarian toko\\20230906_084739\\1693965138623.png]]]]></system-out>
         <system-err><![CDATA[2023-09-06 08:51:59 - [TEST_CASE][FAILED] - Test Cases/T05 Pencarian Toko/TC-Cari Toko-Search-004: Test Cases/T05 Pencarian Toko/TC-Cari Toko-Search-004 FAILED.
Reason:
com.kms.katalon.core.exception.StepFailedException: Verify element text of test object 'Object Repository/Fitur search/input_Semua Toko_cari_reseller' FAILED.
	at com.kms.katalon.core.webui.keyword.internal.WebUIKeywordMain.stepFailed(WebUIKeywordMain.groovy:64)
	at com.kms.katalon.core.webui.keyword.internal.WebUIKeywordMain.runKeyword(WebUIKeywordMain.groovy:26)
	at com.kms.katalon.core.webui.keyword.builtin.VerifyElementTextKeyword.verifyElementText(VerifyElementTextKeyword.groovy:72)
	at com.kms.katalon.core.webui.keyword.builtin.VerifyElementTextKeyword.execute(VerifyElementTextKeyword.groovy:40)
	at com.kms.katalon.core.keyword.internal.KeywordExecutor.executeKeywordForPlatform(KeywordExecutor.groovy:74)
	at com.kms.katalon.core.webui.keyword.WebUiBuiltInKeywords.verifyElementText(WebUiBuiltInKeywords.groovy:4749)
	at com.kms.katalon.core.webui.keyword.WebUiBuiltInKeywords$verifyElementText$4.call(Unknown Source)
	at TC-Cari Toko-Search-004.run(TC-Cari Toko-Search-004:24)
	at com.kms.katalon.core.main.ScriptEngine.run(ScriptEngine.java:194)
	at com.kms.katalon.core.main.ScriptEngine.runScriptAsRawText(ScriptEngine.java:119)
	at com.kms.katalon.core.main.TestCaseExecutor.runScript(TestCaseExecutor.java:448)
	at com.kms.katalon.core.main.TestCaseExecutor.doExecute(TestCaseExecutor.java:439)
	at com.kms.katalon.core.main.TestCaseExecutor.processExecutionPhase(TestCaseExecutor.java:418)
	at com.kms.katalon.core.main.TestCaseExecutor.accessMainPhase(TestCaseExecutor.java:410)
	at com.kms.katalon.core.main.TestCaseExecutor.execute(TestCaseExecutor.java:285)
	at com.kms.katalon.core.common.CommonExecutor.accessTestCaseMainPhase(CommonExecutor.java:65)
	at com.kms.katalon.core.main.TestSuiteExecutor.accessTestSuiteMainPhase(TestSuiteExecutor.java:148)
	at com.kms.katalon.core.main.TestSuiteExecutor.execute(TestSuiteExecutor.java:106)
	at com.kms.katalon.core.main.TestCaseMain.startTestSuite(TestCaseMain.java:187)
	at com.kms.katalon.core.main.TestCaseMain$startTestSuite$0.call(Unknown Source)
	at TempTestSuite1693964859162.run(TempTestSuite1693964859162.groovy:36)
Caused by: com.kms.katalon.core.exception.StepFailedException: Actual text '' and expected text 'Keyword tidak boleh kosong' of test object 'Object Repository/Fitur search/input_Semua Toko_cari_reseller' are NOT matched.
	at com.kms.katalon.core.webui.keyword.internal.WebUIKeywordMain.stepFailed(WebUIKeywordMain.groovy:64)
	at com.kms.katalon.core.webui.keyword.builtin.VerifyElementTextKeyword$_verifyElementText_closure1.doCall(VerifyElementTextKeyword.groovy:57)
	at com.kms.katalon.core.webui.keyword.builtin.VerifyElementTextKeyword$_verifyElementText_closure1.call(VerifyElementTextKeyword.groovy)
	at com.kms.katalon.core.webui.keyword.internal.WebUIKeywordMain.runKeyword(WebUIKeywordMain.groovy:20)
	... 19 more]]></system-err>
      </testcase>
      <testcase name="Test Cases/T05 Pencarian Toko/TC-Cari Toko-Search-005" time="18.343" classname="Test Cases/T05 Pencarian Toko/TC-Cari Toko-Search-005" status="FAILED">
         <failure type="FAILED" message="Test Cases/T05 Pencarian Toko/TC-Cari Toko-Search-005 FAILED.
Reason:
com.kms.katalon.core.exception.StepFailedException: Verify element text of test object 'Object Repository/Menu Pencarian Toko/pencarian kosong' FAILED.
	at com.kms.katalon.core.webui.keyword.internal.WebUIKeywordMain.stepFailed(WebUIKeywordMain.groovy:64)
	at com.kms.katalon.core.webui.keyword.internal.WebUIKeywordMain.runKeyword(WebUIKeywordMain.groovy:26)
	at com.kms.katalon.core.webui.keyword.builtin.VerifyElementTextKeyword.verifyElementText(VerifyElementTextKeyword.groovy:72)
	at com.kms.katalon.core.webui.keyword.builtin.VerifyElementTextKeyword.execute(VerifyElementTextKeyword.groovy:40)
	at com.kms.katalon.core.keyword.internal.KeywordExecutor.executeKeywordForPlatform(KeywordExecutor.groovy:74)
	at com.kms.katalon.core.webui.keyword.WebUiBuiltInKeywords.verifyElementText(WebUiBuiltInKeywords.groovy:4749)
	at com.kms.katalon.core.webui.keyword.WebUiBuiltInKeywords$verifyElementText$4.call(Unknown Source)
	at TC-Cari Toko-Search-005.run(TC-Cari Toko-Search-005:26)
	at com.kms.katalon.core.main.ScriptEngine.run(ScriptEngine.java:194)
	at com.kms.katalon.core.main.ScriptEngine.runScriptAsRawText(ScriptEngine.java:119)
	at com.kms.katalon.core.main.TestCaseExecutor.runScript(TestCaseExecutor.java:448)
	at com.kms.katalon.core.main.TestCaseExecutor.doExecute(TestCaseExecutor.java:439)
	at com.kms.katalon.core.main.TestCaseExecutor.processExecutionPhase(TestCaseExecutor.java:418)
	at com.kms.katalon.core.main.TestCaseExecutor.accessMainPhase(TestCaseExecutor.java:410)
	at com.kms.katalon.core.main.TestCaseExecutor.execute(TestCaseExecutor.java:285)
	at com.kms.katalon.core.common.CommonExecutor.accessTestCaseMainPhase(CommonExecutor.java:65)
	at com.kms.katalon.core.main.TestSuiteExecutor.accessTestSuiteMainPhase(TestSuiteExecutor.java:148)
	at com.kms.katalon.core.main.TestSuiteExecutor.execute(TestSuiteExecutor.java:106)
	at com.kms.katalon.core.main.TestCaseMain.startTestSuite(TestCaseMain.java:187)
	at com.kms.katalon.core.main.TestCaseMain$startTestSuite$0.call(Unknown Source)
	at TempTestSuite1693964859162.run(TempTestSuite1693964859162.groovy:36)
Caused by: com.kms.katalon.core.exception.StepFailedException: Actual text '' and expected text '+6287865722652' of test object 'Object Repository/Menu Pencarian Toko/pencarian kosong' are NOT matched.
	at com.kms.katalon.core.webui.keyword.internal.WebUIKeywordMain.stepFailed(WebUIKeywordMain.groovy:64)
	at com.kms.katalon.core.webui.keyword.builtin.VerifyElementTextKeyword$_verifyElementText_closure1.doCall(VerifyElementTextKeyword.groovy:57)
	at com.kms.katalon.core.webui.keyword.builtin.VerifyElementTextKeyword$_verifyElementText_closure1.call(VerifyElementTextKeyword.groovy)
	at com.kms.katalon.core.webui.keyword.internal.WebUIKeywordMain.runKeyword(WebUIKeywordMain.groovy:20)
	... 19 more
"/>
         <system-out><![CDATA[2023-09-06 08:52:18 - [TEST_CASE][FAILED] - Test Cases/T05 Pencarian Toko/TC-Cari Toko-Search-005: Test Cases/T05 Pencarian Toko/TC-Cari Toko-Search-005 FAILED.
Reason:
com.kms.katalon.core.exception.StepFailedException: Verify element text of test object 'Object Repository/Menu Pencarian Toko/pencarian kosong' FAILED.
	at com.kms.katalon.core.webui.keyword.internal.WebUIKeywordMain.stepFailed(WebUIKeywordMain.groovy:64)
	at com.kms.katalon.core.webui.keyword.internal.WebUIKeywordMain.runKeyword(WebUIKeywordMain.groovy:26)
	at com.kms.katalon.core.webui.keyword.builtin.VerifyElementTextKeyword.verifyElementText(VerifyElementTextKeyword.groovy:72)
	at com.kms.katalon.core.webui.keyword.builtin.VerifyElementTextKeyword.execute(VerifyElementTextKeyword.groovy:40)
	at com.kms.katalon.core.keyword.internal.KeywordExecutor.executeKeywordForPlatform(KeywordExecutor.groovy:74)
	at com.kms.katalon.core.webui.keyword.WebUiBuiltInKeywords.verifyElementText(WebUiBuiltInKeywords.groovy:4749)
	at com.kms.katalon.core.webui.keyword.WebUiBuiltInKeywords$verifyElementText$4.call(Unknown Source)
	at TC-Cari Toko-Search-005.run(TC-Cari Toko-Search-005:26)
	at com.kms.katalon.core.main.ScriptEngine.run(ScriptEngine.java:194)
	at com.kms.katalon.core.main.ScriptEngine.runScriptAsRawText(ScriptEngine.java:119)
	at com.kms.katalon.core.main.TestCaseExecutor.runScript(TestCaseExecutor.java:448)
	at com.kms.katalon.core.main.TestCaseExecutor.doExecute(TestCaseExecutor.java:439)
	at com.kms.katalon.core.main.TestCaseExecutor.processExecutionPhase(TestCaseExecutor.java:418)
	at com.kms.katalon.core.main.TestCaseExecutor.accessMainPhase(TestCaseExecutor.java:410)
	at com.kms.katalon.core.main.TestCaseExecutor.execute(TestCaseExecutor.java:285)
	at com.kms.katalon.core.common.CommonExecutor.accessTestCaseMainPhase(CommonExecutor.java:65)
	at com.kms.katalon.core.main.TestSuiteExecutor.accessTestSuiteMainPhase(TestSuiteExecutor.java:148)
	at com.kms.katalon.core.main.TestSuiteExecutor.execute(TestSuiteExecutor.java:106)
	at com.kms.katalon.core.main.TestCaseMain.startTestSuite(TestCaseMain.java:187)
	at com.kms.katalon.core.main.TestCaseMain$startTestSuite$0.call(Unknown Source)
	at TempTestSuite1693964859162.run(TempTestSuite1693964859162.groovy:36)
Caused by: com.kms.katalon.core.exception.StepFailedException: Actual text '' and expected text '+6287865722652' of test object 'Object Repository/Menu Pencarian Toko/pencarian kosong' are NOT matched.
	at com.kms.katalon.core.webui.keyword.internal.WebUIKeywordMain.stepFailed(WebUIKeywordMain.groovy:64)
	at com.kms.katalon.core.webui.keyword.builtin.VerifyElementTextKeyword$_verifyElementText_closure1.doCall(VerifyElementTextKeyword.groovy:57)
	at com.kms.katalon.core.webui.keyword.builtin.VerifyElementTextKeyword$_verifyElementText_closure1.call(VerifyElementTextKeyword.groovy)
	at com.kms.katalon.core.webui.keyword.internal.WebUIKeywordMain.runKeyword(WebUIKeywordMain.groovy:20)
	... 19 more


2023-09-06 08:52:19 - [TEST_STEP][PASSED] - callTestCase(findTestCase("T05 Pencarian Toko/TC-Cari Toko-show-001"), [:], STOP_ON_FAILURE): Call Test Case 'Test Cases/T05 Pencarian Toko/TC-Cari Toko-show-001' successfully

2023-09-06 08:52:19 - [TEST_CASE][PASSED] - Test Cases/T05 Pencarian Toko/TC-Cari Toko-show-001: Test Cases/T05 Pencarian Toko/TC-Cari Toko-show-001

2023-09-06 08:52:19 - [TEST_STEP][PASSED] - openBrowser("https://10.9.2.63/ecommerce/"): Browser is opened with url: 'https://10.9.2.63/ecommerce/'

2023-09-06 08:52:19 - [MESSAGE][WARNING] - A browser is already opened. Closing browser and opening a new one

2023-09-06 08:52:20 - [MESSAGE][INFO] - Starting 'Edge Chromium' driver

2023-09-06 08:52:20 - [MESSAGE][INFO] - User set preference: ['acceptInsecureCerts', 'true']

2023-09-06 08:52:22 - [MESSAGE][INFO] - Action delay is set to 0 milliseconds

2023-09-06 08:52:27 - [MESSAGE][PASSED] - Browser is opened with url: 'https://10.9.2.63/ecommerce/'

2023-09-06 08:52:27 - [TEST_STEP][PASSED] - maximizeWindow(): Current window maximized

2023-09-06 08:52:27 - [MESSAGE][PASSED] - Current window maximized

2023-09-06 08:52:27 - [TEST_STEP][PASSED] - verifyElementPresent(findTestObject("Login/Halaman Home"), 0): Object 'Object Repository/Login/Halaman Home' is present

2023-09-06 08:52:27 - [MESSAGE][WARNING] - Timeout '0' is invalid. Using default page load timeout: '30'

2023-09-06 08:52:28 - [MESSAGE][PASSED] - Object 'Object Repository/Login/Halaman Home' is present

2023-09-06 08:52:28 - [TEST_STEP][PASSED] - click(findTestObject("Menu Pencarian Toko/menu Shop")): Object: 'Object Repository/Menu Pencarian Toko/menu Shop' is clicked on

2023-09-06 08:52:28 - [MESSAGE][PASSED] - Object: 'Object Repository/Menu Pencarian Toko/menu Shop' is clicked on

2023-09-06 08:52:28 - [TEST_STEP][PASSED] - click(findTestObject("Menu Pencarian Toko/menu Shop")): Object: 'Object Repository/Menu Pencarian Toko/menu Shop' is clicked on

2023-09-06 08:52:29 - [MESSAGE][PASSED] - Object: 'Object Repository/Menu Pencarian Toko/menu Shop' is clicked on

2023-09-06 08:52:29 - [TEST_STEP][PASSED] - click(findTestObject("Menu Pencarian Toko/Menu Toko (Pelapak)")): Object: 'Object Repository/Menu Pencarian Toko/Menu Toko (Pelapak)' is clicked on

2023-09-06 08:52:32 - [MESSAGE][PASSED] - Object: 'Object Repository/Menu Pencarian Toko/Menu Toko (Pelapak)' is clicked on

2023-09-06 08:52:32 - [TEST_STEP][PASSED] - verifyElementPresent(findTestObject("Menu Pencarian Toko/Tittle Semua Toko"), 0): Object 'Object Repository/Menu Pencarian Toko/Tittle Semua Toko' is present

2023-09-06 08:52:33 - [MESSAGE][WARNING] - Timeout '0' is invalid. Using default page load timeout: '30'

2023-09-06 08:52:33 - [MESSAGE][PASSED] - Object 'Object Repository/Menu Pencarian Toko/Tittle Semua Toko' is present

2023-09-06 08:52:33 - [MESSAGE][PASSED] - Call Test Case 'Test Cases/T05 Pencarian Toko/TC-Cari Toko-show-001' successfully

2023-09-06 08:52:33 - [TEST_STEP][PASSED] - setText(findTestObject("Fitur search/input_Semua Toko_cari_reseller"), "+6287865722652"): Text '+6287865722652' is set on object 'Object Repository/Fitur search/input_Semua Toko_cari_reseller'

2023-09-06 08:52:35 - [MESSAGE][PASSED] - Text '+6287865722652' is set on object 'Object Repository/Fitur search/input_Semua Toko_cari_reseller'

2023-09-06 08:52:35 - [TEST_STEP][PASSED] - click(findTestObject("Fitur search/button_Semua Toko_submit")): Object: 'Object Repository/Fitur search/button_Semua Toko_submit' is clicked on

2023-09-06 08:52:36 - [MESSAGE][PASSED] - Object: 'Object Repository/Fitur search/button_Semua Toko_submit' is clicked on

2023-09-06 08:52:36 - [TEST_STEP][FAILED] - verifyElementText(findTestObject("Menu Pencarian Toko/pencarian kosong"), "+6287865722652"): Verify element text of test object 'Object Repository/Menu Pencarian Toko/pencarian kosong' FAILED. (Root cause: com.kms.katalon.core.exception.StepFailedException: Verify element text of test object 'Object Repository/Menu Pencarian Toko/pencarian kosong' FAILED.
	at com.kms.katalon.core.webui.keyword.internal.WebUIKeywordMain.stepFailed(WebUIKeywordMain.groovy:64)
	at com.kms.katalon.core.webui.keyword.internal.WebUIKeywordMain.runKeyword(WebUIKeywordMain.groovy:26)
	at com.kms.katalon.core.webui.keyword.builtin.VerifyElementTextKeyword.verifyElementText(VerifyElementTextKeyword.groovy:72)
	at com.kms.katalon.core.webui.keyword.builtin.VerifyElementTextKeyword.execute(VerifyElementTextKeyword.groovy:40)
	at com.kms.katalon.core.keyword.internal.KeywordExecutor.executeKeywordForPlatform(KeywordExecutor.groovy:74)
	at com.kms.katalon.core.webui.keyword.WebUiBuiltInKeywords.verifyElementText(WebUiBuiltInKeywords.groovy:4749)
	at com.kms.katalon.core.webui.keyword.WebUiBuiltInKeywords$verifyElementText$4.call(Unknown Source)
	at TC-Cari Toko-Search-005.run(TC-Cari Toko-Search-005:26)
	at com.kms.katalon.core.main.ScriptEngine.run(ScriptEngine.java:194)
	at com.kms.katalon.core.main.ScriptEngine.runScriptAsRawText(ScriptEngine.java:119)
	at com.kms.katalon.core.main.TestCaseExecutor.runScript(TestCaseExecutor.java:448)
	at com.kms.katalon.core.main.TestCaseExecutor.doExecute(TestCaseExecutor.java:439)
	at com.kms.katalon.core.main.TestCaseExecutor.processExecutionPhase(TestCaseExecutor.java:418)
	at com.kms.katalon.core.main.TestCaseExecutor.accessMainPhase(TestCaseExecutor.java:410)
	at com.kms.katalon.core.main.TestCaseExecutor.execute(TestCaseExecutor.java:285)
	at com.kms.katalon.core.common.CommonExecutor.accessTestCaseMainPhase(CommonExecutor.java:65)
	at com.kms.katalon.core.main.TestSuiteExecutor.accessTestSuiteMainPhase(TestSuiteExecutor.java:148)
	at com.kms.katalon.core.main.TestSuiteExecutor.execute(TestSuiteExecutor.java:106)
	at com.kms.katalon.core.main.TestCaseMain.startTestSuite(TestCaseMain.java:187)
	at com.kms.katalon.core.main.TestCaseMain$startTestSuite$0.call(Unknown Source)
	at TempTestSuite1693964859162.run(TempTestSuite1693964859162.groovy:36)
Caused by: com.kms.katalon.core.exception.StepFailedException: Actual text '' and expected text '+6287865722652' of test object 'Object Repository/Menu Pencarian Toko/pencarian kosong' are NOT matched.
	at com.kms.katalon.core.webui.keyword.internal.WebUIKeywordMain.stepFailed(WebUIKeywordMain.groovy:64)
	at com.kms.katalon.core.webui.keyword.builtin.VerifyElementTextKeyword$_verifyElementText_closure1.doCall(VerifyElementTextKeyword.groovy:57)
	at com.kms.katalon.core.webui.keyword.builtin.VerifyElementTextKeyword$_verifyElementText_closure1.call(VerifyElementTextKeyword.groovy)
	at com.kms.katalon.core.webui.keyword.internal.WebUIKeywordMain.runKeyword(WebUIKeywordMain.groovy:20)
	... 19 more
)

2023-09-06 08:52:37 - [MESSAGE][FAILED] - Actual text '' and expected text '+6287865722652' of test object 'Object Repository/Menu Pencarian Toko/pencarian kosong' are NOT matched. (Root cause: com.kms.katalon.core.exception.StepFailedException: Actual text '' and expected text '+6287865722652' of test object 'Object Repository/Menu Pencarian Toko/pencarian kosong' are NOT matched.
	at com.kms.katalon.core.webui.keyword.internal.WebUIKeywordMain.stepFailed(WebUIKeywordMain.groovy:64)
	at com.kms.katalon.core.webui.keyword.builtin.VerifyElementTextKeyword$_verifyElementText_closure1.doCall(VerifyElementTextKeyword.groovy:57)
	at com.kms.katalon.core.webui.keyword.builtin.VerifyElementTextKeyword$_verifyElementText_closure1.call(VerifyElementTextKeyword.groovy)
	at com.kms.katalon.core.webui.keyword.internal.WebUIKeywordMain.runKeyword(WebUIKeywordMain.groovy:20)
	at com.kms.katalon.core.webui.keyword.builtin.VerifyElementTextKeyword.verifyElementText(VerifyElementTextKeyword.groovy:72)
	at com.kms.katalon.core.webui.keyword.builtin.VerifyElementTextKeyword.execute(VerifyElementTextKeyword.groovy:40)
	at com.kms.katalon.core.keyword.internal.KeywordExecutor.executeKeywordForPlatform(KeywordExecutor.groovy:74)
	at com.kms.katalon.core.webui.keyword.WebUiBuiltInKeywords.verifyElementText(WebUiBuiltInKeywords.groovy:4749)
	at com.kms.katalon.core.webui.keyword.WebUiBuiltInKeywords$verifyElementText$4.call(Unknown Source)
	at TC-Cari Toko-Search-005.run(TC-Cari Toko-Search-005:26)
	at com.kms.katalon.core.main.ScriptEngine.run(ScriptEngine.java:194)
	at com.kms.katalon.core.main.ScriptEngine.runScriptAsRawText(ScriptEngine.java:119)
	at com.kms.katalon.core.main.TestCaseExecutor.runScript(TestCaseExecutor.java:448)
	at com.kms.katalon.core.main.TestCaseExecutor.doExecute(TestCaseExecutor.java:439)
	at com.kms.katalon.core.main.TestCaseExecutor.processExecutionPhase(TestCaseExecutor.java:418)
	at com.kms.katalon.core.main.TestCaseExecutor.accessMainPhase(TestCaseExecutor.java:410)
	at com.kms.katalon.core.main.TestCaseExecutor.execute(TestCaseExecutor.java:285)
	at com.kms.katalon.core.common.CommonExecutor.accessTestCaseMainPhase(CommonExecutor.java:65)
	at com.kms.katalon.core.main.TestSuiteExecutor.accessTestSuiteMainPhase(TestSuiteExecutor.java:148)
	at com.kms.katalon.core.main.TestSuiteExecutor.execute(TestSuiteExecutor.java:106)
	at com.kms.katalon.core.main.TestCaseMain.startTestSuite(TestCaseMain.java:187)
	at com.kms.katalon.core.main.TestCaseMain$startTestSuite$0.call(Unknown Source)
	at TempTestSuite1693964859162.run(TempTestSuite1693964859162.groovy:36)
)
[[ATTACHMENT|D:\\Project XSIS\\batch-324-qa\\irfan\\Projek Eval 2 Tajalapak dan administrator\\Reports\\20230906_084739\\pencarian toko\\pencarian toko\\20230906_084739\\1693965156885.png]]

2023-09-06 08:52:37 - [MESSAGE][FAILED] - Verify element text of test object 'Object Repository/Menu Pencarian Toko/pencarian kosong' FAILED. (Root cause: com.kms.katalon.core.exception.StepFailedException: Verify element text of test object 'Object Repository/Menu Pencarian Toko/pencarian kosong' FAILED.
	at com.kms.katalon.core.webui.keyword.internal.WebUIKeywordMain.stepFailed(WebUIKeywordMain.groovy:64)
	at com.kms.katalon.core.webui.keyword.internal.WebUIKeywordMain.runKeyword(WebUIKeywordMain.groovy:26)
	at com.kms.katalon.core.webui.keyword.builtin.VerifyElementTextKeyword.verifyElementText(VerifyElementTextKeyword.groovy:72)
	at com.kms.katalon.core.webui.keyword.builtin.VerifyElementTextKeyword.execute(VerifyElementTextKeyword.groovy:40)
	at com.kms.katalon.core.keyword.internal.KeywordExecutor.executeKeywordForPlatform(KeywordExecutor.groovy:74)
	at com.kms.katalon.core.webui.keyword.WebUiBuiltInKeywords.verifyElementText(WebUiBuiltInKeywords.groovy:4749)
	at com.kms.katalon.core.webui.keyword.WebUiBuiltInKeywords$verifyElementText$4.call(Unknown Source)
	at TC-Cari Toko-Search-005.run(TC-Cari Toko-Search-005:26)
	at com.kms.katalon.core.main.ScriptEngine.run(ScriptEngine.java:194)
	at com.kms.katalon.core.main.ScriptEngine.runScriptAsRawText(ScriptEngine.java:119)
	at com.kms.katalon.core.main.TestCaseExecutor.runScript(TestCaseExecutor.java:448)
	at com.kms.katalon.core.main.TestCaseExecutor.doExecute(TestCaseExecutor.java:439)
	at com.kms.katalon.core.main.TestCaseExecutor.processExecutionPhase(TestCaseExecutor.java:418)
	at com.kms.katalon.core.main.TestCaseExecutor.accessMainPhase(TestCaseExecutor.java:410)
	at com.kms.katalon.core.main.TestCaseExecutor.execute(TestCaseExecutor.java:285)
	at com.kms.katalon.core.common.CommonExecutor.accessTestCaseMainPhase(CommonExecutor.java:65)
	at com.kms.katalon.core.main.TestSuiteExecutor.accessTestSuiteMainPhase(TestSuiteExecutor.java:148)
	at com.kms.katalon.core.main.TestSuiteExecutor.execute(TestSuiteExecutor.java:106)
	at com.kms.katalon.core.main.TestCaseMain.startTestSuite(TestCaseMain.java:187)
	at com.kms.katalon.core.main.TestCaseMain$startTestSuite$0.call(Unknown Source)
	at TempTestSuite1693964859162.run(TempTestSuite1693964859162.groovy:36)
Caused by: com.kms.katalon.core.exception.StepFailedException: Actual text '' and expected text '+6287865722652' of test object 'Object Repository/Menu Pencarian Toko/pencarian kosong' are NOT matched.
	at com.kms.katalon.core.webui.keyword.internal.WebUIKeywordMain.stepFailed(WebUIKeywordMain.groovy:64)
	at com.kms.katalon.core.webui.keyword.builtin.VerifyElementTextKeyword$_verifyElementText_closure1.doCall(VerifyElementTextKeyword.groovy:57)
	at com.kms.katalon.core.webui.keyword.builtin.VerifyElementTextKeyword$_verifyElementText_closure1.call(VerifyElementTextKeyword.groovy)
	at com.kms.katalon.core.webui.keyword.internal.WebUIKeywordMain.runKeyword(WebUIKeywordMain.groovy:20)
	... 19 more
)
[[ATTACHMENT|D:\\Project XSIS\\batch-324-qa\\irfan\\Projek Eval 2 Tajalapak dan administrator\\Reports\\20230906_084739\\pencarian toko\\pencarian toko\\20230906_084739\\1693965157028.png]]]]></system-out>
         <system-err><![CDATA[2023-09-06 08:52:18 - [TEST_CASE][FAILED] - Test Cases/T05 Pencarian Toko/TC-Cari Toko-Search-005: Test Cases/T05 Pencarian Toko/TC-Cari Toko-Search-005 FAILED.
Reason:
com.kms.katalon.core.exception.StepFailedException: Verify element text of test object 'Object Repository/Menu Pencarian Toko/pencarian kosong' FAILED.
	at com.kms.katalon.core.webui.keyword.internal.WebUIKeywordMain.stepFailed(WebUIKeywordMain.groovy:64)
	at com.kms.katalon.core.webui.keyword.internal.WebUIKeywordMain.runKeyword(WebUIKeywordMain.groovy:26)
	at com.kms.katalon.core.webui.keyword.builtin.VerifyElementTextKeyword.verifyElementText(VerifyElementTextKeyword.groovy:72)
	at com.kms.katalon.core.webui.keyword.builtin.VerifyElementTextKeyword.execute(VerifyElementTextKeyword.groovy:40)
	at com.kms.katalon.core.keyword.internal.KeywordExecutor.executeKeywordForPlatform(KeywordExecutor.groovy:74)
	at com.kms.katalon.core.webui.keyword.WebUiBuiltInKeywords.verifyElementText(WebUiBuiltInKeywords.groovy:4749)
	at com.kms.katalon.core.webui.keyword.WebUiBuiltInKeywords$verifyElementText$4.call(Unknown Source)
	at TC-Cari Toko-Search-005.run(TC-Cari Toko-Search-005:26)
	at com.kms.katalon.core.main.ScriptEngine.run(ScriptEngine.java:194)
	at com.kms.katalon.core.main.ScriptEngine.runScriptAsRawText(ScriptEngine.java:119)
	at com.kms.katalon.core.main.TestCaseExecutor.runScript(TestCaseExecutor.java:448)
	at com.kms.katalon.core.main.TestCaseExecutor.doExecute(TestCaseExecutor.java:439)
	at com.kms.katalon.core.main.TestCaseExecutor.processExecutionPhase(TestCaseExecutor.java:418)
	at com.kms.katalon.core.main.TestCaseExecutor.accessMainPhase(TestCaseExecutor.java:410)
	at com.kms.katalon.core.main.TestCaseExecutor.execute(TestCaseExecutor.java:285)
	at com.kms.katalon.core.common.CommonExecutor.accessTestCaseMainPhase(CommonExecutor.java:65)
	at com.kms.katalon.core.main.TestSuiteExecutor.accessTestSuiteMainPhase(TestSuiteExecutor.java:148)
	at com.kms.katalon.core.main.TestSuiteExecutor.execute(TestSuiteExecutor.java:106)
	at com.kms.katalon.core.main.TestCaseMain.startTestSuite(TestCaseMain.java:187)
	at com.kms.katalon.core.main.TestCaseMain$startTestSuite$0.call(Unknown Source)
	at TempTestSuite1693964859162.run(TempTestSuite1693964859162.groovy:36)
Caused by: com.kms.katalon.core.exception.StepFailedException: Actual text '' and expected text '+6287865722652' of test object 'Object Repository/Menu Pencarian Toko/pencarian kosong' are NOT matched.
	at com.kms.katalon.core.webui.keyword.internal.WebUIKeywordMain.stepFailed(WebUIKeywordMain.groovy:64)
	at com.kms.katalon.core.webui.keyword.builtin.VerifyElementTextKeyword$_verifyElementText_closure1.doCall(VerifyElementTextKeyword.groovy:57)
	at com.kms.katalon.core.webui.keyword.builtin.VerifyElementTextKeyword$_verifyElementText_closure1.call(VerifyElementTextKeyword.groovy)
	at com.kms.katalon.core.webui.keyword.internal.WebUIKeywordMain.runKeyword(WebUIKeywordMain.groovy:20)
	... 19 more]]></system-err>
      </testcase>
      <testcase name="Test Cases/T05 Pencarian Toko/TC-Cari Toko-Search-006" time="20.851" classname="Test Cases/T05 Pencarian Toko/TC-Cari Toko-Search-006" status="FAILED">
         <failure type="FAILED" message="Test Cases/T05 Pencarian Toko/TC-Cari Toko-Search-006 FAILED.
Reason:
com.kms.katalon.core.exception.StepFailedException: Verify element text of test object 'Object Repository/Menu Pencarian Toko/pencarian kosong' FAILED.
	at com.kms.katalon.core.webui.keyword.internal.WebUIKeywordMain.stepFailed(WebUIKeywordMain.groovy:64)
	at com.kms.katalon.core.webui.keyword.internal.WebUIKeywordMain.runKeyword(WebUIKeywordMain.groovy:26)
	at com.kms.katalon.core.webui.keyword.builtin.VerifyElementTextKeyword.verifyElementText(VerifyElementTextKeyword.groovy:72)
	at com.kms.katalon.core.webui.keyword.builtin.VerifyElementTextKeyword.execute(VerifyElementTextKeyword.groovy:40)
	at com.kms.katalon.core.keyword.internal.KeywordExecutor.executeKeywordForPlatform(KeywordExecutor.groovy:74)
	at com.kms.katalon.core.webui.keyword.WebUiBuiltInKeywords.verifyElementText(WebUiBuiltInKeywords.groovy:4749)
	at com.kms.katalon.core.webui.keyword.WebUiBuiltInKeywords$verifyElementText$4.call(Unknown Source)
	at TC-Cari Toko-Search-006.run(TC-Cari Toko-Search-006:26)
	at com.kms.katalon.core.main.ScriptEngine.run(ScriptEngine.java:194)
	at com.kms.katalon.core.main.ScriptEngine.runScriptAsRawText(ScriptEngine.java:119)
	at com.kms.katalon.core.main.TestCaseExecutor.runScript(TestCaseExecutor.java:448)
	at com.kms.katalon.core.main.TestCaseExecutor.doExecute(TestCaseExecutor.java:439)
	at com.kms.katalon.core.main.TestCaseExecutor.processExecutionPhase(TestCaseExecutor.java:418)
	at com.kms.katalon.core.main.TestCaseExecutor.accessMainPhase(TestCaseExecutor.java:410)
	at com.kms.katalon.core.main.TestCaseExecutor.execute(TestCaseExecutor.java:285)
	at com.kms.katalon.core.common.CommonExecutor.accessTestCaseMainPhase(CommonExecutor.java:65)
	at com.kms.katalon.core.main.TestSuiteExecutor.accessTestSuiteMainPhase(TestSuiteExecutor.java:148)
	at com.kms.katalon.core.main.TestSuiteExecutor.execute(TestSuiteExecutor.java:106)
	at com.kms.katalon.core.main.TestCaseMain.startTestSuite(TestCaseMain.java:187)
	at com.kms.katalon.core.main.TestCaseMain$startTestSuite$0.call(Unknown Source)
	at TempTestSuite1693964859162.run(TempTestSuite1693964859162.groovy:36)
Caused by: com.kms.katalon.core.exception.StepFailedException: Actual text '' and expected text 'Verified' of test object 'Object Repository/Menu Pencarian Toko/pencarian kosong' are NOT matched.
	at com.kms.katalon.core.webui.keyword.internal.WebUIKeywordMain.stepFailed(WebUIKeywordMain.groovy:64)
	at com.kms.katalon.core.webui.keyword.builtin.VerifyElementTextKeyword$_verifyElementText_closure1.doCall(VerifyElementTextKeyword.groovy:57)
	at com.kms.katalon.core.webui.keyword.builtin.VerifyElementTextKeyword$_verifyElementText_closure1.call(VerifyElementTextKeyword.groovy)
	at com.kms.katalon.core.webui.keyword.internal.WebUIKeywordMain.runKeyword(WebUIKeywordMain.groovy:20)
	... 19 more
"/>
         <system-out><![CDATA[2023-09-06 08:52:37 - [TEST_CASE][FAILED] - Test Cases/T05 Pencarian Toko/TC-Cari Toko-Search-006: Test Cases/T05 Pencarian Toko/TC-Cari Toko-Search-006 FAILED.
Reason:
com.kms.katalon.core.exception.StepFailedException: Verify element text of test object 'Object Repository/Menu Pencarian Toko/pencarian kosong' FAILED.
	at com.kms.katalon.core.webui.keyword.internal.WebUIKeywordMain.stepFailed(WebUIKeywordMain.groovy:64)
	at com.kms.katalon.core.webui.keyword.internal.WebUIKeywordMain.runKeyword(WebUIKeywordMain.groovy:26)
	at com.kms.katalon.core.webui.keyword.builtin.VerifyElementTextKeyword.verifyElementText(VerifyElementTextKeyword.groovy:72)
	at com.kms.katalon.core.webui.keyword.builtin.VerifyElementTextKeyword.execute(VerifyElementTextKeyword.groovy:40)
	at com.kms.katalon.core.keyword.internal.KeywordExecutor.executeKeywordForPlatform(KeywordExecutor.groovy:74)
	at com.kms.katalon.core.webui.keyword.WebUiBuiltInKeywords.verifyElementText(WebUiBuiltInKeywords.groovy:4749)
	at com.kms.katalon.core.webui.keyword.WebUiBuiltInKeywords$verifyElementText$4.call(Unknown Source)
	at TC-Cari Toko-Search-006.run(TC-Cari Toko-Search-006:26)
	at com.kms.katalon.core.main.ScriptEngine.run(ScriptEngine.java:194)
	at com.kms.katalon.core.main.ScriptEngine.runScriptAsRawText(ScriptEngine.java:119)
	at com.kms.katalon.core.main.TestCaseExecutor.runScript(TestCaseExecutor.java:448)
	at com.kms.katalon.core.main.TestCaseExecutor.doExecute(TestCaseExecutor.java:439)
	at com.kms.katalon.core.main.TestCaseExecutor.processExecutionPhase(TestCaseExecutor.java:418)
	at com.kms.katalon.core.main.TestCaseExecutor.accessMainPhase(TestCaseExecutor.java:410)
	at com.kms.katalon.core.main.TestCaseExecutor.execute(TestCaseExecutor.java:285)
	at com.kms.katalon.core.common.CommonExecutor.accessTestCaseMainPhase(CommonExecutor.java:65)
	at com.kms.katalon.core.main.TestSuiteExecutor.accessTestSuiteMainPhase(TestSuiteExecutor.java:148)
	at com.kms.katalon.core.main.TestSuiteExecutor.execute(TestSuiteExecutor.java:106)
	at com.kms.katalon.core.main.TestCaseMain.startTestSuite(TestCaseMain.java:187)
	at com.kms.katalon.core.main.TestCaseMain$startTestSuite$0.call(Unknown Source)
	at TempTestSuite1693964859162.run(TempTestSuite1693964859162.groovy:36)
Caused by: com.kms.katalon.core.exception.StepFailedException: Actual text '' and expected text 'Verified' of test object 'Object Repository/Menu Pencarian Toko/pencarian kosong' are NOT matched.
	at com.kms.katalon.core.webui.keyword.internal.WebUIKeywordMain.stepFailed(WebUIKeywordMain.groovy:64)
	at com.kms.katalon.core.webui.keyword.builtin.VerifyElementTextKeyword$_verifyElementText_closure1.doCall(VerifyElementTextKeyword.groovy:57)
	at com.kms.katalon.core.webui.keyword.builtin.VerifyElementTextKeyword$_verifyElementText_closure1.call(VerifyElementTextKeyword.groovy)
	at com.kms.katalon.core.webui.keyword.internal.WebUIKeywordMain.runKeyword(WebUIKeywordMain.groovy:20)
	... 19 more


2023-09-06 08:52:37 - [TEST_STEP][PASSED] - callTestCase(findTestCase("T05 Pencarian Toko/TC-Cari Toko-show-001"), [:], STOP_ON_FAILURE): Call Test Case 'Test Cases/T05 Pencarian Toko/TC-Cari Toko-show-001' successfully

2023-09-06 08:52:37 - [TEST_CASE][PASSED] - Test Cases/T05 Pencarian Toko/TC-Cari Toko-show-001: Test Cases/T05 Pencarian Toko/TC-Cari Toko-show-001

2023-09-06 08:52:37 - [TEST_STEP][PASSED] - openBrowser("https://10.9.2.63/ecommerce/"): Browser is opened with url: 'https://10.9.2.63/ecommerce/'

2023-09-06 08:52:37 - [MESSAGE][WARNING] - A browser is already opened. Closing browser and opening a new one

2023-09-06 08:52:38 - [MESSAGE][INFO] - Starting 'Edge Chromium' driver

2023-09-06 08:52:38 - [MESSAGE][INFO] - User set preference: ['acceptInsecureCerts', 'true']

2023-09-06 08:52:41 - [MESSAGE][INFO] - Action delay is set to 0 milliseconds

2023-09-06 08:52:47 - [MESSAGE][PASSED] - Browser is opened with url: 'https://10.9.2.63/ecommerce/'

2023-09-06 08:52:47 - [TEST_STEP][PASSED] - maximizeWindow(): Current window maximized

2023-09-06 08:52:47 - [MESSAGE][PASSED] - Current window maximized

2023-09-06 08:52:47 - [TEST_STEP][PASSED] - verifyElementPresent(findTestObject("Login/Halaman Home"), 0): Object 'Object Repository/Login/Halaman Home' is present

2023-09-06 08:52:47 - [MESSAGE][WARNING] - Timeout '0' is invalid. Using default page load timeout: '30'

2023-09-06 08:52:47 - [MESSAGE][PASSED] - Object 'Object Repository/Login/Halaman Home' is present

2023-09-06 08:52:47 - [TEST_STEP][PASSED] - click(findTestObject("Menu Pencarian Toko/menu Shop")): Object: 'Object Repository/Menu Pencarian Toko/menu Shop' is clicked on

2023-09-06 08:52:48 - [MESSAGE][PASSED] - Object: 'Object Repository/Menu Pencarian Toko/menu Shop' is clicked on

2023-09-06 08:52:48 - [TEST_STEP][PASSED] - click(findTestObject("Menu Pencarian Toko/menu Shop")): Object: 'Object Repository/Menu Pencarian Toko/menu Shop' is clicked on

2023-09-06 08:52:49 - [MESSAGE][PASSED] - Object: 'Object Repository/Menu Pencarian Toko/menu Shop' is clicked on

2023-09-06 08:52:49 - [TEST_STEP][PASSED] - click(findTestObject("Menu Pencarian Toko/Menu Toko (Pelapak)")): Object: 'Object Repository/Menu Pencarian Toko/Menu Toko (Pelapak)' is clicked on

2023-09-06 08:52:54 - [MESSAGE][PASSED] - Object: 'Object Repository/Menu Pencarian Toko/Menu Toko (Pelapak)' is clicked on

2023-09-06 08:52:54 - [TEST_STEP][PASSED] - verifyElementPresent(findTestObject("Menu Pencarian Toko/Tittle Semua Toko"), 0): Object 'Object Repository/Menu Pencarian Toko/Tittle Semua Toko' is present

2023-09-06 08:52:54 - [MESSAGE][WARNING] - Timeout '0' is invalid. Using default page load timeout: '30'

2023-09-06 08:52:54 - [MESSAGE][PASSED] - Object 'Object Repository/Menu Pencarian Toko/Tittle Semua Toko' is present

2023-09-06 08:52:54 - [MESSAGE][PASSED] - Call Test Case 'Test Cases/T05 Pencarian Toko/TC-Cari Toko-show-001' successfully

2023-09-06 08:52:54 - [TEST_STEP][PASSED] - setText(findTestObject("Fitur search/input_Semua Toko_cari_reseller"), "Verified"): Text 'Verified' is set on object 'Object Repository/Fitur search/input_Semua Toko_cari_reseller'

2023-09-06 08:52:56 - [MESSAGE][PASSED] - Text 'Verified' is set on object 'Object Repository/Fitur search/input_Semua Toko_cari_reseller'

2023-09-06 08:52:56 - [TEST_STEP][PASSED] - click(findTestObject("Fitur search/button_Semua Toko_submit")): Object: 'Object Repository/Fitur search/button_Semua Toko_submit' is clicked on

2023-09-06 08:52:57 - [MESSAGE][PASSED] - Object: 'Object Repository/Fitur search/button_Semua Toko_submit' is clicked on

2023-09-06 08:52:57 - [TEST_STEP][FAILED] - verifyElementText(findTestObject("Menu Pencarian Toko/pencarian kosong"), "Verified"): Verify element text of test object 'Object Repository/Menu Pencarian Toko/pencarian kosong' FAILED. (Root cause: com.kms.katalon.core.exception.StepFailedException: Verify element text of test object 'Object Repository/Menu Pencarian Toko/pencarian kosong' FAILED.
	at com.kms.katalon.core.webui.keyword.internal.WebUIKeywordMain.stepFailed(WebUIKeywordMain.groovy:64)
	at com.kms.katalon.core.webui.keyword.internal.WebUIKeywordMain.runKeyword(WebUIKeywordMain.groovy:26)
	at com.kms.katalon.core.webui.keyword.builtin.VerifyElementTextKeyword.verifyElementText(VerifyElementTextKeyword.groovy:72)
	at com.kms.katalon.core.webui.keyword.builtin.VerifyElementTextKeyword.execute(VerifyElementTextKeyword.groovy:40)
	at com.kms.katalon.core.keyword.internal.KeywordExecutor.executeKeywordForPlatform(KeywordExecutor.groovy:74)
	at com.kms.katalon.core.webui.keyword.WebUiBuiltInKeywords.verifyElementText(WebUiBuiltInKeywords.groovy:4749)
	at com.kms.katalon.core.webui.keyword.WebUiBuiltInKeywords$verifyElementText$4.call(Unknown Source)
	at TC-Cari Toko-Search-006.run(TC-Cari Toko-Search-006:26)
	at com.kms.katalon.core.main.ScriptEngine.run(ScriptEngine.java:194)
	at com.kms.katalon.core.main.ScriptEngine.runScriptAsRawText(ScriptEngine.java:119)
	at com.kms.katalon.core.main.TestCaseExecutor.runScript(TestCaseExecutor.java:448)
	at com.kms.katalon.core.main.TestCaseExecutor.doExecute(TestCaseExecutor.java:439)
	at com.kms.katalon.core.main.TestCaseExecutor.processExecutionPhase(TestCaseExecutor.java:418)
	at com.kms.katalon.core.main.TestCaseExecutor.accessMainPhase(TestCaseExecutor.java:410)
	at com.kms.katalon.core.main.TestCaseExecutor.execute(TestCaseExecutor.java:285)
	at com.kms.katalon.core.common.CommonExecutor.accessTestCaseMainPhase(CommonExecutor.java:65)
	at com.kms.katalon.core.main.TestSuiteExecutor.accessTestSuiteMainPhase(TestSuiteExecutor.java:148)
	at com.kms.katalon.core.main.TestSuiteExecutor.execute(TestSuiteExecutor.java:106)
	at com.kms.katalon.core.main.TestCaseMain.startTestSuite(TestCaseMain.java:187)
	at com.kms.katalon.core.main.TestCaseMain$startTestSuite$0.call(Unknown Source)
	at TempTestSuite1693964859162.run(TempTestSuite1693964859162.groovy:36)
Caused by: com.kms.katalon.core.exception.StepFailedException: Actual text '' and expected text 'Verified' of test object 'Object Repository/Menu Pencarian Toko/pencarian kosong' are NOT matched.
	at com.kms.katalon.core.webui.keyword.internal.WebUIKeywordMain.stepFailed(WebUIKeywordMain.groovy:64)
	at com.kms.katalon.core.webui.keyword.builtin.VerifyElementTextKeyword$_verifyElementText_closure1.doCall(VerifyElementTextKeyword.groovy:57)
	at com.kms.katalon.core.webui.keyword.builtin.VerifyElementTextKeyword$_verifyElementText_closure1.call(VerifyElementTextKeyword.groovy)
	at com.kms.katalon.core.webui.keyword.internal.WebUIKeywordMain.runKeyword(WebUIKeywordMain.groovy:20)
	... 19 more
)

2023-09-06 08:52:57 - [MESSAGE][FAILED] - Actual text '' and expected text 'Verified' of test object 'Object Repository/Menu Pencarian Toko/pencarian kosong' are NOT matched. (Root cause: com.kms.katalon.core.exception.StepFailedException: Actual text '' and expected text 'Verified' of test object 'Object Repository/Menu Pencarian Toko/pencarian kosong' are NOT matched.
	at com.kms.katalon.core.webui.keyword.internal.WebUIKeywordMain.stepFailed(WebUIKeywordMain.groovy:64)
	at com.kms.katalon.core.webui.keyword.builtin.VerifyElementTextKeyword$_verifyElementText_closure1.doCall(VerifyElementTextKeyword.groovy:57)
	at com.kms.katalon.core.webui.keyword.builtin.VerifyElementTextKeyword$_verifyElementText_closure1.call(VerifyElementTextKeyword.groovy)
	at com.kms.katalon.core.webui.keyword.internal.WebUIKeywordMain.runKeyword(WebUIKeywordMain.groovy:20)
	at com.kms.katalon.core.webui.keyword.builtin.VerifyElementTextKeyword.verifyElementText(VerifyElementTextKeyword.groovy:72)
	at com.kms.katalon.core.webui.keyword.builtin.VerifyElementTextKeyword.execute(VerifyElementTextKeyword.groovy:40)
	at com.kms.katalon.core.keyword.internal.KeywordExecutor.executeKeywordForPlatform(KeywordExecutor.groovy:74)
	at com.kms.katalon.core.webui.keyword.WebUiBuiltInKeywords.verifyElementText(WebUiBuiltInKeywords.groovy:4749)
	at com.kms.katalon.core.webui.keyword.WebUiBuiltInKeywords$verifyElementText$4.call(Unknown Source)
	at TC-Cari Toko-Search-006.run(TC-Cari Toko-Search-006:26)
	at com.kms.katalon.core.main.ScriptEngine.run(ScriptEngine.java:194)
	at com.kms.katalon.core.main.ScriptEngine.runScriptAsRawText(ScriptEngine.java:119)
	at com.kms.katalon.core.main.TestCaseExecutor.runScript(TestCaseExecutor.java:448)
	at com.kms.katalon.core.main.TestCaseExecutor.doExecute(TestCaseExecutor.java:439)
	at com.kms.katalon.core.main.TestCaseExecutor.processExecutionPhase(TestCaseExecutor.java:418)
	at com.kms.katalon.core.main.TestCaseExecutor.accessMainPhase(TestCaseExecutor.java:410)
	at com.kms.katalon.core.main.TestCaseExecutor.execute(TestCaseExecutor.java:285)
	at com.kms.katalon.core.common.CommonExecutor.accessTestCaseMainPhase(CommonExecutor.java:65)
	at com.kms.katalon.core.main.TestSuiteExecutor.accessTestSuiteMainPhase(TestSuiteExecutor.java:148)
	at com.kms.katalon.core.main.TestSuiteExecutor.execute(TestSuiteExecutor.java:106)
	at com.kms.katalon.core.main.TestCaseMain.startTestSuite(TestCaseMain.java:187)
	at com.kms.katalon.core.main.TestCaseMain$startTestSuite$0.call(Unknown Source)
	at TempTestSuite1693964859162.run(TempTestSuite1693964859162.groovy:36)
)
[[ATTACHMENT|D:\\Project XSIS\\batch-324-qa\\irfan\\Projek Eval 2 Tajalapak dan administrator\\Reports\\20230906_084739\\pencarian toko\\pencarian toko\\20230906_084739\\1693965177714.png]]

2023-09-06 08:52:58 - [MESSAGE][FAILED] - Verify element text of test object 'Object Repository/Menu Pencarian Toko/pencarian kosong' FAILED. (Root cause: com.kms.katalon.core.exception.StepFailedException: Verify element text of test object 'Object Repository/Menu Pencarian Toko/pencarian kosong' FAILED.
	at com.kms.katalon.core.webui.keyword.internal.WebUIKeywordMain.stepFailed(WebUIKeywordMain.groovy:64)
	at com.kms.katalon.core.webui.keyword.internal.WebUIKeywordMain.runKeyword(WebUIKeywordMain.groovy:26)
	at com.kms.katalon.core.webui.keyword.builtin.VerifyElementTextKeyword.verifyElementText(VerifyElementTextKeyword.groovy:72)
	at com.kms.katalon.core.webui.keyword.builtin.VerifyElementTextKeyword.execute(VerifyElementTextKeyword.groovy:40)
	at com.kms.katalon.core.keyword.internal.KeywordExecutor.executeKeywordForPlatform(KeywordExecutor.groovy:74)
	at com.kms.katalon.core.webui.keyword.WebUiBuiltInKeywords.verifyElementText(WebUiBuiltInKeywords.groovy:4749)
	at com.kms.katalon.core.webui.keyword.WebUiBuiltInKeywords$verifyElementText$4.call(Unknown Source)
	at TC-Cari Toko-Search-006.run(TC-Cari Toko-Search-006:26)
	at com.kms.katalon.core.main.ScriptEngine.run(ScriptEngine.java:194)
	at com.kms.katalon.core.main.ScriptEngine.runScriptAsRawText(ScriptEngine.java:119)
	at com.kms.katalon.core.main.TestCaseExecutor.runScript(TestCaseExecutor.java:448)
	at com.kms.katalon.core.main.TestCaseExecutor.doExecute(TestCaseExecutor.java:439)
	at com.kms.katalon.core.main.TestCaseExecutor.processExecutionPhase(TestCaseExecutor.java:418)
	at com.kms.katalon.core.main.TestCaseExecutor.accessMainPhase(TestCaseExecutor.java:410)
	at com.kms.katalon.core.main.TestCaseExecutor.execute(TestCaseExecutor.java:285)
	at com.kms.katalon.core.common.CommonExecutor.accessTestCaseMainPhase(CommonExecutor.java:65)
	at com.kms.katalon.core.main.TestSuiteExecutor.accessTestSuiteMainPhase(TestSuiteExecutor.java:148)
	at com.kms.katalon.core.main.TestSuiteExecutor.execute(TestSuiteExecutor.java:106)
	at com.kms.katalon.core.main.TestCaseMain.startTestSuite(TestCaseMain.java:187)
	at com.kms.katalon.core.main.TestCaseMain$startTestSuite$0.call(Unknown Source)
	at TempTestSuite1693964859162.run(TempTestSuite1693964859162.groovy:36)
Caused by: com.kms.katalon.core.exception.StepFailedException: Actual text '' and expected text 'Verified' of test object 'Object Repository/Menu Pencarian Toko/pencarian kosong' are NOT matched.
	at com.kms.katalon.core.webui.keyword.internal.WebUIKeywordMain.stepFailed(WebUIKeywordMain.groovy:64)
	at com.kms.katalon.core.webui.keyword.builtin.VerifyElementTextKeyword$_verifyElementText_closure1.doCall(VerifyElementTextKeyword.groovy:57)
	at com.kms.katalon.core.webui.keyword.builtin.VerifyElementTextKeyword$_verifyElementText_closure1.call(VerifyElementTextKeyword.groovy)
	at com.kms.katalon.core.webui.keyword.internal.WebUIKeywordMain.runKeyword(WebUIKeywordMain.groovy:20)
	... 19 more
)
[[ATTACHMENT|D:\\Project XSIS\\batch-324-qa\\irfan\\Projek Eval 2 Tajalapak dan administrator\\Reports\\20230906_084739\\pencarian toko\\pencarian toko\\20230906_084739\\1693965177857.png]]]]></system-out>
         <system-err><![CDATA[2023-09-06 08:52:37 - [TEST_CASE][FAILED] - Test Cases/T05 Pencarian Toko/TC-Cari Toko-Search-006: Test Cases/T05 Pencarian Toko/TC-Cari Toko-Search-006 FAILED.
Reason:
com.kms.katalon.core.exception.StepFailedException: Verify element text of test object 'Object Repository/Menu Pencarian Toko/pencarian kosong' FAILED.
	at com.kms.katalon.core.webui.keyword.internal.WebUIKeywordMain.stepFailed(WebUIKeywordMain.groovy:64)
	at com.kms.katalon.core.webui.keyword.internal.WebUIKeywordMain.runKeyword(WebUIKeywordMain.groovy:26)
	at com.kms.katalon.core.webui.keyword.builtin.VerifyElementTextKeyword.verifyElementText(VerifyElementTextKeyword.groovy:72)
	at com.kms.katalon.core.webui.keyword.builtin.VerifyElementTextKeyword.execute(VerifyElementTextKeyword.groovy:40)
	at com.kms.katalon.core.keyword.internal.KeywordExecutor.executeKeywordForPlatform(KeywordExecutor.groovy:74)
	at com.kms.katalon.core.webui.keyword.WebUiBuiltInKeywords.verifyElementText(WebUiBuiltInKeywords.groovy:4749)
	at com.kms.katalon.core.webui.keyword.WebUiBuiltInKeywords$verifyElementText$4.call(Unknown Source)
	at TC-Cari Toko-Search-006.run(TC-Cari Toko-Search-006:26)
	at com.kms.katalon.core.main.ScriptEngine.run(ScriptEngine.java:194)
	at com.kms.katalon.core.main.ScriptEngine.runScriptAsRawText(ScriptEngine.java:119)
	at com.kms.katalon.core.main.TestCaseExecutor.runScript(TestCaseExecutor.java:448)
	at com.kms.katalon.core.main.TestCaseExecutor.doExecute(TestCaseExecutor.java:439)
	at com.kms.katalon.core.main.TestCaseExecutor.processExecutionPhase(TestCaseExecutor.java:418)
	at com.kms.katalon.core.main.TestCaseExecutor.accessMainPhase(TestCaseExecutor.java:410)
	at com.kms.katalon.core.main.TestCaseExecutor.execute(TestCaseExecutor.java:285)
	at com.kms.katalon.core.common.CommonExecutor.accessTestCaseMainPhase(CommonExecutor.java:65)
	at com.kms.katalon.core.main.TestSuiteExecutor.accessTestSuiteMainPhase(TestSuiteExecutor.java:148)
	at com.kms.katalon.core.main.TestSuiteExecutor.execute(TestSuiteExecutor.java:106)
	at com.kms.katalon.core.main.TestCaseMain.startTestSuite(TestCaseMain.java:187)
	at com.kms.katalon.core.main.TestCaseMain$startTestSuite$0.call(Unknown Source)
	at TempTestSuite1693964859162.run(TempTestSuite1693964859162.groovy:36)
Caused by: com.kms.katalon.core.exception.StepFailedException: Actual text '' and expected text 'Verified' of test object 'Object Repository/Menu Pencarian Toko/pencarian kosong' are NOT matched.
	at com.kms.katalon.core.webui.keyword.internal.WebUIKeywordMain.stepFailed(WebUIKeywordMain.groovy:64)
	at com.kms.katalon.core.webui.keyword.builtin.VerifyElementTextKeyword$_verifyElementText_closure1.doCall(VerifyElementTextKeyword.groovy:57)
	at com.kms.katalon.core.webui.keyword.builtin.VerifyElementTextKeyword$_verifyElementText_closure1.call(VerifyElementTextKeyword.groovy)
	at com.kms.katalon.core.webui.keyword.internal.WebUIKeywordMain.runKeyword(WebUIKeywordMain.groovy:20)
	... 19 more]]></system-err>
      </testcase>
      <testcase name="Test Cases/T05 Pencarian Toko/TC-Cari Toko-Search-007" time="20.279" classname="Test Cases/T05 Pencarian Toko/TC-Cari Toko-Search-007" status="FAILED">
         <failure type="FAILED" message="Test Cases/T05 Pencarian Toko/TC-Cari Toko-Search-007 FAILED.
Reason:
com.kms.katalon.core.exception.StepFailedException: Verify element text of test object 'Object Repository/Menu Pencarian Toko/pencarian kosong' FAILED.
	at com.kms.katalon.core.webui.keyword.internal.WebUIKeywordMain.stepFailed(WebUIKeywordMain.groovy:64)
	at com.kms.katalon.core.webui.keyword.internal.WebUIKeywordMain.runKeyword(WebUIKeywordMain.groovy:26)
	at com.kms.katalon.core.webui.keyword.builtin.VerifyElementTextKeyword.verifyElementText(VerifyElementTextKeyword.groovy:72)
	at com.kms.katalon.core.webui.keyword.builtin.VerifyElementTextKeyword.execute(VerifyElementTextKeyword.groovy:40)
	at com.kms.katalon.core.keyword.internal.KeywordExecutor.executeKeywordForPlatform(KeywordExecutor.groovy:74)
	at com.kms.katalon.core.webui.keyword.WebUiBuiltInKeywords.verifyElementText(WebUiBuiltInKeywords.groovy:4749)
	at com.kms.katalon.core.webui.keyword.WebUiBuiltInKeywords$verifyElementText$4.call(Unknown Source)
	at TC-Cari Toko-Search-007.run(TC-Cari Toko-Search-007:26)
	at com.kms.katalon.core.main.ScriptEngine.run(ScriptEngine.java:194)
	at com.kms.katalon.core.main.ScriptEngine.runScriptAsRawText(ScriptEngine.java:119)
	at com.kms.katalon.core.main.TestCaseExecutor.runScript(TestCaseExecutor.java:448)
	at com.kms.katalon.core.main.TestCaseExecutor.doExecute(TestCaseExecutor.java:439)
	at com.kms.katalon.core.main.TestCaseExecutor.processExecutionPhase(TestCaseExecutor.java:418)
	at com.kms.katalon.core.main.TestCaseExecutor.accessMainPhase(TestCaseExecutor.java:410)
	at com.kms.katalon.core.main.TestCaseExecutor.execute(TestCaseExecutor.java:285)
	at com.kms.katalon.core.common.CommonExecutor.accessTestCaseMainPhase(CommonExecutor.java:65)
	at com.kms.katalon.core.main.TestSuiteExecutor.accessTestSuiteMainPhase(TestSuiteExecutor.java:148)
	at com.kms.katalon.core.main.TestSuiteExecutor.execute(TestSuiteExecutor.java:106)
	at com.kms.katalon.core.main.TestCaseMain.startTestSuite(TestCaseMain.java:187)
	at com.kms.katalon.core.main.TestCaseMain$startTestSuite$0.call(Unknown Source)
	at TempTestSuite1693964859162.run(TempTestSuite1693964859162.groovy:36)
Caused by: com.kms.katalon.core.exception.StepFailedException: Actual text '' and expected text 'mataram,' of test object 'Object Repository/Menu Pencarian Toko/pencarian kosong' are NOT matched.
	at com.kms.katalon.core.webui.keyword.internal.WebUIKeywordMain.stepFailed(WebUIKeywordMain.groovy:64)
	at com.kms.katalon.core.webui.keyword.builtin.VerifyElementTextKeyword$_verifyElementText_closure1.doCall(VerifyElementTextKeyword.groovy:57)
	at com.kms.katalon.core.webui.keyword.builtin.VerifyElementTextKeyword$_verifyElementText_closure1.call(VerifyElementTextKeyword.groovy)
	at com.kms.katalon.core.webui.keyword.internal.WebUIKeywordMain.runKeyword(WebUIKeywordMain.groovy:20)
	... 19 more
"/>
         <system-out><![CDATA[2023-09-06 08:52:58 - [TEST_CASE][FAILED] - Test Cases/T05 Pencarian Toko/TC-Cari Toko-Search-007: Test Cases/T05 Pencarian Toko/TC-Cari Toko-Search-007 FAILED.
Reason:
com.kms.katalon.core.exception.StepFailedException: Verify element text of test object 'Object Repository/Menu Pencarian Toko/pencarian kosong' FAILED.
	at com.kms.katalon.core.webui.keyword.internal.WebUIKeywordMain.stepFailed(WebUIKeywordMain.groovy:64)
	at com.kms.katalon.core.webui.keyword.internal.WebUIKeywordMain.runKeyword(WebUIKeywordMain.groovy:26)
	at com.kms.katalon.core.webui.keyword.builtin.VerifyElementTextKeyword.verifyElementText(VerifyElementTextKeyword.groovy:72)
	at com.kms.katalon.core.webui.keyword.builtin.VerifyElementTextKeyword.execute(VerifyElementTextKeyword.groovy:40)
	at com.kms.katalon.core.keyword.internal.KeywordExecutor.executeKeywordForPlatform(KeywordExecutor.groovy:74)
	at com.kms.katalon.core.webui.keyword.WebUiBuiltInKeywords.verifyElementText(WebUiBuiltInKeywords.groovy:4749)
	at com.kms.katalon.core.webui.keyword.WebUiBuiltInKeywords$verifyElementText$4.call(Unknown Source)
	at TC-Cari Toko-Search-007.run(TC-Cari Toko-Search-007:26)
	at com.kms.katalon.core.main.ScriptEngine.run(ScriptEngine.java:194)
	at com.kms.katalon.core.main.ScriptEngine.runScriptAsRawText(ScriptEngine.java:119)
	at com.kms.katalon.core.main.TestCaseExecutor.runScript(TestCaseExecutor.java:448)
	at com.kms.katalon.core.main.TestCaseExecutor.doExecute(TestCaseExecutor.java:439)
	at com.kms.katalon.core.main.TestCaseExecutor.processExecutionPhase(TestCaseExecutor.java:418)
	at com.kms.katalon.core.main.TestCaseExecutor.accessMainPhase(TestCaseExecutor.java:410)
	at com.kms.katalon.core.main.TestCaseExecutor.execute(TestCaseExecutor.java:285)
	at com.kms.katalon.core.common.CommonExecutor.accessTestCaseMainPhase(CommonExecutor.java:65)
	at com.kms.katalon.core.main.TestSuiteExecutor.accessTestSuiteMainPhase(TestSuiteExecutor.java:148)
	at com.kms.katalon.core.main.TestSuiteExecutor.execute(TestSuiteExecutor.java:106)
	at com.kms.katalon.core.main.TestCaseMain.startTestSuite(TestCaseMain.java:187)
	at com.kms.katalon.core.main.TestCaseMain$startTestSuite$0.call(Unknown Source)
	at TempTestSuite1693964859162.run(TempTestSuite1693964859162.groovy:36)
Caused by: com.kms.katalon.core.exception.StepFailedException: Actual text '' and expected text 'mataram,' of test object 'Object Repository/Menu Pencarian Toko/pencarian kosong' are NOT matched.
	at com.kms.katalon.core.webui.keyword.internal.WebUIKeywordMain.stepFailed(WebUIKeywordMain.groovy:64)
	at com.kms.katalon.core.webui.keyword.builtin.VerifyElementTextKeyword$_verifyElementText_closure1.doCall(VerifyElementTextKeyword.groovy:57)
	at com.kms.katalon.core.webui.keyword.builtin.VerifyElementTextKeyword$_verifyElementText_closure1.call(VerifyElementTextKeyword.groovy)
	at com.kms.katalon.core.webui.keyword.internal.WebUIKeywordMain.runKeyword(WebUIKeywordMain.groovy:20)
	... 19 more


2023-09-06 08:52:58 - [TEST_STEP][PASSED] - callTestCase(findTestCase("T05 Pencarian Toko/TC-Cari Toko-show-001"), [:], STOP_ON_FAILURE): Call Test Case 'Test Cases/T05 Pencarian Toko/TC-Cari Toko-show-001' successfully

2023-09-06 08:52:58 - [TEST_CASE][PASSED] - Test Cases/T05 Pencarian Toko/TC-Cari Toko-show-001: Test Cases/T05 Pencarian Toko/TC-Cari Toko-show-001

2023-09-06 08:52:58 - [TEST_STEP][PASSED] - openBrowser("https://10.9.2.63/ecommerce/"): Browser is opened with url: 'https://10.9.2.63/ecommerce/'

2023-09-06 08:52:58 - [MESSAGE][WARNING] - A browser is already opened. Closing browser and opening a new one

2023-09-06 08:52:59 - [MESSAGE][INFO] - Starting 'Edge Chromium' driver

2023-09-06 08:52:59 - [MESSAGE][INFO] - User set preference: ['acceptInsecureCerts', 'true']

2023-09-06 08:53:02 - [MESSAGE][INFO] - Action delay is set to 0 milliseconds

2023-09-06 08:53:08 - [MESSAGE][PASSED] - Browser is opened with url: 'https://10.9.2.63/ecommerce/'

2023-09-06 08:53:08 - [TEST_STEP][PASSED] - maximizeWindow(): Current window maximized

2023-09-06 08:53:08 - [MESSAGE][PASSED] - Current window maximized

2023-09-06 08:53:08 - [TEST_STEP][PASSED] - verifyElementPresent(findTestObject("Login/Halaman Home"), 0): Object 'Object Repository/Login/Halaman Home' is present

2023-09-06 08:53:08 - [MESSAGE][WARNING] - Timeout '0' is invalid. Using default page load timeout: '30'

2023-09-06 08:53:09 - [MESSAGE][PASSED] - Object 'Object Repository/Login/Halaman Home' is present

2023-09-06 08:53:09 - [TEST_STEP][PASSED] - click(findTestObject("Menu Pencarian Toko/menu Shop")): Object: 'Object Repository/Menu Pencarian Toko/menu Shop' is clicked on

2023-09-06 08:53:10 - [MESSAGE][PASSED] - Object: 'Object Repository/Menu Pencarian Toko/menu Shop' is clicked on

2023-09-06 08:53:10 - [TEST_STEP][PASSED] - click(findTestObject("Menu Pencarian Toko/menu Shop")): Object: 'Object Repository/Menu Pencarian Toko/menu Shop' is clicked on

2023-09-06 08:53:10 - [MESSAGE][PASSED] - Object: 'Object Repository/Menu Pencarian Toko/menu Shop' is clicked on

2023-09-06 08:53:10 - [TEST_STEP][PASSED] - click(findTestObject("Menu Pencarian Toko/Menu Toko (Pelapak)")): Object: 'Object Repository/Menu Pencarian Toko/Menu Toko (Pelapak)' is clicked on

2023-09-06 08:53:14 - [MESSAGE][PASSED] - Object: 'Object Repository/Menu Pencarian Toko/Menu Toko (Pelapak)' is clicked on

2023-09-06 08:53:14 - [TEST_STEP][PASSED] - verifyElementPresent(findTestObject("Menu Pencarian Toko/Tittle Semua Toko"), 0): Object 'Object Repository/Menu Pencarian Toko/Tittle Semua Toko' is present

2023-09-06 08:53:14 - [MESSAGE][WARNING] - Timeout '0' is invalid. Using default page load timeout: '30'

2023-09-06 08:53:15 - [MESSAGE][PASSED] - Object 'Object Repository/Menu Pencarian Toko/Tittle Semua Toko' is present

2023-09-06 08:53:15 - [MESSAGE][PASSED] - Call Test Case 'Test Cases/T05 Pencarian Toko/TC-Cari Toko-show-001' successfully

2023-09-06 08:53:15 - [TEST_STEP][PASSED] - setText(findTestObject("Fitur search/input_Semua Toko_cari_reseller"), "mataram,"): Text 'mataram,' is set on object 'Object Repository/Fitur search/input_Semua Toko_cari_reseller'

2023-09-06 08:53:16 - [MESSAGE][PASSED] - Text 'mataram,' is set on object 'Object Repository/Fitur search/input_Semua Toko_cari_reseller'

2023-09-06 08:53:16 - [TEST_STEP][PASSED] - click(findTestObject("Fitur search/button_Semua Toko_submit")): Object: 'Object Repository/Fitur search/button_Semua Toko_submit' is clicked on

2023-09-06 08:53:17 - [MESSAGE][PASSED] - Object: 'Object Repository/Fitur search/button_Semua Toko_submit' is clicked on

2023-09-06 08:53:17 - [TEST_STEP][FAILED] - verifyElementText(findTestObject("Menu Pencarian Toko/pencarian kosong"), "mataram,"): Verify element text of test object 'Object Repository/Menu Pencarian Toko/pencarian kosong' FAILED. (Root cause: com.kms.katalon.core.exception.StepFailedException: Verify element text of test object 'Object Repository/Menu Pencarian Toko/pencarian kosong' FAILED.
	at com.kms.katalon.core.webui.keyword.internal.WebUIKeywordMain.stepFailed(WebUIKeywordMain.groovy:64)
	at com.kms.katalon.core.webui.keyword.internal.WebUIKeywordMain.runKeyword(WebUIKeywordMain.groovy:26)
	at com.kms.katalon.core.webui.keyword.builtin.VerifyElementTextKeyword.verifyElementText(VerifyElementTextKeyword.groovy:72)
	at com.kms.katalon.core.webui.keyword.builtin.VerifyElementTextKeyword.execute(VerifyElementTextKeyword.groovy:40)
	at com.kms.katalon.core.keyword.internal.KeywordExecutor.executeKeywordForPlatform(KeywordExecutor.groovy:74)
	at com.kms.katalon.core.webui.keyword.WebUiBuiltInKeywords.verifyElementText(WebUiBuiltInKeywords.groovy:4749)
	at com.kms.katalon.core.webui.keyword.WebUiBuiltInKeywords$verifyElementText$4.call(Unknown Source)
	at TC-Cari Toko-Search-007.run(TC-Cari Toko-Search-007:26)
	at com.kms.katalon.core.main.ScriptEngine.run(ScriptEngine.java:194)
	at com.kms.katalon.core.main.ScriptEngine.runScriptAsRawText(ScriptEngine.java:119)
	at com.kms.katalon.core.main.TestCaseExecutor.runScript(TestCaseExecutor.java:448)
	at com.kms.katalon.core.main.TestCaseExecutor.doExecute(TestCaseExecutor.java:439)
	at com.kms.katalon.core.main.TestCaseExecutor.processExecutionPhase(TestCaseExecutor.java:418)
	at com.kms.katalon.core.main.TestCaseExecutor.accessMainPhase(TestCaseExecutor.java:410)
	at com.kms.katalon.core.main.TestCaseExecutor.execute(TestCaseExecutor.java:285)
	at com.kms.katalon.core.common.CommonExecutor.accessTestCaseMainPhase(CommonExecutor.java:65)
	at com.kms.katalon.core.main.TestSuiteExecutor.accessTestSuiteMainPhase(TestSuiteExecutor.java:148)
	at com.kms.katalon.core.main.TestSuiteExecutor.execute(TestSuiteExecutor.java:106)
	at com.kms.katalon.core.main.TestCaseMain.startTestSuite(TestCaseMain.java:187)
	at com.kms.katalon.core.main.TestCaseMain$startTestSuite$0.call(Unknown Source)
	at TempTestSuite1693964859162.run(TempTestSuite1693964859162.groovy:36)
Caused by: com.kms.katalon.core.exception.StepFailedException: Actual text '' and expected text 'mataram,' of test object 'Object Repository/Menu Pencarian Toko/pencarian kosong' are NOT matched.
	at com.kms.katalon.core.webui.keyword.internal.WebUIKeywordMain.stepFailed(WebUIKeywordMain.groovy:64)
	at com.kms.katalon.core.webui.keyword.builtin.VerifyElementTextKeyword$_verifyElementText_closure1.doCall(VerifyElementTextKeyword.groovy:57)
	at com.kms.katalon.core.webui.keyword.builtin.VerifyElementTextKeyword$_verifyElementText_closure1.call(VerifyElementTextKeyword.groovy)
	at com.kms.katalon.core.webui.keyword.internal.WebUIKeywordMain.runKeyword(WebUIKeywordMain.groovy:20)
	... 19 more
)

2023-09-06 08:53:18 - [MESSAGE][FAILED] - Actual text '' and expected text 'mataram,' of test object 'Object Repository/Menu Pencarian Toko/pencarian kosong' are NOT matched. (Root cause: com.kms.katalon.core.exception.StepFailedException: Actual text '' and expected text 'mataram,' of test object 'Object Repository/Menu Pencarian Toko/pencarian kosong' are NOT matched.
	at com.kms.katalon.core.webui.keyword.internal.WebUIKeywordMain.stepFailed(WebUIKeywordMain.groovy:64)
	at com.kms.katalon.core.webui.keyword.builtin.VerifyElementTextKeyword$_verifyElementText_closure1.doCall(VerifyElementTextKeyword.groovy:57)
	at com.kms.katalon.core.webui.keyword.builtin.VerifyElementTextKeyword$_verifyElementText_closure1.call(VerifyElementTextKeyword.groovy)
	at com.kms.katalon.core.webui.keyword.internal.WebUIKeywordMain.runKeyword(WebUIKeywordMain.groovy:20)
	at com.kms.katalon.core.webui.keyword.builtin.VerifyElementTextKeyword.verifyElementText(VerifyElementTextKeyword.groovy:72)
	at com.kms.katalon.core.webui.keyword.builtin.VerifyElementTextKeyword.execute(VerifyElementTextKeyword.groovy:40)
	at com.kms.katalon.core.keyword.internal.KeywordExecutor.executeKeywordForPlatform(KeywordExecutor.groovy:74)
	at com.kms.katalon.core.webui.keyword.WebUiBuiltInKeywords.verifyElementText(WebUiBuiltInKeywords.groovy:4749)
	at com.kms.katalon.core.webui.keyword.WebUiBuiltInKeywords$verifyElementText$4.call(Unknown Source)
	at TC-Cari Toko-Search-007.run(TC-Cari Toko-Search-007:26)
	at com.kms.katalon.core.main.ScriptEngine.run(ScriptEngine.java:194)
	at com.kms.katalon.core.main.ScriptEngine.runScriptAsRawText(ScriptEngine.java:119)
	at com.kms.katalon.core.main.TestCaseExecutor.runScript(TestCaseExecutor.java:448)
	at com.kms.katalon.core.main.TestCaseExecutor.doExecute(TestCaseExecutor.java:439)
	at com.kms.katalon.core.main.TestCaseExecutor.processExecutionPhase(TestCaseExecutor.java:418)
	at com.kms.katalon.core.main.TestCaseExecutor.accessMainPhase(TestCaseExecutor.java:410)
	at com.kms.katalon.core.main.TestCaseExecutor.execute(TestCaseExecutor.java:285)
	at com.kms.katalon.core.common.CommonExecutor.accessTestCaseMainPhase(CommonExecutor.java:65)
	at com.kms.katalon.core.main.TestSuiteExecutor.accessTestSuiteMainPhase(TestSuiteExecutor.java:148)
	at com.kms.katalon.core.main.TestSuiteExecutor.execute(TestSuiteExecutor.java:106)
	at com.kms.katalon.core.main.TestCaseMain.startTestSuite(TestCaseMain.java:187)
	at com.kms.katalon.core.main.TestCaseMain$startTestSuite$0.call(Unknown Source)
	at TempTestSuite1693964859162.run(TempTestSuite1693964859162.groovy:36)
)
[[ATTACHMENT|D:\\Project XSIS\\batch-324-qa\\irfan\\Projek Eval 2 Tajalapak dan administrator\\Reports\\20230906_084739\\pencarian toko\\pencarian toko\\20230906_084739\\1693965197894.png]]

2023-09-06 08:53:18 - [MESSAGE][FAILED] - Verify element text of test object 'Object Repository/Menu Pencarian Toko/pencarian kosong' FAILED. (Root cause: com.kms.katalon.core.exception.StepFailedException: Verify element text of test object 'Object Repository/Menu Pencarian Toko/pencarian kosong' FAILED.
	at com.kms.katalon.core.webui.keyword.internal.WebUIKeywordMain.stepFailed(WebUIKeywordMain.groovy:64)
	at com.kms.katalon.core.webui.keyword.internal.WebUIKeywordMain.runKeyword(WebUIKeywordMain.groovy:26)
	at com.kms.katalon.core.webui.keyword.builtin.VerifyElementTextKeyword.verifyElementText(VerifyElementTextKeyword.groovy:72)
	at com.kms.katalon.core.webui.keyword.builtin.VerifyElementTextKeyword.execute(VerifyElementTextKeyword.groovy:40)
	at com.kms.katalon.core.keyword.internal.KeywordExecutor.executeKeywordForPlatform(KeywordExecutor.groovy:74)
	at com.kms.katalon.core.webui.keyword.WebUiBuiltInKeywords.verifyElementText(WebUiBuiltInKeywords.groovy:4749)
	at com.kms.katalon.core.webui.keyword.WebUiBuiltInKeywords$verifyElementText$4.call(Unknown Source)
	at TC-Cari Toko-Search-007.run(TC-Cari Toko-Search-007:26)
	at com.kms.katalon.core.main.ScriptEngine.run(ScriptEngine.java:194)
	at com.kms.katalon.core.main.ScriptEngine.runScriptAsRawText(ScriptEngine.java:119)
	at com.kms.katalon.core.main.TestCaseExecutor.runScript(TestCaseExecutor.java:448)
	at com.kms.katalon.core.main.TestCaseExecutor.doExecute(TestCaseExecutor.java:439)
	at com.kms.katalon.core.main.TestCaseExecutor.processExecutionPhase(TestCaseExecutor.java:418)
	at com.kms.katalon.core.main.TestCaseExecutor.accessMainPhase(TestCaseExecutor.java:410)
	at com.kms.katalon.core.main.TestCaseExecutor.execute(TestCaseExecutor.java:285)
	at com.kms.katalon.core.common.CommonExecutor.accessTestCaseMainPhase(CommonExecutor.java:65)
	at com.kms.katalon.core.main.TestSuiteExecutor.accessTestSuiteMainPhase(TestSuiteExecutor.java:148)
	at com.kms.katalon.core.main.TestSuiteExecutor.execute(TestSuiteExecutor.java:106)
	at com.kms.katalon.core.main.TestCaseMain.startTestSuite(TestCaseMain.java:187)
	at com.kms.katalon.core.main.TestCaseMain$startTestSuite$0.call(Unknown Source)
	at TempTestSuite1693964859162.run(TempTestSuite1693964859162.groovy:36)
Caused by: com.kms.katalon.core.exception.StepFailedException: Actual text '' and expected text 'mataram,' of test object 'Object Repository/Menu Pencarian Toko/pencarian kosong' are NOT matched.
	at com.kms.katalon.core.webui.keyword.internal.WebUIKeywordMain.stepFailed(WebUIKeywordMain.groovy:64)
	at com.kms.katalon.core.webui.keyword.builtin.VerifyElementTextKeyword$_verifyElementText_closure1.doCall(VerifyElementTextKeyword.groovy:57)
	at com.kms.katalon.core.webui.keyword.builtin.VerifyElementTextKeyword$_verifyElementText_closure1.call(VerifyElementTextKeyword.groovy)
	at com.kms.katalon.core.webui.keyword.internal.WebUIKeywordMain.runKeyword(WebUIKeywordMain.groovy:20)
	... 19 more
)
[[ATTACHMENT|D:\\Project XSIS\\batch-324-qa\\irfan\\Projek Eval 2 Tajalapak dan administrator\\Reports\\20230906_084739\\pencarian toko\\pencarian toko\\20230906_084739\\1693965198128.png]]]]></system-out>
         <system-err><![CDATA[2023-09-06 08:52:58 - [TEST_CASE][FAILED] - Test Cases/T05 Pencarian Toko/TC-Cari Toko-Search-007: Test Cases/T05 Pencarian Toko/TC-Cari Toko-Search-007 FAILED.
Reason:
com.kms.katalon.core.exception.StepFailedException: Verify element text of test object 'Object Repository/Menu Pencarian Toko/pencarian kosong' FAILED.
	at com.kms.katalon.core.webui.keyword.internal.WebUIKeywordMain.stepFailed(WebUIKeywordMain.groovy:64)
	at com.kms.katalon.core.webui.keyword.internal.WebUIKeywordMain.runKeyword(WebUIKeywordMain.groovy:26)
	at com.kms.katalon.core.webui.keyword.builtin.VerifyElementTextKeyword.verifyElementText(VerifyElementTextKeyword.groovy:72)
	at com.kms.katalon.core.webui.keyword.builtin.VerifyElementTextKeyword.execute(VerifyElementTextKeyword.groovy:40)
	at com.kms.katalon.core.keyword.internal.KeywordExecutor.executeKeywordForPlatform(KeywordExecutor.groovy:74)
	at com.kms.katalon.core.webui.keyword.WebUiBuiltInKeywords.verifyElementText(WebUiBuiltInKeywords.groovy:4749)
	at com.kms.katalon.core.webui.keyword.WebUiBuiltInKeywords$verifyElementText$4.call(Unknown Source)
	at TC-Cari Toko-Search-007.run(TC-Cari Toko-Search-007:26)
	at com.kms.katalon.core.main.ScriptEngine.run(ScriptEngine.java:194)
	at com.kms.katalon.core.main.ScriptEngine.runScriptAsRawText(ScriptEngine.java:119)
	at com.kms.katalon.core.main.TestCaseExecutor.runScript(TestCaseExecutor.java:448)
	at com.kms.katalon.core.main.TestCaseExecutor.doExecute(TestCaseExecutor.java:439)
	at com.kms.katalon.core.main.TestCaseExecutor.processExecutionPhase(TestCaseExecutor.java:418)
	at com.kms.katalon.core.main.TestCaseExecutor.accessMainPhase(TestCaseExecutor.java:410)
	at com.kms.katalon.core.main.TestCaseExecutor.execute(TestCaseExecutor.java:285)
	at com.kms.katalon.core.common.CommonExecutor.accessTestCaseMainPhase(CommonExecutor.java:65)
	at com.kms.katalon.core.main.TestSuiteExecutor.accessTestSuiteMainPhase(TestSuiteExecutor.java:148)
	at com.kms.katalon.core.main.TestSuiteExecutor.execute(TestSuiteExecutor.java:106)
	at com.kms.katalon.core.main.TestCaseMain.startTestSuite(TestCaseMain.java:187)
	at com.kms.katalon.core.main.TestCaseMain$startTestSuite$0.call(Unknown Source)
	at TempTestSuite1693964859162.run(TempTestSuite1693964859162.groovy:36)
Caused by: com.kms.katalon.core.exception.StepFailedException: Actual text '' and expected text 'mataram,' of test object 'Object Repository/Menu Pencarian Toko/pencarian kosong' are NOT matched.
	at com.kms.katalon.core.webui.keyword.internal.WebUIKeywordMain.stepFailed(WebUIKeywordMain.groovy:64)
	at com.kms.katalon.core.webui.keyword.builtin.VerifyElementTextKeyword$_verifyElementText_closure1.doCall(VerifyElementTextKeyword.groovy:57)
	at com.kms.katalon.core.webui.keyword.builtin.VerifyElementTextKeyword$_verifyElementText_closure1.call(VerifyElementTextKeyword.groovy)
	at com.kms.katalon.core.webui.keyword.internal.WebUIKeywordMain.runKeyword(WebUIKeywordMain.groovy:20)
	... 19 more]]></system-err>
      </testcase>
      <testcase name="Test Cases/T05 Pencarian Toko/TC-Cari Toko-Search-008" time="22.423" classname="Test Cases/T05 Pencarian Toko/TC-Cari Toko-Search-008" status="FAILED">
         <failure type="FAILED" message="Test Cases/T05 Pencarian Toko/TC-Cari Toko-Search-008 FAILED.
Reason:
Assertion failed: 

assert nama_toko.toString().trim().equalsIgnoreCase(regional.trim())
       |         |          |      |                |        |
       |         |          |      false            |        Cahaya Asia Qwerty
       |         |          |                       Cahaya Asia Qwerty
       |         |          Toko Madu dan Herbal Alami
       |         Toko Madu dan Herbal Alami 
       Toko Madu dan Herbal Alami 

	at TC-Cari Toko-Search-008.run(TC-Cari Toko-Search-008:30)
	at com.kms.katalon.core.main.ScriptEngine.run(ScriptEngine.java:194)
	at com.kms.katalon.core.main.ScriptEngine.runScriptAsRawText(ScriptEngine.java:119)
	at com.kms.katalon.core.main.TestCaseExecutor.runScript(TestCaseExecutor.java:448)
	at com.kms.katalon.core.main.TestCaseExecutor.doExecute(TestCaseExecutor.java:439)
	at com.kms.katalon.core.main.TestCaseExecutor.processExecutionPhase(TestCaseExecutor.java:418)
	at com.kms.katalon.core.main.TestCaseExecutor.accessMainPhase(TestCaseExecutor.java:410)
	at com.kms.katalon.core.main.TestCaseExecutor.execute(TestCaseExecutor.java:285)
	at com.kms.katalon.core.common.CommonExecutor.accessTestCaseMainPhase(CommonExecutor.java:65)
	at com.kms.katalon.core.main.TestSuiteExecutor.accessTestSuiteMainPhase(TestSuiteExecutor.java:148)
	at com.kms.katalon.core.main.TestSuiteExecutor.execute(TestSuiteExecutor.java:106)
	at com.kms.katalon.core.main.TestCaseMain.startTestSuite(TestCaseMain.java:187)
	at com.kms.katalon.core.main.TestCaseMain$startTestSuite$0.call(Unknown Source)
	at TempTestSuite1693964859162.run(TempTestSuite1693964859162.groovy:36)
"/>
         <system-out><![CDATA[2023-09-06 08:53:18 - [TEST_CASE][FAILED] - Test Cases/T05 Pencarian Toko/TC-Cari Toko-Search-008: Test Cases/T05 Pencarian Toko/TC-Cari Toko-Search-008 FAILED.
Reason:
Assertion failed: 

assert nama_toko.toString().trim().equalsIgnoreCase(regional.trim())
       |         |          |      |                |        |
       |         |          |      false            |        Cahaya Asia Qwerty
       |         |          |                       Cahaya Asia Qwerty
       |         |          Toko Madu dan Herbal Alami
       |         Toko Madu dan Herbal Alami 
       Toko Madu dan Herbal Alami 

	at TC-Cari Toko-Search-008.run(TC-Cari Toko-Search-008:30)
	at com.kms.katalon.core.main.ScriptEngine.run(ScriptEngine.java:194)
	at com.kms.katalon.core.main.ScriptEngine.runScriptAsRawText(ScriptEngine.java:119)
	at com.kms.katalon.core.main.TestCaseExecutor.runScript(TestCaseExecutor.java:448)
	at com.kms.katalon.core.main.TestCaseExecutor.doExecute(TestCaseExecutor.java:439)
	at com.kms.katalon.core.main.TestCaseExecutor.processExecutionPhase(TestCaseExecutor.java:418)
	at com.kms.katalon.core.main.TestCaseExecutor.accessMainPhase(TestCaseExecutor.java:410)
	at com.kms.katalon.core.main.TestCaseExecutor.execute(TestCaseExecutor.java:285)
	at com.kms.katalon.core.common.CommonExecutor.accessTestCaseMainPhase(CommonExecutor.java:65)
	at com.kms.katalon.core.main.TestSuiteExecutor.accessTestSuiteMainPhase(TestSuiteExecutor.java:148)
	at com.kms.katalon.core.main.TestSuiteExecutor.execute(TestSuiteExecutor.java:106)
	at com.kms.katalon.core.main.TestCaseMain.startTestSuite(TestCaseMain.java:187)
	at com.kms.katalon.core.main.TestCaseMain$startTestSuite$0.call(Unknown Source)
	at TempTestSuite1693964859162.run(TempTestSuite1693964859162.groovy:36)


2023-09-06 08:53:19 - [TEST_STEP][PASSED] - callTestCase(findTestCase("T05 Pencarian Toko/TC-Cari Toko-show-001"), [:], STOP_ON_FAILURE): Call Test Case 'Test Cases/T05 Pencarian Toko/TC-Cari Toko-show-001' successfully

2023-09-06 08:53:19 - [TEST_CASE][PASSED] - Test Cases/T05 Pencarian Toko/TC-Cari Toko-show-001: Test Cases/T05 Pencarian Toko/TC-Cari Toko-show-001

2023-09-06 08:53:19 - [TEST_STEP][PASSED] - openBrowser("https://10.9.2.63/ecommerce/"): Browser is opened with url: 'https://10.9.2.63/ecommerce/'

2023-09-06 08:53:19 - [MESSAGE][WARNING] - A browser is already opened. Closing browser and opening a new one

2023-09-06 08:53:20 - [MESSAGE][INFO] - Starting 'Edge Chromium' driver

2023-09-06 08:53:20 - [MESSAGE][INFO] - User set preference: ['acceptInsecureCerts', 'true']

2023-09-06 08:53:22 - [MESSAGE][INFO] - Action delay is set to 0 milliseconds

2023-09-06 08:53:28 - [MESSAGE][PASSED] - Browser is opened with url: 'https://10.9.2.63/ecommerce/'

2023-09-06 08:53:28 - [TEST_STEP][PASSED] - maximizeWindow(): Current window maximized

2023-09-06 08:53:28 - [MESSAGE][PASSED] - Current window maximized

2023-09-06 08:53:28 - [TEST_STEP][PASSED] - verifyElementPresent(findTestObject("Login/Halaman Home"), 0): Object 'Object Repository/Login/Halaman Home' is present

2023-09-06 08:53:28 - [MESSAGE][WARNING] - Timeout '0' is invalid. Using default page load timeout: '30'

2023-09-06 08:53:29 - [MESSAGE][PASSED] - Object 'Object Repository/Login/Halaman Home' is present

2023-09-06 08:53:29 - [TEST_STEP][PASSED] - click(findTestObject("Menu Pencarian Toko/menu Shop")): Object: 'Object Repository/Menu Pencarian Toko/menu Shop' is clicked on

2023-09-06 08:53:29 - [MESSAGE][PASSED] - Object: 'Object Repository/Menu Pencarian Toko/menu Shop' is clicked on

2023-09-06 08:53:29 - [TEST_STEP][PASSED] - click(findTestObject("Menu Pencarian Toko/menu Shop")): Object: 'Object Repository/Menu Pencarian Toko/menu Shop' is clicked on

2023-09-06 08:53:30 - [MESSAGE][PASSED] - Object: 'Object Repository/Menu Pencarian Toko/menu Shop' is clicked on

2023-09-06 08:53:30 - [TEST_STEP][PASSED] - click(findTestObject("Menu Pencarian Toko/Menu Toko (Pelapak)")): Object: 'Object Repository/Menu Pencarian Toko/Menu Toko (Pelapak)' is clicked on

2023-09-06 08:53:37 - [MESSAGE][PASSED] - Object: 'Object Repository/Menu Pencarian Toko/Menu Toko (Pelapak)' is clicked on

2023-09-06 08:53:37 - [TEST_STEP][PASSED] - verifyElementPresent(findTestObject("Menu Pencarian Toko/Tittle Semua Toko"), 0): Object 'Object Repository/Menu Pencarian Toko/Tittle Semua Toko' is present

2023-09-06 08:53:37 - [MESSAGE][WARNING] - Timeout '0' is invalid. Using default page load timeout: '30'

2023-09-06 08:53:37 - [MESSAGE][PASSED] - Object 'Object Repository/Menu Pencarian Toko/Tittle Semua Toko' is present

2023-09-06 08:53:37 - [MESSAGE][PASSED] - Call Test Case 'Test Cases/T05 Pencarian Toko/TC-Cari Toko-show-001' successfully

2023-09-06 08:53:37 - [TEST_STEP][PASSED] - setText(findTestObject("Fitur search/input_Semua Toko_cari_reseller"), nama_toko): Text 'Toko Madu dan Herbal Alami ' is set on object 'Object Repository/Fitur search/input_Semua Toko_cari_reseller'

2023-09-06 08:53:38 - [MESSAGE][PASSED] - Text 'Toko Madu dan Herbal Alami ' is set on object 'Object Repository/Fitur search/input_Semua Toko_cari_reseller'

2023-09-06 08:53:38 - [TEST_STEP][PASSED] - click(findTestObject("Fitur search/button_Semua Toko_submit")): Object: 'Object Repository/Fitur search/button_Semua Toko_submit' is clicked on

2023-09-06 08:53:39 - [MESSAGE][PASSED] - Object: 'Object Repository/Fitur search/button_Semua Toko_submit' is clicked on

2023-09-06 08:53:39 - [TEST_STEP][PASSED] - regional1 = text: null

2023-09-06 08:53:40 - [TEST_STEP][PASSED] - regional = regional1.substring(9, regional1.size()): null

2023-09-06 08:53:40 - [TEST_STEP][FAILED] - assert trim().equalsIgnoreCase(regional.trim()): Test Cases/T05 Pencarian Toko/TC-Cari Toko-Search-008 FAILED.
Reason:
Assertion failed: 

assert nama_toko.toString().trim().equalsIgnoreCase(regional.trim())
       |         |          |      |                |        |
       |         |          |      false            |        Cahaya Asia Qwerty
       |         |          |                       Cahaya Asia Qwerty
       |         |          Toko Madu dan Herbal Alami
       |         Toko Madu dan Herbal Alami 
       Toko Madu dan Herbal Alami 

	at TC-Cari Toko-Search-008.run(TC-Cari Toko-Search-008:30)
	at com.kms.katalon.core.main.ScriptEngine.run(ScriptEngine.java:194)
	at com.kms.katalon.core.main.ScriptEngine.runScriptAsRawText(ScriptEngine.java:119)
	at com.kms.katalon.core.main.TestCaseExecutor.runScript(TestCaseExecutor.java:448)
	at com.kms.katalon.core.main.TestCaseExecutor.doExecute(TestCaseExecutor.java:439)
	at com.kms.katalon.core.main.TestCaseExecutor.processExecutionPhase(TestCaseExecutor.java:418)
	at com.kms.katalon.core.main.TestCaseExecutor.accessMainPhase(TestCaseExecutor.java:410)
	at com.kms.katalon.core.main.TestCaseExecutor.execute(TestCaseExecutor.java:285)
	at com.kms.katalon.core.common.CommonExecutor.accessTestCaseMainPhase(CommonExecutor.java:65)
	at com.kms.katalon.core.main.TestSuiteExecutor.accessTestSuiteMainPhase(TestSuiteExecutor.java:148)
	at com.kms.katalon.core.main.TestSuiteExecutor.execute(TestSuiteExecutor.java:106)
	at com.kms.katalon.core.main.TestCaseMain.startTestSuite(TestCaseMain.java:187)
	at com.kms.katalon.core.main.TestCaseMain$startTestSuite$0.call(Unknown Source)
	at TempTestSuite1693964859162.run(TempTestSuite1693964859162.groovy:36)


2023-09-06 08:53:40 - [MESSAGE][FAILED] - Test Cases/T05 Pencarian Toko/TC-Cari Toko-Search-008 FAILED.
Reason:
Assertion failed: 

assert nama_toko.toString().trim().equalsIgnoreCase(regional.trim())
       |         |          |      |                |        |
       |         |          |      false            |        Cahaya Asia Qwerty
       |         |          |                       Cahaya Asia Qwerty
       |         |          Toko Madu dan Herbal Alami
       |         Toko Madu dan Herbal Alami 
       Toko Madu dan Herbal Alami 

	at TC-Cari Toko-Search-008.run(TC-Cari Toko-Search-008:30)
	at com.kms.katalon.core.main.ScriptEngine.run(ScriptEngine.java:194)
	at com.kms.katalon.core.main.ScriptEngine.runScriptAsRawText(ScriptEngine.java:119)
	at com.kms.katalon.core.main.TestCaseExecutor.runScript(TestCaseExecutor.java:448)
	at com.kms.katalon.core.main.TestCaseExecutor.doExecute(TestCaseExecutor.java:439)
	at com.kms.katalon.core.main.TestCaseExecutor.processExecutionPhase(TestCaseExecutor.java:418)
	at com.kms.katalon.core.main.TestCaseExecutor.accessMainPhase(TestCaseExecutor.java:410)
	at com.kms.katalon.core.main.TestCaseExecutor.execute(TestCaseExecutor.java:285)
	at com.kms.katalon.core.common.CommonExecutor.accessTestCaseMainPhase(CommonExecutor.java:65)
	at com.kms.katalon.core.main.TestSuiteExecutor.accessTestSuiteMainPhase(TestSuiteExecutor.java:148)
	at com.kms.katalon.core.main.TestSuiteExecutor.execute(TestSuiteExecutor.java:106)
	at com.kms.katalon.core.main.TestCaseMain.startTestSuite(TestCaseMain.java:187)
	at com.kms.katalon.core.main.TestCaseMain$startTestSuite$0.call(Unknown Source)
	at TempTestSuite1693964859162.run(TempTestSuite1693964859162.groovy:36)]]></system-out>
         <system-err><![CDATA[2023-09-06 08:53:18 - [TEST_CASE][FAILED] - Test Cases/T05 Pencarian Toko/TC-Cari Toko-Search-008: Test Cases/T05 Pencarian Toko/TC-Cari Toko-Search-008 FAILED.
Reason:
Assertion failed: 

assert nama_toko.toString().trim().equalsIgnoreCase(regional.trim())
       |         |          |      |                |        |
       |         |          |      false            |        Cahaya Asia Qwerty
       |         |          |                       Cahaya Asia Qwerty
       |         |          Toko Madu dan Herbal Alami
       |         Toko Madu dan Herbal Alami 
       Toko Madu dan Herbal Alami 

	at TC-Cari Toko-Search-008.run(TC-Cari Toko-Search-008:30)
	at com.kms.katalon.core.main.ScriptEngine.run(ScriptEngine.java:194)
	at com.kms.katalon.core.main.ScriptEngine.runScriptAsRawText(ScriptEngine.java:119)
	at com.kms.katalon.core.main.TestCaseExecutor.runScript(TestCaseExecutor.java:448)
	at com.kms.katalon.core.main.TestCaseExecutor.doExecute(TestCaseExecutor.java:439)
	at com.kms.katalon.core.main.TestCaseExecutor.processExecutionPhase(TestCaseExecutor.java:418)
	at com.kms.katalon.core.main.TestCaseExecutor.accessMainPhase(TestCaseExecutor.java:410)
	at com.kms.katalon.core.main.TestCaseExecutor.execute(TestCaseExecutor.java:285)
	at com.kms.katalon.core.common.CommonExecutor.accessTestCaseMainPhase(CommonExecutor.java:65)
	at com.kms.katalon.core.main.TestSuiteExecutor.accessTestSuiteMainPhase(TestSuiteExecutor.java:148)
	at com.kms.katalon.core.main.TestSuiteExecutor.execute(TestSuiteExecutor.java:106)
	at com.kms.katalon.core.main.TestCaseMain.startTestSuite(TestCaseMain.java:187)
	at com.kms.katalon.core.main.TestCaseMain$startTestSuite$0.call(Unknown Source)
	at TempTestSuite1693964859162.run(TempTestSuite1693964859162.groovy:36)]]></system-err>
      </testcase>
      <testcase name="Test Cases/T05 Pencarian Toko/TC-Cari Toko-show-001" time="15.734" classname="Test Cases/T05 Pencarian Toko/TC-Cari Toko-show-001" status="PASSED">
         <system-out><![CDATA[2023-09-06 08:53:40 - [TEST_CASE][PASSED] - Test Cases/T05 Pencarian Toko/TC-Cari Toko-show-001: Test Cases/T05 Pencarian Toko/TC-Cari Toko-show-001

2023-09-06 08:53:40 - [TEST_STEP][PASSED] - openBrowser("https://10.9.2.63/ecommerce/"): Browser is opened with url: 'https://10.9.2.63/ecommerce/'

2023-09-06 08:53:40 - [MESSAGE][WARNING] - A browser is already opened. Closing browser and opening a new one

2023-09-06 08:53:41 - [MESSAGE][INFO] - Starting 'Edge Chromium' driver

2023-09-06 08:53:41 - [MESSAGE][INFO] - User set preference: ['acceptInsecureCerts', 'true']

2023-09-06 08:53:43 - [MESSAGE][INFO] - Action delay is set to 0 milliseconds

2023-09-06 08:53:49 - [MESSAGE][PASSED] - Browser is opened with url: 'https://10.9.2.63/ecommerce/'

2023-09-06 08:53:49 - [TEST_STEP][PASSED] - maximizeWindow(): Current window maximized

2023-09-06 08:53:49 - [MESSAGE][PASSED] - Current window maximized

2023-09-06 08:53:49 - [TEST_STEP][PASSED] - verifyElementPresent(findTestObject("Login/Halaman Home"), 0): Object 'Object Repository/Login/Halaman Home' is present

2023-09-06 08:53:49 - [MESSAGE][WARNING] - Timeout '0' is invalid. Using default page load timeout: '30'

2023-09-06 08:53:50 - [MESSAGE][PASSED] - Object 'Object Repository/Login/Halaman Home' is present

2023-09-06 08:53:50 - [TEST_STEP][PASSED] - click(findTestObject("Menu Pencarian Toko/menu Shop")): Object: 'Object Repository/Menu Pencarian Toko/menu Shop' is clicked on

2023-09-06 08:53:51 - [MESSAGE][PASSED] - Object: 'Object Repository/Menu Pencarian Toko/menu Shop' is clicked on

2023-09-06 08:53:51 - [TEST_STEP][PASSED] - click(findTestObject("Menu Pencarian Toko/menu Shop")): Object: 'Object Repository/Menu Pencarian Toko/menu Shop' is clicked on

2023-09-06 08:53:51 - [MESSAGE][PASSED] - Object: 'Object Repository/Menu Pencarian Toko/menu Shop' is clicked on

2023-09-06 08:53:51 - [TEST_STEP][PASSED] - click(findTestObject("Menu Pencarian Toko/Menu Toko (Pelapak)")): Object: 'Object Repository/Menu Pencarian Toko/Menu Toko (Pelapak)' is clicked on

2023-09-06 08:53:56 - [MESSAGE][PASSED] - Object: 'Object Repository/Menu Pencarian Toko/Menu Toko (Pelapak)' is clicked on

2023-09-06 08:53:56 - [TEST_STEP][PASSED] - verifyElementPresent(findTestObject("Menu Pencarian Toko/Tittle Semua Toko"), 0): Object 'Object Repository/Menu Pencarian Toko/Tittle Semua Toko' is present

2023-09-06 08:53:56 - [MESSAGE][WARNING] - Timeout '0' is invalid. Using default page load timeout: '30'

2023-09-06 08:53:56 - [MESSAGE][PASSED] - Object 'Object Repository/Menu Pencarian Toko/Tittle Semua Toko' is present]]></system-out>
         <system-err><![CDATA[]]></system-err>
      </testcase>
      <testcase name="Test Cases/T05 Pencarian Toko/TC-Login Admin-Success-001" time="27.035" classname="Test Cases/T05 Pencarian Toko/TC-Login Admin-Success-001" status="PASSED">
         <system-out><![CDATA[2023-09-06 08:53:56 - [TEST_CASE][PASSED] - Test Cases/T05 Pencarian Toko/TC-Login Admin-Success-001: Test Cases/T05 Pencarian Toko/TC-Login Admin-Success-001

2023-09-06 08:53:57 - [TEST_STEP][PASSED] - openBrowser("https://10.9.2.63/ecommerce/administrator/"): Browser is opened with url: 'https://10.9.2.63/ecommerce/administrator/'

2023-09-06 08:53:57 - [MESSAGE][WARNING] - A browser is already opened. Closing browser and opening a new one

2023-09-06 08:53:58 - [MESSAGE][INFO] - Starting 'Edge Chromium' driver

2023-09-06 08:53:58 - [MESSAGE][INFO] - User set preference: ['acceptInsecureCerts', 'true']

2023-09-06 08:54:00 - [MESSAGE][INFO] - Action delay is set to 0 milliseconds

2023-09-06 08:54:03 - [MESSAGE][PASSED] - Browser is opened with url: 'https://10.9.2.63/ecommerce/administrator/'

2023-09-06 08:54:03 - [TEST_STEP][PASSED] - maximizeWindow(): Current window maximized

2023-09-06 08:54:03 - [MESSAGE][PASSED] - Current window maximized

2023-09-06 08:54:03 - [TEST_STEP][PASSED] - verifyElementPresent(findTestObject("Login admin/Tittle ADMIN"), 0): Object 'Object Repository/Login admin/Tittle ADMIN' is present

2023-09-06 08:54:03 - [MESSAGE][WARNING] - Timeout '0' is invalid. Using default page load timeout: '30'

2023-09-06 08:54:03 - [MESSAGE][PASSED] - Object 'Object Repository/Login admin/Tittle ADMIN' is present

2023-09-06 08:54:03 - [TEST_STEP][PASSED] - setText(findTestObject("Login/input_Username, Email atau No. Handphone_a"), Username): Text 'admin' is set on object 'Object Repository/Login/input_Username, Email atau No. Handphone_a'

2023-09-06 08:54:04 - [MESSAGE][PASSED] - Text 'admin' is set on object 'Object Repository/Login/input_Username, Email atau No. Handphone_a'

2023-09-06 08:54:04 - [TEST_STEP][PASSED] - setText(findTestObject("Login/input_Password"), Password): Text '123admin123' is set on object 'Object Repository/Login/input_Password'

2023-09-06 08:54:05 - [MESSAGE][PASSED] - Text '123admin123' is set on object 'Object Repository/Login/input_Password'

2023-09-06 08:54:05 - [TEST_STEP][PASSED] - click(findTestObject("Login admin/buttom Remember Me")): Object: 'Object Repository/Login admin/buttom Remember Me' is clicked on

2023-09-06 08:54:06 - [MESSAGE][PASSED] - Object: 'Object Repository/Login admin/buttom Remember Me' is clicked on

2023-09-06 08:54:06 - [TEST_STEP][PASSED] - delay(10): Delayed 10 second(s)

2023-09-06 08:54:16 - [MESSAGE][PASSED] - Delayed 10 second(s)

2023-09-06 08:54:16 - [TEST_STEP][PASSED] - click(findTestObject("Login admin/buttom sign in")): Object: 'Object Repository/Login admin/buttom sign in' is clicked on

2023-09-06 08:54:22 - [MESSAGE][PASSED] - Object: 'Object Repository/Login admin/buttom sign in' is clicked on

2023-09-06 08:54:22 - [TEST_STEP][PASSED] - verifyElementPresent(findTestObject("Login admin/Tittle Dashboard"), 0): Object 'Object Repository/Login admin/Tittle Dashboard' is present

2023-09-06 08:54:23 - [MESSAGE][WARNING] - Timeout '0' is invalid. Using default page load timeout: '30'

2023-09-06 08:54:23 - [MESSAGE][PASSED] - Object 'Object Repository/Login admin/Tittle Dashboard' is present]]></system-out>
         <system-err><![CDATA[]]></system-err>
      </testcase>
      <system-out><![CDATA[2023-09-06 08:47:41 - [TEST_SUITE][FAILED] - pencarian toko: Test Cases/T05 Pencarian Toko/TC-Cari Toko administrator-Search-003 FAILED.
Reason:
com.kms.katalon.core.exception.StepFailedException: Verify element text of test object 'Object Repository/Menu pencarian Toko admin/Massage Error' FAILED.
	at com.kms.katalon.core.webui.keyword.internal.WebUIKeywordMain.stepFailed(WebUIKeywordMain.groovy:64)
	at com.kms.katalon.core.webui.keyword.internal.WebUIKeywordMain.runKeyword(WebUIKeywordMain.groovy:26)
	at com.kms.katalon.core.webui.keyword.builtin.VerifyElementTextKeyword.verifyElementText(VerifyElementTextKeyword.groovy:72)
	at com.kms.katalon.core.webui.keyword.builtin.VerifyElementTextKeyword.execute(VerifyElementTextKeyword.groovy:40)
	at com.kms.katalon.core.keyword.internal.KeywordExecutor.executeKeywordForPlatform(KeywordExecutor.groovy:74)
	at com.kms.katalon.core.webui.keyword.WebUiBuiltInKeywords.verifyElementText(WebUiBuiltInKeywords.groovy:4749)
	at com.kms.katalon.core.webui.keyword.WebUiBuiltInKeywords$verifyElementText$4.call(Unknown Source)
	at TC-Cari Toko administrator-Search-003.run(TC-Cari Toko administrator-Search-003:29)
	at com.kms.katalon.core.main.ScriptEngine.run(ScriptEngine.java:194)
	at com.kms.katalon.core.main.ScriptEngine.runScriptAsRawText(ScriptEngine.java:119)
	at com.kms.katalon.core.main.TestCaseExecutor.runScript(TestCaseExecutor.java:448)
	at com.kms.katalon.core.main.TestCaseExecutor.doExecute(TestCaseExecutor.java:439)
	at com.kms.katalon.core.main.TestCaseExecutor.processExecutionPhase(TestCaseExecutor.java:418)
	at com.kms.katalon.core.main.TestCaseExecutor.accessMainPhase(TestCaseExecutor.java:410)
	at com.kms.katalon.core.main.TestCaseExecutor.execute(TestCaseExecutor.java:285)
	at com.kms.katalon.core.common.CommonExecutor.accessTestCaseMainPhase(CommonExecutor.java:65)
	at com.kms.katalon.core.main.TestSuiteExecutor.accessTestSuiteMainPhase(TestSuiteExecutor.java:148)
	at com.kms.katalon.core.main.TestSuiteExecutor.execute(TestSuiteExecutor.java:106)
	at com.kms.katalon.core.main.TestCaseMain.startTestSuite(TestCaseMain.java:187)
	at com.kms.katalon.core.main.TestCaseMain$startTestSuite$0.call(Unknown Source)
	at TempTestSuite1693964859162.run(TempTestSuite1693964859162.groovy:36)
Caused by: com.kms.katalon.core.exception.StepFailedException: Actual text '1' and expected text 'Keyword tidak boleh kosong' of test object 'Object Repository/Menu pencarian Toko admin/Massage Error' are NOT matched.
	at com.kms.katalon.core.webui.keyword.internal.WebUIKeywordMain.stepFailed(WebUIKeywordMain.groovy:64)
	at com.kms.katalon.core.webui.keyword.builtin.VerifyElementTextKeyword$_verifyElementText_closure1.doCall(VerifyElementTextKeyword.groovy:57)
	at com.kms.katalon.core.webui.keyword.builtin.VerifyElementTextKeyword$_verifyElementText_closure1.call(VerifyElementTextKeyword.groovy)
	at com.kms.katalon.core.webui.keyword.internal.WebUIKeywordMain.runKeyword(WebUIKeywordMain.groovy:20)
	... 19 more]]></system-out>
      <system-err><![CDATA[2023-09-06 08:47:41 - [TEST_SUITE][FAILED] - pencarian toko: Test Cases/T05 Pencarian Toko/TC-Cari Toko administrator-Search-003 FAILED.
Reason:
com.kms.katalon.core.exception.StepFailedException: Verify element text of test object 'Object Repository/Menu pencarian Toko admin/Massage Error' FAILED.
	at com.kms.katalon.core.webui.keyword.internal.WebUIKeywordMain.stepFailed(WebUIKeywordMain.groovy:64)
	at com.kms.katalon.core.webui.keyword.internal.WebUIKeywordMain.runKeyword(WebUIKeywordMain.groovy:26)
	at com.kms.katalon.core.webui.keyword.builtin.VerifyElementTextKeyword.verifyElementText(VerifyElementTextKeyword.groovy:72)
	at com.kms.katalon.core.webui.keyword.builtin.VerifyElementTextKeyword.execute(VerifyElementTextKeyword.groovy:40)
	at com.kms.katalon.core.keyword.internal.KeywordExecutor.executeKeywordForPlatform(KeywordExecutor.groovy:74)
	at com.kms.katalon.core.webui.keyword.WebUiBuiltInKeywords.verifyElementText(WebUiBuiltInKeywords.groovy:4749)
	at com.kms.katalon.core.webui.keyword.WebUiBuiltInKeywords$verifyElementText$4.call(Unknown Source)
	at TC-Cari Toko administrator-Search-003.run(TC-Cari Toko administrator-Search-003:29)
	at com.kms.katalon.core.main.ScriptEngine.run(ScriptEngine.java:194)
	at com.kms.katalon.core.main.ScriptEngine.runScriptAsRawText(ScriptEngine.java:119)
	at com.kms.katalon.core.main.TestCaseExecutor.runScript(TestCaseExecutor.java:448)
	at com.kms.katalon.core.main.TestCaseExecutor.doExecute(TestCaseExecutor.java:439)
	at com.kms.katalon.core.main.TestCaseExecutor.processExecutionPhase(TestCaseExecutor.java:418)
	at com.kms.katalon.core.main.TestCaseExecutor.accessMainPhase(TestCaseExecutor.java:410)
	at com.kms.katalon.core.main.TestCaseExecutor.execute(TestCaseExecutor.java:285)
	at com.kms.katalon.core.common.CommonExecutor.accessTestCaseMainPhase(CommonExecutor.java:65)
	at com.kms.katalon.core.main.TestSuiteExecutor.accessTestSuiteMainPhase(TestSuiteExecutor.java:148)
	at com.kms.katalon.core.main.TestSuiteExecutor.execute(TestSuiteExecutor.java:106)
	at com.kms.katalon.core.main.TestCaseMain.startTestSuite(TestCaseMain.java:187)
	at com.kms.katalon.core.main.TestCaseMain$startTestSuite$0.call(Unknown Source)
	at TempTestSuite1693964859162.run(TempTestSuite1693964859162.groovy:36)
Caused by: com.kms.katalon.core.exception.StepFailedException: Actual text '1' and expected text 'Keyword tidak boleh kosong' of test object 'Object Repository/Menu pencarian Toko admin/Massage Error' are NOT matched.
	at com.kms.katalon.core.webui.keyword.internal.WebUIKeywordMain.stepFailed(WebUIKeywordMain.groovy:64)
	at com.kms.katalon.core.webui.keyword.builtin.VerifyElementTextKeyword$_verifyElementText_closure1.doCall(VerifyElementTextKeyword.groovy:57)
	at com.kms.katalon.core.webui.keyword.builtin.VerifyElementTextKeyword$_verifyElementText_closure1.call(VerifyElementTextKeyword.groovy)
	at com.kms.katalon.core.webui.keyword.internal.WebUIKeywordMain.runKeyword(WebUIKeywordMain.groovy:20)
	... 19 more]]></system-err>
   </testsuite>
</testsuites>
