<?xml version="1.0" encoding="UTF-8"?>
<testsuites name="Heroku app" time="288.537" tests="12" failures="2" errors="0">
   <testsuite name="Heroku app" tests="12" failures="2" errors="0" time="288.537" skipped="0" timestamp="2023-08-25 16:21:15" hostname="IRFAN - DESKTOP-H62FVJ8" id="Test Suites/Heroku app">
      <properties>
         <property name="deviceName" value=""/>
         <property name="devicePlatform" value=""/>
         <property name="logFolder" value="D:\\Project XSIS\\batch-324-qa\\irfan\\Cura Heroku App\\Reports\\20230825_162113\\Heroku app\\20230825_162113"/>
         <property name="logFiles" value="D:\\Project XSIS\\batch-324-qa\\irfan\\Cura Heroku App\\Reports\\20230825_162113\\Heroku app\\20230825_162113\\execution0.log"/>
         <property name="attachments" value="D:\\Project XSIS\\batch-324-qa\\irfan\\Cura Heroku App\\Reports\\20230825_162113\\Heroku app\\20230825_162113\\1692955324687.png, D:\\Project XSIS\\batch-324-qa\\irfan\\Cura Heroku App\\Reports\\20230825_162113\\Heroku app\\20230825_162113\\1692955324854.png, D:\\Project XSIS\\batch-324-qa\\irfan\\Cura Heroku App\\Reports\\20230825_162113\\Heroku app\\20230825_162113\\1692955338086.png, D:\\Project XSIS\\batch-324-qa\\irfan\\Cura Heroku App\\Reports\\20230825_162113\\Heroku app\\20230825_162113\\1692955338273.png, D:\\Project XSIS\\batch-324-qa\\irfan\\Cura Heroku App\\Reports\\20230825_162113\\Heroku app\\20230825_162113\\1692955351534.png, D:\\Project XSIS\\batch-324-qa\\irfan\\Cura Heroku App\\Reports\\20230825_162113\\Heroku app\\20230825_162113\\1692955351797.png, D:\\Project XSIS\\batch-324-qa\\irfan\\Cura Heroku App\\Reports\\20230825_162113\\Heroku app\\20230825_162113\\1692955363707.png, D:\\Project XSIS\\batch-324-qa\\irfan\\Cura Heroku App\\Reports\\20230825_162113\\Heroku app\\20230825_162113\\1692955363798.png, D:\\Project XSIS\\batch-324-qa\\irfan\\Cura Heroku App\\Reports\\20230825_162113\\Heroku app\\20230825_162113\\1692955376942.png, D:\\Project XSIS\\batch-324-qa\\irfan\\Cura Heroku App\\Reports\\20230825_162113\\Heroku app\\20230825_162113\\1692955377047.png, D:\\Project XSIS\\batch-324-qa\\irfan\\Cura Heroku App\\Reports\\20230825_162113\\Heroku app\\20230825_162113\\1692955390001.png, D:\\Project XSIS\\batch-324-qa\\irfan\\Cura Heroku App\\Reports\\20230825_162113\\Heroku app\\20230825_162113\\1692955390234.png, D:\\Project XSIS\\batch-324-qa\\irfan\\Cura Heroku App\\Reports\\20230825_162113\\Heroku app\\20230825_162113\\1692955404462.png, D:\\Project XSIS\\batch-324-qa\\irfan\\Cura Heroku App\\Reports\\20230825_162113\\Heroku app\\20230825_162113\\1692955404672.png, D:\\Project XSIS\\batch-324-qa\\irfan\\Cura Heroku App\\Reports\\20230825_162113\\Heroku app\\20230825_162113\\1692955418327.png, D:\\Project XSIS\\batch-324-qa\\irfan\\Cura Heroku App\\Reports\\20230825_162113\\Heroku app\\20230825_162113\\1692955418413.png"/>
         <property name="hostName" value="IRFAN - DESKTOP-H62FVJ8"/>
         <property name="os" value="Windows 10 64bit"/>
         <property name="katalonVersion" value="8.6.5.208"/>
         <property name="browser" value="Edge Chromium 116"/>
         <property name="hostAddress" value="10.9.2.58"/>
         <property name="sessionId" value="2f06335a9ca180909e643f2b13f4dbe7"/>
         <property name="seleniumVersion" value="3.141.59"/>
         <property name="proxyInformation" value="ProxyInformation { proxyOption=NO_PROXY, proxyServerType=HTTP, username=, password=********, proxyServerAddress=, proxyServerPort=0, executionList=&quot;&quot;, isApplyToDesiredCapabilities=true }"/>
         <property name="platform" value="Windows 10"/>
      </properties>
      <testcase name="Test Cases/Login/Test Case 1.1 (Manual)" time="15.854" classname="Test Cases/Login/Test Case 1.1 (Manual)" status="PASSED">
         <system-out><![CDATA[2023-08-25 16:21:16 - [TEST_CASE][PASSED] - Test Cases/Login/Test Case 1.1 (Manual): Test Cases/Login/Test Case 1.1 (Manual)

2023-08-25 16:21:16 - [TEST_STEP][PASSED] - openBrowser(WEB_URL): Browser is opened with url: 'https://katalon-demo-cura.herokuapp.com/'

2023-08-25 16:21:16 - [MESSAGE][INFO] - Starting 'Edge Chromium' driver

2023-08-25 16:21:19 - [MESSAGE][INFO] - Action delay is set to 0 milliseconds

2023-08-25 16:21:26 - [MESSAGE][PASSED] - Browser is opened with url: 'https://katalon-demo-cura.herokuapp.com/'

2023-08-25 16:21:26 - [TEST_STEP][PASSED] - verifyElementPresent(findTestObject("Login/Tittle_Home_Page"), 10): Object 'Object Repository/Login/Tittle_Home_Page' is present

2023-08-25 16:21:26 - [MESSAGE][PASSED] - Object 'Object Repository/Login/Tittle_Home_Page' is present

2023-08-25 16:21:26 - [TEST_STEP][PASSED] - click(findTestObject("Login/Menu Burger")): Object: 'Object Repository/Login/Menu Burger' is clicked on

2023-08-25 16:21:27 - [MESSAGE][PASSED] - Object: 'Object Repository/Login/Menu Burger' is clicked on

2023-08-25 16:21:27 - [TEST_STEP][PASSED] - click(findTestObject("Login/Menu Login")): Object: 'Object Repository/Login/Menu Login' is clicked on

2023-08-25 16:21:28 - [MESSAGE][PASSED] - Object: 'Object Repository/Login/Menu Login' is clicked on

2023-08-25 16:21:28 - [TEST_STEP][PASSED] - verifyElementPresent(findTestObject("Login/Tittle Login"), 10): Object 'Object Repository/Login/Tittle Login' is present

2023-08-25 16:21:29 - [MESSAGE][PASSED] - Object 'Object Repository/Login/Tittle Login' is present

2023-08-25 16:21:29 - [TEST_STEP][PASSED] - setText(findTestObject("Login/Input Username"), "John Doe"): Text 'John Doe' is set on object 'Object Repository/Login/Input Username'

2023-08-25 16:21:29 - [MESSAGE][PASSED] - Text 'John Doe' is set on object 'Object Repository/Login/Input Username'

2023-08-25 16:21:29 - [TEST_STEP][PASSED] - setEncryptedText(findTestObject("Login/Input Password"), "g3/DOGG74jC3Flrr3yH+3D/yKbOqqUNM"): Text ****** has been set on object 'Object Repository/Login/Input Password'

2023-08-25 16:21:30 - [MESSAGE][PASSED] - Text ****** has been set on object 'Object Repository/Login/Input Password'

2023-08-25 16:21:30 - [TEST_STEP][PASSED] - click(findTestObject("Login/Button Login")): Object: 'Object Repository/Login/Button Login' is clicked on

2023-08-25 16:21:31 - [MESSAGE][PASSED] - Object: 'Object Repository/Login/Button Login' is clicked on

2023-08-25 16:21:31 - [TEST_STEP][PASSED] - verifyElementPresent(findTestObject("Login/Tittle Make Appointment"), 10): Object 'Object Repository/Login/Tittle Make Appointment' is present

2023-08-25 16:21:31 - [MESSAGE][PASSED] - Object 'Object Repository/Login/Tittle Make Appointment' is present]]></system-out>
         <system-err><![CDATA[]]></system-err>
      </testcase>
      <testcase name="Test Cases/Login/Test Case 1.2 (manual)" time="20.106" classname="Test Cases/Login/Test Case 1.2 (manual)" status="PASSED">
         <system-out><![CDATA[2023-08-25 16:21:31 - [TEST_CASE][PASSED] - Test Cases/Login/Test Case 1.2 (manual): Test Cases/Login/Test Case 1.2 (manual)

2023-08-25 16:21:32 - [TEST_STEP][PASSED] - openBrowser(WEB_URL): Browser is opened with url: 'https://katalon-demo-cura.herokuapp.com/'

2023-08-25 16:21:32 - [MESSAGE][WARNING] - A browser is already opened. Closing browser and opening a new one

2023-08-25 16:21:33 - [MESSAGE][INFO] - Starting 'Edge Chromium' driver

2023-08-25 16:21:35 - [MESSAGE][INFO] - Action delay is set to 0 milliseconds

2023-08-25 16:21:40 - [MESSAGE][PASSED] - Browser is opened with url: 'https://katalon-demo-cura.herokuapp.com/'

2023-08-25 16:21:40 - [TEST_STEP][PASSED] - maximizeWindow(): Current window maximized

2023-08-25 16:21:40 - [MESSAGE][PASSED] - Current window maximized

2023-08-25 16:21:40 - [TEST_STEP][PASSED] - verifyElementPresent(findTestObject("Login/Tittle_Home_Page"), 10): Object 'Object Repository/Login/Tittle_Home_Page' is present

2023-08-25 16:21:41 - [MESSAGE][PASSED] - Object 'Object Repository/Login/Tittle_Home_Page' is present

2023-08-25 16:21:41 - [TEST_STEP][PASSED] - click(findTestObject("Login/Menu Burger")): Object: 'Object Repository/Login/Menu Burger' is clicked on

2023-08-25 16:21:41 - [MESSAGE][PASSED] - Object: 'Object Repository/Login/Menu Burger' is clicked on

2023-08-25 16:21:41 - [TEST_STEP][PASSED] - click(findTestObject("Login/Menu Login")): Object: 'Object Repository/Login/Menu Login' is clicked on

2023-08-25 16:21:42 - [MESSAGE][PASSED] - Object: 'Object Repository/Login/Menu Login' is clicked on

2023-08-25 16:21:42 - [TEST_STEP][PASSED] - verifyElementPresent(findTestObject("Login/Tittle Login"), 10): Object 'Object Repository/Login/Tittle Login' is present

2023-08-25 16:21:43 - [MESSAGE][PASSED] - Object 'Object Repository/Login/Tittle Login' is present

2023-08-25 16:21:43 - [TEST_STEP][PASSED] - setText(findTestObject("Login/Input Username"), username): Text 'abangjago' is set on object 'Object Repository/Login/Input Username'

2023-08-25 16:21:44 - [MESSAGE][PASSED] - Text 'abangjago' is set on object 'Object Repository/Login/Input Username'

2023-08-25 16:21:44 - [TEST_STEP][PASSED] - setEncryptedText(findTestObject("Login/Input Password"), password): Text ****** has been set on object 'Object Repository/Login/Input Password'

2023-08-25 16:21:44 - [MESSAGE][PASSED] - Text ****** has been set on object 'Object Repository/Login/Input Password'

2023-08-25 16:21:44 - [TEST_STEP][PASSED] - click(findTestObject("Login/Button Login")): Object: 'Object Repository/Login/Button Login' is clicked on

2023-08-25 16:21:45 - [MESSAGE][PASSED] - Object: 'Object Repository/Login/Button Login' is clicked on

2023-08-25 16:21:45 - [TEST_STEP][PASSED] - verifyElementText(findTestObject("Login/Error"), "Login failed! Please ensure the username and password are valid."): Actual text and expected text of test object 'Object Repository/Login/Error' are matched.

2023-08-25 16:21:46 - [MESSAGE][PASSED] - Actual text and expected text of test object 'Object Repository/Login/Error' are matched.

2023-08-25 16:21:46 - [TEST_STEP][PASSED] - delay(5): Delayed 5 second(s)

2023-08-25 16:21:51 - [MESSAGE][PASSED] - Delayed 5 second(s)

2023-08-25 16:21:51 - [TEST_STEP][PASSED] - closeBrowser(): Browser is closed

2023-08-25 16:21:52 - [MESSAGE][PASSED] - Browser is closed]]></system-out>
         <system-err><![CDATA[]]></system-err>
      </testcase>
      <testcase name="Test Cases/Login/Test Case 1.3 (manual)" time="12.005" classname="Test Cases/Login/Test Case 1.3 (manual)" status="FAILED">
         <failure type="FAILED" message="Test Cases/Login/Test Case 1.3 (manual) FAILED.
Reason:
com.kms.katalon.core.exception.StepFailedException: Verify element text of test object 'Object Repository/Login/massage error tidak ada password' FAILED.
	at com.kms.katalon.core.webui.keyword.internal.WebUIKeywordMain.stepFailed(WebUIKeywordMain.groovy:64)
	at com.kms.katalon.core.webui.keyword.internal.WebUIKeywordMain.runKeyword(WebUIKeywordMain.groovy:26)
	at com.kms.katalon.core.webui.keyword.builtin.VerifyElementTextKeyword.verifyElementText(VerifyElementTextKeyword.groovy:72)
	at com.kms.katalon.core.webui.keyword.builtin.VerifyElementTextKeyword.execute(VerifyElementTextKeyword.groovy:40)
	at com.kms.katalon.core.keyword.internal.KeywordExecutor.executeKeywordForPlatform(KeywordExecutor.groovy:74)
	at com.kms.katalon.core.webui.keyword.WebUiBuiltInKeywords.verifyElementText(WebUiBuiltInKeywords.groovy:4749)
	at com.kms.katalon.core.webui.keyword.WebUiBuiltInKeywords$verifyElementText$5.call(Unknown Source)
	at Test Case 1.3 (manual).run(Test Case 1.3 (manual):38)
	at com.kms.katalon.core.main.ScriptEngine.run(ScriptEngine.java:194)
	at com.kms.katalon.core.main.ScriptEngine.runScriptAsRawText(ScriptEngine.java:119)
	at com.kms.katalon.core.main.TestCaseExecutor.runScript(TestCaseExecutor.java:448)
	at com.kms.katalon.core.main.TestCaseExecutor.doExecute(TestCaseExecutor.java:439)
	at com.kms.katalon.core.main.TestCaseExecutor.processExecutionPhase(TestCaseExecutor.java:418)
	at com.kms.katalon.core.main.TestCaseExecutor.accessMainPhase(TestCaseExecutor.java:410)
	at com.kms.katalon.core.main.TestCaseExecutor.execute(TestCaseExecutor.java:285)
	at com.kms.katalon.core.main.TestCaseExecutor.execute(TestCaseExecutor.java:369)
	at com.kms.katalon.core.main.TestCaseExecutor.execute(TestCaseExecutor.java:369)
	at com.kms.katalon.core.main.TestCaseExecutor.execute(TestCaseExecutor.java:369)
	at com.kms.katalon.core.common.CommonExecutor.accessTestCaseMainPhase(CommonExecutor.java:65)
	at com.kms.katalon.core.main.TestSuiteExecutor.accessTestSuiteMainPhase(TestSuiteExecutor.java:148)
	at com.kms.katalon.core.main.TestSuiteExecutor.execute(TestSuiteExecutor.java:106)
	at com.kms.katalon.core.main.TestCaseMain.startTestSuite(TestCaseMain.java:187)
	at com.kms.katalon.core.main.TestCaseMain$startTestSuite$0.call(Unknown Source)
	at TempTestSuite1692955273391.run(TempTestSuite1692955273391.groovy:36)
Caused by: com.kms.katalon.core.exception.StepFailedException: Actual text 'Login failed! Please ensure the username and password are valid.' and expected text 'Login failed! Please enter the password.' of test object 'Object Repository/Login/massage error tidak ada password' are NOT matched.
	at com.kms.katalon.core.webui.keyword.internal.WebUIKeywordMain.stepFailed(WebUIKeywordMain.groovy:64)
	at com.kms.katalon.core.webui.keyword.builtin.VerifyElementTextKeyword$_verifyElementText_closure1.doCall(VerifyElementTextKeyword.groovy:57)
	at com.kms.katalon.core.webui.keyword.builtin.VerifyElementTextKeyword$_verifyElementText_closure1.call(VerifyElementTextKeyword.groovy)
	at com.kms.katalon.core.webui.keyword.internal.WebUIKeywordMain.runKeyword(WebUIKeywordMain.groovy:20)
	... 22 more
"/>
         <system-out><![CDATA[2023-08-25 16:22:31 - [TEST_CASE][FAILED] - Test Cases/Login/Test Case 1.3 (manual): Test Cases/Login/Test Case 1.3 (manual) FAILED.
Reason:
com.kms.katalon.core.exception.StepFailedException: Verify element text of test object 'Object Repository/Login/massage error tidak ada password' FAILED.
	at com.kms.katalon.core.webui.keyword.internal.WebUIKeywordMain.stepFailed(WebUIKeywordMain.groovy:64)
	at com.kms.katalon.core.webui.keyword.internal.WebUIKeywordMain.runKeyword(WebUIKeywordMain.groovy:26)
	at com.kms.katalon.core.webui.keyword.builtin.VerifyElementTextKeyword.verifyElementText(VerifyElementTextKeyword.groovy:72)
	at com.kms.katalon.core.webui.keyword.builtin.VerifyElementTextKeyword.execute(VerifyElementTextKeyword.groovy:40)
	at com.kms.katalon.core.keyword.internal.KeywordExecutor.executeKeywordForPlatform(KeywordExecutor.groovy:74)
	at com.kms.katalon.core.webui.keyword.WebUiBuiltInKeywords.verifyElementText(WebUiBuiltInKeywords.groovy:4749)
	at com.kms.katalon.core.webui.keyword.WebUiBuiltInKeywords$verifyElementText$5.call(Unknown Source)
	at Test Case 1.3 (manual).run(Test Case 1.3 (manual):38)
	at com.kms.katalon.core.main.ScriptEngine.run(ScriptEngine.java:194)
	at com.kms.katalon.core.main.ScriptEngine.runScriptAsRawText(ScriptEngine.java:119)
	at com.kms.katalon.core.main.TestCaseExecutor.runScript(TestCaseExecutor.java:448)
	at com.kms.katalon.core.main.TestCaseExecutor.doExecute(TestCaseExecutor.java:439)
	at com.kms.katalon.core.main.TestCaseExecutor.processExecutionPhase(TestCaseExecutor.java:418)
	at com.kms.katalon.core.main.TestCaseExecutor.accessMainPhase(TestCaseExecutor.java:410)
	at com.kms.katalon.core.main.TestCaseExecutor.execute(TestCaseExecutor.java:285)
	at com.kms.katalon.core.main.TestCaseExecutor.execute(TestCaseExecutor.java:369)
	at com.kms.katalon.core.main.TestCaseExecutor.execute(TestCaseExecutor.java:369)
	at com.kms.katalon.core.main.TestCaseExecutor.execute(TestCaseExecutor.java:369)
	at com.kms.katalon.core.common.CommonExecutor.accessTestCaseMainPhase(CommonExecutor.java:65)
	at com.kms.katalon.core.main.TestSuiteExecutor.accessTestSuiteMainPhase(TestSuiteExecutor.java:148)
	at com.kms.katalon.core.main.TestSuiteExecutor.execute(TestSuiteExecutor.java:106)
	at com.kms.katalon.core.main.TestCaseMain.startTestSuite(TestCaseMain.java:187)
	at com.kms.katalon.core.main.TestCaseMain$startTestSuite$0.call(Unknown Source)
	at TempTestSuite1692955273391.run(TempTestSuite1692955273391.groovy:36)
Caused by: com.kms.katalon.core.exception.StepFailedException: Actual text 'Login failed! Please ensure the username and password are valid.' and expected text 'Login failed! Please enter the password.' of test object 'Object Repository/Login/massage error tidak ada password' are NOT matched.
	at com.kms.katalon.core.webui.keyword.internal.WebUIKeywordMain.stepFailed(WebUIKeywordMain.groovy:64)
	at com.kms.katalon.core.webui.keyword.builtin.VerifyElementTextKeyword$_verifyElementText_closure1.doCall(VerifyElementTextKeyword.groovy:57)
	at com.kms.katalon.core.webui.keyword.builtin.VerifyElementTextKeyword$_verifyElementText_closure1.call(VerifyElementTextKeyword.groovy)
	at com.kms.katalon.core.webui.keyword.internal.WebUIKeywordMain.runKeyword(WebUIKeywordMain.groovy:20)
	... 22 more


2023-08-25 16:22:31 - [TEST_STEP][PASSED] - openBrowser(""): Browser is opened with url: ''

2023-08-25 16:22:31 - [MESSAGE][WARNING] - A browser is already opened. Closing browser and opening a new one

2023-08-25 16:22:32 - [MESSAGE][INFO] - Starting 'Edge Chromium' driver

2023-08-25 16:22:34 - [MESSAGE][INFO] - Action delay is set to 0 milliseconds

2023-08-25 16:22:35 - [MESSAGE][PASSED] - Browser is opened with url: ''

2023-08-25 16:22:35 - [TEST_STEP][PASSED] - navigateToUrl(WEB_URL): Navigate to 'https://katalon-demo-cura.herokuapp.com/' successfully

2023-08-25 16:22:38 - [MESSAGE][PASSED] - Navigate to 'https://katalon-demo-cura.herokuapp.com/' successfully

2023-08-25 16:22:38 - [TEST_STEP][PASSED] - verifyElementPresent(findTestObject("Login/Tittle_Home_Page"), 0): Object 'Object Repository/Login/Tittle_Home_Page' is present

2023-08-25 16:22:38 - [MESSAGE][WARNING] - Timeout '0' is invalid. Using default page load timeout: '10'

2023-08-25 16:22:38 - [MESSAGE][PASSED] - Object 'Object Repository/Login/Tittle_Home_Page' is present

2023-08-25 16:22:38 - [TEST_STEP][PASSED] - click(findTestObject("Login/Menu Burger")): Object: 'Object Repository/Login/Menu Burger' is clicked on

2023-08-25 16:22:39 - [MESSAGE][PASSED] - Object: 'Object Repository/Login/Menu Burger' is clicked on

2023-08-25 16:22:39 - [TEST_STEP][PASSED] - click(findTestObject("Login/Menu Login")): Object: 'Object Repository/Login/Menu Login' is clicked on

2023-08-25 16:22:40 - [MESSAGE][PASSED] - Object: 'Object Repository/Login/Menu Login' is clicked on

2023-08-25 16:22:40 - [TEST_STEP][PASSED] - verifyElementPresent(findTestObject("Login/Tittle Login"), 0): Object 'Object Repository/Login/Tittle Login' is present

2023-08-25 16:22:40 - [MESSAGE][WARNING] - Timeout '0' is invalid. Using default page load timeout: '10'

2023-08-25 16:22:40 - [MESSAGE][PASSED] - Object 'Object Repository/Login/Tittle Login' is present

2023-08-25 16:22:40 - [TEST_STEP][PASSED] - setText(findTestObject("Login/Input Username"), username): Text 'John Doe' is set on object 'Object Repository/Login/Input Username'

2023-08-25 16:22:41 - [MESSAGE][PASSED] - Text 'John Doe' is set on object 'Object Repository/Login/Input Username'

2023-08-25 16:22:41 - [TEST_STEP][PASSED] - setText(findTestObject("Login/Input Password"), ""): Text '' is set on object 'Object Repository/Login/Input Password'

2023-08-25 16:22:42 - [MESSAGE][PASSED] - Text '' is set on object 'Object Repository/Login/Input Password'

2023-08-25 16:22:42 - [TEST_STEP][PASSED] - click(findTestObject("Login/Button Login")): Object: 'Object Repository/Login/Button Login' is clicked on

2023-08-25 16:22:43 - [MESSAGE][PASSED] - Object: 'Object Repository/Login/Button Login' is clicked on

2023-08-25 16:22:43 - [TEST_STEP][FAILED] - verifyElementText(findTestObject("Login/massage error tidak ada password"), "Login failed! Please enter the password."): Verify element text of test object 'Object Repository/Login/massage error tidak ada password' FAILED. (Root cause: com.kms.katalon.core.exception.StepFailedException: Verify element text of test object 'Object Repository/Login/massage error tidak ada password' FAILED.
	at com.kms.katalon.core.webui.keyword.internal.WebUIKeywordMain.stepFailed(WebUIKeywordMain.groovy:64)
	at com.kms.katalon.core.webui.keyword.internal.WebUIKeywordMain.runKeyword(WebUIKeywordMain.groovy:26)
	at com.kms.katalon.core.webui.keyword.builtin.VerifyElementTextKeyword.verifyElementText(VerifyElementTextKeyword.groovy:72)
	at com.kms.katalon.core.webui.keyword.builtin.VerifyElementTextKeyword.execute(VerifyElementTextKeyword.groovy:40)
	at com.kms.katalon.core.keyword.internal.KeywordExecutor.executeKeywordForPlatform(KeywordExecutor.groovy:74)
	at com.kms.katalon.core.webui.keyword.WebUiBuiltInKeywords.verifyElementText(WebUiBuiltInKeywords.groovy:4749)
	at com.kms.katalon.core.webui.keyword.WebUiBuiltInKeywords$verifyElementText$5.call(Unknown Source)
	at Test Case 1.3 (manual).run(Test Case 1.3 (manual):38)
	at com.kms.katalon.core.main.ScriptEngine.run(ScriptEngine.java:194)
	at com.kms.katalon.core.main.ScriptEngine.runScriptAsRawText(ScriptEngine.java:119)
	at com.kms.katalon.core.main.TestCaseExecutor.runScript(TestCaseExecutor.java:448)
	at com.kms.katalon.core.main.TestCaseExecutor.doExecute(TestCaseExecutor.java:439)
	at com.kms.katalon.core.main.TestCaseExecutor.processExecutionPhase(TestCaseExecutor.java:418)
	at com.kms.katalon.core.main.TestCaseExecutor.accessMainPhase(TestCaseExecutor.java:410)
	at com.kms.katalon.core.main.TestCaseExecutor.execute(TestCaseExecutor.java:285)
	at com.kms.katalon.core.main.TestCaseExecutor.execute(TestCaseExecutor.java:369)
	at com.kms.katalon.core.main.TestCaseExecutor.execute(TestCaseExecutor.java:369)
	at com.kms.katalon.core.main.TestCaseExecutor.execute(TestCaseExecutor.java:369)
	at com.kms.katalon.core.common.CommonExecutor.accessTestCaseMainPhase(CommonExecutor.java:65)
	at com.kms.katalon.core.main.TestSuiteExecutor.accessTestSuiteMainPhase(TestSuiteExecutor.java:148)
	at com.kms.katalon.core.main.TestSuiteExecutor.execute(TestSuiteExecutor.java:106)
	at com.kms.katalon.core.main.TestCaseMain.startTestSuite(TestCaseMain.java:187)
	at com.kms.katalon.core.main.TestCaseMain$startTestSuite$0.call(Unknown Source)
	at TempTestSuite1692955273391.run(TempTestSuite1692955273391.groovy:36)
Caused by: com.kms.katalon.core.exception.StepFailedException: Actual text 'Login failed! Please ensure the username and password are valid.' and expected text 'Login failed! Please enter the password.' of test object 'Object Repository/Login/massage error tidak ada password' are NOT matched.
	at com.kms.katalon.core.webui.keyword.internal.WebUIKeywordMain.stepFailed(WebUIKeywordMain.groovy:64)
	at com.kms.katalon.core.webui.keyword.builtin.VerifyElementTextKeyword$_verifyElementText_closure1.doCall(VerifyElementTextKeyword.groovy:57)
	at com.kms.katalon.core.webui.keyword.builtin.VerifyElementTextKeyword$_verifyElementText_closure1.call(VerifyElementTextKeyword.groovy)
	at com.kms.katalon.core.webui.keyword.internal.WebUIKeywordMain.runKeyword(WebUIKeywordMain.groovy:20)
	... 22 more
)

2023-08-25 16:22:43 - [MESSAGE][FAILED] - Actual text 'Login failed! Please ensure the username and password are valid.' and expected text 'Login failed! Please enter the password.' of test object 'Object Repository/Login/massage error tidak ada password' are NOT matched. (Root cause: com.kms.katalon.core.exception.StepFailedException: Actual text 'Login failed! Please ensure the username and password are valid.' and expected text 'Login failed! Please enter the password.' of test object 'Object Repository/Login/massage error tidak ada password' are NOT matched.
	at com.kms.katalon.core.webui.keyword.internal.WebUIKeywordMain.stepFailed(WebUIKeywordMain.groovy:64)
	at com.kms.katalon.core.webui.keyword.builtin.VerifyElementTextKeyword$_verifyElementText_closure1.doCall(VerifyElementTextKeyword.groovy:57)
	at com.kms.katalon.core.webui.keyword.builtin.VerifyElementTextKeyword$_verifyElementText_closure1.call(VerifyElementTextKeyword.groovy)
	at com.kms.katalon.core.webui.keyword.internal.WebUIKeywordMain.runKeyword(WebUIKeywordMain.groovy:20)
	at com.kms.katalon.core.webui.keyword.builtin.VerifyElementTextKeyword.verifyElementText(VerifyElementTextKeyword.groovy:72)
	at com.kms.katalon.core.webui.keyword.builtin.VerifyElementTextKeyword.execute(VerifyElementTextKeyword.groovy:40)
	at com.kms.katalon.core.keyword.internal.KeywordExecutor.executeKeywordForPlatform(KeywordExecutor.groovy:74)
	at com.kms.katalon.core.webui.keyword.WebUiBuiltInKeywords.verifyElementText(WebUiBuiltInKeywords.groovy:4749)
	at com.kms.katalon.core.webui.keyword.WebUiBuiltInKeywords$verifyElementText$5.call(Unknown Source)
	at Test Case 1.3 (manual).run(Test Case 1.3 (manual):38)
	at com.kms.katalon.core.main.ScriptEngine.run(ScriptEngine.java:194)
	at com.kms.katalon.core.main.ScriptEngine.runScriptAsRawText(ScriptEngine.java:119)
	at com.kms.katalon.core.main.TestCaseExecutor.runScript(TestCaseExecutor.java:448)
	at com.kms.katalon.core.main.TestCaseExecutor.doExecute(TestCaseExecutor.java:439)
	at com.kms.katalon.core.main.TestCaseExecutor.processExecutionPhase(TestCaseExecutor.java:418)
	at com.kms.katalon.core.main.TestCaseExecutor.accessMainPhase(TestCaseExecutor.java:410)
	at com.kms.katalon.core.main.TestCaseExecutor.execute(TestCaseExecutor.java:285)
	at com.kms.katalon.core.main.TestCaseExecutor.execute(TestCaseExecutor.java:369)
	at com.kms.katalon.core.main.TestCaseExecutor.execute(TestCaseExecutor.java:369)
	at com.kms.katalon.core.main.TestCaseExecutor.execute(TestCaseExecutor.java:369)
	at com.kms.katalon.core.common.CommonExecutor.accessTestCaseMainPhase(CommonExecutor.java:65)
	at com.kms.katalon.core.main.TestSuiteExecutor.accessTestSuiteMainPhase(TestSuiteExecutor.java:148)
	at com.kms.katalon.core.main.TestSuiteExecutor.execute(TestSuiteExecutor.java:106)
	at com.kms.katalon.core.main.TestCaseMain.startTestSuite(TestCaseMain.java:187)
	at com.kms.katalon.core.main.TestCaseMain$startTestSuite$0.call(Unknown Source)
	at TempTestSuite1692955273391.run(TempTestSuite1692955273391.groovy:36)
)
[[ATTACHMENT|D:\\Project XSIS\\batch-324-qa\\irfan\\Cura Heroku App\\Reports\\20230825_162113\\Heroku app\\20230825_162113\\1692955363707.png]]

2023-08-25 16:22:43 - [MESSAGE][FAILED] - Verify element text of test object 'Object Repository/Login/massage error tidak ada password' FAILED. (Root cause: com.kms.katalon.core.exception.StepFailedException: Verify element text of test object 'Object Repository/Login/massage error tidak ada password' FAILED.
	at com.kms.katalon.core.webui.keyword.internal.WebUIKeywordMain.stepFailed(WebUIKeywordMain.groovy:64)
	at com.kms.katalon.core.webui.keyword.internal.WebUIKeywordMain.runKeyword(WebUIKeywordMain.groovy:26)
	at com.kms.katalon.core.webui.keyword.builtin.VerifyElementTextKeyword.verifyElementText(VerifyElementTextKeyword.groovy:72)
	at com.kms.katalon.core.webui.keyword.builtin.VerifyElementTextKeyword.execute(VerifyElementTextKeyword.groovy:40)
	at com.kms.katalon.core.keyword.internal.KeywordExecutor.executeKeywordForPlatform(KeywordExecutor.groovy:74)
	at com.kms.katalon.core.webui.keyword.WebUiBuiltInKeywords.verifyElementText(WebUiBuiltInKeywords.groovy:4749)
	at com.kms.katalon.core.webui.keyword.WebUiBuiltInKeywords$verifyElementText$5.call(Unknown Source)
	at Test Case 1.3 (manual).run(Test Case 1.3 (manual):38)
	at com.kms.katalon.core.main.ScriptEngine.run(ScriptEngine.java:194)
	at com.kms.katalon.core.main.ScriptEngine.runScriptAsRawText(ScriptEngine.java:119)
	at com.kms.katalon.core.main.TestCaseExecutor.runScript(TestCaseExecutor.java:448)
	at com.kms.katalon.core.main.TestCaseExecutor.doExecute(TestCaseExecutor.java:439)
	at com.kms.katalon.core.main.TestCaseExecutor.processExecutionPhase(TestCaseExecutor.java:418)
	at com.kms.katalon.core.main.TestCaseExecutor.accessMainPhase(TestCaseExecutor.java:410)
	at com.kms.katalon.core.main.TestCaseExecutor.execute(TestCaseExecutor.java:285)
	at com.kms.katalon.core.main.TestCaseExecutor.execute(TestCaseExecutor.java:369)
	at com.kms.katalon.core.main.TestCaseExecutor.execute(TestCaseExecutor.java:369)
	at com.kms.katalon.core.main.TestCaseExecutor.execute(TestCaseExecutor.java:369)
	at com.kms.katalon.core.common.CommonExecutor.accessTestCaseMainPhase(CommonExecutor.java:65)
	at com.kms.katalon.core.main.TestSuiteExecutor.accessTestSuiteMainPhase(TestSuiteExecutor.java:148)
	at com.kms.katalon.core.main.TestSuiteExecutor.execute(TestSuiteExecutor.java:106)
	at com.kms.katalon.core.main.TestCaseMain.startTestSuite(TestCaseMain.java:187)
	at com.kms.katalon.core.main.TestCaseMain$startTestSuite$0.call(Unknown Source)
	at TempTestSuite1692955273391.run(TempTestSuite1692955273391.groovy:36)
Caused by: com.kms.katalon.core.exception.StepFailedException: Actual text 'Login failed! Please ensure the username and password are valid.' and expected text 'Login failed! Please enter the password.' of test object 'Object Repository/Login/massage error tidak ada password' are NOT matched.
	at com.kms.katalon.core.webui.keyword.internal.WebUIKeywordMain.stepFailed(WebUIKeywordMain.groovy:64)
	at com.kms.katalon.core.webui.keyword.builtin.VerifyElementTextKeyword$_verifyElementText_closure1.doCall(VerifyElementTextKeyword.groovy:57)
	at com.kms.katalon.core.webui.keyword.builtin.VerifyElementTextKeyword$_verifyElementText_closure1.call(VerifyElementTextKeyword.groovy)
	at com.kms.katalon.core.webui.keyword.internal.WebUIKeywordMain.runKeyword(WebUIKeywordMain.groovy:20)
	... 22 more
)
[[ATTACHMENT|D:\\Project XSIS\\batch-324-qa\\irfan\\Cura Heroku App\\Reports\\20230825_162113\\Heroku app\\20230825_162113\\1692955363798.png]]]]></system-out>
         <system-err><![CDATA[2023-08-25 16:22:31 - [TEST_CASE][FAILED] - Test Cases/Login/Test Case 1.3 (manual): Test Cases/Login/Test Case 1.3 (manual) FAILED.
Reason:
com.kms.katalon.core.exception.StepFailedException: Verify element text of test object 'Object Repository/Login/massage error tidak ada password' FAILED.
	at com.kms.katalon.core.webui.keyword.internal.WebUIKeywordMain.stepFailed(WebUIKeywordMain.groovy:64)
	at com.kms.katalon.core.webui.keyword.internal.WebUIKeywordMain.runKeyword(WebUIKeywordMain.groovy:26)
	at com.kms.katalon.core.webui.keyword.builtin.VerifyElementTextKeyword.verifyElementText(VerifyElementTextKeyword.groovy:72)
	at com.kms.katalon.core.webui.keyword.builtin.VerifyElementTextKeyword.execute(VerifyElementTextKeyword.groovy:40)
	at com.kms.katalon.core.keyword.internal.KeywordExecutor.executeKeywordForPlatform(KeywordExecutor.groovy:74)
	at com.kms.katalon.core.webui.keyword.WebUiBuiltInKeywords.verifyElementText(WebUiBuiltInKeywords.groovy:4749)
	at com.kms.katalon.core.webui.keyword.WebUiBuiltInKeywords$verifyElementText$5.call(Unknown Source)
	at Test Case 1.3 (manual).run(Test Case 1.3 (manual):38)
	at com.kms.katalon.core.main.ScriptEngine.run(ScriptEngine.java:194)
	at com.kms.katalon.core.main.ScriptEngine.runScriptAsRawText(ScriptEngine.java:119)
	at com.kms.katalon.core.main.TestCaseExecutor.runScript(TestCaseExecutor.java:448)
	at com.kms.katalon.core.main.TestCaseExecutor.doExecute(TestCaseExecutor.java:439)
	at com.kms.katalon.core.main.TestCaseExecutor.processExecutionPhase(TestCaseExecutor.java:418)
	at com.kms.katalon.core.main.TestCaseExecutor.accessMainPhase(TestCaseExecutor.java:410)
	at com.kms.katalon.core.main.TestCaseExecutor.execute(TestCaseExecutor.java:285)
	at com.kms.katalon.core.main.TestCaseExecutor.execute(TestCaseExecutor.java:369)
	at com.kms.katalon.core.main.TestCaseExecutor.execute(TestCaseExecutor.java:369)
	at com.kms.katalon.core.main.TestCaseExecutor.execute(TestCaseExecutor.java:369)
	at com.kms.katalon.core.common.CommonExecutor.accessTestCaseMainPhase(CommonExecutor.java:65)
	at com.kms.katalon.core.main.TestSuiteExecutor.accessTestSuiteMainPhase(TestSuiteExecutor.java:148)
	at com.kms.katalon.core.main.TestSuiteExecutor.execute(TestSuiteExecutor.java:106)
	at com.kms.katalon.core.main.TestCaseMain.startTestSuite(TestCaseMain.java:187)
	at com.kms.katalon.core.main.TestCaseMain$startTestSuite$0.call(Unknown Source)
	at TempTestSuite1692955273391.run(TempTestSuite1692955273391.groovy:36)
Caused by: com.kms.katalon.core.exception.StepFailedException: Actual text 'Login failed! Please ensure the username and password are valid.' and expected text 'Login failed! Please enter the password.' of test object 'Object Repository/Login/massage error tidak ada password' are NOT matched.
	at com.kms.katalon.core.webui.keyword.internal.WebUIKeywordMain.stepFailed(WebUIKeywordMain.groovy:64)
	at com.kms.katalon.core.webui.keyword.builtin.VerifyElementTextKeyword$_verifyElementText_closure1.doCall(VerifyElementTextKeyword.groovy:57)
	at com.kms.katalon.core.webui.keyword.builtin.VerifyElementTextKeyword$_verifyElementText_closure1.call(VerifyElementTextKeyword.groovy)
	at com.kms.katalon.core.webui.keyword.internal.WebUIKeywordMain.runKeyword(WebUIKeywordMain.groovy:20)
	... 22 more]]></system-err>
      </testcase>
      <testcase name="Test Cases/Login/Test Case 1.4" time="13.734" classname="Test Cases/Login/Test Case 1.4" status="FAILED">
         <failure type="FAILED" message="Test Cases/Login/Test Case 1.4 FAILED.
Reason:
com.kms.katalon.core.exception.StepFailedException: Verify element text of test object 'Object Repository/Login/massage error tidak ada password' FAILED.
	at com.kms.katalon.core.webui.keyword.internal.WebUIKeywordMain.stepFailed(WebUIKeywordMain.groovy:64)
	at com.kms.katalon.core.webui.keyword.internal.WebUIKeywordMain.runKeyword(WebUIKeywordMain.groovy:26)
	at com.kms.katalon.core.webui.keyword.builtin.VerifyElementTextKeyword.verifyElementText(VerifyElementTextKeyword.groovy:72)
	at com.kms.katalon.core.webui.keyword.builtin.VerifyElementTextKeyword.execute(VerifyElementTextKeyword.groovy:40)
	at com.kms.katalon.core.keyword.internal.KeywordExecutor.executeKeywordForPlatform(KeywordExecutor.groovy:74)
	at com.kms.katalon.core.webui.keyword.WebUiBuiltInKeywords.verifyElementText(WebUiBuiltInKeywords.groovy:4749)
	at com.kms.katalon.core.webui.keyword.WebUiBuiltInKeywords$verifyElementText$5.call(Unknown Source)
	at Test Case 1.4.run(Test Case 1.4:38)
	at com.kms.katalon.core.main.ScriptEngine.run(ScriptEngine.java:194)
	at com.kms.katalon.core.main.ScriptEngine.runScriptAsRawText(ScriptEngine.java:119)
	at com.kms.katalon.core.main.TestCaseExecutor.runScript(TestCaseExecutor.java:448)
	at com.kms.katalon.core.main.TestCaseExecutor.doExecute(TestCaseExecutor.java:439)
	at com.kms.katalon.core.main.TestCaseExecutor.processExecutionPhase(TestCaseExecutor.java:418)
	at com.kms.katalon.core.main.TestCaseExecutor.accessMainPhase(TestCaseExecutor.java:410)
	at com.kms.katalon.core.main.TestCaseExecutor.execute(TestCaseExecutor.java:285)
	at com.kms.katalon.core.main.TestCaseExecutor.execute(TestCaseExecutor.java:369)
	at com.kms.katalon.core.main.TestCaseExecutor.execute(TestCaseExecutor.java:369)
	at com.kms.katalon.core.main.TestCaseExecutor.execute(TestCaseExecutor.java:369)
	at com.kms.katalon.core.common.CommonExecutor.accessTestCaseMainPhase(CommonExecutor.java:65)
	at com.kms.katalon.core.main.TestSuiteExecutor.accessTestSuiteMainPhase(TestSuiteExecutor.java:148)
	at com.kms.katalon.core.main.TestSuiteExecutor.execute(TestSuiteExecutor.java:106)
	at com.kms.katalon.core.main.TestCaseMain.startTestSuite(TestCaseMain.java:187)
	at com.kms.katalon.core.main.TestCaseMain$startTestSuite$0.call(Unknown Source)
	at TempTestSuite1692955273391.run(TempTestSuite1692955273391.groovy:36)
Caused by: com.kms.katalon.core.exception.StepFailedException: Actual text 'Login failed! Please ensure the username and password are valid.' and expected text 'Login failed! Please enter the username.' of test object 'Object Repository/Login/massage error tidak ada password' are NOT matched.
	at com.kms.katalon.core.webui.keyword.internal.WebUIKeywordMain.stepFailed(WebUIKeywordMain.groovy:64)
	at com.kms.katalon.core.webui.keyword.builtin.VerifyElementTextKeyword$_verifyElementText_closure1.doCall(VerifyElementTextKeyword.groovy:57)
	at com.kms.katalon.core.webui.keyword.builtin.VerifyElementTextKeyword$_verifyElementText_closure1.call(VerifyElementTextKeyword.groovy)
	at com.kms.katalon.core.webui.keyword.internal.WebUIKeywordMain.runKeyword(WebUIKeywordMain.groovy:20)
	... 22 more
"/>
         <system-out><![CDATA[2023-08-25 16:23:24 - [TEST_CASE][FAILED] - Test Cases/Login/Test Case 1.4: Test Cases/Login/Test Case 1.4 FAILED.
Reason:
com.kms.katalon.core.exception.StepFailedException: Verify element text of test object 'Object Repository/Login/massage error tidak ada password' FAILED.
	at com.kms.katalon.core.webui.keyword.internal.WebUIKeywordMain.stepFailed(WebUIKeywordMain.groovy:64)
	at com.kms.katalon.core.webui.keyword.internal.WebUIKeywordMain.runKeyword(WebUIKeywordMain.groovy:26)
	at com.kms.katalon.core.webui.keyword.builtin.VerifyElementTextKeyword.verifyElementText(VerifyElementTextKeyword.groovy:72)
	at com.kms.katalon.core.webui.keyword.builtin.VerifyElementTextKeyword.execute(VerifyElementTextKeyword.groovy:40)
	at com.kms.katalon.core.keyword.internal.KeywordExecutor.executeKeywordForPlatform(KeywordExecutor.groovy:74)
	at com.kms.katalon.core.webui.keyword.WebUiBuiltInKeywords.verifyElementText(WebUiBuiltInKeywords.groovy:4749)
	at com.kms.katalon.core.webui.keyword.WebUiBuiltInKeywords$verifyElementText$5.call(Unknown Source)
	at Test Case 1.4.run(Test Case 1.4:38)
	at com.kms.katalon.core.main.ScriptEngine.run(ScriptEngine.java:194)
	at com.kms.katalon.core.main.ScriptEngine.runScriptAsRawText(ScriptEngine.java:119)
	at com.kms.katalon.core.main.TestCaseExecutor.runScript(TestCaseExecutor.java:448)
	at com.kms.katalon.core.main.TestCaseExecutor.doExecute(TestCaseExecutor.java:439)
	at com.kms.katalon.core.main.TestCaseExecutor.processExecutionPhase(TestCaseExecutor.java:418)
	at com.kms.katalon.core.main.TestCaseExecutor.accessMainPhase(TestCaseExecutor.java:410)
	at com.kms.katalon.core.main.TestCaseExecutor.execute(TestCaseExecutor.java:285)
	at com.kms.katalon.core.main.TestCaseExecutor.execute(TestCaseExecutor.java:369)
	at com.kms.katalon.core.main.TestCaseExecutor.execute(TestCaseExecutor.java:369)
	at com.kms.katalon.core.main.TestCaseExecutor.execute(TestCaseExecutor.java:369)
	at com.kms.katalon.core.common.CommonExecutor.accessTestCaseMainPhase(CommonExecutor.java:65)
	at com.kms.katalon.core.main.TestSuiteExecutor.accessTestSuiteMainPhase(TestSuiteExecutor.java:148)
	at com.kms.katalon.core.main.TestSuiteExecutor.execute(TestSuiteExecutor.java:106)
	at com.kms.katalon.core.main.TestCaseMain.startTestSuite(TestCaseMain.java:187)
	at com.kms.katalon.core.main.TestCaseMain$startTestSuite$0.call(Unknown Source)
	at TempTestSuite1692955273391.run(TempTestSuite1692955273391.groovy:36)
Caused by: com.kms.katalon.core.exception.StepFailedException: Actual text 'Login failed! Please ensure the username and password are valid.' and expected text 'Login failed! Please enter the username.' of test object 'Object Repository/Login/massage error tidak ada password' are NOT matched.
	at com.kms.katalon.core.webui.keyword.internal.WebUIKeywordMain.stepFailed(WebUIKeywordMain.groovy:64)
	at com.kms.katalon.core.webui.keyword.builtin.VerifyElementTextKeyword$_verifyElementText_closure1.doCall(VerifyElementTextKeyword.groovy:57)
	at com.kms.katalon.core.webui.keyword.builtin.VerifyElementTextKeyword$_verifyElementText_closure1.call(VerifyElementTextKeyword.groovy)
	at com.kms.katalon.core.webui.keyword.internal.WebUIKeywordMain.runKeyword(WebUIKeywordMain.groovy:20)
	... 22 more


2023-08-25 16:23:24 - [TEST_STEP][PASSED] - openBrowser(""): Browser is opened with url: ''

2023-08-25 16:23:24 - [MESSAGE][WARNING] - A browser is already opened. Closing browser and opening a new one

2023-08-25 16:23:25 - [MESSAGE][INFO] - Starting 'Edge Chromium' driver

2023-08-25 16:23:27 - [MESSAGE][INFO] - Action delay is set to 0 milliseconds

2023-08-25 16:23:28 - [MESSAGE][PASSED] - Browser is opened with url: ''

2023-08-25 16:23:28 - [TEST_STEP][PASSED] - navigateToUrl(WEB_URL): Navigate to 'https://katalon-demo-cura.herokuapp.com/' successfully

2023-08-25 16:23:32 - [MESSAGE][PASSED] - Navigate to 'https://katalon-demo-cura.herokuapp.com/' successfully

2023-08-25 16:23:32 - [TEST_STEP][PASSED] - verifyElementPresent(findTestObject("Login/Tittle_Home_Page"), 0): Object 'Object Repository/Login/Tittle_Home_Page' is present

2023-08-25 16:23:33 - [MESSAGE][WARNING] - Timeout '0' is invalid. Using default page load timeout: '10'

2023-08-25 16:23:33 - [MESSAGE][PASSED] - Object 'Object Repository/Login/Tittle_Home_Page' is present

2023-08-25 16:23:33 - [TEST_STEP][PASSED] - click(findTestObject("Login/Menu Burger")): Object: 'Object Repository/Login/Menu Burger' is clicked on

2023-08-25 16:23:33 - [MESSAGE][PASSED] - Object: 'Object Repository/Login/Menu Burger' is clicked on

2023-08-25 16:23:33 - [TEST_STEP][PASSED] - click(findTestObject("Login/Menu Login")): Object: 'Object Repository/Login/Menu Login' is clicked on

2023-08-25 16:23:34 - [MESSAGE][PASSED] - Object: 'Object Repository/Login/Menu Login' is clicked on

2023-08-25 16:23:34 - [TEST_STEP][PASSED] - verifyElementPresent(findTestObject("Login/Tittle Login"), 0): Object 'Object Repository/Login/Tittle Login' is present

2023-08-25 16:23:34 - [MESSAGE][WARNING] - Timeout '0' is invalid. Using default page load timeout: '10'

2023-08-25 16:23:35 - [MESSAGE][PASSED] - Object 'Object Repository/Login/Tittle Login' is present

2023-08-25 16:23:35 - [TEST_STEP][PASSED] - setText(findTestObject("Login/Input Username"), ""): Text '' is set on object 'Object Repository/Login/Input Username'

2023-08-25 16:23:36 - [MESSAGE][PASSED] - Text '' is set on object 'Object Repository/Login/Input Username'

2023-08-25 16:23:36 - [TEST_STEP][PASSED] - setText(findTestObject("Login/Input Password"), "ThisIsNotAPassword"): Text 'ThisIsNotAPassword' is set on object 'Object Repository/Login/Input Password'

2023-08-25 16:23:36 - [MESSAGE][PASSED] - Text 'ThisIsNotAPassword' is set on object 'Object Repository/Login/Input Password'

2023-08-25 16:23:36 - [TEST_STEP][PASSED] - click(findTestObject("Login/Button Login")): Object: 'Object Repository/Login/Button Login' is clicked on

2023-08-25 16:23:37 - [MESSAGE][PASSED] - Object: 'Object Repository/Login/Button Login' is clicked on

2023-08-25 16:23:37 - [TEST_STEP][FAILED] - verifyElementText(findTestObject("Login/massage error tidak ada password"), "Login failed! Please enter the username."): Verify element text of test object 'Object Repository/Login/massage error tidak ada password' FAILED. (Root cause: com.kms.katalon.core.exception.StepFailedException: Verify element text of test object 'Object Repository/Login/massage error tidak ada password' FAILED.
	at com.kms.katalon.core.webui.keyword.internal.WebUIKeywordMain.stepFailed(WebUIKeywordMain.groovy:64)
	at com.kms.katalon.core.webui.keyword.internal.WebUIKeywordMain.runKeyword(WebUIKeywordMain.groovy:26)
	at com.kms.katalon.core.webui.keyword.builtin.VerifyElementTextKeyword.verifyElementText(VerifyElementTextKeyword.groovy:72)
	at com.kms.katalon.core.webui.keyword.builtin.VerifyElementTextKeyword.execute(VerifyElementTextKeyword.groovy:40)
	at com.kms.katalon.core.keyword.internal.KeywordExecutor.executeKeywordForPlatform(KeywordExecutor.groovy:74)
	at com.kms.katalon.core.webui.keyword.WebUiBuiltInKeywords.verifyElementText(WebUiBuiltInKeywords.groovy:4749)
	at com.kms.katalon.core.webui.keyword.WebUiBuiltInKeywords$verifyElementText$5.call(Unknown Source)
	at Test Case 1.4.run(Test Case 1.4:38)
	at com.kms.katalon.core.main.ScriptEngine.run(ScriptEngine.java:194)
	at com.kms.katalon.core.main.ScriptEngine.runScriptAsRawText(ScriptEngine.java:119)
	at com.kms.katalon.core.main.TestCaseExecutor.runScript(TestCaseExecutor.java:448)
	at com.kms.katalon.core.main.TestCaseExecutor.doExecute(TestCaseExecutor.java:439)
	at com.kms.katalon.core.main.TestCaseExecutor.processExecutionPhase(TestCaseExecutor.java:418)
	at com.kms.katalon.core.main.TestCaseExecutor.accessMainPhase(TestCaseExecutor.java:410)
	at com.kms.katalon.core.main.TestCaseExecutor.execute(TestCaseExecutor.java:285)
	at com.kms.katalon.core.main.TestCaseExecutor.execute(TestCaseExecutor.java:369)
	at com.kms.katalon.core.main.TestCaseExecutor.execute(TestCaseExecutor.java:369)
	at com.kms.katalon.core.main.TestCaseExecutor.execute(TestCaseExecutor.java:369)
	at com.kms.katalon.core.common.CommonExecutor.accessTestCaseMainPhase(CommonExecutor.java:65)
	at com.kms.katalon.core.main.TestSuiteExecutor.accessTestSuiteMainPhase(TestSuiteExecutor.java:148)
	at com.kms.katalon.core.main.TestSuiteExecutor.execute(TestSuiteExecutor.java:106)
	at com.kms.katalon.core.main.TestCaseMain.startTestSuite(TestCaseMain.java:187)
	at com.kms.katalon.core.main.TestCaseMain$startTestSuite$0.call(Unknown Source)
	at TempTestSuite1692955273391.run(TempTestSuite1692955273391.groovy:36)
Caused by: com.kms.katalon.core.exception.StepFailedException: Actual text 'Login failed! Please ensure the username and password are valid.' and expected text 'Login failed! Please enter the username.' of test object 'Object Repository/Login/massage error tidak ada password' are NOT matched.
	at com.kms.katalon.core.webui.keyword.internal.WebUIKeywordMain.stepFailed(WebUIKeywordMain.groovy:64)
	at com.kms.katalon.core.webui.keyword.builtin.VerifyElementTextKeyword$_verifyElementText_closure1.doCall(VerifyElementTextKeyword.groovy:57)
	at com.kms.katalon.core.webui.keyword.builtin.VerifyElementTextKeyword$_verifyElementText_closure1.call(VerifyElementTextKeyword.groovy)
	at com.kms.katalon.core.webui.keyword.internal.WebUIKeywordMain.runKeyword(WebUIKeywordMain.groovy:20)
	... 22 more
)

2023-08-25 16:23:38 - [MESSAGE][FAILED] - Actual text 'Login failed! Please ensure the username and password are valid.' and expected text 'Login failed! Please enter the username.' of test object 'Object Repository/Login/massage error tidak ada password' are NOT matched. (Root cause: com.kms.katalon.core.exception.StepFailedException: Actual text 'Login failed! Please ensure the username and password are valid.' and expected text 'Login failed! Please enter the username.' of test object 'Object Repository/Login/massage error tidak ada password' are NOT matched.
	at com.kms.katalon.core.webui.keyword.internal.WebUIKeywordMain.stepFailed(WebUIKeywordMain.groovy:64)
	at com.kms.katalon.core.webui.keyword.builtin.VerifyElementTextKeyword$_verifyElementText_closure1.doCall(VerifyElementTextKeyword.groovy:57)
	at com.kms.katalon.core.webui.keyword.builtin.VerifyElementTextKeyword$_verifyElementText_closure1.call(VerifyElementTextKeyword.groovy)
	at com.kms.katalon.core.webui.keyword.internal.WebUIKeywordMain.runKeyword(WebUIKeywordMain.groovy:20)
	at com.kms.katalon.core.webui.keyword.builtin.VerifyElementTextKeyword.verifyElementText(VerifyElementTextKeyword.groovy:72)
	at com.kms.katalon.core.webui.keyword.builtin.VerifyElementTextKeyword.execute(VerifyElementTextKeyword.groovy:40)
	at com.kms.katalon.core.keyword.internal.KeywordExecutor.executeKeywordForPlatform(KeywordExecutor.groovy:74)
	at com.kms.katalon.core.webui.keyword.WebUiBuiltInKeywords.verifyElementText(WebUiBuiltInKeywords.groovy:4749)
	at com.kms.katalon.core.webui.keyword.WebUiBuiltInKeywords$verifyElementText$5.call(Unknown Source)
	at Test Case 1.4.run(Test Case 1.4:38)
	at com.kms.katalon.core.main.ScriptEngine.run(ScriptEngine.java:194)
	at com.kms.katalon.core.main.ScriptEngine.runScriptAsRawText(ScriptEngine.java:119)
	at com.kms.katalon.core.main.TestCaseExecutor.runScript(TestCaseExecutor.java:448)
	at com.kms.katalon.core.main.TestCaseExecutor.doExecute(TestCaseExecutor.java:439)
	at com.kms.katalon.core.main.TestCaseExecutor.processExecutionPhase(TestCaseExecutor.java:418)
	at com.kms.katalon.core.main.TestCaseExecutor.accessMainPhase(TestCaseExecutor.java:410)
	at com.kms.katalon.core.main.TestCaseExecutor.execute(TestCaseExecutor.java:285)
	at com.kms.katalon.core.main.TestCaseExecutor.execute(TestCaseExecutor.java:369)
	at com.kms.katalon.core.main.TestCaseExecutor.execute(TestCaseExecutor.java:369)
	at com.kms.katalon.core.main.TestCaseExecutor.execute(TestCaseExecutor.java:369)
	at com.kms.katalon.core.common.CommonExecutor.accessTestCaseMainPhase(CommonExecutor.java:65)
	at com.kms.katalon.core.main.TestSuiteExecutor.accessTestSuiteMainPhase(TestSuiteExecutor.java:148)
	at com.kms.katalon.core.main.TestSuiteExecutor.execute(TestSuiteExecutor.java:106)
	at com.kms.katalon.core.main.TestCaseMain.startTestSuite(TestCaseMain.java:187)
	at com.kms.katalon.core.main.TestCaseMain$startTestSuite$0.call(Unknown Source)
	at TempTestSuite1692955273391.run(TempTestSuite1692955273391.groovy:36)
)
[[ATTACHMENT|D:\\Project XSIS\\batch-324-qa\\irfan\\Cura Heroku App\\Reports\\20230825_162113\\Heroku app\\20230825_162113\\1692955418327.png]]

2023-08-25 16:23:38 - [MESSAGE][FAILED] - Verify element text of test object 'Object Repository/Login/massage error tidak ada password' FAILED. (Root cause: com.kms.katalon.core.exception.StepFailedException: Verify element text of test object 'Object Repository/Login/massage error tidak ada password' FAILED.
	at com.kms.katalon.core.webui.keyword.internal.WebUIKeywordMain.stepFailed(WebUIKeywordMain.groovy:64)
	at com.kms.katalon.core.webui.keyword.internal.WebUIKeywordMain.runKeyword(WebUIKeywordMain.groovy:26)
	at com.kms.katalon.core.webui.keyword.builtin.VerifyElementTextKeyword.verifyElementText(VerifyElementTextKeyword.groovy:72)
	at com.kms.katalon.core.webui.keyword.builtin.VerifyElementTextKeyword.execute(VerifyElementTextKeyword.groovy:40)
	at com.kms.katalon.core.keyword.internal.KeywordExecutor.executeKeywordForPlatform(KeywordExecutor.groovy:74)
	at com.kms.katalon.core.webui.keyword.WebUiBuiltInKeywords.verifyElementText(WebUiBuiltInKeywords.groovy:4749)
	at com.kms.katalon.core.webui.keyword.WebUiBuiltInKeywords$verifyElementText$5.call(Unknown Source)
	at Test Case 1.4.run(Test Case 1.4:38)
	at com.kms.katalon.core.main.ScriptEngine.run(ScriptEngine.java:194)
	at com.kms.katalon.core.main.ScriptEngine.runScriptAsRawText(ScriptEngine.java:119)
	at com.kms.katalon.core.main.TestCaseExecutor.runScript(TestCaseExecutor.java:448)
	at com.kms.katalon.core.main.TestCaseExecutor.doExecute(TestCaseExecutor.java:439)
	at com.kms.katalon.core.main.TestCaseExecutor.processExecutionPhase(TestCaseExecutor.java:418)
	at com.kms.katalon.core.main.TestCaseExecutor.accessMainPhase(TestCaseExecutor.java:410)
	at com.kms.katalon.core.main.TestCaseExecutor.execute(TestCaseExecutor.java:285)
	at com.kms.katalon.core.main.TestCaseExecutor.execute(TestCaseExecutor.java:369)
	at com.kms.katalon.core.main.TestCaseExecutor.execute(TestCaseExecutor.java:369)
	at com.kms.katalon.core.main.TestCaseExecutor.execute(TestCaseExecutor.java:369)
	at com.kms.katalon.core.common.CommonExecutor.accessTestCaseMainPhase(CommonExecutor.java:65)
	at com.kms.katalon.core.main.TestSuiteExecutor.accessTestSuiteMainPhase(TestSuiteExecutor.java:148)
	at com.kms.katalon.core.main.TestSuiteExecutor.execute(TestSuiteExecutor.java:106)
	at com.kms.katalon.core.main.TestCaseMain.startTestSuite(TestCaseMain.java:187)
	at com.kms.katalon.core.main.TestCaseMain$startTestSuite$0.call(Unknown Source)
	at TempTestSuite1692955273391.run(TempTestSuite1692955273391.groovy:36)
Caused by: com.kms.katalon.core.exception.StepFailedException: Actual text 'Login failed! Please ensure the username and password are valid.' and expected text 'Login failed! Please enter the username.' of test object 'Object Repository/Login/massage error tidak ada password' are NOT matched.
	at com.kms.katalon.core.webui.keyword.internal.WebUIKeywordMain.stepFailed(WebUIKeywordMain.groovy:64)
	at com.kms.katalon.core.webui.keyword.builtin.VerifyElementTextKeyword$_verifyElementText_closure1.doCall(VerifyElementTextKeyword.groovy:57)
	at com.kms.katalon.core.webui.keyword.builtin.VerifyElementTextKeyword$_verifyElementText_closure1.call(VerifyElementTextKeyword.groovy)
	at com.kms.katalon.core.webui.keyword.internal.WebUIKeywordMain.runKeyword(WebUIKeywordMain.groovy:20)
	... 22 more
)
[[ATTACHMENT|D:\\Project XSIS\\batch-324-qa\\irfan\\Cura Heroku App\\Reports\\20230825_162113\\Heroku app\\20230825_162113\\1692955418413.png]]]]></system-out>
         <system-err><![CDATA[2023-08-25 16:23:24 - [TEST_CASE][FAILED] - Test Cases/Login/Test Case 1.4: Test Cases/Login/Test Case 1.4 FAILED.
Reason:
com.kms.katalon.core.exception.StepFailedException: Verify element text of test object 'Object Repository/Login/massage error tidak ada password' FAILED.
	at com.kms.katalon.core.webui.keyword.internal.WebUIKeywordMain.stepFailed(WebUIKeywordMain.groovy:64)
	at com.kms.katalon.core.webui.keyword.internal.WebUIKeywordMain.runKeyword(WebUIKeywordMain.groovy:26)
	at com.kms.katalon.core.webui.keyword.builtin.VerifyElementTextKeyword.verifyElementText(VerifyElementTextKeyword.groovy:72)
	at com.kms.katalon.core.webui.keyword.builtin.VerifyElementTextKeyword.execute(VerifyElementTextKeyword.groovy:40)
	at com.kms.katalon.core.keyword.internal.KeywordExecutor.executeKeywordForPlatform(KeywordExecutor.groovy:74)
	at com.kms.katalon.core.webui.keyword.WebUiBuiltInKeywords.verifyElementText(WebUiBuiltInKeywords.groovy:4749)
	at com.kms.katalon.core.webui.keyword.WebUiBuiltInKeywords$verifyElementText$5.call(Unknown Source)
	at Test Case 1.4.run(Test Case 1.4:38)
	at com.kms.katalon.core.main.ScriptEngine.run(ScriptEngine.java:194)
	at com.kms.katalon.core.main.ScriptEngine.runScriptAsRawText(ScriptEngine.java:119)
	at com.kms.katalon.core.main.TestCaseExecutor.runScript(TestCaseExecutor.java:448)
	at com.kms.katalon.core.main.TestCaseExecutor.doExecute(TestCaseExecutor.java:439)
	at com.kms.katalon.core.main.TestCaseExecutor.processExecutionPhase(TestCaseExecutor.java:418)
	at com.kms.katalon.core.main.TestCaseExecutor.accessMainPhase(TestCaseExecutor.java:410)
	at com.kms.katalon.core.main.TestCaseExecutor.execute(TestCaseExecutor.java:285)
	at com.kms.katalon.core.main.TestCaseExecutor.execute(TestCaseExecutor.java:369)
	at com.kms.katalon.core.main.TestCaseExecutor.execute(TestCaseExecutor.java:369)
	at com.kms.katalon.core.main.TestCaseExecutor.execute(TestCaseExecutor.java:369)
	at com.kms.katalon.core.common.CommonExecutor.accessTestCaseMainPhase(CommonExecutor.java:65)
	at com.kms.katalon.core.main.TestSuiteExecutor.accessTestSuiteMainPhase(TestSuiteExecutor.java:148)
	at com.kms.katalon.core.main.TestSuiteExecutor.execute(TestSuiteExecutor.java:106)
	at com.kms.katalon.core.main.TestCaseMain.startTestSuite(TestCaseMain.java:187)
	at com.kms.katalon.core.main.TestCaseMain$startTestSuite$0.call(Unknown Source)
	at TempTestSuite1692955273391.run(TempTestSuite1692955273391.groovy:36)
Caused by: com.kms.katalon.core.exception.StepFailedException: Actual text 'Login failed! Please ensure the username and password are valid.' and expected text 'Login failed! Please enter the username.' of test object 'Object Repository/Login/massage error tidak ada password' are NOT matched.
	at com.kms.katalon.core.webui.keyword.internal.WebUIKeywordMain.stepFailed(WebUIKeywordMain.groovy:64)
	at com.kms.katalon.core.webui.keyword.builtin.VerifyElementTextKeyword$_verifyElementText_closure1.doCall(VerifyElementTextKeyword.groovy:57)
	at com.kms.katalon.core.webui.keyword.builtin.VerifyElementTextKeyword$_verifyElementText_closure1.call(VerifyElementTextKeyword.groovy)
	at com.kms.katalon.core.webui.keyword.internal.WebUIKeywordMain.runKeyword(WebUIKeywordMain.groovy:20)
	... 22 more]]></system-err>
      </testcase>
      <testcase name="Test Cases/Appointment/Test Case 2.1 (dinamis)" time="20.852" classname="Test Cases/Appointment/Test Case 2.1 (dinamis)" status="PASSED">
         <system-out><![CDATA[2023-08-25 16:23:38 - [TEST_CASE][PASSED] - Test Cases/Appointment/Test Case 2.1 (dinamis): Test Cases/Appointment/Test Case 2.1 (dinamis)

2023-08-25 16:23:38 - [TEST_STEP][PASSED] - callTestCase(findTestCase("Login/Test Case 1.1 (Script)"), ["Username":username, "Password":password], STOP_ON_FAILURE): Call Test Case 'Test Cases/Login/Test Case 1.1 (Script)' successfully

2023-08-25 16:23:38 - [TEST_CASE][PASSED] - Test Cases/Login/Test Case 1.1 (Script): Test Cases/Login/Test Case 1.1 (Script)

2023-08-25 16:23:39 - [TEST_STEP][PASSED] - openBrowser("https://katalon-demo-cura.herokuapp.com/"): Browser is opened with url: 'https://katalon-demo-cura.herokuapp.com/'

2023-08-25 16:23:39 - [MESSAGE][WARNING] - A browser is already opened. Closing browser and opening a new one

2023-08-25 16:23:40 - [MESSAGE][INFO] - Starting 'Edge Chromium' driver

2023-08-25 16:23:42 - [MESSAGE][INFO] - Action delay is set to 0 milliseconds

2023-08-25 16:23:48 - [MESSAGE][PASSED] - Browser is opened with url: 'https://katalon-demo-cura.herokuapp.com/'

2023-08-25 16:23:48 - [TEST_STEP][PASSED] - verifyElementPresent(findTestObject("Object Repository/Login/Tittle_Home_Page"), 10): Object 'Object Repository/Login/Tittle_Home_Page' is present

2023-08-25 16:23:48 - [MESSAGE][PASSED] - Object 'Object Repository/Login/Tittle_Home_Page' is present

2023-08-25 16:23:48 - [TEST_STEP][PASSED] - click(findTestObject("Object Repository/Login/Menu Burger")): Object: 'Object Repository/Login/Menu Burger' is clicked on

2023-08-25 16:23:49 - [MESSAGE][PASSED] - Object: 'Object Repository/Login/Menu Burger' is clicked on

2023-08-25 16:23:49 - [TEST_STEP][PASSED] - click(findTestObject("Object Repository/Login/Menu Login")): Object: 'Object Repository/Login/Menu Login' is clicked on

2023-08-25 16:23:50 - [MESSAGE][PASSED] - Object: 'Object Repository/Login/Menu Login' is clicked on

2023-08-25 16:23:50 - [TEST_STEP][PASSED] - verifyElementPresent(findTestObject("Object Repository/Login/Tittle Login"), 10): Object 'Object Repository/Login/Tittle Login' is present

2023-08-25 16:23:50 - [MESSAGE][PASSED] - Object 'Object Repository/Login/Tittle Login' is present

2023-08-25 16:23:50 - [TEST_STEP][PASSED] - setText(findTestObject("Object Repository/Login/Input Username"), Username): Text 'John Doe' is set on object 'Object Repository/Login/Input Username'

2023-08-25 16:23:51 - [MESSAGE][PASSED] - Text 'John Doe' is set on object 'Object Repository/Login/Input Username'

2023-08-25 16:23:51 - [TEST_STEP][PASSED] - setEncryptedText(findTestObject("Object Repository/Login/Input Password"), Password): Text ****** has been set on object 'Object Repository/Login/Input Password'

2023-08-25 16:23:51 - [MESSAGE][PASSED] - Text ****** has been set on object 'Object Repository/Login/Input Password'

2023-08-25 16:23:51 - [TEST_STEP][PASSED] - click(findTestObject("Object Repository/Login/Button Login")): Object: 'Object Repository/Login/Button Login' is clicked on

2023-08-25 16:23:52 - [MESSAGE][PASSED] - Object: 'Object Repository/Login/Button Login' is clicked on

2023-08-25 16:23:52 - [TEST_STEP][PASSED] - verifyElementPresent(findTestObject("Object Repository/Login/Tittle Make Appointment"), 10): Object 'Object Repository/Login/Tittle Make Appointment' is present

2023-08-25 16:23:53 - [MESSAGE][PASSED] - Object 'Object Repository/Login/Tittle Make Appointment' is present

2023-08-25 16:23:53 - [MESSAGE][PASSED] - Call Test Case 'Test Cases/Login/Test Case 1.1 (Script)' successfully

2023-08-25 16:23:53 - [TEST_STEP][PASSED] - selectOptionByValue(findTestObject("Make Appointment/Select Drop Down Facility"), facility, false): All options with value 'Hongkong CURA Healthcare Center' are selected in object 'Object Repository/Make Appointment/Select Drop Down Facility' 

2023-08-25 16:23:53 - [MESSAGE][PASSED] - All options with value 'Hongkong CURA Healthcare Center' are selected in object 'Object Repository/Make Appointment/Select Drop Down Facility' 

2023-08-25 16:23:53 - [TEST_STEP][PASSED] - if (toString().equalsIgnoreCase("yes")): Object 'Object Repository/Make Appointment/Checkbox apply for hospital readmission' is checked

2023-08-25 16:23:53 - [TEST_STEP][PASSED] - check(findTestObject("Make Appointment/Checkbox apply for hospital readmission")): Object 'Object Repository/Make Appointment/Checkbox apply for hospital readmission' is checked

2023-08-25 16:23:54 - [MESSAGE][PASSED] - Object 'Object Repository/Make Appointment/Checkbox apply for hospital readmission' is checked

2023-08-25 16:23:54 - [TEST_STEP][PASSED] - if (toString().equalsIgnoreCase("Medicare")): Object 'Object Repository/Make Appointment/Radio Medicare programs' is checked

2023-08-25 16:23:54 - [TEST_STEP][PASSED] - check(findTestObject("Object Repository/Make Appointment/Radio Medicare programs")): Object 'Object Repository/Make Appointment/Radio Medicare programs' is checked

2023-08-25 16:23:54 - [MESSAGE][PASSED] - Object 'Object Repository/Make Appointment/Radio Medicare programs' is checked

2023-08-25 16:23:54 - [TEST_STEP][PASSED] - setText(findTestObject("Make Appointment/input Visit Date (Required)"), visit_date): Text '20/05/2023' is set on object 'Object Repository/Make Appointment/input Visit Date (Required)'

2023-08-25 16:23:55 - [MESSAGE][PASSED] - Text '20/05/2023' is set on object 'Object Repository/Make Appointment/input Visit Date (Required)'

2023-08-25 16:23:55 - [TEST_STEP][PASSED] - setText(findTestObject("Make Appointment/Text Area Comment"), comment): Text 'halo bang' is set on object 'Object Repository/Make Appointment/Text Area Comment'

2023-08-25 16:23:56 - [MESSAGE][PASSED] - Text 'halo bang' is set on object 'Object Repository/Make Appointment/Text Area Comment'

2023-08-25 16:23:56 - [TEST_STEP][PASSED] - click(findTestObject("Make Appointment/button Book Appointment")): Object: 'Object Repository/Make Appointment/button Book Appointment' is clicked on

2023-08-25 16:23:57 - [MESSAGE][PASSED] - Object: 'Object Repository/Make Appointment/button Book Appointment' is clicked on

2023-08-25 16:23:57 - [TEST_STEP][PASSED] - verifyElementPresent(findTestObject("Make Appointment/Tittle Appointment Confirmation"), 10): Object 'Object Repository/Make Appointment/Tittle Appointment Confirmation' is present

2023-08-25 16:23:57 - [MESSAGE][PASSED] - Object 'Object Repository/Make Appointment/Tittle Appointment Confirmation' is present

2023-08-25 16:23:57 - [TEST_STEP][PASSED] - hasilFacility = getText(findTestObject("Object Repository/Make Appointment/Hasil facility")): Text of object 'Object Repository/Make Appointment/Hasil facility' is: 'Hongkong CURA Healthcare Center'

2023-08-25 16:23:57 - [MESSAGE][PASSED] - Text of object 'Object Repository/Make Appointment/Hasil facility' is: 'Hongkong CURA Healthcare Center'

2023-08-25 16:23:57 - [TEST_STEP][PASSED] - hasilReadmission = getText(findTestObject("Make Appointment/Hasil apply for hospital")): Text of object 'Object Repository/Make Appointment/Hasil apply for hospital' is: 'Yes'

2023-08-25 16:23:58 - [MESSAGE][PASSED] - Text of object 'Object Repository/Make Appointment/Hasil apply for hospital' is: 'Yes'

2023-08-25 16:23:58 - [TEST_STEP][PASSED] - hasilhealtcare = getText(findTestObject("Make Appointment/Hasil healtcare program")): Text of object 'Object Repository/Make Appointment/Hasil healtcare program' is: 'Medicare'

2023-08-25 16:23:58 - [MESSAGE][PASSED] - Text of object 'Object Repository/Make Appointment/Hasil healtcare program' is: 'Medicare'

2023-08-25 16:23:58 - [TEST_STEP][PASSED] - hasilVisitdate = getText(findTestObject("Make Appointment/Hasil visit date")): Text of object 'Object Repository/Make Appointment/Hasil visit date' is: '20/05/2023'

2023-08-25 16:23:58 - [MESSAGE][PASSED] - Text of object 'Object Repository/Make Appointment/Hasil visit date' is: '20/05/2023'

2023-08-25 16:23:58 - [TEST_STEP][PASSED] - hasilComment = getText(findTestObject("Make Appointment/Hasil comment")): Text of object 'Object Repository/Make Appointment/Hasil comment' is: 'halo bang'

2023-08-25 16:23:59 - [MESSAGE][PASSED] - Text of object 'Object Repository/Make Appointment/Hasil comment' is: 'halo bang'

2023-08-25 16:23:59 - [TEST_STEP][PASSED] - assert trim().equalsIgnoreCase(facility.trim()): null

2023-08-25 16:23:59 - [TEST_STEP][PASSED] - assert trim().equalsIgnoreCase(hospital_readmission.trim()): null

2023-08-25 16:23:59 - [TEST_STEP][PASSED] - assert trim().equalsIgnoreCase(healthcare_program.trim()): null

2023-08-25 16:23:59 - [TEST_STEP][PASSED] - assert trim().equalsIgnoreCase(visit_date.trim()): null

2023-08-25 16:23:59 - [TEST_STEP][PASSED] - assert trim().equalsIgnoreCase(comment.trim()): null]]></system-out>
         <system-err><![CDATA[]]></system-err>
      </testcase>
      <testcase name="Test Cases/Appointment/Test Case 2.2" time="20.918" classname="Test Cases/Appointment/Test Case 2.2" status="PASSED">
         <system-out><![CDATA[2023-08-25 16:23:59 - [TEST_CASE][PASSED] - Test Cases/Appointment/Test Case 2.2: Test Cases/Appointment/Test Case 2.2

2023-08-25 16:23:59 - [TEST_STEP][PASSED] - callTestCase(findTestCase("Login/Test Case 1.1 (Manual)"), [:], STOP_ON_FAILURE): Call Test Case 'Test Cases/Login/Test Case 1.1 (Manual)' successfully

2023-08-25 16:23:59 - [TEST_CASE][PASSED] - Test Cases/Login/Test Case 1.1 (Manual): Test Cases/Login/Test Case 1.1 (Manual)

2023-08-25 16:23:59 - [TEST_STEP][PASSED] - openBrowser(WEB_URL): Browser is opened with url: 'https://katalon-demo-cura.herokuapp.com/'

2023-08-25 16:23:59 - [MESSAGE][WARNING] - A browser is already opened. Closing browser and opening a new one

2023-08-25 16:24:00 - [MESSAGE][INFO] - Starting 'Edge Chromium' driver

2023-08-25 16:24:02 - [MESSAGE][INFO] - Action delay is set to 0 milliseconds

2023-08-25 16:24:06 - [MESSAGE][PASSED] - Browser is opened with url: 'https://katalon-demo-cura.herokuapp.com/'

2023-08-25 16:24:06 - [TEST_STEP][PASSED] - verifyElementPresent(findTestObject("Login/Tittle_Home_Page"), 10): Object 'Object Repository/Login/Tittle_Home_Page' is present

2023-08-25 16:24:07 - [MESSAGE][PASSED] - Object 'Object Repository/Login/Tittle_Home_Page' is present

2023-08-25 16:24:07 - [TEST_STEP][PASSED] - click(findTestObject("Login/Menu Burger")): Object: 'Object Repository/Login/Menu Burger' is clicked on

2023-08-25 16:24:07 - [MESSAGE][PASSED] - Object: 'Object Repository/Login/Menu Burger' is clicked on

2023-08-25 16:24:07 - [TEST_STEP][PASSED] - click(findTestObject("Login/Menu Login")): Object: 'Object Repository/Login/Menu Login' is clicked on

2023-08-25 16:24:08 - [MESSAGE][PASSED] - Object: 'Object Repository/Login/Menu Login' is clicked on

2023-08-25 16:24:08 - [TEST_STEP][PASSED] - verifyElementPresent(findTestObject("Login/Tittle Login"), 10): Object 'Object Repository/Login/Tittle Login' is present

2023-08-25 16:24:09 - [MESSAGE][PASSED] - Object 'Object Repository/Login/Tittle Login' is present

2023-08-25 16:24:09 - [TEST_STEP][PASSED] - setText(findTestObject("Login/Input Username"), "John Doe"): Text 'John Doe' is set on object 'Object Repository/Login/Input Username'

2023-08-25 16:24:10 - [MESSAGE][PASSED] - Text 'John Doe' is set on object 'Object Repository/Login/Input Username'

2023-08-25 16:24:10 - [TEST_STEP][PASSED] - setEncryptedText(findTestObject("Login/Input Password"), "g3/DOGG74jC3Flrr3yH+3D/yKbOqqUNM"): Text ****** has been set on object 'Object Repository/Login/Input Password'

2023-08-25 16:24:10 - [MESSAGE][PASSED] - Text ****** has been set on object 'Object Repository/Login/Input Password'

2023-08-25 16:24:10 - [TEST_STEP][PASSED] - click(findTestObject("Login/Button Login")): Object: 'Object Repository/Login/Button Login' is clicked on

2023-08-25 16:24:11 - [MESSAGE][PASSED] - Object: 'Object Repository/Login/Button Login' is clicked on

2023-08-25 16:24:11 - [TEST_STEP][PASSED] - verifyElementPresent(findTestObject("Login/Tittle Make Appointment"), 10): Object 'Object Repository/Login/Tittle Make Appointment' is present

2023-08-25 16:24:11 - [MESSAGE][PASSED] - Object 'Object Repository/Login/Tittle Make Appointment' is present

2023-08-25 16:24:11 - [MESSAGE][PASSED] - Call Test Case 'Test Cases/Login/Test Case 1.1 (Manual)' successfully

2023-08-25 16:24:11 - [TEST_STEP][PASSED] - selectOptionByValue(findTestObject("Make Appointment/Select Drop Down Facility"), "Hongkong CURA Healthcare Center", false): All options with value 'Hongkong CURA Healthcare Center' are selected in object 'Object Repository/Make Appointment/Select Drop Down Facility' 

2023-08-25 16:24:12 - [MESSAGE][PASSED] - All options with value 'Hongkong CURA Healthcare Center' are selected in object 'Object Repository/Make Appointment/Select Drop Down Facility' 

2023-08-25 16:24:12 - [TEST_STEP][PASSED] - check(findTestObject("Make Appointment/Checkbox apply for hospital readmission")): Object 'Object Repository/Make Appointment/Checkbox apply for hospital readmission' is checked

2023-08-25 16:24:12 - [MESSAGE][PASSED] - Object 'Object Repository/Make Appointment/Checkbox apply for hospital readmission' is checked

2023-08-25 16:24:12 - [TEST_STEP][PASSED] - check(findTestObject("Make Appointment/Radio Medicaid programs")): Object 'Object Repository/Make Appointment/Radio Medicaid programs' is checked

2023-08-25 16:24:13 - [MESSAGE][PASSED] - Object 'Object Repository/Make Appointment/Radio Medicaid programs' is checked

2023-08-25 16:24:13 - [TEST_STEP][PASSED] - setText(findTestObject("Make Appointment/Text Area Comment"), comment): Text 'hello word' is set on object 'Object Repository/Make Appointment/Text Area Comment'

2023-08-25 16:24:14 - [MESSAGE][PASSED] - Text 'hello word' is set on object 'Object Repository/Make Appointment/Text Area Comment'

2023-08-25 16:24:14 - [TEST_STEP][PASSED] - setText(findTestObject("Make Appointment/input Visit Date (Required)"), ""): Text '' is set on object 'Object Repository/Make Appointment/input Visit Date (Required)'

2023-08-25 16:24:14 - [MESSAGE][PASSED] - Text '' is set on object 'Object Repository/Make Appointment/input Visit Date (Required)'

2023-08-25 16:24:14 - [TEST_STEP][PASSED] - click(findTestObject("Make Appointment/button Book Appointment")): Object: 'Object Repository/Make Appointment/button Book Appointment' is clicked on

2023-08-25 16:24:15 - [MESSAGE][PASSED] - Object: 'Object Repository/Make Appointment/button Book Appointment' is clicked on

2023-08-25 16:24:15 - [TEST_STEP][PASSED] - delay(5): Delayed 5 second(s)

2023-08-25 16:24:20 - [MESSAGE][PASSED] - Delayed 5 second(s)]]></system-out>
         <system-err><![CDATA[]]></system-err>
      </testcase>
      <testcase name="Test Cases/Appointment/Test Case 2.3" time="17.693" classname="Test Cases/Appointment/Test Case 2.3" status="PASSED">
         <system-out><![CDATA[2023-08-25 16:24:20 - [TEST_CASE][PASSED] - Test Cases/Appointment/Test Case 2.3: Test Cases/Appointment/Test Case 2.3

2023-08-25 16:24:20 - [TEST_STEP][PASSED] - callTestCase(findTestCase("Login/Test Case 1.1 (Manual)"), [:], STOP_ON_FAILURE): Call Test Case 'Test Cases/Login/Test Case 1.1 (Manual)' successfully

2023-08-25 16:24:20 - [TEST_CASE][PASSED] - Test Cases/Login/Test Case 1.1 (Manual): Test Cases/Login/Test Case 1.1 (Manual)

2023-08-25 16:24:20 - [TEST_STEP][PASSED] - openBrowser(WEB_URL): Browser is opened with url: 'https://katalon-demo-cura.herokuapp.com/'

2023-08-25 16:24:20 - [MESSAGE][WARNING] - A browser is already opened. Closing browser and opening a new one

2023-08-25 16:24:21 - [MESSAGE][INFO] - Starting 'Edge Chromium' driver

2023-08-25 16:24:23 - [MESSAGE][INFO] - Action delay is set to 0 milliseconds

2023-08-25 16:24:28 - [MESSAGE][PASSED] - Browser is opened with url: 'https://katalon-demo-cura.herokuapp.com/'

2023-08-25 16:24:28 - [TEST_STEP][PASSED] - verifyElementPresent(findTestObject("Login/Tittle_Home_Page"), 10): Object 'Object Repository/Login/Tittle_Home_Page' is present

2023-08-25 16:24:28 - [MESSAGE][PASSED] - Object 'Object Repository/Login/Tittle_Home_Page' is present

2023-08-25 16:24:28 - [TEST_STEP][PASSED] - click(findTestObject("Login/Menu Burger")): Object: 'Object Repository/Login/Menu Burger' is clicked on

2023-08-25 16:24:28 - [MESSAGE][PASSED] - Object: 'Object Repository/Login/Menu Burger' is clicked on

2023-08-25 16:24:28 - [TEST_STEP][PASSED] - click(findTestObject("Login/Menu Login")): Object: 'Object Repository/Login/Menu Login' is clicked on

2023-08-25 16:24:29 - [MESSAGE][PASSED] - Object: 'Object Repository/Login/Menu Login' is clicked on

2023-08-25 16:24:29 - [TEST_STEP][PASSED] - verifyElementPresent(findTestObject("Login/Tittle Login"), 10): Object 'Object Repository/Login/Tittle Login' is present

2023-08-25 16:24:30 - [MESSAGE][PASSED] - Object 'Object Repository/Login/Tittle Login' is present

2023-08-25 16:24:30 - [TEST_STEP][PASSED] - setText(findTestObject("Login/Input Username"), "John Doe"): Text 'John Doe' is set on object 'Object Repository/Login/Input Username'

2023-08-25 16:24:30 - [MESSAGE][PASSED] - Text 'John Doe' is set on object 'Object Repository/Login/Input Username'

2023-08-25 16:24:30 - [TEST_STEP][PASSED] - setEncryptedText(findTestObject("Login/Input Password"), "g3/DOGG74jC3Flrr3yH+3D/yKbOqqUNM"): Text ****** has been set on object 'Object Repository/Login/Input Password'

2023-08-25 16:24:31 - [MESSAGE][PASSED] - Text ****** has been set on object 'Object Repository/Login/Input Password'

2023-08-25 16:24:31 - [TEST_STEP][PASSED] - click(findTestObject("Login/Button Login")): Object: 'Object Repository/Login/Button Login' is clicked on

2023-08-25 16:24:32 - [MESSAGE][PASSED] - Object: 'Object Repository/Login/Button Login' is clicked on

2023-08-25 16:24:32 - [TEST_STEP][PASSED] - verifyElementPresent(findTestObject("Login/Tittle Make Appointment"), 10): Object 'Object Repository/Login/Tittle Make Appointment' is present

2023-08-25 16:24:33 - [MESSAGE][PASSED] - Object 'Object Repository/Login/Tittle Make Appointment' is present

2023-08-25 16:24:33 - [MESSAGE][PASSED] - Call Test Case 'Test Cases/Login/Test Case 1.1 (Manual)' successfully

2023-08-25 16:24:33 - [TEST_STEP][PASSED] - selectOptionByValue(findTestObject("Make Appointment/Select Drop Down Facility"), facility, false): All options with value 'Hongkong CURA Healthcare Center' are selected in object 'Object Repository/Make Appointment/Select Drop Down Facility' 

2023-08-25 16:24:33 - [MESSAGE][PASSED] - All options with value 'Hongkong CURA Healthcare Center' are selected in object 'Object Repository/Make Appointment/Select Drop Down Facility' 

2023-08-25 16:24:33 - [TEST_STEP][PASSED] - check(findTestObject("Make Appointment/Checkbox apply for hospital readmission")): Object 'Object Repository/Make Appointment/Checkbox apply for hospital readmission' is checked

2023-08-25 16:24:34 - [MESSAGE][PASSED] - Object 'Object Repository/Make Appointment/Checkbox apply for hospital readmission' is checked

2023-08-25 16:24:34 - [TEST_STEP][PASSED] - check(findTestObject("Make Appointment/Radio Medicaid programs")): Object 'Object Repository/Make Appointment/Radio Medicaid programs' is checked

2023-08-25 16:24:34 - [MESSAGE][PASSED] - Object 'Object Repository/Make Appointment/Radio Medicaid programs' is checked

2023-08-25 16:24:34 - [TEST_STEP][PASSED] - setText(findTestObject("Make Appointment/input Visit Date (Required)"), visit_date): Text '01/12/2022' is set on object 'Object Repository/Make Appointment/input Visit Date (Required)'

2023-08-25 16:24:35 - [MESSAGE][PASSED] - Text '01/12/2022' is set on object 'Object Repository/Make Appointment/input Visit Date (Required)'

2023-08-25 16:24:35 - [TEST_STEP][PASSED] - setText(findTestObject("Make Appointment/Text Area Comment"), comment): Text 'Hello World' is set on object 'Object Repository/Make Appointment/Text Area Comment'

2023-08-25 16:24:36 - [MESSAGE][PASSED] - Text 'Hello World' is set on object 'Object Repository/Make Appointment/Text Area Comment'

2023-08-25 16:24:36 - [TEST_STEP][PASSED] - click(findTestObject("Make Appointment/button Book Appointment")): Object: 'Object Repository/Make Appointment/button Book Appointment' is clicked on

2023-08-25 16:24:37 - [MESSAGE][PASSED] - Object: 'Object Repository/Make Appointment/button Book Appointment' is clicked on

2023-08-25 16:24:37 - [TEST_STEP][PASSED] - verifyElementPresent(findTestObject("Make Appointment/Tittle Appointment Confirmation"), 0): Object 'Object Repository/Make Appointment/Tittle Appointment Confirmation' is present

2023-08-25 16:24:37 - [MESSAGE][WARNING] - Timeout '0' is invalid. Using default page load timeout: '10'

2023-08-25 16:24:38 - [MESSAGE][PASSED] - Object 'Object Repository/Make Appointment/Tittle Appointment Confirmation' is present]]></system-out>
         <system-err><![CDATA[]]></system-err>
      </testcase>
      <testcase name="Test Cases/Appointment/Test Case 2.4" time="18.135" classname="Test Cases/Appointment/Test Case 2.4" status="PASSED">
         <system-out><![CDATA[2023-08-25 16:24:38 - [TEST_CASE][PASSED] - Test Cases/Appointment/Test Case 2.4: Test Cases/Appointment/Test Case 2.4

2023-08-25 16:24:38 - [TEST_STEP][PASSED] - callTestCase(findTestCase("Login/Test Case 1.1 (Manual)"), [:], STOP_ON_FAILURE): Call Test Case 'Test Cases/Login/Test Case 1.1 (Manual)' successfully

2023-08-25 16:24:38 - [TEST_CASE][PASSED] - Test Cases/Login/Test Case 1.1 (Manual): Test Cases/Login/Test Case 1.1 (Manual)

2023-08-25 16:24:38 - [TEST_STEP][PASSED] - openBrowser(WEB_URL): Browser is opened with url: 'https://katalon-demo-cura.herokuapp.com/'

2023-08-25 16:24:38 - [MESSAGE][WARNING] - A browser is already opened. Closing browser and opening a new one

2023-08-25 16:24:39 - [MESSAGE][INFO] - Starting 'Edge Chromium' driver

2023-08-25 16:24:41 - [MESSAGE][INFO] - Action delay is set to 0 milliseconds

2023-08-25 16:24:46 - [MESSAGE][PASSED] - Browser is opened with url: 'https://katalon-demo-cura.herokuapp.com/'

2023-08-25 16:24:46 - [TEST_STEP][PASSED] - verifyElementPresent(findTestObject("Login/Tittle_Home_Page"), 10): Object 'Object Repository/Login/Tittle_Home_Page' is present

2023-08-25 16:24:46 - [MESSAGE][PASSED] - Object 'Object Repository/Login/Tittle_Home_Page' is present

2023-08-25 16:24:46 - [TEST_STEP][PASSED] - click(findTestObject("Login/Menu Burger")): Object: 'Object Repository/Login/Menu Burger' is clicked on

2023-08-25 16:24:46 - [MESSAGE][PASSED] - Object: 'Object Repository/Login/Menu Burger' is clicked on

2023-08-25 16:24:46 - [TEST_STEP][PASSED] - click(findTestObject("Login/Menu Login")): Object: 'Object Repository/Login/Menu Login' is clicked on

2023-08-25 16:24:48 - [MESSAGE][PASSED] - Object: 'Object Repository/Login/Menu Login' is clicked on

2023-08-25 16:24:48 - [TEST_STEP][PASSED] - verifyElementPresent(findTestObject("Login/Tittle Login"), 10): Object 'Object Repository/Login/Tittle Login' is present

2023-08-25 16:24:48 - [MESSAGE][PASSED] - Object 'Object Repository/Login/Tittle Login' is present

2023-08-25 16:24:48 - [TEST_STEP][PASSED] - setText(findTestObject("Login/Input Username"), "John Doe"): Text 'John Doe' is set on object 'Object Repository/Login/Input Username'

2023-08-25 16:24:49 - [MESSAGE][PASSED] - Text 'John Doe' is set on object 'Object Repository/Login/Input Username'

2023-08-25 16:24:49 - [TEST_STEP][PASSED] - setEncryptedText(findTestObject("Login/Input Password"), "g3/DOGG74jC3Flrr3yH+3D/yKbOqqUNM"): Text ****** has been set on object 'Object Repository/Login/Input Password'

2023-08-25 16:24:49 - [MESSAGE][PASSED] - Text ****** has been set on object 'Object Repository/Login/Input Password'

2023-08-25 16:24:49 - [TEST_STEP][PASSED] - click(findTestObject("Login/Button Login")): Object: 'Object Repository/Login/Button Login' is clicked on

2023-08-25 16:24:50 - [MESSAGE][PASSED] - Object: 'Object Repository/Login/Button Login' is clicked on

2023-08-25 16:24:50 - [TEST_STEP][PASSED] - verifyElementPresent(findTestObject("Login/Tittle Make Appointment"), 10): Object 'Object Repository/Login/Tittle Make Appointment' is present

2023-08-25 16:24:51 - [MESSAGE][PASSED] - Object 'Object Repository/Login/Tittle Make Appointment' is present

2023-08-25 16:24:51 - [MESSAGE][PASSED] - Call Test Case 'Test Cases/Login/Test Case 1.1 (Manual)' successfully

2023-08-25 16:24:51 - [TEST_STEP][PASSED] - selectOptionByValue(findTestObject("Make Appointment/Select Drop Down Facility"), facility, false): All options with value 'Hongkong CURA Healthcare Center' are selected in object 'Object Repository/Make Appointment/Select Drop Down Facility' 

2023-08-25 16:24:51 - [MESSAGE][PASSED] - All options with value 'Hongkong CURA Healthcare Center' are selected in object 'Object Repository/Make Appointment/Select Drop Down Facility' 

2023-08-25 16:24:51 - [TEST_STEP][PASSED] - if (toString().equalsIgnoreCase("yes")): null

2023-08-25 16:24:51 - [TEST_STEP][PASSED] - if (toString().equalsIgnoreCase("Medicare")): null

2023-08-25 16:24:51 - [TEST_STEP][PASSED] - else if (toString().equalsIgnoreCase("Medicaid")): Object 'Object Repository/Make Appointment/Radio Medicaid programs' is checked

2023-08-25 16:24:51 - [TEST_STEP][PASSED] - check(findTestObject("Object Repository/Make Appointment/Radio Medicaid programs")): Object 'Object Repository/Make Appointment/Radio Medicaid programs' is checked

2023-08-25 16:24:52 - [MESSAGE][PASSED] - Object 'Object Repository/Make Appointment/Radio Medicaid programs' is checked

2023-08-25 16:24:52 - [TEST_STEP][PASSED] - setText(findTestObject("Make Appointment/input Visit Date (Required)"), visit_date): Text '01/12/2022
' is set on object 'Object Repository/Make Appointment/input Visit Date (Required)'

2023-08-25 16:24:52 - [MESSAGE][PASSED] - Text '01/12/2022
' is set on object 'Object Repository/Make Appointment/input Visit Date (Required)'

2023-08-25 16:24:52 - [TEST_STEP][PASSED] - setText(findTestObject("Make Appointment/Text Area Comment"), "Hello World"): Text 'Hello World' is set on object 'Object Repository/Make Appointment/Text Area Comment'

2023-08-25 16:24:53 - [MESSAGE][PASSED] - Text 'Hello World' is set on object 'Object Repository/Make Appointment/Text Area Comment'

2023-08-25 16:24:53 - [TEST_STEP][PASSED] - click(findTestObject("Make Appointment/button Book Appointment")): Object: 'Object Repository/Make Appointment/button Book Appointment' is clicked on

2023-08-25 16:24:54 - [MESSAGE][PASSED] - Object: 'Object Repository/Make Appointment/button Book Appointment' is clicked on

2023-08-25 16:24:54 - [TEST_STEP][PASSED] - hasilFacility = getText(findTestObject("Object Repository/Make Appointment/Hasil facility")): Text of object 'Object Repository/Make Appointment/Hasil facility' is: 'Hongkong CURA Healthcare Center'

2023-08-25 16:24:54 - [MESSAGE][PASSED] - Text of object 'Object Repository/Make Appointment/Hasil facility' is: 'Hongkong CURA Healthcare Center'

2023-08-25 16:24:54 - [TEST_STEP][PASSED] - hasilReadmission = getText(findTestObject("Make Appointment/Hasil NO hospital readmission")): Text of object 'Object Repository/Make Appointment/Hasil NO hospital readmission' is: 'No'

2023-08-25 16:24:55 - [MESSAGE][PASSED] - Text of object 'Object Repository/Make Appointment/Hasil NO hospital readmission' is: 'No'

2023-08-25 16:24:55 - [TEST_STEP][PASSED] - hasilhealtcare = getText(findTestObject("Make Appointment/Hasil healtcare program")): Text of object 'Object Repository/Make Appointment/Hasil healtcare program' is: 'Medicaid'

2023-08-25 16:24:55 - [MESSAGE][PASSED] - Text of object 'Object Repository/Make Appointment/Hasil healtcare program' is: 'Medicaid'

2023-08-25 16:24:55 - [TEST_STEP][PASSED] - hasilVisitdate = getText(findTestObject("Make Appointment/Hasil visit date")): Text of object 'Object Repository/Make Appointment/Hasil visit date' is: '01/12/2022'

2023-08-25 16:24:56 - [MESSAGE][PASSED] - Text of object 'Object Repository/Make Appointment/Hasil visit date' is: '01/12/2022'

2023-08-25 16:24:56 - [TEST_STEP][PASSED] - assert trim().equalsIgnoreCase(facility.trim()): null

2023-08-25 16:24:56 - [TEST_STEP][PASSED] - assert trim().equalsIgnoreCase(hospital_readmission.trim()): null

2023-08-25 16:24:56 - [TEST_STEP][PASSED] - assert trim().equalsIgnoreCase(healthcare_program.trim()): null

2023-08-25 16:24:56 - [TEST_STEP][PASSED] - assert trim().equalsIgnoreCase(visit_date.trim()): null]]></system-out>
         <system-err><![CDATA[]]></system-err>
      </testcase>
      <testcase name="Test Cases/Appointment/Test Case 2.5" time="18.511" classname="Test Cases/Appointment/Test Case 2.5" status="PASSED">
         <system-out><![CDATA[2023-08-25 16:24:56 - [TEST_CASE][PASSED] - Test Cases/Appointment/Test Case 2.5: Test Cases/Appointment/Test Case 2.5

2023-08-25 16:24:56 - [TEST_STEP][PASSED] - callTestCase(findTestCase("Login/Test Case 1.1 (Manual)"), [:], STOP_ON_FAILURE): Call Test Case 'Test Cases/Login/Test Case 1.1 (Manual)' successfully

2023-08-25 16:24:56 - [TEST_CASE][PASSED] - Test Cases/Login/Test Case 1.1 (Manual): Test Cases/Login/Test Case 1.1 (Manual)

2023-08-25 16:24:56 - [TEST_STEP][PASSED] - openBrowser(WEB_URL): Browser is opened with url: 'https://katalon-demo-cura.herokuapp.com/'

2023-08-25 16:24:56 - [MESSAGE][WARNING] - A browser is already opened. Closing browser and opening a new one

2023-08-25 16:24:57 - [MESSAGE][INFO] - Starting 'Edge Chromium' driver

2023-08-25 16:24:59 - [MESSAGE][INFO] - Action delay is set to 0 milliseconds

2023-08-25 16:25:04 - [MESSAGE][PASSED] - Browser is opened with url: 'https://katalon-demo-cura.herokuapp.com/'

2023-08-25 16:25:04 - [TEST_STEP][PASSED] - verifyElementPresent(findTestObject("Login/Tittle_Home_Page"), 10): Object 'Object Repository/Login/Tittle_Home_Page' is present

2023-08-25 16:25:05 - [MESSAGE][PASSED] - Object 'Object Repository/Login/Tittle_Home_Page' is present

2023-08-25 16:25:05 - [TEST_STEP][PASSED] - click(findTestObject("Login/Menu Burger")): Object: 'Object Repository/Login/Menu Burger' is clicked on

2023-08-25 16:25:05 - [MESSAGE][PASSED] - Object: 'Object Repository/Login/Menu Burger' is clicked on

2023-08-25 16:25:05 - [TEST_STEP][PASSED] - click(findTestObject("Login/Menu Login")): Object: 'Object Repository/Login/Menu Login' is clicked on

2023-08-25 16:25:07 - [MESSAGE][PASSED] - Object: 'Object Repository/Login/Menu Login' is clicked on

2023-08-25 16:25:07 - [TEST_STEP][PASSED] - verifyElementPresent(findTestObject("Login/Tittle Login"), 10): Object 'Object Repository/Login/Tittle Login' is present

2023-08-25 16:25:07 - [MESSAGE][PASSED] - Object 'Object Repository/Login/Tittle Login' is present

2023-08-25 16:25:07 - [TEST_STEP][PASSED] - setText(findTestObject("Login/Input Username"), "John Doe"): Text 'John Doe' is set on object 'Object Repository/Login/Input Username'

2023-08-25 16:25:08 - [MESSAGE][PASSED] - Text 'John Doe' is set on object 'Object Repository/Login/Input Username'

2023-08-25 16:25:08 - [TEST_STEP][PASSED] - setEncryptedText(findTestObject("Login/Input Password"), "g3/DOGG74jC3Flrr3yH+3D/yKbOqqUNM"): Text ****** has been set on object 'Object Repository/Login/Input Password'

2023-08-25 16:25:08 - [MESSAGE][PASSED] - Text ****** has been set on object 'Object Repository/Login/Input Password'

2023-08-25 16:25:08 - [TEST_STEP][PASSED] - click(findTestObject("Login/Button Login")): Object: 'Object Repository/Login/Button Login' is clicked on

2023-08-25 16:25:09 - [MESSAGE][PASSED] - Object: 'Object Repository/Login/Button Login' is clicked on

2023-08-25 16:25:09 - [TEST_STEP][PASSED] - verifyElementPresent(findTestObject("Login/Tittle Make Appointment"), 10): Object 'Object Repository/Login/Tittle Make Appointment' is present

2023-08-25 16:25:10 - [MESSAGE][PASSED] - Object 'Object Repository/Login/Tittle Make Appointment' is present

2023-08-25 16:25:10 - [MESSAGE][PASSED] - Call Test Case 'Test Cases/Login/Test Case 1.1 (Manual)' successfully

2023-08-25 16:25:10 - [TEST_STEP][PASSED] - selectOptionByValue(findTestObject("Make Appointment/Select Drop Down Facility"), facility, false): All options with value 'Hongkong CURA Healthcare Center' are selected in object 'Object Repository/Make Appointment/Select Drop Down Facility' 

2023-08-25 16:25:11 - [MESSAGE][PASSED] - All options with value 'Hongkong CURA Healthcare Center' are selected in object 'Object Repository/Make Appointment/Select Drop Down Facility' 

2023-08-25 16:25:11 - [TEST_STEP][PASSED] - check(findTestObject("Make Appointment/Checkbox apply for hospital readmission")): Object 'Object Repository/Make Appointment/Checkbox apply for hospital readmission' is checked

2023-08-25 16:25:11 - [MESSAGE][PASSED] - Object 'Object Repository/Make Appointment/Checkbox apply for hospital readmission' is checked

2023-08-25 16:25:11 - [TEST_STEP][PASSED] - check(findTestObject("Make Appointment/Radio None programs")): Object 'Object Repository/Make Appointment/Radio None programs' is checked

2023-08-25 16:25:11 - [MESSAGE][PASSED] - Object 'Object Repository/Make Appointment/Radio None programs' is checked

2023-08-25 16:25:11 - [TEST_STEP][PASSED] - setText(findTestObject("Make Appointment/input Visit Date (Required)"), visit_date): Text ' 01/12/2022' is set on object 'Object Repository/Make Appointment/input Visit Date (Required)'

2023-08-25 16:25:12 - [MESSAGE][PASSED] - Text ' 01/12/2022' is set on object 'Object Repository/Make Appointment/input Visit Date (Required)'

2023-08-25 16:25:12 - [TEST_STEP][PASSED] - setText(findTestObject("Make Appointment/Text Area Comment"), ""): Text '' is set on object 'Object Repository/Make Appointment/Text Area Comment'

2023-08-25 16:25:13 - [MESSAGE][PASSED] - Text '' is set on object 'Object Repository/Make Appointment/Text Area Comment'

2023-08-25 16:25:13 - [TEST_STEP][PASSED] - click(findTestObject("Make Appointment/button Book Appointment")): Object: 'Object Repository/Make Appointment/button Book Appointment' is clicked on

2023-08-25 16:25:14 - [MESSAGE][PASSED] - Object: 'Object Repository/Make Appointment/button Book Appointment' is clicked on

2023-08-25 16:25:14 - [TEST_STEP][PASSED] - verifyElementPresent(findTestObject("Make Appointment/Tittle Appointment Confirmation"), 0): Object 'Object Repository/Make Appointment/Tittle Appointment Confirmation' is present

2023-08-25 16:25:14 - [MESSAGE][WARNING] - Timeout '0' is invalid. Using default page load timeout: '10'

2023-08-25 16:25:14 - [MESSAGE][PASSED] - Object 'Object Repository/Make Appointment/Tittle Appointment Confirmation' is present]]></system-out>
         <system-err><![CDATA[]]></system-err>
      </testcase>
      <testcase name="Test Cases/Histori/Test Case 3.1" time="15.025" classname="Test Cases/Histori/Test Case 3.1" status="PASSED">
         <system-out><![CDATA[2023-08-25 16:25:14 - [TEST_CASE][PASSED] - Test Cases/Histori/Test Case 3.1: Test Cases/Histori/Test Case 3.1

2023-08-25 16:25:15 - [TEST_STEP][PASSED] - callTestCase(findTestCase("Login/Test Case 1.1 (Manual)"), [:], STOP_ON_FAILURE): Call Test Case 'Test Cases/Login/Test Case 1.1 (Manual)' successfully

2023-08-25 16:25:15 - [TEST_CASE][PASSED] - Test Cases/Login/Test Case 1.1 (Manual): Test Cases/Login/Test Case 1.1 (Manual)

2023-08-25 16:25:15 - [TEST_STEP][PASSED] - openBrowser(WEB_URL): Browser is opened with url: 'https://katalon-demo-cura.herokuapp.com/'

2023-08-25 16:25:15 - [MESSAGE][WARNING] - A browser is already opened. Closing browser and opening a new one

2023-08-25 16:25:15 - [MESSAGE][INFO] - Starting 'Edge Chromium' driver

2023-08-25 16:25:18 - [MESSAGE][INFO] - Action delay is set to 0 milliseconds

2023-08-25 16:25:23 - [MESSAGE][PASSED] - Browser is opened with url: 'https://katalon-demo-cura.herokuapp.com/'

2023-08-25 16:25:23 - [TEST_STEP][PASSED] - verifyElementPresent(findTestObject("Login/Tittle_Home_Page"), 10): Object 'Object Repository/Login/Tittle_Home_Page' is present

2023-08-25 16:25:23 - [MESSAGE][PASSED] - Object 'Object Repository/Login/Tittle_Home_Page' is present

2023-08-25 16:25:23 - [TEST_STEP][PASSED] - click(findTestObject("Login/Menu Burger")): Object: 'Object Repository/Login/Menu Burger' is clicked on

2023-08-25 16:25:23 - [MESSAGE][PASSED] - Object: 'Object Repository/Login/Menu Burger' is clicked on

2023-08-25 16:25:23 - [TEST_STEP][PASSED] - click(findTestObject("Login/Menu Login")): Object: 'Object Repository/Login/Menu Login' is clicked on

2023-08-25 16:25:24 - [MESSAGE][PASSED] - Object: 'Object Repository/Login/Menu Login' is clicked on

2023-08-25 16:25:24 - [TEST_STEP][PASSED] - verifyElementPresent(findTestObject("Login/Tittle Login"), 10): Object 'Object Repository/Login/Tittle Login' is present

2023-08-25 16:25:25 - [MESSAGE][PASSED] - Object 'Object Repository/Login/Tittle Login' is present

2023-08-25 16:25:25 - [TEST_STEP][PASSED] - setText(findTestObject("Login/Input Username"), "John Doe"): Text 'John Doe' is set on object 'Object Repository/Login/Input Username'

2023-08-25 16:25:25 - [MESSAGE][PASSED] - Text 'John Doe' is set on object 'Object Repository/Login/Input Username'

2023-08-25 16:25:25 - [TEST_STEP][PASSED] - setEncryptedText(findTestObject("Login/Input Password"), "g3/DOGG74jC3Flrr3yH+3D/yKbOqqUNM"): Text ****** has been set on object 'Object Repository/Login/Input Password'

2023-08-25 16:25:26 - [MESSAGE][PASSED] - Text ****** has been set on object 'Object Repository/Login/Input Password'

2023-08-25 16:25:26 - [TEST_STEP][PASSED] - click(findTestObject("Login/Button Login")): Object: 'Object Repository/Login/Button Login' is clicked on

2023-08-25 16:25:27 - [MESSAGE][PASSED] - Object: 'Object Repository/Login/Button Login' is clicked on

2023-08-25 16:25:27 - [TEST_STEP][PASSED] - verifyElementPresent(findTestObject("Login/Tittle Make Appointment"), 10): Object 'Object Repository/Login/Tittle Make Appointment' is present

2023-08-25 16:25:27 - [MESSAGE][PASSED] - Object 'Object Repository/Login/Tittle Make Appointment' is present

2023-08-25 16:25:27 - [MESSAGE][PASSED] - Call Test Case 'Test Cases/Login/Test Case 1.1 (Manual)' successfully

2023-08-25 16:25:27 - [TEST_STEP][PASSED] - click(findTestObject("Login/Menu Burger")): Object: 'Object Repository/Login/Menu Burger' is clicked on

2023-08-25 16:25:28 - [MESSAGE][PASSED] - Object: 'Object Repository/Login/Menu Burger' is clicked on

2023-08-25 16:25:28 - [TEST_STEP][PASSED] - click(findTestObject("Histori/menu History")): Object: 'Object Repository/Histori/menu History' is clicked on

2023-08-25 16:25:28 - [MESSAGE][PASSED] - Object: 'Object Repository/Histori/menu History' is clicked on

2023-08-25 16:25:28 - [TEST_STEP][PASSED] - verifyElementPresent(findTestObject("Histori/Tittle History"), 0): Object 'Object Repository/Histori/Tittle History' is present

2023-08-25 16:25:28 - [MESSAGE][WARNING] - Timeout '0' is invalid. Using default page load timeout: '10'

2023-08-25 16:25:29 - [MESSAGE][PASSED] - Object 'Object Repository/Histori/Tittle History' is present

2023-08-25 16:25:29 - [TEST_STEP][PASSED] - verifyElementText(findTestObject("Histori/Pesan No appointment"), pesan): Actual text and expected text of test object 'Object Repository/Histori/Pesan No appointment' are matched.

2023-08-25 16:25:29 - [MESSAGE][PASSED] - Actual text and expected text of test object 'Object Repository/Histori/Pesan No appointment' are matched.]]></system-out>
         <system-err><![CDATA[]]></system-err>
      </testcase>
      <testcase name="Test Cases/Histori/Test Case 3.2" time="20.804" classname="Test Cases/Histori/Test Case 3.2" status="PASSED">
         <system-out><![CDATA[2023-08-25 16:25:29 - [TEST_CASE][PASSED] - Test Cases/Histori/Test Case 3.2: Test Cases/Histori/Test Case 3.2

2023-08-25 16:25:30 - [TEST_STEP][PASSED] - callTestCase(findTestCase("Appointment/Test Case 2.1 (dinamis)"), ["username":"John Doe", "password":"g3/DOGG74jC3Flrr3yH+3D/yKbOqqUNM", "facility":"Tokyo CURA Healthcare Center", "hospital_readmission":"yes", ... ], STOP_ON_FAILURE): Call Test Case 'Test Cases/Appointment/Test Case 2.1 (dinamis)' successfully

2023-08-25 16:25:30 - [TEST_CASE][PASSED] - Test Cases/Appointment/Test Case 2.1 (dinamis): Test Cases/Appointment/Test Case 2.1 (dinamis)

2023-08-25 16:25:30 - [TEST_STEP][PASSED] - callTestCase(findTestCase("Login/Test Case 1.1 (Script)"), ["Username":username, "Password":password], STOP_ON_FAILURE): Call Test Case 'Test Cases/Login/Test Case 1.1 (Script)' successfully

2023-08-25 16:25:30 - [TEST_CASE][PASSED] - Test Cases/Login/Test Case 1.1 (Script): Test Cases/Login/Test Case 1.1 (Script)

2023-08-25 16:25:30 - [TEST_STEP][PASSED] - openBrowser("https://katalon-demo-cura.herokuapp.com/"): Browser is opened with url: 'https://katalon-demo-cura.herokuapp.com/'

2023-08-25 16:25:30 - [MESSAGE][WARNING] - A browser is already opened. Closing browser and opening a new one

2023-08-25 16:25:31 - [MESSAGE][INFO] - Starting 'Edge Chromium' driver

2023-08-25 16:25:33 - [MESSAGE][INFO] - Action delay is set to 0 milliseconds

2023-08-25 16:25:37 - [MESSAGE][PASSED] - Browser is opened with url: 'https://katalon-demo-cura.herokuapp.com/'

2023-08-25 16:25:37 - [TEST_STEP][PASSED] - verifyElementPresent(findTestObject("Object Repository/Login/Tittle_Home_Page"), 10): Object 'Object Repository/Login/Tittle_Home_Page' is present

2023-08-25 16:25:37 - [MESSAGE][PASSED] - Object 'Object Repository/Login/Tittle_Home_Page' is present

2023-08-25 16:25:37 - [TEST_STEP][PASSED] - click(findTestObject("Object Repository/Login/Menu Burger")): Object: 'Object Repository/Login/Menu Burger' is clicked on

2023-08-25 16:25:38 - [MESSAGE][PASSED] - Object: 'Object Repository/Login/Menu Burger' is clicked on

2023-08-25 16:25:38 - [TEST_STEP][PASSED] - click(findTestObject("Object Repository/Login/Menu Login")): Object: 'Object Repository/Login/Menu Login' is clicked on

2023-08-25 16:25:39 - [MESSAGE][PASSED] - Object: 'Object Repository/Login/Menu Login' is clicked on

2023-08-25 16:25:39 - [TEST_STEP][PASSED] - verifyElementPresent(findTestObject("Object Repository/Login/Tittle Login"), 10): Object 'Object Repository/Login/Tittle Login' is present

2023-08-25 16:25:39 - [MESSAGE][PASSED] - Object 'Object Repository/Login/Tittle Login' is present

2023-08-25 16:25:39 - [TEST_STEP][PASSED] - setText(findTestObject("Object Repository/Login/Input Username"), Username): Text 'John Doe' is set on object 'Object Repository/Login/Input Username'

2023-08-25 16:25:40 - [MESSAGE][PASSED] - Text 'John Doe' is set on object 'Object Repository/Login/Input Username'

2023-08-25 16:25:40 - [TEST_STEP][PASSED] - setEncryptedText(findTestObject("Object Repository/Login/Input Password"), Password): Text ****** has been set on object 'Object Repository/Login/Input Password'

2023-08-25 16:25:40 - [MESSAGE][PASSED] - Text ****** has been set on object 'Object Repository/Login/Input Password'

2023-08-25 16:25:40 - [TEST_STEP][PASSED] - click(findTestObject("Object Repository/Login/Button Login")): Object: 'Object Repository/Login/Button Login' is clicked on

2023-08-25 16:25:41 - [MESSAGE][PASSED] - Object: 'Object Repository/Login/Button Login' is clicked on

2023-08-25 16:25:41 - [TEST_STEP][PASSED] - verifyElementPresent(findTestObject("Object Repository/Login/Tittle Make Appointment"), 10): Object 'Object Repository/Login/Tittle Make Appointment' is present

2023-08-25 16:25:42 - [MESSAGE][PASSED] - Object 'Object Repository/Login/Tittle Make Appointment' is present

2023-08-25 16:25:42 - [MESSAGE][PASSED] - Call Test Case 'Test Cases/Login/Test Case 1.1 (Script)' successfully

2023-08-25 16:25:42 - [TEST_STEP][PASSED] - selectOptionByValue(findTestObject("Make Appointment/Select Drop Down Facility"), facility, false): All options with value 'Tokyo CURA Healthcare Center' are selected in object 'Object Repository/Make Appointment/Select Drop Down Facility' 

2023-08-25 16:25:42 - [MESSAGE][PASSED] - All options with value 'Tokyo CURA Healthcare Center' are selected in object 'Object Repository/Make Appointment/Select Drop Down Facility' 

2023-08-25 16:25:42 - [TEST_STEP][PASSED] - if (toString().equalsIgnoreCase("yes")): Object 'Object Repository/Make Appointment/Checkbox apply for hospital readmission' is checked

2023-08-25 16:25:42 - [TEST_STEP][PASSED] - check(findTestObject("Make Appointment/Checkbox apply for hospital readmission")): Object 'Object Repository/Make Appointment/Checkbox apply for hospital readmission' is checked

2023-08-25 16:25:43 - [MESSAGE][PASSED] - Object 'Object Repository/Make Appointment/Checkbox apply for hospital readmission' is checked

2023-08-25 16:25:43 - [TEST_STEP][PASSED] - if (toString().equalsIgnoreCase("Medicare")): Object 'Object Repository/Make Appointment/Radio Medicare programs' is checked

2023-08-25 16:25:43 - [TEST_STEP][PASSED] - check(findTestObject("Object Repository/Make Appointment/Radio Medicare programs")): Object 'Object Repository/Make Appointment/Radio Medicare programs' is checked

2023-08-25 16:25:43 - [MESSAGE][PASSED] - Object 'Object Repository/Make Appointment/Radio Medicare programs' is checked

2023-08-25 16:25:43 - [TEST_STEP][PASSED] - setText(findTestObject("Make Appointment/input Visit Date (Required)"), visit_date): Text '20/05/2023' is set on object 'Object Repository/Make Appointment/input Visit Date (Required)'

2023-08-25 16:25:44 - [MESSAGE][PASSED] - Text '20/05/2023' is set on object 'Object Repository/Make Appointment/input Visit Date (Required)'

2023-08-25 16:25:44 - [TEST_STEP][PASSED] - setText(findTestObject("Make Appointment/Text Area Comment"), comment): Text 'halo bang' is set on object 'Object Repository/Make Appointment/Text Area Comment'

2023-08-25 16:25:45 - [MESSAGE][PASSED] - Text 'halo bang' is set on object 'Object Repository/Make Appointment/Text Area Comment'

2023-08-25 16:25:45 - [TEST_STEP][PASSED] - click(findTestObject("Make Appointment/button Book Appointment")): Object: 'Object Repository/Make Appointment/button Book Appointment' is clicked on

2023-08-25 16:25:46 - [MESSAGE][PASSED] - Object: 'Object Repository/Make Appointment/button Book Appointment' is clicked on

2023-08-25 16:25:46 - [TEST_STEP][PASSED] - verifyElementPresent(findTestObject("Make Appointment/Tittle Appointment Confirmation"), 10): Object 'Object Repository/Make Appointment/Tittle Appointment Confirmation' is present

2023-08-25 16:25:46 - [MESSAGE][PASSED] - Object 'Object Repository/Make Appointment/Tittle Appointment Confirmation' is present

2023-08-25 16:25:46 - [TEST_STEP][PASSED] - hasilFacility = getText(findTestObject("Object Repository/Make Appointment/Hasil facility")): Text of object 'Object Repository/Make Appointment/Hasil facility' is: 'Tokyo CURA Healthcare Center'

2023-08-25 16:25:46 - [MESSAGE][PASSED] - Text of object 'Object Repository/Make Appointment/Hasil facility' is: 'Tokyo CURA Healthcare Center'

2023-08-25 16:25:46 - [TEST_STEP][PASSED] - hasilReadmission = getText(findTestObject("Make Appointment/Hasil apply for hospital")): Text of object 'Object Repository/Make Appointment/Hasil apply for hospital' is: 'Yes'

2023-08-25 16:25:47 - [MESSAGE][PASSED] - Text of object 'Object Repository/Make Appointment/Hasil apply for hospital' is: 'Yes'

2023-08-25 16:25:47 - [TEST_STEP][PASSED] - hasilhealtcare = getText(findTestObject("Make Appointment/Hasil healtcare program")): Text of object 'Object Repository/Make Appointment/Hasil healtcare program' is: 'Medicare'

2023-08-25 16:25:47 - [MESSAGE][PASSED] - Text of object 'Object Repository/Make Appointment/Hasil healtcare program' is: 'Medicare'

2023-08-25 16:25:47 - [TEST_STEP][PASSED] - hasilVisitdate = getText(findTestObject("Make Appointment/Hasil visit date")): Text of object 'Object Repository/Make Appointment/Hasil visit date' is: '20/05/2023'

2023-08-25 16:25:48 - [MESSAGE][PASSED] - Text of object 'Object Repository/Make Appointment/Hasil visit date' is: '20/05/2023'

2023-08-25 16:25:48 - [TEST_STEP][PASSED] - hasilComment = getText(findTestObject("Make Appointment/Hasil comment")): Text of object 'Object Repository/Make Appointment/Hasil comment' is: 'halo bang'

2023-08-25 16:25:48 - [MESSAGE][PASSED] - Text of object 'Object Repository/Make Appointment/Hasil comment' is: 'halo bang'

2023-08-25 16:25:48 - [TEST_STEP][PASSED] - assert trim().equalsIgnoreCase(facility.trim()): null

2023-08-25 16:25:48 - [TEST_STEP][PASSED] - assert trim().equalsIgnoreCase(hospital_readmission.trim()): null

2023-08-25 16:25:48 - [TEST_STEP][PASSED] - assert trim().equalsIgnoreCase(healthcare_program.trim()): null

2023-08-25 16:25:48 - [TEST_STEP][PASSED] - assert trim().equalsIgnoreCase(visit_date.trim()): null

2023-08-25 16:25:48 - [TEST_STEP][PASSED] - assert trim().equalsIgnoreCase(comment.trim()): null

2023-08-25 16:25:48 - [MESSAGE][PASSED] - Call Test Case 'Test Cases/Appointment/Test Case 2.1 (dinamis)' successfully

2023-08-25 16:25:48 - [TEST_STEP][PASSED] - click(findTestObject("Histori/button Go to Homepage")): Object: 'Object Repository/Histori/button Go to Homepage' is clicked on

2023-08-25 16:25:49 - [MESSAGE][PASSED] - Object: 'Object Repository/Histori/button Go to Homepage' is clicked on

2023-08-25 16:25:49 - [TEST_STEP][PASSED] - click(findTestObject("Login/Menu Burger")): Object: 'Object Repository/Login/Menu Burger' is clicked on

2023-08-25 16:25:49 - [MESSAGE][PASSED] - Object: 'Object Repository/Login/Menu Burger' is clicked on

2023-08-25 16:25:49 - [TEST_STEP][PASSED] - click(findTestObject("Histori/menu History")): Object: 'Object Repository/Histori/menu History' is clicked on

2023-08-25 16:25:50 - [MESSAGE][PASSED] - Object: 'Object Repository/Histori/menu History' is clicked on

2023-08-25 16:25:50 - [TEST_STEP][PASSED] - verifyElementPresent(findTestObject("Histori/Tittle History"), 0): Object 'Object Repository/Histori/Tittle History' is present

2023-08-25 16:25:50 - [MESSAGE][WARNING] - Timeout '0' is invalid. Using default page load timeout: '10'

2023-08-25 16:25:50 - [MESSAGE][PASSED] - Object 'Object Repository/Histori/Tittle History' is present]]></system-out>
         <system-err><![CDATA[]]></system-err>
      </testcase>
      <testcase name="Test Cases/Logout/Test Case 4.1" time="13.73" classname="Test Cases/Logout/Test Case 4.1" status="PASSED">
         <system-out><![CDATA[2023-08-25 16:25:50 - [TEST_CASE][PASSED] - Test Cases/Logout/Test Case 4.1: Test Cases/Logout/Test Case 4.1

2023-08-25 16:25:50 - [TEST_STEP][PASSED] - callTestCase(findTestCase("Login/Test Case 1.1 (Manual)"), [:], STOP_ON_FAILURE): Call Test Case 'Test Cases/Login/Test Case 1.1 (Manual)' successfully

2023-08-25 16:25:51 - [TEST_CASE][PASSED] - Test Cases/Login/Test Case 1.1 (Manual): Test Cases/Login/Test Case 1.1 (Manual)

2023-08-25 16:25:51 - [TEST_STEP][PASSED] - openBrowser(WEB_URL): Browser is opened with url: 'https://katalon-demo-cura.herokuapp.com/'

2023-08-25 16:25:51 - [MESSAGE][WARNING] - A browser is already opened. Closing browser and opening a new one

2023-08-25 16:25:51 - [MESSAGE][INFO] - Starting 'Edge Chromium' driver

2023-08-25 16:25:53 - [MESSAGE][INFO] - Action delay is set to 0 milliseconds

2023-08-25 16:25:57 - [MESSAGE][PASSED] - Browser is opened with url: 'https://katalon-demo-cura.herokuapp.com/'

2023-08-25 16:25:57 - [TEST_STEP][PASSED] - verifyElementPresent(findTestObject("Login/Tittle_Home_Page"), 10): Object 'Object Repository/Login/Tittle_Home_Page' is present

2023-08-25 16:25:58 - [MESSAGE][PASSED] - Object 'Object Repository/Login/Tittle_Home_Page' is present

2023-08-25 16:25:58 - [TEST_STEP][PASSED] - click(findTestObject("Login/Menu Burger")): Object: 'Object Repository/Login/Menu Burger' is clicked on

2023-08-25 16:25:58 - [MESSAGE][PASSED] - Object: 'Object Repository/Login/Menu Burger' is clicked on

2023-08-25 16:25:58 - [TEST_STEP][PASSED] - click(findTestObject("Login/Menu Login")): Object: 'Object Repository/Login/Menu Login' is clicked on

2023-08-25 16:25:59 - [MESSAGE][PASSED] - Object: 'Object Repository/Login/Menu Login' is clicked on

2023-08-25 16:25:59 - [TEST_STEP][PASSED] - verifyElementPresent(findTestObject("Login/Tittle Login"), 10): Object 'Object Repository/Login/Tittle Login' is present

2023-08-25 16:25:59 - [MESSAGE][PASSED] - Object 'Object Repository/Login/Tittle Login' is present

2023-08-25 16:25:59 - [TEST_STEP][PASSED] - setText(findTestObject("Login/Input Username"), "John Doe"): Text 'John Doe' is set on object 'Object Repository/Login/Input Username'

2023-08-25 16:26:00 - [MESSAGE][PASSED] - Text 'John Doe' is set on object 'Object Repository/Login/Input Username'

2023-08-25 16:26:00 - [TEST_STEP][PASSED] - setEncryptedText(findTestObject("Login/Input Password"), "g3/DOGG74jC3Flrr3yH+3D/yKbOqqUNM"): Text ****** has been set on object 'Object Repository/Login/Input Password'

2023-08-25 16:26:01 - [MESSAGE][PASSED] - Text ****** has been set on object 'Object Repository/Login/Input Password'

2023-08-25 16:26:01 - [TEST_STEP][PASSED] - click(findTestObject("Login/Button Login")): Object: 'Object Repository/Login/Button Login' is clicked on

2023-08-25 16:26:02 - [MESSAGE][PASSED] - Object: 'Object Repository/Login/Button Login' is clicked on

2023-08-25 16:26:02 - [TEST_STEP][PASSED] - verifyElementPresent(findTestObject("Login/Tittle Make Appointment"), 10): Object 'Object Repository/Login/Tittle Make Appointment' is present

2023-08-25 16:26:02 - [MESSAGE][PASSED] - Object 'Object Repository/Login/Tittle Make Appointment' is present

2023-08-25 16:26:02 - [MESSAGE][PASSED] - Call Test Case 'Test Cases/Login/Test Case 1.1 (Manual)' successfully

2023-08-25 16:26:02 - [TEST_STEP][PASSED] - click(findTestObject("Login/Menu Burger")): Object: 'Object Repository/Login/Menu Burger' is clicked on

2023-08-25 16:26:02 - [MESSAGE][PASSED] - Object: 'Object Repository/Login/Menu Burger' is clicked on

2023-08-25 16:26:02 - [TEST_STEP][PASSED] - click(findTestObject("logout/button Logout")): Object: 'Object Repository/logout/button Logout' is clicked on

2023-08-25 16:26:04 - [MESSAGE][PASSED] - Object: 'Object Repository/logout/button Logout' is clicked on

2023-08-25 16:26:04 - [TEST_STEP][PASSED] - verifyElementPresent(findTestObject("Login/Tittle_Home_Page"), 0): Object 'Object Repository/Login/Tittle_Home_Page' is present

2023-08-25 16:26:04 - [MESSAGE][WARNING] - Timeout '0' is invalid. Using default page load timeout: '10'

2023-08-25 16:26:04 - [MESSAGE][PASSED] - Object 'Object Repository/Login/Tittle_Home_Page' is present]]></system-out>
         <system-err><![CDATA[]]></system-err>
      </testcase>
      <system-out><![CDATA[2023-08-25 16:21:15 - [TEST_SUITE][FAILED] - Heroku app: Test Cases/Login/Test Case 1.3 (manual) FAILED.
Reason:
com.kms.katalon.core.exception.StepFailedException: Verify element text of test object 'Object Repository/Login/massage error tidak ada password' FAILED.
	at com.kms.katalon.core.webui.keyword.internal.WebUIKeywordMain.stepFailed(WebUIKeywordMain.groovy:64)
	at com.kms.katalon.core.webui.keyword.internal.WebUIKeywordMain.runKeyword(WebUIKeywordMain.groovy:26)
	at com.kms.katalon.core.webui.keyword.builtin.VerifyElementTextKeyword.verifyElementText(VerifyElementTextKeyword.groovy:72)
	at com.kms.katalon.core.webui.keyword.builtin.VerifyElementTextKeyword.execute(VerifyElementTextKeyword.groovy:40)
	at com.kms.katalon.core.keyword.internal.KeywordExecutor.executeKeywordForPlatform(KeywordExecutor.groovy:74)
	at com.kms.katalon.core.webui.keyword.WebUiBuiltInKeywords.verifyElementText(WebUiBuiltInKeywords.groovy:4749)
	at com.kms.katalon.core.webui.keyword.WebUiBuiltInKeywords$verifyElementText$5.call(Unknown Source)
	at Test Case 1.3 (manual).run(Test Case 1.3 (manual):38)
	at com.kms.katalon.core.main.ScriptEngine.run(ScriptEngine.java:194)
	at com.kms.katalon.core.main.ScriptEngine.runScriptAsRawText(ScriptEngine.java:119)
	at com.kms.katalon.core.main.TestCaseExecutor.runScript(TestCaseExecutor.java:448)
	at com.kms.katalon.core.main.TestCaseExecutor.doExecute(TestCaseExecutor.java:439)
	at com.kms.katalon.core.main.TestCaseExecutor.processExecutionPhase(TestCaseExecutor.java:418)
	at com.kms.katalon.core.main.TestCaseExecutor.accessMainPhase(TestCaseExecutor.java:410)
	at com.kms.katalon.core.main.TestCaseExecutor.execute(TestCaseExecutor.java:285)
	at com.kms.katalon.core.common.CommonExecutor.accessTestCaseMainPhase(CommonExecutor.java:65)
	at com.kms.katalon.core.main.TestSuiteExecutor.accessTestSuiteMainPhase(TestSuiteExecutor.java:148)
	at com.kms.katalon.core.main.TestSuiteExecutor.execute(TestSuiteExecutor.java:106)
	at com.kms.katalon.core.main.TestCaseMain.startTestSuite(TestCaseMain.java:187)
	at com.kms.katalon.core.main.TestCaseMain$startTestSuite$0.call(Unknown Source)
	at TempTestSuite1692955273391.run(TempTestSuite1692955273391.groovy:36)
Caused by: com.kms.katalon.core.exception.StepFailedException: Actual text 'Login failed! Please ensure the username and password are valid.' and expected text 'Login failed! Please enter the password.' of test object 'Object Repository/Login/massage error tidak ada password' are NOT matched.
	at com.kms.katalon.core.webui.keyword.internal.WebUIKeywordMain.stepFailed(WebUIKeywordMain.groovy:64)
	at com.kms.katalon.core.webui.keyword.builtin.VerifyElementTextKeyword$_verifyElementText_closure1.doCall(VerifyElementTextKeyword.groovy:57)
	at com.kms.katalon.core.webui.keyword.builtin.VerifyElementTextKeyword$_verifyElementText_closure1.call(VerifyElementTextKeyword.groovy)
	at com.kms.katalon.core.webui.keyword.internal.WebUIKeywordMain.runKeyword(WebUIKeywordMain.groovy:20)
	... 19 more]]></system-out>
      <system-err><![CDATA[2023-08-25 16:21:15 - [TEST_SUITE][FAILED] - Heroku app: Test Cases/Login/Test Case 1.3 (manual) FAILED.
Reason:
com.kms.katalon.core.exception.StepFailedException: Verify element text of test object 'Object Repository/Login/massage error tidak ada password' FAILED.
	at com.kms.katalon.core.webui.keyword.internal.WebUIKeywordMain.stepFailed(WebUIKeywordMain.groovy:64)
	at com.kms.katalon.core.webui.keyword.internal.WebUIKeywordMain.runKeyword(WebUIKeywordMain.groovy:26)
	at com.kms.katalon.core.webui.keyword.builtin.VerifyElementTextKeyword.verifyElementText(VerifyElementTextKeyword.groovy:72)
	at com.kms.katalon.core.webui.keyword.builtin.VerifyElementTextKeyword.execute(VerifyElementTextKeyword.groovy:40)
	at com.kms.katalon.core.keyword.internal.KeywordExecutor.executeKeywordForPlatform(KeywordExecutor.groovy:74)
	at com.kms.katalon.core.webui.keyword.WebUiBuiltInKeywords.verifyElementText(WebUiBuiltInKeywords.groovy:4749)
	at com.kms.katalon.core.webui.keyword.WebUiBuiltInKeywords$verifyElementText$5.call(Unknown Source)
	at Test Case 1.3 (manual).run(Test Case 1.3 (manual):38)
	at com.kms.katalon.core.main.ScriptEngine.run(ScriptEngine.java:194)
	at com.kms.katalon.core.main.ScriptEngine.runScriptAsRawText(ScriptEngine.java:119)
	at com.kms.katalon.core.main.TestCaseExecutor.runScript(TestCaseExecutor.java:448)
	at com.kms.katalon.core.main.TestCaseExecutor.doExecute(TestCaseExecutor.java:439)
	at com.kms.katalon.core.main.TestCaseExecutor.processExecutionPhase(TestCaseExecutor.java:418)
	at com.kms.katalon.core.main.TestCaseExecutor.accessMainPhase(TestCaseExecutor.java:410)
	at com.kms.katalon.core.main.TestCaseExecutor.execute(TestCaseExecutor.java:285)
	at com.kms.katalon.core.common.CommonExecutor.accessTestCaseMainPhase(CommonExecutor.java:65)
	at com.kms.katalon.core.main.TestSuiteExecutor.accessTestSuiteMainPhase(TestSuiteExecutor.java:148)
	at com.kms.katalon.core.main.TestSuiteExecutor.execute(TestSuiteExecutor.java:106)
	at com.kms.katalon.core.main.TestCaseMain.startTestSuite(TestCaseMain.java:187)
	at com.kms.katalon.core.main.TestCaseMain$startTestSuite$0.call(Unknown Source)
	at TempTestSuite1692955273391.run(TempTestSuite1692955273391.groovy:36)
Caused by: com.kms.katalon.core.exception.StepFailedException: Actual text 'Login failed! Please ensure the username and password are valid.' and expected text 'Login failed! Please enter the password.' of test object 'Object Repository/Login/massage error tidak ada password' are NOT matched.
	at com.kms.katalon.core.webui.keyword.internal.WebUIKeywordMain.stepFailed(WebUIKeywordMain.groovy:64)
	at com.kms.katalon.core.webui.keyword.builtin.VerifyElementTextKeyword$_verifyElementText_closure1.doCall(VerifyElementTextKeyword.groovy:57)
	at com.kms.katalon.core.webui.keyword.builtin.VerifyElementTextKeyword$_verifyElementText_closure1.call(VerifyElementTextKeyword.groovy)
	at com.kms.katalon.core.webui.keyword.internal.WebUIKeywordMain.runKeyword(WebUIKeywordMain.groovy:20)
	... 19 more]]></system-err>
   </testsuite>
</testsuites>
