<?xml version="1.0" encoding="UTF-8"?>
<testsuites name="T13 Pembelian, Shipment dan Pembayaran" time="324.39" tests="11" failures="5" errors="0">
   <testsuite name="T13 Pembelian, Shipment dan Pembayaran" tests="11" failures="5" errors="0" time="324.39" skipped="0" timestamp="2023-10-05 08:27:51" hostname="IRFAN - DESKTOP-H62FVJ8" id="Test Suites/T13 Pembelian, Shipment dan Pembayaran/T13 Pembelian, Shipment dan Pembayaran">
      <properties>
         <property name="deviceName" value=""/>
         <property name="devicePlatform" value=""/>
         <property name="logFolder" value="C:\\FT2 XSIS\\Projek 2 MINI PROJEK\\Reports\\20231005_082748\\T13 Pembelian, Shipment dan Pembayaran\\T13 Pembelian, Shipment dan Pembayaran\\20231005_082749"/>
         <property name="logFiles" value="C:\\FT2 XSIS\\Projek 2 MINI PROJEK\\Reports\\20231005_082748\\T13 Pembelian, Shipment dan Pembayaran\\T13 Pembelian, Shipment dan Pembayaran\\20231005_082749\\execution0.log"/>
         <property name="attachments" value="C:\\FT2 XSIS\\Projek 2 MINI PROJEK\\Reports\\20231005_082748\\T13 Pembelian, Shipment dan Pembayaran\\T13 Pembelian, Shipment dan Pembayaran\\20231005_082749\\1696469358897.png, C:\\FT2 XSIS\\Projek 2 MINI PROJEK\\Reports\\20231005_082748\\T13 Pembelian, Shipment dan Pembayaran\\T13 Pembelian, Shipment dan Pembayaran\\20231005_082749\\1696469595967.png"/>
         <property name="hostName" value="IRFAN - DESKTOP-H62FVJ8"/>
         <property name="os" value="Windows 10 64bit"/>
         <property name="katalonVersion" value="8.6.5.208"/>
         <property name="browser" value="Edge Chromium 117"/>
         <property name="hostAddress" value="10.9.2.18"/>
         <property name="sessionId" value="c8916a50a1fb8cdb129a48ac9fec3638"/>
         <property name="seleniumVersion" value="3.141.59"/>
         <property name="proxyInformation" value="ProxyInformation { proxyOption=NO_PROXY, proxyServerType=HTTP, username=, password=********, proxyServerAddress=, proxyServerPort=0, executionList=&quot;&quot;, isApplyToDesiredCapabilities=true }"/>
         <property name="platform" value="Windows 10"/>
      </properties>
      <testcase name="Test Cases/T13 Pembelian, Shipment dan Pembayaran/LU-001" time="13.263" classname="Test Cases/T13 Pembelian, Shipment dan Pembayaran/LU-001" status="PASSED">
         <system-out><![CDATA[2023-10-05 08:27:52 - [TEST_CASE][PASSED] - Test Cases/T13 Pembelian, Shipment dan Pembayaran/LU-001: Test Cases/T13 Pembelian, Shipment dan Pembayaran/LU-001

2023-10-05 08:27:52 - [TEST_STEP][PASSED] - openBrowser("https://10.9.2.63/ecommerce/"): Browser is opened with url: 'https://10.9.2.63/ecommerce/'

2023-10-05 08:27:52 - [MESSAGE][INFO] - Starting 'Edge Chromium' driver

2023-10-05 08:27:52 - [MESSAGE][INFO] - User set preference: ['acceptInsecureCerts', 'true']

2023-10-05 08:27:53 - [MESSAGE][INFO] - Action delay is set to 0 milliseconds

2023-10-05 08:27:58 - [MESSAGE][PASSED] - Browser is opened with url: 'https://10.9.2.63/ecommerce/'

2023-10-05 08:27:58 - [TEST_STEP][PASSED] - maximizeWindow(): Current window maximized

2023-10-05 08:27:58 - [MESSAGE][PASSED] - Current window maximized

2023-10-05 08:27:58 - [TEST_STEP][PASSED] - verifyElementPresent(findTestObject("Login/Home"), 0): Object 'Object Repository/Login/Home' is present

2023-10-05 08:27:58 - [MESSAGE][WARNING] - Timeout '0' is invalid. Using default page load timeout: '30'

2023-10-05 08:27:59 - [MESSAGE][PASSED] - Object 'Object Repository/Login/Home' is present

2023-10-05 08:27:59 - [TEST_STEP][PASSED] - click(findTestObject("Login/a_Login")): Object: 'Object Repository/Login/a_Login' is clicked on

2023-10-05 08:27:59 - [MESSAGE][PASSED] - Object: 'Object Repository/Login/a_Login' is clicked on

2023-10-05 08:27:59 - [TEST_STEP][PASSED] - verifyElementPresent(findTestObject("Login/Tittle Login"), 0): Object 'Object Repository/Login/Tittle Login' is present

2023-10-05 08:27:59 - [MESSAGE][WARNING] - Timeout '0' is invalid. Using default page load timeout: '30'

2023-10-05 08:28:00 - [MESSAGE][PASSED] - Object 'Object Repository/Login/Tittle Login' is present

2023-10-05 08:28:00 - [TEST_STEP][PASSED] - setText(findTestObject("Login/input_Username, Email atau No. Handphone_a"), username): Text 'irfanafandi' is set on object 'Object Repository/Login/input_Username, Email atau No. Handphone_a'

2023-10-05 08:28:01 - [MESSAGE][PASSED] - Text 'irfanafandi' is set on object 'Object Repository/Login/input_Username, Email atau No. Handphone_a'

2023-10-05 08:28:01 - [TEST_STEP][PASSED] - setText(findTestObject("Login/input_Password_b"), password): Text '12345irfan' is set on object 'Object Repository/Login/input_Password_b'

2023-10-05 08:28:01 - [MESSAGE][PASSED] - Text '12345irfan' is set on object 'Object Repository/Login/input_Password_b'

2023-10-05 08:28:01 - [TEST_STEP][PASSED] - click(findTestObject("Login/label_Ingat saya")): Object: 'Object Repository/Login/label_Ingat saya' is clicked on

2023-10-05 08:28:02 - [MESSAGE][PASSED] - Object: 'Object Repository/Login/label_Ingat saya' is clicked on

2023-10-05 08:28:02 - [TEST_STEP][PASSED] - click(findTestObject("Login/button_Masuk")): Object: 'Object Repository/Login/button_Masuk' is clicked on

2023-10-05 08:28:04 - [MESSAGE][PASSED] - Object: 'Object Repository/Login/button_Masuk' is clicked on

2023-10-05 08:28:04 - [TEST_STEP][PASSED] - verifyElementPresent(findTestObject("Login/li_Profile"), 0): Object 'Object Repository/Login/li_Profile' is present

2023-10-05 08:28:04 - [MESSAGE][WARNING] - Timeout '0' is invalid. Using default page load timeout: '30'

2023-10-05 08:28:05 - [MESSAGE][PASSED] - Object 'Object Repository/Login/li_Profile' is present]]></system-out>
         <system-err><![CDATA[]]></system-err>
      </testcase>
      <testcase name="Test Cases/T13 Pembelian, Shipment dan Pembayaran/PBL-001" time="20.079" classname="Test Cases/T13 Pembelian, Shipment dan Pembayaran/PBL-001" status="PASSED">
         <system-out><![CDATA[2023-10-05 08:28:05 - [TEST_CASE][PASSED] - Test Cases/T13 Pembelian, Shipment dan Pembayaran/PBL-001: Test Cases/T13 Pembelian, Shipment dan Pembayaran/PBL-001

2023-10-05 08:28:05 - [TEST_STEP][PASSED] - callTestCase(findTestCase("T13 Pembelian, Shipment dan Pembayaran/LU-001"), ["username":"irfanafandi", "password":"12345irfan"], STOP_ON_FAILURE): Call Test Case 'Test Cases/T13 Pembelian, Shipment dan Pembayaran/LU-001' successfully

2023-10-05 08:28:05 - [TEST_CASE][PASSED] - Test Cases/T13 Pembelian, Shipment dan Pembayaran/LU-001: Test Cases/T13 Pembelian, Shipment dan Pembayaran/LU-001

2023-10-05 08:28:05 - [TEST_STEP][PASSED] - openBrowser("https://10.9.2.63/ecommerce/"): Browser is opened with url: 'https://10.9.2.63/ecommerce/'

2023-10-05 08:28:05 - [MESSAGE][WARNING] - A browser is already opened. Closing browser and opening a new one

2023-10-05 08:28:06 - [MESSAGE][INFO] - Starting 'Edge Chromium' driver

2023-10-05 08:28:06 - [MESSAGE][INFO] - User set preference: ['acceptInsecureCerts', 'true']

2023-10-05 08:28:07 - [MESSAGE][INFO] - Action delay is set to 0 milliseconds

2023-10-05 08:28:11 - [MESSAGE][PASSED] - Browser is opened with url: 'https://10.9.2.63/ecommerce/'

2023-10-05 08:28:11 - [TEST_STEP][PASSED] - maximizeWindow(): Current window maximized

2023-10-05 08:28:11 - [MESSAGE][PASSED] - Current window maximized

2023-10-05 08:28:11 - [TEST_STEP][PASSED] - verifyElementPresent(findTestObject("Login/Home"), 0): Object 'Object Repository/Login/Home' is present

2023-10-05 08:28:11 - [MESSAGE][WARNING] - Timeout '0' is invalid. Using default page load timeout: '30'

2023-10-05 08:28:11 - [MESSAGE][PASSED] - Object 'Object Repository/Login/Home' is present

2023-10-05 08:28:11 - [TEST_STEP][PASSED] - click(findTestObject("Login/a_Login")): Object: 'Object Repository/Login/a_Login' is clicked on

2023-10-05 08:28:12 - [MESSAGE][PASSED] - Object: 'Object Repository/Login/a_Login' is clicked on

2023-10-05 08:28:12 - [TEST_STEP][PASSED] - verifyElementPresent(findTestObject("Login/Tittle Login"), 0): Object 'Object Repository/Login/Tittle Login' is present

2023-10-05 08:28:12 - [MESSAGE][WARNING] - Timeout '0' is invalid. Using default page load timeout: '30'

2023-10-05 08:28:13 - [MESSAGE][PASSED] - Object 'Object Repository/Login/Tittle Login' is present

2023-10-05 08:28:13 - [TEST_STEP][PASSED] - setText(findTestObject("Login/input_Username, Email atau No. Handphone_a"), username): Text 'irfanafandi' is set on object 'Object Repository/Login/input_Username, Email atau No. Handphone_a'

2023-10-05 08:28:14 - [MESSAGE][PASSED] - Text 'irfanafandi' is set on object 'Object Repository/Login/input_Username, Email atau No. Handphone_a'

2023-10-05 08:28:14 - [TEST_STEP][PASSED] - setText(findTestObject("Login/input_Password_b"), password): Text '12345irfan' is set on object 'Object Repository/Login/input_Password_b'

2023-10-05 08:28:15 - [MESSAGE][PASSED] - Text '12345irfan' is set on object 'Object Repository/Login/input_Password_b'

2023-10-05 08:28:15 - [TEST_STEP][PASSED] - click(findTestObject("Login/label_Ingat saya")): Object: 'Object Repository/Login/label_Ingat saya' is clicked on

2023-10-05 08:28:15 - [MESSAGE][PASSED] - Object: 'Object Repository/Login/label_Ingat saya' is clicked on

2023-10-05 08:28:15 - [TEST_STEP][PASSED] - click(findTestObject("Login/button_Masuk")): Object: 'Object Repository/Login/button_Masuk' is clicked on

2023-10-05 08:28:17 - [MESSAGE][PASSED] - Object: 'Object Repository/Login/button_Masuk' is clicked on

2023-10-05 08:28:17 - [TEST_STEP][PASSED] - verifyElementPresent(findTestObject("Login/li_Profile"), 0): Object 'Object Repository/Login/li_Profile' is present

2023-10-05 08:28:17 - [MESSAGE][WARNING] - Timeout '0' is invalid. Using default page load timeout: '30'

2023-10-05 08:28:18 - [MESSAGE][PASSED] - Object 'Object Repository/Login/li_Profile' is present

2023-10-05 08:28:18 - [MESSAGE][PASSED] - Call Test Case 'Test Cases/T13 Pembelian, Shipment dan Pembayaran/LU-001' successfully

2023-10-05 08:28:18 - [TEST_STEP][PASSED] - mouseOver(findTestObject("beli barang/i_Mulai Belanja_icon-menu")): Object: 'Object Repository/beli barang/i_Mulai Belanja_icon-menu' is hovered

2023-10-05 08:28:18 - [MESSAGE][PASSED] - Object: 'Object Repository/beli barang/i_Mulai Belanja_icon-menu' is hovered

2023-10-05 08:28:18 - [TEST_STEP][PASSED] - click(findTestObject("beli barang/a_Fashion  Busana Wanita")): Object: 'Object Repository/beli barang/a_Fashion  Busana Wanita' is clicked on

2023-10-05 08:28:19 - [MESSAGE][PASSED] - Object: 'Object Repository/beli barang/a_Fashion  Busana Wanita' is clicked on

2023-10-05 08:28:19 - [TEST_STEP][PASSED] - NamaSebelum = getText(findTestObject("verifikasi/Nama sebelum")): Text of object 'Object Repository/verifikasi/Nama sebelum' is: ''

2023-10-05 08:28:20 - [MESSAGE][PASSED] - Text of object 'Object Repository/verifikasi/Nama sebelum' is: ''

2023-10-05 08:28:20 - [TEST_STEP][PASSED] - HargaSebelum = getText(findTestObject("verifikasi/Harga sebelum")): Text of object 'Object Repository/verifikasi/Harga sebelum' is: 'Rp 1,299'

2023-10-05 08:28:20 - [MESSAGE][PASSED] - Text of object 'Object Repository/verifikasi/Harga sebelum' is: 'Rp 1,299'

2023-10-05 08:28:20 - [TEST_STEP][PASSED] - mouseOver(findTestObject("beli barang/barang mouse over")): Object: 'Object Repository/beli barang/barang mouse over' is hovered

2023-10-05 08:28:21 - [MESSAGE][PASSED] - Object: 'Object Repository/beli barang/barang mouse over' is hovered

2023-10-05 08:28:21 - [TEST_STEP][PASSED] - click(findTestObject("beli barang/buttom add to cart")): Object: 'Object Repository/beli barang/buttom add to cart' is clicked on

2023-10-05 08:28:23 - [MESSAGE][PASSED] - Object: 'Object Repository/beli barang/buttom add to cart' is clicked on

2023-10-05 08:28:23 - [TEST_STEP][PASSED] - NamaSesudah = getText(findTestObject("verifikasi/Nama sesudah")): Text of object 'Object Repository/verifikasi/Nama sesudah' is: 'Segitiga Instan Madeira - MDB5.3 Sunset'

2023-10-05 08:28:23 - [MESSAGE][PASSED] - Text of object 'Object Repository/verifikasi/Nama sesudah' is: 'Segitiga Instan Madeira - MDB5.3 Sunset'

2023-10-05 08:28:23 - [TEST_STEP][PASSED] - HargaSesudah = getText(findTestObject("verifikasi/Harga sesudah")): Text of object 'Object Repository/verifikasi/Harga sesudah' is: 'Rp 1,299'

2023-10-05 08:28:24 - [MESSAGE][PASSED] - Text of object 'Object Repository/verifikasi/Harga sesudah' is: 'Rp 1,299'

2023-10-05 08:28:24 - [TEST_STEP][PASSED] - assert NamaSesudah.contains(NamaSebelum): null

2023-10-05 08:28:24 - [TEST_STEP][PASSED] - assert HargaSesudah.contains(HargaSebelum): null

2023-10-05 08:28:24 - [TEST_STEP][PASSED] - click(findTestObject("beli barang/Tambah Keranjang busana wanita")): Object: 'Object Repository/beli barang/Tambah Keranjang busana wanita' is clicked on

2023-10-05 08:28:24 - [MESSAGE][PASSED] - Object: 'Object Repository/beli barang/Tambah Keranjang busana wanita' is clicked on

2023-10-05 08:28:24 - [TEST_STEP][PASSED] - verifyElementPresent(findTestObject("checkout/Notifikasi keranjang"), 1): Object 'Object Repository/checkout/Notifikasi keranjang' is present

2023-10-05 08:28:25 - [MESSAGE][PASSED] - Object 'Object Repository/checkout/Notifikasi keranjang' is present

2023-10-05 08:28:25 - [TEST_STEP][PASSED] - data = new java.util.HashMap(): null

2023-10-05 08:28:25 - [TEST_STEP][PASSED] - data.put("nama_barang", NamaSesudah): null

2023-10-05 08:28:25 - [TEST_STEP][PASSED] - data.put("price_barang", HargaSesudah): null

2023-10-05 08:28:25 - [TEST_STEP][PASSED] - return data: null]]></system-out>
         <system-err><![CDATA[]]></system-err>
      </testcase>
      <testcase name="Test Cases/T13 Pembelian, Shipment dan Pembayaran/PBL-002" time="25.731" classname="Test Cases/T13 Pembelian, Shipment dan Pembayaran/PBL-002" status="PASSED">
         <system-out><![CDATA[2023-10-05 08:28:25 - [TEST_CASE][PASSED] - Test Cases/T13 Pembelian, Shipment dan Pembayaran/PBL-002: Test Cases/T13 Pembelian, Shipment dan Pembayaran/PBL-002

2023-10-05 08:28:25 - [TEST_STEP][PASSED] - data = callTestCase(findTestCase("T13 Pembelian, Shipment dan Pembayaran/PBL-001"), [:], STOP_ON_FAILURE): Call Test Case 'Test Cases/T13 Pembelian, Shipment dan Pembayaran/PBL-001' successfully

2023-10-05 08:28:25 - [TEST_CASE][PASSED] - Test Cases/T13 Pembelian, Shipment dan Pembayaran/PBL-001: Test Cases/T13 Pembelian, Shipment dan Pembayaran/PBL-001

2023-10-05 08:28:25 - [TEST_STEP][PASSED] - callTestCase(findTestCase("T13 Pembelian, Shipment dan Pembayaran/LU-001"), ["username":"irfanafandi", "password":"12345irfan"], STOP_ON_FAILURE): Call Test Case 'Test Cases/T13 Pembelian, Shipment dan Pembayaran/LU-001' successfully

2023-10-05 08:28:26 - [TEST_CASE][PASSED] - Test Cases/T13 Pembelian, Shipment dan Pembayaran/LU-001: Test Cases/T13 Pembelian, Shipment dan Pembayaran/LU-001

2023-10-05 08:28:26 - [TEST_STEP][PASSED] - openBrowser("https://10.9.2.63/ecommerce/"): Browser is opened with url: 'https://10.9.2.63/ecommerce/'

2023-10-05 08:28:26 - [MESSAGE][WARNING] - A browser is already opened. Closing browser and opening a new one

2023-10-05 08:28:26 - [MESSAGE][INFO] - Starting 'Edge Chromium' driver

2023-10-05 08:28:26 - [MESSAGE][INFO] - User set preference: ['acceptInsecureCerts', 'true']

2023-10-05 08:28:27 - [MESSAGE][INFO] - Action delay is set to 0 milliseconds

2023-10-05 08:28:30 - [MESSAGE][PASSED] - Browser is opened with url: 'https://10.9.2.63/ecommerce/'

2023-10-05 08:28:30 - [TEST_STEP][PASSED] - maximizeWindow(): Current window maximized

2023-10-05 08:28:30 - [MESSAGE][PASSED] - Current window maximized

2023-10-05 08:28:30 - [TEST_STEP][PASSED] - verifyElementPresent(findTestObject("Login/Home"), 0): Object 'Object Repository/Login/Home' is present

2023-10-05 08:28:30 - [MESSAGE][WARNING] - Timeout '0' is invalid. Using default page load timeout: '30'

2023-10-05 08:28:31 - [MESSAGE][PASSED] - Object 'Object Repository/Login/Home' is present

2023-10-05 08:28:31 - [TEST_STEP][PASSED] - click(findTestObject("Login/a_Login")): Object: 'Object Repository/Login/a_Login' is clicked on

2023-10-05 08:28:31 - [MESSAGE][PASSED] - Object: 'Object Repository/Login/a_Login' is clicked on

2023-10-05 08:28:31 - [TEST_STEP][PASSED] - verifyElementPresent(findTestObject("Login/Tittle Login"), 0): Object 'Object Repository/Login/Tittle Login' is present

2023-10-05 08:28:31 - [MESSAGE][WARNING] - Timeout '0' is invalid. Using default page load timeout: '30'

2023-10-05 08:28:32 - [MESSAGE][PASSED] - Object 'Object Repository/Login/Tittle Login' is present

2023-10-05 08:28:32 - [TEST_STEP][PASSED] - setText(findTestObject("Login/input_Username, Email atau No. Handphone_a"), username): Text 'irfanafandi' is set on object 'Object Repository/Login/input_Username, Email atau No. Handphone_a'

2023-10-05 08:28:33 - [MESSAGE][PASSED] - Text 'irfanafandi' is set on object 'Object Repository/Login/input_Username, Email atau No. Handphone_a'

2023-10-05 08:28:33 - [TEST_STEP][PASSED] - setText(findTestObject("Login/input_Password_b"), password): Text '12345irfan' is set on object 'Object Repository/Login/input_Password_b'

2023-10-05 08:28:34 - [MESSAGE][PASSED] - Text '12345irfan' is set on object 'Object Repository/Login/input_Password_b'

2023-10-05 08:28:34 - [TEST_STEP][PASSED] - click(findTestObject("Login/label_Ingat saya")): Object: 'Object Repository/Login/label_Ingat saya' is clicked on

2023-10-05 08:28:34 - [MESSAGE][PASSED] - Object: 'Object Repository/Login/label_Ingat saya' is clicked on

2023-10-05 08:28:34 - [TEST_STEP][PASSED] - click(findTestObject("Login/button_Masuk")): Object: 'Object Repository/Login/button_Masuk' is clicked on

2023-10-05 08:28:35 - [MESSAGE][PASSED] - Object: 'Object Repository/Login/button_Masuk' is clicked on

2023-10-05 08:28:35 - [TEST_STEP][PASSED] - verifyElementPresent(findTestObject("Login/li_Profile"), 0): Object 'Object Repository/Login/li_Profile' is present

2023-10-05 08:28:35 - [MESSAGE][WARNING] - Timeout '0' is invalid. Using default page load timeout: '30'

2023-10-05 08:28:36 - [MESSAGE][PASSED] - Object 'Object Repository/Login/li_Profile' is present

2023-10-05 08:28:36 - [MESSAGE][PASSED] - Call Test Case 'Test Cases/T13 Pembelian, Shipment dan Pembayaran/LU-001' successfully

2023-10-05 08:28:36 - [TEST_STEP][PASSED] - mouseOver(findTestObject("beli barang/i_Mulai Belanja_icon-menu")): Object: 'Object Repository/beli barang/i_Mulai Belanja_icon-menu' is hovered

2023-10-05 08:28:37 - [MESSAGE][PASSED] - Object: 'Object Repository/beli barang/i_Mulai Belanja_icon-menu' is hovered

2023-10-05 08:28:37 - [TEST_STEP][PASSED] - click(findTestObject("beli barang/a_Fashion  Busana Wanita")): Object: 'Object Repository/beli barang/a_Fashion  Busana Wanita' is clicked on

2023-10-05 08:28:38 - [MESSAGE][PASSED] - Object: 'Object Repository/beli barang/a_Fashion  Busana Wanita' is clicked on

2023-10-05 08:28:38 - [TEST_STEP][PASSED] - NamaSebelum = getText(findTestObject("verifikasi/Nama sebelum")): Text of object 'Object Repository/verifikasi/Nama sebelum' is: ''

2023-10-05 08:28:39 - [MESSAGE][PASSED] - Text of object 'Object Repository/verifikasi/Nama sebelum' is: ''

2023-10-05 08:28:39 - [TEST_STEP][PASSED] - HargaSebelum = getText(findTestObject("verifikasi/Harga sebelum")): Text of object 'Object Repository/verifikasi/Harga sebelum' is: ''

2023-10-05 08:28:40 - [MESSAGE][PASSED] - Text of object 'Object Repository/verifikasi/Harga sebelum' is: ''

2023-10-05 08:28:40 - [TEST_STEP][PASSED] - mouseOver(findTestObject("beli barang/barang mouse over")): Object: 'Object Repository/beli barang/barang mouse over' is hovered

2023-10-05 08:28:40 - [MESSAGE][PASSED] - Object: 'Object Repository/beli barang/barang mouse over' is hovered

2023-10-05 08:28:40 - [TEST_STEP][PASSED] - click(findTestObject("beli barang/buttom add to cart")): Object: 'Object Repository/beli barang/buttom add to cart' is clicked on

2023-10-05 08:28:41 - [MESSAGE][PASSED] - Object: 'Object Repository/beli barang/buttom add to cart' is clicked on

2023-10-05 08:28:41 - [TEST_STEP][PASSED] - NamaSesudah = getText(findTestObject("verifikasi/Nama sesudah")): Text of object 'Object Repository/verifikasi/Nama sesudah' is: 'Segitiga Instan Madeira - MDB5.3 Sunset'

2023-10-05 08:28:42 - [MESSAGE][PASSED] - Text of object 'Object Repository/verifikasi/Nama sesudah' is: 'Segitiga Instan Madeira - MDB5.3 Sunset'

2023-10-05 08:28:42 - [TEST_STEP][PASSED] - HargaSesudah = getText(findTestObject("verifikasi/Harga sesudah")): Text of object 'Object Repository/verifikasi/Harga sesudah' is: 'Rp 1,299'

2023-10-05 08:28:42 - [MESSAGE][PASSED] - Text of object 'Object Repository/verifikasi/Harga sesudah' is: 'Rp 1,299'

2023-10-05 08:28:42 - [TEST_STEP][PASSED] - assert NamaSesudah.contains(NamaSebelum): null

2023-10-05 08:28:42 - [TEST_STEP][PASSED] - assert HargaSesudah.contains(HargaSebelum): null

2023-10-05 08:28:42 - [TEST_STEP][PASSED] - click(findTestObject("beli barang/Tambah Keranjang busana wanita")): Object: 'Object Repository/beli barang/Tambah Keranjang busana wanita' is clicked on

2023-10-05 08:28:43 - [MESSAGE][PASSED] - Object: 'Object Repository/beli barang/Tambah Keranjang busana wanita' is clicked on

2023-10-05 08:28:43 - [TEST_STEP][PASSED] - verifyElementPresent(findTestObject("checkout/Notifikasi keranjang"), 1): Object 'Object Repository/checkout/Notifikasi keranjang' is present

2023-10-05 08:28:44 - [MESSAGE][PASSED] - Object 'Object Repository/checkout/Notifikasi keranjang' is present

2023-10-05 08:28:44 - [TEST_STEP][PASSED] - data = new java.util.HashMap(): null

2023-10-05 08:28:44 - [TEST_STEP][PASSED] - data.put("nama_barang", NamaSesudah): null

2023-10-05 08:28:44 - [TEST_STEP][PASSED] - data.put("price_barang", HargaSesudah): null

2023-10-05 08:28:44 - [TEST_STEP][PASSED] - return data: null

2023-10-05 08:28:44 - [MESSAGE][PASSED] - Call Test Case 'Test Cases/T13 Pembelian, Shipment dan Pembayaran/PBL-001' successfully

2023-10-05 08:28:44 - [TEST_STEP][PASSED] - mouseOver(findTestObject("beli barang/keranjang")): Object: 'Object Repository/beli barang/keranjang' is hovered

2023-10-05 08:28:44 - [MESSAGE][PASSED] - Object: 'Object Repository/beli barang/keranjang' is hovered

2023-10-05 08:28:44 - [TEST_STEP][PASSED] - click(findTestObject("beli barang/Lihat Sekarang")): Object: 'Object Repository/beli barang/Lihat Sekarang' is clicked on

2023-10-05 08:28:45 - [MESSAGE][PASSED] - Object: 'Object Repository/beli barang/Lihat Sekarang' is clicked on

2023-10-05 08:28:45 - [TEST_STEP][PASSED] - verifyElementPresent(findTestObject("keranjang/li_Keranjang Belanja"), 0): Object 'Object Repository/keranjang/li_Keranjang Belanja' is present

2023-10-05 08:28:45 - [MESSAGE][WARNING] - Timeout '0' is invalid. Using default page load timeout: '30'

2023-10-05 08:28:47 - [MESSAGE][PASSED] - Object 'Object Repository/keranjang/li_Keranjang Belanja' is present

2023-10-05 08:28:47 - [TEST_STEP][PASSED] - NamaKeranjang = getText(findTestObject("verifikasi/Nama keranjang")): Text of object 'Object Repository/verifikasi/Nama keranjang' is: 'Segitiga Instan Madeira - MDB5.3 Sunset'

2023-10-05 08:28:47 - [MESSAGE][PASSED] - Text of object 'Object Repository/verifikasi/Nama keranjang' is: 'Segitiga Instan Madeira - MDB5.3 Sunset'

2023-10-05 08:28:47 - [TEST_STEP][PASSED] - HargaKeranjang = getText(findTestObject("verifikasi/Harga Keranjang")): Text of object 'Object Repository/verifikasi/Harga Keranjang' is: 'Rp 1,299'

2023-10-05 08:28:48 - [MESSAGE][PASSED] - Text of object 'Object Repository/verifikasi/Harga Keranjang' is: 'Rp 1,299'

2023-10-05 08:28:48 - [TEST_STEP][PASSED] - if (toString().equalsIgnoreCase("Merah")): Object 'Object Repository/keranjang/input_Warna_variasi101' is checked

2023-10-05 08:28:48 - [TEST_STEP][PASSED] - check(findTestObject("Object Repository/keranjang/input_Warna_variasi101")): Object 'Object Repository/keranjang/input_Warna_variasi101' is checked

2023-10-05 08:28:48 - [MESSAGE][PASSED] - Object 'Object Repository/keranjang/input_Warna_variasi101' is checked

2023-10-05 08:28:48 - [TEST_STEP][PASSED] - if (toString().equalsIgnoreCase("Menengah")): Object 'Object Repository/keranjang/input_Ukuran_variasi201' is checked

2023-10-05 08:28:48 - [TEST_STEP][PASSED] - check(findTestObject("Object Repository/keranjang/input_Ukuran_variasi201")): Object 'Object Repository/keranjang/input_Ukuran_variasi201' is checked

2023-10-05 08:28:48 - [MESSAGE][PASSED] - Object 'Object Repository/keranjang/input_Ukuran_variasi201' is checked

2023-10-05 08:28:48 - [TEST_STEP][PASSED] - data.put("Warna", warna): null

2023-10-05 08:28:48 - [TEST_STEP][PASSED] - data.put("Ukuran", ukuran): null

2023-10-05 08:28:48 - [TEST_STEP][PASSED] - click(findTestObject("keranjang/button_Lanjut ke Pembayaran")): Object: 'Object Repository/keranjang/button_Lanjut ke Pembayaran' is clicked on

2023-10-05 08:28:50 - [MESSAGE][PASSED] - Object: 'Object Repository/keranjang/button_Lanjut ke Pembayaran' is clicked on

2023-10-05 08:28:50 - [TEST_STEP][PASSED] - verifyElementPresent(findTestObject("checkout/Tittle Checkout Order"), 0): Object 'Object Repository/checkout/Tittle Checkout Order' is present

2023-10-05 08:28:50 - [MESSAGE][WARNING] - Timeout '0' is invalid. Using default page load timeout: '30'

2023-10-05 08:28:51 - [MESSAGE][PASSED] - Object 'Object Repository/checkout/Tittle Checkout Order' is present

2023-10-05 08:28:51 - [TEST_STEP][PASSED] - name_product = data.get("nama_barang"): null

2023-10-05 08:28:51 - [TEST_STEP][PASSED] - price_product = data.get("price_barang"): null

2023-10-05 08:28:51 - [TEST_STEP][PASSED] - assert name_product == NamaKeranjang: null

2023-10-05 08:28:51 - [TEST_STEP][PASSED] - assert price_product == HargaKeranjang: null

2023-10-05 08:28:51 - [TEST_STEP][PASSED] - return data: null]]></system-out>
         <system-err><![CDATA[]]></system-err>
      </testcase>
      <testcase name="Test Cases/T13 Pembelian, Shipment dan Pembayaran/PBL-003" time="27.889" classname="Test Cases/T13 Pembelian, Shipment dan Pembayaran/PBL-003" status="FAILED">
         <failure type="FAILED" message="Test Cases/T13 Pembelian, Shipment dan Pembayaran/PBL-003 FAILED.
Reason:
com.kms.katalon.core.exception.StepFailedException: Unable to verify text 'Silakan pilih warna dan ukuran produk' is present 
	at com.kms.katalon.core.webui.keyword.internal.WebUIKeywordMain.stepFailed(WebUIKeywordMain.groovy:64)
	at com.kms.katalon.core.webui.keyword.internal.WebUIKeywordMain.runKeyword(WebUIKeywordMain.groovy:26)
	at com.kms.katalon.core.webui.keyword.builtin.VerifyTextPresentKeyword.verifyTextPresent(VerifyTextPresentKeyword.groovy:83)
	at com.kms.katalon.core.webui.keyword.builtin.VerifyTextPresentKeyword.execute(VerifyTextPresentKeyword.groovy:68)
	at com.kms.katalon.core.keyword.internal.KeywordExecutor.executeKeywordForPlatform(KeywordExecutor.groovy:74)
	at com.kms.katalon.core.webui.keyword.WebUiBuiltInKeywords.verifyTextPresent(WebUiBuiltInKeywords.groovy:1723)
	at com.kms.katalon.core.webui.keyword.WebUiBuiltInKeywords$verifyTextPresent$7.call(Unknown Source)
	at PBL-003.run(PBL-003:55)
	at com.kms.katalon.core.main.ScriptEngine.run(ScriptEngine.java:194)
	at com.kms.katalon.core.main.ScriptEngine.runScriptAsRawText(ScriptEngine.java:119)
	at com.kms.katalon.core.main.TestCaseExecutor.runScript(TestCaseExecutor.java:448)
	at com.kms.katalon.core.main.TestCaseExecutor.doExecute(TestCaseExecutor.java:439)
	at com.kms.katalon.core.main.TestCaseExecutor.processExecutionPhase(TestCaseExecutor.java:418)
	at com.kms.katalon.core.main.TestCaseExecutor.accessMainPhase(TestCaseExecutor.java:410)
	at com.kms.katalon.core.main.TestCaseExecutor.execute(TestCaseExecutor.java:285)
	at com.kms.katalon.core.common.CommonExecutor.accessTestCaseMainPhase(CommonExecutor.java:65)
	at com.kms.katalon.core.main.TestSuiteExecutor.accessTestSuiteMainPhase(TestSuiteExecutor.java:148)
	at com.kms.katalon.core.main.TestSuiteExecutor.execute(TestSuiteExecutor.java:106)
	at com.kms.katalon.core.main.TestCaseMain.startTestSuite(TestCaseMain.java:187)
	at com.kms.katalon.core.main.TestCaseMain$startTestSuite$0.call(Unknown Source)
	at TempTestSuite1696469269008.run(TempTestSuite1696469269008.groovy:36)
Caused by: com.kms.katalon.core.exception.StepFailedException: Text 'Silakan pilih warna dan ukuran produk' is not present on page 
	at com.kms.katalon.core.webui.keyword.internal.WebUIKeywordMain.stepFailed(WebUIKeywordMain.groovy:64)
	at com.kms.katalon.core.webui.keyword.builtin.VerifyTextPresentKeyword$_verifyTextPresent_closure1.doCall(VerifyTextPresentKeyword.groovy:79)
	at com.kms.katalon.core.webui.keyword.builtin.VerifyTextPresentKeyword$_verifyTextPresent_closure1.call(VerifyTextPresentKeyword.groovy)
	at com.kms.katalon.core.webui.keyword.internal.WebUIKeywordMain.runKeyword(WebUIKeywordMain.groovy:20)
	... 19 more
"/>
         <system-out><![CDATA[2023-10-05 08:28:51 - [TEST_CASE][FAILED] - Test Cases/T13 Pembelian, Shipment dan Pembayaran/PBL-003: Test Cases/T13 Pembelian, Shipment dan Pembayaran/PBL-003 FAILED.
Reason:
com.kms.katalon.core.exception.StepFailedException: Unable to verify text 'Silakan pilih warna dan ukuran produk' is present 
	at com.kms.katalon.core.webui.keyword.internal.WebUIKeywordMain.stepFailed(WebUIKeywordMain.groovy:64)
	at com.kms.katalon.core.webui.keyword.internal.WebUIKeywordMain.runKeyword(WebUIKeywordMain.groovy:26)
	at com.kms.katalon.core.webui.keyword.builtin.VerifyTextPresentKeyword.verifyTextPresent(VerifyTextPresentKeyword.groovy:83)
	at com.kms.katalon.core.webui.keyword.builtin.VerifyTextPresentKeyword.execute(VerifyTextPresentKeyword.groovy:68)
	at com.kms.katalon.core.keyword.internal.KeywordExecutor.executeKeywordForPlatform(KeywordExecutor.groovy:74)
	at com.kms.katalon.core.webui.keyword.WebUiBuiltInKeywords.verifyTextPresent(WebUiBuiltInKeywords.groovy:1723)
	at com.kms.katalon.core.webui.keyword.WebUiBuiltInKeywords$verifyTextPresent$7.call(Unknown Source)
	at PBL-003.run(PBL-003:55)
	at com.kms.katalon.core.main.ScriptEngine.run(ScriptEngine.java:194)
	at com.kms.katalon.core.main.ScriptEngine.runScriptAsRawText(ScriptEngine.java:119)
	at com.kms.katalon.core.main.TestCaseExecutor.runScript(TestCaseExecutor.java:448)
	at com.kms.katalon.core.main.TestCaseExecutor.doExecute(TestCaseExecutor.java:439)
	at com.kms.katalon.core.main.TestCaseExecutor.processExecutionPhase(TestCaseExecutor.java:418)
	at com.kms.katalon.core.main.TestCaseExecutor.accessMainPhase(TestCaseExecutor.java:410)
	at com.kms.katalon.core.main.TestCaseExecutor.execute(TestCaseExecutor.java:285)
	at com.kms.katalon.core.common.CommonExecutor.accessTestCaseMainPhase(CommonExecutor.java:65)
	at com.kms.katalon.core.main.TestSuiteExecutor.accessTestSuiteMainPhase(TestSuiteExecutor.java:148)
	at com.kms.katalon.core.main.TestSuiteExecutor.execute(TestSuiteExecutor.java:106)
	at com.kms.katalon.core.main.TestCaseMain.startTestSuite(TestCaseMain.java:187)
	at com.kms.katalon.core.main.TestCaseMain$startTestSuite$0.call(Unknown Source)
	at TempTestSuite1696469269008.run(TempTestSuite1696469269008.groovy:36)
Caused by: com.kms.katalon.core.exception.StepFailedException: Text 'Silakan pilih warna dan ukuran produk' is not present on page 
	at com.kms.katalon.core.webui.keyword.internal.WebUIKeywordMain.stepFailed(WebUIKeywordMain.groovy:64)
	at com.kms.katalon.core.webui.keyword.builtin.VerifyTextPresentKeyword$_verifyTextPresent_closure1.doCall(VerifyTextPresentKeyword.groovy:79)
	at com.kms.katalon.core.webui.keyword.builtin.VerifyTextPresentKeyword$_verifyTextPresent_closure1.call(VerifyTextPresentKeyword.groovy)
	at com.kms.katalon.core.webui.keyword.internal.WebUIKeywordMain.runKeyword(WebUIKeywordMain.groovy:20)
	... 19 more


2023-10-05 08:28:51 - [TEST_STEP][PASSED] - data = callTestCase(findTestCase("T13 Pembelian, Shipment dan Pembayaran/PBL-001"), [:], STOP_ON_FAILURE): Call Test Case 'Test Cases/T13 Pembelian, Shipment dan Pembayaran/PBL-001' successfully

2023-10-05 08:28:51 - [TEST_CASE][PASSED] - Test Cases/T13 Pembelian, Shipment dan Pembayaran/PBL-001: Test Cases/T13 Pembelian, Shipment dan Pembayaran/PBL-001

2023-10-05 08:28:51 - [TEST_STEP][PASSED] - callTestCase(findTestCase("T13 Pembelian, Shipment dan Pembayaran/LU-001"), ["username":"irfanafandi", "password":"12345irfan"], STOP_ON_FAILURE): Call Test Case 'Test Cases/T13 Pembelian, Shipment dan Pembayaran/LU-001' successfully

2023-10-05 08:28:51 - [TEST_CASE][PASSED] - Test Cases/T13 Pembelian, Shipment dan Pembayaran/LU-001: Test Cases/T13 Pembelian, Shipment dan Pembayaran/LU-001

2023-10-05 08:28:51 - [TEST_STEP][PASSED] - openBrowser("https://10.9.2.63/ecommerce/"): Browser is opened with url: 'https://10.9.2.63/ecommerce/'

2023-10-05 08:28:51 - [MESSAGE][WARNING] - A browser is already opened. Closing browser and opening a new one

2023-10-05 08:28:52 - [MESSAGE][INFO] - Starting 'Edge Chromium' driver

2023-10-05 08:28:52 - [MESSAGE][INFO] - User set preference: ['acceptInsecureCerts', 'true']

2023-10-05 08:28:52 - [MESSAGE][INFO] - Action delay is set to 0 milliseconds

2023-10-05 08:28:55 - [MESSAGE][PASSED] - Browser is opened with url: 'https://10.9.2.63/ecommerce/'

2023-10-05 08:28:55 - [TEST_STEP][PASSED] - maximizeWindow(): Current window maximized

2023-10-05 08:28:55 - [MESSAGE][PASSED] - Current window maximized

2023-10-05 08:28:55 - [TEST_STEP][PASSED] - verifyElementPresent(findTestObject("Login/Home"), 0): Object 'Object Repository/Login/Home' is present

2023-10-05 08:28:56 - [MESSAGE][WARNING] - Timeout '0' is invalid. Using default page load timeout: '30'

2023-10-05 08:28:56 - [MESSAGE][PASSED] - Object 'Object Repository/Login/Home' is present

2023-10-05 08:28:56 - [TEST_STEP][PASSED] - click(findTestObject("Login/a_Login")): Object: 'Object Repository/Login/a_Login' is clicked on

2023-10-05 08:28:57 - [MESSAGE][PASSED] - Object: 'Object Repository/Login/a_Login' is clicked on

2023-10-05 08:28:57 - [TEST_STEP][PASSED] - verifyElementPresent(findTestObject("Login/Tittle Login"), 0): Object 'Object Repository/Login/Tittle Login' is present

2023-10-05 08:28:57 - [MESSAGE][WARNING] - Timeout '0' is invalid. Using default page load timeout: '30'

2023-10-05 08:28:57 - [MESSAGE][PASSED] - Object 'Object Repository/Login/Tittle Login' is present

2023-10-05 08:28:57 - [TEST_STEP][PASSED] - setText(findTestObject("Login/input_Username, Email atau No. Handphone_a"), username): Text 'irfanafandi' is set on object 'Object Repository/Login/input_Username, Email atau No. Handphone_a'

2023-10-05 08:28:58 - [MESSAGE][PASSED] - Text 'irfanafandi' is set on object 'Object Repository/Login/input_Username, Email atau No. Handphone_a'

2023-10-05 08:28:58 - [TEST_STEP][PASSED] - setText(findTestObject("Login/input_Password_b"), password): Text '12345irfan' is set on object 'Object Repository/Login/input_Password_b'

2023-10-05 08:28:59 - [MESSAGE][PASSED] - Text '12345irfan' is set on object 'Object Repository/Login/input_Password_b'

2023-10-05 08:28:59 - [TEST_STEP][PASSED] - click(findTestObject("Login/label_Ingat saya")): Object: 'Object Repository/Login/label_Ingat saya' is clicked on

2023-10-05 08:29:00 - [MESSAGE][PASSED] - Object: 'Object Repository/Login/label_Ingat saya' is clicked on

2023-10-05 08:29:00 - [TEST_STEP][PASSED] - click(findTestObject("Login/button_Masuk")): Object: 'Object Repository/Login/button_Masuk' is clicked on

2023-10-05 08:29:01 - [MESSAGE][PASSED] - Object: 'Object Repository/Login/button_Masuk' is clicked on

2023-10-05 08:29:01 - [TEST_STEP][PASSED] - verifyElementPresent(findTestObject("Login/li_Profile"), 0): Object 'Object Repository/Login/li_Profile' is present

2023-10-05 08:29:01 - [MESSAGE][WARNING] - Timeout '0' is invalid. Using default page load timeout: '30'

2023-10-05 08:29:02 - [MESSAGE][PASSED] - Object 'Object Repository/Login/li_Profile' is present

2023-10-05 08:29:02 - [MESSAGE][PASSED] - Call Test Case 'Test Cases/T13 Pembelian, Shipment dan Pembayaran/LU-001' successfully

2023-10-05 08:29:02 - [TEST_STEP][PASSED] - mouseOver(findTestObject("beli barang/i_Mulai Belanja_icon-menu")): Object: 'Object Repository/beli barang/i_Mulai Belanja_icon-menu' is hovered

2023-10-05 08:29:03 - [MESSAGE][PASSED] - Object: 'Object Repository/beli barang/i_Mulai Belanja_icon-menu' is hovered

2023-10-05 08:29:03 - [TEST_STEP][PASSED] - click(findTestObject("beli barang/a_Fashion  Busana Wanita")): Object: 'Object Repository/beli barang/a_Fashion  Busana Wanita' is clicked on

2023-10-05 08:29:04 - [MESSAGE][PASSED] - Object: 'Object Repository/beli barang/a_Fashion  Busana Wanita' is clicked on

2023-10-05 08:29:04 - [TEST_STEP][PASSED] - NamaSebelum = getText(findTestObject("verifikasi/Nama sebelum")): Text of object 'Object Repository/verifikasi/Nama sebelum' is: ''

2023-10-05 08:29:04 - [MESSAGE][PASSED] - Text of object 'Object Repository/verifikasi/Nama sebelum' is: ''

2023-10-05 08:29:04 - [TEST_STEP][PASSED] - HargaSebelum = getText(findTestObject("verifikasi/Harga sebelum")): Text of object 'Object Repository/verifikasi/Harga sebelum' is: ''

2023-10-05 08:29:05 - [MESSAGE][PASSED] - Text of object 'Object Repository/verifikasi/Harga sebelum' is: ''

2023-10-05 08:29:05 - [TEST_STEP][PASSED] - mouseOver(findTestObject("beli barang/barang mouse over")): Object: 'Object Repository/beli barang/barang mouse over' is hovered

2023-10-05 08:29:05 - [MESSAGE][PASSED] - Object: 'Object Repository/beli barang/barang mouse over' is hovered

2023-10-05 08:29:05 - [TEST_STEP][PASSED] - click(findTestObject("beli barang/buttom add to cart")): Object: 'Object Repository/beli barang/buttom add to cart' is clicked on

2023-10-05 08:29:07 - [MESSAGE][PASSED] - Object: 'Object Repository/beli barang/buttom add to cart' is clicked on

2023-10-05 08:29:07 - [TEST_STEP][PASSED] - NamaSesudah = getText(findTestObject("verifikasi/Nama sesudah")): Text of object 'Object Repository/verifikasi/Nama sesudah' is: 'Segitiga Instan Madeira - MDB5.3 Sunset'

2023-10-05 08:29:07 - [MESSAGE][PASSED] - Text of object 'Object Repository/verifikasi/Nama sesudah' is: 'Segitiga Instan Madeira - MDB5.3 Sunset'

2023-10-05 08:29:07 - [TEST_STEP][PASSED] - HargaSesudah = getText(findTestObject("verifikasi/Harga sesudah")): Text of object 'Object Repository/verifikasi/Harga sesudah' is: 'Rp 1,299'

2023-10-05 08:29:08 - [MESSAGE][PASSED] - Text of object 'Object Repository/verifikasi/Harga sesudah' is: 'Rp 1,299'

2023-10-05 08:29:08 - [TEST_STEP][PASSED] - assert NamaSesudah.contains(NamaSebelum): null

2023-10-05 08:29:08 - [TEST_STEP][PASSED] - assert HargaSesudah.contains(HargaSebelum): null

2023-10-05 08:29:08 - [TEST_STEP][PASSED] - click(findTestObject("beli barang/Tambah Keranjang busana wanita")): Object: 'Object Repository/beli barang/Tambah Keranjang busana wanita' is clicked on

2023-10-05 08:29:08 - [MESSAGE][PASSED] - Object: 'Object Repository/beli barang/Tambah Keranjang busana wanita' is clicked on

2023-10-05 08:29:08 - [TEST_STEP][PASSED] - verifyElementPresent(findTestObject("checkout/Notifikasi keranjang"), 1): Object 'Object Repository/checkout/Notifikasi keranjang' is present

2023-10-05 08:29:09 - [MESSAGE][PASSED] - Object 'Object Repository/checkout/Notifikasi keranjang' is present

2023-10-05 08:29:09 - [TEST_STEP][PASSED] - data = new java.util.HashMap(): null

2023-10-05 08:29:09 - [TEST_STEP][PASSED] - data.put("nama_barang", NamaSesudah): null

2023-10-05 08:29:09 - [TEST_STEP][PASSED] - data.put("price_barang", HargaSesudah): null

2023-10-05 08:29:09 - [TEST_STEP][PASSED] - return data: null

2023-10-05 08:29:09 - [MESSAGE][PASSED] - Call Test Case 'Test Cases/T13 Pembelian, Shipment dan Pembayaran/PBL-001' successfully

2023-10-05 08:29:09 - [TEST_STEP][PASSED] - mouseOver(findTestObject("beli barang/keranjang")): Object: 'Object Repository/beli barang/keranjang' is hovered

2023-10-05 08:29:10 - [MESSAGE][PASSED] - Object: 'Object Repository/beli barang/keranjang' is hovered

2023-10-05 08:29:10 - [TEST_STEP][PASSED] - click(findTestObject("beli barang/Lihat Sekarang")): Object: 'Object Repository/beli barang/Lihat Sekarang' is clicked on

2023-10-05 08:29:11 - [MESSAGE][PASSED] - Object: 'Object Repository/beli barang/Lihat Sekarang' is clicked on

2023-10-05 08:29:11 - [TEST_STEP][PASSED] - verifyElementPresent(findTestObject("keranjang/li_Keranjang Belanja"), 0): Object 'Object Repository/keranjang/li_Keranjang Belanja' is present

2023-10-05 08:29:11 - [MESSAGE][WARNING] - Timeout '0' is invalid. Using default page load timeout: '30'

2023-10-05 08:29:12 - [MESSAGE][PASSED] - Object 'Object Repository/keranjang/li_Keranjang Belanja' is present

2023-10-05 08:29:12 - [TEST_STEP][PASSED] - click(findTestObject("keranjang/button_Lanjut ke Pembayaran")): Object: 'Object Repository/keranjang/button_Lanjut ke Pembayaran' is clicked on

2023-10-05 08:29:14 - [MESSAGE][PASSED] - Object: 'Object Repository/keranjang/button_Lanjut ke Pembayaran' is clicked on

2023-10-05 08:29:14 - [TEST_STEP][PASSED] - mouseOver(findTestObject("beli barang/keranjang")): Object: 'Object Repository/beli barang/keranjang' is hovered

2023-10-05 08:29:14 - [MESSAGE][PASSED] - Object: 'Object Repository/beli barang/keranjang' is hovered

2023-10-05 08:29:14 - [TEST_STEP][PASSED] - click(findTestObject("hapus barang/buttom x")): Object: 'Object Repository/hapus barang/buttom x' is clicked on

2023-10-05 08:29:15 - [MESSAGE][PASSED] - Object: 'Object Repository/hapus barang/buttom x' is clicked on

2023-10-05 08:29:15 - [TEST_STEP][PASSED] - click(findTestObject("hapus barang/button_Hapus Barang")): Object: 'Object Repository/hapus barang/button_Hapus Barang' is clicked on

2023-10-05 08:29:16 - [MESSAGE][PASSED] - Object: 'Object Repository/hapus barang/button_Hapus Barang' is clicked on

2023-10-05 08:29:16 - [TEST_STEP][FAILED] - verifyTextPresent("Silakan pilih warna dan ukuran produk", false): Unable to verify text 'Silakan pilih warna dan ukuran produk' is present  (Root cause: com.kms.katalon.core.exception.StepFailedException: Unable to verify text 'Silakan pilih warna dan ukuran produk' is present 
	at com.kms.katalon.core.webui.keyword.internal.WebUIKeywordMain.stepFailed(WebUIKeywordMain.groovy:64)
	at com.kms.katalon.core.webui.keyword.internal.WebUIKeywordMain.runKeyword(WebUIKeywordMain.groovy:26)
	at com.kms.katalon.core.webui.keyword.builtin.VerifyTextPresentKeyword.verifyTextPresent(VerifyTextPresentKeyword.groovy:83)
	at com.kms.katalon.core.webui.keyword.builtin.VerifyTextPresentKeyword.execute(VerifyTextPresentKeyword.groovy:68)
	at com.kms.katalon.core.keyword.internal.KeywordExecutor.executeKeywordForPlatform(KeywordExecutor.groovy:74)
	at com.kms.katalon.core.webui.keyword.WebUiBuiltInKeywords.verifyTextPresent(WebUiBuiltInKeywords.groovy:1723)
	at com.kms.katalon.core.webui.keyword.WebUiBuiltInKeywords$verifyTextPresent$7.call(Unknown Source)
	at PBL-003.run(PBL-003:55)
	at com.kms.katalon.core.main.ScriptEngine.run(ScriptEngine.java:194)
	at com.kms.katalon.core.main.ScriptEngine.runScriptAsRawText(ScriptEngine.java:119)
	at com.kms.katalon.core.main.TestCaseExecutor.runScript(TestCaseExecutor.java:448)
	at com.kms.katalon.core.main.TestCaseExecutor.doExecute(TestCaseExecutor.java:439)
	at com.kms.katalon.core.main.TestCaseExecutor.processExecutionPhase(TestCaseExecutor.java:418)
	at com.kms.katalon.core.main.TestCaseExecutor.accessMainPhase(TestCaseExecutor.java:410)
	at com.kms.katalon.core.main.TestCaseExecutor.execute(TestCaseExecutor.java:285)
	at com.kms.katalon.core.common.CommonExecutor.accessTestCaseMainPhase(CommonExecutor.java:65)
	at com.kms.katalon.core.main.TestSuiteExecutor.accessTestSuiteMainPhase(TestSuiteExecutor.java:148)
	at com.kms.katalon.core.main.TestSuiteExecutor.execute(TestSuiteExecutor.java:106)
	at com.kms.katalon.core.main.TestCaseMain.startTestSuite(TestCaseMain.java:187)
	at com.kms.katalon.core.main.TestCaseMain$startTestSuite$0.call(Unknown Source)
	at TempTestSuite1696469269008.run(TempTestSuite1696469269008.groovy:36)
Caused by: com.kms.katalon.core.exception.StepFailedException: Text 'Silakan pilih warna dan ukuran produk' is not present on page 
	at com.kms.katalon.core.webui.keyword.internal.WebUIKeywordMain.stepFailed(WebUIKeywordMain.groovy:64)
	at com.kms.katalon.core.webui.keyword.builtin.VerifyTextPresentKeyword$_verifyTextPresent_closure1.doCall(VerifyTextPresentKeyword.groovy:79)
	at com.kms.katalon.core.webui.keyword.builtin.VerifyTextPresentKeyword$_verifyTextPresent_closure1.call(VerifyTextPresentKeyword.groovy)
	at com.kms.katalon.core.webui.keyword.internal.WebUIKeywordMain.runKeyword(WebUIKeywordMain.groovy:20)
	... 19 more
)

2023-10-05 08:29:18 - [MESSAGE][FAILED] - Text 'Silakan pilih warna dan ukuran produk' is not present on page  (Root cause: com.kms.katalon.core.exception.StepFailedException: Text 'Silakan pilih warna dan ukuran produk' is not present on page 
	at com.kms.katalon.core.webui.keyword.internal.WebUIKeywordMain.stepFailed(WebUIKeywordMain.groovy:64)
	at com.kms.katalon.core.webui.keyword.builtin.VerifyTextPresentKeyword$_verifyTextPresent_closure1.doCall(VerifyTextPresentKeyword.groovy:79)
	at com.kms.katalon.core.webui.keyword.builtin.VerifyTextPresentKeyword$_verifyTextPresent_closure1.call(VerifyTextPresentKeyword.groovy)
	at com.kms.katalon.core.webui.keyword.internal.WebUIKeywordMain.runKeyword(WebUIKeywordMain.groovy:20)
	at com.kms.katalon.core.webui.keyword.builtin.VerifyTextPresentKeyword.verifyTextPresent(VerifyTextPresentKeyword.groovy:83)
	at com.kms.katalon.core.webui.keyword.builtin.VerifyTextPresentKeyword.execute(VerifyTextPresentKeyword.groovy:68)
	at com.kms.katalon.core.keyword.internal.KeywordExecutor.executeKeywordForPlatform(KeywordExecutor.groovy:74)
	at com.kms.katalon.core.webui.keyword.WebUiBuiltInKeywords.verifyTextPresent(WebUiBuiltInKeywords.groovy:1723)
	at com.kms.katalon.core.webui.keyword.WebUiBuiltInKeywords$verifyTextPresent$7.call(Unknown Source)
	at PBL-003.run(PBL-003:55)
	at com.kms.katalon.core.main.ScriptEngine.run(ScriptEngine.java:194)
	at com.kms.katalon.core.main.ScriptEngine.runScriptAsRawText(ScriptEngine.java:119)
	at com.kms.katalon.core.main.TestCaseExecutor.runScript(TestCaseExecutor.java:448)
	at com.kms.katalon.core.main.TestCaseExecutor.doExecute(TestCaseExecutor.java:439)
	at com.kms.katalon.core.main.TestCaseExecutor.processExecutionPhase(TestCaseExecutor.java:418)
	at com.kms.katalon.core.main.TestCaseExecutor.accessMainPhase(TestCaseExecutor.java:410)
	at com.kms.katalon.core.main.TestCaseExecutor.execute(TestCaseExecutor.java:285)
	at com.kms.katalon.core.common.CommonExecutor.accessTestCaseMainPhase(CommonExecutor.java:65)
	at com.kms.katalon.core.main.TestSuiteExecutor.accessTestSuiteMainPhase(TestSuiteExecutor.java:148)
	at com.kms.katalon.core.main.TestSuiteExecutor.execute(TestSuiteExecutor.java:106)
	at com.kms.katalon.core.main.TestCaseMain.startTestSuite(TestCaseMain.java:187)
	at com.kms.katalon.core.main.TestCaseMain$startTestSuite$0.call(Unknown Source)
	at TempTestSuite1696469269008.run(TempTestSuite1696469269008.groovy:36)
)

2023-10-05 08:29:19 - [MESSAGE][FAILED] - Unable to verify text 'Silakan pilih warna dan ukuran produk' is present  (Root cause: com.kms.katalon.core.exception.StepFailedException: Unable to verify text 'Silakan pilih warna dan ukuran produk' is present 
	at com.kms.katalon.core.webui.keyword.internal.WebUIKeywordMain.stepFailed(WebUIKeywordMain.groovy:64)
	at com.kms.katalon.core.webui.keyword.internal.WebUIKeywordMain.runKeyword(WebUIKeywordMain.groovy:26)
	at com.kms.katalon.core.webui.keyword.builtin.VerifyTextPresentKeyword.verifyTextPresent(VerifyTextPresentKeyword.groovy:83)
	at com.kms.katalon.core.webui.keyword.builtin.VerifyTextPresentKeyword.execute(VerifyTextPresentKeyword.groovy:68)
	at com.kms.katalon.core.keyword.internal.KeywordExecutor.executeKeywordForPlatform(KeywordExecutor.groovy:74)
	at com.kms.katalon.core.webui.keyword.WebUiBuiltInKeywords.verifyTextPresent(WebUiBuiltInKeywords.groovy:1723)
	at com.kms.katalon.core.webui.keyword.WebUiBuiltInKeywords$verifyTextPresent$7.call(Unknown Source)
	at PBL-003.run(PBL-003:55)
	at com.kms.katalon.core.main.ScriptEngine.run(ScriptEngine.java:194)
	at com.kms.katalon.core.main.ScriptEngine.runScriptAsRawText(ScriptEngine.java:119)
	at com.kms.katalon.core.main.TestCaseExecutor.runScript(TestCaseExecutor.java:448)
	at com.kms.katalon.core.main.TestCaseExecutor.doExecute(TestCaseExecutor.java:439)
	at com.kms.katalon.core.main.TestCaseExecutor.processExecutionPhase(TestCaseExecutor.java:418)
	at com.kms.katalon.core.main.TestCaseExecutor.accessMainPhase(TestCaseExecutor.java:410)
	at com.kms.katalon.core.main.TestCaseExecutor.execute(TestCaseExecutor.java:285)
	at com.kms.katalon.core.common.CommonExecutor.accessTestCaseMainPhase(CommonExecutor.java:65)
	at com.kms.katalon.core.main.TestSuiteExecutor.accessTestSuiteMainPhase(TestSuiteExecutor.java:148)
	at com.kms.katalon.core.main.TestSuiteExecutor.execute(TestSuiteExecutor.java:106)
	at com.kms.katalon.core.main.TestCaseMain.startTestSuite(TestCaseMain.java:187)
	at com.kms.katalon.core.main.TestCaseMain$startTestSuite$0.call(Unknown Source)
	at TempTestSuite1696469269008.run(TempTestSuite1696469269008.groovy:36)
Caused by: com.kms.katalon.core.exception.StepFailedException: Text 'Silakan pilih warna dan ukuran produk' is not present on page 
	at com.kms.katalon.core.webui.keyword.internal.WebUIKeywordMain.stepFailed(WebUIKeywordMain.groovy:64)
	at com.kms.katalon.core.webui.keyword.builtin.VerifyTextPresentKeyword$_verifyTextPresent_closure1.doCall(VerifyTextPresentKeyword.groovy:79)
	at com.kms.katalon.core.webui.keyword.builtin.VerifyTextPresentKeyword$_verifyTextPresent_closure1.call(VerifyTextPresentKeyword.groovy)
	at com.kms.katalon.core.webui.keyword.internal.WebUIKeywordMain.runKeyword(WebUIKeywordMain.groovy:20)
	... 19 more
)
[[ATTACHMENT|C:\\FT2 XSIS\\Projek 2 MINI PROJEK\\Reports\\20231005_082748\\T13 Pembelian, Shipment dan Pembayaran\\T13 Pembelian, Shipment dan Pembayaran\\20231005_082749\\1696469358897.png]]]]></system-out>
         <system-err><![CDATA[2023-10-05 08:28:51 - [TEST_CASE][FAILED] - Test Cases/T13 Pembelian, Shipment dan Pembayaran/PBL-003: Test Cases/T13 Pembelian, Shipment dan Pembayaran/PBL-003 FAILED.
Reason:
com.kms.katalon.core.exception.StepFailedException: Unable to verify text 'Silakan pilih warna dan ukuran produk' is present 
	at com.kms.katalon.core.webui.keyword.internal.WebUIKeywordMain.stepFailed(WebUIKeywordMain.groovy:64)
	at com.kms.katalon.core.webui.keyword.internal.WebUIKeywordMain.runKeyword(WebUIKeywordMain.groovy:26)
	at com.kms.katalon.core.webui.keyword.builtin.VerifyTextPresentKeyword.verifyTextPresent(VerifyTextPresentKeyword.groovy:83)
	at com.kms.katalon.core.webui.keyword.builtin.VerifyTextPresentKeyword.execute(VerifyTextPresentKeyword.groovy:68)
	at com.kms.katalon.core.keyword.internal.KeywordExecutor.executeKeywordForPlatform(KeywordExecutor.groovy:74)
	at com.kms.katalon.core.webui.keyword.WebUiBuiltInKeywords.verifyTextPresent(WebUiBuiltInKeywords.groovy:1723)
	at com.kms.katalon.core.webui.keyword.WebUiBuiltInKeywords$verifyTextPresent$7.call(Unknown Source)
	at PBL-003.run(PBL-003:55)
	at com.kms.katalon.core.main.ScriptEngine.run(ScriptEngine.java:194)
	at com.kms.katalon.core.main.ScriptEngine.runScriptAsRawText(ScriptEngine.java:119)
	at com.kms.katalon.core.main.TestCaseExecutor.runScript(TestCaseExecutor.java:448)
	at com.kms.katalon.core.main.TestCaseExecutor.doExecute(TestCaseExecutor.java:439)
	at com.kms.katalon.core.main.TestCaseExecutor.processExecutionPhase(TestCaseExecutor.java:418)
	at com.kms.katalon.core.main.TestCaseExecutor.accessMainPhase(TestCaseExecutor.java:410)
	at com.kms.katalon.core.main.TestCaseExecutor.execute(TestCaseExecutor.java:285)
	at com.kms.katalon.core.common.CommonExecutor.accessTestCaseMainPhase(CommonExecutor.java:65)
	at com.kms.katalon.core.main.TestSuiteExecutor.accessTestSuiteMainPhase(TestSuiteExecutor.java:148)
	at com.kms.katalon.core.main.TestSuiteExecutor.execute(TestSuiteExecutor.java:106)
	at com.kms.katalon.core.main.TestCaseMain.startTestSuite(TestCaseMain.java:187)
	at com.kms.katalon.core.main.TestCaseMain$startTestSuite$0.call(Unknown Source)
	at TempTestSuite1696469269008.run(TempTestSuite1696469269008.groovy:36)
Caused by: com.kms.katalon.core.exception.StepFailedException: Text 'Silakan pilih warna dan ukuran produk' is not present on page 
	at com.kms.katalon.core.webui.keyword.internal.WebUIKeywordMain.stepFailed(WebUIKeywordMain.groovy:64)
	at com.kms.katalon.core.webui.keyword.builtin.VerifyTextPresentKeyword$_verifyTextPresent_closure1.doCall(VerifyTextPresentKeyword.groovy:79)
	at com.kms.katalon.core.webui.keyword.builtin.VerifyTextPresentKeyword$_verifyTextPresent_closure1.call(VerifyTextPresentKeyword.groovy)
	at com.kms.katalon.core.webui.keyword.internal.WebUIKeywordMain.runKeyword(WebUIKeywordMain.groovy:20)
	... 19 more]]></system-err>
      </testcase>
      <testcase name="Test Cases/T13 Pembelian, Shipment dan Pembayaran/PBL-004" time="41.692" classname="Test Cases/T13 Pembelian, Shipment dan Pembayaran/PBL-004" status="PASSED">
         <system-out><![CDATA[2023-10-05 08:29:19 - [TEST_CASE][PASSED] - Test Cases/T13 Pembelian, Shipment dan Pembayaran/PBL-004: Test Cases/T13 Pembelian, Shipment dan Pembayaran/PBL-004

2023-10-05 08:29:19 - [TEST_STEP][PASSED] - data = callTestCase(findTestCase("T13 Pembelian, Shipment dan Pembayaran/PBL-002"), [:], STOP_ON_FAILURE): Call Test Case 'Test Cases/T13 Pembelian, Shipment dan Pembayaran/PBL-002' successfully

2023-10-05 08:29:19 - [TEST_CASE][PASSED] - Test Cases/T13 Pembelian, Shipment dan Pembayaran/PBL-002: Test Cases/T13 Pembelian, Shipment dan Pembayaran/PBL-002

2023-10-05 08:29:19 - [TEST_STEP][PASSED] - data = callTestCase(findTestCase("T13 Pembelian, Shipment dan Pembayaran/PBL-001"), [:], STOP_ON_FAILURE): Call Test Case 'Test Cases/T13 Pembelian, Shipment dan Pembayaran/PBL-001' successfully

2023-10-05 08:29:19 - [TEST_CASE][PASSED] - Test Cases/T13 Pembelian, Shipment dan Pembayaran/PBL-001: Test Cases/T13 Pembelian, Shipment dan Pembayaran/PBL-001

2023-10-05 08:29:19 - [TEST_STEP][PASSED] - callTestCase(findTestCase("T13 Pembelian, Shipment dan Pembayaran/LU-001"), ["username":"irfanafandi", "password":"12345irfan"], STOP_ON_FAILURE): Call Test Case 'Test Cases/T13 Pembelian, Shipment dan Pembayaran/LU-001' successfully

2023-10-05 08:29:19 - [TEST_CASE][PASSED] - Test Cases/T13 Pembelian, Shipment dan Pembayaran/LU-001: Test Cases/T13 Pembelian, Shipment dan Pembayaran/LU-001

2023-10-05 08:29:19 - [TEST_STEP][PASSED] - openBrowser("https://10.9.2.63/ecommerce/"): Browser is opened with url: 'https://10.9.2.63/ecommerce/'

2023-10-05 08:29:19 - [MESSAGE][WARNING] - A browser is already opened. Closing browser and opening a new one

2023-10-05 08:29:20 - [MESSAGE][INFO] - Starting 'Edge Chromium' driver

2023-10-05 08:29:20 - [MESSAGE][INFO] - User set preference: ['acceptInsecureCerts', 'true']

2023-10-05 08:29:21 - [MESSAGE][INFO] - Action delay is set to 0 milliseconds

2023-10-05 08:29:24 - [MESSAGE][PASSED] - Browser is opened with url: 'https://10.9.2.63/ecommerce/'

2023-10-05 08:29:24 - [TEST_STEP][PASSED] - maximizeWindow(): Current window maximized

2023-10-05 08:29:24 - [MESSAGE][PASSED] - Current window maximized

2023-10-05 08:29:24 - [TEST_STEP][PASSED] - verifyElementPresent(findTestObject("Login/Home"), 0): Object 'Object Repository/Login/Home' is present

2023-10-05 08:29:24 - [MESSAGE][WARNING] - Timeout '0' is invalid. Using default page load timeout: '30'

2023-10-05 08:29:25 - [MESSAGE][PASSED] - Object 'Object Repository/Login/Home' is present

2023-10-05 08:29:25 - [TEST_STEP][PASSED] - click(findTestObject("Login/a_Login")): Object: 'Object Repository/Login/a_Login' is clicked on

2023-10-05 08:29:25 - [MESSAGE][PASSED] - Object: 'Object Repository/Login/a_Login' is clicked on

2023-10-05 08:29:25 - [TEST_STEP][PASSED] - verifyElementPresent(findTestObject("Login/Tittle Login"), 0): Object 'Object Repository/Login/Tittle Login' is present

2023-10-05 08:29:25 - [MESSAGE][WARNING] - Timeout '0' is invalid. Using default page load timeout: '30'

2023-10-05 08:29:26 - [MESSAGE][PASSED] - Object 'Object Repository/Login/Tittle Login' is present

2023-10-05 08:29:26 - [TEST_STEP][PASSED] - setText(findTestObject("Login/input_Username, Email atau No. Handphone_a"), username): Text 'irfanafandi' is set on object 'Object Repository/Login/input_Username, Email atau No. Handphone_a'

2023-10-05 08:29:27 - [MESSAGE][PASSED] - Text 'irfanafandi' is set on object 'Object Repository/Login/input_Username, Email atau No. Handphone_a'

2023-10-05 08:29:27 - [TEST_STEP][PASSED] - setText(findTestObject("Login/input_Password_b"), password): Text '12345irfan' is set on object 'Object Repository/Login/input_Password_b'

2023-10-05 08:29:28 - [MESSAGE][PASSED] - Text '12345irfan' is set on object 'Object Repository/Login/input_Password_b'

2023-10-05 08:29:28 - [TEST_STEP][PASSED] - click(findTestObject("Login/label_Ingat saya")): Object: 'Object Repository/Login/label_Ingat saya' is clicked on

2023-10-05 08:29:28 - [MESSAGE][PASSED] - Object: 'Object Repository/Login/label_Ingat saya' is clicked on

2023-10-05 08:29:28 - [TEST_STEP][PASSED] - click(findTestObject("Login/button_Masuk")): Object: 'Object Repository/Login/button_Masuk' is clicked on

2023-10-05 08:29:30 - [MESSAGE][PASSED] - Object: 'Object Repository/Login/button_Masuk' is clicked on

2023-10-05 08:29:30 - [TEST_STEP][PASSED] - verifyElementPresent(findTestObject("Login/li_Profile"), 0): Object 'Object Repository/Login/li_Profile' is present

2023-10-05 08:29:30 - [MESSAGE][WARNING] - Timeout '0' is invalid. Using default page load timeout: '30'

2023-10-05 08:29:30 - [MESSAGE][PASSED] - Object 'Object Repository/Login/li_Profile' is present

2023-10-05 08:29:30 - [MESSAGE][PASSED] - Call Test Case 'Test Cases/T13 Pembelian, Shipment dan Pembayaran/LU-001' successfully

2023-10-05 08:29:30 - [TEST_STEP][PASSED] - mouseOver(findTestObject("beli barang/i_Mulai Belanja_icon-menu")): Object: 'Object Repository/beli barang/i_Mulai Belanja_icon-menu' is hovered

2023-10-05 08:29:31 - [MESSAGE][PASSED] - Object: 'Object Repository/beli barang/i_Mulai Belanja_icon-menu' is hovered

2023-10-05 08:29:31 - [TEST_STEP][PASSED] - click(findTestObject("beli barang/a_Fashion  Busana Wanita")): Object: 'Object Repository/beli barang/a_Fashion  Busana Wanita' is clicked on

2023-10-05 08:29:32 - [MESSAGE][PASSED] - Object: 'Object Repository/beli barang/a_Fashion  Busana Wanita' is clicked on

2023-10-05 08:29:32 - [TEST_STEP][PASSED] - NamaSebelum = getText(findTestObject("verifikasi/Nama sebelum")): Text of object 'Object Repository/verifikasi/Nama sebelum' is: ''

2023-10-05 08:29:33 - [MESSAGE][PASSED] - Text of object 'Object Repository/verifikasi/Nama sebelum' is: ''

2023-10-05 08:29:33 - [TEST_STEP][PASSED] - HargaSebelum = getText(findTestObject("verifikasi/Harga sebelum")): Text of object 'Object Repository/verifikasi/Harga sebelum' is: 'Rp 1,299'

2023-10-05 08:29:33 - [MESSAGE][PASSED] - Text of object 'Object Repository/verifikasi/Harga sebelum' is: 'Rp 1,299'

2023-10-05 08:29:33 - [TEST_STEP][PASSED] - mouseOver(findTestObject("beli barang/barang mouse over")): Object: 'Object Repository/beli barang/barang mouse over' is hovered

2023-10-05 08:29:34 - [MESSAGE][PASSED] - Object: 'Object Repository/beli barang/barang mouse over' is hovered

2023-10-05 08:29:34 - [TEST_STEP][PASSED] - click(findTestObject("beli barang/buttom add to cart")): Object: 'Object Repository/beli barang/buttom add to cart' is clicked on

2023-10-05 08:29:35 - [MESSAGE][PASSED] - Object: 'Object Repository/beli barang/buttom add to cart' is clicked on

2023-10-05 08:29:35 - [TEST_STEP][PASSED] - NamaSesudah = getText(findTestObject("verifikasi/Nama sesudah")): Text of object 'Object Repository/verifikasi/Nama sesudah' is: 'Segitiga Instan Madeira - MDB5.3 Sunset'

2023-10-05 08:29:36 - [MESSAGE][PASSED] - Text of object 'Object Repository/verifikasi/Nama sesudah' is: 'Segitiga Instan Madeira - MDB5.3 Sunset'

2023-10-05 08:29:36 - [TEST_STEP][PASSED] - HargaSesudah = getText(findTestObject("verifikasi/Harga sesudah")): Text of object 'Object Repository/verifikasi/Harga sesudah' is: 'Rp 1,299'

2023-10-05 08:29:36 - [MESSAGE][PASSED] - Text of object 'Object Repository/verifikasi/Harga sesudah' is: 'Rp 1,299'

2023-10-05 08:29:36 - [TEST_STEP][PASSED] - assert NamaSesudah.contains(NamaSebelum): null

2023-10-05 08:29:36 - [TEST_STEP][PASSED] - assert HargaSesudah.contains(HargaSebelum): null

2023-10-05 08:29:36 - [TEST_STEP][PASSED] - click(findTestObject("beli barang/Tambah Keranjang busana wanita")): Object: 'Object Repository/beli barang/Tambah Keranjang busana wanita' is clicked on

2023-10-05 08:29:37 - [MESSAGE][PASSED] - Object: 'Object Repository/beli barang/Tambah Keranjang busana wanita' is clicked on

2023-10-05 08:29:37 - [TEST_STEP][PASSED] - verifyElementPresent(findTestObject("checkout/Notifikasi keranjang"), 1): Object 'Object Repository/checkout/Notifikasi keranjang' is present

2023-10-05 08:29:38 - [MESSAGE][PASSED] - Object 'Object Repository/checkout/Notifikasi keranjang' is present

2023-10-05 08:29:38 - [TEST_STEP][PASSED] - data = new java.util.HashMap(): null

2023-10-05 08:29:38 - [TEST_STEP][PASSED] - data.put("nama_barang", NamaSesudah): null

2023-10-05 08:29:38 - [TEST_STEP][PASSED] - data.put("price_barang", HargaSesudah): null

2023-10-05 08:29:38 - [TEST_STEP][PASSED] - return data: null

2023-10-05 08:29:38 - [MESSAGE][PASSED] - Call Test Case 'Test Cases/T13 Pembelian, Shipment dan Pembayaran/PBL-001' successfully

2023-10-05 08:29:38 - [TEST_STEP][PASSED] - mouseOver(findTestObject("beli barang/keranjang")): Object: 'Object Repository/beli barang/keranjang' is hovered

2023-10-05 08:29:38 - [MESSAGE][PASSED] - Object: 'Object Repository/beli barang/keranjang' is hovered

2023-10-05 08:29:38 - [TEST_STEP][PASSED] - click(findTestObject("beli barang/Lihat Sekarang")): Object: 'Object Repository/beli barang/Lihat Sekarang' is clicked on

2023-10-05 08:29:39 - [MESSAGE][PASSED] - Object: 'Object Repository/beli barang/Lihat Sekarang' is clicked on

2023-10-05 08:29:39 - [TEST_STEP][PASSED] - verifyElementPresent(findTestObject("keranjang/li_Keranjang Belanja"), 0): Object 'Object Repository/keranjang/li_Keranjang Belanja' is present

2023-10-05 08:29:39 - [MESSAGE][WARNING] - Timeout '0' is invalid. Using default page load timeout: '30'

2023-10-05 08:29:41 - [MESSAGE][PASSED] - Object 'Object Repository/keranjang/li_Keranjang Belanja' is present

2023-10-05 08:29:41 - [TEST_STEP][PASSED] - NamaKeranjang = getText(findTestObject("verifikasi/Nama keranjang")): Text of object 'Object Repository/verifikasi/Nama keranjang' is: 'Segitiga Instan Madeira - MDB5.3 Sunset'

2023-10-05 08:29:41 - [MESSAGE][PASSED] - Text of object 'Object Repository/verifikasi/Nama keranjang' is: 'Segitiga Instan Madeira - MDB5.3 Sunset'

2023-10-05 08:29:41 - [TEST_STEP][PASSED] - HargaKeranjang = getText(findTestObject("verifikasi/Harga Keranjang")): Text of object 'Object Repository/verifikasi/Harga Keranjang' is: 'Rp 1,299'

2023-10-05 08:29:41 - [MESSAGE][PASSED] - Text of object 'Object Repository/verifikasi/Harga Keranjang' is: 'Rp 1,299'

2023-10-05 08:29:41 - [TEST_STEP][PASSED] - if (toString().equalsIgnoreCase("Merah")): Object 'Object Repository/keranjang/input_Warna_variasi101' is checked

2023-10-05 08:29:41 - [TEST_STEP][PASSED] - check(findTestObject("Object Repository/keranjang/input_Warna_variasi101")): Object 'Object Repository/keranjang/input_Warna_variasi101' is checked

2023-10-05 08:29:42 - [MESSAGE][PASSED] - Object 'Object Repository/keranjang/input_Warna_variasi101' is checked

2023-10-05 08:29:42 - [TEST_STEP][PASSED] - if (toString().equalsIgnoreCase("Menengah")): Object 'Object Repository/keranjang/input_Ukuran_variasi201' is checked

2023-10-05 08:29:42 - [TEST_STEP][PASSED] - check(findTestObject("Object Repository/keranjang/input_Ukuran_variasi201")): Object 'Object Repository/keranjang/input_Ukuran_variasi201' is checked

2023-10-05 08:29:42 - [MESSAGE][PASSED] - Object 'Object Repository/keranjang/input_Ukuran_variasi201' is checked

2023-10-05 08:29:42 - [TEST_STEP][PASSED] - data.put("Warna", warna): null

2023-10-05 08:29:42 - [TEST_STEP][PASSED] - data.put("Ukuran", ukuran): null

2023-10-05 08:29:42 - [TEST_STEP][PASSED] - click(findTestObject("keranjang/button_Lanjut ke Pembayaran")): Object: 'Object Repository/keranjang/button_Lanjut ke Pembayaran' is clicked on

2023-10-05 08:29:44 - [MESSAGE][PASSED] - Object: 'Object Repository/keranjang/button_Lanjut ke Pembayaran' is clicked on

2023-10-05 08:29:44 - [TEST_STEP][PASSED] - verifyElementPresent(findTestObject("checkout/Tittle Checkout Order"), 0): Object 'Object Repository/checkout/Tittle Checkout Order' is present

2023-10-05 08:29:44 - [MESSAGE][WARNING] - Timeout '0' is invalid. Using default page load timeout: '30'

2023-10-05 08:29:44 - [MESSAGE][PASSED] - Object 'Object Repository/checkout/Tittle Checkout Order' is present

2023-10-05 08:29:44 - [TEST_STEP][PASSED] - name_product = data.get("nama_barang"): null

2023-10-05 08:29:44 - [TEST_STEP][PASSED] - price_product = data.get("price_barang"): null

2023-10-05 08:29:44 - [TEST_STEP][PASSED] - assert name_product == NamaKeranjang: null

2023-10-05 08:29:44 - [TEST_STEP][PASSED] - assert price_product == HargaKeranjang: null

2023-10-05 08:29:44 - [TEST_STEP][PASSED] - return data: null

2023-10-05 08:29:44 - [MESSAGE][PASSED] - Call Test Case 'Test Cases/T13 Pembelian, Shipment dan Pembayaran/PBL-002' successfully

2023-10-05 08:29:44 - [TEST_STEP][PASSED] - warnaa = getText(findTestObject("verifikasi/warna Merah")): Text of object 'Object Repository/verifikasi/warna Merah' is: 'Merah'

2023-10-05 08:29:45 - [MESSAGE][PASSED] - Text of object 'Object Repository/verifikasi/warna Merah' is: 'Merah'

2023-10-05 08:29:45 - [TEST_STEP][PASSED] - ukurann = getText(findTestObject("verifikasi/Ukuran Menengah")): Text of object 'Object Repository/verifikasi/Ukuran Menengah' is: 'Menengah'

2023-10-05 08:29:45 - [MESSAGE][PASSED] - Text of object 'Object Repository/verifikasi/Ukuran Menengah' is: 'Menengah'

2023-10-05 08:29:45 - [TEST_STEP][PASSED] - warna1 = data.get("Warna"): null

2023-10-05 08:29:45 - [TEST_STEP][PASSED] - ukuran1 = data.get("Ukuran"): null

2023-10-05 08:29:45 - [TEST_STEP][PASSED] - assert warnaa == warna1: null

2023-10-05 08:29:45 - [TEST_STEP][PASSED] - assert ukurann == ukuran1: null

2023-10-05 08:29:45 - [TEST_STEP][PASSED] - NamaCheckout = getText(findTestObject("verifikasi/NamaCheckout")): Text of object 'Object Repository/verifikasi/NamaCheckout' is: ''

2023-10-05 08:29:46 - [MESSAGE][PASSED] - Text of object 'Object Repository/verifikasi/NamaCheckout' is: ''

2023-10-05 08:29:46 - [TEST_STEP][PASSED] - HargaCheckout = getText(findTestObject("verifikasi/HargaCheckout")): Text of object 'Object Repository/verifikasi/HargaCheckout' is: '1,299'

2023-10-05 08:29:46 - [MESSAGE][PASSED] - Text of object 'Object Repository/verifikasi/HargaCheckout' is: '1,299'

2023-10-05 08:29:46 - [TEST_STEP][PASSED] - name_product = data.get("nama_barang"): null

2023-10-05 08:29:46 - [TEST_STEP][PASSED] - price_product = data.get("price_barang"): null

2023-10-05 08:29:46 - [TEST_STEP][PASSED] - assert name_product.contains(NamaCheckout): null

2023-10-05 08:29:46 - [TEST_STEP][PASSED] - assert price_product.contains(HargaCheckout): null

2023-10-05 08:29:46 - [TEST_STEP][PASSED] - selectOptionByLabel(findTestObject("checkout/select - Kirim via Kurir Lokal"), Kurir, false): All options with label 'Roda 2' are selected in object 'Object Repository/checkout/select - Kirim via Kurir Lokal' 

2023-10-05 08:29:47 - [MESSAGE][PASSED] - All options with label 'Roda 2' are selected in object 'Object Repository/checkout/select - Kirim via Kurir Lokal' 

2023-10-05 08:29:47 - [TEST_STEP][PASSED] - click(findTestObject("checkout/Kendaraan Kurir")): Object: 'Object Repository/checkout/Kendaraan Kurir' is clicked on

2023-10-05 08:29:48 - [MESSAGE][PASSED] - Object: 'Object Repository/checkout/Kendaraan Kurir' is clicked on

2023-10-05 08:29:48 - [TEST_STEP][PASSED] - OngkosKirim = getText(findTestObject("Object Repository/verifikasi/Ongkos Kirim checkout")): Text of object 'Object Repository/verifikasi/Ongkos Kirim checkout' is: 'Rp. 5,000'

2023-10-05 08:29:48 - [MESSAGE][PASSED] - Text of object 'Object Repository/verifikasi/Ongkos Kirim checkout' is: 'Rp. 5,000'

2023-10-05 08:29:48 - [TEST_STEP][PASSED] - Ongkos = OngkosKirim.substring(3, OngkosKirim.size()): null

2023-10-05 08:29:48 - [TEST_STEP][PASSED] - rep = Ongkos.replace(",", "."): null

2023-10-05 08:29:48 - [TEST_STEP][PASSED] - Ongkos_kirim = Double.parseDouble(rep): null

2023-10-05 08:29:48 - [TEST_STEP][PASSED] - println(Ongkos_kirim): null

2023-10-05 08:29:48 - [TEST_STEP][PASSED] - FeeAdmin = getText(findTestObject("verifikasi/Fee Admin checkout")): Text of object 'Object Repository/verifikasi/Fee Admin checkout' is: 'Fee Admin
Rp 1,500'

2023-10-05 08:29:49 - [MESSAGE][PASSED] - Text of object 'Object Repository/verifikasi/Fee Admin checkout' is: 'Fee Admin
Rp 1,500'

2023-10-05 08:29:49 - [TEST_STEP][PASSED] - Fee_Admin = FeeAdmin.substring(12, FeeAdmin.size()): null

2023-10-05 08:29:49 - [TEST_STEP][PASSED] - fee = Fee_Admin.replace(",", "."): null

2023-10-05 08:29:49 - [TEST_STEP][PASSED] - fee_admin = Double.parseDouble(fee): null

2023-10-05 08:29:49 - [TEST_STEP][PASSED] - println(fee_admin): null

2023-10-05 08:29:49 - [TEST_STEP][PASSED] - Subtotal = getText(findTestObject("verifikasi/subtotal checkout")): Text of object 'Object Repository/verifikasi/subtotal checkout' is: 'Subtotal
Rp 1,299'

2023-10-05 08:29:50 - [MESSAGE][PASSED] - Text of object 'Object Repository/verifikasi/subtotal checkout' is: 'Subtotal
Rp 1,299'

2023-10-05 08:29:50 - [TEST_STEP][PASSED] - sub_total = Subtotal.substring(12, Subtotal.size()): null

2023-10-05 08:29:50 - [TEST_STEP][PASSED] - sub = sub_total.replace(",", "."): null

2023-10-05 08:29:50 - [TEST_STEP][PASSED] - sub_total = Double.parseDouble(sub): null

2023-10-05 08:29:50 - [TEST_STEP][PASSED] - println(sub_total): null

2023-10-05 08:29:50 - [TEST_STEP][PASSED] - Total = getText(findTestObject("verifikasi/Total checkout")): Text of object 'Object Repository/verifikasi/Total checkout' is: 'Rp 7,799'

2023-10-05 08:29:50 - [MESSAGE][PASSED] - Text of object 'Object Repository/verifikasi/Total checkout' is: 'Rp 7,799'

2023-10-05 08:29:50 - [TEST_STEP][PASSED] - totall = Total.substring(3, Total.size()): null

2023-10-05 08:29:50 - [TEST_STEP][PASSED] - total = totall.replace(",", "."): null

2023-10-05 08:29:50 - [TEST_STEP][PASSED] - totall = Double.parseDouble(total): null

2023-10-05 08:29:50 - [TEST_STEP][PASSED] - println(totall): null

2023-10-05 08:29:50 - [TEST_STEP][PASSED] - Total_Harga = Ongkos_kirim + fee_admin + sub_total: null

2023-10-05 08:29:50 - [TEST_STEP][PASSED] - println(Total_Harga): null

2023-10-05 08:29:50 - [TEST_STEP][PASSED] - TotalHarga = Math.round(Total_Harga * 1000) / 1000: null

2023-10-05 08:29:50 - [TEST_STEP][PASSED] - println(TotalHarga): null

2023-10-05 08:29:50 - [TEST_STEP][PASSED] - assert totall == TotalHarga: null

2023-10-05 08:29:50 - [TEST_STEP][PASSED] - click(findTestObject("verifikasi/Metode Transfer")): Object: 'Object Repository/verifikasi/Metode Transfer' is clicked on

2023-10-05 08:29:50 - [MESSAGE][PASSED] - Object: 'Object Repository/verifikasi/Metode Transfer' is clicked on

2023-10-05 08:29:50 - [TEST_STEP][PASSED] - click(findTestObject("checkout/button_Proses Pembayaran")): Object: 'Object Repository/checkout/button_Proses Pembayaran' is clicked on

2023-10-05 08:29:59 - [MESSAGE][PASSED] - Object: 'Object Repository/checkout/button_Proses Pembayaran' is clicked on

2023-10-05 08:29:59 - [TEST_STEP][PASSED] - verifyElementPresent(findTestObject("pembayaran/Tittle nomor invoice"), 0): Object 'Object Repository/pembayaran/Tittle nomor invoice' is present

2023-10-05 08:30:00 - [MESSAGE][WARNING] - Timeout '0' is invalid. Using default page load timeout: '30'

2023-10-05 08:30:00 - [MESSAGE][PASSED] - Object 'Object Repository/pembayaran/Tittle nomor invoice' is present

2023-10-05 08:30:00 - [TEST_STEP][PASSED] - return data: null]]></system-out>
         <system-err><![CDATA[]]></system-err>
      </testcase>
      <testcase name="Test Cases/T13 Pembelian, Shipment dan Pembayaran/PBL-005" time="42.125" classname="Test Cases/T13 Pembelian, Shipment dan Pembayaran/PBL-005" status="PASSED">
         <system-out><![CDATA[2023-10-05 08:30:00 - [TEST_CASE][PASSED] - Test Cases/T13 Pembelian, Shipment dan Pembayaran/PBL-005: Test Cases/T13 Pembelian, Shipment dan Pembayaran/PBL-005

2023-10-05 08:30:01 - [TEST_STEP][PASSED] - data = callTestCase(findTestCase("T13 Pembelian, Shipment dan Pembayaran/PBL-002"), [:], STOP_ON_FAILURE): Call Test Case 'Test Cases/T13 Pembelian, Shipment dan Pembayaran/PBL-002' successfully

2023-10-05 08:30:01 - [TEST_CASE][PASSED] - Test Cases/T13 Pembelian, Shipment dan Pembayaran/PBL-002: Test Cases/T13 Pembelian, Shipment dan Pembayaran/PBL-002

2023-10-05 08:30:01 - [TEST_STEP][PASSED] - data = callTestCase(findTestCase("T13 Pembelian, Shipment dan Pembayaran/PBL-001"), [:], STOP_ON_FAILURE): Call Test Case 'Test Cases/T13 Pembelian, Shipment dan Pembayaran/PBL-001' successfully

2023-10-05 08:30:01 - [TEST_CASE][PASSED] - Test Cases/T13 Pembelian, Shipment dan Pembayaran/PBL-001: Test Cases/T13 Pembelian, Shipment dan Pembayaran/PBL-001

2023-10-05 08:30:01 - [TEST_STEP][PASSED] - callTestCase(findTestCase("T13 Pembelian, Shipment dan Pembayaran/LU-001"), ["username":"irfanafandi", "password":"12345irfan"], STOP_ON_FAILURE): Call Test Case 'Test Cases/T13 Pembelian, Shipment dan Pembayaran/LU-001' successfully

2023-10-05 08:30:01 - [TEST_CASE][PASSED] - Test Cases/T13 Pembelian, Shipment dan Pembayaran/LU-001: Test Cases/T13 Pembelian, Shipment dan Pembayaran/LU-001

2023-10-05 08:30:01 - [TEST_STEP][PASSED] - openBrowser("https://10.9.2.63/ecommerce/"): Browser is opened with url: 'https://10.9.2.63/ecommerce/'

2023-10-05 08:30:01 - [MESSAGE][WARNING] - A browser is already opened. Closing browser and opening a new one

2023-10-05 08:30:02 - [MESSAGE][INFO] - Starting 'Edge Chromium' driver

2023-10-05 08:30:02 - [MESSAGE][INFO] - User set preference: ['acceptInsecureCerts', 'true']

2023-10-05 08:30:02 - [MESSAGE][INFO] - Action delay is set to 0 milliseconds

2023-10-05 08:30:06 - [MESSAGE][PASSED] - Browser is opened with url: 'https://10.9.2.63/ecommerce/'

2023-10-05 08:30:06 - [TEST_STEP][PASSED] - maximizeWindow(): Current window maximized

2023-10-05 08:30:07 - [MESSAGE][PASSED] - Current window maximized

2023-10-05 08:30:07 - [TEST_STEP][PASSED] - verifyElementPresent(findTestObject("Login/Home"), 0): Object 'Object Repository/Login/Home' is present

2023-10-05 08:30:07 - [MESSAGE][WARNING] - Timeout '0' is invalid. Using default page load timeout: '30'

2023-10-05 08:30:07 - [MESSAGE][PASSED] - Object 'Object Repository/Login/Home' is present

2023-10-05 08:30:07 - [TEST_STEP][PASSED] - click(findTestObject("Login/a_Login")): Object: 'Object Repository/Login/a_Login' is clicked on

2023-10-05 08:30:08 - [MESSAGE][PASSED] - Object: 'Object Repository/Login/a_Login' is clicked on

2023-10-05 08:30:08 - [TEST_STEP][PASSED] - verifyElementPresent(findTestObject("Login/Tittle Login"), 0): Object 'Object Repository/Login/Tittle Login' is present

2023-10-05 08:30:08 - [MESSAGE][WARNING] - Timeout '0' is invalid. Using default page load timeout: '30'

2023-10-05 08:30:08 - [MESSAGE][PASSED] - Object 'Object Repository/Login/Tittle Login' is present

2023-10-05 08:30:08 - [TEST_STEP][PASSED] - setText(findTestObject("Login/input_Username, Email atau No. Handphone_a"), username): Text 'irfanafandi' is set on object 'Object Repository/Login/input_Username, Email atau No. Handphone_a'

2023-10-05 08:30:09 - [MESSAGE][PASSED] - Text 'irfanafandi' is set on object 'Object Repository/Login/input_Username, Email atau No. Handphone_a'

2023-10-05 08:30:09 - [TEST_STEP][PASSED] - setText(findTestObject("Login/input_Password_b"), password): Text '12345irfan' is set on object 'Object Repository/Login/input_Password_b'

2023-10-05 08:30:10 - [MESSAGE][PASSED] - Text '12345irfan' is set on object 'Object Repository/Login/input_Password_b'

2023-10-05 08:30:10 - [TEST_STEP][PASSED] - click(findTestObject("Login/label_Ingat saya")): Object: 'Object Repository/Login/label_Ingat saya' is clicked on

2023-10-05 08:30:10 - [MESSAGE][PASSED] - Object: 'Object Repository/Login/label_Ingat saya' is clicked on

2023-10-05 08:30:10 - [TEST_STEP][PASSED] - click(findTestObject("Login/button_Masuk")): Object: 'Object Repository/Login/button_Masuk' is clicked on

2023-10-05 08:30:12 - [MESSAGE][PASSED] - Object: 'Object Repository/Login/button_Masuk' is clicked on

2023-10-05 08:30:12 - [TEST_STEP][PASSED] - verifyElementPresent(findTestObject("Login/li_Profile"), 0): Object 'Object Repository/Login/li_Profile' is present

2023-10-05 08:30:12 - [MESSAGE][WARNING] - Timeout '0' is invalid. Using default page load timeout: '30'

2023-10-05 08:30:13 - [MESSAGE][PASSED] - Object 'Object Repository/Login/li_Profile' is present

2023-10-05 08:30:13 - [MESSAGE][PASSED] - Call Test Case 'Test Cases/T13 Pembelian, Shipment dan Pembayaran/LU-001' successfully

2023-10-05 08:30:13 - [TEST_STEP][PASSED] - mouseOver(findTestObject("beli barang/i_Mulai Belanja_icon-menu")): Object: 'Object Repository/beli barang/i_Mulai Belanja_icon-menu' is hovered

2023-10-05 08:30:13 - [MESSAGE][PASSED] - Object: 'Object Repository/beli barang/i_Mulai Belanja_icon-menu' is hovered

2023-10-05 08:30:13 - [TEST_STEP][PASSED] - click(findTestObject("beli barang/a_Fashion  Busana Wanita")): Object: 'Object Repository/beli barang/a_Fashion  Busana Wanita' is clicked on

2023-10-05 08:30:14 - [MESSAGE][PASSED] - Object: 'Object Repository/beli barang/a_Fashion  Busana Wanita' is clicked on

2023-10-05 08:30:14 - [TEST_STEP][PASSED] - NamaSebelum = getText(findTestObject("verifikasi/Nama sebelum")): Text of object 'Object Repository/verifikasi/Nama sebelum' is: ''

2023-10-05 08:30:15 - [MESSAGE][PASSED] - Text of object 'Object Repository/verifikasi/Nama sebelum' is: ''

2023-10-05 08:30:15 - [TEST_STEP][PASSED] - HargaSebelum = getText(findTestObject("verifikasi/Harga sebelum")): Text of object 'Object Repository/verifikasi/Harga sebelum' is: 'Rp 1,299'

2023-10-05 08:30:15 - [MESSAGE][PASSED] - Text of object 'Object Repository/verifikasi/Harga sebelum' is: 'Rp 1,299'

2023-10-05 08:30:15 - [TEST_STEP][PASSED] - mouseOver(findTestObject("beli barang/barang mouse over")): Object: 'Object Repository/beli barang/barang mouse over' is hovered

2023-10-05 08:30:16 - [MESSAGE][PASSED] - Object: 'Object Repository/beli barang/barang mouse over' is hovered

2023-10-05 08:30:16 - [TEST_STEP][PASSED] - click(findTestObject("beli barang/buttom add to cart")): Object: 'Object Repository/beli barang/buttom add to cart' is clicked on

2023-10-05 08:30:18 - [MESSAGE][PASSED] - Object: 'Object Repository/beli barang/buttom add to cart' is clicked on

2023-10-05 08:30:18 - [TEST_STEP][PASSED] - NamaSesudah = getText(findTestObject("verifikasi/Nama sesudah")): Text of object 'Object Repository/verifikasi/Nama sesudah' is: 'Segitiga Instan Madeira - MDB5.3 Sunset'

2023-10-05 08:30:18 - [MESSAGE][PASSED] - Text of object 'Object Repository/verifikasi/Nama sesudah' is: 'Segitiga Instan Madeira - MDB5.3 Sunset'

2023-10-05 08:30:18 - [TEST_STEP][PASSED] - HargaSesudah = getText(findTestObject("verifikasi/Harga sesudah")): Text of object 'Object Repository/verifikasi/Harga sesudah' is: 'Rp 1,299'

2023-10-05 08:30:19 - [MESSAGE][PASSED] - Text of object 'Object Repository/verifikasi/Harga sesudah' is: 'Rp 1,299'

2023-10-05 08:30:19 - [TEST_STEP][PASSED] - assert NamaSesudah.contains(NamaSebelum): null

2023-10-05 08:30:19 - [TEST_STEP][PASSED] - assert HargaSesudah.contains(HargaSebelum): null

2023-10-05 08:30:19 - [TEST_STEP][PASSED] - click(findTestObject("beli barang/Tambah Keranjang busana wanita")): Object: 'Object Repository/beli barang/Tambah Keranjang busana wanita' is clicked on

2023-10-05 08:30:19 - [MESSAGE][PASSED] - Object: 'Object Repository/beli barang/Tambah Keranjang busana wanita' is clicked on

2023-10-05 08:30:19 - [TEST_STEP][PASSED] - verifyElementPresent(findTestObject("checkout/Notifikasi keranjang"), 1): Object 'Object Repository/checkout/Notifikasi keranjang' is present

2023-10-05 08:30:20 - [MESSAGE][PASSED] - Object 'Object Repository/checkout/Notifikasi keranjang' is present

2023-10-05 08:30:20 - [TEST_STEP][PASSED] - data = new java.util.HashMap(): null

2023-10-05 08:30:20 - [TEST_STEP][PASSED] - data.put("nama_barang", NamaSesudah): null

2023-10-05 08:30:20 - [TEST_STEP][PASSED] - data.put("price_barang", HargaSesudah): null

2023-10-05 08:30:20 - [TEST_STEP][PASSED] - return data: null

2023-10-05 08:30:20 - [MESSAGE][PASSED] - Call Test Case 'Test Cases/T13 Pembelian, Shipment dan Pembayaran/PBL-001' successfully

2023-10-05 08:30:20 - [TEST_STEP][PASSED] - mouseOver(findTestObject("beli barang/keranjang")): Object: 'Object Repository/beli barang/keranjang' is hovered

2023-10-05 08:30:21 - [MESSAGE][PASSED] - Object: 'Object Repository/beli barang/keranjang' is hovered

2023-10-05 08:30:21 - [TEST_STEP][PASSED] - click(findTestObject("beli barang/Lihat Sekarang")): Object: 'Object Repository/beli barang/Lihat Sekarang' is clicked on

2023-10-05 08:30:22 - [MESSAGE][PASSED] - Object: 'Object Repository/beli barang/Lihat Sekarang' is clicked on

2023-10-05 08:30:22 - [TEST_STEP][PASSED] - verifyElementPresent(findTestObject("keranjang/li_Keranjang Belanja"), 0): Object 'Object Repository/keranjang/li_Keranjang Belanja' is present

2023-10-05 08:30:22 - [MESSAGE][WARNING] - Timeout '0' is invalid. Using default page load timeout: '30'

2023-10-05 08:30:23 - [MESSAGE][PASSED] - Object 'Object Repository/keranjang/li_Keranjang Belanja' is present

2023-10-05 08:30:23 - [TEST_STEP][PASSED] - NamaKeranjang = getText(findTestObject("verifikasi/Nama keranjang")): Text of object 'Object Repository/verifikasi/Nama keranjang' is: 'Segitiga Instan Madeira - MDB5.3 Sunset'

2023-10-05 08:30:24 - [MESSAGE][PASSED] - Text of object 'Object Repository/verifikasi/Nama keranjang' is: 'Segitiga Instan Madeira - MDB5.3 Sunset'

2023-10-05 08:30:24 - [TEST_STEP][PASSED] - HargaKeranjang = getText(findTestObject("verifikasi/Harga Keranjang")): Text of object 'Object Repository/verifikasi/Harga Keranjang' is: 'Rp 1,299'

2023-10-05 08:30:24 - [MESSAGE][PASSED] - Text of object 'Object Repository/verifikasi/Harga Keranjang' is: 'Rp 1,299'

2023-10-05 08:30:24 - [TEST_STEP][PASSED] - if (toString().equalsIgnoreCase("Merah")): Object 'Object Repository/keranjang/input_Warna_variasi101' is checked

2023-10-05 08:30:24 - [TEST_STEP][PASSED] - check(findTestObject("Object Repository/keranjang/input_Warna_variasi101")): Object 'Object Repository/keranjang/input_Warna_variasi101' is checked

2023-10-05 08:30:24 - [MESSAGE][PASSED] - Object 'Object Repository/keranjang/input_Warna_variasi101' is checked

2023-10-05 08:30:24 - [TEST_STEP][PASSED] - if (toString().equalsIgnoreCase("Menengah")): Object 'Object Repository/keranjang/input_Ukuran_variasi201' is checked

2023-10-05 08:30:24 - [TEST_STEP][PASSED] - check(findTestObject("Object Repository/keranjang/input_Ukuran_variasi201")): Object 'Object Repository/keranjang/input_Ukuran_variasi201' is checked

2023-10-05 08:30:25 - [MESSAGE][PASSED] - Object 'Object Repository/keranjang/input_Ukuran_variasi201' is checked

2023-10-05 08:30:25 - [TEST_STEP][PASSED] - data.put("Warna", warna): null

2023-10-05 08:30:25 - [TEST_STEP][PASSED] - data.put("Ukuran", ukuran): null

2023-10-05 08:30:25 - [TEST_STEP][PASSED] - click(findTestObject("keranjang/button_Lanjut ke Pembayaran")): Object: 'Object Repository/keranjang/button_Lanjut ke Pembayaran' is clicked on

2023-10-05 08:30:26 - [MESSAGE][PASSED] - Object: 'Object Repository/keranjang/button_Lanjut ke Pembayaran' is clicked on

2023-10-05 08:30:26 - [TEST_STEP][PASSED] - verifyElementPresent(findTestObject("checkout/Tittle Checkout Order"), 0): Object 'Object Repository/checkout/Tittle Checkout Order' is present

2023-10-05 08:30:26 - [MESSAGE][WARNING] - Timeout '0' is invalid. Using default page load timeout: '30'

2023-10-05 08:30:27 - [MESSAGE][PASSED] - Object 'Object Repository/checkout/Tittle Checkout Order' is present

2023-10-05 08:30:27 - [TEST_STEP][PASSED] - name_product = data.get("nama_barang"): null

2023-10-05 08:30:27 - [TEST_STEP][PASSED] - price_product = data.get("price_barang"): null

2023-10-05 08:30:27 - [TEST_STEP][PASSED] - assert name_product == NamaKeranjang: null

2023-10-05 08:30:27 - [TEST_STEP][PASSED] - assert price_product == HargaKeranjang: null

2023-10-05 08:30:27 - [TEST_STEP][PASSED] - return data: null

2023-10-05 08:30:27 - [MESSAGE][PASSED] - Call Test Case 'Test Cases/T13 Pembelian, Shipment dan Pembayaran/PBL-002' successfully

2023-10-05 08:30:27 - [TEST_STEP][PASSED] - warnaa = getText(findTestObject("verifikasi/warna Merah")): Text of object 'Object Repository/verifikasi/warna Merah' is: 'Merah'

2023-10-05 08:30:27 - [MESSAGE][PASSED] - Text of object 'Object Repository/verifikasi/warna Merah' is: 'Merah'

2023-10-05 08:30:27 - [TEST_STEP][PASSED] - ukurann = getText(findTestObject("verifikasi/Ukuran Menengah")): Text of object 'Object Repository/verifikasi/Ukuran Menengah' is: 'Menengah'

2023-10-05 08:30:28 - [MESSAGE][PASSED] - Text of object 'Object Repository/verifikasi/Ukuran Menengah' is: 'Menengah'

2023-10-05 08:30:28 - [TEST_STEP][PASSED] - warna1 = data.get("Warna"): null

2023-10-05 08:30:28 - [TEST_STEP][PASSED] - ukuran1 = data.get("Ukuran"): null

2023-10-05 08:30:28 - [TEST_STEP][PASSED] - assert warnaa == warna1: null

2023-10-05 08:30:28 - [TEST_STEP][PASSED] - assert ukurann == ukuran1: null

2023-10-05 08:30:28 - [TEST_STEP][PASSED] - NamaCheckout = getText(findTestObject("verifikasi/NamaCheckout")): Text of object 'Object Repository/verifikasi/NamaCheckout' is: ''

2023-10-05 08:30:28 - [MESSAGE][PASSED] - Text of object 'Object Repository/verifikasi/NamaCheckout' is: ''

2023-10-05 08:30:28 - [TEST_STEP][PASSED] - HargaCheckout = getText(findTestObject("verifikasi/HargaCheckout")): Text of object 'Object Repository/verifikasi/HargaCheckout' is: '1,299'

2023-10-05 08:30:29 - [MESSAGE][PASSED] - Text of object 'Object Repository/verifikasi/HargaCheckout' is: '1,299'

2023-10-05 08:30:29 - [TEST_STEP][PASSED] - name_product = data.get("nama_barang"): null

2023-10-05 08:30:29 - [TEST_STEP][PASSED] - price_product = data.get("price_barang"): null

2023-10-05 08:30:29 - [TEST_STEP][PASSED] - assert name_product.contains(NamaCheckout): null

2023-10-05 08:30:29 - [TEST_STEP][PASSED] - assert price_product.contains(HargaCheckout): null

2023-10-05 08:30:29 - [TEST_STEP][PASSED] - selectOptionByLabel(findTestObject("checkout/select - Kirim via Kurir Lokal"), Kurir, false): All options with label 'Roda 2' are selected in object 'Object Repository/checkout/select - Kirim via Kurir Lokal' 

2023-10-05 08:30:29 - [MESSAGE][PASSED] - All options with label 'Roda 2' are selected in object 'Object Repository/checkout/select - Kirim via Kurir Lokal' 

2023-10-05 08:30:29 - [TEST_STEP][PASSED] - click(findTestObject("checkout/Kendaraan Kurir")): Object: 'Object Repository/checkout/Kendaraan Kurir' is clicked on

2023-10-05 08:30:30 - [MESSAGE][PASSED] - Object: 'Object Repository/checkout/Kendaraan Kurir' is clicked on

2023-10-05 08:30:30 - [TEST_STEP][PASSED] - OngkosKirim = getText(findTestObject("Object Repository/verifikasi/Ongkos Kirim checkout")): Text of object 'Object Repository/verifikasi/Ongkos Kirim checkout' is: 'Rp. 5,000'

2023-10-05 08:30:31 - [MESSAGE][PASSED] - Text of object 'Object Repository/verifikasi/Ongkos Kirim checkout' is: 'Rp. 5,000'

2023-10-05 08:30:31 - [TEST_STEP][PASSED] - Ongkos = OngkosKirim.substring(3, OngkosKirim.size()): null

2023-10-05 08:30:31 - [TEST_STEP][PASSED] - rep = Ongkos.replace(",", "."): null

2023-10-05 08:30:31 - [TEST_STEP][PASSED] - Ongkos_kirim = Double.parseDouble(rep): null

2023-10-05 08:30:31 - [TEST_STEP][PASSED] - println(Ongkos_kirim): null

2023-10-05 08:30:31 - [TEST_STEP][PASSED] - FeeAdmin = getText(findTestObject("verifikasi/Fee Admin checkout")): Text of object 'Object Repository/verifikasi/Fee Admin checkout' is: 'Fee Admin
Rp 1,500'

2023-10-05 08:30:31 - [MESSAGE][PASSED] - Text of object 'Object Repository/verifikasi/Fee Admin checkout' is: 'Fee Admin
Rp 1,500'

2023-10-05 08:30:31 - [TEST_STEP][PASSED] - Fee_Admin = FeeAdmin.substring(12, FeeAdmin.size()): null

2023-10-05 08:30:31 - [TEST_STEP][PASSED] - fee = Fee_Admin.replace(",", "."): null

2023-10-05 08:30:31 - [TEST_STEP][PASSED] - fee_admin = Double.parseDouble(fee): null

2023-10-05 08:30:31 - [TEST_STEP][PASSED] - println(fee_admin): null

2023-10-05 08:30:31 - [TEST_STEP][PASSED] - Subtotal = getText(findTestObject("verifikasi/subtotal checkout")): Text of object 'Object Repository/verifikasi/subtotal checkout' is: 'Subtotal
Rp 1,299'

2023-10-05 08:30:32 - [MESSAGE][PASSED] - Text of object 'Object Repository/verifikasi/subtotal checkout' is: 'Subtotal
Rp 1,299'

2023-10-05 08:30:32 - [TEST_STEP][PASSED] - sub_total = Subtotal.substring(12, Subtotal.size()): null

2023-10-05 08:30:32 - [TEST_STEP][PASSED] - sub = sub_total.replace(",", "."): null

2023-10-05 08:30:32 - [TEST_STEP][PASSED] - sub_total = Double.parseDouble(sub): null

2023-10-05 08:30:32 - [TEST_STEP][PASSED] - println(sub_total): null

2023-10-05 08:30:32 - [TEST_STEP][PASSED] - Total = getText(findTestObject("verifikasi/Total checkout")): Text of object 'Object Repository/verifikasi/Total checkout' is: 'Rp 7,799'

2023-10-05 08:30:32 - [MESSAGE][PASSED] - Text of object 'Object Repository/verifikasi/Total checkout' is: 'Rp 7,799'

2023-10-05 08:30:32 - [TEST_STEP][PASSED] - totall = Total.substring(3, Total.size()): null

2023-10-05 08:30:32 - [TEST_STEP][PASSED] - total = totall.replace(",", "."): null

2023-10-05 08:30:32 - [TEST_STEP][PASSED] - totall = Double.parseDouble(total): null

2023-10-05 08:30:32 - [TEST_STEP][PASSED] - println(totall): null

2023-10-05 08:30:32 - [TEST_STEP][PASSED] - Total_Harga = Ongkos_kirim + fee_admin + sub_total: null

2023-10-05 08:30:32 - [TEST_STEP][PASSED] - println(Total_Harga): null

2023-10-05 08:30:32 - [TEST_STEP][PASSED] - TotalHarga = Math.round(Total_Harga * 1000) / 1000: null

2023-10-05 08:30:32 - [TEST_STEP][PASSED] - println(TotalHarga): null

2023-10-05 08:30:32 - [TEST_STEP][PASSED] - assert totall == TotalHarga: null

2023-10-05 08:30:32 - [TEST_STEP][PASSED] - click(findTestObject("Object Repository/checkout/metode pembayaran")): Object: 'Object Repository/checkout/metode pembayaran' is clicked on

2023-10-05 08:30:33 - [MESSAGE][PASSED] - Object: 'Object Repository/checkout/metode pembayaran' is clicked on

2023-10-05 08:30:33 - [TEST_STEP][PASSED] - click(findTestObject("checkout/button_Proses Pembayaran")): Object: 'Object Repository/checkout/button_Proses Pembayaran' is clicked on

2023-10-05 08:30:42 - [MESSAGE][PASSED] - Object: 'Object Repository/checkout/button_Proses Pembayaran' is clicked on

2023-10-05 08:30:42 - [TEST_STEP][PASSED] - verifyElementPresent(findTestObject("pembayaran/Tittle nomor invoice"), 0): Object 'Object Repository/pembayaran/Tittle nomor invoice' is present

2023-10-05 08:30:42 - [MESSAGE][WARNING] - Timeout '0' is invalid. Using default page load timeout: '30'

2023-10-05 08:30:42 - [MESSAGE][PASSED] - Object 'Object Repository/pembayaran/Tittle nomor invoice' is present

2023-10-05 08:30:42 - [TEST_STEP][PASSED] - return data: null]]></system-out>
         <system-err><![CDATA[]]></system-err>
      </testcase>
      <testcase name="Test Cases/T13 Pembelian, Shipment dan Pembayaran/PBL-006" time="32.985" classname="Test Cases/T13 Pembelian, Shipment dan Pembayaran/PBL-006" status="PASSED">
         <system-out><![CDATA[2023-10-05 08:30:42 - [TEST_CASE][PASSED] - Test Cases/T13 Pembelian, Shipment dan Pembayaran/PBL-006: Test Cases/T13 Pembelian, Shipment dan Pembayaran/PBL-006

2023-10-05 08:30:43 - [TEST_STEP][PASSED] - data = callTestCase(findTestCase("T13 Pembelian, Shipment dan Pembayaran/PBL-002"), [:], STOP_ON_FAILURE): Call Test Case 'Test Cases/T13 Pembelian, Shipment dan Pembayaran/PBL-002' successfully

2023-10-05 08:30:43 - [TEST_CASE][PASSED] - Test Cases/T13 Pembelian, Shipment dan Pembayaran/PBL-002: Test Cases/T13 Pembelian, Shipment dan Pembayaran/PBL-002

2023-10-05 08:30:43 - [TEST_STEP][PASSED] - data = callTestCase(findTestCase("T13 Pembelian, Shipment dan Pembayaran/PBL-001"), [:], STOP_ON_FAILURE): Call Test Case 'Test Cases/T13 Pembelian, Shipment dan Pembayaran/PBL-001' successfully

2023-10-05 08:30:43 - [TEST_CASE][PASSED] - Test Cases/T13 Pembelian, Shipment dan Pembayaran/PBL-001: Test Cases/T13 Pembelian, Shipment dan Pembayaran/PBL-001

2023-10-05 08:30:43 - [TEST_STEP][PASSED] - callTestCase(findTestCase("T13 Pembelian, Shipment dan Pembayaran/LU-001"), ["username":"irfanafandi", "password":"12345irfan"], STOP_ON_FAILURE): Call Test Case 'Test Cases/T13 Pembelian, Shipment dan Pembayaran/LU-001' successfully

2023-10-05 08:30:43 - [TEST_CASE][PASSED] - Test Cases/T13 Pembelian, Shipment dan Pembayaran/LU-001: Test Cases/T13 Pembelian, Shipment dan Pembayaran/LU-001

2023-10-05 08:30:43 - [TEST_STEP][PASSED] - openBrowser("https://10.9.2.63/ecommerce/"): Browser is opened with url: 'https://10.9.2.63/ecommerce/'

2023-10-05 08:30:43 - [MESSAGE][WARNING] - A browser is already opened. Closing browser and opening a new one

2023-10-05 08:30:44 - [MESSAGE][INFO] - Starting 'Edge Chromium' driver

2023-10-05 08:30:44 - [MESSAGE][INFO] - User set preference: ['acceptInsecureCerts', 'true']

2023-10-05 08:30:45 - [MESSAGE][INFO] - Action delay is set to 0 milliseconds

2023-10-05 08:30:48 - [MESSAGE][PASSED] - Browser is opened with url: 'https://10.9.2.63/ecommerce/'

2023-10-05 08:30:48 - [TEST_STEP][PASSED] - maximizeWindow(): Current window maximized

2023-10-05 08:30:48 - [MESSAGE][PASSED] - Current window maximized

2023-10-05 08:30:48 - [TEST_STEP][PASSED] - verifyElementPresent(findTestObject("Login/Home"), 0): Object 'Object Repository/Login/Home' is present

2023-10-05 08:30:48 - [MESSAGE][WARNING] - Timeout '0' is invalid. Using default page load timeout: '30'

2023-10-05 08:30:49 - [MESSAGE][PASSED] - Object 'Object Repository/Login/Home' is present

2023-10-05 08:30:49 - [TEST_STEP][PASSED] - click(findTestObject("Login/a_Login")): Object: 'Object Repository/Login/a_Login' is clicked on

2023-10-05 08:30:49 - [MESSAGE][PASSED] - Object: 'Object Repository/Login/a_Login' is clicked on

2023-10-05 08:30:49 - [TEST_STEP][PASSED] - verifyElementPresent(findTestObject("Login/Tittle Login"), 0): Object 'Object Repository/Login/Tittle Login' is present

2023-10-05 08:30:49 - [MESSAGE][WARNING] - Timeout '0' is invalid. Using default page load timeout: '30'

2023-10-05 08:30:50 - [MESSAGE][PASSED] - Object 'Object Repository/Login/Tittle Login' is present

2023-10-05 08:30:50 - [TEST_STEP][PASSED] - setText(findTestObject("Login/input_Username, Email atau No. Handphone_a"), username): Text 'irfanafandi' is set on object 'Object Repository/Login/input_Username, Email atau No. Handphone_a'

2023-10-05 08:30:51 - [MESSAGE][PASSED] - Text 'irfanafandi' is set on object 'Object Repository/Login/input_Username, Email atau No. Handphone_a'

2023-10-05 08:30:51 - [TEST_STEP][PASSED] - setText(findTestObject("Login/input_Password_b"), password): Text '12345irfan' is set on object 'Object Repository/Login/input_Password_b'

2023-10-05 08:30:52 - [MESSAGE][PASSED] - Text '12345irfan' is set on object 'Object Repository/Login/input_Password_b'

2023-10-05 08:30:52 - [TEST_STEP][PASSED] - click(findTestObject("Login/label_Ingat saya")): Object: 'Object Repository/Login/label_Ingat saya' is clicked on

2023-10-05 08:30:52 - [MESSAGE][PASSED] - Object: 'Object Repository/Login/label_Ingat saya' is clicked on

2023-10-05 08:30:52 - [TEST_STEP][PASSED] - click(findTestObject("Login/button_Masuk")): Object: 'Object Repository/Login/button_Masuk' is clicked on

2023-10-05 08:30:54 - [MESSAGE][PASSED] - Object: 'Object Repository/Login/button_Masuk' is clicked on

2023-10-05 08:30:54 - [TEST_STEP][PASSED] - verifyElementPresent(findTestObject("Login/li_Profile"), 0): Object 'Object Repository/Login/li_Profile' is present

2023-10-05 08:30:54 - [MESSAGE][WARNING] - Timeout '0' is invalid. Using default page load timeout: '30'

2023-10-05 08:30:54 - [MESSAGE][PASSED] - Object 'Object Repository/Login/li_Profile' is present

2023-10-05 08:30:54 - [MESSAGE][PASSED] - Call Test Case 'Test Cases/T13 Pembelian, Shipment dan Pembayaran/LU-001' successfully

2023-10-05 08:30:54 - [TEST_STEP][PASSED] - mouseOver(findTestObject("beli barang/i_Mulai Belanja_icon-menu")): Object: 'Object Repository/beli barang/i_Mulai Belanja_icon-menu' is hovered

2023-10-05 08:30:55 - [MESSAGE][PASSED] - Object: 'Object Repository/beli barang/i_Mulai Belanja_icon-menu' is hovered

2023-10-05 08:30:55 - [TEST_STEP][PASSED] - click(findTestObject("beli barang/a_Fashion  Busana Wanita")): Object: 'Object Repository/beli barang/a_Fashion  Busana Wanita' is clicked on

2023-10-05 08:30:56 - [MESSAGE][PASSED] - Object: 'Object Repository/beli barang/a_Fashion  Busana Wanita' is clicked on

2023-10-05 08:30:56 - [TEST_STEP][PASSED] - NamaSebelum = getText(findTestObject("verifikasi/Nama sebelum")): Text of object 'Object Repository/verifikasi/Nama sebelum' is: ''

2023-10-05 08:30:57 - [MESSAGE][PASSED] - Text of object 'Object Repository/verifikasi/Nama sebelum' is: ''

2023-10-05 08:30:57 - [TEST_STEP][PASSED] - HargaSebelum = getText(findTestObject("verifikasi/Harga sebelum")): Text of object 'Object Repository/verifikasi/Harga sebelum' is: 'Rp 1,299'

2023-10-05 08:30:57 - [MESSAGE][PASSED] - Text of object 'Object Repository/verifikasi/Harga sebelum' is: 'Rp 1,299'

2023-10-05 08:30:57 - [TEST_STEP][PASSED] - mouseOver(findTestObject("beli barang/barang mouse over")): Object: 'Object Repository/beli barang/barang mouse over' is hovered

2023-10-05 08:30:58 - [MESSAGE][PASSED] - Object: 'Object Repository/beli barang/barang mouse over' is hovered

2023-10-05 08:30:58 - [TEST_STEP][PASSED] - click(findTestObject("beli barang/buttom add to cart")): Object: 'Object Repository/beli barang/buttom add to cart' is clicked on

2023-10-05 08:30:59 - [MESSAGE][PASSED] - Object: 'Object Repository/beli barang/buttom add to cart' is clicked on

2023-10-05 08:30:59 - [TEST_STEP][PASSED] - NamaSesudah = getText(findTestObject("verifikasi/Nama sesudah")): Text of object 'Object Repository/verifikasi/Nama sesudah' is: 'Segitiga Instan Madeira - MDB5.3 Sunset'

2023-10-05 08:31:00 - [MESSAGE][PASSED] - Text of object 'Object Repository/verifikasi/Nama sesudah' is: 'Segitiga Instan Madeira - MDB5.3 Sunset'

2023-10-05 08:31:00 - [TEST_STEP][PASSED] - HargaSesudah = getText(findTestObject("verifikasi/Harga sesudah")): Text of object 'Object Repository/verifikasi/Harga sesudah' is: 'Rp 1,299'

2023-10-05 08:31:00 - [MESSAGE][PASSED] - Text of object 'Object Repository/verifikasi/Harga sesudah' is: 'Rp 1,299'

2023-10-05 08:31:00 - [TEST_STEP][PASSED] - assert NamaSesudah.contains(NamaSebelum): null

2023-10-05 08:31:00 - [TEST_STEP][PASSED] - assert HargaSesudah.contains(HargaSebelum): null

2023-10-05 08:31:00 - [TEST_STEP][PASSED] - click(findTestObject("beli barang/Tambah Keranjang busana wanita")): Object: 'Object Repository/beli barang/Tambah Keranjang busana wanita' is clicked on

2023-10-05 08:31:01 - [MESSAGE][PASSED] - Object: 'Object Repository/beli barang/Tambah Keranjang busana wanita' is clicked on

2023-10-05 08:31:01 - [TEST_STEP][PASSED] - verifyElementPresent(findTestObject("checkout/Notifikasi keranjang"), 1): Object 'Object Repository/checkout/Notifikasi keranjang' is present

2023-10-05 08:31:02 - [MESSAGE][PASSED] - Object 'Object Repository/checkout/Notifikasi keranjang' is present

2023-10-05 08:31:02 - [TEST_STEP][PASSED] - data = new java.util.HashMap(): null

2023-10-05 08:31:02 - [TEST_STEP][PASSED] - data.put("nama_barang", NamaSesudah): null

2023-10-05 08:31:02 - [TEST_STEP][PASSED] - data.put("price_barang", HargaSesudah): null

2023-10-05 08:31:02 - [TEST_STEP][PASSED] - return data: null

2023-10-05 08:31:02 - [MESSAGE][PASSED] - Call Test Case 'Test Cases/T13 Pembelian, Shipment dan Pembayaran/PBL-001' successfully

2023-10-05 08:31:02 - [TEST_STEP][PASSED] - mouseOver(findTestObject("beli barang/keranjang")): Object: 'Object Repository/beli barang/keranjang' is hovered

2023-10-05 08:31:02 - [MESSAGE][PASSED] - Object: 'Object Repository/beli barang/keranjang' is hovered

2023-10-05 08:31:02 - [TEST_STEP][PASSED] - click(findTestObject("beli barang/Lihat Sekarang")): Object: 'Object Repository/beli barang/Lihat Sekarang' is clicked on

2023-10-05 08:31:03 - [MESSAGE][PASSED] - Object: 'Object Repository/beli barang/Lihat Sekarang' is clicked on

2023-10-05 08:31:03 - [TEST_STEP][PASSED] - verifyElementPresent(findTestObject("keranjang/li_Keranjang Belanja"), 0): Object 'Object Repository/keranjang/li_Keranjang Belanja' is present

2023-10-05 08:31:03 - [MESSAGE][WARNING] - Timeout '0' is invalid. Using default page load timeout: '30'

2023-10-05 08:31:05 - [MESSAGE][PASSED] - Object 'Object Repository/keranjang/li_Keranjang Belanja' is present

2023-10-05 08:31:05 - [TEST_STEP][PASSED] - NamaKeranjang = getText(findTestObject("verifikasi/Nama keranjang")): Text of object 'Object Repository/verifikasi/Nama keranjang' is: 'Segitiga Instan Madeira - MDB5.3 Sunset'

2023-10-05 08:31:05 - [MESSAGE][PASSED] - Text of object 'Object Repository/verifikasi/Nama keranjang' is: 'Segitiga Instan Madeira - MDB5.3 Sunset'

2023-10-05 08:31:05 - [TEST_STEP][PASSED] - HargaKeranjang = getText(findTestObject("verifikasi/Harga Keranjang")): Text of object 'Object Repository/verifikasi/Harga Keranjang' is: 'Rp 1,299'

2023-10-05 08:31:05 - [MESSAGE][PASSED] - Text of object 'Object Repository/verifikasi/Harga Keranjang' is: 'Rp 1,299'

2023-10-05 08:31:05 - [TEST_STEP][PASSED] - if (toString().equalsIgnoreCase("Merah")): Object 'Object Repository/keranjang/input_Warna_variasi101' is checked

2023-10-05 08:31:05 - [TEST_STEP][PASSED] - check(findTestObject("Object Repository/keranjang/input_Warna_variasi101")): Object 'Object Repository/keranjang/input_Warna_variasi101' is checked

2023-10-05 08:31:06 - [MESSAGE][PASSED] - Object 'Object Repository/keranjang/input_Warna_variasi101' is checked

2023-10-05 08:31:06 - [TEST_STEP][PASSED] - if (toString().equalsIgnoreCase("Menengah")): Object 'Object Repository/keranjang/input_Ukuran_variasi201' is checked

2023-10-05 08:31:06 - [TEST_STEP][PASSED] - check(findTestObject("Object Repository/keranjang/input_Ukuran_variasi201")): Object 'Object Repository/keranjang/input_Ukuran_variasi201' is checked

2023-10-05 08:31:06 - [MESSAGE][PASSED] - Object 'Object Repository/keranjang/input_Ukuran_variasi201' is checked

2023-10-05 08:31:06 - [TEST_STEP][PASSED] - data.put("Warna", warna): null

2023-10-05 08:31:06 - [TEST_STEP][PASSED] - data.put("Ukuran", ukuran): null

2023-10-05 08:31:06 - [TEST_STEP][PASSED] - click(findTestObject("keranjang/button_Lanjut ke Pembayaran")): Object: 'Object Repository/keranjang/button_Lanjut ke Pembayaran' is clicked on

2023-10-05 08:31:08 - [MESSAGE][PASSED] - Object: 'Object Repository/keranjang/button_Lanjut ke Pembayaran' is clicked on

2023-10-05 08:31:08 - [TEST_STEP][PASSED] - verifyElementPresent(findTestObject("checkout/Tittle Checkout Order"), 0): Object 'Object Repository/checkout/Tittle Checkout Order' is present

2023-10-05 08:31:08 - [MESSAGE][WARNING] - Timeout '0' is invalid. Using default page load timeout: '30'

2023-10-05 08:31:09 - [MESSAGE][PASSED] - Object 'Object Repository/checkout/Tittle Checkout Order' is present

2023-10-05 08:31:09 - [TEST_STEP][PASSED] - name_product = data.get("nama_barang"): null

2023-10-05 08:31:09 - [TEST_STEP][PASSED] - price_product = data.get("price_barang"): null

2023-10-05 08:31:09 - [TEST_STEP][PASSED] - assert name_product == NamaKeranjang: null

2023-10-05 08:31:09 - [TEST_STEP][PASSED] - assert price_product == HargaKeranjang: null

2023-10-05 08:31:09 - [TEST_STEP][PASSED] - return data: null

2023-10-05 08:31:09 - [MESSAGE][PASSED] - Call Test Case 'Test Cases/T13 Pembelian, Shipment dan Pembayaran/PBL-002' successfully

2023-10-05 08:31:09 - [TEST_STEP][PASSED] - clearText(findTestObject("checkout/input_Alamat Kirim")): Text of object 'Object Repository/checkout/input_Alamat Kirim' is cleared

2023-10-05 08:31:09 - [MESSAGE][PASSED] - Text of object 'Object Repository/checkout/input_Alamat Kirim' is cleared

2023-10-05 08:31:09 - [TEST_STEP][PASSED] - warnaa = getText(findTestObject("verifikasi/warna Merah")): Text of object 'Object Repository/verifikasi/warna Merah' is: 'Merah'

2023-10-05 08:31:09 - [MESSAGE][PASSED] - Text of object 'Object Repository/verifikasi/warna Merah' is: 'Merah'

2023-10-05 08:31:09 - [TEST_STEP][PASSED] - ukurann = getText(findTestObject("verifikasi/Ukuran Menengah")): Text of object 'Object Repository/verifikasi/Ukuran Menengah' is: 'Menengah'

2023-10-05 08:31:10 - [MESSAGE][PASSED] - Text of object 'Object Repository/verifikasi/Ukuran Menengah' is: 'Menengah'

2023-10-05 08:31:10 - [TEST_STEP][PASSED] - warna1 = data.get("Warna"): null

2023-10-05 08:31:10 - [TEST_STEP][PASSED] - ukuran1 = data.get("Ukuran"): null

2023-10-05 08:31:10 - [TEST_STEP][PASSED] - assert warnaa == warna1: null

2023-10-05 08:31:10 - [TEST_STEP][PASSED] - assert ukurann == ukuran1: null

2023-10-05 08:31:10 - [TEST_STEP][PASSED] - NamaCheckout = getText(findTestObject("verifikasi/NamaCheckout")): Text of object 'Object Repository/verifikasi/NamaCheckout' is: ''

2023-10-05 08:31:10 - [MESSAGE][PASSED] - Text of object 'Object Repository/verifikasi/NamaCheckout' is: ''

2023-10-05 08:31:10 - [TEST_STEP][PASSED] - HargaCheckout = getText(findTestObject("verifikasi/HargaCheckout")): Text of object 'Object Repository/verifikasi/HargaCheckout' is: '1,299'

2023-10-05 08:31:11 - [MESSAGE][PASSED] - Text of object 'Object Repository/verifikasi/HargaCheckout' is: '1,299'

2023-10-05 08:31:11 - [TEST_STEP][PASSED] - name_product = data.get("nama_barang"): null

2023-10-05 08:31:11 - [TEST_STEP][PASSED] - price_product = data.get("price_barang"): null

2023-10-05 08:31:11 - [TEST_STEP][PASSED] - assert name_product.contains(NamaCheckout): null

2023-10-05 08:31:11 - [TEST_STEP][PASSED] - assert price_product.contains(HargaCheckout): null

2023-10-05 08:31:11 - [TEST_STEP][PASSED] - selectOptionByLabel(findTestObject("checkout/select - Kirim via Kurir Lokal"), Kurir, false): All options with label 'Roda 2' are selected in object 'Object Repository/checkout/select - Kirim via Kurir Lokal' 

2023-10-05 08:31:11 - [MESSAGE][PASSED] - All options with label 'Roda 2' are selected in object 'Object Repository/checkout/select - Kirim via Kurir Lokal' 

2023-10-05 08:31:11 - [TEST_STEP][PASSED] - click(findTestObject("checkout/Kendaraan Kurir")): Object: 'Object Repository/checkout/Kendaraan Kurir' is clicked on

2023-10-05 08:31:12 - [MESSAGE][PASSED] - Object: 'Object Repository/checkout/Kendaraan Kurir' is clicked on

2023-10-05 08:31:12 - [TEST_STEP][PASSED] - OngkosKirim = getText(findTestObject("Object Repository/verifikasi/Ongkos Kirim checkout")): Text of object 'Object Repository/verifikasi/Ongkos Kirim checkout' is: 'Rp. 5,000'

2023-10-05 08:31:13 - [MESSAGE][PASSED] - Text of object 'Object Repository/verifikasi/Ongkos Kirim checkout' is: 'Rp. 5,000'

2023-10-05 08:31:13 - [TEST_STEP][PASSED] - Ongkos = OngkosKirim.substring(3, OngkosKirim.size()): null

2023-10-05 08:31:13 - [TEST_STEP][PASSED] - rep = Ongkos.replace(",", "."): null

2023-10-05 08:31:13 - [TEST_STEP][PASSED] - Ongkos_kirim = Double.parseDouble(rep): null

2023-10-05 08:31:13 - [TEST_STEP][PASSED] - println(Ongkos_kirim): null

2023-10-05 08:31:13 - [TEST_STEP][PASSED] - FeeAdmin = getText(findTestObject("verifikasi/Fee Admin checkout")): Text of object 'Object Repository/verifikasi/Fee Admin checkout' is: 'Fee Admin
Rp 1,500'

2023-10-05 08:31:13 - [MESSAGE][PASSED] - Text of object 'Object Repository/verifikasi/Fee Admin checkout' is: 'Fee Admin
Rp 1,500'

2023-10-05 08:31:13 - [TEST_STEP][PASSED] - Fee_Admin = FeeAdmin.substring(12, FeeAdmin.size()): null

2023-10-05 08:31:13 - [TEST_STEP][PASSED] - fee = Fee_Admin.replace(",", "."): null

2023-10-05 08:31:13 - [TEST_STEP][PASSED] - fee_admin = Double.parseDouble(fee): null

2023-10-05 08:31:13 - [TEST_STEP][PASSED] - println(fee_admin): null

2023-10-05 08:31:13 - [TEST_STEP][PASSED] - Subtotal = getText(findTestObject("verifikasi/subtotal checkout")): Text of object 'Object Repository/verifikasi/subtotal checkout' is: 'Subtotal
Rp 1,299'

2023-10-05 08:31:14 - [MESSAGE][PASSED] - Text of object 'Object Repository/verifikasi/subtotal checkout' is: 'Subtotal
Rp 1,299'

2023-10-05 08:31:14 - [TEST_STEP][PASSED] - sub_total = Subtotal.substring(12, Subtotal.size()): null

2023-10-05 08:31:14 - [TEST_STEP][PASSED] - sub = sub_total.replace(",", "."): null

2023-10-05 08:31:14 - [TEST_STEP][PASSED] - sub_total = Double.parseDouble(sub): null

2023-10-05 08:31:14 - [TEST_STEP][PASSED] - println(sub_total): null

2023-10-05 08:31:14 - [TEST_STEP][PASSED] - Total = getText(findTestObject("verifikasi/Total checkout")): Text of object 'Object Repository/verifikasi/Total checkout' is: 'Rp 7,799'

2023-10-05 08:31:14 - [MESSAGE][PASSED] - Text of object 'Object Repository/verifikasi/Total checkout' is: 'Rp 7,799'

2023-10-05 08:31:14 - [TEST_STEP][PASSED] - totall = Total.substring(3, Total.size()): null

2023-10-05 08:31:14 - [TEST_STEP][PASSED] - total = totall.replace(",", "."): null

2023-10-05 08:31:14 - [TEST_STEP][PASSED] - totall = Double.parseDouble(total): null

2023-10-05 08:31:14 - [TEST_STEP][PASSED] - println(totall): null

2023-10-05 08:31:14 - [TEST_STEP][PASSED] - Total_Harga = Ongkos_kirim + fee_admin + sub_total: null

2023-10-05 08:31:14 - [TEST_STEP][PASSED] - println(Total_Harga): null

2023-10-05 08:31:14 - [TEST_STEP][PASSED] - TotalHarga = Math.round(Total_Harga * 1000) / 1000: null

2023-10-05 08:31:14 - [TEST_STEP][PASSED] - println(TotalHarga): null

2023-10-05 08:31:14 - [TEST_STEP][PASSED] - assert totall == TotalHarga: null

2023-10-05 08:31:14 - [TEST_STEP][PASSED] - click(findTestObject("Object Repository/checkout/metode pembayaran")): Object: 'Object Repository/checkout/metode pembayaran' is clicked on

2023-10-05 08:31:15 - [MESSAGE][PASSED] - Object: 'Object Repository/checkout/metode pembayaran' is clicked on

2023-10-05 08:31:15 - [TEST_STEP][PASSED] - click(findTestObject("checkout/button_Proses Pembayaran")): Object: 'Object Repository/checkout/button_Proses Pembayaran' is clicked on

2023-10-05 08:31:15 - [MESSAGE][PASSED] - Object: 'Object Repository/checkout/button_Proses Pembayaran' is clicked on

2023-10-05 08:31:15 - [TEST_STEP][PASSED] - webDriver = getWebDriver(): null

2023-10-05 08:31:15 - [TEST_STEP][PASSED] - field_alamat = webDriver.findElement(By.xpath("//input[@name="alamat"]")): null

2023-10-05 08:31:15 - [TEST_STEP][PASSED] - error_message = webDriver.executeScript("return arguments[0].validationMessage", field_alamat): null

2023-10-05 08:31:15 - [TEST_STEP][PASSED] - println(error_message): null

2023-10-05 08:31:15 - [TEST_STEP][PASSED] - assert error_message == "Please fill out this field.": null

2023-10-05 08:31:15 - [TEST_STEP][PASSED] - return data: null]]></system-out>
         <system-err><![CDATA[]]></system-err>
      </testcase>
      <testcase name="Test Cases/T13 Pembelian, Shipment dan Pembayaran/PBL-007" time="28.497" classname="Test Cases/T13 Pembelian, Shipment dan Pembayaran/PBL-007" status="FAILED">
         <failure type="FAILED" message="Test Cases/T13 Pembelian, Shipment dan Pembayaran/PBL-007 FAILED.
Reason:
Assertion failed: 

assert price_product.contains(HargaCheckout)
       |             |        |
       Rp 1,299      false    2,598

	at PBL-007.run(PBL-007:45)
	at com.kms.katalon.core.main.ScriptEngine.run(ScriptEngine.java:194)
	at com.kms.katalon.core.main.ScriptEngine.runScriptAsRawText(ScriptEngine.java:119)
	at com.kms.katalon.core.main.TestCaseExecutor.runScript(TestCaseExecutor.java:448)
	at com.kms.katalon.core.main.TestCaseExecutor.doExecute(TestCaseExecutor.java:439)
	at com.kms.katalon.core.main.TestCaseExecutor.processExecutionPhase(TestCaseExecutor.java:418)
	at com.kms.katalon.core.main.TestCaseExecutor.accessMainPhase(TestCaseExecutor.java:410)
	at com.kms.katalon.core.main.TestCaseExecutor.execute(TestCaseExecutor.java:285)
	at com.kms.katalon.core.common.CommonExecutor.accessTestCaseMainPhase(CommonExecutor.java:65)
	at com.kms.katalon.core.main.TestSuiteExecutor.accessTestSuiteMainPhase(TestSuiteExecutor.java:148)
	at com.kms.katalon.core.main.TestSuiteExecutor.execute(TestSuiteExecutor.java:106)
	at com.kms.katalon.core.main.TestCaseMain.startTestSuite(TestCaseMain.java:187)
	at com.kms.katalon.core.main.TestCaseMain$startTestSuite$0.call(Unknown Source)
	at TempTestSuite1696469269008.run(TempTestSuite1696469269008.groovy:36)
"/>
         <system-out><![CDATA[2023-10-05 08:31:15 - [TEST_CASE][FAILED] - Test Cases/T13 Pembelian, Shipment dan Pembayaran/PBL-007: Test Cases/T13 Pembelian, Shipment dan Pembayaran/PBL-007 FAILED.
Reason:
Assertion failed: 

assert price_product.contains(HargaCheckout)
       |             |        |
       Rp 1,299      false    2,598

	at PBL-007.run(PBL-007:45)
	at com.kms.katalon.core.main.ScriptEngine.run(ScriptEngine.java:194)
	at com.kms.katalon.core.main.ScriptEngine.runScriptAsRawText(ScriptEngine.java:119)
	at com.kms.katalon.core.main.TestCaseExecutor.runScript(TestCaseExecutor.java:448)
	at com.kms.katalon.core.main.TestCaseExecutor.doExecute(TestCaseExecutor.java:439)
	at com.kms.katalon.core.main.TestCaseExecutor.processExecutionPhase(TestCaseExecutor.java:418)
	at com.kms.katalon.core.main.TestCaseExecutor.accessMainPhase(TestCaseExecutor.java:410)
	at com.kms.katalon.core.main.TestCaseExecutor.execute(TestCaseExecutor.java:285)
	at com.kms.katalon.core.common.CommonExecutor.accessTestCaseMainPhase(CommonExecutor.java:65)
	at com.kms.katalon.core.main.TestSuiteExecutor.accessTestSuiteMainPhase(TestSuiteExecutor.java:148)
	at com.kms.katalon.core.main.TestSuiteExecutor.execute(TestSuiteExecutor.java:106)
	at com.kms.katalon.core.main.TestCaseMain.startTestSuite(TestCaseMain.java:187)
	at com.kms.katalon.core.main.TestCaseMain$startTestSuite$0.call(Unknown Source)
	at TempTestSuite1696469269008.run(TempTestSuite1696469269008.groovy:36)


2023-10-05 08:31:16 - [TEST_STEP][PASSED] - data = callTestCase(findTestCase("T13 Pembelian, Shipment dan Pembayaran/PBL-002"), [:], STOP_ON_FAILURE): Call Test Case 'Test Cases/T13 Pembelian, Shipment dan Pembayaran/PBL-002' successfully

2023-10-05 08:31:16 - [TEST_CASE][PASSED] - Test Cases/T13 Pembelian, Shipment dan Pembayaran/PBL-002: Test Cases/T13 Pembelian, Shipment dan Pembayaran/PBL-002

2023-10-05 08:31:16 - [TEST_STEP][PASSED] - data = callTestCase(findTestCase("T13 Pembelian, Shipment dan Pembayaran/PBL-001"), [:], STOP_ON_FAILURE): Call Test Case 'Test Cases/T13 Pembelian, Shipment dan Pembayaran/PBL-001' successfully

2023-10-05 08:31:16 - [TEST_CASE][PASSED] - Test Cases/T13 Pembelian, Shipment dan Pembayaran/PBL-001: Test Cases/T13 Pembelian, Shipment dan Pembayaran/PBL-001

2023-10-05 08:31:16 - [TEST_STEP][PASSED] - callTestCase(findTestCase("T13 Pembelian, Shipment dan Pembayaran/LU-001"), ["username":"irfanafandi", "password":"12345irfan"], STOP_ON_FAILURE): Call Test Case 'Test Cases/T13 Pembelian, Shipment dan Pembayaran/LU-001' successfully

2023-10-05 08:31:16 - [TEST_CASE][PASSED] - Test Cases/T13 Pembelian, Shipment dan Pembayaran/LU-001: Test Cases/T13 Pembelian, Shipment dan Pembayaran/LU-001

2023-10-05 08:31:16 - [TEST_STEP][PASSED] - openBrowser("https://10.9.2.63/ecommerce/"): Browser is opened with url: 'https://10.9.2.63/ecommerce/'

2023-10-05 08:31:16 - [MESSAGE][WARNING] - A browser is already opened. Closing browser and opening a new one

2023-10-05 08:31:17 - [MESSAGE][INFO] - Starting 'Edge Chromium' driver

2023-10-05 08:31:17 - [MESSAGE][INFO] - User set preference: ['acceptInsecureCerts', 'true']

2023-10-05 08:31:17 - [MESSAGE][INFO] - Action delay is set to 0 milliseconds

2023-10-05 08:31:21 - [MESSAGE][PASSED] - Browser is opened with url: 'https://10.9.2.63/ecommerce/'

2023-10-05 08:31:21 - [TEST_STEP][PASSED] - maximizeWindow(): Current window maximized

2023-10-05 08:31:21 - [MESSAGE][PASSED] - Current window maximized

2023-10-05 08:31:21 - [TEST_STEP][PASSED] - verifyElementPresent(findTestObject("Login/Home"), 0): Object 'Object Repository/Login/Home' is present

2023-10-05 08:31:21 - [MESSAGE][WARNING] - Timeout '0' is invalid. Using default page load timeout: '30'

2023-10-05 08:31:22 - [MESSAGE][PASSED] - Object 'Object Repository/Login/Home' is present

2023-10-05 08:31:22 - [TEST_STEP][PASSED] - click(findTestObject("Login/a_Login")): Object: 'Object Repository/Login/a_Login' is clicked on

2023-10-05 08:31:23 - [MESSAGE][PASSED] - Object: 'Object Repository/Login/a_Login' is clicked on

2023-10-05 08:31:23 - [TEST_STEP][PASSED] - verifyElementPresent(findTestObject("Login/Tittle Login"), 0): Object 'Object Repository/Login/Tittle Login' is present

2023-10-05 08:31:23 - [MESSAGE][WARNING] - Timeout '0' is invalid. Using default page load timeout: '30'

2023-10-05 08:31:23 - [MESSAGE][PASSED] - Object 'Object Repository/Login/Tittle Login' is present

2023-10-05 08:31:23 - [TEST_STEP][PASSED] - setText(findTestObject("Login/input_Username, Email atau No. Handphone_a"), username): Text 'irfanafandi' is set on object 'Object Repository/Login/input_Username, Email atau No. Handphone_a'

2023-10-05 08:31:24 - [MESSAGE][PASSED] - Text 'irfanafandi' is set on object 'Object Repository/Login/input_Username, Email atau No. Handphone_a'

2023-10-05 08:31:24 - [TEST_STEP][PASSED] - setText(findTestObject("Login/input_Password_b"), password): Text '12345irfan' is set on object 'Object Repository/Login/input_Password_b'

2023-10-05 08:31:25 - [MESSAGE][PASSED] - Text '12345irfan' is set on object 'Object Repository/Login/input_Password_b'

2023-10-05 08:31:25 - [TEST_STEP][PASSED] - click(findTestObject("Login/label_Ingat saya")): Object: 'Object Repository/Login/label_Ingat saya' is clicked on

2023-10-05 08:31:26 - [MESSAGE][PASSED] - Object: 'Object Repository/Login/label_Ingat saya' is clicked on

2023-10-05 08:31:26 - [TEST_STEP][PASSED] - click(findTestObject("Login/button_Masuk")): Object: 'Object Repository/Login/button_Masuk' is clicked on

2023-10-05 08:31:27 - [MESSAGE][PASSED] - Object: 'Object Repository/Login/button_Masuk' is clicked on

2023-10-05 08:31:27 - [TEST_STEP][PASSED] - verifyElementPresent(findTestObject("Login/li_Profile"), 0): Object 'Object Repository/Login/li_Profile' is present

2023-10-05 08:31:27 - [MESSAGE][WARNING] - Timeout '0' is invalid. Using default page load timeout: '30'

2023-10-05 08:31:28 - [MESSAGE][PASSED] - Object 'Object Repository/Login/li_Profile' is present

2023-10-05 08:31:28 - [MESSAGE][PASSED] - Call Test Case 'Test Cases/T13 Pembelian, Shipment dan Pembayaran/LU-001' successfully

2023-10-05 08:31:28 - [TEST_STEP][PASSED] - mouseOver(findTestObject("beli barang/i_Mulai Belanja_icon-menu")): Object: 'Object Repository/beli barang/i_Mulai Belanja_icon-menu' is hovered

2023-10-05 08:31:28 - [MESSAGE][PASSED] - Object: 'Object Repository/beli barang/i_Mulai Belanja_icon-menu' is hovered

2023-10-05 08:31:28 - [TEST_STEP][PASSED] - click(findTestObject("beli barang/a_Fashion  Busana Wanita")): Object: 'Object Repository/beli barang/a_Fashion  Busana Wanita' is clicked on

2023-10-05 08:31:30 - [MESSAGE][PASSED] - Object: 'Object Repository/beli barang/a_Fashion  Busana Wanita' is clicked on

2023-10-05 08:31:30 - [TEST_STEP][PASSED] - NamaSebelum = getText(findTestObject("verifikasi/Nama sebelum")): Text of object 'Object Repository/verifikasi/Nama sebelum' is: ''

2023-10-05 08:31:30 - [MESSAGE][PASSED] - Text of object 'Object Repository/verifikasi/Nama sebelum' is: ''

2023-10-05 08:31:30 - [TEST_STEP][PASSED] - HargaSebelum = getText(findTestObject("verifikasi/Harga sebelum")): Text of object 'Object Repository/verifikasi/Harga sebelum' is: ''

2023-10-05 08:31:31 - [MESSAGE][PASSED] - Text of object 'Object Repository/verifikasi/Harga sebelum' is: ''

2023-10-05 08:31:31 - [TEST_STEP][PASSED] - mouseOver(findTestObject("beli barang/barang mouse over")): Object: 'Object Repository/beli barang/barang mouse over' is hovered

2023-10-05 08:31:31 - [MESSAGE][PASSED] - Object: 'Object Repository/beli barang/barang mouse over' is hovered

2023-10-05 08:31:31 - [TEST_STEP][PASSED] - click(findTestObject("beli barang/buttom add to cart")): Object: 'Object Repository/beli barang/buttom add to cart' is clicked on

2023-10-05 08:31:33 - [MESSAGE][PASSED] - Object: 'Object Repository/beli barang/buttom add to cart' is clicked on

2023-10-05 08:31:33 - [TEST_STEP][PASSED] - NamaSesudah = getText(findTestObject("verifikasi/Nama sesudah")): Text of object 'Object Repository/verifikasi/Nama sesudah' is: 'Segitiga Instan Madeira - MDB5.3 Sunset'

2023-10-05 08:31:34 - [MESSAGE][PASSED] - Text of object 'Object Repository/verifikasi/Nama sesudah' is: 'Segitiga Instan Madeira - MDB5.3 Sunset'

2023-10-05 08:31:34 - [TEST_STEP][PASSED] - HargaSesudah = getText(findTestObject("verifikasi/Harga sesudah")): Text of object 'Object Repository/verifikasi/Harga sesudah' is: 'Rp 1,299'

2023-10-05 08:31:34 - [MESSAGE][PASSED] - Text of object 'Object Repository/verifikasi/Harga sesudah' is: 'Rp 1,299'

2023-10-05 08:31:34 - [TEST_STEP][PASSED] - assert NamaSesudah.contains(NamaSebelum): null

2023-10-05 08:31:34 - [TEST_STEP][PASSED] - assert HargaSesudah.contains(HargaSebelum): null

2023-10-05 08:31:34 - [TEST_STEP][PASSED] - click(findTestObject("beli barang/Tambah Keranjang busana wanita")): Object: 'Object Repository/beli barang/Tambah Keranjang busana wanita' is clicked on

2023-10-05 08:31:34 - [MESSAGE][PASSED] - Object: 'Object Repository/beli barang/Tambah Keranjang busana wanita' is clicked on

2023-10-05 08:31:34 - [TEST_STEP][PASSED] - verifyElementPresent(findTestObject("checkout/Notifikasi keranjang"), 1): Object 'Object Repository/checkout/Notifikasi keranjang' is present

2023-10-05 08:31:35 - [MESSAGE][PASSED] - Object 'Object Repository/checkout/Notifikasi keranjang' is present

2023-10-05 08:31:35 - [TEST_STEP][PASSED] - data = new java.util.HashMap(): null

2023-10-05 08:31:35 - [TEST_STEP][PASSED] - data.put("nama_barang", NamaSesudah): null

2023-10-05 08:31:35 - [TEST_STEP][PASSED] - data.put("price_barang", HargaSesudah): null

2023-10-05 08:31:35 - [TEST_STEP][PASSED] - return data: null

2023-10-05 08:31:35 - [MESSAGE][PASSED] - Call Test Case 'Test Cases/T13 Pembelian, Shipment dan Pembayaran/PBL-001' successfully

2023-10-05 08:31:35 - [TEST_STEP][PASSED] - mouseOver(findTestObject("beli barang/keranjang")): Object: 'Object Repository/beli barang/keranjang' is hovered

2023-10-05 08:31:36 - [MESSAGE][PASSED] - Object: 'Object Repository/beli barang/keranjang' is hovered

2023-10-05 08:31:36 - [TEST_STEP][PASSED] - click(findTestObject("beli barang/Lihat Sekarang")): Object: 'Object Repository/beli barang/Lihat Sekarang' is clicked on

2023-10-05 08:31:37 - [MESSAGE][PASSED] - Object: 'Object Repository/beli barang/Lihat Sekarang' is clicked on

2023-10-05 08:31:37 - [TEST_STEP][PASSED] - verifyElementPresent(findTestObject("keranjang/li_Keranjang Belanja"), 0): Object 'Object Repository/keranjang/li_Keranjang Belanja' is present

2023-10-05 08:31:37 - [MESSAGE][WARNING] - Timeout '0' is invalid. Using default page load timeout: '30'

2023-10-05 08:31:38 - [MESSAGE][PASSED] - Object 'Object Repository/keranjang/li_Keranjang Belanja' is present

2023-10-05 08:31:38 - [TEST_STEP][PASSED] - NamaKeranjang = getText(findTestObject("verifikasi/Nama keranjang")): Text of object 'Object Repository/verifikasi/Nama keranjang' is: 'Segitiga Instan Madeira - MDB5.3 Sunset'

2023-10-05 08:31:39 - [MESSAGE][PASSED] - Text of object 'Object Repository/verifikasi/Nama keranjang' is: 'Segitiga Instan Madeira - MDB5.3 Sunset'

2023-10-05 08:31:39 - [TEST_STEP][PASSED] - HargaKeranjang = getText(findTestObject("verifikasi/Harga Keranjang")): Text of object 'Object Repository/verifikasi/Harga Keranjang' is: 'Rp 1,299'

2023-10-05 08:31:39 - [MESSAGE][PASSED] - Text of object 'Object Repository/verifikasi/Harga Keranjang' is: 'Rp 1,299'

2023-10-05 08:31:39 - [TEST_STEP][PASSED] - if (toString().equalsIgnoreCase("Merah")): Object 'Object Repository/keranjang/input_Warna_variasi101' is checked

2023-10-05 08:31:39 - [TEST_STEP][PASSED] - check(findTestObject("Object Repository/keranjang/input_Warna_variasi101")): Object 'Object Repository/keranjang/input_Warna_variasi101' is checked

2023-10-05 08:31:40 - [MESSAGE][PASSED] - Object 'Object Repository/keranjang/input_Warna_variasi101' is checked

2023-10-05 08:31:40 - [TEST_STEP][PASSED] - if (toString().equalsIgnoreCase("Menengah")): Object 'Object Repository/keranjang/input_Ukuran_variasi201' is checked

2023-10-05 08:31:40 - [TEST_STEP][PASSED] - check(findTestObject("Object Repository/keranjang/input_Ukuran_variasi201")): Object 'Object Repository/keranjang/input_Ukuran_variasi201' is checked

2023-10-05 08:31:40 - [MESSAGE][PASSED] - Object 'Object Repository/keranjang/input_Ukuran_variasi201' is checked

2023-10-05 08:31:40 - [TEST_STEP][PASSED] - data.put("Warna", warna): null

2023-10-05 08:31:40 - [TEST_STEP][PASSED] - data.put("Ukuran", ukuran): null

2023-10-05 08:31:40 - [TEST_STEP][PASSED] - click(findTestObject("keranjang/button_Lanjut ke Pembayaran")): Object: 'Object Repository/keranjang/button_Lanjut ke Pembayaran' is clicked on

2023-10-05 08:31:42 - [MESSAGE][PASSED] - Object: 'Object Repository/keranjang/button_Lanjut ke Pembayaran' is clicked on

2023-10-05 08:31:42 - [TEST_STEP][PASSED] - verifyElementPresent(findTestObject("checkout/Tittle Checkout Order"), 0): Object 'Object Repository/checkout/Tittle Checkout Order' is present

2023-10-05 08:31:42 - [MESSAGE][WARNING] - Timeout '0' is invalid. Using default page load timeout: '30'

2023-10-05 08:31:42 - [MESSAGE][PASSED] - Object 'Object Repository/checkout/Tittle Checkout Order' is present

2023-10-05 08:31:42 - [TEST_STEP][PASSED] - name_product = data.get("nama_barang"): null

2023-10-05 08:31:42 - [TEST_STEP][PASSED] - price_product = data.get("price_barang"): null

2023-10-05 08:31:42 - [TEST_STEP][PASSED] - assert name_product == NamaKeranjang: null

2023-10-05 08:31:42 - [TEST_STEP][PASSED] - assert price_product == HargaKeranjang: null

2023-10-05 08:31:42 - [TEST_STEP][PASSED] - return data: null

2023-10-05 08:31:42 - [MESSAGE][PASSED] - Call Test Case 'Test Cases/T13 Pembelian, Shipment dan Pembayaran/PBL-002' successfully

2023-10-05 08:31:42 - [TEST_STEP][PASSED] - warnaa = getText(findTestObject("verifikasi/warna Merah")): Text of object 'Object Repository/verifikasi/warna Merah' is: 'Merah'

2023-10-05 08:31:43 - [MESSAGE][PASSED] - Text of object 'Object Repository/verifikasi/warna Merah' is: 'Merah'

2023-10-05 08:31:43 - [TEST_STEP][PASSED] - ukurann = getText(findTestObject("verifikasi/Ukuran Menengah")): Text of object 'Object Repository/verifikasi/Ukuran Menengah' is: 'Menengah'

2023-10-05 08:31:43 - [MESSAGE][PASSED] - Text of object 'Object Repository/verifikasi/Ukuran Menengah' is: 'Menengah'

2023-10-05 08:31:43 - [TEST_STEP][PASSED] - warna1 = data.get("Warna"): null

2023-10-05 08:31:43 - [TEST_STEP][PASSED] - ukuran1 = data.get("Ukuran"): null

2023-10-05 08:31:43 - [TEST_STEP][PASSED] - assert warnaa == warna1: null

2023-10-05 08:31:43 - [TEST_STEP][PASSED] - assert ukurann == ukuran1: null

2023-10-05 08:31:43 - [TEST_STEP][PASSED] - NamaCheckout = getText(findTestObject("verifikasi/NamaCheckout")): Text of object 'Object Repository/verifikasi/NamaCheckout' is: ''

2023-10-05 08:31:43 - [MESSAGE][PASSED] - Text of object 'Object Repository/verifikasi/NamaCheckout' is: ''

2023-10-05 08:31:43 - [TEST_STEP][PASSED] - HargaCheckout = getText(findTestObject("verifikasi/HargaCheckout")): Text of object 'Object Repository/verifikasi/HargaCheckout' is: '2,598'

2023-10-05 08:31:44 - [MESSAGE][PASSED] - Text of object 'Object Repository/verifikasi/HargaCheckout' is: '2,598'

2023-10-05 08:31:44 - [TEST_STEP][PASSED] - name_product = data.get("nama_barang"): null

2023-10-05 08:31:44 - [TEST_STEP][PASSED] - price_product = data.get("price_barang"): null

2023-10-05 08:31:44 - [TEST_STEP][PASSED] - assert name_product.contains(NamaCheckout): null

2023-10-05 08:31:44 - [TEST_STEP][FAILED] - assert price_product.contains(HargaCheckout): Test Cases/T13 Pembelian, Shipment dan Pembayaran/PBL-007 FAILED.
Reason:
Assertion failed: 

assert price_product.contains(HargaCheckout)
       |             |        |
       Rp 1,299      false    2,598

	at PBL-007.run(PBL-007:45)
	at com.kms.katalon.core.main.ScriptEngine.run(ScriptEngine.java:194)
	at com.kms.katalon.core.main.ScriptEngine.runScriptAsRawText(ScriptEngine.java:119)
	at com.kms.katalon.core.main.TestCaseExecutor.runScript(TestCaseExecutor.java:448)
	at com.kms.katalon.core.main.TestCaseExecutor.doExecute(TestCaseExecutor.java:439)
	at com.kms.katalon.core.main.TestCaseExecutor.processExecutionPhase(TestCaseExecutor.java:418)
	at com.kms.katalon.core.main.TestCaseExecutor.accessMainPhase(TestCaseExecutor.java:410)
	at com.kms.katalon.core.main.TestCaseExecutor.execute(TestCaseExecutor.java:285)
	at com.kms.katalon.core.common.CommonExecutor.accessTestCaseMainPhase(CommonExecutor.java:65)
	at com.kms.katalon.core.main.TestSuiteExecutor.accessTestSuiteMainPhase(TestSuiteExecutor.java:148)
	at com.kms.katalon.core.main.TestSuiteExecutor.execute(TestSuiteExecutor.java:106)
	at com.kms.katalon.core.main.TestCaseMain.startTestSuite(TestCaseMain.java:187)
	at com.kms.katalon.core.main.TestCaseMain$startTestSuite$0.call(Unknown Source)
	at TempTestSuite1696469269008.run(TempTestSuite1696469269008.groovy:36)


2023-10-05 08:31:44 - [MESSAGE][FAILED] - Test Cases/T13 Pembelian, Shipment dan Pembayaran/PBL-007 FAILED.
Reason:
Assertion failed: 

assert price_product.contains(HargaCheckout)
       |             |        |
       Rp 1,299      false    2,598

	at PBL-007.run(PBL-007:45)
	at com.kms.katalon.core.main.ScriptEngine.run(ScriptEngine.java:194)
	at com.kms.katalon.core.main.ScriptEngine.runScriptAsRawText(ScriptEngine.java:119)
	at com.kms.katalon.core.main.TestCaseExecutor.runScript(TestCaseExecutor.java:448)
	at com.kms.katalon.core.main.TestCaseExecutor.doExecute(TestCaseExecutor.java:439)
	at com.kms.katalon.core.main.TestCaseExecutor.processExecutionPhase(TestCaseExecutor.java:418)
	at com.kms.katalon.core.main.TestCaseExecutor.accessMainPhase(TestCaseExecutor.java:410)
	at com.kms.katalon.core.main.TestCaseExecutor.execute(TestCaseExecutor.java:285)
	at com.kms.katalon.core.common.CommonExecutor.accessTestCaseMainPhase(CommonExecutor.java:65)
	at com.kms.katalon.core.main.TestSuiteExecutor.accessTestSuiteMainPhase(TestSuiteExecutor.java:148)
	at com.kms.katalon.core.main.TestSuiteExecutor.execute(TestSuiteExecutor.java:106)
	at com.kms.katalon.core.main.TestCaseMain.startTestSuite(TestCaseMain.java:187)
	at com.kms.katalon.core.main.TestCaseMain$startTestSuite$0.call(Unknown Source)
	at TempTestSuite1696469269008.run(TempTestSuite1696469269008.groovy:36)]]></system-out>
         <system-err><![CDATA[2023-10-05 08:31:15 - [TEST_CASE][FAILED] - Test Cases/T13 Pembelian, Shipment dan Pembayaran/PBL-007: Test Cases/T13 Pembelian, Shipment dan Pembayaran/PBL-007 FAILED.
Reason:
Assertion failed: 

assert price_product.contains(HargaCheckout)
       |             |        |
       Rp 1,299      false    2,598

	at PBL-007.run(PBL-007:45)
	at com.kms.katalon.core.main.ScriptEngine.run(ScriptEngine.java:194)
	at com.kms.katalon.core.main.ScriptEngine.runScriptAsRawText(ScriptEngine.java:119)
	at com.kms.katalon.core.main.TestCaseExecutor.runScript(TestCaseExecutor.java:448)
	at com.kms.katalon.core.main.TestCaseExecutor.doExecute(TestCaseExecutor.java:439)
	at com.kms.katalon.core.main.TestCaseExecutor.processExecutionPhase(TestCaseExecutor.java:418)
	at com.kms.katalon.core.main.TestCaseExecutor.accessMainPhase(TestCaseExecutor.java:410)
	at com.kms.katalon.core.main.TestCaseExecutor.execute(TestCaseExecutor.java:285)
	at com.kms.katalon.core.common.CommonExecutor.accessTestCaseMainPhase(CommonExecutor.java:65)
	at com.kms.katalon.core.main.TestSuiteExecutor.accessTestSuiteMainPhase(TestSuiteExecutor.java:148)
	at com.kms.katalon.core.main.TestSuiteExecutor.execute(TestSuiteExecutor.java:106)
	at com.kms.katalon.core.main.TestCaseMain.startTestSuite(TestCaseMain.java:187)
	at com.kms.katalon.core.main.TestCaseMain$startTestSuite$0.call(Unknown Source)
	at TempTestSuite1696469269008.run(TempTestSuite1696469269008.groovy:36)]]></system-err>
      </testcase>
      <testcase name="Test Cases/T13 Pembelian, Shipment dan Pembayaran/PBL-008" time="27.253" classname="Test Cases/T13 Pembelian, Shipment dan Pembayaran/PBL-008" status="FAILED">
         <failure type="FAILED" message="Test Cases/T13 Pembelian, Shipment dan Pembayaran/PBL-008 FAILED.
Reason:
Assertion failed: 

assert price_product.contains(HargaCheckout)
       |             |        |
       Rp 1,299      false    3,897

	at PBL-008.run(PBL-008:45)
	at com.kms.katalon.core.main.ScriptEngine.run(ScriptEngine.java:194)
	at com.kms.katalon.core.main.ScriptEngine.runScriptAsRawText(ScriptEngine.java:119)
	at com.kms.katalon.core.main.TestCaseExecutor.runScript(TestCaseExecutor.java:448)
	at com.kms.katalon.core.main.TestCaseExecutor.doExecute(TestCaseExecutor.java:439)
	at com.kms.katalon.core.main.TestCaseExecutor.processExecutionPhase(TestCaseExecutor.java:418)
	at com.kms.katalon.core.main.TestCaseExecutor.accessMainPhase(TestCaseExecutor.java:410)
	at com.kms.katalon.core.main.TestCaseExecutor.execute(TestCaseExecutor.java:285)
	at com.kms.katalon.core.common.CommonExecutor.accessTestCaseMainPhase(CommonExecutor.java:65)
	at com.kms.katalon.core.main.TestSuiteExecutor.accessTestSuiteMainPhase(TestSuiteExecutor.java:148)
	at com.kms.katalon.core.main.TestSuiteExecutor.execute(TestSuiteExecutor.java:106)
	at com.kms.katalon.core.main.TestCaseMain.startTestSuite(TestCaseMain.java:187)
	at com.kms.katalon.core.main.TestCaseMain$startTestSuite$0.call(Unknown Source)
	at TempTestSuite1696469269008.run(TempTestSuite1696469269008.groovy:36)
"/>
         <system-out><![CDATA[2023-10-05 08:31:44 - [TEST_CASE][FAILED] - Test Cases/T13 Pembelian, Shipment dan Pembayaran/PBL-008: Test Cases/T13 Pembelian, Shipment dan Pembayaran/PBL-008 FAILED.
Reason:
Assertion failed: 

assert price_product.contains(HargaCheckout)
       |             |        |
       Rp 1,299      false    3,897

	at PBL-008.run(PBL-008:45)
	at com.kms.katalon.core.main.ScriptEngine.run(ScriptEngine.java:194)
	at com.kms.katalon.core.main.ScriptEngine.runScriptAsRawText(ScriptEngine.java:119)
	at com.kms.katalon.core.main.TestCaseExecutor.runScript(TestCaseExecutor.java:448)
	at com.kms.katalon.core.main.TestCaseExecutor.doExecute(TestCaseExecutor.java:439)
	at com.kms.katalon.core.main.TestCaseExecutor.processExecutionPhase(TestCaseExecutor.java:418)
	at com.kms.katalon.core.main.TestCaseExecutor.accessMainPhase(TestCaseExecutor.java:410)
	at com.kms.katalon.core.main.TestCaseExecutor.execute(TestCaseExecutor.java:285)
	at com.kms.katalon.core.common.CommonExecutor.accessTestCaseMainPhase(CommonExecutor.java:65)
	at com.kms.katalon.core.main.TestSuiteExecutor.accessTestSuiteMainPhase(TestSuiteExecutor.java:148)
	at com.kms.katalon.core.main.TestSuiteExecutor.execute(TestSuiteExecutor.java:106)
	at com.kms.katalon.core.main.TestCaseMain.startTestSuite(TestCaseMain.java:187)
	at com.kms.katalon.core.main.TestCaseMain$startTestSuite$0.call(Unknown Source)
	at TempTestSuite1696469269008.run(TempTestSuite1696469269008.groovy:36)


2023-10-05 08:31:44 - [TEST_STEP][PASSED] - data = callTestCase(findTestCase("T13 Pembelian, Shipment dan Pembayaran/PBL-002"), [:], STOP_ON_FAILURE): Call Test Case 'Test Cases/T13 Pembelian, Shipment dan Pembayaran/PBL-002' successfully

2023-10-05 08:31:44 - [TEST_CASE][PASSED] - Test Cases/T13 Pembelian, Shipment dan Pembayaran/PBL-002: Test Cases/T13 Pembelian, Shipment dan Pembayaran/PBL-002

2023-10-05 08:31:44 - [TEST_STEP][PASSED] - data = callTestCase(findTestCase("T13 Pembelian, Shipment dan Pembayaran/PBL-001"), [:], STOP_ON_FAILURE): Call Test Case 'Test Cases/T13 Pembelian, Shipment dan Pembayaran/PBL-001' successfully

2023-10-05 08:31:44 - [TEST_CASE][PASSED] - Test Cases/T13 Pembelian, Shipment dan Pembayaran/PBL-001: Test Cases/T13 Pembelian, Shipment dan Pembayaran/PBL-001

2023-10-05 08:31:44 - [TEST_STEP][PASSED] - callTestCase(findTestCase("T13 Pembelian, Shipment dan Pembayaran/LU-001"), ["username":"irfanafandi", "password":"12345irfan"], STOP_ON_FAILURE): Call Test Case 'Test Cases/T13 Pembelian, Shipment dan Pembayaran/LU-001' successfully

2023-10-05 08:31:44 - [TEST_CASE][PASSED] - Test Cases/T13 Pembelian, Shipment dan Pembayaran/LU-001: Test Cases/T13 Pembelian, Shipment dan Pembayaran/LU-001

2023-10-05 08:31:44 - [TEST_STEP][PASSED] - openBrowser("https://10.9.2.63/ecommerce/"): Browser is opened with url: 'https://10.9.2.63/ecommerce/'

2023-10-05 08:31:44 - [MESSAGE][WARNING] - A browser is already opened. Closing browser and opening a new one

2023-10-05 08:31:45 - [MESSAGE][INFO] - Starting 'Edge Chromium' driver

2023-10-05 08:31:45 - [MESSAGE][INFO] - User set preference: ['acceptInsecureCerts', 'true']

2023-10-05 08:31:46 - [MESSAGE][INFO] - Action delay is set to 0 milliseconds

2023-10-05 08:31:49 - [MESSAGE][PASSED] - Browser is opened with url: 'https://10.9.2.63/ecommerce/'

2023-10-05 08:31:49 - [TEST_STEP][PASSED] - maximizeWindow(): Current window maximized

2023-10-05 08:31:49 - [MESSAGE][PASSED] - Current window maximized

2023-10-05 08:31:49 - [TEST_STEP][PASSED] - verifyElementPresent(findTestObject("Login/Home"), 0): Object 'Object Repository/Login/Home' is present

2023-10-05 08:31:49 - [MESSAGE][WARNING] - Timeout '0' is invalid. Using default page load timeout: '30'

2023-10-05 08:31:50 - [MESSAGE][PASSED] - Object 'Object Repository/Login/Home' is present

2023-10-05 08:31:50 - [TEST_STEP][PASSED] - click(findTestObject("Login/a_Login")): Object: 'Object Repository/Login/a_Login' is clicked on

2023-10-05 08:31:50 - [MESSAGE][PASSED] - Object: 'Object Repository/Login/a_Login' is clicked on

2023-10-05 08:31:50 - [TEST_STEP][PASSED] - verifyElementPresent(findTestObject("Login/Tittle Login"), 0): Object 'Object Repository/Login/Tittle Login' is present

2023-10-05 08:31:50 - [MESSAGE][WARNING] - Timeout '0' is invalid. Using default page load timeout: '30'

2023-10-05 08:31:51 - [MESSAGE][PASSED] - Object 'Object Repository/Login/Tittle Login' is present

2023-10-05 08:31:51 - [TEST_STEP][PASSED] - setText(findTestObject("Login/input_Username, Email atau No. Handphone_a"), username): Text 'irfanafandi' is set on object 'Object Repository/Login/input_Username, Email atau No. Handphone_a'

2023-10-05 08:31:52 - [MESSAGE][PASSED] - Text 'irfanafandi' is set on object 'Object Repository/Login/input_Username, Email atau No. Handphone_a'

2023-10-05 08:31:52 - [TEST_STEP][PASSED] - setText(findTestObject("Login/input_Password_b"), password): Text '12345irfan' is set on object 'Object Repository/Login/input_Password_b'

2023-10-05 08:31:53 - [MESSAGE][PASSED] - Text '12345irfan' is set on object 'Object Repository/Login/input_Password_b'

2023-10-05 08:31:53 - [TEST_STEP][PASSED] - click(findTestObject("Login/label_Ingat saya")): Object: 'Object Repository/Login/label_Ingat saya' is clicked on

2023-10-05 08:31:53 - [MESSAGE][PASSED] - Object: 'Object Repository/Login/label_Ingat saya' is clicked on

2023-10-05 08:31:53 - [TEST_STEP][PASSED] - click(findTestObject("Login/button_Masuk")): Object: 'Object Repository/Login/button_Masuk' is clicked on

2023-10-05 08:31:55 - [MESSAGE][PASSED] - Object: 'Object Repository/Login/button_Masuk' is clicked on

2023-10-05 08:31:55 - [TEST_STEP][PASSED] - verifyElementPresent(findTestObject("Login/li_Profile"), 0): Object 'Object Repository/Login/li_Profile' is present

2023-10-05 08:31:55 - [MESSAGE][WARNING] - Timeout '0' is invalid. Using default page load timeout: '30'

2023-10-05 08:31:55 - [MESSAGE][PASSED] - Object 'Object Repository/Login/li_Profile' is present

2023-10-05 08:31:55 - [MESSAGE][PASSED] - Call Test Case 'Test Cases/T13 Pembelian, Shipment dan Pembayaran/LU-001' successfully

2023-10-05 08:31:55 - [TEST_STEP][PASSED] - mouseOver(findTestObject("beli barang/i_Mulai Belanja_icon-menu")): Object: 'Object Repository/beli barang/i_Mulai Belanja_icon-menu' is hovered

2023-10-05 08:31:56 - [MESSAGE][PASSED] - Object: 'Object Repository/beli barang/i_Mulai Belanja_icon-menu' is hovered

2023-10-05 08:31:56 - [TEST_STEP][PASSED] - click(findTestObject("beli barang/a_Fashion  Busana Wanita")): Object: 'Object Repository/beli barang/a_Fashion  Busana Wanita' is clicked on

2023-10-05 08:31:57 - [MESSAGE][PASSED] - Object: 'Object Repository/beli barang/a_Fashion  Busana Wanita' is clicked on

2023-10-05 08:31:57 - [TEST_STEP][PASSED] - NamaSebelum = getText(findTestObject("verifikasi/Nama sebelum")): Text of object 'Object Repository/verifikasi/Nama sebelum' is: ''

2023-10-05 08:31:58 - [MESSAGE][PASSED] - Text of object 'Object Repository/verifikasi/Nama sebelum' is: ''

2023-10-05 08:31:58 - [TEST_STEP][PASSED] - HargaSebelum = getText(findTestObject("verifikasi/Harga sebelum")): Text of object 'Object Repository/verifikasi/Harga sebelum' is: ''

2023-10-05 08:31:58 - [MESSAGE][PASSED] - Text of object 'Object Repository/verifikasi/Harga sebelum' is: ''

2023-10-05 08:31:58 - [TEST_STEP][PASSED] - mouseOver(findTestObject("beli barang/barang mouse over")): Object: 'Object Repository/beli barang/barang mouse over' is hovered

2023-10-05 08:31:59 - [MESSAGE][PASSED] - Object: 'Object Repository/beli barang/barang mouse over' is hovered

2023-10-05 08:31:59 - [TEST_STEP][PASSED] - click(findTestObject("beli barang/buttom add to cart")): Object: 'Object Repository/beli barang/buttom add to cart' is clicked on

2023-10-05 08:32:00 - [MESSAGE][PASSED] - Object: 'Object Repository/beli barang/buttom add to cart' is clicked on

2023-10-05 08:32:00 - [TEST_STEP][PASSED] - NamaSesudah = getText(findTestObject("verifikasi/Nama sesudah")): Text of object 'Object Repository/verifikasi/Nama sesudah' is: 'Segitiga Instan Madeira - MDB5.3 Sunset'

2023-10-05 08:32:01 - [MESSAGE][PASSED] - Text of object 'Object Repository/verifikasi/Nama sesudah' is: 'Segitiga Instan Madeira - MDB5.3 Sunset'

2023-10-05 08:32:01 - [TEST_STEP][PASSED] - HargaSesudah = getText(findTestObject("verifikasi/Harga sesudah")): Text of object 'Object Repository/verifikasi/Harga sesudah' is: 'Rp 1,299'

2023-10-05 08:32:01 - [MESSAGE][PASSED] - Text of object 'Object Repository/verifikasi/Harga sesudah' is: 'Rp 1,299'

2023-10-05 08:32:01 - [TEST_STEP][PASSED] - assert NamaSesudah.contains(NamaSebelum): null

2023-10-05 08:32:01 - [TEST_STEP][PASSED] - assert HargaSesudah.contains(HargaSebelum): null

2023-10-05 08:32:01 - [TEST_STEP][PASSED] - click(findTestObject("beli barang/Tambah Keranjang busana wanita")): Object: 'Object Repository/beli barang/Tambah Keranjang busana wanita' is clicked on

2023-10-05 08:32:02 - [MESSAGE][PASSED] - Object: 'Object Repository/beli barang/Tambah Keranjang busana wanita' is clicked on

2023-10-05 08:32:02 - [TEST_STEP][PASSED] - verifyElementPresent(findTestObject("checkout/Notifikasi keranjang"), 1): Object 'Object Repository/checkout/Notifikasi keranjang' is present

2023-10-05 08:32:03 - [MESSAGE][PASSED] - Object 'Object Repository/checkout/Notifikasi keranjang' is present

2023-10-05 08:32:03 - [TEST_STEP][PASSED] - data = new java.util.HashMap(): null

2023-10-05 08:32:03 - [TEST_STEP][PASSED] - data.put("nama_barang", NamaSesudah): null

2023-10-05 08:32:03 - [TEST_STEP][PASSED] - data.put("price_barang", HargaSesudah): null

2023-10-05 08:32:03 - [TEST_STEP][PASSED] - return data: null

2023-10-05 08:32:03 - [MESSAGE][PASSED] - Call Test Case 'Test Cases/T13 Pembelian, Shipment dan Pembayaran/PBL-001' successfully

2023-10-05 08:32:03 - [TEST_STEP][PASSED] - mouseOver(findTestObject("beli barang/keranjang")): Object: 'Object Repository/beli barang/keranjang' is hovered

2023-10-05 08:32:03 - [MESSAGE][PASSED] - Object: 'Object Repository/beli barang/keranjang' is hovered

2023-10-05 08:32:03 - [TEST_STEP][PASSED] - click(findTestObject("beli barang/Lihat Sekarang")): Object: 'Object Repository/beli barang/Lihat Sekarang' is clicked on

2023-10-05 08:32:04 - [MESSAGE][PASSED] - Object: 'Object Repository/beli barang/Lihat Sekarang' is clicked on

2023-10-05 08:32:04 - [TEST_STEP][PASSED] - verifyElementPresent(findTestObject("keranjang/li_Keranjang Belanja"), 0): Object 'Object Repository/keranjang/li_Keranjang Belanja' is present

2023-10-05 08:32:04 - [MESSAGE][WARNING] - Timeout '0' is invalid. Using default page load timeout: '30'

2023-10-05 08:32:06 - [MESSAGE][PASSED] - Object 'Object Repository/keranjang/li_Keranjang Belanja' is present

2023-10-05 08:32:06 - [TEST_STEP][PASSED] - NamaKeranjang = getText(findTestObject("verifikasi/Nama keranjang")): Text of object 'Object Repository/verifikasi/Nama keranjang' is: 'Segitiga Instan Madeira - MDB5.3 Sunset'

2023-10-05 08:32:06 - [MESSAGE][PASSED] - Text of object 'Object Repository/verifikasi/Nama keranjang' is: 'Segitiga Instan Madeira - MDB5.3 Sunset'

2023-10-05 08:32:06 - [TEST_STEP][PASSED] - HargaKeranjang = getText(findTestObject("verifikasi/Harga Keranjang")): Text of object 'Object Repository/verifikasi/Harga Keranjang' is: 'Rp 1,299'

2023-10-05 08:32:06 - [MESSAGE][PASSED] - Text of object 'Object Repository/verifikasi/Harga Keranjang' is: 'Rp 1,299'

2023-10-05 08:32:06 - [TEST_STEP][PASSED] - if (toString().equalsIgnoreCase("Merah")): Object 'Object Repository/keranjang/input_Warna_variasi101' is checked

2023-10-05 08:32:06 - [TEST_STEP][PASSED] - check(findTestObject("Object Repository/keranjang/input_Warna_variasi101")): Object 'Object Repository/keranjang/input_Warna_variasi101' is checked

2023-10-05 08:32:07 - [MESSAGE][PASSED] - Object 'Object Repository/keranjang/input_Warna_variasi101' is checked

2023-10-05 08:32:07 - [TEST_STEP][PASSED] - if (toString().equalsIgnoreCase("Menengah")): Object 'Object Repository/keranjang/input_Ukuran_variasi201' is checked

2023-10-05 08:32:07 - [TEST_STEP][PASSED] - check(findTestObject("Object Repository/keranjang/input_Ukuran_variasi201")): Object 'Object Repository/keranjang/input_Ukuran_variasi201' is checked

2023-10-05 08:32:07 - [MESSAGE][PASSED] - Object 'Object Repository/keranjang/input_Ukuran_variasi201' is checked

2023-10-05 08:32:07 - [TEST_STEP][PASSED] - data.put("Warna", warna): null

2023-10-05 08:32:07 - [TEST_STEP][PASSED] - data.put("Ukuran", ukuran): null

2023-10-05 08:32:07 - [TEST_STEP][PASSED] - click(findTestObject("keranjang/button_Lanjut ke Pembayaran")): Object: 'Object Repository/keranjang/button_Lanjut ke Pembayaran' is clicked on

2023-10-05 08:32:09 - [MESSAGE][PASSED] - Object: 'Object Repository/keranjang/button_Lanjut ke Pembayaran' is clicked on

2023-10-05 08:32:09 - [TEST_STEP][PASSED] - verifyElementPresent(findTestObject("checkout/Tittle Checkout Order"), 0): Object 'Object Repository/checkout/Tittle Checkout Order' is present

2023-10-05 08:32:09 - [MESSAGE][WARNING] - Timeout '0' is invalid. Using default page load timeout: '30'

2023-10-05 08:32:10 - [MESSAGE][PASSED] - Object 'Object Repository/checkout/Tittle Checkout Order' is present

2023-10-05 08:32:10 - [TEST_STEP][PASSED] - name_product = data.get("nama_barang"): null

2023-10-05 08:32:10 - [TEST_STEP][PASSED] - price_product = data.get("price_barang"): null

2023-10-05 08:32:10 - [TEST_STEP][PASSED] - assert name_product == NamaKeranjang: null

2023-10-05 08:32:10 - [TEST_STEP][PASSED] - assert price_product == HargaKeranjang: null

2023-10-05 08:32:10 - [TEST_STEP][PASSED] - return data: null

2023-10-05 08:32:10 - [MESSAGE][PASSED] - Call Test Case 'Test Cases/T13 Pembelian, Shipment dan Pembayaran/PBL-002' successfully

2023-10-05 08:32:10 - [TEST_STEP][PASSED] - warnaa = getText(findTestObject("verifikasi/warna Merah")): Text of object 'Object Repository/verifikasi/warna Merah' is: 'Merah'

2023-10-05 08:32:10 - [MESSAGE][PASSED] - Text of object 'Object Repository/verifikasi/warna Merah' is: 'Merah'

2023-10-05 08:32:10 - [TEST_STEP][PASSED] - ukurann = getText(findTestObject("verifikasi/Ukuran Menengah")): Text of object 'Object Repository/verifikasi/Ukuran Menengah' is: 'Menengah'

2023-10-05 08:32:10 - [MESSAGE][PASSED] - Text of object 'Object Repository/verifikasi/Ukuran Menengah' is: 'Menengah'

2023-10-05 08:32:10 - [TEST_STEP][PASSED] - warna1 = data.get("Warna"): null

2023-10-05 08:32:10 - [TEST_STEP][PASSED] - ukuran1 = data.get("Ukuran"): null

2023-10-05 08:32:10 - [TEST_STEP][PASSED] - assert warnaa == warna1: null

2023-10-05 08:32:10 - [TEST_STEP][PASSED] - assert ukurann == ukuran1: null

2023-10-05 08:32:10 - [TEST_STEP][PASSED] - NamaCheckout = getText(findTestObject("verifikasi/NamaCheckout")): Text of object 'Object Repository/verifikasi/NamaCheckout' is: ''

2023-10-05 08:32:11 - [MESSAGE][PASSED] - Text of object 'Object Repository/verifikasi/NamaCheckout' is: ''

2023-10-05 08:32:11 - [TEST_STEP][PASSED] - HargaCheckout = getText(findTestObject("verifikasi/HargaCheckout")): Text of object 'Object Repository/verifikasi/HargaCheckout' is: '3,897'

2023-10-05 08:32:11 - [MESSAGE][PASSED] - Text of object 'Object Repository/verifikasi/HargaCheckout' is: '3,897'

2023-10-05 08:32:11 - [TEST_STEP][PASSED] - name_product = data.get("nama_barang"): null

2023-10-05 08:32:11 - [TEST_STEP][PASSED] - price_product = data.get("price_barang"): null

2023-10-05 08:32:11 - [TEST_STEP][PASSED] - assert name_product.contains(NamaCheckout): null

2023-10-05 08:32:11 - [TEST_STEP][FAILED] - assert price_product.contains(HargaCheckout): Test Cases/T13 Pembelian, Shipment dan Pembayaran/PBL-008 FAILED.
Reason:
Assertion failed: 

assert price_product.contains(HargaCheckout)
       |             |        |
       Rp 1,299      false    3,897

	at PBL-008.run(PBL-008:45)
	at com.kms.katalon.core.main.ScriptEngine.run(ScriptEngine.java:194)
	at com.kms.katalon.core.main.ScriptEngine.runScriptAsRawText(ScriptEngine.java:119)
	at com.kms.katalon.core.main.TestCaseExecutor.runScript(TestCaseExecutor.java:448)
	at com.kms.katalon.core.main.TestCaseExecutor.doExecute(TestCaseExecutor.java:439)
	at com.kms.katalon.core.main.TestCaseExecutor.processExecutionPhase(TestCaseExecutor.java:418)
	at com.kms.katalon.core.main.TestCaseExecutor.accessMainPhase(TestCaseExecutor.java:410)
	at com.kms.katalon.core.main.TestCaseExecutor.execute(TestCaseExecutor.java:285)
	at com.kms.katalon.core.common.CommonExecutor.accessTestCaseMainPhase(CommonExecutor.java:65)
	at com.kms.katalon.core.main.TestSuiteExecutor.accessTestSuiteMainPhase(TestSuiteExecutor.java:148)
	at com.kms.katalon.core.main.TestSuiteExecutor.execute(TestSuiteExecutor.java:106)
	at com.kms.katalon.core.main.TestCaseMain.startTestSuite(TestCaseMain.java:187)
	at com.kms.katalon.core.main.TestCaseMain$startTestSuite$0.call(Unknown Source)
	at TempTestSuite1696469269008.run(TempTestSuite1696469269008.groovy:36)


2023-10-05 08:32:11 - [MESSAGE][FAILED] - Test Cases/T13 Pembelian, Shipment dan Pembayaran/PBL-008 FAILED.
Reason:
Assertion failed: 

assert price_product.contains(HargaCheckout)
       |             |        |
       Rp 1,299      false    3,897

	at PBL-008.run(PBL-008:45)
	at com.kms.katalon.core.main.ScriptEngine.run(ScriptEngine.java:194)
	at com.kms.katalon.core.main.ScriptEngine.runScriptAsRawText(ScriptEngine.java:119)
	at com.kms.katalon.core.main.TestCaseExecutor.runScript(TestCaseExecutor.java:448)
	at com.kms.katalon.core.main.TestCaseExecutor.doExecute(TestCaseExecutor.java:439)
	at com.kms.katalon.core.main.TestCaseExecutor.processExecutionPhase(TestCaseExecutor.java:418)
	at com.kms.katalon.core.main.TestCaseExecutor.accessMainPhase(TestCaseExecutor.java:410)
	at com.kms.katalon.core.main.TestCaseExecutor.execute(TestCaseExecutor.java:285)
	at com.kms.katalon.core.common.CommonExecutor.accessTestCaseMainPhase(CommonExecutor.java:65)
	at com.kms.katalon.core.main.TestSuiteExecutor.accessTestSuiteMainPhase(TestSuiteExecutor.java:148)
	at com.kms.katalon.core.main.TestSuiteExecutor.execute(TestSuiteExecutor.java:106)
	at com.kms.katalon.core.main.TestCaseMain.startTestSuite(TestCaseMain.java:187)
	at com.kms.katalon.core.main.TestCaseMain$startTestSuite$0.call(Unknown Source)
	at TempTestSuite1696469269008.run(TempTestSuite1696469269008.groovy:36)]]></system-out>
         <system-err><![CDATA[2023-10-05 08:31:44 - [TEST_CASE][FAILED] - Test Cases/T13 Pembelian, Shipment dan Pembayaran/PBL-008: Test Cases/T13 Pembelian, Shipment dan Pembayaran/PBL-008 FAILED.
Reason:
Assertion failed: 

assert price_product.contains(HargaCheckout)
       |             |        |
       Rp 1,299      false    3,897

	at PBL-008.run(PBL-008:45)
	at com.kms.katalon.core.main.ScriptEngine.run(ScriptEngine.java:194)
	at com.kms.katalon.core.main.ScriptEngine.runScriptAsRawText(ScriptEngine.java:119)
	at com.kms.katalon.core.main.TestCaseExecutor.runScript(TestCaseExecutor.java:448)
	at com.kms.katalon.core.main.TestCaseExecutor.doExecute(TestCaseExecutor.java:439)
	at com.kms.katalon.core.main.TestCaseExecutor.processExecutionPhase(TestCaseExecutor.java:418)
	at com.kms.katalon.core.main.TestCaseExecutor.accessMainPhase(TestCaseExecutor.java:410)
	at com.kms.katalon.core.main.TestCaseExecutor.execute(TestCaseExecutor.java:285)
	at com.kms.katalon.core.common.CommonExecutor.accessTestCaseMainPhase(CommonExecutor.java:65)
	at com.kms.katalon.core.main.TestSuiteExecutor.accessTestSuiteMainPhase(TestSuiteExecutor.java:148)
	at com.kms.katalon.core.main.TestSuiteExecutor.execute(TestSuiteExecutor.java:106)
	at com.kms.katalon.core.main.TestCaseMain.startTestSuite(TestCaseMain.java:187)
	at com.kms.katalon.core.main.TestCaseMain$startTestSuite$0.call(Unknown Source)
	at TempTestSuite1696469269008.run(TempTestSuite1696469269008.groovy:36)]]></system-err>
      </testcase>
      <testcase name="Test Cases/T13 Pembelian, Shipment dan Pembayaran/PBL-009" time="28.558" classname="Test Cases/T13 Pembelian, Shipment dan Pembayaran/PBL-009" status="FAILED">
         <failure type="FAILED" message="Test Cases/T13 Pembelian, Shipment dan Pembayaran/PBL-009 FAILED.
Reason:
Assertion failed: 

assert price_product.contains(HargaCheckout)
       |             |        |
       Rp 1,299      false    5,196

	at PBL-009.run(PBL-009:45)
	at com.kms.katalon.core.main.ScriptEngine.run(ScriptEngine.java:194)
	at com.kms.katalon.core.main.ScriptEngine.runScriptAsRawText(ScriptEngine.java:119)
	at com.kms.katalon.core.main.TestCaseExecutor.runScript(TestCaseExecutor.java:448)
	at com.kms.katalon.core.main.TestCaseExecutor.doExecute(TestCaseExecutor.java:439)
	at com.kms.katalon.core.main.TestCaseExecutor.processExecutionPhase(TestCaseExecutor.java:418)
	at com.kms.katalon.core.main.TestCaseExecutor.accessMainPhase(TestCaseExecutor.java:410)
	at com.kms.katalon.core.main.TestCaseExecutor.execute(TestCaseExecutor.java:285)
	at com.kms.katalon.core.common.CommonExecutor.accessTestCaseMainPhase(CommonExecutor.java:65)
	at com.kms.katalon.core.main.TestSuiteExecutor.accessTestSuiteMainPhase(TestSuiteExecutor.java:148)
	at com.kms.katalon.core.main.TestSuiteExecutor.execute(TestSuiteExecutor.java:106)
	at com.kms.katalon.core.main.TestCaseMain.startTestSuite(TestCaseMain.java:187)
	at com.kms.katalon.core.main.TestCaseMain$startTestSuite$0.call(Unknown Source)
	at TempTestSuite1696469269008.run(TempTestSuite1696469269008.groovy:36)
"/>
         <system-out><![CDATA[2023-10-05 08:32:11 - [TEST_CASE][FAILED] - Test Cases/T13 Pembelian, Shipment dan Pembayaran/PBL-009: Test Cases/T13 Pembelian, Shipment dan Pembayaran/PBL-009 FAILED.
Reason:
Assertion failed: 

assert price_product.contains(HargaCheckout)
       |             |        |
       Rp 1,299      false    5,196

	at PBL-009.run(PBL-009:45)
	at com.kms.katalon.core.main.ScriptEngine.run(ScriptEngine.java:194)
	at com.kms.katalon.core.main.ScriptEngine.runScriptAsRawText(ScriptEngine.java:119)
	at com.kms.katalon.core.main.TestCaseExecutor.runScript(TestCaseExecutor.java:448)
	at com.kms.katalon.core.main.TestCaseExecutor.doExecute(TestCaseExecutor.java:439)
	at com.kms.katalon.core.main.TestCaseExecutor.processExecutionPhase(TestCaseExecutor.java:418)
	at com.kms.katalon.core.main.TestCaseExecutor.accessMainPhase(TestCaseExecutor.java:410)
	at com.kms.katalon.core.main.TestCaseExecutor.execute(TestCaseExecutor.java:285)
	at com.kms.katalon.core.common.CommonExecutor.accessTestCaseMainPhase(CommonExecutor.java:65)
	at com.kms.katalon.core.main.TestSuiteExecutor.accessTestSuiteMainPhase(TestSuiteExecutor.java:148)
	at com.kms.katalon.core.main.TestSuiteExecutor.execute(TestSuiteExecutor.java:106)
	at com.kms.katalon.core.main.TestCaseMain.startTestSuite(TestCaseMain.java:187)
	at com.kms.katalon.core.main.TestCaseMain$startTestSuite$0.call(Unknown Source)
	at TempTestSuite1696469269008.run(TempTestSuite1696469269008.groovy:36)


2023-10-05 08:32:12 - [TEST_STEP][PASSED] - data = callTestCase(findTestCase("T13 Pembelian, Shipment dan Pembayaran/PBL-002"), [:], STOP_ON_FAILURE): Call Test Case 'Test Cases/T13 Pembelian, Shipment dan Pembayaran/PBL-002' successfully

2023-10-05 08:32:12 - [TEST_CASE][PASSED] - Test Cases/T13 Pembelian, Shipment dan Pembayaran/PBL-002: Test Cases/T13 Pembelian, Shipment dan Pembayaran/PBL-002

2023-10-05 08:32:12 - [TEST_STEP][PASSED] - data = callTestCase(findTestCase("T13 Pembelian, Shipment dan Pembayaran/PBL-001"), [:], STOP_ON_FAILURE): Call Test Case 'Test Cases/T13 Pembelian, Shipment dan Pembayaran/PBL-001' successfully

2023-10-05 08:32:12 - [TEST_CASE][PASSED] - Test Cases/T13 Pembelian, Shipment dan Pembayaran/PBL-001: Test Cases/T13 Pembelian, Shipment dan Pembayaran/PBL-001

2023-10-05 08:32:12 - [TEST_STEP][PASSED] - callTestCase(findTestCase("T13 Pembelian, Shipment dan Pembayaran/LU-001"), ["username":"irfanafandi", "password":"12345irfan"], STOP_ON_FAILURE): Call Test Case 'Test Cases/T13 Pembelian, Shipment dan Pembayaran/LU-001' successfully

2023-10-05 08:32:12 - [TEST_CASE][PASSED] - Test Cases/T13 Pembelian, Shipment dan Pembayaran/LU-001: Test Cases/T13 Pembelian, Shipment dan Pembayaran/LU-001

2023-10-05 08:32:12 - [TEST_STEP][PASSED] - openBrowser("https://10.9.2.63/ecommerce/"): Browser is opened with url: 'https://10.9.2.63/ecommerce/'

2023-10-05 08:32:12 - [MESSAGE][WARNING] - A browser is already opened. Closing browser and opening a new one

2023-10-05 08:32:13 - [MESSAGE][INFO] - Starting 'Edge Chromium' driver

2023-10-05 08:32:13 - [MESSAGE][INFO] - User set preference: ['acceptInsecureCerts', 'true']

2023-10-05 08:32:13 - [MESSAGE][INFO] - Action delay is set to 0 milliseconds

2023-10-05 08:32:17 - [MESSAGE][PASSED] - Browser is opened with url: 'https://10.9.2.63/ecommerce/'

2023-10-05 08:32:17 - [TEST_STEP][PASSED] - maximizeWindow(): Current window maximized

2023-10-05 08:32:17 - [MESSAGE][PASSED] - Current window maximized

2023-10-05 08:32:17 - [TEST_STEP][PASSED] - verifyElementPresent(findTestObject("Login/Home"), 0): Object 'Object Repository/Login/Home' is present

2023-10-05 08:32:17 - [MESSAGE][WARNING] - Timeout '0' is invalid. Using default page load timeout: '30'

2023-10-05 08:32:18 - [MESSAGE][PASSED] - Object 'Object Repository/Login/Home' is present

2023-10-05 08:32:18 - [TEST_STEP][PASSED] - click(findTestObject("Login/a_Login")): Object: 'Object Repository/Login/a_Login' is clicked on

2023-10-05 08:32:18 - [MESSAGE][PASSED] - Object: 'Object Repository/Login/a_Login' is clicked on

2023-10-05 08:32:18 - [TEST_STEP][PASSED] - verifyElementPresent(findTestObject("Login/Tittle Login"), 0): Object 'Object Repository/Login/Tittle Login' is present

2023-10-05 08:32:18 - [MESSAGE][WARNING] - Timeout '0' is invalid. Using default page load timeout: '30'

2023-10-05 08:32:19 - [MESSAGE][PASSED] - Object 'Object Repository/Login/Tittle Login' is present

2023-10-05 08:32:19 - [TEST_STEP][PASSED] - setText(findTestObject("Login/input_Username, Email atau No. Handphone_a"), username): Text 'irfanafandi' is set on object 'Object Repository/Login/input_Username, Email atau No. Handphone_a'

2023-10-05 08:32:20 - [MESSAGE][PASSED] - Text 'irfanafandi' is set on object 'Object Repository/Login/input_Username, Email atau No. Handphone_a'

2023-10-05 08:32:20 - [TEST_STEP][PASSED] - setText(findTestObject("Login/input_Password_b"), password): Text '12345irfan' is set on object 'Object Repository/Login/input_Password_b'

2023-10-05 08:32:21 - [MESSAGE][PASSED] - Text '12345irfan' is set on object 'Object Repository/Login/input_Password_b'

2023-10-05 08:32:21 - [TEST_STEP][PASSED] - click(findTestObject("Login/label_Ingat saya")): Object: 'Object Repository/Login/label_Ingat saya' is clicked on

2023-10-05 08:32:21 - [MESSAGE][PASSED] - Object: 'Object Repository/Login/label_Ingat saya' is clicked on

2023-10-05 08:32:21 - [TEST_STEP][PASSED] - click(findTestObject("Login/button_Masuk")): Object: 'Object Repository/Login/button_Masuk' is clicked on

2023-10-05 08:32:23 - [MESSAGE][PASSED] - Object: 'Object Repository/Login/button_Masuk' is clicked on

2023-10-05 08:32:23 - [TEST_STEP][PASSED] - verifyElementPresent(findTestObject("Login/li_Profile"), 0): Object 'Object Repository/Login/li_Profile' is present

2023-10-05 08:32:23 - [MESSAGE][WARNING] - Timeout '0' is invalid. Using default page load timeout: '30'

2023-10-05 08:32:24 - [MESSAGE][PASSED] - Object 'Object Repository/Login/li_Profile' is present

2023-10-05 08:32:24 - [MESSAGE][PASSED] - Call Test Case 'Test Cases/T13 Pembelian, Shipment dan Pembayaran/LU-001' successfully

2023-10-05 08:32:24 - [TEST_STEP][PASSED] - mouseOver(findTestObject("beli barang/i_Mulai Belanja_icon-menu")): Object: 'Object Repository/beli barang/i_Mulai Belanja_icon-menu' is hovered

2023-10-05 08:32:24 - [MESSAGE][PASSED] - Object: 'Object Repository/beli barang/i_Mulai Belanja_icon-menu' is hovered

2023-10-05 08:32:24 - [TEST_STEP][PASSED] - click(findTestObject("beli barang/a_Fashion  Busana Wanita")): Object: 'Object Repository/beli barang/a_Fashion  Busana Wanita' is clicked on

2023-10-05 08:32:25 - [MESSAGE][PASSED] - Object: 'Object Repository/beli barang/a_Fashion  Busana Wanita' is clicked on

2023-10-05 08:32:25 - [TEST_STEP][PASSED] - NamaSebelum = getText(findTestObject("verifikasi/Nama sebelum")): Text of object 'Object Repository/verifikasi/Nama sebelum' is: ''

2023-10-05 08:32:26 - [MESSAGE][PASSED] - Text of object 'Object Repository/verifikasi/Nama sebelum' is: ''

2023-10-05 08:32:26 - [TEST_STEP][PASSED] - HargaSebelum = getText(findTestObject("verifikasi/Harga sebelum")): Text of object 'Object Repository/verifikasi/Harga sebelum' is: ''

2023-10-05 08:32:27 - [MESSAGE][PASSED] - Text of object 'Object Repository/verifikasi/Harga sebelum' is: ''

2023-10-05 08:32:27 - [TEST_STEP][PASSED] - mouseOver(findTestObject("beli barang/barang mouse over")): Object: 'Object Repository/beli barang/barang mouse over' is hovered

2023-10-05 08:32:27 - [MESSAGE][PASSED] - Object: 'Object Repository/beli barang/barang mouse over' is hovered

2023-10-05 08:32:27 - [TEST_STEP][PASSED] - click(findTestObject("beli barang/buttom add to cart")): Object: 'Object Repository/beli barang/buttom add to cart' is clicked on

2023-10-05 08:32:29 - [MESSAGE][PASSED] - Object: 'Object Repository/beli barang/buttom add to cart' is clicked on

2023-10-05 08:32:29 - [TEST_STEP][PASSED] - NamaSesudah = getText(findTestObject("verifikasi/Nama sesudah")): Text of object 'Object Repository/verifikasi/Nama sesudah' is: 'Segitiga Instan Madeira - MDB5.3 Sunset'

2023-10-05 08:32:29 - [MESSAGE][PASSED] - Text of object 'Object Repository/verifikasi/Nama sesudah' is: 'Segitiga Instan Madeira - MDB5.3 Sunset'

2023-10-05 08:32:29 - [TEST_STEP][PASSED] - HargaSesudah = getText(findTestObject("verifikasi/Harga sesudah")): Text of object 'Object Repository/verifikasi/Harga sesudah' is: 'Rp 1,299'

2023-10-05 08:32:30 - [MESSAGE][PASSED] - Text of object 'Object Repository/verifikasi/Harga sesudah' is: 'Rp 1,299'

2023-10-05 08:32:30 - [TEST_STEP][PASSED] - assert NamaSesudah.contains(NamaSebelum): null

2023-10-05 08:32:30 - [TEST_STEP][PASSED] - assert HargaSesudah.contains(HargaSebelum): null

2023-10-05 08:32:30 - [TEST_STEP][PASSED] - click(findTestObject("beli barang/Tambah Keranjang busana wanita")): Object: 'Object Repository/beli barang/Tambah Keranjang busana wanita' is clicked on

2023-10-05 08:32:30 - [MESSAGE][PASSED] - Object: 'Object Repository/beli barang/Tambah Keranjang busana wanita' is clicked on

2023-10-05 08:32:30 - [TEST_STEP][PASSED] - verifyElementPresent(findTestObject("checkout/Notifikasi keranjang"), 1): Object 'Object Repository/checkout/Notifikasi keranjang' is present

2023-10-05 08:32:31 - [MESSAGE][PASSED] - Object 'Object Repository/checkout/Notifikasi keranjang' is present

2023-10-05 08:32:31 - [TEST_STEP][PASSED] - data = new java.util.HashMap(): null

2023-10-05 08:32:31 - [TEST_STEP][PASSED] - data.put("nama_barang", NamaSesudah): null

2023-10-05 08:32:31 - [TEST_STEP][PASSED] - data.put("price_barang", HargaSesudah): null

2023-10-05 08:32:31 - [TEST_STEP][PASSED] - return data: null

2023-10-05 08:32:31 - [MESSAGE][PASSED] - Call Test Case 'Test Cases/T13 Pembelian, Shipment dan Pembayaran/PBL-001' successfully

2023-10-05 08:32:31 - [TEST_STEP][PASSED] - mouseOver(findTestObject("beli barang/keranjang")): Object: 'Object Repository/beli barang/keranjang' is hovered

2023-10-05 08:32:32 - [MESSAGE][PASSED] - Object: 'Object Repository/beli barang/keranjang' is hovered

2023-10-05 08:32:32 - [TEST_STEP][PASSED] - click(findTestObject("beli barang/Lihat Sekarang")): Object: 'Object Repository/beli barang/Lihat Sekarang' is clicked on

2023-10-05 08:32:33 - [MESSAGE][PASSED] - Object: 'Object Repository/beli barang/Lihat Sekarang' is clicked on

2023-10-05 08:32:33 - [TEST_STEP][PASSED] - verifyElementPresent(findTestObject("keranjang/li_Keranjang Belanja"), 0): Object 'Object Repository/keranjang/li_Keranjang Belanja' is present

2023-10-05 08:32:33 - [MESSAGE][WARNING] - Timeout '0' is invalid. Using default page load timeout: '30'

2023-10-05 08:32:34 - [MESSAGE][PASSED] - Object 'Object Repository/keranjang/li_Keranjang Belanja' is present

2023-10-05 08:32:34 - [TEST_STEP][PASSED] - NamaKeranjang = getText(findTestObject("verifikasi/Nama keranjang")): Text of object 'Object Repository/verifikasi/Nama keranjang' is: 'Segitiga Instan Madeira - MDB5.3 Sunset'

2023-10-05 08:32:34 - [MESSAGE][PASSED] - Text of object 'Object Repository/verifikasi/Nama keranjang' is: 'Segitiga Instan Madeira - MDB5.3 Sunset'

2023-10-05 08:32:34 - [TEST_STEP][PASSED] - HargaKeranjang = getText(findTestObject("verifikasi/Harga Keranjang")): Text of object 'Object Repository/verifikasi/Harga Keranjang' is: 'Rp 1,299'

2023-10-05 08:32:35 - [MESSAGE][PASSED] - Text of object 'Object Repository/verifikasi/Harga Keranjang' is: 'Rp 1,299'

2023-10-05 08:32:35 - [TEST_STEP][PASSED] - if (toString().equalsIgnoreCase("Merah")): Object 'Object Repository/keranjang/input_Warna_variasi101' is checked

2023-10-05 08:32:35 - [TEST_STEP][PASSED] - check(findTestObject("Object Repository/keranjang/input_Warna_variasi101")): Object 'Object Repository/keranjang/input_Warna_variasi101' is checked

2023-10-05 08:32:35 - [MESSAGE][PASSED] - Object 'Object Repository/keranjang/input_Warna_variasi101' is checked

2023-10-05 08:32:35 - [TEST_STEP][PASSED] - if (toString().equalsIgnoreCase("Menengah")): Object 'Object Repository/keranjang/input_Ukuran_variasi201' is checked

2023-10-05 08:32:35 - [TEST_STEP][PASSED] - check(findTestObject("Object Repository/keranjang/input_Ukuran_variasi201")): Object 'Object Repository/keranjang/input_Ukuran_variasi201' is checked

2023-10-05 08:32:36 - [MESSAGE][PASSED] - Object 'Object Repository/keranjang/input_Ukuran_variasi201' is checked

2023-10-05 08:32:36 - [TEST_STEP][PASSED] - data.put("Warna", warna): null

2023-10-05 08:32:36 - [TEST_STEP][PASSED] - data.put("Ukuran", ukuran): null

2023-10-05 08:32:36 - [TEST_STEP][PASSED] - click(findTestObject("keranjang/button_Lanjut ke Pembayaran")): Object: 'Object Repository/keranjang/button_Lanjut ke Pembayaran' is clicked on

2023-10-05 08:32:37 - [MESSAGE][PASSED] - Object: 'Object Repository/keranjang/button_Lanjut ke Pembayaran' is clicked on

2023-10-05 08:32:37 - [TEST_STEP][PASSED] - verifyElementPresent(findTestObject("checkout/Tittle Checkout Order"), 0): Object 'Object Repository/checkout/Tittle Checkout Order' is present

2023-10-05 08:32:37 - [MESSAGE][WARNING] - Timeout '0' is invalid. Using default page load timeout: '30'

2023-10-05 08:32:38 - [MESSAGE][PASSED] - Object 'Object Repository/checkout/Tittle Checkout Order' is present

2023-10-05 08:32:38 - [TEST_STEP][PASSED] - name_product = data.get("nama_barang"): null

2023-10-05 08:32:38 - [TEST_STEP][PASSED] - price_product = data.get("price_barang"): null

2023-10-05 08:32:38 - [TEST_STEP][PASSED] - assert name_product == NamaKeranjang: null

2023-10-05 08:32:38 - [TEST_STEP][PASSED] - assert price_product == HargaKeranjang: null

2023-10-05 08:32:38 - [TEST_STEP][PASSED] - return data: null

2023-10-05 08:32:38 - [MESSAGE][PASSED] - Call Test Case 'Test Cases/T13 Pembelian, Shipment dan Pembayaran/PBL-002' successfully

2023-10-05 08:32:38 - [TEST_STEP][PASSED] - warnaa = getText(findTestObject("verifikasi/warna Merah")): Text of object 'Object Repository/verifikasi/warna Merah' is: 'Merah'

2023-10-05 08:32:38 - [MESSAGE][PASSED] - Text of object 'Object Repository/verifikasi/warna Merah' is: 'Merah'

2023-10-05 08:32:38 - [TEST_STEP][PASSED] - ukurann = getText(findTestObject("verifikasi/Ukuran Menengah")): Text of object 'Object Repository/verifikasi/Ukuran Menengah' is: 'Menengah'

2023-10-05 08:32:39 - [MESSAGE][PASSED] - Text of object 'Object Repository/verifikasi/Ukuran Menengah' is: 'Menengah'

2023-10-05 08:32:39 - [TEST_STEP][PASSED] - warna1 = data.get("Warna"): null

2023-10-05 08:32:39 - [TEST_STEP][PASSED] - ukuran1 = data.get("Ukuran"): null

2023-10-05 08:32:39 - [TEST_STEP][PASSED] - assert warnaa == warna1: null

2023-10-05 08:32:39 - [TEST_STEP][PASSED] - assert ukurann == ukuran1: null

2023-10-05 08:32:39 - [TEST_STEP][PASSED] - NamaCheckout = getText(findTestObject("verifikasi/NamaCheckout")): Text of object 'Object Repository/verifikasi/NamaCheckout' is: ''

2023-10-05 08:32:39 - [MESSAGE][PASSED] - Text of object 'Object Repository/verifikasi/NamaCheckout' is: ''

2023-10-05 08:32:39 - [TEST_STEP][PASSED] - HargaCheckout = getText(findTestObject("verifikasi/HargaCheckout")): Text of object 'Object Repository/verifikasi/HargaCheckout' is: '5,196'

2023-10-05 08:32:40 - [MESSAGE][PASSED] - Text of object 'Object Repository/verifikasi/HargaCheckout' is: '5,196'

2023-10-05 08:32:40 - [TEST_STEP][PASSED] - name_product = data.get("nama_barang"): null

2023-10-05 08:32:40 - [TEST_STEP][PASSED] - price_product = data.get("price_barang"): null

2023-10-05 08:32:40 - [TEST_STEP][PASSED] - assert name_product.contains(NamaCheckout): null

2023-10-05 08:32:40 - [TEST_STEP][FAILED] - assert price_product.contains(HargaCheckout): Test Cases/T13 Pembelian, Shipment dan Pembayaran/PBL-009 FAILED.
Reason:
Assertion failed: 

assert price_product.contains(HargaCheckout)
       |             |        |
       Rp 1,299      false    5,196

	at PBL-009.run(PBL-009:45)
	at com.kms.katalon.core.main.ScriptEngine.run(ScriptEngine.java:194)
	at com.kms.katalon.core.main.ScriptEngine.runScriptAsRawText(ScriptEngine.java:119)
	at com.kms.katalon.core.main.TestCaseExecutor.runScript(TestCaseExecutor.java:448)
	at com.kms.katalon.core.main.TestCaseExecutor.doExecute(TestCaseExecutor.java:439)
	at com.kms.katalon.core.main.TestCaseExecutor.processExecutionPhase(TestCaseExecutor.java:418)
	at com.kms.katalon.core.main.TestCaseExecutor.accessMainPhase(TestCaseExecutor.java:410)
	at com.kms.katalon.core.main.TestCaseExecutor.execute(TestCaseExecutor.java:285)
	at com.kms.katalon.core.common.CommonExecutor.accessTestCaseMainPhase(CommonExecutor.java:65)
	at com.kms.katalon.core.main.TestSuiteExecutor.accessTestSuiteMainPhase(TestSuiteExecutor.java:148)
	at com.kms.katalon.core.main.TestSuiteExecutor.execute(TestSuiteExecutor.java:106)
	at com.kms.katalon.core.main.TestCaseMain.startTestSuite(TestCaseMain.java:187)
	at com.kms.katalon.core.main.TestCaseMain$startTestSuite$0.call(Unknown Source)
	at TempTestSuite1696469269008.run(TempTestSuite1696469269008.groovy:36)


2023-10-05 08:32:40 - [MESSAGE][FAILED] - Test Cases/T13 Pembelian, Shipment dan Pembayaran/PBL-009 FAILED.
Reason:
Assertion failed: 

assert price_product.contains(HargaCheckout)
       |             |        |
       Rp 1,299      false    5,196

	at PBL-009.run(PBL-009:45)
	at com.kms.katalon.core.main.ScriptEngine.run(ScriptEngine.java:194)
	at com.kms.katalon.core.main.ScriptEngine.runScriptAsRawText(ScriptEngine.java:119)
	at com.kms.katalon.core.main.TestCaseExecutor.runScript(TestCaseExecutor.java:448)
	at com.kms.katalon.core.main.TestCaseExecutor.doExecute(TestCaseExecutor.java:439)
	at com.kms.katalon.core.main.TestCaseExecutor.processExecutionPhase(TestCaseExecutor.java:418)
	at com.kms.katalon.core.main.TestCaseExecutor.accessMainPhase(TestCaseExecutor.java:410)
	at com.kms.katalon.core.main.TestCaseExecutor.execute(TestCaseExecutor.java:285)
	at com.kms.katalon.core.common.CommonExecutor.accessTestCaseMainPhase(CommonExecutor.java:65)
	at com.kms.katalon.core.main.TestSuiteExecutor.accessTestSuiteMainPhase(TestSuiteExecutor.java:148)
	at com.kms.katalon.core.main.TestSuiteExecutor.execute(TestSuiteExecutor.java:106)
	at com.kms.katalon.core.main.TestCaseMain.startTestSuite(TestCaseMain.java:187)
	at com.kms.katalon.core.main.TestCaseMain$startTestSuite$0.call(Unknown Source)
	at TempTestSuite1696469269008.run(TempTestSuite1696469269008.groovy:36)]]></system-out>
         <system-err><![CDATA[2023-10-05 08:32:11 - [TEST_CASE][FAILED] - Test Cases/T13 Pembelian, Shipment dan Pembayaran/PBL-009: Test Cases/T13 Pembelian, Shipment dan Pembayaran/PBL-009 FAILED.
Reason:
Assertion failed: 

assert price_product.contains(HargaCheckout)
       |             |        |
       Rp 1,299      false    5,196

	at PBL-009.run(PBL-009:45)
	at com.kms.katalon.core.main.ScriptEngine.run(ScriptEngine.java:194)
	at com.kms.katalon.core.main.ScriptEngine.runScriptAsRawText(ScriptEngine.java:119)
	at com.kms.katalon.core.main.TestCaseExecutor.runScript(TestCaseExecutor.java:448)
	at com.kms.katalon.core.main.TestCaseExecutor.doExecute(TestCaseExecutor.java:439)
	at com.kms.katalon.core.main.TestCaseExecutor.processExecutionPhase(TestCaseExecutor.java:418)
	at com.kms.katalon.core.main.TestCaseExecutor.accessMainPhase(TestCaseExecutor.java:410)
	at com.kms.katalon.core.main.TestCaseExecutor.execute(TestCaseExecutor.java:285)
	at com.kms.katalon.core.common.CommonExecutor.accessTestCaseMainPhase(CommonExecutor.java:65)
	at com.kms.katalon.core.main.TestSuiteExecutor.accessTestSuiteMainPhase(TestSuiteExecutor.java:148)
	at com.kms.katalon.core.main.TestSuiteExecutor.execute(TestSuiteExecutor.java:106)
	at com.kms.katalon.core.main.TestCaseMain.startTestSuite(TestCaseMain.java:187)
	at com.kms.katalon.core.main.TestCaseMain$startTestSuite$0.call(Unknown Source)
	at TempTestSuite1696469269008.run(TempTestSuite1696469269008.groovy:36)]]></system-err>
      </testcase>
      <testcase name="Test Cases/T13 Pembelian, Shipment dan Pembayaran/PBL-010" time="35.991" classname="Test Cases/T13 Pembelian, Shipment dan Pembayaran/PBL-010" status="FAILED">
         <failure type="FAILED" message="Test Cases/T13 Pembelian, Shipment dan Pembayaran/PBL-010 FAILED.
Reason:
com.kms.katalon.core.exception.StepFailedException: Unable to move mouse over object 'Object Repository/beli barang/i_Mulai Belanja_icon-menu'
	at com.kms.katalon.core.webui.keyword.internal.WebUIKeywordMain.stepFailed(WebUIKeywordMain.groovy:64)
	at com.kms.katalon.core.webui.keyword.internal.WebUIKeywordMain.runKeyword(WebUIKeywordMain.groovy:26)
	at com.kms.katalon.core.webui.keyword.builtin.MouseOverKeyword.mouseOver(MouseOverKeyword.groovy:66)
	at com.kms.katalon.core.webui.keyword.builtin.MouseOverKeyword.execute(MouseOverKeyword.groovy:40)
	at com.kms.katalon.core.keyword.internal.KeywordExecutor.executeKeywordForPlatform(KeywordExecutor.groovy:74)
	at com.kms.katalon.core.webui.keyword.WebUiBuiltInKeywords.mouseOver(WebUiBuiltInKeywords.groovy:806)
	at com.kms.katalon.core.webui.keyword.WebUiBuiltInKeywords$mouseOver$4.call(Unknown Source)
	at PBL-010.run(PBL-010:22)
	at com.kms.katalon.core.main.ScriptEngine.run(ScriptEngine.java:194)
	at com.kms.katalon.core.main.ScriptEngine.runScriptAsRawText(ScriptEngine.java:119)
	at com.kms.katalon.core.main.TestCaseExecutor.runScript(TestCaseExecutor.java:448)
	at com.kms.katalon.core.main.TestCaseExecutor.doExecute(TestCaseExecutor.java:439)
	at com.kms.katalon.core.main.TestCaseExecutor.processExecutionPhase(TestCaseExecutor.java:418)
	at com.kms.katalon.core.main.TestCaseExecutor.accessMainPhase(TestCaseExecutor.java:410)
	at com.kms.katalon.core.main.TestCaseExecutor.execute(TestCaseExecutor.java:285)
	at com.kms.katalon.core.common.CommonExecutor.accessTestCaseMainPhase(CommonExecutor.java:65)
	at com.kms.katalon.core.main.TestSuiteExecutor.accessTestSuiteMainPhase(TestSuiteExecutor.java:148)
	at com.kms.katalon.core.main.TestSuiteExecutor.execute(TestSuiteExecutor.java:106)
	at com.kms.katalon.core.main.TestCaseMain.startTestSuite(TestCaseMain.java:187)
	at com.kms.katalon.core.main.TestCaseMain$startTestSuite$0.call(Unknown Source)
	at TempTestSuite1696469269008.run(TempTestSuite1696469269008.groovy:36)
Caused by: org.openqa.selenium.TimeoutException: Expected condition failed: waiting for element to be clickable: [[CEdgeDriver: msedge on WINDOWS (c8916a50a1fb8cdb129a48ac9fec3638)] -> xpath: //nav/div/div/div/div/i] (tried for 30 second(s) with 500 milliseconds interval)
Build info: version: '3.141.59', revision: 'e82be7d358', time: '2018-11-14T08:25:53'
System info: host: 'DESKTOP-H62FVJ8', ip: '10.9.2.18', os.name: 'Windows 10', os.arch: 'amd64', os.version: '10.0', java.version: '1.8.0_362'
Driver info: com.kms.katalon.core.webui.driver.SmartWaitWebDriver
Capabilities {acceptInsecureCerts: true, browserName: msedge, browserVersion: 117.0.2045.43, fedcm:accounts: true, javascriptEnabled: true, ms:edgeOptions: {debuggerAddress: localhost:59409}, msedge: {msedgedriverVersion: 117.0.2045.47 (b75fe6866687..., userDataDir: C:\Users\IRFAN\AppData\Loca...}, networkConnectionEnabled: false, pageLoadStrategy: normal, platform: WINDOWS, platformName: WINDOWS, proxy: Proxy(), setWindowRect: true, strictFileInteractability: false, timeouts: {implicit: 0, pageLoad: 300000, script: 30000}, unhandledPromptBehavior: dismiss and notify, webauthn:extension:credBlob: true, webauthn:extension:largeBlob: true, webauthn:extension:minPinLength: true, webauthn:extension:prf: true, webauthn:virtualAuthenticators: true}
Session ID: c8916a50a1fb8cdb129a48ac9fec3638
	at org.openqa.selenium.support.ui.WebDriverWait.timeoutException(WebDriverWait.java:95)
	at org.openqa.selenium.support.ui.FluentWait.until(FluentWait.java:272)
	at com.kms.katalon.core.webui.keyword.builtin.MouseOverKeyword$_mouseOver_closure1.doCall(MouseOverKeyword.groovy:56)
	at com.kms.katalon.core.webui.keyword.builtin.MouseOverKeyword$_mouseOver_closure1.call(MouseOverKeyword.groovy)
	at com.kms.katalon.core.webui.keyword.internal.WebUIKeywordMain.runKeyword(WebUIKeywordMain.groovy:20)
	... 19 more
"/>
         <system-out><![CDATA[2023-10-05 08:32:40 - [TEST_CASE][FAILED] - Test Cases/T13 Pembelian, Shipment dan Pembayaran/PBL-010: Test Cases/T13 Pembelian, Shipment dan Pembayaran/PBL-010 FAILED.
Reason:
com.kms.katalon.core.exception.StepFailedException: Unable to move mouse over object 'Object Repository/beli barang/i_Mulai Belanja_icon-menu'
	at com.kms.katalon.core.webui.keyword.internal.WebUIKeywordMain.stepFailed(WebUIKeywordMain.groovy:64)
	at com.kms.katalon.core.webui.keyword.internal.WebUIKeywordMain.runKeyword(WebUIKeywordMain.groovy:26)
	at com.kms.katalon.core.webui.keyword.builtin.MouseOverKeyword.mouseOver(MouseOverKeyword.groovy:66)
	at com.kms.katalon.core.webui.keyword.builtin.MouseOverKeyword.execute(MouseOverKeyword.groovy:40)
	at com.kms.katalon.core.keyword.internal.KeywordExecutor.executeKeywordForPlatform(KeywordExecutor.groovy:74)
	at com.kms.katalon.core.webui.keyword.WebUiBuiltInKeywords.mouseOver(WebUiBuiltInKeywords.groovy:806)
	at com.kms.katalon.core.webui.keyword.WebUiBuiltInKeywords$mouseOver$4.call(Unknown Source)
	at PBL-010.run(PBL-010:22)
	at com.kms.katalon.core.main.ScriptEngine.run(ScriptEngine.java:194)
	at com.kms.katalon.core.main.ScriptEngine.runScriptAsRawText(ScriptEngine.java:119)
	at com.kms.katalon.core.main.TestCaseExecutor.runScript(TestCaseExecutor.java:448)
	at com.kms.katalon.core.main.TestCaseExecutor.doExecute(TestCaseExecutor.java:439)
	at com.kms.katalon.core.main.TestCaseExecutor.processExecutionPhase(TestCaseExecutor.java:418)
	at com.kms.katalon.core.main.TestCaseExecutor.accessMainPhase(TestCaseExecutor.java:410)
	at com.kms.katalon.core.main.TestCaseExecutor.execute(TestCaseExecutor.java:285)
	at com.kms.katalon.core.common.CommonExecutor.accessTestCaseMainPhase(CommonExecutor.java:65)
	at com.kms.katalon.core.main.TestSuiteExecutor.accessTestSuiteMainPhase(TestSuiteExecutor.java:148)
	at com.kms.katalon.core.main.TestSuiteExecutor.execute(TestSuiteExecutor.java:106)
	at com.kms.katalon.core.main.TestCaseMain.startTestSuite(TestCaseMain.java:187)
	at com.kms.katalon.core.main.TestCaseMain$startTestSuite$0.call(Unknown Source)
	at TempTestSuite1696469269008.run(TempTestSuite1696469269008.groovy:36)
Caused by: org.openqa.selenium.TimeoutException: Expected condition failed: waiting for element to be clickable: [[CEdgeDriver: msedge on WINDOWS (c8916a50a1fb8cdb129a48ac9fec3638)] -> xpath: //nav/div/div/div/div/i] (tried for 30 second(s) with 500 milliseconds interval)
Build info: version: '3.141.59', revision: 'e82be7d358', time: '2018-11-14T08:25:53'
System info: host: 'DESKTOP-H62FVJ8', ip: '10.9.2.18', os.name: 'Windows 10', os.arch: 'amd64', os.version: '10.0', java.version: '1.8.0_362'
Driver info: com.kms.katalon.core.webui.driver.SmartWaitWebDriver
Capabilities {acceptInsecureCerts: true, browserName: msedge, browserVersion: 117.0.2045.43, fedcm:accounts: true, javascriptEnabled: true, ms:edgeOptions: {debuggerAddress: localhost:59409}, msedge: {msedgedriverVersion: 117.0.2045.47 (b75fe6866687..., userDataDir: C:\Users\IRFAN\AppData\Loca...}, networkConnectionEnabled: false, pageLoadStrategy: normal, platform: WINDOWS, platformName: WINDOWS, proxy: Proxy(), setWindowRect: true, strictFileInteractability: false, timeouts: {implicit: 0, pageLoad: 300000, script: 30000}, unhandledPromptBehavior: dismiss and notify, webauthn:extension:credBlob: true, webauthn:extension:largeBlob: true, webauthn:extension:minPinLength: true, webauthn:extension:prf: true, webauthn:virtualAuthenticators: true}
Session ID: c8916a50a1fb8cdb129a48ac9fec3638
	at org.openqa.selenium.support.ui.WebDriverWait.timeoutException(WebDriverWait.java:95)
	at org.openqa.selenium.support.ui.FluentWait.until(FluentWait.java:272)
	at com.kms.katalon.core.webui.keyword.builtin.MouseOverKeyword$_mouseOver_closure1.doCall(MouseOverKeyword.groovy:56)
	at com.kms.katalon.core.webui.keyword.builtin.MouseOverKeyword$_mouseOver_closure1.call(MouseOverKeyword.groovy)
	at com.kms.katalon.core.webui.keyword.internal.WebUIKeywordMain.runKeyword(WebUIKeywordMain.groovy:20)
	... 19 more


2023-10-05 08:32:40 - [TEST_STEP][PASSED] - openBrowser("https://10.9.2.63/ecommerce/"): Browser is opened with url: 'https://10.9.2.63/ecommerce/'

2023-10-05 08:32:40 - [MESSAGE][WARNING] - A browser is already opened. Closing browser and opening a new one

2023-10-05 08:32:41 - [MESSAGE][INFO] - Starting 'Edge Chromium' driver

2023-10-05 08:32:41 - [MESSAGE][INFO] - User set preference: ['acceptInsecureCerts', 'true']

2023-10-05 08:32:41 - [MESSAGE][INFO] - Action delay is set to 0 milliseconds

2023-10-05 08:32:45 - [MESSAGE][PASSED] - Browser is opened with url: 'https://10.9.2.63/ecommerce/'

2023-10-05 08:32:45 - [TEST_STEP][FAILED] - mouseOver(findTestObject("beli barang/i_Mulai Belanja_icon-menu")): Unable to move mouse over object 'Object Repository/beli barang/i_Mulai Belanja_icon-menu' (Root cause: com.kms.katalon.core.exception.StepFailedException: Unable to move mouse over object 'Object Repository/beli barang/i_Mulai Belanja_icon-menu'
	at com.kms.katalon.core.webui.keyword.internal.WebUIKeywordMain.stepFailed(WebUIKeywordMain.groovy:64)
	at com.kms.katalon.core.webui.keyword.internal.WebUIKeywordMain.runKeyword(WebUIKeywordMain.groovy:26)
	at com.kms.katalon.core.webui.keyword.builtin.MouseOverKeyword.mouseOver(MouseOverKeyword.groovy:66)
	at com.kms.katalon.core.webui.keyword.builtin.MouseOverKeyword.execute(MouseOverKeyword.groovy:40)
	at com.kms.katalon.core.keyword.internal.KeywordExecutor.executeKeywordForPlatform(KeywordExecutor.groovy:74)
	at com.kms.katalon.core.webui.keyword.WebUiBuiltInKeywords.mouseOver(WebUiBuiltInKeywords.groovy:806)
	at com.kms.katalon.core.webui.keyword.WebUiBuiltInKeywords$mouseOver$4.call(Unknown Source)
	at PBL-010.run(PBL-010:22)
	at com.kms.katalon.core.main.ScriptEngine.run(ScriptEngine.java:194)
	at com.kms.katalon.core.main.ScriptEngine.runScriptAsRawText(ScriptEngine.java:119)
	at com.kms.katalon.core.main.TestCaseExecutor.runScript(TestCaseExecutor.java:448)
	at com.kms.katalon.core.main.TestCaseExecutor.doExecute(TestCaseExecutor.java:439)
	at com.kms.katalon.core.main.TestCaseExecutor.processExecutionPhase(TestCaseExecutor.java:418)
	at com.kms.katalon.core.main.TestCaseExecutor.accessMainPhase(TestCaseExecutor.java:410)
	at com.kms.katalon.core.main.TestCaseExecutor.execute(TestCaseExecutor.java:285)
	at com.kms.katalon.core.common.CommonExecutor.accessTestCaseMainPhase(CommonExecutor.java:65)
	at com.kms.katalon.core.main.TestSuiteExecutor.accessTestSuiteMainPhase(TestSuiteExecutor.java:148)
	at com.kms.katalon.core.main.TestSuiteExecutor.execute(TestSuiteExecutor.java:106)
	at com.kms.katalon.core.main.TestCaseMain.startTestSuite(TestCaseMain.java:187)
	at com.kms.katalon.core.main.TestCaseMain$startTestSuite$0.call(Unknown Source)
	at TempTestSuite1696469269008.run(TempTestSuite1696469269008.groovy:36)
Caused by: org.openqa.selenium.TimeoutException: Expected condition failed: waiting for element to be clickable: [[CEdgeDriver: msedge on WINDOWS (c8916a50a1fb8cdb129a48ac9fec3638)] -> xpath: //nav/div/div/div/div/i] (tried for 30 second(s) with 500 milliseconds interval)
Build info: version: '3.141.59', revision: 'e82be7d358', time: '2018-11-14T08:25:53'
System info: host: 'DESKTOP-H62FVJ8', ip: '10.9.2.18', os.name: 'Windows 10', os.arch: 'amd64', os.version: '10.0', java.version: '1.8.0_362'
Driver info: com.kms.katalon.core.webui.driver.SmartWaitWebDriver
Capabilities {acceptInsecureCerts: true, browserName: msedge, browserVersion: 117.0.2045.43, fedcm:accounts: true, javascriptEnabled: true, ms:edgeOptions: {debuggerAddress: localhost:59409}, msedge: {msedgedriverVersion: 117.0.2045.47 (b75fe6866687..., userDataDir: C:\Users\IRFAN\AppData\Loca...}, networkConnectionEnabled: false, pageLoadStrategy: normal, platform: WINDOWS, platformName: WINDOWS, proxy: Proxy(), setWindowRect: true, strictFileInteractability: false, timeouts: {implicit: 0, pageLoad: 300000, script: 30000}, unhandledPromptBehavior: dismiss and notify, webauthn:extension:credBlob: true, webauthn:extension:largeBlob: true, webauthn:extension:minPinLength: true, webauthn:extension:prf: true, webauthn:virtualAuthenticators: true}
Session ID: c8916a50a1fb8cdb129a48ac9fec3638
	at org.openqa.selenium.support.ui.WebDriverWait.timeoutException(WebDriverWait.java:95)
	at org.openqa.selenium.support.ui.FluentWait.until(FluentWait.java:272)
	at com.kms.katalon.core.webui.keyword.builtin.MouseOverKeyword$_mouseOver_closure1.doCall(MouseOverKeyword.groovy:56)
	at com.kms.katalon.core.webui.keyword.builtin.MouseOverKeyword$_mouseOver_closure1.call(MouseOverKeyword.groovy)
	at com.kms.katalon.core.webui.keyword.internal.WebUIKeywordMain.runKeyword(WebUIKeywordMain.groovy:20)
	at com.kms.katalon.core.webui.keyword.builtin.MouseOverKeyword.mouseOver(MouseOverKeyword.groovy:66)
	at com.kms.katalon.core.webui.keyword.builtin.MouseOverKeyword.execute(MouseOverKeyword.groovy:40)
	at com.kms.katalon.core.keyword.internal.KeywordExecutor.executeKeywordForPlatform(KeywordExecutor.groovy:74)
	at com.kms.katalon.core.webui.keyword.WebUiBuiltInKeywords.mouseOver(WebUiBuiltInKeywords.groovy:806)
	at com.kms.katalon.core.webui.keyword.WebUiBuiltInKeywords$mouseOver$4.call(Unknown Source)
	at Script1695957695263.run(Script1695957695263.groovy:22)
	... 13 more
)

2023-10-05 08:33:16 - [MESSAGE][FAILED] - Unable to move mouse over object 'Object Repository/beli barang/i_Mulai Belanja_icon-menu' (Root cause: com.kms.katalon.core.exception.StepFailedException: Unable to move mouse over object 'Object Repository/beli barang/i_Mulai Belanja_icon-menu'
	at com.kms.katalon.core.webui.keyword.internal.WebUIKeywordMain.stepFailed(WebUIKeywordMain.groovy:64)
	at com.kms.katalon.core.webui.keyword.internal.WebUIKeywordMain.runKeyword(WebUIKeywordMain.groovy:26)
	at com.kms.katalon.core.webui.keyword.builtin.MouseOverKeyword.mouseOver(MouseOverKeyword.groovy:66)
	at com.kms.katalon.core.webui.keyword.builtin.MouseOverKeyword.execute(MouseOverKeyword.groovy:40)
	at com.kms.katalon.core.keyword.internal.KeywordExecutor.executeKeywordForPlatform(KeywordExecutor.groovy:74)
	at com.kms.katalon.core.webui.keyword.WebUiBuiltInKeywords.mouseOver(WebUiBuiltInKeywords.groovy:806)
	at com.kms.katalon.core.webui.keyword.WebUiBuiltInKeywords$mouseOver$4.call(Unknown Source)
	at PBL-010.run(PBL-010:22)
	at com.kms.katalon.core.main.ScriptEngine.run(ScriptEngine.java:194)
	at com.kms.katalon.core.main.ScriptEngine.runScriptAsRawText(ScriptEngine.java:119)
	at com.kms.katalon.core.main.TestCaseExecutor.runScript(TestCaseExecutor.java:448)
	at com.kms.katalon.core.main.TestCaseExecutor.doExecute(TestCaseExecutor.java:439)
	at com.kms.katalon.core.main.TestCaseExecutor.processExecutionPhase(TestCaseExecutor.java:418)
	at com.kms.katalon.core.main.TestCaseExecutor.accessMainPhase(TestCaseExecutor.java:410)
	at com.kms.katalon.core.main.TestCaseExecutor.execute(TestCaseExecutor.java:285)
	at com.kms.katalon.core.common.CommonExecutor.accessTestCaseMainPhase(CommonExecutor.java:65)
	at com.kms.katalon.core.main.TestSuiteExecutor.accessTestSuiteMainPhase(TestSuiteExecutor.java:148)
	at com.kms.katalon.core.main.TestSuiteExecutor.execute(TestSuiteExecutor.java:106)
	at com.kms.katalon.core.main.TestCaseMain.startTestSuite(TestCaseMain.java:187)
	at com.kms.katalon.core.main.TestCaseMain$startTestSuite$0.call(Unknown Source)
	at TempTestSuite1696469269008.run(TempTestSuite1696469269008.groovy:36)
Caused by: org.openqa.selenium.TimeoutException: Expected condition failed: waiting for element to be clickable: [[CEdgeDriver: msedge on WINDOWS (c8916a50a1fb8cdb129a48ac9fec3638)] -> xpath: //nav/div/div/div/div/i] (tried for 30 second(s) with 500 milliseconds interval)
Build info: version: '3.141.59', revision: 'e82be7d358', time: '2018-11-14T08:25:53'
System info: host: 'DESKTOP-H62FVJ8', ip: '10.9.2.18', os.name: 'Windows 10', os.arch: 'amd64', os.version: '10.0', java.version: '1.8.0_362'
Driver info: com.kms.katalon.core.webui.driver.SmartWaitWebDriver
Capabilities {acceptInsecureCerts: true, browserName: msedge, browserVersion: 117.0.2045.43, fedcm:accounts: true, javascriptEnabled: true, ms:edgeOptions: {debuggerAddress: localhost:59409}, msedge: {msedgedriverVersion: 117.0.2045.47 (b75fe6866687..., userDataDir: C:\Users\IRFAN\AppData\Loca...}, networkConnectionEnabled: false, pageLoadStrategy: normal, platform: WINDOWS, platformName: WINDOWS, proxy: Proxy(), setWindowRect: true, strictFileInteractability: false, timeouts: {implicit: 0, pageLoad: 300000, script: 30000}, unhandledPromptBehavior: dismiss and notify, webauthn:extension:credBlob: true, webauthn:extension:largeBlob: true, webauthn:extension:minPinLength: true, webauthn:extension:prf: true, webauthn:virtualAuthenticators: true}
Session ID: c8916a50a1fb8cdb129a48ac9fec3638
	at org.openqa.selenium.support.ui.WebDriverWait.timeoutException(WebDriverWait.java:95)
	at org.openqa.selenium.support.ui.FluentWait.until(FluentWait.java:272)
	at com.kms.katalon.core.webui.keyword.builtin.MouseOverKeyword$_mouseOver_closure1.doCall(MouseOverKeyword.groovy:56)
	at com.kms.katalon.core.webui.keyword.builtin.MouseOverKeyword$_mouseOver_closure1.call(MouseOverKeyword.groovy)
	at com.kms.katalon.core.webui.keyword.internal.WebUIKeywordMain.runKeyword(WebUIKeywordMain.groovy:20)
	at com.kms.katalon.core.webui.keyword.builtin.MouseOverKeyword.mouseOver(MouseOverKeyword.groovy:66)
	at com.kms.katalon.core.webui.keyword.builtin.MouseOverKeyword.execute(MouseOverKeyword.groovy:40)
	at com.kms.katalon.core.keyword.internal.KeywordExecutor.executeKeywordForPlatform(KeywordExecutor.groovy:74)
	at com.kms.katalon.core.webui.keyword.WebUiBuiltInKeywords.mouseOver(WebUiBuiltInKeywords.groovy:806)
	at com.kms.katalon.core.webui.keyword.WebUiBuiltInKeywords$mouseOver$4.call(Unknown Source)
	at Script1695957695263.run(Script1695957695263.groovy:22)
	... 13 more
)
[[ATTACHMENT|C:\\FT2 XSIS\\Projek 2 MINI PROJEK\\Reports\\20231005_082748\\T13 Pembelian, Shipment dan Pembayaran\\T13 Pembelian, Shipment dan Pembayaran\\20231005_082749\\1696469595967.png]]]]></system-out>
         <system-err><![CDATA[2023-10-05 08:32:40 - [TEST_CASE][FAILED] - Test Cases/T13 Pembelian, Shipment dan Pembayaran/PBL-010: Test Cases/T13 Pembelian, Shipment dan Pembayaran/PBL-010 FAILED.
Reason:
com.kms.katalon.core.exception.StepFailedException: Unable to move mouse over object 'Object Repository/beli barang/i_Mulai Belanja_icon-menu'
	at com.kms.katalon.core.webui.keyword.internal.WebUIKeywordMain.stepFailed(WebUIKeywordMain.groovy:64)
	at com.kms.katalon.core.webui.keyword.internal.WebUIKeywordMain.runKeyword(WebUIKeywordMain.groovy:26)
	at com.kms.katalon.core.webui.keyword.builtin.MouseOverKeyword.mouseOver(MouseOverKeyword.groovy:66)
	at com.kms.katalon.core.webui.keyword.builtin.MouseOverKeyword.execute(MouseOverKeyword.groovy:40)
	at com.kms.katalon.core.keyword.internal.KeywordExecutor.executeKeywordForPlatform(KeywordExecutor.groovy:74)
	at com.kms.katalon.core.webui.keyword.WebUiBuiltInKeywords.mouseOver(WebUiBuiltInKeywords.groovy:806)
	at com.kms.katalon.core.webui.keyword.WebUiBuiltInKeywords$mouseOver$4.call(Unknown Source)
	at PBL-010.run(PBL-010:22)
	at com.kms.katalon.core.main.ScriptEngine.run(ScriptEngine.java:194)
	at com.kms.katalon.core.main.ScriptEngine.runScriptAsRawText(ScriptEngine.java:119)
	at com.kms.katalon.core.main.TestCaseExecutor.runScript(TestCaseExecutor.java:448)
	at com.kms.katalon.core.main.TestCaseExecutor.doExecute(TestCaseExecutor.java:439)
	at com.kms.katalon.core.main.TestCaseExecutor.processExecutionPhase(TestCaseExecutor.java:418)
	at com.kms.katalon.core.main.TestCaseExecutor.accessMainPhase(TestCaseExecutor.java:410)
	at com.kms.katalon.core.main.TestCaseExecutor.execute(TestCaseExecutor.java:285)
	at com.kms.katalon.core.common.CommonExecutor.accessTestCaseMainPhase(CommonExecutor.java:65)
	at com.kms.katalon.core.main.TestSuiteExecutor.accessTestSuiteMainPhase(TestSuiteExecutor.java:148)
	at com.kms.katalon.core.main.TestSuiteExecutor.execute(TestSuiteExecutor.java:106)
	at com.kms.katalon.core.main.TestCaseMain.startTestSuite(TestCaseMain.java:187)
	at com.kms.katalon.core.main.TestCaseMain$startTestSuite$0.call(Unknown Source)
	at TempTestSuite1696469269008.run(TempTestSuite1696469269008.groovy:36)
Caused by: org.openqa.selenium.TimeoutException: Expected condition failed: waiting for element to be clickable: [[CEdgeDriver: msedge on WINDOWS (c8916a50a1fb8cdb129a48ac9fec3638)] -> xpath: //nav/div/div/div/div/i] (tried for 30 second(s) with 500 milliseconds interval)
Build info: version: '3.141.59', revision: 'e82be7d358', time: '2018-11-14T08:25:53'
System info: host: 'DESKTOP-H62FVJ8', ip: '10.9.2.18', os.name: 'Windows 10', os.arch: 'amd64', os.version: '10.0', java.version: '1.8.0_362'
Driver info: com.kms.katalon.core.webui.driver.SmartWaitWebDriver
Capabilities {acceptInsecureCerts: true, browserName: msedge, browserVersion: 117.0.2045.43, fedcm:accounts: true, javascriptEnabled: true, ms:edgeOptions: {debuggerAddress: localhost:59409}, msedge: {msedgedriverVersion: 117.0.2045.47 (b75fe6866687..., userDataDir: C:\Users\IRFAN\AppData\Loca...}, networkConnectionEnabled: false, pageLoadStrategy: normal, platform: WINDOWS, platformName: WINDOWS, proxy: Proxy(), setWindowRect: true, strictFileInteractability: false, timeouts: {implicit: 0, pageLoad: 300000, script: 30000}, unhandledPromptBehavior: dismiss and notify, webauthn:extension:credBlob: true, webauthn:extension:largeBlob: true, webauthn:extension:minPinLength: true, webauthn:extension:prf: true, webauthn:virtualAuthenticators: true}
Session ID: c8916a50a1fb8cdb129a48ac9fec3638
	at org.openqa.selenium.support.ui.WebDriverWait.timeoutException(WebDriverWait.java:95)
	at org.openqa.selenium.support.ui.FluentWait.until(FluentWait.java:272)
	at com.kms.katalon.core.webui.keyword.builtin.MouseOverKeyword$_mouseOver_closure1.doCall(MouseOverKeyword.groovy:56)
	at com.kms.katalon.core.webui.keyword.builtin.MouseOverKeyword$_mouseOver_closure1.call(MouseOverKeyword.groovy)
	at com.kms.katalon.core.webui.keyword.internal.WebUIKeywordMain.runKeyword(WebUIKeywordMain.groovy:20)
	... 19 more]]></system-err>
      </testcase>
      <system-out><![CDATA[2023-10-05 08:27:51 - [TEST_SUITE][FAILED] - T13 Pembelian, Shipment dan Pembayaran: Test Cases/T13 Pembelian, Shipment dan Pembayaran/PBL-003 FAILED.
Reason:
com.kms.katalon.core.exception.StepFailedException: Unable to verify text 'Silakan pilih warna dan ukuran produk' is present 
	at com.kms.katalon.core.webui.keyword.internal.WebUIKeywordMain.stepFailed(WebUIKeywordMain.groovy:64)
	at com.kms.katalon.core.webui.keyword.internal.WebUIKeywordMain.runKeyword(WebUIKeywordMain.groovy:26)
	at com.kms.katalon.core.webui.keyword.builtin.VerifyTextPresentKeyword.verifyTextPresent(VerifyTextPresentKeyword.groovy:83)
	at com.kms.katalon.core.webui.keyword.builtin.VerifyTextPresentKeyword.execute(VerifyTextPresentKeyword.groovy:68)
	at com.kms.katalon.core.keyword.internal.KeywordExecutor.executeKeywordForPlatform(KeywordExecutor.groovy:74)
	at com.kms.katalon.core.webui.keyword.WebUiBuiltInKeywords.verifyTextPresent(WebUiBuiltInKeywords.groovy:1723)
	at com.kms.katalon.core.webui.keyword.WebUiBuiltInKeywords$verifyTextPresent$7.call(Unknown Source)
	at PBL-003.run(PBL-003:55)
	at com.kms.katalon.core.main.ScriptEngine.run(ScriptEngine.java:194)
	at com.kms.katalon.core.main.ScriptEngine.runScriptAsRawText(ScriptEngine.java:119)
	at com.kms.katalon.core.main.TestCaseExecutor.runScript(TestCaseExecutor.java:448)
	at com.kms.katalon.core.main.TestCaseExecutor.doExecute(TestCaseExecutor.java:439)
	at com.kms.katalon.core.main.TestCaseExecutor.processExecutionPhase(TestCaseExecutor.java:418)
	at com.kms.katalon.core.main.TestCaseExecutor.accessMainPhase(TestCaseExecutor.java:410)
	at com.kms.katalon.core.main.TestCaseExecutor.execute(TestCaseExecutor.java:285)
	at com.kms.katalon.core.common.CommonExecutor.accessTestCaseMainPhase(CommonExecutor.java:65)
	at com.kms.katalon.core.main.TestSuiteExecutor.accessTestSuiteMainPhase(TestSuiteExecutor.java:148)
	at com.kms.katalon.core.main.TestSuiteExecutor.execute(TestSuiteExecutor.java:106)
	at com.kms.katalon.core.main.TestCaseMain.startTestSuite(TestCaseMain.java:187)
	at com.kms.katalon.core.main.TestCaseMain$startTestSuite$0.call(Unknown Source)
	at TempTestSuite1696469269008.run(TempTestSuite1696469269008.groovy:36)
Caused by: com.kms.katalon.core.exception.StepFailedException: Text 'Silakan pilih warna dan ukuran produk' is not present on page 
	at com.kms.katalon.core.webui.keyword.internal.WebUIKeywordMain.stepFailed(WebUIKeywordMain.groovy:64)
	at com.kms.katalon.core.webui.keyword.builtin.VerifyTextPresentKeyword$_verifyTextPresent_closure1.doCall(VerifyTextPresentKeyword.groovy:79)
	at com.kms.katalon.core.webui.keyword.builtin.VerifyTextPresentKeyword$_verifyTextPresent_closure1.call(VerifyTextPresentKeyword.groovy)
	at com.kms.katalon.core.webui.keyword.internal.WebUIKeywordMain.runKeyword(WebUIKeywordMain.groovy:20)
	... 19 more]]></system-out>
      <system-err><![CDATA[2023-10-05 08:27:51 - [TEST_SUITE][FAILED] - T13 Pembelian, Shipment dan Pembayaran: Test Cases/T13 Pembelian, Shipment dan Pembayaran/PBL-003 FAILED.
Reason:
com.kms.katalon.core.exception.StepFailedException: Unable to verify text 'Silakan pilih warna dan ukuran produk' is present 
	at com.kms.katalon.core.webui.keyword.internal.WebUIKeywordMain.stepFailed(WebUIKeywordMain.groovy:64)
	at com.kms.katalon.core.webui.keyword.internal.WebUIKeywordMain.runKeyword(WebUIKeywordMain.groovy:26)
	at com.kms.katalon.core.webui.keyword.builtin.VerifyTextPresentKeyword.verifyTextPresent(VerifyTextPresentKeyword.groovy:83)
	at com.kms.katalon.core.webui.keyword.builtin.VerifyTextPresentKeyword.execute(VerifyTextPresentKeyword.groovy:68)
	at com.kms.katalon.core.keyword.internal.KeywordExecutor.executeKeywordForPlatform(KeywordExecutor.groovy:74)
	at com.kms.katalon.core.webui.keyword.WebUiBuiltInKeywords.verifyTextPresent(WebUiBuiltInKeywords.groovy:1723)
	at com.kms.katalon.core.webui.keyword.WebUiBuiltInKeywords$verifyTextPresent$7.call(Unknown Source)
	at PBL-003.run(PBL-003:55)
	at com.kms.katalon.core.main.ScriptEngine.run(ScriptEngine.java:194)
	at com.kms.katalon.core.main.ScriptEngine.runScriptAsRawText(ScriptEngine.java:119)
	at com.kms.katalon.core.main.TestCaseExecutor.runScript(TestCaseExecutor.java:448)
	at com.kms.katalon.core.main.TestCaseExecutor.doExecute(TestCaseExecutor.java:439)
	at com.kms.katalon.core.main.TestCaseExecutor.processExecutionPhase(TestCaseExecutor.java:418)
	at com.kms.katalon.core.main.TestCaseExecutor.accessMainPhase(TestCaseExecutor.java:410)
	at com.kms.katalon.core.main.TestCaseExecutor.execute(TestCaseExecutor.java:285)
	at com.kms.katalon.core.common.CommonExecutor.accessTestCaseMainPhase(CommonExecutor.java:65)
	at com.kms.katalon.core.main.TestSuiteExecutor.accessTestSuiteMainPhase(TestSuiteExecutor.java:148)
	at com.kms.katalon.core.main.TestSuiteExecutor.execute(TestSuiteExecutor.java:106)
	at com.kms.katalon.core.main.TestCaseMain.startTestSuite(TestCaseMain.java:187)
	at com.kms.katalon.core.main.TestCaseMain$startTestSuite$0.call(Unknown Source)
	at TempTestSuite1696469269008.run(TempTestSuite1696469269008.groovy:36)
Caused by: com.kms.katalon.core.exception.StepFailedException: Text 'Silakan pilih warna dan ukuran produk' is not present on page 
	at com.kms.katalon.core.webui.keyword.internal.WebUIKeywordMain.stepFailed(WebUIKeywordMain.groovy:64)
	at com.kms.katalon.core.webui.keyword.builtin.VerifyTextPresentKeyword$_verifyTextPresent_closure1.doCall(VerifyTextPresentKeyword.groovy:79)
	at com.kms.katalon.core.webui.keyword.builtin.VerifyTextPresentKeyword$_verifyTextPresent_closure1.call(VerifyTextPresentKeyword.groovy)
	at com.kms.katalon.core.webui.keyword.internal.WebUIKeywordMain.runKeyword(WebUIKeywordMain.groovy:20)
	... 19 more]]></system-err>
   </testsuite>
</testsuites>
