<?xml version="1.0" encoding="UTF-8"?>
<testsuites name="pencarian toko" time="413.805" tests="14" failures="7" errors="0">
   <testsuite name="pencarian toko" tests="14" failures="7" errors="0" time="413.805" skipped="0" timestamp="2023-09-06 09:14:53" hostname="IRFAN - DESKTOP-H62FVJ8" id="Test Suites/pencarian toko/pencarian toko">
      <properties>
         <property name="deviceName" value=""/>
         <property name="devicePlatform" value=""/>
         <property name="logFolder" value="D:\\Project XSIS\\batch-324-qa\\irfan\\Projek Eval 2 Tajalapak dan administrator\\Reports\\20230906_091450\\pencarian toko\\pencarian toko\\20230906_091450"/>
         <property name="logFiles" value="D:\\Project XSIS\\batch-324-qa\\irfan\\Projek Eval 2 Tajalapak dan administrator\\Reports\\20230906_091450\\pencarian toko\\pencarian toko\\20230906_091450\\execution0.log"/>
         <property name="attachments" value="D:\\Project XSIS\\batch-324-qa\\irfan\\Projek Eval 2 Tajalapak dan administrator\\Reports\\20230906_091450\\pencarian toko\\pencarian toko\\20230906_091450\\1693966583407.png, D:\\Project XSIS\\batch-324-qa\\irfan\\Projek Eval 2 Tajalapak dan administrator\\Reports\\20230906_091450\\pencarian toko\\pencarian toko\\20230906_091450\\1693966583678.png, D:\\Project XSIS\\batch-324-qa\\irfan\\Projek Eval 2 Tajalapak dan administrator\\Reports\\20230906_091450\\pencarian toko\\pencarian toko\\20230906_091450\\1693966703576.png, D:\\Project XSIS\\batch-324-qa\\irfan\\Projek Eval 2 Tajalapak dan administrator\\Reports\\20230906_091450\\pencarian toko\\pencarian toko\\20230906_091450\\1693966703723.png, D:\\Project XSIS\\batch-324-qa\\irfan\\Projek Eval 2 Tajalapak dan administrator\\Reports\\20230906_091450\\pencarian toko\\pencarian toko\\20230906_091450\\1693966724236.png, D:\\Project XSIS\\batch-324-qa\\irfan\\Projek Eval 2 Tajalapak dan administrator\\Reports\\20230906_091450\\pencarian toko\\pencarian toko\\20230906_091450\\1693966724383.png, D:\\Project XSIS\\batch-324-qa\\irfan\\Projek Eval 2 Tajalapak dan administrator\\Reports\\20230906_091450\\pencarian toko\\pencarian toko\\20230906_091450\\1693966743672.png, D:\\Project XSIS\\batch-324-qa\\irfan\\Projek Eval 2 Tajalapak dan administrator\\Reports\\20230906_091450\\pencarian toko\\pencarian toko\\20230906_091450\\1693966743817.png, D:\\Project XSIS\\batch-324-qa\\irfan\\Projek Eval 2 Tajalapak dan administrator\\Reports\\20230906_091450\\pencarian toko\\pencarian toko\\20230906_091450\\1693966764177.png, D:\\Project XSIS\\batch-324-qa\\irfan\\Projek Eval 2 Tajalapak dan administrator\\Reports\\20230906_091450\\pencarian toko\\pencarian toko\\20230906_091450\\1693966764345.png, D:\\Project XSIS\\batch-324-qa\\irfan\\Projek Eval 2 Tajalapak dan administrator\\Reports\\20230906_091450\\pencarian toko\\pencarian toko\\20230906_091450\\1693966788896.png, D:\\Project XSIS\\batch-324-qa\\irfan\\Projek Eval 2 Tajalapak dan administrator\\Reports\\20230906_091450\\pencarian toko\\pencarian toko\\20230906_091450\\1693966789025.png"/>
         <property name="hostName" value="IRFAN - DESKTOP-H62FVJ8"/>
         <property name="os" value="Windows 10 64bit"/>
         <property name="katalonVersion" value="8.6.5.208"/>
         <property name="browser" value="Edge Chromium 116"/>
         <property name="hostAddress" value="10.9.2.36"/>
         <property name="sessionId" value="c03493fabeb7859843ca669a365f2454"/>
         <property name="seleniumVersion" value="3.141.59"/>
         <property name="proxyInformation" value="ProxyInformation { proxyOption=NO_PROXY, proxyServerType=HTTP, username=, password=********, proxyServerAddress=, proxyServerPort=0, executionList=&quot;&quot;, isApplyToDesiredCapabilities=true }"/>
         <property name="platform" value="Windows 10"/>
      </properties>
      <testcase name="Test Cases/T05 Pencarian Toko/TC-Cari Toko administrator-search-001" time="32.056" classname="Test Cases/T05 Pencarian Toko/TC-Cari Toko administrator-search-001" status="PASSED">
         <system-out><![CDATA[2023-09-06 09:14:53 - [TEST_CASE][PASSED] - Test Cases/T05 Pencarian Toko/TC-Cari Toko administrator-search-001: Test Cases/T05 Pencarian Toko/TC-Cari Toko administrator-search-001

2023-09-06 09:14:54 - [TEST_STEP][PASSED] - callTestCase(findTestCase("Login/TC-Login Admin-Success-001"), ["Username":"admin", "Password":"123admin123"], STOP_ON_FAILURE): Call Test Case 'Test Cases/Login/TC-Login Admin-Success-001' successfully

2023-09-06 09:14:54 - [TEST_CASE][PASSED] - Test Cases/Login/TC-Login Admin-Success-001: Test Cases/Login/TC-Login Admin-Success-001

2023-09-06 09:14:54 - [TEST_STEP][PASSED] - openBrowser("https://10.9.2.63/ecommerce/administrator/"): Browser is opened with url: 'https://10.9.2.63/ecommerce/administrator/'

2023-09-06 09:14:55 - [MESSAGE][INFO] - Starting 'Edge Chromium' driver

2023-09-06 09:14:55 - [MESSAGE][INFO] - User set preference: ['acceptInsecureCerts', 'true']

2023-09-06 09:14:57 - [MESSAGE][INFO] - Action delay is set to 0 milliseconds

2023-09-06 09:15:01 - [MESSAGE][PASSED] - Browser is opened with url: 'https://10.9.2.63/ecommerce/administrator/'

2023-09-06 09:15:01 - [TEST_STEP][PASSED] - maximizeWindow(): Current window maximized

2023-09-06 09:15:01 - [MESSAGE][PASSED] - Current window maximized

2023-09-06 09:15:01 - [TEST_STEP][PASSED] - verifyElementPresent(findTestObject("Login admin/Tittle ADMIN"), 0): Object 'Object Repository/Login admin/Tittle ADMIN' is present

2023-09-06 09:15:01 - [MESSAGE][WARNING] - Timeout '0' is invalid. Using default page load timeout: '30'

2023-09-06 09:15:02 - [MESSAGE][PASSED] - Object 'Object Repository/Login admin/Tittle ADMIN' is present

2023-09-06 09:15:02 - [TEST_STEP][PASSED] - setText(findTestObject("Login/input_Username, Email atau No. Handphone_a"), Username): Text 'admin' is set on object 'Object Repository/Login/input_Username, Email atau No. Handphone_a'

2023-09-06 09:15:03 - [MESSAGE][PASSED] - Text 'admin' is set on object 'Object Repository/Login/input_Username, Email atau No. Handphone_a'

2023-09-06 09:15:03 - [TEST_STEP][PASSED] - setText(findTestObject("Login/input_Password"), Password): Text '123admin123' is set on object 'Object Repository/Login/input_Password'

2023-09-06 09:15:04 - [MESSAGE][PASSED] - Text '123admin123' is set on object 'Object Repository/Login/input_Password'

2023-09-06 09:15:04 - [TEST_STEP][PASSED] - click(findTestObject("Login admin/buttom Remember Me")): Object: 'Object Repository/Login admin/buttom Remember Me' is clicked on

2023-09-06 09:15:05 - [MESSAGE][PASSED] - Object: 'Object Repository/Login admin/buttom Remember Me' is clicked on

2023-09-06 09:15:05 - [TEST_STEP][PASSED] - delay(10): Delayed 10 second(s)

2023-09-06 09:15:15 - [MESSAGE][PASSED] - Delayed 10 second(s)

2023-09-06 09:15:15 - [TEST_STEP][PASSED] - click(findTestObject("Login admin/buttom sign in")): Object: 'Object Repository/Login admin/buttom sign in' is clicked on

2023-09-06 09:15:19 - [MESSAGE][PASSED] - Object: 'Object Repository/Login admin/buttom sign in' is clicked on

2023-09-06 09:15:19 - [TEST_STEP][PASSED] - verifyElementPresent(findTestObject("Login admin/Tittle Dashboard"), 0): Object 'Object Repository/Login admin/Tittle Dashboard' is present

2023-09-06 09:15:19 - [MESSAGE][WARNING] - Timeout '0' is invalid. Using default page load timeout: '30'

2023-09-06 09:15:20 - [MESSAGE][PASSED] - Object 'Object Repository/Login admin/Tittle Dashboard' is present

2023-09-06 09:15:20 - [MESSAGE][PASSED] - Call Test Case 'Test Cases/Login/TC-Login Admin-Success-001' successfully

2023-09-06 09:15:20 - [TEST_STEP][PASSED] - click(findTestObject("Menu pencarian Toko admin/Menu Master Market")): Object: 'Object Repository/Menu pencarian Toko admin/Menu Master Market' is clicked on

2023-09-06 09:15:20 - [MESSAGE][PASSED] - Object: 'Object Repository/Menu pencarian Toko admin/Menu Master Market' is clicked on

2023-09-06 09:15:20 - [TEST_STEP][PASSED] - click(findTestObject("Menu pencarian Toko admin/Menu Reseller  Pelapak")): Object: 'Object Repository/Menu pencarian Toko admin/Menu Reseller  Pelapak' is clicked on

2023-09-06 09:15:23 - [MESSAGE][PASSED] - Object: 'Object Repository/Menu pencarian Toko admin/Menu Reseller  Pelapak' is clicked on

2023-09-06 09:15:23 - [TEST_STEP][PASSED] - verifyElementPresent(findTestObject("Menu pencarian Toko admin/Tittle Daftar Semua reseller"), 0): Object 'Object Repository/Menu pencarian Toko admin/Tittle Daftar Semua reseller' is present

2023-09-06 09:15:23 - [MESSAGE][WARNING] - Timeout '0' is invalid. Using default page load timeout: '30'

2023-09-06 09:15:24 - [MESSAGE][PASSED] - Object 'Object Repository/Menu pencarian Toko admin/Tittle Daftar Semua reseller' is present

2023-09-06 09:15:24 - [TEST_STEP][PASSED] - setText(findTestObject("Menu pencarian Toko admin/input_Search_form"), "Kerupuk husna"): Text 'Kerupuk husna' is set on object 'Object Repository/Menu pencarian Toko admin/input_Search_form'

2023-09-06 09:15:25 - [MESSAGE][PASSED] - Text 'Kerupuk husna' is set on object 'Object Repository/Menu pencarian Toko admin/input_Search_form'

2023-09-06 09:15:25 - [TEST_STEP][PASSED] - verifyElementText(findTestObject("Menu pencarian Toko admin/isi search admin Kerupuk husna"), "Kerupuk husna"): Actual text and expected text of test object 'Object Repository/Menu pencarian Toko admin/isi search admin Kerupuk husna' are matched.

2023-09-06 09:15:25 - [MESSAGE][PASSED] - Actual text and expected text of test object 'Object Repository/Menu pencarian Toko admin/isi search admin Kerupuk husna' are matched.]]></system-out>
         <system-err><![CDATA[]]></system-err>
      </testcase>
      <testcase name="Test Cases/T05 Pencarian Toko/TC-Cari Toko administrator-Search-002" time="27.63" classname="Test Cases/T05 Pencarian Toko/TC-Cari Toko administrator-Search-002" status="PASSED">
         <system-out><![CDATA[2023-09-06 09:15:25 - [TEST_CASE][PASSED] - Test Cases/T05 Pencarian Toko/TC-Cari Toko administrator-Search-002: Test Cases/T05 Pencarian Toko/TC-Cari Toko administrator-Search-002

2023-09-06 09:15:26 - [TEST_STEP][PASSED] - callTestCase(findTestCase("Login/TC-Login Admin-Success-001"), ["Username":"admin", "Password":"123admin123"], STOP_ON_FAILURE): Call Test Case 'Test Cases/Login/TC-Login Admin-Success-001' successfully

2023-09-06 09:15:26 - [TEST_CASE][PASSED] - Test Cases/Login/TC-Login Admin-Success-001: Test Cases/Login/TC-Login Admin-Success-001

2023-09-06 09:15:26 - [TEST_STEP][PASSED] - openBrowser("https://10.9.2.63/ecommerce/administrator/"): Browser is opened with url: 'https://10.9.2.63/ecommerce/administrator/'

2023-09-06 09:15:26 - [MESSAGE][WARNING] - A browser is already opened. Closing browser and opening a new one

2023-09-06 09:15:27 - [MESSAGE][INFO] - Starting 'Edge Chromium' driver

2023-09-06 09:15:27 - [MESSAGE][INFO] - User set preference: ['acceptInsecureCerts', 'true']

2023-09-06 09:15:29 - [MESSAGE][INFO] - Action delay is set to 0 milliseconds

2023-09-06 09:15:31 - [MESSAGE][PASSED] - Browser is opened with url: 'https://10.9.2.63/ecommerce/administrator/'

2023-09-06 09:15:31 - [TEST_STEP][PASSED] - maximizeWindow(): Current window maximized

2023-09-06 09:15:31 - [MESSAGE][PASSED] - Current window maximized

2023-09-06 09:15:31 - [TEST_STEP][PASSED] - verifyElementPresent(findTestObject("Login admin/Tittle ADMIN"), 0): Object 'Object Repository/Login admin/Tittle ADMIN' is present

2023-09-06 09:15:32 - [MESSAGE][WARNING] - Timeout '0' is invalid. Using default page load timeout: '30'

2023-09-06 09:15:32 - [MESSAGE][PASSED] - Object 'Object Repository/Login admin/Tittle ADMIN' is present

2023-09-06 09:15:32 - [TEST_STEP][PASSED] - setText(findTestObject("Login/input_Username, Email atau No. Handphone_a"), Username): Text 'admin' is set on object 'Object Repository/Login/input_Username, Email atau No. Handphone_a'

2023-09-06 09:15:33 - [MESSAGE][PASSED] - Text 'admin' is set on object 'Object Repository/Login/input_Username, Email atau No. Handphone_a'

2023-09-06 09:15:33 - [TEST_STEP][PASSED] - setText(findTestObject("Login/input_Password"), Password): Text '123admin123' is set on object 'Object Repository/Login/input_Password'

2023-09-06 09:15:34 - [MESSAGE][PASSED] - Text '123admin123' is set on object 'Object Repository/Login/input_Password'

2023-09-06 09:15:34 - [TEST_STEP][PASSED] - click(findTestObject("Login admin/buttom Remember Me")): Object: 'Object Repository/Login admin/buttom Remember Me' is clicked on

2023-09-06 09:15:35 - [MESSAGE][PASSED] - Object: 'Object Repository/Login admin/buttom Remember Me' is clicked on

2023-09-06 09:15:35 - [TEST_STEP][PASSED] - delay(10): Delayed 10 second(s)

2023-09-06 09:15:45 - [MESSAGE][PASSED] - Delayed 10 second(s)

2023-09-06 09:15:45 - [TEST_STEP][PASSED] - click(findTestObject("Login admin/buttom sign in")): Object: 'Object Repository/Login admin/buttom sign in' is clicked on

2023-09-06 09:15:48 - [MESSAGE][PASSED] - Object: 'Object Repository/Login admin/buttom sign in' is clicked on

2023-09-06 09:15:48 - [TEST_STEP][PASSED] - verifyElementPresent(findTestObject("Login admin/Tittle Dashboard"), 0): Object 'Object Repository/Login admin/Tittle Dashboard' is present

2023-09-06 09:15:48 - [MESSAGE][WARNING] - Timeout '0' is invalid. Using default page load timeout: '30'

2023-09-06 09:15:49 - [MESSAGE][PASSED] - Object 'Object Repository/Login admin/Tittle Dashboard' is present

2023-09-06 09:15:49 - [MESSAGE][PASSED] - Call Test Case 'Test Cases/Login/TC-Login Admin-Success-001' successfully

2023-09-06 09:15:49 - [TEST_STEP][PASSED] - click(findTestObject("Menu pencarian Toko admin/Menu Master Market")): Object: 'Object Repository/Menu pencarian Toko admin/Menu Master Market' is clicked on

2023-09-06 09:15:49 - [MESSAGE][PASSED] - Object: 'Object Repository/Menu pencarian Toko admin/Menu Master Market' is clicked on

2023-09-06 09:15:49 - [TEST_STEP][PASSED] - click(findTestObject("Menu pencarian Toko admin/Menu Reseller  Pelapak")): Object: 'Object Repository/Menu pencarian Toko admin/Menu Reseller  Pelapak' is clicked on

2023-09-06 09:15:51 - [MESSAGE][PASSED] - Object: 'Object Repository/Menu pencarian Toko admin/Menu Reseller  Pelapak' is clicked on

2023-09-06 09:15:51 - [TEST_STEP][PASSED] - setText(findTestObject("Menu pencarian Toko admin/input_Search_form"), "abc12zs"): Text 'abc12zs' is set on object 'Object Repository/Menu pencarian Toko admin/input_Search_form'

2023-09-06 09:15:52 - [MESSAGE][PASSED] - Text 'abc12zs' is set on object 'Object Repository/Menu pencarian Toko admin/input_Search_form'

2023-09-06 09:15:52 - [TEST_STEP][PASSED] - verifyElementText(findTestObject("Menu pencarian Toko admin/Massage Error"), "No matching records found"): Actual text and expected text of test object 'Object Repository/Menu pencarian Toko admin/Massage Error' are matched.

2023-09-06 09:15:53 - [MESSAGE][PASSED] - Actual text and expected text of test object 'Object Repository/Menu pencarian Toko admin/Massage Error' are matched.]]></system-out>
         <system-err><![CDATA[]]></system-err>
      </testcase>
      <testcase name="Test Cases/T05 Pencarian Toko/TC-Cari Toko administrator-Search-003" time="30.587" classname="Test Cases/T05 Pencarian Toko/TC-Cari Toko administrator-Search-003" status="FAILED">
         <failure type="FAILED" message="Test Cases/T05 Pencarian Toko/TC-Cari Toko administrator-Search-003 FAILED.
Reason:
com.kms.katalon.core.exception.StepFailedException: Verify element text of test object 'Object Repository/Menu pencarian Toko admin/Massage Error' FAILED.
	at com.kms.katalon.core.webui.keyword.internal.WebUIKeywordMain.stepFailed(WebUIKeywordMain.groovy:64)
	at com.kms.katalon.core.webui.keyword.internal.WebUIKeywordMain.runKeyword(WebUIKeywordMain.groovy:26)
	at com.kms.katalon.core.webui.keyword.builtin.VerifyElementTextKeyword.verifyElementText(VerifyElementTextKeyword.groovy:72)
	at com.kms.katalon.core.webui.keyword.builtin.VerifyElementTextKeyword.execute(VerifyElementTextKeyword.groovy:40)
	at com.kms.katalon.core.keyword.internal.KeywordExecutor.executeKeywordForPlatform(KeywordExecutor.groovy:74)
	at com.kms.katalon.core.webui.keyword.WebUiBuiltInKeywords.verifyElementText(WebUiBuiltInKeywords.groovy:4749)
	at com.kms.katalon.core.webui.keyword.WebUiBuiltInKeywords$verifyElementText$4.call(Unknown Source)
	at TC-Cari Toko administrator-Search-003.run(TC-Cari Toko administrator-Search-003:29)
	at com.kms.katalon.core.main.ScriptEngine.run(ScriptEngine.java:194)
	at com.kms.katalon.core.main.ScriptEngine.runScriptAsRawText(ScriptEngine.java:119)
	at com.kms.katalon.core.main.TestCaseExecutor.runScript(TestCaseExecutor.java:448)
	at com.kms.katalon.core.main.TestCaseExecutor.doExecute(TestCaseExecutor.java:439)
	at com.kms.katalon.core.main.TestCaseExecutor.processExecutionPhase(TestCaseExecutor.java:418)
	at com.kms.katalon.core.main.TestCaseExecutor.accessMainPhase(TestCaseExecutor.java:410)
	at com.kms.katalon.core.main.TestCaseExecutor.execute(TestCaseExecutor.java:285)
	at com.kms.katalon.core.common.CommonExecutor.accessTestCaseMainPhase(CommonExecutor.java:65)
	at com.kms.katalon.core.main.TestSuiteExecutor.accessTestSuiteMainPhase(TestSuiteExecutor.java:148)
	at com.kms.katalon.core.main.TestSuiteExecutor.execute(TestSuiteExecutor.java:106)
	at com.kms.katalon.core.main.TestCaseMain.startTestSuite(TestCaseMain.java:187)
	at com.kms.katalon.core.main.TestCaseMain$startTestSuite$0.call(Unknown Source)
	at TempTestSuite1693966490565.run(TempTestSuite1693966490565.groovy:36)
Caused by: com.kms.katalon.core.exception.StepFailedException: Actual text '1' and expected text 'Keyword tidak boleh kosong' of test object 'Object Repository/Menu pencarian Toko admin/Massage Error' are NOT matched.
	at com.kms.katalon.core.webui.keyword.internal.WebUIKeywordMain.stepFailed(WebUIKeywordMain.groovy:64)
	at com.kms.katalon.core.webui.keyword.builtin.VerifyElementTextKeyword$_verifyElementText_closure1.doCall(VerifyElementTextKeyword.groovy:57)
	at com.kms.katalon.core.webui.keyword.builtin.VerifyElementTextKeyword$_verifyElementText_closure1.call(VerifyElementTextKeyword.groovy)
	at com.kms.katalon.core.webui.keyword.internal.WebUIKeywordMain.runKeyword(WebUIKeywordMain.groovy:20)
	... 19 more
"/>
         <system-out><![CDATA[2023-09-06 09:15:53 - [TEST_CASE][FAILED] - Test Cases/T05 Pencarian Toko/TC-Cari Toko administrator-Search-003: Test Cases/T05 Pencarian Toko/TC-Cari Toko administrator-Search-003 FAILED.
Reason:
com.kms.katalon.core.exception.StepFailedException: Verify element text of test object 'Object Repository/Menu pencarian Toko admin/Massage Error' FAILED.
	at com.kms.katalon.core.webui.keyword.internal.WebUIKeywordMain.stepFailed(WebUIKeywordMain.groovy:64)
	at com.kms.katalon.core.webui.keyword.internal.WebUIKeywordMain.runKeyword(WebUIKeywordMain.groovy:26)
	at com.kms.katalon.core.webui.keyword.builtin.VerifyElementTextKeyword.verifyElementText(VerifyElementTextKeyword.groovy:72)
	at com.kms.katalon.core.webui.keyword.builtin.VerifyElementTextKeyword.execute(VerifyElementTextKeyword.groovy:40)
	at com.kms.katalon.core.keyword.internal.KeywordExecutor.executeKeywordForPlatform(KeywordExecutor.groovy:74)
	at com.kms.katalon.core.webui.keyword.WebUiBuiltInKeywords.verifyElementText(WebUiBuiltInKeywords.groovy:4749)
	at com.kms.katalon.core.webui.keyword.WebUiBuiltInKeywords$verifyElementText$4.call(Unknown Source)
	at TC-Cari Toko administrator-Search-003.run(TC-Cari Toko administrator-Search-003:29)
	at com.kms.katalon.core.main.ScriptEngine.run(ScriptEngine.java:194)
	at com.kms.katalon.core.main.ScriptEngine.runScriptAsRawText(ScriptEngine.java:119)
	at com.kms.katalon.core.main.TestCaseExecutor.runScript(TestCaseExecutor.java:448)
	at com.kms.katalon.core.main.TestCaseExecutor.doExecute(TestCaseExecutor.java:439)
	at com.kms.katalon.core.main.TestCaseExecutor.processExecutionPhase(TestCaseExecutor.java:418)
	at com.kms.katalon.core.main.TestCaseExecutor.accessMainPhase(TestCaseExecutor.java:410)
	at com.kms.katalon.core.main.TestCaseExecutor.execute(TestCaseExecutor.java:285)
	at com.kms.katalon.core.common.CommonExecutor.accessTestCaseMainPhase(CommonExecutor.java:65)
	at com.kms.katalon.core.main.TestSuiteExecutor.accessTestSuiteMainPhase(TestSuiteExecutor.java:148)
	at com.kms.katalon.core.main.TestSuiteExecutor.execute(TestSuiteExecutor.java:106)
	at com.kms.katalon.core.main.TestCaseMain.startTestSuite(TestCaseMain.java:187)
	at com.kms.katalon.core.main.TestCaseMain$startTestSuite$0.call(Unknown Source)
	at TempTestSuite1693966490565.run(TempTestSuite1693966490565.groovy:36)
Caused by: com.kms.katalon.core.exception.StepFailedException: Actual text '1' and expected text 'Keyword tidak boleh kosong' of test object 'Object Repository/Menu pencarian Toko admin/Massage Error' are NOT matched.
	at com.kms.katalon.core.webui.keyword.internal.WebUIKeywordMain.stepFailed(WebUIKeywordMain.groovy:64)
	at com.kms.katalon.core.webui.keyword.builtin.VerifyElementTextKeyword$_verifyElementText_closure1.doCall(VerifyElementTextKeyword.groovy:57)
	at com.kms.katalon.core.webui.keyword.builtin.VerifyElementTextKeyword$_verifyElementText_closure1.call(VerifyElementTextKeyword.groovy)
	at com.kms.katalon.core.webui.keyword.internal.WebUIKeywordMain.runKeyword(WebUIKeywordMain.groovy:20)
	... 19 more


2023-09-06 09:15:54 - [TEST_STEP][PASSED] - callTestCase(findTestCase("Login/TC-Login Admin-Success-001"), ["Username":"admin", "Password":"123admin123"], STOP_ON_FAILURE): Call Test Case 'Test Cases/Login/TC-Login Admin-Success-001' successfully

2023-09-06 09:15:54 - [TEST_CASE][PASSED] - Test Cases/Login/TC-Login Admin-Success-001: Test Cases/Login/TC-Login Admin-Success-001

2023-09-06 09:15:54 - [TEST_STEP][PASSED] - openBrowser("https://10.9.2.63/ecommerce/administrator/"): Browser is opened with url: 'https://10.9.2.63/ecommerce/administrator/'

2023-09-06 09:15:54 - [MESSAGE][WARNING] - A browser is already opened. Closing browser and opening a new one

2023-09-06 09:15:55 - [MESSAGE][INFO] - Starting 'Edge Chromium' driver

2023-09-06 09:15:55 - [MESSAGE][INFO] - User set preference: ['acceptInsecureCerts', 'true']

2023-09-06 09:15:57 - [MESSAGE][INFO] - Action delay is set to 0 milliseconds

2023-09-06 09:16:00 - [MESSAGE][PASSED] - Browser is opened with url: 'https://10.9.2.63/ecommerce/administrator/'

2023-09-06 09:16:00 - [TEST_STEP][PASSED] - maximizeWindow(): Current window maximized

2023-09-06 09:16:01 - [MESSAGE][PASSED] - Current window maximized

2023-09-06 09:16:01 - [TEST_STEP][PASSED] - verifyElementPresent(findTestObject("Login admin/Tittle ADMIN"), 0): Object 'Object Repository/Login admin/Tittle ADMIN' is present

2023-09-06 09:16:01 - [MESSAGE][WARNING] - Timeout '0' is invalid. Using default page load timeout: '30'

2023-09-06 09:16:01 - [MESSAGE][PASSED] - Object 'Object Repository/Login admin/Tittle ADMIN' is present

2023-09-06 09:16:01 - [TEST_STEP][PASSED] - setText(findTestObject("Login/input_Username, Email atau No. Handphone_a"), Username): Text 'admin' is set on object 'Object Repository/Login/input_Username, Email atau No. Handphone_a'

2023-09-06 09:16:02 - [MESSAGE][PASSED] - Text 'admin' is set on object 'Object Repository/Login/input_Username, Email atau No. Handphone_a'

2023-09-06 09:16:02 - [TEST_STEP][PASSED] - setText(findTestObject("Login/input_Password"), Password): Text '123admin123' is set on object 'Object Repository/Login/input_Password'

2023-09-06 09:16:03 - [MESSAGE][PASSED] - Text '123admin123' is set on object 'Object Repository/Login/input_Password'

2023-09-06 09:16:03 - [TEST_STEP][PASSED] - click(findTestObject("Login admin/buttom Remember Me")): Object: 'Object Repository/Login admin/buttom Remember Me' is clicked on

2023-09-06 09:16:04 - [MESSAGE][PASSED] - Object: 'Object Repository/Login admin/buttom Remember Me' is clicked on

2023-09-06 09:16:04 - [TEST_STEP][PASSED] - delay(10): Delayed 10 second(s)

2023-09-06 09:16:14 - [MESSAGE][PASSED] - Delayed 10 second(s)

2023-09-06 09:16:14 - [TEST_STEP][PASSED] - click(findTestObject("Login admin/buttom sign in")): Object: 'Object Repository/Login admin/buttom sign in' is clicked on

2023-09-06 09:16:18 - [MESSAGE][PASSED] - Object: 'Object Repository/Login admin/buttom sign in' is clicked on

2023-09-06 09:16:18 - [TEST_STEP][PASSED] - verifyElementPresent(findTestObject("Login admin/Tittle Dashboard"), 0): Object 'Object Repository/Login admin/Tittle Dashboard' is present

2023-09-06 09:16:18 - [MESSAGE][WARNING] - Timeout '0' is invalid. Using default page load timeout: '30'

2023-09-06 09:16:18 - [MESSAGE][PASSED] - Object 'Object Repository/Login admin/Tittle Dashboard' is present

2023-09-06 09:16:18 - [MESSAGE][PASSED] - Call Test Case 'Test Cases/Login/TC-Login Admin-Success-001' successfully

2023-09-06 09:16:18 - [TEST_STEP][PASSED] - click(findTestObject("Menu pencarian Toko admin/Menu Master Market")): Object: 'Object Repository/Menu pencarian Toko admin/Menu Master Market' is clicked on

2023-09-06 09:16:19 - [MESSAGE][PASSED] - Object: 'Object Repository/Menu pencarian Toko admin/Menu Master Market' is clicked on

2023-09-06 09:16:19 - [TEST_STEP][PASSED] - click(findTestObject("Menu pencarian Toko admin/Menu Reseller  Pelapak")): Object: 'Object Repository/Menu pencarian Toko admin/Menu Reseller  Pelapak' is clicked on

2023-09-06 09:16:21 - [MESSAGE][PASSED] - Object: 'Object Repository/Menu pencarian Toko admin/Menu Reseller  Pelapak' is clicked on

2023-09-06 09:16:21 - [TEST_STEP][PASSED] - setText(findTestObject("Menu pencarian Toko admin/input_Search_form"), ""): Text '' is set on object 'Object Repository/Menu pencarian Toko admin/input_Search_form'

2023-09-06 09:16:22 - [MESSAGE][PASSED] - Text '' is set on object 'Object Repository/Menu pencarian Toko admin/input_Search_form'

2023-09-06 09:16:22 - [TEST_STEP][FAILED] - verifyElementText(findTestObject("Menu pencarian Toko admin/Massage Error"), "Keyword tidak boleh kosong"): Verify element text of test object 'Object Repository/Menu pencarian Toko admin/Massage Error' FAILED. (Root cause: com.kms.katalon.core.exception.StepFailedException: Verify element text of test object 'Object Repository/Menu pencarian Toko admin/Massage Error' FAILED.
	at com.kms.katalon.core.webui.keyword.internal.WebUIKeywordMain.stepFailed(WebUIKeywordMain.groovy:64)
	at com.kms.katalon.core.webui.keyword.internal.WebUIKeywordMain.runKeyword(WebUIKeywordMain.groovy:26)
	at com.kms.katalon.core.webui.keyword.builtin.VerifyElementTextKeyword.verifyElementText(VerifyElementTextKeyword.groovy:72)
	at com.kms.katalon.core.webui.keyword.builtin.VerifyElementTextKeyword.execute(VerifyElementTextKeyword.groovy:40)
	at com.kms.katalon.core.keyword.internal.KeywordExecutor.executeKeywordForPlatform(KeywordExecutor.groovy:74)
	at com.kms.katalon.core.webui.keyword.WebUiBuiltInKeywords.verifyElementText(WebUiBuiltInKeywords.groovy:4749)
	at com.kms.katalon.core.webui.keyword.WebUiBuiltInKeywords$verifyElementText$4.call(Unknown Source)
	at TC-Cari Toko administrator-Search-003.run(TC-Cari Toko administrator-Search-003:29)
	at com.kms.katalon.core.main.ScriptEngine.run(ScriptEngine.java:194)
	at com.kms.katalon.core.main.ScriptEngine.runScriptAsRawText(ScriptEngine.java:119)
	at com.kms.katalon.core.main.TestCaseExecutor.runScript(TestCaseExecutor.java:448)
	at com.kms.katalon.core.main.TestCaseExecutor.doExecute(TestCaseExecutor.java:439)
	at com.kms.katalon.core.main.TestCaseExecutor.processExecutionPhase(TestCaseExecutor.java:418)
	at com.kms.katalon.core.main.TestCaseExecutor.accessMainPhase(TestCaseExecutor.java:410)
	at com.kms.katalon.core.main.TestCaseExecutor.execute(TestCaseExecutor.java:285)
	at com.kms.katalon.core.common.CommonExecutor.accessTestCaseMainPhase(CommonExecutor.java:65)
	at com.kms.katalon.core.main.TestSuiteExecutor.accessTestSuiteMainPhase(TestSuiteExecutor.java:148)
	at com.kms.katalon.core.main.TestSuiteExecutor.execute(TestSuiteExecutor.java:106)
	at com.kms.katalon.core.main.TestCaseMain.startTestSuite(TestCaseMain.java:187)
	at com.kms.katalon.core.main.TestCaseMain$startTestSuite$0.call(Unknown Source)
	at TempTestSuite1693966490565.run(TempTestSuite1693966490565.groovy:36)
Caused by: com.kms.katalon.core.exception.StepFailedException: Actual text '1' and expected text 'Keyword tidak boleh kosong' of test object 'Object Repository/Menu pencarian Toko admin/Massage Error' are NOT matched.
	at com.kms.katalon.core.webui.keyword.internal.WebUIKeywordMain.stepFailed(WebUIKeywordMain.groovy:64)
	at com.kms.katalon.core.webui.keyword.builtin.VerifyElementTextKeyword$_verifyElementText_closure1.doCall(VerifyElementTextKeyword.groovy:57)
	at com.kms.katalon.core.webui.keyword.builtin.VerifyElementTextKeyword$_verifyElementText_closure1.call(VerifyElementTextKeyword.groovy)
	at com.kms.katalon.core.webui.keyword.internal.WebUIKeywordMain.runKeyword(WebUIKeywordMain.groovy:20)
	... 19 more
)

2023-09-06 09:16:23 - [MESSAGE][FAILED] - Actual text '1' and expected text 'Keyword tidak boleh kosong' of test object 'Object Repository/Menu pencarian Toko admin/Massage Error' are NOT matched. (Root cause: com.kms.katalon.core.exception.StepFailedException: Actual text '1' and expected text 'Keyword tidak boleh kosong' of test object 'Object Repository/Menu pencarian Toko admin/Massage Error' are NOT matched.
	at com.kms.katalon.core.webui.keyword.internal.WebUIKeywordMain.stepFailed(WebUIKeywordMain.groovy:64)
	at com.kms.katalon.core.webui.keyword.builtin.VerifyElementTextKeyword$_verifyElementText_closure1.doCall(VerifyElementTextKeyword.groovy:57)
	at com.kms.katalon.core.webui.keyword.builtin.VerifyElementTextKeyword$_verifyElementText_closure1.call(VerifyElementTextKeyword.groovy)
	at com.kms.katalon.core.webui.keyword.internal.WebUIKeywordMain.runKeyword(WebUIKeywordMain.groovy:20)
	at com.kms.katalon.core.webui.keyword.builtin.VerifyElementTextKeyword.verifyElementText(VerifyElementTextKeyword.groovy:72)
	at com.kms.katalon.core.webui.keyword.builtin.VerifyElementTextKeyword.execute(VerifyElementTextKeyword.groovy:40)
	at com.kms.katalon.core.keyword.internal.KeywordExecutor.executeKeywordForPlatform(KeywordExecutor.groovy:74)
	at com.kms.katalon.core.webui.keyword.WebUiBuiltInKeywords.verifyElementText(WebUiBuiltInKeywords.groovy:4749)
	at com.kms.katalon.core.webui.keyword.WebUiBuiltInKeywords$verifyElementText$4.call(Unknown Source)
	at TC-Cari Toko administrator-Search-003.run(TC-Cari Toko administrator-Search-003:29)
	at com.kms.katalon.core.main.ScriptEngine.run(ScriptEngine.java:194)
	at com.kms.katalon.core.main.ScriptEngine.runScriptAsRawText(ScriptEngine.java:119)
	at com.kms.katalon.core.main.TestCaseExecutor.runScript(TestCaseExecutor.java:448)
	at com.kms.katalon.core.main.TestCaseExecutor.doExecute(TestCaseExecutor.java:439)
	at com.kms.katalon.core.main.TestCaseExecutor.processExecutionPhase(TestCaseExecutor.java:418)
	at com.kms.katalon.core.main.TestCaseExecutor.accessMainPhase(TestCaseExecutor.java:410)
	at com.kms.katalon.core.main.TestCaseExecutor.execute(TestCaseExecutor.java:285)
	at com.kms.katalon.core.common.CommonExecutor.accessTestCaseMainPhase(CommonExecutor.java:65)
	at com.kms.katalon.core.main.TestSuiteExecutor.accessTestSuiteMainPhase(TestSuiteExecutor.java:148)
	at com.kms.katalon.core.main.TestSuiteExecutor.execute(TestSuiteExecutor.java:106)
	at com.kms.katalon.core.main.TestCaseMain.startTestSuite(TestCaseMain.java:187)
	at com.kms.katalon.core.main.TestCaseMain$startTestSuite$0.call(Unknown Source)
	at TempTestSuite1693966490565.run(TempTestSuite1693966490565.groovy:36)
)
[[ATTACHMENT|D:\\Project XSIS\\batch-324-qa\\irfan\\Projek Eval 2 Tajalapak dan administrator\\Reports\\20230906_091450\\pencarian toko\\pencarian toko\\20230906_091450\\1693966583407.png]]

2023-09-06 09:16:23 - [MESSAGE][FAILED] - Verify element text of test object 'Object Repository/Menu pencarian Toko admin/Massage Error' FAILED. (Root cause: com.kms.katalon.core.exception.StepFailedException: Verify element text of test object 'Object Repository/Menu pencarian Toko admin/Massage Error' FAILED.
	at com.kms.katalon.core.webui.keyword.internal.WebUIKeywordMain.stepFailed(WebUIKeywordMain.groovy:64)
	at com.kms.katalon.core.webui.keyword.internal.WebUIKeywordMain.runKeyword(WebUIKeywordMain.groovy:26)
	at com.kms.katalon.core.webui.keyword.builtin.VerifyElementTextKeyword.verifyElementText(VerifyElementTextKeyword.groovy:72)
	at com.kms.katalon.core.webui.keyword.builtin.VerifyElementTextKeyword.execute(VerifyElementTextKeyword.groovy:40)
	at com.kms.katalon.core.keyword.internal.KeywordExecutor.executeKeywordForPlatform(KeywordExecutor.groovy:74)
	at com.kms.katalon.core.webui.keyword.WebUiBuiltInKeywords.verifyElementText(WebUiBuiltInKeywords.groovy:4749)
	at com.kms.katalon.core.webui.keyword.WebUiBuiltInKeywords$verifyElementText$4.call(Unknown Source)
	at TC-Cari Toko administrator-Search-003.run(TC-Cari Toko administrator-Search-003:29)
	at com.kms.katalon.core.main.ScriptEngine.run(ScriptEngine.java:194)
	at com.kms.katalon.core.main.ScriptEngine.runScriptAsRawText(ScriptEngine.java:119)
	at com.kms.katalon.core.main.TestCaseExecutor.runScript(TestCaseExecutor.java:448)
	at com.kms.katalon.core.main.TestCaseExecutor.doExecute(TestCaseExecutor.java:439)
	at com.kms.katalon.core.main.TestCaseExecutor.processExecutionPhase(TestCaseExecutor.java:418)
	at com.kms.katalon.core.main.TestCaseExecutor.accessMainPhase(TestCaseExecutor.java:410)
	at com.kms.katalon.core.main.TestCaseExecutor.execute(TestCaseExecutor.java:285)
	at com.kms.katalon.core.common.CommonExecutor.accessTestCaseMainPhase(CommonExecutor.java:65)
	at com.kms.katalon.core.main.TestSuiteExecutor.accessTestSuiteMainPhase(TestSuiteExecutor.java:148)
	at com.kms.katalon.core.main.TestSuiteExecutor.execute(TestSuiteExecutor.java:106)
	at com.kms.katalon.core.main.TestCaseMain.startTestSuite(TestCaseMain.java:187)
	at com.kms.katalon.core.main.TestCaseMain$startTestSuite$0.call(Unknown Source)
	at TempTestSuite1693966490565.run(TempTestSuite1693966490565.groovy:36)
Caused by: com.kms.katalon.core.exception.StepFailedException: Actual text '1' and expected text 'Keyword tidak boleh kosong' of test object 'Object Repository/Menu pencarian Toko admin/Massage Error' are NOT matched.
	at com.kms.katalon.core.webui.keyword.internal.WebUIKeywordMain.stepFailed(WebUIKeywordMain.groovy:64)
	at com.kms.katalon.core.webui.keyword.builtin.VerifyElementTextKeyword$_verifyElementText_closure1.doCall(VerifyElementTextKeyword.groovy:57)
	at com.kms.katalon.core.webui.keyword.builtin.VerifyElementTextKeyword$_verifyElementText_closure1.call(VerifyElementTextKeyword.groovy)
	at com.kms.katalon.core.webui.keyword.internal.WebUIKeywordMain.runKeyword(WebUIKeywordMain.groovy:20)
	... 19 more
)
[[ATTACHMENT|D:\\Project XSIS\\batch-324-qa\\irfan\\Projek Eval 2 Tajalapak dan administrator\\Reports\\20230906_091450\\pencarian toko\\pencarian toko\\20230906_091450\\1693966583678.png]]]]></system-out>
         <system-err><![CDATA[2023-09-06 09:15:53 - [TEST_CASE][FAILED] - Test Cases/T05 Pencarian Toko/TC-Cari Toko administrator-Search-003: Test Cases/T05 Pencarian Toko/TC-Cari Toko administrator-Search-003 FAILED.
Reason:
com.kms.katalon.core.exception.StepFailedException: Verify element text of test object 'Object Repository/Menu pencarian Toko admin/Massage Error' FAILED.
	at com.kms.katalon.core.webui.keyword.internal.WebUIKeywordMain.stepFailed(WebUIKeywordMain.groovy:64)
	at com.kms.katalon.core.webui.keyword.internal.WebUIKeywordMain.runKeyword(WebUIKeywordMain.groovy:26)
	at com.kms.katalon.core.webui.keyword.builtin.VerifyElementTextKeyword.verifyElementText(VerifyElementTextKeyword.groovy:72)
	at com.kms.katalon.core.webui.keyword.builtin.VerifyElementTextKeyword.execute(VerifyElementTextKeyword.groovy:40)
	at com.kms.katalon.core.keyword.internal.KeywordExecutor.executeKeywordForPlatform(KeywordExecutor.groovy:74)
	at com.kms.katalon.core.webui.keyword.WebUiBuiltInKeywords.verifyElementText(WebUiBuiltInKeywords.groovy:4749)
	at com.kms.katalon.core.webui.keyword.WebUiBuiltInKeywords$verifyElementText$4.call(Unknown Source)
	at TC-Cari Toko administrator-Search-003.run(TC-Cari Toko administrator-Search-003:29)
	at com.kms.katalon.core.main.ScriptEngine.run(ScriptEngine.java:194)
	at com.kms.katalon.core.main.ScriptEngine.runScriptAsRawText(ScriptEngine.java:119)
	at com.kms.katalon.core.main.TestCaseExecutor.runScript(TestCaseExecutor.java:448)
	at com.kms.katalon.core.main.TestCaseExecutor.doExecute(TestCaseExecutor.java:439)
	at com.kms.katalon.core.main.TestCaseExecutor.processExecutionPhase(TestCaseExecutor.java:418)
	at com.kms.katalon.core.main.TestCaseExecutor.accessMainPhase(TestCaseExecutor.java:410)
	at com.kms.katalon.core.main.TestCaseExecutor.execute(TestCaseExecutor.java:285)
	at com.kms.katalon.core.common.CommonExecutor.accessTestCaseMainPhase(CommonExecutor.java:65)
	at com.kms.katalon.core.main.TestSuiteExecutor.accessTestSuiteMainPhase(TestSuiteExecutor.java:148)
	at com.kms.katalon.core.main.TestSuiteExecutor.execute(TestSuiteExecutor.java:106)
	at com.kms.katalon.core.main.TestCaseMain.startTestSuite(TestCaseMain.java:187)
	at com.kms.katalon.core.main.TestCaseMain$startTestSuite$0.call(Unknown Source)
	at TempTestSuite1693966490565.run(TempTestSuite1693966490565.groovy:36)
Caused by: com.kms.katalon.core.exception.StepFailedException: Actual text '1' and expected text 'Keyword tidak boleh kosong' of test object 'Object Repository/Menu pencarian Toko admin/Massage Error' are NOT matched.
	at com.kms.katalon.core.webui.keyword.internal.WebUIKeywordMain.stepFailed(WebUIKeywordMain.groovy:64)
	at com.kms.katalon.core.webui.keyword.builtin.VerifyElementTextKeyword$_verifyElementText_closure1.doCall(VerifyElementTextKeyword.groovy:57)
	at com.kms.katalon.core.webui.keyword.builtin.VerifyElementTextKeyword$_verifyElementText_closure1.call(VerifyElementTextKeyword.groovy)
	at com.kms.katalon.core.webui.keyword.internal.WebUIKeywordMain.runKeyword(WebUIKeywordMain.groovy:20)
	... 19 more]]></system-err>
      </testcase>
      <testcase name="Test Cases/T05 Pencarian Toko/TC-Cari Toko-Detail-001" time="25.866" classname="Test Cases/T05 Pencarian Toko/TC-Cari Toko-Detail-001" status="PASSED">
         <system-out><![CDATA[2023-09-06 09:16:23 - [TEST_CASE][PASSED] - Test Cases/T05 Pencarian Toko/TC-Cari Toko-Detail-001: Test Cases/T05 Pencarian Toko/TC-Cari Toko-Detail-001

2023-09-06 09:16:24 - [TEST_STEP][PASSED] - callTestCase(findTestCase("T05 Pencarian Toko/TC-Cari Toko-Search-001"), [:], STOP_ON_FAILURE): Call Test Case 'Test Cases/T05 Pencarian Toko/TC-Cari Toko-Search-001' successfully

2023-09-06 09:16:24 - [TEST_CASE][PASSED] - Test Cases/T05 Pencarian Toko/TC-Cari Toko-Search-001: Test Cases/T05 Pencarian Toko/TC-Cari Toko-Search-001

2023-09-06 09:16:25 - [TEST_STEP][PASSED] - callTestCase(findTestCase("T05 Pencarian Toko/TC-Cari Toko-show-001"), [:], STOP_ON_FAILURE): Call Test Case 'Test Cases/T05 Pencarian Toko/TC-Cari Toko-show-001' successfully

2023-09-06 09:16:25 - [TEST_CASE][PASSED] - Test Cases/T05 Pencarian Toko/TC-Cari Toko-show-001: Test Cases/T05 Pencarian Toko/TC-Cari Toko-show-001

2023-09-06 09:16:26 - [TEST_STEP][PASSED] - openBrowser("https://10.9.2.63/ecommerce/"): Browser is opened with url: 'https://10.9.2.63/ecommerce/'

2023-09-06 09:16:26 - [MESSAGE][WARNING] - A browser is already opened. Closing browser and opening a new one

2023-09-06 09:16:27 - [MESSAGE][INFO] - Starting 'Edge Chromium' driver

2023-09-06 09:16:27 - [MESSAGE][INFO] - User set preference: ['acceptInsecureCerts', 'true']

2023-09-06 09:16:29 - [MESSAGE][INFO] - Action delay is set to 0 milliseconds

2023-09-06 09:16:37 - [MESSAGE][PASSED] - Browser is opened with url: 'https://10.9.2.63/ecommerce/'

2023-09-06 09:16:37 - [TEST_STEP][PASSED] - maximizeWindow(): Current window maximized

2023-09-06 09:16:37 - [MESSAGE][PASSED] - Current window maximized

2023-09-06 09:16:37 - [TEST_STEP][PASSED] - verifyElementPresent(findTestObject("Login/Halaman Home"), 0): Object 'Object Repository/Login/Halaman Home' is present

2023-09-06 09:16:37 - [MESSAGE][WARNING] - Timeout '0' is invalid. Using default page load timeout: '30'

2023-09-06 09:16:38 - [MESSAGE][PASSED] - Object 'Object Repository/Login/Halaman Home' is present

2023-09-06 09:16:38 - [TEST_STEP][PASSED] - click(findTestObject("Menu Pencarian Toko/menu Shop")): Object: 'Object Repository/Menu Pencarian Toko/menu Shop' is clicked on

2023-09-06 09:16:38 - [MESSAGE][PASSED] - Object: 'Object Repository/Menu Pencarian Toko/menu Shop' is clicked on

2023-09-06 09:16:38 - [TEST_STEP][PASSED] - click(findTestObject("Menu Pencarian Toko/menu Shop")): Object: 'Object Repository/Menu Pencarian Toko/menu Shop' is clicked on

2023-09-06 09:16:39 - [MESSAGE][PASSED] - Object: 'Object Repository/Menu Pencarian Toko/menu Shop' is clicked on

2023-09-06 09:16:39 - [TEST_STEP][PASSED] - click(findTestObject("Menu Pencarian Toko/Menu Toko (Pelapak)")): Object: 'Object Repository/Menu Pencarian Toko/Menu Toko (Pelapak)' is clicked on

2023-09-06 09:16:41 - [MESSAGE][PASSED] - Object: 'Object Repository/Menu Pencarian Toko/Menu Toko (Pelapak)' is clicked on

2023-09-06 09:16:41 - [TEST_STEP][PASSED] - verifyElementPresent(findTestObject("Menu Pencarian Toko/Tittle Semua Toko"), 0): Object 'Object Repository/Menu Pencarian Toko/Tittle Semua Toko' is present

2023-09-06 09:16:41 - [MESSAGE][WARNING] - Timeout '0' is invalid. Using default page load timeout: '30'

2023-09-06 09:16:42 - [MESSAGE][PASSED] - Object 'Object Repository/Menu Pencarian Toko/Tittle Semua Toko' is present

2023-09-06 09:16:42 - [MESSAGE][PASSED] - Call Test Case 'Test Cases/T05 Pencarian Toko/TC-Cari Toko-show-001' successfully

2023-09-06 09:16:42 - [TEST_STEP][PASSED] - setText(findTestObject("Fitur search/input_Semua Toko_cari_reseller"), nama_toko): Text 'Kerupuk husna' is set on object 'Object Repository/Fitur search/input_Semua Toko_cari_reseller'

2023-09-06 09:16:43 - [MESSAGE][PASSED] - Text 'Kerupuk husna' is set on object 'Object Repository/Fitur search/input_Semua Toko_cari_reseller'

2023-09-06 09:16:43 - [TEST_STEP][PASSED] - click(findTestObject("Fitur search/button_Semua Toko_submit")): Object: 'Object Repository/Fitur search/button_Semua Toko_submit' is clicked on

2023-09-06 09:16:44 - [MESSAGE][PASSED] - Object: 'Object Repository/Fitur search/button_Semua Toko_submit' is clicked on

2023-09-06 09:16:44 - [TEST_STEP][PASSED] - nama_toko1 = text: null

2023-09-06 09:16:45 - [TEST_STEP][PASSED] - nama_toko2 = nama_toko1.substring(9, nama_toko1.size()): null

2023-09-06 09:16:45 - [TEST_STEP][PASSED] - assert trim().equalsIgnoreCase(nama_toko2.trim()): null

2023-09-06 09:16:45 - [MESSAGE][PASSED] - Call Test Case 'Test Cases/T05 Pencarian Toko/TC-Cari Toko-Search-001' successfully

2023-09-06 09:16:45 - [TEST_STEP][PASSED] - verified1 = text: null

2023-09-06 09:16:45 - [TEST_STEP][PASSED] - nama_toko1 = text: null

2023-09-06 09:16:46 - [TEST_STEP][PASSED] - nama_toko = nama_toko1.substring(9, nama_toko1.size()): null

2023-09-06 09:16:46 - [TEST_STEP][PASSED] - no_hp1 = text: null

2023-09-06 09:16:46 - [TEST_STEP][PASSED] - click(findTestObject("Fitur search/button Kunjungi Toko")): Object: 'Object Repository/Fitur search/button Kunjungi Toko' is clicked on

2023-09-06 09:16:47 - [MESSAGE][PASSED] - Object: 'Object Repository/Fitur search/button Kunjungi Toko' is clicked on

2023-09-06 09:16:47 - [TEST_STEP][PASSED] - verifyElementPresent(findTestObject("Fitur search/tittle Kerupuk husna"), 0): Object 'Object Repository/Fitur search/tittle Kerupuk husna' is present

2023-09-06 09:16:47 - [MESSAGE][WARNING] - Timeout '0' is invalid. Using default page load timeout: '30'

2023-09-06 09:16:48 - [MESSAGE][PASSED] - Object 'Object Repository/Fitur search/tittle Kerupuk husna' is present

2023-09-06 09:16:48 - [TEST_STEP][PASSED] - verified2 = getText(findTestObject("Object Repository/Nama toko detail 2 Tajalapak/Verified2")): Text of object 'Object Repository/Nama toko detail 2 Tajalapak/Verified2' is: 'Verified'

2023-09-06 09:16:48 - [MESSAGE][PASSED] - Text of object 'Object Repository/Nama toko detail 2 Tajalapak/Verified2' is: 'Verified'

2023-09-06 09:16:48 - [TEST_STEP][PASSED] - nama_toko2 = getText(findTestObject("Object Repository/Nama toko detail 2 Tajalapak/NAMA TOKO 2")): Text of object 'Object Repository/Nama toko detail 2 Tajalapak/NAMA TOKO 2' is: 'KERUPUK HUSNA'

2023-09-06 09:16:49 - [MESSAGE][PASSED] - Text of object 'Object Repository/Nama toko detail 2 Tajalapak/NAMA TOKO 2' is: 'KERUPUK HUSNA'

2023-09-06 09:16:49 - [TEST_STEP][PASSED] - no_hp2 = getText(findTestObject("Nama toko detail 2 Tajalapak/nomor hp detail 2")): Text of object 'Object Repository/Nama toko detail 2 Tajalapak/nomor hp detail 2' is: '+6287865722652'

2023-09-06 09:16:49 - [MESSAGE][PASSED] - Text of object 'Object Repository/Nama toko detail 2 Tajalapak/nomor hp detail 2' is: '+6287865722652'

2023-09-06 09:16:49 - [TEST_STEP][PASSED] - assert trim().equalsIgnoreCase(verified2.trim()): null

2023-09-06 09:16:49 - [TEST_STEP][PASSED] - assert trim().equalsIgnoreCase(nama_toko2.trim()): null

2023-09-06 09:16:49 - [TEST_STEP][PASSED] - assert trim().equalsIgnoreCase(no_hp2.trim()): null]]></system-out>
         <system-err><![CDATA[]]></system-err>
      </testcase>
      <testcase name="Test Cases/T05 Pencarian Toko/TC-Cari Toko-Search-001" time="20.652" classname="Test Cases/T05 Pencarian Toko/TC-Cari Toko-Search-001" status="PASSED">
         <system-out><![CDATA[2023-09-06 09:16:49 - [TEST_CASE][PASSED] - Test Cases/T05 Pencarian Toko/TC-Cari Toko-Search-001: Test Cases/T05 Pencarian Toko/TC-Cari Toko-Search-001

2023-09-06 09:16:49 - [TEST_STEP][PASSED] - callTestCase(findTestCase("T05 Pencarian Toko/TC-Cari Toko-show-001"), [:], STOP_ON_FAILURE): Call Test Case 'Test Cases/T05 Pencarian Toko/TC-Cari Toko-show-001' successfully

2023-09-06 09:16:49 - [TEST_CASE][PASSED] - Test Cases/T05 Pencarian Toko/TC-Cari Toko-show-001: Test Cases/T05 Pencarian Toko/TC-Cari Toko-show-001

2023-09-06 09:16:49 - [TEST_STEP][PASSED] - openBrowser("https://10.9.2.63/ecommerce/"): Browser is opened with url: 'https://10.9.2.63/ecommerce/'

2023-09-06 09:16:49 - [MESSAGE][WARNING] - A browser is already opened. Closing browser and opening a new one

2023-09-06 09:16:50 - [MESSAGE][INFO] - Starting 'Edge Chromium' driver

2023-09-06 09:16:50 - [MESSAGE][INFO] - User set preference: ['acceptInsecureCerts', 'true']

2023-09-06 09:16:53 - [MESSAGE][INFO] - Action delay is set to 0 milliseconds

2023-09-06 09:17:01 - [MESSAGE][PASSED] - Browser is opened with url: 'https://10.9.2.63/ecommerce/'

2023-09-06 09:17:01 - [TEST_STEP][PASSED] - maximizeWindow(): Current window maximized

2023-09-06 09:17:02 - [MESSAGE][PASSED] - Current window maximized

2023-09-06 09:17:02 - [TEST_STEP][PASSED] - verifyElementPresent(findTestObject("Login/Halaman Home"), 0): Object 'Object Repository/Login/Halaman Home' is present

2023-09-06 09:17:02 - [MESSAGE][WARNING] - Timeout '0' is invalid. Using default page load timeout: '30'

2023-09-06 09:17:02 - [MESSAGE][PASSED] - Object 'Object Repository/Login/Halaman Home' is present

2023-09-06 09:17:02 - [TEST_STEP][PASSED] - click(findTestObject("Menu Pencarian Toko/menu Shop")): Object: 'Object Repository/Menu Pencarian Toko/menu Shop' is clicked on

2023-09-06 09:17:03 - [MESSAGE][PASSED] - Object: 'Object Repository/Menu Pencarian Toko/menu Shop' is clicked on

2023-09-06 09:17:03 - [TEST_STEP][PASSED] - click(findTestObject("Menu Pencarian Toko/menu Shop")): Object: 'Object Repository/Menu Pencarian Toko/menu Shop' is clicked on

2023-09-06 09:17:04 - [MESSAGE][PASSED] - Object: 'Object Repository/Menu Pencarian Toko/menu Shop' is clicked on

2023-09-06 09:17:04 - [TEST_STEP][PASSED] - click(findTestObject("Menu Pencarian Toko/Menu Toko (Pelapak)")): Object: 'Object Repository/Menu Pencarian Toko/Menu Toko (Pelapak)' is clicked on

2023-09-06 09:17:07 - [MESSAGE][PASSED] - Object: 'Object Repository/Menu Pencarian Toko/Menu Toko (Pelapak)' is clicked on

2023-09-06 09:17:07 - [TEST_STEP][PASSED] - verifyElementPresent(findTestObject("Menu Pencarian Toko/Tittle Semua Toko"), 0): Object 'Object Repository/Menu Pencarian Toko/Tittle Semua Toko' is present

2023-09-06 09:17:07 - [MESSAGE][WARNING] - Timeout '0' is invalid. Using default page load timeout: '30'

2023-09-06 09:17:07 - [MESSAGE][PASSED] - Object 'Object Repository/Menu Pencarian Toko/Tittle Semua Toko' is present

2023-09-06 09:17:07 - [MESSAGE][PASSED] - Call Test Case 'Test Cases/T05 Pencarian Toko/TC-Cari Toko-show-001' successfully

2023-09-06 09:17:07 - [TEST_STEP][PASSED] - setText(findTestObject("Fitur search/input_Semua Toko_cari_reseller"), nama_toko): Text 'Kerupuk husna' is set on object 'Object Repository/Fitur search/input_Semua Toko_cari_reseller'

2023-09-06 09:17:08 - [MESSAGE][PASSED] - Text 'Kerupuk husna' is set on object 'Object Repository/Fitur search/input_Semua Toko_cari_reseller'

2023-09-06 09:17:08 - [TEST_STEP][PASSED] - click(findTestObject("Fitur search/button_Semua Toko_submit")): Object: 'Object Repository/Fitur search/button_Semua Toko_submit' is clicked on

2023-09-06 09:17:09 - [MESSAGE][PASSED] - Object: 'Object Repository/Fitur search/button_Semua Toko_submit' is clicked on

2023-09-06 09:17:09 - [TEST_STEP][PASSED] - nama_toko1 = text: null

2023-09-06 09:17:10 - [TEST_STEP][PASSED] - nama_toko2 = nama_toko1.substring(9, nama_toko1.size()): null

2023-09-06 09:17:10 - [TEST_STEP][PASSED] - assert trim().equalsIgnoreCase(nama_toko2.trim()): null]]></system-out>
         <system-err><![CDATA[]]></system-err>
      </testcase>
      <testcase name="Test Cases/T05 Pencarian Toko/TC-Cari Toko-Search-002" time="51.149" classname="Test Cases/T05 Pencarian Toko/TC-Cari Toko-Search-002" status="PASSED">
         <system-out><![CDATA[2023-09-06 09:17:10 - [TEST_CASE][PASSED] - Test Cases/T05 Pencarian Toko/TC-Cari Toko-Search-002: Test Cases/T05 Pencarian Toko/TC-Cari Toko-Search-002

2023-09-06 09:17:11 - [TEST_STEP][PASSED] - callTestCase(findTestCase("T05 Pencarian Toko/TC-Cari Toko-show-001"), [:], STOP_ON_FAILURE): Call Test Case 'Test Cases/T05 Pencarian Toko/TC-Cari Toko-show-001' successfully

2023-09-06 09:17:11 - [TEST_CASE][PASSED] - Test Cases/T05 Pencarian Toko/TC-Cari Toko-show-001: Test Cases/T05 Pencarian Toko/TC-Cari Toko-show-001

2023-09-06 09:17:11 - [TEST_STEP][PASSED] - openBrowser("https://10.9.2.63/ecommerce/"): Browser is opened with url: 'https://10.9.2.63/ecommerce/'

2023-09-06 09:17:11 - [MESSAGE][WARNING] - A browser is already opened. Closing browser and opening a new one

2023-09-06 09:17:12 - [MESSAGE][INFO] - Starting 'Edge Chromium' driver

2023-09-06 09:17:12 - [MESSAGE][INFO] - User set preference: ['acceptInsecureCerts', 'true']

2023-09-06 09:17:14 - [MESSAGE][INFO] - Action delay is set to 0 milliseconds

2023-09-06 09:17:19 - [MESSAGE][PASSED] - Browser is opened with url: 'https://10.9.2.63/ecommerce/'

2023-09-06 09:17:19 - [TEST_STEP][PASSED] - maximizeWindow(): Current window maximized

2023-09-06 09:17:19 - [MESSAGE][PASSED] - Current window maximized

2023-09-06 09:17:19 - [TEST_STEP][PASSED] - verifyElementPresent(findTestObject("Login/Halaman Home"), 0): Object 'Object Repository/Login/Halaman Home' is present

2023-09-06 09:17:19 - [MESSAGE][WARNING] - Timeout '0' is invalid. Using default page load timeout: '30'

2023-09-06 09:17:20 - [MESSAGE][PASSED] - Object 'Object Repository/Login/Halaman Home' is present

2023-09-06 09:17:20 - [TEST_STEP][PASSED] - click(findTestObject("Menu Pencarian Toko/menu Shop")): Object: 'Object Repository/Menu Pencarian Toko/menu Shop' is clicked on

2023-09-06 09:17:20 - [MESSAGE][PASSED] - Object: 'Object Repository/Menu Pencarian Toko/menu Shop' is clicked on

2023-09-06 09:17:20 - [TEST_STEP][PASSED] - click(findTestObject("Menu Pencarian Toko/menu Shop")): Object: 'Object Repository/Menu Pencarian Toko/menu Shop' is clicked on

2023-09-06 09:17:21 - [MESSAGE][PASSED] - Object: 'Object Repository/Menu Pencarian Toko/menu Shop' is clicked on

2023-09-06 09:17:21 - [TEST_STEP][PASSED] - click(findTestObject("Menu Pencarian Toko/Menu Toko (Pelapak)")): Object: 'Object Repository/Menu Pencarian Toko/Menu Toko (Pelapak)' is clicked on

2023-09-06 09:17:23 - [MESSAGE][PASSED] - Object: 'Object Repository/Menu Pencarian Toko/Menu Toko (Pelapak)' is clicked on

2023-09-06 09:17:23 - [TEST_STEP][PASSED] - verifyElementPresent(findTestObject("Menu Pencarian Toko/Tittle Semua Toko"), 0): Object 'Object Repository/Menu Pencarian Toko/Tittle Semua Toko' is present

2023-09-06 09:17:23 - [MESSAGE][WARNING] - Timeout '0' is invalid. Using default page load timeout: '30'

2023-09-06 09:17:24 - [MESSAGE][PASSED] - Object 'Object Repository/Menu Pencarian Toko/Tittle Semua Toko' is present

2023-09-06 09:17:24 - [MESSAGE][PASSED] - Call Test Case 'Test Cases/T05 Pencarian Toko/TC-Cari Toko-show-001' successfully

2023-09-06 09:17:24 - [TEST_STEP][PASSED] - setText(findTestObject("Fitur search/input_Semua Toko_cari_reseller"), "Mataram, Kota Mataram"): Text 'Mataram, Kota Mataram' is set on object 'Object Repository/Fitur search/input_Semua Toko_cari_reseller'

2023-09-06 09:17:25 - [MESSAGE][PASSED] - Text 'Mataram, Kota Mataram' is set on object 'Object Repository/Fitur search/input_Semua Toko_cari_reseller'

2023-09-06 09:17:25 - [TEST_STEP][PASSED] - click(findTestObject("Fitur search/button_Semua Toko_submit")): Object: 'Object Repository/Fitur search/button_Semua Toko_submit' is clicked on

2023-09-06 09:17:26 - [MESSAGE][PASSED] - Object: 'Object Repository/Fitur search/button_Semua Toko_submit' is clicked on

2023-09-06 09:17:26 - [TEST_STEP][PASSED] - verifyElementText(findTestObject("Fitur search/Regional Mataram,  Kota Mataram"), "Mataram, Kota Mataram"): Actual text and expected text of test object 'Object Repository/Fitur search/Regional Mataram,  Kota Mataram' are matched.

2023-09-06 09:17:59 - [MESSAGE][INFO] - Unable to find the element located by 'By.xpath: (.//*[normalize-space(text()) and normalize-space(.)='Verified'])[2]/following::i[1]'. Please recheck the objects properties to make sure the desired element is located. 

2023-09-06 09:17:59 - [MESSAGE][WARNING] - [SELF-HEALING] Failed to find element with id 'Object Repository/Fitur search/Regional Mataram,  Kota Mataram'. Try using Self-healing.

2023-09-06 09:18:01 - [MESSAGE][WARNING] - [SELF-HEALING] The current locator of test object 'Object Repository/Fitur search/Regional Mataram,  Kota Mataram' was broken. Propose an alternative one: '//i[(text() = 'Mataram,  Kota Mataram' or . = 'Mataram,  Kota Mataram')]'.

2023-09-06 09:18:01 - [MESSAGE][PASSED] - Actual text and expected text of test object 'Object Repository/Fitur search/Regional Mataram,  Kota Mataram' are matched.]]></system-out>
         <system-err><![CDATA[]]></system-err>
      </testcase>
      <testcase name="Test Cases/T05 Pencarian Toko/TC-Cari Toko-Search-003" time="22.312" classname="Test Cases/T05 Pencarian Toko/TC-Cari Toko-Search-003" status="FAILED">
         <failure type="FAILED" message="Test Cases/T05 Pencarian Toko/TC-Cari Toko-Search-003 FAILED.
Reason:
com.kms.katalon.core.exception.StepFailedException: Verify element text of test object 'Object Repository/Fitur search/Massage error' FAILED.
	at com.kms.katalon.core.webui.keyword.internal.WebUIKeywordMain.stepFailed(WebUIKeywordMain.groovy:64)
	at com.kms.katalon.core.webui.keyword.internal.WebUIKeywordMain.runKeyword(WebUIKeywordMain.groovy:26)
	at com.kms.katalon.core.webui.keyword.builtin.VerifyElementTextKeyword.verifyElementText(VerifyElementTextKeyword.groovy:72)
	at com.kms.katalon.core.webui.keyword.builtin.VerifyElementTextKeyword.execute(VerifyElementTextKeyword.groovy:40)
	at com.kms.katalon.core.keyword.internal.KeywordExecutor.executeKeywordForPlatform(KeywordExecutor.groovy:74)
	at com.kms.katalon.core.webui.keyword.WebUiBuiltInKeywords.verifyElementText(WebUiBuiltInKeywords.groovy:4749)
	at com.kms.katalon.core.webui.keyword.WebUiBuiltInKeywords$verifyElementText$4.call(Unknown Source)
	at TC-Cari Toko-Search-003.run(TC-Cari Toko-Search-003:26)
	at com.kms.katalon.core.main.ScriptEngine.run(ScriptEngine.java:194)
	at com.kms.katalon.core.main.ScriptEngine.runScriptAsRawText(ScriptEngine.java:119)
	at com.kms.katalon.core.main.TestCaseExecutor.runScript(TestCaseExecutor.java:448)
	at com.kms.katalon.core.main.TestCaseExecutor.doExecute(TestCaseExecutor.java:439)
	at com.kms.katalon.core.main.TestCaseExecutor.processExecutionPhase(TestCaseExecutor.java:418)
	at com.kms.katalon.core.main.TestCaseExecutor.accessMainPhase(TestCaseExecutor.java:410)
	at com.kms.katalon.core.main.TestCaseExecutor.execute(TestCaseExecutor.java:285)
	at com.kms.katalon.core.common.CommonExecutor.accessTestCaseMainPhase(CommonExecutor.java:65)
	at com.kms.katalon.core.main.TestSuiteExecutor.accessTestSuiteMainPhase(TestSuiteExecutor.java:148)
	at com.kms.katalon.core.main.TestSuiteExecutor.execute(TestSuiteExecutor.java:106)
	at com.kms.katalon.core.main.TestCaseMain.startTestSuite(TestCaseMain.java:187)
	at com.kms.katalon.core.main.TestCaseMain$startTestSuite$0.call(Unknown Source)
	at TempTestSuite1693966490565.run(TempTestSuite1693966490565.groovy:36)
Caused by: com.kms.katalon.core.exception.StepFailedException: Actual text '' and expected text ' isikan Nama toko yang benar' of test object 'Object Repository/Fitur search/Massage error' are NOT matched.
	at com.kms.katalon.core.webui.keyword.internal.WebUIKeywordMain.stepFailed(WebUIKeywordMain.groovy:64)
	at com.kms.katalon.core.webui.keyword.builtin.VerifyElementTextKeyword$_verifyElementText_closure1.doCall(VerifyElementTextKeyword.groovy:57)
	at com.kms.katalon.core.webui.keyword.builtin.VerifyElementTextKeyword$_verifyElementText_closure1.call(VerifyElementTextKeyword.groovy)
	at com.kms.katalon.core.webui.keyword.internal.WebUIKeywordMain.runKeyword(WebUIKeywordMain.groovy:20)
	... 19 more
"/>
         <system-out><![CDATA[2023-09-06 09:18:01 - [TEST_CASE][FAILED] - Test Cases/T05 Pencarian Toko/TC-Cari Toko-Search-003: Test Cases/T05 Pencarian Toko/TC-Cari Toko-Search-003 FAILED.
Reason:
com.kms.katalon.core.exception.StepFailedException: Verify element text of test object 'Object Repository/Fitur search/Massage error' FAILED.
	at com.kms.katalon.core.webui.keyword.internal.WebUIKeywordMain.stepFailed(WebUIKeywordMain.groovy:64)
	at com.kms.katalon.core.webui.keyword.internal.WebUIKeywordMain.runKeyword(WebUIKeywordMain.groovy:26)
	at com.kms.katalon.core.webui.keyword.builtin.VerifyElementTextKeyword.verifyElementText(VerifyElementTextKeyword.groovy:72)
	at com.kms.katalon.core.webui.keyword.builtin.VerifyElementTextKeyword.execute(VerifyElementTextKeyword.groovy:40)
	at com.kms.katalon.core.keyword.internal.KeywordExecutor.executeKeywordForPlatform(KeywordExecutor.groovy:74)
	at com.kms.katalon.core.webui.keyword.WebUiBuiltInKeywords.verifyElementText(WebUiBuiltInKeywords.groovy:4749)
	at com.kms.katalon.core.webui.keyword.WebUiBuiltInKeywords$verifyElementText$4.call(Unknown Source)
	at TC-Cari Toko-Search-003.run(TC-Cari Toko-Search-003:26)
	at com.kms.katalon.core.main.ScriptEngine.run(ScriptEngine.java:194)
	at com.kms.katalon.core.main.ScriptEngine.runScriptAsRawText(ScriptEngine.java:119)
	at com.kms.katalon.core.main.TestCaseExecutor.runScript(TestCaseExecutor.java:448)
	at com.kms.katalon.core.main.TestCaseExecutor.doExecute(TestCaseExecutor.java:439)
	at com.kms.katalon.core.main.TestCaseExecutor.processExecutionPhase(TestCaseExecutor.java:418)
	at com.kms.katalon.core.main.TestCaseExecutor.accessMainPhase(TestCaseExecutor.java:410)
	at com.kms.katalon.core.main.TestCaseExecutor.execute(TestCaseExecutor.java:285)
	at com.kms.katalon.core.common.CommonExecutor.accessTestCaseMainPhase(CommonExecutor.java:65)
	at com.kms.katalon.core.main.TestSuiteExecutor.accessTestSuiteMainPhase(TestSuiteExecutor.java:148)
	at com.kms.katalon.core.main.TestSuiteExecutor.execute(TestSuiteExecutor.java:106)
	at com.kms.katalon.core.main.TestCaseMain.startTestSuite(TestCaseMain.java:187)
	at com.kms.katalon.core.main.TestCaseMain$startTestSuite$0.call(Unknown Source)
	at TempTestSuite1693966490565.run(TempTestSuite1693966490565.groovy:36)
Caused by: com.kms.katalon.core.exception.StepFailedException: Actual text '' and expected text ' isikan Nama toko yang benar' of test object 'Object Repository/Fitur search/Massage error' are NOT matched.
	at com.kms.katalon.core.webui.keyword.internal.WebUIKeywordMain.stepFailed(WebUIKeywordMain.groovy:64)
	at com.kms.katalon.core.webui.keyword.builtin.VerifyElementTextKeyword$_verifyElementText_closure1.doCall(VerifyElementTextKeyword.groovy:57)
	at com.kms.katalon.core.webui.keyword.builtin.VerifyElementTextKeyword$_verifyElementText_closure1.call(VerifyElementTextKeyword.groovy)
	at com.kms.katalon.core.webui.keyword.internal.WebUIKeywordMain.runKeyword(WebUIKeywordMain.groovy:20)
	... 19 more


2023-09-06 09:18:02 - [TEST_STEP][PASSED] - callTestCase(findTestCase("T05 Pencarian Toko/TC-Cari Toko-show-001"), [:], STOP_ON_FAILURE): Call Test Case 'Test Cases/T05 Pencarian Toko/TC-Cari Toko-show-001' successfully

2023-09-06 09:18:02 - [TEST_CASE][PASSED] - Test Cases/T05 Pencarian Toko/TC-Cari Toko-show-001: Test Cases/T05 Pencarian Toko/TC-Cari Toko-show-001

2023-09-06 09:18:02 - [TEST_STEP][PASSED] - openBrowser("https://10.9.2.63/ecommerce/"): Browser is opened with url: 'https://10.9.2.63/ecommerce/'

2023-09-06 09:18:02 - [MESSAGE][WARNING] - A browser is already opened. Closing browser and opening a new one

2023-09-06 09:18:03 - [MESSAGE][INFO] - Starting 'Edge Chromium' driver

2023-09-06 09:18:03 - [MESSAGE][INFO] - User set preference: ['acceptInsecureCerts', 'true']

2023-09-06 09:18:05 - [MESSAGE][INFO] - Action delay is set to 0 milliseconds

2023-09-06 09:18:15 - [MESSAGE][PASSED] - Browser is opened with url: 'https://10.9.2.63/ecommerce/'

2023-09-06 09:18:15 - [TEST_STEP][PASSED] - maximizeWindow(): Current window maximized

2023-09-06 09:18:15 - [MESSAGE][PASSED] - Current window maximized

2023-09-06 09:18:15 - [TEST_STEP][PASSED] - verifyElementPresent(findTestObject("Login/Halaman Home"), 0): Object 'Object Repository/Login/Halaman Home' is present

2023-09-06 09:18:15 - [MESSAGE][WARNING] - Timeout '0' is invalid. Using default page load timeout: '30'

2023-09-06 09:18:16 - [MESSAGE][PASSED] - Object 'Object Repository/Login/Halaman Home' is present

2023-09-06 09:18:16 - [TEST_STEP][PASSED] - click(findTestObject("Menu Pencarian Toko/menu Shop")): Object: 'Object Repository/Menu Pencarian Toko/menu Shop' is clicked on

2023-09-06 09:18:16 - [MESSAGE][PASSED] - Object: 'Object Repository/Menu Pencarian Toko/menu Shop' is clicked on

2023-09-06 09:18:16 - [TEST_STEP][PASSED] - click(findTestObject("Menu Pencarian Toko/menu Shop")): Object: 'Object Repository/Menu Pencarian Toko/menu Shop' is clicked on

2023-09-06 09:18:17 - [MESSAGE][PASSED] - Object: 'Object Repository/Menu Pencarian Toko/menu Shop' is clicked on

2023-09-06 09:18:17 - [TEST_STEP][PASSED] - click(findTestObject("Menu Pencarian Toko/Menu Toko (Pelapak)")): Object: 'Object Repository/Menu Pencarian Toko/Menu Toko (Pelapak)' is clicked on

2023-09-06 09:18:20 - [MESSAGE][PASSED] - Object: 'Object Repository/Menu Pencarian Toko/Menu Toko (Pelapak)' is clicked on

2023-09-06 09:18:20 - [TEST_STEP][PASSED] - verifyElementPresent(findTestObject("Menu Pencarian Toko/Tittle Semua Toko"), 0): Object 'Object Repository/Menu Pencarian Toko/Tittle Semua Toko' is present

2023-09-06 09:18:20 - [MESSAGE][WARNING] - Timeout '0' is invalid. Using default page load timeout: '30'

2023-09-06 09:18:20 - [MESSAGE][PASSED] - Object 'Object Repository/Menu Pencarian Toko/Tittle Semua Toko' is present

2023-09-06 09:18:20 - [MESSAGE][PASSED] - Call Test Case 'Test Cases/T05 Pencarian Toko/TC-Cari Toko-show-001' successfully

2023-09-06 09:18:20 - [TEST_STEP][PASSED] - setText(findTestObject("Fitur search/input_Semua Toko_cari_reseller"), "asadac12"): Text 'asadac12' is set on object 'Object Repository/Fitur search/input_Semua Toko_cari_reseller'

2023-09-06 09:18:21 - [MESSAGE][PASSED] - Text 'asadac12' is set on object 'Object Repository/Fitur search/input_Semua Toko_cari_reseller'

2023-09-06 09:18:21 - [TEST_STEP][PASSED] - click(findTestObject("Fitur search/button_Semua Toko_submit")): Object: 'Object Repository/Fitur search/button_Semua Toko_submit' is clicked on

2023-09-06 09:18:22 - [MESSAGE][PASSED] - Object: 'Object Repository/Fitur search/button_Semua Toko_submit' is clicked on

2023-09-06 09:18:22 - [TEST_STEP][FAILED] - verifyElementText(findTestObject("Fitur search/Massage error"), " isikan Nama toko yang benar"): Verify element text of test object 'Object Repository/Fitur search/Massage error' FAILED. (Root cause: com.kms.katalon.core.exception.StepFailedException: Verify element text of test object 'Object Repository/Fitur search/Massage error' FAILED.
	at com.kms.katalon.core.webui.keyword.internal.WebUIKeywordMain.stepFailed(WebUIKeywordMain.groovy:64)
	at com.kms.katalon.core.webui.keyword.internal.WebUIKeywordMain.runKeyword(WebUIKeywordMain.groovy:26)
	at com.kms.katalon.core.webui.keyword.builtin.VerifyElementTextKeyword.verifyElementText(VerifyElementTextKeyword.groovy:72)
	at com.kms.katalon.core.webui.keyword.builtin.VerifyElementTextKeyword.execute(VerifyElementTextKeyword.groovy:40)
	at com.kms.katalon.core.keyword.internal.KeywordExecutor.executeKeywordForPlatform(KeywordExecutor.groovy:74)
	at com.kms.katalon.core.webui.keyword.WebUiBuiltInKeywords.verifyElementText(WebUiBuiltInKeywords.groovy:4749)
	at com.kms.katalon.core.webui.keyword.WebUiBuiltInKeywords$verifyElementText$4.call(Unknown Source)
	at TC-Cari Toko-Search-003.run(TC-Cari Toko-Search-003:26)
	at com.kms.katalon.core.main.ScriptEngine.run(ScriptEngine.java:194)
	at com.kms.katalon.core.main.ScriptEngine.runScriptAsRawText(ScriptEngine.java:119)
	at com.kms.katalon.core.main.TestCaseExecutor.runScript(TestCaseExecutor.java:448)
	at com.kms.katalon.core.main.TestCaseExecutor.doExecute(TestCaseExecutor.java:439)
	at com.kms.katalon.core.main.TestCaseExecutor.processExecutionPhase(TestCaseExecutor.java:418)
	at com.kms.katalon.core.main.TestCaseExecutor.accessMainPhase(TestCaseExecutor.java:410)
	at com.kms.katalon.core.main.TestCaseExecutor.execute(TestCaseExecutor.java:285)
	at com.kms.katalon.core.common.CommonExecutor.accessTestCaseMainPhase(CommonExecutor.java:65)
	at com.kms.katalon.core.main.TestSuiteExecutor.accessTestSuiteMainPhase(TestSuiteExecutor.java:148)
	at com.kms.katalon.core.main.TestSuiteExecutor.execute(TestSuiteExecutor.java:106)
	at com.kms.katalon.core.main.TestCaseMain.startTestSuite(TestCaseMain.java:187)
	at com.kms.katalon.core.main.TestCaseMain$startTestSuite$0.call(Unknown Source)
	at TempTestSuite1693966490565.run(TempTestSuite1693966490565.groovy:36)
Caused by: com.kms.katalon.core.exception.StepFailedException: Actual text '' and expected text ' isikan Nama toko yang benar' of test object 'Object Repository/Fitur search/Massage error' are NOT matched.
	at com.kms.katalon.core.webui.keyword.internal.WebUIKeywordMain.stepFailed(WebUIKeywordMain.groovy:64)
	at com.kms.katalon.core.webui.keyword.builtin.VerifyElementTextKeyword$_verifyElementText_closure1.doCall(VerifyElementTextKeyword.groovy:57)
	at com.kms.katalon.core.webui.keyword.builtin.VerifyElementTextKeyword$_verifyElementText_closure1.call(VerifyElementTextKeyword.groovy)
	at com.kms.katalon.core.webui.keyword.internal.WebUIKeywordMain.runKeyword(WebUIKeywordMain.groovy:20)
	... 19 more
)

2023-09-06 09:18:23 - [MESSAGE][FAILED] - Actual text '' and expected text ' isikan Nama toko yang benar' of test object 'Object Repository/Fitur search/Massage error' are NOT matched. (Root cause: com.kms.katalon.core.exception.StepFailedException: Actual text '' and expected text ' isikan Nama toko yang benar' of test object 'Object Repository/Fitur search/Massage error' are NOT matched.
	at com.kms.katalon.core.webui.keyword.internal.WebUIKeywordMain.stepFailed(WebUIKeywordMain.groovy:64)
	at com.kms.katalon.core.webui.keyword.builtin.VerifyElementTextKeyword$_verifyElementText_closure1.doCall(VerifyElementTextKeyword.groovy:57)
	at com.kms.katalon.core.webui.keyword.builtin.VerifyElementTextKeyword$_verifyElementText_closure1.call(VerifyElementTextKeyword.groovy)
	at com.kms.katalon.core.webui.keyword.internal.WebUIKeywordMain.runKeyword(WebUIKeywordMain.groovy:20)
	at com.kms.katalon.core.webui.keyword.builtin.VerifyElementTextKeyword.verifyElementText(VerifyElementTextKeyword.groovy:72)
	at com.kms.katalon.core.webui.keyword.builtin.VerifyElementTextKeyword.execute(VerifyElementTextKeyword.groovy:40)
	at com.kms.katalon.core.keyword.internal.KeywordExecutor.executeKeywordForPlatform(KeywordExecutor.groovy:74)
	at com.kms.katalon.core.webui.keyword.WebUiBuiltInKeywords.verifyElementText(WebUiBuiltInKeywords.groovy:4749)
	at com.kms.katalon.core.webui.keyword.WebUiBuiltInKeywords$verifyElementText$4.call(Unknown Source)
	at TC-Cari Toko-Search-003.run(TC-Cari Toko-Search-003:26)
	at com.kms.katalon.core.main.ScriptEngine.run(ScriptEngine.java:194)
	at com.kms.katalon.core.main.ScriptEngine.runScriptAsRawText(ScriptEngine.java:119)
	at com.kms.katalon.core.main.TestCaseExecutor.runScript(TestCaseExecutor.java:448)
	at com.kms.katalon.core.main.TestCaseExecutor.doExecute(TestCaseExecutor.java:439)
	at com.kms.katalon.core.main.TestCaseExecutor.processExecutionPhase(TestCaseExecutor.java:418)
	at com.kms.katalon.core.main.TestCaseExecutor.accessMainPhase(TestCaseExecutor.java:410)
	at com.kms.katalon.core.main.TestCaseExecutor.execute(TestCaseExecutor.java:285)
	at com.kms.katalon.core.common.CommonExecutor.accessTestCaseMainPhase(CommonExecutor.java:65)
	at com.kms.katalon.core.main.TestSuiteExecutor.accessTestSuiteMainPhase(TestSuiteExecutor.java:148)
	at com.kms.katalon.core.main.TestSuiteExecutor.execute(TestSuiteExecutor.java:106)
	at com.kms.katalon.core.main.TestCaseMain.startTestSuite(TestCaseMain.java:187)
	at com.kms.katalon.core.main.TestCaseMain$startTestSuite$0.call(Unknown Source)
	at TempTestSuite1693966490565.run(TempTestSuite1693966490565.groovy:36)
)
[[ATTACHMENT|D:\\Project XSIS\\batch-324-qa\\irfan\\Projek Eval 2 Tajalapak dan administrator\\Reports\\20230906_091450\\pencarian toko\\pencarian toko\\20230906_091450\\1693966703576.png]]

2023-09-06 09:18:23 - [MESSAGE][FAILED] - Verify element text of test object 'Object Repository/Fitur search/Massage error' FAILED. (Root cause: com.kms.katalon.core.exception.StepFailedException: Verify element text of test object 'Object Repository/Fitur search/Massage error' FAILED.
	at com.kms.katalon.core.webui.keyword.internal.WebUIKeywordMain.stepFailed(WebUIKeywordMain.groovy:64)
	at com.kms.katalon.core.webui.keyword.internal.WebUIKeywordMain.runKeyword(WebUIKeywordMain.groovy:26)
	at com.kms.katalon.core.webui.keyword.builtin.VerifyElementTextKeyword.verifyElementText(VerifyElementTextKeyword.groovy:72)
	at com.kms.katalon.core.webui.keyword.builtin.VerifyElementTextKeyword.execute(VerifyElementTextKeyword.groovy:40)
	at com.kms.katalon.core.keyword.internal.KeywordExecutor.executeKeywordForPlatform(KeywordExecutor.groovy:74)
	at com.kms.katalon.core.webui.keyword.WebUiBuiltInKeywords.verifyElementText(WebUiBuiltInKeywords.groovy:4749)
	at com.kms.katalon.core.webui.keyword.WebUiBuiltInKeywords$verifyElementText$4.call(Unknown Source)
	at TC-Cari Toko-Search-003.run(TC-Cari Toko-Search-003:26)
	at com.kms.katalon.core.main.ScriptEngine.run(ScriptEngine.java:194)
	at com.kms.katalon.core.main.ScriptEngine.runScriptAsRawText(ScriptEngine.java:119)
	at com.kms.katalon.core.main.TestCaseExecutor.runScript(TestCaseExecutor.java:448)
	at com.kms.katalon.core.main.TestCaseExecutor.doExecute(TestCaseExecutor.java:439)
	at com.kms.katalon.core.main.TestCaseExecutor.processExecutionPhase(TestCaseExecutor.java:418)
	at com.kms.katalon.core.main.TestCaseExecutor.accessMainPhase(TestCaseExecutor.java:410)
	at com.kms.katalon.core.main.TestCaseExecutor.execute(TestCaseExecutor.java:285)
	at com.kms.katalon.core.common.CommonExecutor.accessTestCaseMainPhase(CommonExecutor.java:65)
	at com.kms.katalon.core.main.TestSuiteExecutor.accessTestSuiteMainPhase(TestSuiteExecutor.java:148)
	at com.kms.katalon.core.main.TestSuiteExecutor.execute(TestSuiteExecutor.java:106)
	at com.kms.katalon.core.main.TestCaseMain.startTestSuite(TestCaseMain.java:187)
	at com.kms.katalon.core.main.TestCaseMain$startTestSuite$0.call(Unknown Source)
	at TempTestSuite1693966490565.run(TempTestSuite1693966490565.groovy:36)
Caused by: com.kms.katalon.core.exception.StepFailedException: Actual text '' and expected text ' isikan Nama toko yang benar' of test object 'Object Repository/Fitur search/Massage error' are NOT matched.
	at com.kms.katalon.core.webui.keyword.internal.WebUIKeywordMain.stepFailed(WebUIKeywordMain.groovy:64)
	at com.kms.katalon.core.webui.keyword.builtin.VerifyElementTextKeyword$_verifyElementText_closure1.doCall(VerifyElementTextKeyword.groovy:57)
	at com.kms.katalon.core.webui.keyword.builtin.VerifyElementTextKeyword$_verifyElementText_closure1.call(VerifyElementTextKeyword.groovy)
	at com.kms.katalon.core.webui.keyword.internal.WebUIKeywordMain.runKeyword(WebUIKeywordMain.groovy:20)
	... 19 more
)
[[ATTACHMENT|D:\\Project XSIS\\batch-324-qa\\irfan\\Projek Eval 2 Tajalapak dan administrator\\Reports\\20230906_091450\\pencarian toko\\pencarian toko\\20230906_091450\\1693966703723.png]]]]></system-out>
         <system-err><![CDATA[2023-09-06 09:18:01 - [TEST_CASE][FAILED] - Test Cases/T05 Pencarian Toko/TC-Cari Toko-Search-003: Test Cases/T05 Pencarian Toko/TC-Cari Toko-Search-003 FAILED.
Reason:
com.kms.katalon.core.exception.StepFailedException: Verify element text of test object 'Object Repository/Fitur search/Massage error' FAILED.
	at com.kms.katalon.core.webui.keyword.internal.WebUIKeywordMain.stepFailed(WebUIKeywordMain.groovy:64)
	at com.kms.katalon.core.webui.keyword.internal.WebUIKeywordMain.runKeyword(WebUIKeywordMain.groovy:26)
	at com.kms.katalon.core.webui.keyword.builtin.VerifyElementTextKeyword.verifyElementText(VerifyElementTextKeyword.groovy:72)
	at com.kms.katalon.core.webui.keyword.builtin.VerifyElementTextKeyword.execute(VerifyElementTextKeyword.groovy:40)
	at com.kms.katalon.core.keyword.internal.KeywordExecutor.executeKeywordForPlatform(KeywordExecutor.groovy:74)
	at com.kms.katalon.core.webui.keyword.WebUiBuiltInKeywords.verifyElementText(WebUiBuiltInKeywords.groovy:4749)
	at com.kms.katalon.core.webui.keyword.WebUiBuiltInKeywords$verifyElementText$4.call(Unknown Source)
	at TC-Cari Toko-Search-003.run(TC-Cari Toko-Search-003:26)
	at com.kms.katalon.core.main.ScriptEngine.run(ScriptEngine.java:194)
	at com.kms.katalon.core.main.ScriptEngine.runScriptAsRawText(ScriptEngine.java:119)
	at com.kms.katalon.core.main.TestCaseExecutor.runScript(TestCaseExecutor.java:448)
	at com.kms.katalon.core.main.TestCaseExecutor.doExecute(TestCaseExecutor.java:439)
	at com.kms.katalon.core.main.TestCaseExecutor.processExecutionPhase(TestCaseExecutor.java:418)
	at com.kms.katalon.core.main.TestCaseExecutor.accessMainPhase(TestCaseExecutor.java:410)
	at com.kms.katalon.core.main.TestCaseExecutor.execute(TestCaseExecutor.java:285)
	at com.kms.katalon.core.common.CommonExecutor.accessTestCaseMainPhase(CommonExecutor.java:65)
	at com.kms.katalon.core.main.TestSuiteExecutor.accessTestSuiteMainPhase(TestSuiteExecutor.java:148)
	at com.kms.katalon.core.main.TestSuiteExecutor.execute(TestSuiteExecutor.java:106)
	at com.kms.katalon.core.main.TestCaseMain.startTestSuite(TestCaseMain.java:187)
	at com.kms.katalon.core.main.TestCaseMain$startTestSuite$0.call(Unknown Source)
	at TempTestSuite1693966490565.run(TempTestSuite1693966490565.groovy:36)
Caused by: com.kms.katalon.core.exception.StepFailedException: Actual text '' and expected text ' isikan Nama toko yang benar' of test object 'Object Repository/Fitur search/Massage error' are NOT matched.
	at com.kms.katalon.core.webui.keyword.internal.WebUIKeywordMain.stepFailed(WebUIKeywordMain.groovy:64)
	at com.kms.katalon.core.webui.keyword.builtin.VerifyElementTextKeyword$_verifyElementText_closure1.doCall(VerifyElementTextKeyword.groovy:57)
	at com.kms.katalon.core.webui.keyword.builtin.VerifyElementTextKeyword$_verifyElementText_closure1.call(VerifyElementTextKeyword.groovy)
	at com.kms.katalon.core.webui.keyword.internal.WebUIKeywordMain.runKeyword(WebUIKeywordMain.groovy:20)
	... 19 more]]></system-err>
      </testcase>
      <testcase name="Test Cases/T05 Pencarian Toko/TC-Cari Toko-Search-004" time="20.667" classname="Test Cases/T05 Pencarian Toko/TC-Cari Toko-Search-004" status="FAILED">
         <failure type="FAILED" message="Test Cases/T05 Pencarian Toko/TC-Cari Toko-Search-004 FAILED.
Reason:
com.kms.katalon.core.exception.StepFailedException: Verify element text of test object 'Object Repository/Fitur search/input_Semua Toko_cari_reseller' FAILED.
	at com.kms.katalon.core.webui.keyword.internal.WebUIKeywordMain.stepFailed(WebUIKeywordMain.groovy:64)
	at com.kms.katalon.core.webui.keyword.internal.WebUIKeywordMain.runKeyword(WebUIKeywordMain.groovy:26)
	at com.kms.katalon.core.webui.keyword.builtin.VerifyElementTextKeyword.verifyElementText(VerifyElementTextKeyword.groovy:72)
	at com.kms.katalon.core.webui.keyword.builtin.VerifyElementTextKeyword.execute(VerifyElementTextKeyword.groovy:40)
	at com.kms.katalon.core.keyword.internal.KeywordExecutor.executeKeywordForPlatform(KeywordExecutor.groovy:74)
	at com.kms.katalon.core.webui.keyword.WebUiBuiltInKeywords.verifyElementText(WebUiBuiltInKeywords.groovy:4749)
	at com.kms.katalon.core.webui.keyword.WebUiBuiltInKeywords$verifyElementText$4.call(Unknown Source)
	at TC-Cari Toko-Search-004.run(TC-Cari Toko-Search-004:24)
	at com.kms.katalon.core.main.ScriptEngine.run(ScriptEngine.java:194)
	at com.kms.katalon.core.main.ScriptEngine.runScriptAsRawText(ScriptEngine.java:119)
	at com.kms.katalon.core.main.TestCaseExecutor.runScript(TestCaseExecutor.java:448)
	at com.kms.katalon.core.main.TestCaseExecutor.doExecute(TestCaseExecutor.java:439)
	at com.kms.katalon.core.main.TestCaseExecutor.processExecutionPhase(TestCaseExecutor.java:418)
	at com.kms.katalon.core.main.TestCaseExecutor.accessMainPhase(TestCaseExecutor.java:410)
	at com.kms.katalon.core.main.TestCaseExecutor.execute(TestCaseExecutor.java:285)
	at com.kms.katalon.core.common.CommonExecutor.accessTestCaseMainPhase(CommonExecutor.java:65)
	at com.kms.katalon.core.main.TestSuiteExecutor.accessTestSuiteMainPhase(TestSuiteExecutor.java:148)
	at com.kms.katalon.core.main.TestSuiteExecutor.execute(TestSuiteExecutor.java:106)
	at com.kms.katalon.core.main.TestCaseMain.startTestSuite(TestCaseMain.java:187)
	at com.kms.katalon.core.main.TestCaseMain$startTestSuite$0.call(Unknown Source)
	at TempTestSuite1693966490565.run(TempTestSuite1693966490565.groovy:36)
Caused by: com.kms.katalon.core.exception.StepFailedException: Actual text '' and expected text 'Keyword tidak boleh kosong' of test object 'Object Repository/Fitur search/input_Semua Toko_cari_reseller' are NOT matched.
	at com.kms.katalon.core.webui.keyword.internal.WebUIKeywordMain.stepFailed(WebUIKeywordMain.groovy:64)
	at com.kms.katalon.core.webui.keyword.builtin.VerifyElementTextKeyword$_verifyElementText_closure1.doCall(VerifyElementTextKeyword.groovy:57)
	at com.kms.katalon.core.webui.keyword.builtin.VerifyElementTextKeyword$_verifyElementText_closure1.call(VerifyElementTextKeyword.groovy)
	at com.kms.katalon.core.webui.keyword.internal.WebUIKeywordMain.runKeyword(WebUIKeywordMain.groovy:20)
	... 19 more
"/>
         <system-out><![CDATA[2023-09-06 09:18:23 - [TEST_CASE][FAILED] - Test Cases/T05 Pencarian Toko/TC-Cari Toko-Search-004: Test Cases/T05 Pencarian Toko/TC-Cari Toko-Search-004 FAILED.
Reason:
com.kms.katalon.core.exception.StepFailedException: Verify element text of test object 'Object Repository/Fitur search/input_Semua Toko_cari_reseller' FAILED.
	at com.kms.katalon.core.webui.keyword.internal.WebUIKeywordMain.stepFailed(WebUIKeywordMain.groovy:64)
	at com.kms.katalon.core.webui.keyword.internal.WebUIKeywordMain.runKeyword(WebUIKeywordMain.groovy:26)
	at com.kms.katalon.core.webui.keyword.builtin.VerifyElementTextKeyword.verifyElementText(VerifyElementTextKeyword.groovy:72)
	at com.kms.katalon.core.webui.keyword.builtin.VerifyElementTextKeyword.execute(VerifyElementTextKeyword.groovy:40)
	at com.kms.katalon.core.keyword.internal.KeywordExecutor.executeKeywordForPlatform(KeywordExecutor.groovy:74)
	at com.kms.katalon.core.webui.keyword.WebUiBuiltInKeywords.verifyElementText(WebUiBuiltInKeywords.groovy:4749)
	at com.kms.katalon.core.webui.keyword.WebUiBuiltInKeywords$verifyElementText$4.call(Unknown Source)
	at TC-Cari Toko-Search-004.run(TC-Cari Toko-Search-004:24)
	at com.kms.katalon.core.main.ScriptEngine.run(ScriptEngine.java:194)
	at com.kms.katalon.core.main.ScriptEngine.runScriptAsRawText(ScriptEngine.java:119)
	at com.kms.katalon.core.main.TestCaseExecutor.runScript(TestCaseExecutor.java:448)
	at com.kms.katalon.core.main.TestCaseExecutor.doExecute(TestCaseExecutor.java:439)
	at com.kms.katalon.core.main.TestCaseExecutor.processExecutionPhase(TestCaseExecutor.java:418)
	at com.kms.katalon.core.main.TestCaseExecutor.accessMainPhase(TestCaseExecutor.java:410)
	at com.kms.katalon.core.main.TestCaseExecutor.execute(TestCaseExecutor.java:285)
	at com.kms.katalon.core.common.CommonExecutor.accessTestCaseMainPhase(CommonExecutor.java:65)
	at com.kms.katalon.core.main.TestSuiteExecutor.accessTestSuiteMainPhase(TestSuiteExecutor.java:148)
	at com.kms.katalon.core.main.TestSuiteExecutor.execute(TestSuiteExecutor.java:106)
	at com.kms.katalon.core.main.TestCaseMain.startTestSuite(TestCaseMain.java:187)
	at com.kms.katalon.core.main.TestCaseMain$startTestSuite$0.call(Unknown Source)
	at TempTestSuite1693966490565.run(TempTestSuite1693966490565.groovy:36)
Caused by: com.kms.katalon.core.exception.StepFailedException: Actual text '' and expected text 'Keyword tidak boleh kosong' of test object 'Object Repository/Fitur search/input_Semua Toko_cari_reseller' are NOT matched.
	at com.kms.katalon.core.webui.keyword.internal.WebUIKeywordMain.stepFailed(WebUIKeywordMain.groovy:64)
	at com.kms.katalon.core.webui.keyword.builtin.VerifyElementTextKeyword$_verifyElementText_closure1.doCall(VerifyElementTextKeyword.groovy:57)
	at com.kms.katalon.core.webui.keyword.builtin.VerifyElementTextKeyword$_verifyElementText_closure1.call(VerifyElementTextKeyword.groovy)
	at com.kms.katalon.core.webui.keyword.internal.WebUIKeywordMain.runKeyword(WebUIKeywordMain.groovy:20)
	... 19 more


2023-09-06 09:18:24 - [TEST_STEP][PASSED] - callTestCase(findTestCase("T05 Pencarian Toko/TC-Cari Toko-show-001"), [:], STOP_ON_FAILURE): Call Test Case 'Test Cases/T05 Pencarian Toko/TC-Cari Toko-show-001' successfully

2023-09-06 09:18:24 - [TEST_CASE][PASSED] - Test Cases/T05 Pencarian Toko/TC-Cari Toko-show-001: Test Cases/T05 Pencarian Toko/TC-Cari Toko-show-001

2023-09-06 09:18:24 - [TEST_STEP][PASSED] - openBrowser("https://10.9.2.63/ecommerce/"): Browser is opened with url: 'https://10.9.2.63/ecommerce/'

2023-09-06 09:18:24 - [MESSAGE][WARNING] - A browser is already opened. Closing browser and opening a new one

2023-09-06 09:18:25 - [MESSAGE][INFO] - Starting 'Edge Chromium' driver

2023-09-06 09:18:25 - [MESSAGE][INFO] - User set preference: ['acceptInsecureCerts', 'true']

2023-09-06 09:18:27 - [MESSAGE][INFO] - Action delay is set to 0 milliseconds

2023-09-06 09:18:33 - [MESSAGE][PASSED] - Browser is opened with url: 'https://10.9.2.63/ecommerce/'

2023-09-06 09:18:33 - [TEST_STEP][PASSED] - maximizeWindow(): Current window maximized

2023-09-06 09:18:33 - [MESSAGE][PASSED] - Current window maximized

2023-09-06 09:18:33 - [TEST_STEP][PASSED] - verifyElementPresent(findTestObject("Login/Halaman Home"), 0): Object 'Object Repository/Login/Halaman Home' is present

2023-09-06 09:18:33 - [MESSAGE][WARNING] - Timeout '0' is invalid. Using default page load timeout: '30'

2023-09-06 09:18:34 - [MESSAGE][PASSED] - Object 'Object Repository/Login/Halaman Home' is present

2023-09-06 09:18:34 - [TEST_STEP][PASSED] - click(findTestObject("Menu Pencarian Toko/menu Shop")): Object: 'Object Repository/Menu Pencarian Toko/menu Shop' is clicked on

2023-09-06 09:18:34 - [MESSAGE][PASSED] - Object: 'Object Repository/Menu Pencarian Toko/menu Shop' is clicked on

2023-09-06 09:18:34 - [TEST_STEP][PASSED] - click(findTestObject("Menu Pencarian Toko/menu Shop")): Object: 'Object Repository/Menu Pencarian Toko/menu Shop' is clicked on

2023-09-06 09:18:35 - [MESSAGE][PASSED] - Object: 'Object Repository/Menu Pencarian Toko/menu Shop' is clicked on

2023-09-06 09:18:35 - [TEST_STEP][PASSED] - click(findTestObject("Menu Pencarian Toko/Menu Toko (Pelapak)")): Object: 'Object Repository/Menu Pencarian Toko/Menu Toko (Pelapak)' is clicked on

2023-09-06 09:18:41 - [MESSAGE][PASSED] - Object: 'Object Repository/Menu Pencarian Toko/Menu Toko (Pelapak)' is clicked on

2023-09-06 09:18:41 - [TEST_STEP][PASSED] - verifyElementPresent(findTestObject("Menu Pencarian Toko/Tittle Semua Toko"), 0): Object 'Object Repository/Menu Pencarian Toko/Tittle Semua Toko' is present

2023-09-06 09:18:41 - [MESSAGE][WARNING] - Timeout '0' is invalid. Using default page load timeout: '30'

2023-09-06 09:18:41 - [MESSAGE][PASSED] - Object 'Object Repository/Menu Pencarian Toko/Tittle Semua Toko' is present

2023-09-06 09:18:41 - [MESSAGE][PASSED] - Call Test Case 'Test Cases/T05 Pencarian Toko/TC-Cari Toko-show-001' successfully

2023-09-06 09:18:41 - [TEST_STEP][PASSED] - click(findTestObject("Fitur search/button_Semua Toko_submit")): Object: 'Object Repository/Fitur search/button_Semua Toko_submit' is clicked on

2023-09-06 09:18:43 - [MESSAGE][PASSED] - Object: 'Object Repository/Fitur search/button_Semua Toko_submit' is clicked on

2023-09-06 09:18:43 - [TEST_STEP][FAILED] - verifyElementText(findTestObject("Fitur search/input_Semua Toko_cari_reseller"), "Keyword tidak boleh kosong"): Verify element text of test object 'Object Repository/Fitur search/input_Semua Toko_cari_reseller' FAILED. (Root cause: com.kms.katalon.core.exception.StepFailedException: Verify element text of test object 'Object Repository/Fitur search/input_Semua Toko_cari_reseller' FAILED.
	at com.kms.katalon.core.webui.keyword.internal.WebUIKeywordMain.stepFailed(WebUIKeywordMain.groovy:64)
	at com.kms.katalon.core.webui.keyword.internal.WebUIKeywordMain.runKeyword(WebUIKeywordMain.groovy:26)
	at com.kms.katalon.core.webui.keyword.builtin.VerifyElementTextKeyword.verifyElementText(VerifyElementTextKeyword.groovy:72)
	at com.kms.katalon.core.webui.keyword.builtin.VerifyElementTextKeyword.execute(VerifyElementTextKeyword.groovy:40)
	at com.kms.katalon.core.keyword.internal.KeywordExecutor.executeKeywordForPlatform(KeywordExecutor.groovy:74)
	at com.kms.katalon.core.webui.keyword.WebUiBuiltInKeywords.verifyElementText(WebUiBuiltInKeywords.groovy:4749)
	at com.kms.katalon.core.webui.keyword.WebUiBuiltInKeywords$verifyElementText$4.call(Unknown Source)
	at TC-Cari Toko-Search-004.run(TC-Cari Toko-Search-004:24)
	at com.kms.katalon.core.main.ScriptEngine.run(ScriptEngine.java:194)
	at com.kms.katalon.core.main.ScriptEngine.runScriptAsRawText(ScriptEngine.java:119)
	at com.kms.katalon.core.main.TestCaseExecutor.runScript(TestCaseExecutor.java:448)
	at com.kms.katalon.core.main.TestCaseExecutor.doExecute(TestCaseExecutor.java:439)
	at com.kms.katalon.core.main.TestCaseExecutor.processExecutionPhase(TestCaseExecutor.java:418)
	at com.kms.katalon.core.main.TestCaseExecutor.accessMainPhase(TestCaseExecutor.java:410)
	at com.kms.katalon.core.main.TestCaseExecutor.execute(TestCaseExecutor.java:285)
	at com.kms.katalon.core.common.CommonExecutor.accessTestCaseMainPhase(CommonExecutor.java:65)
	at com.kms.katalon.core.main.TestSuiteExecutor.accessTestSuiteMainPhase(TestSuiteExecutor.java:148)
	at com.kms.katalon.core.main.TestSuiteExecutor.execute(TestSuiteExecutor.java:106)
	at com.kms.katalon.core.main.TestCaseMain.startTestSuite(TestCaseMain.java:187)
	at com.kms.katalon.core.main.TestCaseMain$startTestSuite$0.call(Unknown Source)
	at TempTestSuite1693966490565.run(TempTestSuite1693966490565.groovy:36)
Caused by: com.kms.katalon.core.exception.StepFailedException: Actual text '' and expected text 'Keyword tidak boleh kosong' of test object 'Object Repository/Fitur search/input_Semua Toko_cari_reseller' are NOT matched.
	at com.kms.katalon.core.webui.keyword.internal.WebUIKeywordMain.stepFailed(WebUIKeywordMain.groovy:64)
	at com.kms.katalon.core.webui.keyword.builtin.VerifyElementTextKeyword$_verifyElementText_closure1.doCall(VerifyElementTextKeyword.groovy:57)
	at com.kms.katalon.core.webui.keyword.builtin.VerifyElementTextKeyword$_verifyElementText_closure1.call(VerifyElementTextKeyword.groovy)
	at com.kms.katalon.core.webui.keyword.internal.WebUIKeywordMain.runKeyword(WebUIKeywordMain.groovy:20)
	... 19 more
)

2023-09-06 09:18:44 - [MESSAGE][FAILED] - Actual text '' and expected text 'Keyword tidak boleh kosong' of test object 'Object Repository/Fitur search/input_Semua Toko_cari_reseller' are NOT matched. (Root cause: com.kms.katalon.core.exception.StepFailedException: Actual text '' and expected text 'Keyword tidak boleh kosong' of test object 'Object Repository/Fitur search/input_Semua Toko_cari_reseller' are NOT matched.
	at com.kms.katalon.core.webui.keyword.internal.WebUIKeywordMain.stepFailed(WebUIKeywordMain.groovy:64)
	at com.kms.katalon.core.webui.keyword.builtin.VerifyElementTextKeyword$_verifyElementText_closure1.doCall(VerifyElementTextKeyword.groovy:57)
	at com.kms.katalon.core.webui.keyword.builtin.VerifyElementTextKeyword$_verifyElementText_closure1.call(VerifyElementTextKeyword.groovy)
	at com.kms.katalon.core.webui.keyword.internal.WebUIKeywordMain.runKeyword(WebUIKeywordMain.groovy:20)
	at com.kms.katalon.core.webui.keyword.builtin.VerifyElementTextKeyword.verifyElementText(VerifyElementTextKeyword.groovy:72)
	at com.kms.katalon.core.webui.keyword.builtin.VerifyElementTextKeyword.execute(VerifyElementTextKeyword.groovy:40)
	at com.kms.katalon.core.keyword.internal.KeywordExecutor.executeKeywordForPlatform(KeywordExecutor.groovy:74)
	at com.kms.katalon.core.webui.keyword.WebUiBuiltInKeywords.verifyElementText(WebUiBuiltInKeywords.groovy:4749)
	at com.kms.katalon.core.webui.keyword.WebUiBuiltInKeywords$verifyElementText$4.call(Unknown Source)
	at TC-Cari Toko-Search-004.run(TC-Cari Toko-Search-004:24)
	at com.kms.katalon.core.main.ScriptEngine.run(ScriptEngine.java:194)
	at com.kms.katalon.core.main.ScriptEngine.runScriptAsRawText(ScriptEngine.java:119)
	at com.kms.katalon.core.main.TestCaseExecutor.runScript(TestCaseExecutor.java:448)
	at com.kms.katalon.core.main.TestCaseExecutor.doExecute(TestCaseExecutor.java:439)
	at com.kms.katalon.core.main.TestCaseExecutor.processExecutionPhase(TestCaseExecutor.java:418)
	at com.kms.katalon.core.main.TestCaseExecutor.accessMainPhase(TestCaseExecutor.java:410)
	at com.kms.katalon.core.main.TestCaseExecutor.execute(TestCaseExecutor.java:285)
	at com.kms.katalon.core.common.CommonExecutor.accessTestCaseMainPhase(CommonExecutor.java:65)
	at com.kms.katalon.core.main.TestSuiteExecutor.accessTestSuiteMainPhase(TestSuiteExecutor.java:148)
	at com.kms.katalon.core.main.TestSuiteExecutor.execute(TestSuiteExecutor.java:106)
	at com.kms.katalon.core.main.TestCaseMain.startTestSuite(TestCaseMain.java:187)
	at com.kms.katalon.core.main.TestCaseMain$startTestSuite$0.call(Unknown Source)
	at TempTestSuite1693966490565.run(TempTestSuite1693966490565.groovy:36)
)
[[ATTACHMENT|D:\\Project XSIS\\batch-324-qa\\irfan\\Projek Eval 2 Tajalapak dan administrator\\Reports\\20230906_091450\\pencarian toko\\pencarian toko\\20230906_091450\\1693966724236.png]]

2023-09-06 09:18:44 - [MESSAGE][FAILED] - Verify element text of test object 'Object Repository/Fitur search/input_Semua Toko_cari_reseller' FAILED. (Root cause: com.kms.katalon.core.exception.StepFailedException: Verify element text of test object 'Object Repository/Fitur search/input_Semua Toko_cari_reseller' FAILED.
	at com.kms.katalon.core.webui.keyword.internal.WebUIKeywordMain.stepFailed(WebUIKeywordMain.groovy:64)
	at com.kms.katalon.core.webui.keyword.internal.WebUIKeywordMain.runKeyword(WebUIKeywordMain.groovy:26)
	at com.kms.katalon.core.webui.keyword.builtin.VerifyElementTextKeyword.verifyElementText(VerifyElementTextKeyword.groovy:72)
	at com.kms.katalon.core.webui.keyword.builtin.VerifyElementTextKeyword.execute(VerifyElementTextKeyword.groovy:40)
	at com.kms.katalon.core.keyword.internal.KeywordExecutor.executeKeywordForPlatform(KeywordExecutor.groovy:74)
	at com.kms.katalon.core.webui.keyword.WebUiBuiltInKeywords.verifyElementText(WebUiBuiltInKeywords.groovy:4749)
	at com.kms.katalon.core.webui.keyword.WebUiBuiltInKeywords$verifyElementText$4.call(Unknown Source)
	at TC-Cari Toko-Search-004.run(TC-Cari Toko-Search-004:24)
	at com.kms.katalon.core.main.ScriptEngine.run(ScriptEngine.java:194)
	at com.kms.katalon.core.main.ScriptEngine.runScriptAsRawText(ScriptEngine.java:119)
	at com.kms.katalon.core.main.TestCaseExecutor.runScript(TestCaseExecutor.java:448)
	at com.kms.katalon.core.main.TestCaseExecutor.doExecute(TestCaseExecutor.java:439)
	at com.kms.katalon.core.main.TestCaseExecutor.processExecutionPhase(TestCaseExecutor.java:418)
	at com.kms.katalon.core.main.TestCaseExecutor.accessMainPhase(TestCaseExecutor.java:410)
	at com.kms.katalon.core.main.TestCaseExecutor.execute(TestCaseExecutor.java:285)
	at com.kms.katalon.core.common.CommonExecutor.accessTestCaseMainPhase(CommonExecutor.java:65)
	at com.kms.katalon.core.main.TestSuiteExecutor.accessTestSuiteMainPhase(TestSuiteExecutor.java:148)
	at com.kms.katalon.core.main.TestSuiteExecutor.execute(TestSuiteExecutor.java:106)
	at com.kms.katalon.core.main.TestCaseMain.startTestSuite(TestCaseMain.java:187)
	at com.kms.katalon.core.main.TestCaseMain$startTestSuite$0.call(Unknown Source)
	at TempTestSuite1693966490565.run(TempTestSuite1693966490565.groovy:36)
Caused by: com.kms.katalon.core.exception.StepFailedException: Actual text '' and expected text 'Keyword tidak boleh kosong' of test object 'Object Repository/Fitur search/input_Semua Toko_cari_reseller' are NOT matched.
	at com.kms.katalon.core.webui.keyword.internal.WebUIKeywordMain.stepFailed(WebUIKeywordMain.groovy:64)
	at com.kms.katalon.core.webui.keyword.builtin.VerifyElementTextKeyword$_verifyElementText_closure1.doCall(VerifyElementTextKeyword.groovy:57)
	at com.kms.katalon.core.webui.keyword.builtin.VerifyElementTextKeyword$_verifyElementText_closure1.call(VerifyElementTextKeyword.groovy)
	at com.kms.katalon.core.webui.keyword.internal.WebUIKeywordMain.runKeyword(WebUIKeywordMain.groovy:20)
	... 19 more
)
[[ATTACHMENT|D:\\Project XSIS\\batch-324-qa\\irfan\\Projek Eval 2 Tajalapak dan administrator\\Reports\\20230906_091450\\pencarian toko\\pencarian toko\\20230906_091450\\1693966724383.png]]]]></system-out>
         <system-err><![CDATA[2023-09-06 09:18:23 - [TEST_CASE][FAILED] - Test Cases/T05 Pencarian Toko/TC-Cari Toko-Search-004: Test Cases/T05 Pencarian Toko/TC-Cari Toko-Search-004 FAILED.
Reason:
com.kms.katalon.core.exception.StepFailedException: Verify element text of test object 'Object Repository/Fitur search/input_Semua Toko_cari_reseller' FAILED.
	at com.kms.katalon.core.webui.keyword.internal.WebUIKeywordMain.stepFailed(WebUIKeywordMain.groovy:64)
	at com.kms.katalon.core.webui.keyword.internal.WebUIKeywordMain.runKeyword(WebUIKeywordMain.groovy:26)
	at com.kms.katalon.core.webui.keyword.builtin.VerifyElementTextKeyword.verifyElementText(VerifyElementTextKeyword.groovy:72)
	at com.kms.katalon.core.webui.keyword.builtin.VerifyElementTextKeyword.execute(VerifyElementTextKeyword.groovy:40)
	at com.kms.katalon.core.keyword.internal.KeywordExecutor.executeKeywordForPlatform(KeywordExecutor.groovy:74)
	at com.kms.katalon.core.webui.keyword.WebUiBuiltInKeywords.verifyElementText(WebUiBuiltInKeywords.groovy:4749)
	at com.kms.katalon.core.webui.keyword.WebUiBuiltInKeywords$verifyElementText$4.call(Unknown Source)
	at TC-Cari Toko-Search-004.run(TC-Cari Toko-Search-004:24)
	at com.kms.katalon.core.main.ScriptEngine.run(ScriptEngine.java:194)
	at com.kms.katalon.core.main.ScriptEngine.runScriptAsRawText(ScriptEngine.java:119)
	at com.kms.katalon.core.main.TestCaseExecutor.runScript(TestCaseExecutor.java:448)
	at com.kms.katalon.core.main.TestCaseExecutor.doExecute(TestCaseExecutor.java:439)
	at com.kms.katalon.core.main.TestCaseExecutor.processExecutionPhase(TestCaseExecutor.java:418)
	at com.kms.katalon.core.main.TestCaseExecutor.accessMainPhase(TestCaseExecutor.java:410)
	at com.kms.katalon.core.main.TestCaseExecutor.execute(TestCaseExecutor.java:285)
	at com.kms.katalon.core.common.CommonExecutor.accessTestCaseMainPhase(CommonExecutor.java:65)
	at com.kms.katalon.core.main.TestSuiteExecutor.accessTestSuiteMainPhase(TestSuiteExecutor.java:148)
	at com.kms.katalon.core.main.TestSuiteExecutor.execute(TestSuiteExecutor.java:106)
	at com.kms.katalon.core.main.TestCaseMain.startTestSuite(TestCaseMain.java:187)
	at com.kms.katalon.core.main.TestCaseMain$startTestSuite$0.call(Unknown Source)
	at TempTestSuite1693966490565.run(TempTestSuite1693966490565.groovy:36)
Caused by: com.kms.katalon.core.exception.StepFailedException: Actual text '' and expected text 'Keyword tidak boleh kosong' of test object 'Object Repository/Fitur search/input_Semua Toko_cari_reseller' are NOT matched.
	at com.kms.katalon.core.webui.keyword.internal.WebUIKeywordMain.stepFailed(WebUIKeywordMain.groovy:64)
	at com.kms.katalon.core.webui.keyword.builtin.VerifyElementTextKeyword$_verifyElementText_closure1.doCall(VerifyElementTextKeyword.groovy:57)
	at com.kms.katalon.core.webui.keyword.builtin.VerifyElementTextKeyword$_verifyElementText_closure1.call(VerifyElementTextKeyword.groovy)
	at com.kms.katalon.core.webui.keyword.internal.WebUIKeywordMain.runKeyword(WebUIKeywordMain.groovy:20)
	... 19 more]]></system-err>
      </testcase>
      <testcase name="Test Cases/T05 Pencarian Toko/TC-Cari Toko-Search-005" time="19.266" classname="Test Cases/T05 Pencarian Toko/TC-Cari Toko-Search-005" status="FAILED">
         <failure type="FAILED" message="Test Cases/T05 Pencarian Toko/TC-Cari Toko-Search-005 FAILED.
Reason:
com.kms.katalon.core.exception.StepFailedException: Verify element text of test object 'Object Repository/Menu Pencarian Toko/pencarian kosong' FAILED.
	at com.kms.katalon.core.webui.keyword.internal.WebUIKeywordMain.stepFailed(WebUIKeywordMain.groovy:64)
	at com.kms.katalon.core.webui.keyword.internal.WebUIKeywordMain.runKeyword(WebUIKeywordMain.groovy:26)
	at com.kms.katalon.core.webui.keyword.builtin.VerifyElementTextKeyword.verifyElementText(VerifyElementTextKeyword.groovy:72)
	at com.kms.katalon.core.webui.keyword.builtin.VerifyElementTextKeyword.execute(VerifyElementTextKeyword.groovy:40)
	at com.kms.katalon.core.keyword.internal.KeywordExecutor.executeKeywordForPlatform(KeywordExecutor.groovy:74)
	at com.kms.katalon.core.webui.keyword.WebUiBuiltInKeywords.verifyElementText(WebUiBuiltInKeywords.groovy:4749)
	at com.kms.katalon.core.webui.keyword.WebUiBuiltInKeywords$verifyElementText$4.call(Unknown Source)
	at TC-Cari Toko-Search-005.run(TC-Cari Toko-Search-005:26)
	at com.kms.katalon.core.main.ScriptEngine.run(ScriptEngine.java:194)
	at com.kms.katalon.core.main.ScriptEngine.runScriptAsRawText(ScriptEngine.java:119)
	at com.kms.katalon.core.main.TestCaseExecutor.runScript(TestCaseExecutor.java:448)
	at com.kms.katalon.core.main.TestCaseExecutor.doExecute(TestCaseExecutor.java:439)
	at com.kms.katalon.core.main.TestCaseExecutor.processExecutionPhase(TestCaseExecutor.java:418)
	at com.kms.katalon.core.main.TestCaseExecutor.accessMainPhase(TestCaseExecutor.java:410)
	at com.kms.katalon.core.main.TestCaseExecutor.execute(TestCaseExecutor.java:285)
	at com.kms.katalon.core.common.CommonExecutor.accessTestCaseMainPhase(CommonExecutor.java:65)
	at com.kms.katalon.core.main.TestSuiteExecutor.accessTestSuiteMainPhase(TestSuiteExecutor.java:148)
	at com.kms.katalon.core.main.TestSuiteExecutor.execute(TestSuiteExecutor.java:106)
	at com.kms.katalon.core.main.TestCaseMain.startTestSuite(TestCaseMain.java:187)
	at com.kms.katalon.core.main.TestCaseMain$startTestSuite$0.call(Unknown Source)
	at TempTestSuite1693966490565.run(TempTestSuite1693966490565.groovy:36)
Caused by: com.kms.katalon.core.exception.StepFailedException: Actual text '' and expected text '+6287865722652' of test object 'Object Repository/Menu Pencarian Toko/pencarian kosong' are NOT matched.
	at com.kms.katalon.core.webui.keyword.internal.WebUIKeywordMain.stepFailed(WebUIKeywordMain.groovy:64)
	at com.kms.katalon.core.webui.keyword.builtin.VerifyElementTextKeyword$_verifyElementText_closure1.doCall(VerifyElementTextKeyword.groovy:57)
	at com.kms.katalon.core.webui.keyword.builtin.VerifyElementTextKeyword$_verifyElementText_closure1.call(VerifyElementTextKeyword.groovy)
	at com.kms.katalon.core.webui.keyword.internal.WebUIKeywordMain.runKeyword(WebUIKeywordMain.groovy:20)
	... 19 more
"/>
         <system-out><![CDATA[2023-09-06 09:18:44 - [TEST_CASE][FAILED] - Test Cases/T05 Pencarian Toko/TC-Cari Toko-Search-005: Test Cases/T05 Pencarian Toko/TC-Cari Toko-Search-005 FAILED.
Reason:
com.kms.katalon.core.exception.StepFailedException: Verify element text of test object 'Object Repository/Menu Pencarian Toko/pencarian kosong' FAILED.
	at com.kms.katalon.core.webui.keyword.internal.WebUIKeywordMain.stepFailed(WebUIKeywordMain.groovy:64)
	at com.kms.katalon.core.webui.keyword.internal.WebUIKeywordMain.runKeyword(WebUIKeywordMain.groovy:26)
	at com.kms.katalon.core.webui.keyword.builtin.VerifyElementTextKeyword.verifyElementText(VerifyElementTextKeyword.groovy:72)
	at com.kms.katalon.core.webui.keyword.builtin.VerifyElementTextKeyword.execute(VerifyElementTextKeyword.groovy:40)
	at com.kms.katalon.core.keyword.internal.KeywordExecutor.executeKeywordForPlatform(KeywordExecutor.groovy:74)
	at com.kms.katalon.core.webui.keyword.WebUiBuiltInKeywords.verifyElementText(WebUiBuiltInKeywords.groovy:4749)
	at com.kms.katalon.core.webui.keyword.WebUiBuiltInKeywords$verifyElementText$4.call(Unknown Source)
	at TC-Cari Toko-Search-005.run(TC-Cari Toko-Search-005:26)
	at com.kms.katalon.core.main.ScriptEngine.run(ScriptEngine.java:194)
	at com.kms.katalon.core.main.ScriptEngine.runScriptAsRawText(ScriptEngine.java:119)
	at com.kms.katalon.core.main.TestCaseExecutor.runScript(TestCaseExecutor.java:448)
	at com.kms.katalon.core.main.TestCaseExecutor.doExecute(TestCaseExecutor.java:439)
	at com.kms.katalon.core.main.TestCaseExecutor.processExecutionPhase(TestCaseExecutor.java:418)
	at com.kms.katalon.core.main.TestCaseExecutor.accessMainPhase(TestCaseExecutor.java:410)
	at com.kms.katalon.core.main.TestCaseExecutor.execute(TestCaseExecutor.java:285)
	at com.kms.katalon.core.common.CommonExecutor.accessTestCaseMainPhase(CommonExecutor.java:65)
	at com.kms.katalon.core.main.TestSuiteExecutor.accessTestSuiteMainPhase(TestSuiteExecutor.java:148)
	at com.kms.katalon.core.main.TestSuiteExecutor.execute(TestSuiteExecutor.java:106)
	at com.kms.katalon.core.main.TestCaseMain.startTestSuite(TestCaseMain.java:187)
	at com.kms.katalon.core.main.TestCaseMain$startTestSuite$0.call(Unknown Source)
	at TempTestSuite1693966490565.run(TempTestSuite1693966490565.groovy:36)
Caused by: com.kms.katalon.core.exception.StepFailedException: Actual text '' and expected text '+6287865722652' of test object 'Object Repository/Menu Pencarian Toko/pencarian kosong' are NOT matched.
	at com.kms.katalon.core.webui.keyword.internal.WebUIKeywordMain.stepFailed(WebUIKeywordMain.groovy:64)
	at com.kms.katalon.core.webui.keyword.builtin.VerifyElementTextKeyword$_verifyElementText_closure1.doCall(VerifyElementTextKeyword.groovy:57)
	at com.kms.katalon.core.webui.keyword.builtin.VerifyElementTextKeyword$_verifyElementText_closure1.call(VerifyElementTextKeyword.groovy)
	at com.kms.katalon.core.webui.keyword.internal.WebUIKeywordMain.runKeyword(WebUIKeywordMain.groovy:20)
	... 19 more


2023-09-06 09:18:45 - [TEST_STEP][PASSED] - callTestCase(findTestCase("T05 Pencarian Toko/TC-Cari Toko-show-001"), [:], STOP_ON_FAILURE): Call Test Case 'Test Cases/T05 Pencarian Toko/TC-Cari Toko-show-001' successfully

2023-09-06 09:18:45 - [TEST_CASE][PASSED] - Test Cases/T05 Pencarian Toko/TC-Cari Toko-show-001: Test Cases/T05 Pencarian Toko/TC-Cari Toko-show-001

2023-09-06 09:18:45 - [TEST_STEP][PASSED] - openBrowser("https://10.9.2.63/ecommerce/"): Browser is opened with url: 'https://10.9.2.63/ecommerce/'

2023-09-06 09:18:45 - [MESSAGE][WARNING] - A browser is already opened. Closing browser and opening a new one

2023-09-06 09:18:46 - [MESSAGE][INFO] - Starting 'Edge Chromium' driver

2023-09-06 09:18:46 - [MESSAGE][INFO] - User set preference: ['acceptInsecureCerts', 'true']

2023-09-06 09:18:48 - [MESSAGE][INFO] - Action delay is set to 0 milliseconds

2023-09-06 09:18:55 - [MESSAGE][PASSED] - Browser is opened with url: 'https://10.9.2.63/ecommerce/'

2023-09-06 09:18:55 - [TEST_STEP][PASSED] - maximizeWindow(): Current window maximized

2023-09-06 09:18:55 - [MESSAGE][PASSED] - Current window maximized

2023-09-06 09:18:55 - [TEST_STEP][PASSED] - verifyElementPresent(findTestObject("Login/Halaman Home"), 0): Object 'Object Repository/Login/Halaman Home' is present

2023-09-06 09:18:55 - [MESSAGE][WARNING] - Timeout '0' is invalid. Using default page load timeout: '30'

2023-09-06 09:18:56 - [MESSAGE][PASSED] - Object 'Object Repository/Login/Halaman Home' is present

2023-09-06 09:18:56 - [TEST_STEP][PASSED] - click(findTestObject("Menu Pencarian Toko/menu Shop")): Object: 'Object Repository/Menu Pencarian Toko/menu Shop' is clicked on

2023-09-06 09:18:57 - [MESSAGE][PASSED] - Object: 'Object Repository/Menu Pencarian Toko/menu Shop' is clicked on

2023-09-06 09:18:57 - [TEST_STEP][PASSED] - click(findTestObject("Menu Pencarian Toko/menu Shop")): Object: 'Object Repository/Menu Pencarian Toko/menu Shop' is clicked on

2023-09-06 09:18:57 - [MESSAGE][PASSED] - Object: 'Object Repository/Menu Pencarian Toko/menu Shop' is clicked on

2023-09-06 09:18:57 - [TEST_STEP][PASSED] - click(findTestObject("Menu Pencarian Toko/Menu Toko (Pelapak)")): Object: 'Object Repository/Menu Pencarian Toko/Menu Toko (Pelapak)' is clicked on

2023-09-06 09:19:00 - [MESSAGE][PASSED] - Object: 'Object Repository/Menu Pencarian Toko/Menu Toko (Pelapak)' is clicked on

2023-09-06 09:19:00 - [TEST_STEP][PASSED] - verifyElementPresent(findTestObject("Menu Pencarian Toko/Tittle Semua Toko"), 0): Object 'Object Repository/Menu Pencarian Toko/Tittle Semua Toko' is present

2023-09-06 09:19:00 - [MESSAGE][WARNING] - Timeout '0' is invalid. Using default page load timeout: '30'

2023-09-06 09:19:00 - [MESSAGE][PASSED] - Object 'Object Repository/Menu Pencarian Toko/Tittle Semua Toko' is present

2023-09-06 09:19:00 - [MESSAGE][PASSED] - Call Test Case 'Test Cases/T05 Pencarian Toko/TC-Cari Toko-show-001' successfully

2023-09-06 09:19:00 - [TEST_STEP][PASSED] - setText(findTestObject("Fitur search/input_Semua Toko_cari_reseller"), "+6287865722652"): Text '+6287865722652' is set on object 'Object Repository/Fitur search/input_Semua Toko_cari_reseller'

2023-09-06 09:19:01 - [MESSAGE][PASSED] - Text '+6287865722652' is set on object 'Object Repository/Fitur search/input_Semua Toko_cari_reseller'

2023-09-06 09:19:01 - [TEST_STEP][PASSED] - click(findTestObject("Fitur search/button_Semua Toko_submit")): Object: 'Object Repository/Fitur search/button_Semua Toko_submit' is clicked on

2023-09-06 09:19:02 - [MESSAGE][PASSED] - Object: 'Object Repository/Fitur search/button_Semua Toko_submit' is clicked on

2023-09-06 09:19:02 - [TEST_STEP][FAILED] - verifyElementText(findTestObject("Menu Pencarian Toko/pencarian kosong"), "+6287865722652"): Verify element text of test object 'Object Repository/Menu Pencarian Toko/pencarian kosong' FAILED. (Root cause: com.kms.katalon.core.exception.StepFailedException: Verify element text of test object 'Object Repository/Menu Pencarian Toko/pencarian kosong' FAILED.
	at com.kms.katalon.core.webui.keyword.internal.WebUIKeywordMain.stepFailed(WebUIKeywordMain.groovy:64)
	at com.kms.katalon.core.webui.keyword.internal.WebUIKeywordMain.runKeyword(WebUIKeywordMain.groovy:26)
	at com.kms.katalon.core.webui.keyword.builtin.VerifyElementTextKeyword.verifyElementText(VerifyElementTextKeyword.groovy:72)
	at com.kms.katalon.core.webui.keyword.builtin.VerifyElementTextKeyword.execute(VerifyElementTextKeyword.groovy:40)
	at com.kms.katalon.core.keyword.internal.KeywordExecutor.executeKeywordForPlatform(KeywordExecutor.groovy:74)
	at com.kms.katalon.core.webui.keyword.WebUiBuiltInKeywords.verifyElementText(WebUiBuiltInKeywords.groovy:4749)
	at com.kms.katalon.core.webui.keyword.WebUiBuiltInKeywords$verifyElementText$4.call(Unknown Source)
	at TC-Cari Toko-Search-005.run(TC-Cari Toko-Search-005:26)
	at com.kms.katalon.core.main.ScriptEngine.run(ScriptEngine.java:194)
	at com.kms.katalon.core.main.ScriptEngine.runScriptAsRawText(ScriptEngine.java:119)
	at com.kms.katalon.core.main.TestCaseExecutor.runScript(TestCaseExecutor.java:448)
	at com.kms.katalon.core.main.TestCaseExecutor.doExecute(TestCaseExecutor.java:439)
	at com.kms.katalon.core.main.TestCaseExecutor.processExecutionPhase(TestCaseExecutor.java:418)
	at com.kms.katalon.core.main.TestCaseExecutor.accessMainPhase(TestCaseExecutor.java:410)
	at com.kms.katalon.core.main.TestCaseExecutor.execute(TestCaseExecutor.java:285)
	at com.kms.katalon.core.common.CommonExecutor.accessTestCaseMainPhase(CommonExecutor.java:65)
	at com.kms.katalon.core.main.TestSuiteExecutor.accessTestSuiteMainPhase(TestSuiteExecutor.java:148)
	at com.kms.katalon.core.main.TestSuiteExecutor.execute(TestSuiteExecutor.java:106)
	at com.kms.katalon.core.main.TestCaseMain.startTestSuite(TestCaseMain.java:187)
	at com.kms.katalon.core.main.TestCaseMain$startTestSuite$0.call(Unknown Source)
	at TempTestSuite1693966490565.run(TempTestSuite1693966490565.groovy:36)
Caused by: com.kms.katalon.core.exception.StepFailedException: Actual text '' and expected text '+6287865722652' of test object 'Object Repository/Menu Pencarian Toko/pencarian kosong' are NOT matched.
	at com.kms.katalon.core.webui.keyword.internal.WebUIKeywordMain.stepFailed(WebUIKeywordMain.groovy:64)
	at com.kms.katalon.core.webui.keyword.builtin.VerifyElementTextKeyword$_verifyElementText_closure1.doCall(VerifyElementTextKeyword.groovy:57)
	at com.kms.katalon.core.webui.keyword.builtin.VerifyElementTextKeyword$_verifyElementText_closure1.call(VerifyElementTextKeyword.groovy)
	at com.kms.katalon.core.webui.keyword.internal.WebUIKeywordMain.runKeyword(WebUIKeywordMain.groovy:20)
	... 19 more
)

2023-09-06 09:19:03 - [MESSAGE][FAILED] - Actual text '' and expected text '+6287865722652' of test object 'Object Repository/Menu Pencarian Toko/pencarian kosong' are NOT matched. (Root cause: com.kms.katalon.core.exception.StepFailedException: Actual text '' and expected text '+6287865722652' of test object 'Object Repository/Menu Pencarian Toko/pencarian kosong' are NOT matched.
	at com.kms.katalon.core.webui.keyword.internal.WebUIKeywordMain.stepFailed(WebUIKeywordMain.groovy:64)
	at com.kms.katalon.core.webui.keyword.builtin.VerifyElementTextKeyword$_verifyElementText_closure1.doCall(VerifyElementTextKeyword.groovy:57)
	at com.kms.katalon.core.webui.keyword.builtin.VerifyElementTextKeyword$_verifyElementText_closure1.call(VerifyElementTextKeyword.groovy)
	at com.kms.katalon.core.webui.keyword.internal.WebUIKeywordMain.runKeyword(WebUIKeywordMain.groovy:20)
	at com.kms.katalon.core.webui.keyword.builtin.VerifyElementTextKeyword.verifyElementText(VerifyElementTextKeyword.groovy:72)
	at com.kms.katalon.core.webui.keyword.builtin.VerifyElementTextKeyword.execute(VerifyElementTextKeyword.groovy:40)
	at com.kms.katalon.core.keyword.internal.KeywordExecutor.executeKeywordForPlatform(KeywordExecutor.groovy:74)
	at com.kms.katalon.core.webui.keyword.WebUiBuiltInKeywords.verifyElementText(WebUiBuiltInKeywords.groovy:4749)
	at com.kms.katalon.core.webui.keyword.WebUiBuiltInKeywords$verifyElementText$4.call(Unknown Source)
	at TC-Cari Toko-Search-005.run(TC-Cari Toko-Search-005:26)
	at com.kms.katalon.core.main.ScriptEngine.run(ScriptEngine.java:194)
	at com.kms.katalon.core.main.ScriptEngine.runScriptAsRawText(ScriptEngine.java:119)
	at com.kms.katalon.core.main.TestCaseExecutor.runScript(TestCaseExecutor.java:448)
	at com.kms.katalon.core.main.TestCaseExecutor.doExecute(TestCaseExecutor.java:439)
	at com.kms.katalon.core.main.TestCaseExecutor.processExecutionPhase(TestCaseExecutor.java:418)
	at com.kms.katalon.core.main.TestCaseExecutor.accessMainPhase(TestCaseExecutor.java:410)
	at com.kms.katalon.core.main.TestCaseExecutor.execute(TestCaseExecutor.java:285)
	at com.kms.katalon.core.common.CommonExecutor.accessTestCaseMainPhase(CommonExecutor.java:65)
	at com.kms.katalon.core.main.TestSuiteExecutor.accessTestSuiteMainPhase(TestSuiteExecutor.java:148)
	at com.kms.katalon.core.main.TestSuiteExecutor.execute(TestSuiteExecutor.java:106)
	at com.kms.katalon.core.main.TestCaseMain.startTestSuite(TestCaseMain.java:187)
	at com.kms.katalon.core.main.TestCaseMain$startTestSuite$0.call(Unknown Source)
	at TempTestSuite1693966490565.run(TempTestSuite1693966490565.groovy:36)
)
[[ATTACHMENT|D:\\Project XSIS\\batch-324-qa\\irfan\\Projek Eval 2 Tajalapak dan administrator\\Reports\\20230906_091450\\pencarian toko\\pencarian toko\\20230906_091450\\1693966743672.png]]

2023-09-06 09:19:03 - [MESSAGE][FAILED] - Verify element text of test object 'Object Repository/Menu Pencarian Toko/pencarian kosong' FAILED. (Root cause: com.kms.katalon.core.exception.StepFailedException: Verify element text of test object 'Object Repository/Menu Pencarian Toko/pencarian kosong' FAILED.
	at com.kms.katalon.core.webui.keyword.internal.WebUIKeywordMain.stepFailed(WebUIKeywordMain.groovy:64)
	at com.kms.katalon.core.webui.keyword.internal.WebUIKeywordMain.runKeyword(WebUIKeywordMain.groovy:26)
	at com.kms.katalon.core.webui.keyword.builtin.VerifyElementTextKeyword.verifyElementText(VerifyElementTextKeyword.groovy:72)
	at com.kms.katalon.core.webui.keyword.builtin.VerifyElementTextKeyword.execute(VerifyElementTextKeyword.groovy:40)
	at com.kms.katalon.core.keyword.internal.KeywordExecutor.executeKeywordForPlatform(KeywordExecutor.groovy:74)
	at com.kms.katalon.core.webui.keyword.WebUiBuiltInKeywords.verifyElementText(WebUiBuiltInKeywords.groovy:4749)
	at com.kms.katalon.core.webui.keyword.WebUiBuiltInKeywords$verifyElementText$4.call(Unknown Source)
	at TC-Cari Toko-Search-005.run(TC-Cari Toko-Search-005:26)
	at com.kms.katalon.core.main.ScriptEngine.run(ScriptEngine.java:194)
	at com.kms.katalon.core.main.ScriptEngine.runScriptAsRawText(ScriptEngine.java:119)
	at com.kms.katalon.core.main.TestCaseExecutor.runScript(TestCaseExecutor.java:448)
	at com.kms.katalon.core.main.TestCaseExecutor.doExecute(TestCaseExecutor.java:439)
	at com.kms.katalon.core.main.TestCaseExecutor.processExecutionPhase(TestCaseExecutor.java:418)
	at com.kms.katalon.core.main.TestCaseExecutor.accessMainPhase(TestCaseExecutor.java:410)
	at com.kms.katalon.core.main.TestCaseExecutor.execute(TestCaseExecutor.java:285)
	at com.kms.katalon.core.common.CommonExecutor.accessTestCaseMainPhase(CommonExecutor.java:65)
	at com.kms.katalon.core.main.TestSuiteExecutor.accessTestSuiteMainPhase(TestSuiteExecutor.java:148)
	at com.kms.katalon.core.main.TestSuiteExecutor.execute(TestSuiteExecutor.java:106)
	at com.kms.katalon.core.main.TestCaseMain.startTestSuite(TestCaseMain.java:187)
	at com.kms.katalon.core.main.TestCaseMain$startTestSuite$0.call(Unknown Source)
	at TempTestSuite1693966490565.run(TempTestSuite1693966490565.groovy:36)
Caused by: com.kms.katalon.core.exception.StepFailedException: Actual text '' and expected text '+6287865722652' of test object 'Object Repository/Menu Pencarian Toko/pencarian kosong' are NOT matched.
	at com.kms.katalon.core.webui.keyword.internal.WebUIKeywordMain.stepFailed(WebUIKeywordMain.groovy:64)
	at com.kms.katalon.core.webui.keyword.builtin.VerifyElementTextKeyword$_verifyElementText_closure1.doCall(VerifyElementTextKeyword.groovy:57)
	at com.kms.katalon.core.webui.keyword.builtin.VerifyElementTextKeyword$_verifyElementText_closure1.call(VerifyElementTextKeyword.groovy)
	at com.kms.katalon.core.webui.keyword.internal.WebUIKeywordMain.runKeyword(WebUIKeywordMain.groovy:20)
	... 19 more
)
[[ATTACHMENT|D:\\Project XSIS\\batch-324-qa\\irfan\\Projek Eval 2 Tajalapak dan administrator\\Reports\\20230906_091450\\pencarian toko\\pencarian toko\\20230906_091450\\1693966743817.png]]]]></system-out>
         <system-err><![CDATA[2023-09-06 09:18:44 - [TEST_CASE][FAILED] - Test Cases/T05 Pencarian Toko/TC-Cari Toko-Search-005: Test Cases/T05 Pencarian Toko/TC-Cari Toko-Search-005 FAILED.
Reason:
com.kms.katalon.core.exception.StepFailedException: Verify element text of test object 'Object Repository/Menu Pencarian Toko/pencarian kosong' FAILED.
	at com.kms.katalon.core.webui.keyword.internal.WebUIKeywordMain.stepFailed(WebUIKeywordMain.groovy:64)
	at com.kms.katalon.core.webui.keyword.internal.WebUIKeywordMain.runKeyword(WebUIKeywordMain.groovy:26)
	at com.kms.katalon.core.webui.keyword.builtin.VerifyElementTextKeyword.verifyElementText(VerifyElementTextKeyword.groovy:72)
	at com.kms.katalon.core.webui.keyword.builtin.VerifyElementTextKeyword.execute(VerifyElementTextKeyword.groovy:40)
	at com.kms.katalon.core.keyword.internal.KeywordExecutor.executeKeywordForPlatform(KeywordExecutor.groovy:74)
	at com.kms.katalon.core.webui.keyword.WebUiBuiltInKeywords.verifyElementText(WebUiBuiltInKeywords.groovy:4749)
	at com.kms.katalon.core.webui.keyword.WebUiBuiltInKeywords$verifyElementText$4.call(Unknown Source)
	at TC-Cari Toko-Search-005.run(TC-Cari Toko-Search-005:26)
	at com.kms.katalon.core.main.ScriptEngine.run(ScriptEngine.java:194)
	at com.kms.katalon.core.main.ScriptEngine.runScriptAsRawText(ScriptEngine.java:119)
	at com.kms.katalon.core.main.TestCaseExecutor.runScript(TestCaseExecutor.java:448)
	at com.kms.katalon.core.main.TestCaseExecutor.doExecute(TestCaseExecutor.java:439)
	at com.kms.katalon.core.main.TestCaseExecutor.processExecutionPhase(TestCaseExecutor.java:418)
	at com.kms.katalon.core.main.TestCaseExecutor.accessMainPhase(TestCaseExecutor.java:410)
	at com.kms.katalon.core.main.TestCaseExecutor.execute(TestCaseExecutor.java:285)
	at com.kms.katalon.core.common.CommonExecutor.accessTestCaseMainPhase(CommonExecutor.java:65)
	at com.kms.katalon.core.main.TestSuiteExecutor.accessTestSuiteMainPhase(TestSuiteExecutor.java:148)
	at com.kms.katalon.core.main.TestSuiteExecutor.execute(TestSuiteExecutor.java:106)
	at com.kms.katalon.core.main.TestCaseMain.startTestSuite(TestCaseMain.java:187)
	at com.kms.katalon.core.main.TestCaseMain$startTestSuite$0.call(Unknown Source)
	at TempTestSuite1693966490565.run(TempTestSuite1693966490565.groovy:36)
Caused by: com.kms.katalon.core.exception.StepFailedException: Actual text '' and expected text '+6287865722652' of test object 'Object Repository/Menu Pencarian Toko/pencarian kosong' are NOT matched.
	at com.kms.katalon.core.webui.keyword.internal.WebUIKeywordMain.stepFailed(WebUIKeywordMain.groovy:64)
	at com.kms.katalon.core.webui.keyword.builtin.VerifyElementTextKeyword$_verifyElementText_closure1.doCall(VerifyElementTextKeyword.groovy:57)
	at com.kms.katalon.core.webui.keyword.builtin.VerifyElementTextKeyword$_verifyElementText_closure1.call(VerifyElementTextKeyword.groovy)
	at com.kms.katalon.core.webui.keyword.internal.WebUIKeywordMain.runKeyword(WebUIKeywordMain.groovy:20)
	... 19 more]]></system-err>
      </testcase>
      <testcase name="Test Cases/T05 Pencarian Toko/TC-Cari Toko-Search-006" time="20.642" classname="Test Cases/T05 Pencarian Toko/TC-Cari Toko-Search-006" status="FAILED">
         <failure type="FAILED" message="Test Cases/T05 Pencarian Toko/TC-Cari Toko-Search-006 FAILED.
Reason:
com.kms.katalon.core.exception.StepFailedException: Verify element text of test object 'Object Repository/Menu Pencarian Toko/pencarian kosong' FAILED.
	at com.kms.katalon.core.webui.keyword.internal.WebUIKeywordMain.stepFailed(WebUIKeywordMain.groovy:64)
	at com.kms.katalon.core.webui.keyword.internal.WebUIKeywordMain.runKeyword(WebUIKeywordMain.groovy:26)
	at com.kms.katalon.core.webui.keyword.builtin.VerifyElementTextKeyword.verifyElementText(VerifyElementTextKeyword.groovy:72)
	at com.kms.katalon.core.webui.keyword.builtin.VerifyElementTextKeyword.execute(VerifyElementTextKeyword.groovy:40)
	at com.kms.katalon.core.keyword.internal.KeywordExecutor.executeKeywordForPlatform(KeywordExecutor.groovy:74)
	at com.kms.katalon.core.webui.keyword.WebUiBuiltInKeywords.verifyElementText(WebUiBuiltInKeywords.groovy:4749)
	at com.kms.katalon.core.webui.keyword.WebUiBuiltInKeywords$verifyElementText$4.call(Unknown Source)
	at TC-Cari Toko-Search-006.run(TC-Cari Toko-Search-006:26)
	at com.kms.katalon.core.main.ScriptEngine.run(ScriptEngine.java:194)
	at com.kms.katalon.core.main.ScriptEngine.runScriptAsRawText(ScriptEngine.java:119)
	at com.kms.katalon.core.main.TestCaseExecutor.runScript(TestCaseExecutor.java:448)
	at com.kms.katalon.core.main.TestCaseExecutor.doExecute(TestCaseExecutor.java:439)
	at com.kms.katalon.core.main.TestCaseExecutor.processExecutionPhase(TestCaseExecutor.java:418)
	at com.kms.katalon.core.main.TestCaseExecutor.accessMainPhase(TestCaseExecutor.java:410)
	at com.kms.katalon.core.main.TestCaseExecutor.execute(TestCaseExecutor.java:285)
	at com.kms.katalon.core.common.CommonExecutor.accessTestCaseMainPhase(CommonExecutor.java:65)
	at com.kms.katalon.core.main.TestSuiteExecutor.accessTestSuiteMainPhase(TestSuiteExecutor.java:148)
	at com.kms.katalon.core.main.TestSuiteExecutor.execute(TestSuiteExecutor.java:106)
	at com.kms.katalon.core.main.TestCaseMain.startTestSuite(TestCaseMain.java:187)
	at com.kms.katalon.core.main.TestCaseMain$startTestSuite$0.call(Unknown Source)
	at TempTestSuite1693966490565.run(TempTestSuite1693966490565.groovy:36)
Caused by: com.kms.katalon.core.exception.StepFailedException: Actual text '' and expected text 'Verified' of test object 'Object Repository/Menu Pencarian Toko/pencarian kosong' are NOT matched.
	at com.kms.katalon.core.webui.keyword.internal.WebUIKeywordMain.stepFailed(WebUIKeywordMain.groovy:64)
	at com.kms.katalon.core.webui.keyword.builtin.VerifyElementTextKeyword$_verifyElementText_closure1.doCall(VerifyElementTextKeyword.groovy:57)
	at com.kms.katalon.core.webui.keyword.builtin.VerifyElementTextKeyword$_verifyElementText_closure1.call(VerifyElementTextKeyword.groovy)
	at com.kms.katalon.core.webui.keyword.internal.WebUIKeywordMain.runKeyword(WebUIKeywordMain.groovy:20)
	... 19 more
"/>
         <system-out><![CDATA[2023-09-06 09:19:03 - [TEST_CASE][FAILED] - Test Cases/T05 Pencarian Toko/TC-Cari Toko-Search-006: Test Cases/T05 Pencarian Toko/TC-Cari Toko-Search-006 FAILED.
Reason:
com.kms.katalon.core.exception.StepFailedException: Verify element text of test object 'Object Repository/Menu Pencarian Toko/pencarian kosong' FAILED.
	at com.kms.katalon.core.webui.keyword.internal.WebUIKeywordMain.stepFailed(WebUIKeywordMain.groovy:64)
	at com.kms.katalon.core.webui.keyword.internal.WebUIKeywordMain.runKeyword(WebUIKeywordMain.groovy:26)
	at com.kms.katalon.core.webui.keyword.builtin.VerifyElementTextKeyword.verifyElementText(VerifyElementTextKeyword.groovy:72)
	at com.kms.katalon.core.webui.keyword.builtin.VerifyElementTextKeyword.execute(VerifyElementTextKeyword.groovy:40)
	at com.kms.katalon.core.keyword.internal.KeywordExecutor.executeKeywordForPlatform(KeywordExecutor.groovy:74)
	at com.kms.katalon.core.webui.keyword.WebUiBuiltInKeywords.verifyElementText(WebUiBuiltInKeywords.groovy:4749)
	at com.kms.katalon.core.webui.keyword.WebUiBuiltInKeywords$verifyElementText$4.call(Unknown Source)
	at TC-Cari Toko-Search-006.run(TC-Cari Toko-Search-006:26)
	at com.kms.katalon.core.main.ScriptEngine.run(ScriptEngine.java:194)
	at com.kms.katalon.core.main.ScriptEngine.runScriptAsRawText(ScriptEngine.java:119)
	at com.kms.katalon.core.main.TestCaseExecutor.runScript(TestCaseExecutor.java:448)
	at com.kms.katalon.core.main.TestCaseExecutor.doExecute(TestCaseExecutor.java:439)
	at com.kms.katalon.core.main.TestCaseExecutor.processExecutionPhase(TestCaseExecutor.java:418)
	at com.kms.katalon.core.main.TestCaseExecutor.accessMainPhase(TestCaseExecutor.java:410)
	at com.kms.katalon.core.main.TestCaseExecutor.execute(TestCaseExecutor.java:285)
	at com.kms.katalon.core.common.CommonExecutor.accessTestCaseMainPhase(CommonExecutor.java:65)
	at com.kms.katalon.core.main.TestSuiteExecutor.accessTestSuiteMainPhase(TestSuiteExecutor.java:148)
	at com.kms.katalon.core.main.TestSuiteExecutor.execute(TestSuiteExecutor.java:106)
	at com.kms.katalon.core.main.TestCaseMain.startTestSuite(TestCaseMain.java:187)
	at com.kms.katalon.core.main.TestCaseMain$startTestSuite$0.call(Unknown Source)
	at TempTestSuite1693966490565.run(TempTestSuite1693966490565.groovy:36)
Caused by: com.kms.katalon.core.exception.StepFailedException: Actual text '' and expected text 'Verified' of test object 'Object Repository/Menu Pencarian Toko/pencarian kosong' are NOT matched.
	at com.kms.katalon.core.webui.keyword.internal.WebUIKeywordMain.stepFailed(WebUIKeywordMain.groovy:64)
	at com.kms.katalon.core.webui.keyword.builtin.VerifyElementTextKeyword$_verifyElementText_closure1.doCall(VerifyElementTextKeyword.groovy:57)
	at com.kms.katalon.core.webui.keyword.builtin.VerifyElementTextKeyword$_verifyElementText_closure1.call(VerifyElementTextKeyword.groovy)
	at com.kms.katalon.core.webui.keyword.internal.WebUIKeywordMain.runKeyword(WebUIKeywordMain.groovy:20)
	... 19 more


2023-09-06 09:19:04 - [TEST_STEP][PASSED] - callTestCase(findTestCase("T05 Pencarian Toko/TC-Cari Toko-show-001"), [:], STOP_ON_FAILURE): Call Test Case 'Test Cases/T05 Pencarian Toko/TC-Cari Toko-show-001' successfully

2023-09-06 09:19:04 - [TEST_CASE][PASSED] - Test Cases/T05 Pencarian Toko/TC-Cari Toko-show-001: Test Cases/T05 Pencarian Toko/TC-Cari Toko-show-001

2023-09-06 09:19:04 - [TEST_STEP][PASSED] - openBrowser("https://10.9.2.63/ecommerce/"): Browser is opened with url: 'https://10.9.2.63/ecommerce/'

2023-09-06 09:19:04 - [MESSAGE][WARNING] - A browser is already opened. Closing browser and opening a new one

2023-09-06 09:19:05 - [MESSAGE][INFO] - Starting 'Edge Chromium' driver

2023-09-06 09:19:05 - [MESSAGE][INFO] - User set preference: ['acceptInsecureCerts', 'true']

2023-09-06 09:19:07 - [MESSAGE][INFO] - Action delay is set to 0 milliseconds

2023-09-06 09:19:15 - [MESSAGE][PASSED] - Browser is opened with url: 'https://10.9.2.63/ecommerce/'

2023-09-06 09:19:15 - [TEST_STEP][PASSED] - maximizeWindow(): Current window maximized

2023-09-06 09:19:16 - [MESSAGE][PASSED] - Current window maximized

2023-09-06 09:19:16 - [TEST_STEP][PASSED] - verifyElementPresent(findTestObject("Login/Halaman Home"), 0): Object 'Object Repository/Login/Halaman Home' is present

2023-09-06 09:19:16 - [MESSAGE][WARNING] - Timeout '0' is invalid. Using default page load timeout: '30'

2023-09-06 09:19:16 - [MESSAGE][PASSED] - Object 'Object Repository/Login/Halaman Home' is present

2023-09-06 09:19:16 - [TEST_STEP][PASSED] - click(findTestObject("Menu Pencarian Toko/menu Shop")): Object: 'Object Repository/Menu Pencarian Toko/menu Shop' is clicked on

2023-09-06 09:19:17 - [MESSAGE][PASSED] - Object: 'Object Repository/Menu Pencarian Toko/menu Shop' is clicked on

2023-09-06 09:19:17 - [TEST_STEP][PASSED] - click(findTestObject("Menu Pencarian Toko/menu Shop")): Object: 'Object Repository/Menu Pencarian Toko/menu Shop' is clicked on

2023-09-06 09:19:18 - [MESSAGE][PASSED] - Object: 'Object Repository/Menu Pencarian Toko/menu Shop' is clicked on

2023-09-06 09:19:18 - [TEST_STEP][PASSED] - click(findTestObject("Menu Pencarian Toko/Menu Toko (Pelapak)")): Object: 'Object Repository/Menu Pencarian Toko/Menu Toko (Pelapak)' is clicked on

2023-09-06 09:19:20 - [MESSAGE][PASSED] - Object: 'Object Repository/Menu Pencarian Toko/Menu Toko (Pelapak)' is clicked on

2023-09-06 09:19:20 - [TEST_STEP][PASSED] - verifyElementPresent(findTestObject("Menu Pencarian Toko/Tittle Semua Toko"), 0): Object 'Object Repository/Menu Pencarian Toko/Tittle Semua Toko' is present

2023-09-06 09:19:21 - [MESSAGE][WARNING] - Timeout '0' is invalid. Using default page load timeout: '30'

2023-09-06 09:19:21 - [MESSAGE][PASSED] - Object 'Object Repository/Menu Pencarian Toko/Tittle Semua Toko' is present

2023-09-06 09:19:21 - [MESSAGE][PASSED] - Call Test Case 'Test Cases/T05 Pencarian Toko/TC-Cari Toko-show-001' successfully

2023-09-06 09:19:21 - [TEST_STEP][PASSED] - setText(findTestObject("Fitur search/input_Semua Toko_cari_reseller"), "Verified"): Text 'Verified' is set on object 'Object Repository/Fitur search/input_Semua Toko_cari_reseller'

2023-09-06 09:19:22 - [MESSAGE][PASSED] - Text 'Verified' is set on object 'Object Repository/Fitur search/input_Semua Toko_cari_reseller'

2023-09-06 09:19:22 - [TEST_STEP][PASSED] - click(findTestObject("Fitur search/button_Semua Toko_submit")): Object: 'Object Repository/Fitur search/button_Semua Toko_submit' is clicked on

2023-09-06 09:19:23 - [MESSAGE][PASSED] - Object: 'Object Repository/Fitur search/button_Semua Toko_submit' is clicked on

2023-09-06 09:19:23 - [TEST_STEP][FAILED] - verifyElementText(findTestObject("Menu Pencarian Toko/pencarian kosong"), "Verified"): Verify element text of test object 'Object Repository/Menu Pencarian Toko/pencarian kosong' FAILED. (Root cause: com.kms.katalon.core.exception.StepFailedException: Verify element text of test object 'Object Repository/Menu Pencarian Toko/pencarian kosong' FAILED.
	at com.kms.katalon.core.webui.keyword.internal.WebUIKeywordMain.stepFailed(WebUIKeywordMain.groovy:64)
	at com.kms.katalon.core.webui.keyword.internal.WebUIKeywordMain.runKeyword(WebUIKeywordMain.groovy:26)
	at com.kms.katalon.core.webui.keyword.builtin.VerifyElementTextKeyword.verifyElementText(VerifyElementTextKeyword.groovy:72)
	at com.kms.katalon.core.webui.keyword.builtin.VerifyElementTextKeyword.execute(VerifyElementTextKeyword.groovy:40)
	at com.kms.katalon.core.keyword.internal.KeywordExecutor.executeKeywordForPlatform(KeywordExecutor.groovy:74)
	at com.kms.katalon.core.webui.keyword.WebUiBuiltInKeywords.verifyElementText(WebUiBuiltInKeywords.groovy:4749)
	at com.kms.katalon.core.webui.keyword.WebUiBuiltInKeywords$verifyElementText$4.call(Unknown Source)
	at TC-Cari Toko-Search-006.run(TC-Cari Toko-Search-006:26)
	at com.kms.katalon.core.main.ScriptEngine.run(ScriptEngine.java:194)
	at com.kms.katalon.core.main.ScriptEngine.runScriptAsRawText(ScriptEngine.java:119)
	at com.kms.katalon.core.main.TestCaseExecutor.runScript(TestCaseExecutor.java:448)
	at com.kms.katalon.core.main.TestCaseExecutor.doExecute(TestCaseExecutor.java:439)
	at com.kms.katalon.core.main.TestCaseExecutor.processExecutionPhase(TestCaseExecutor.java:418)
	at com.kms.katalon.core.main.TestCaseExecutor.accessMainPhase(TestCaseExecutor.java:410)
	at com.kms.katalon.core.main.TestCaseExecutor.execute(TestCaseExecutor.java:285)
	at com.kms.katalon.core.common.CommonExecutor.accessTestCaseMainPhase(CommonExecutor.java:65)
	at com.kms.katalon.core.main.TestSuiteExecutor.accessTestSuiteMainPhase(TestSuiteExecutor.java:148)
	at com.kms.katalon.core.main.TestSuiteExecutor.execute(TestSuiteExecutor.java:106)
	at com.kms.katalon.core.main.TestCaseMain.startTestSuite(TestCaseMain.java:187)
	at com.kms.katalon.core.main.TestCaseMain$startTestSuite$0.call(Unknown Source)
	at TempTestSuite1693966490565.run(TempTestSuite1693966490565.groovy:36)
Caused by: com.kms.katalon.core.exception.StepFailedException: Actual text '' and expected text 'Verified' of test object 'Object Repository/Menu Pencarian Toko/pencarian kosong' are NOT matched.
	at com.kms.katalon.core.webui.keyword.internal.WebUIKeywordMain.stepFailed(WebUIKeywordMain.groovy:64)
	at com.kms.katalon.core.webui.keyword.builtin.VerifyElementTextKeyword$_verifyElementText_closure1.doCall(VerifyElementTextKeyword.groovy:57)
	at com.kms.katalon.core.webui.keyword.builtin.VerifyElementTextKeyword$_verifyElementText_closure1.call(VerifyElementTextKeyword.groovy)
	at com.kms.katalon.core.webui.keyword.internal.WebUIKeywordMain.runKeyword(WebUIKeywordMain.groovy:20)
	... 19 more
)

2023-09-06 09:19:24 - [MESSAGE][FAILED] - Actual text '' and expected text 'Verified' of test object 'Object Repository/Menu Pencarian Toko/pencarian kosong' are NOT matched. (Root cause: com.kms.katalon.core.exception.StepFailedException: Actual text '' and expected text 'Verified' of test object 'Object Repository/Menu Pencarian Toko/pencarian kosong' are NOT matched.
	at com.kms.katalon.core.webui.keyword.internal.WebUIKeywordMain.stepFailed(WebUIKeywordMain.groovy:64)
	at com.kms.katalon.core.webui.keyword.builtin.VerifyElementTextKeyword$_verifyElementText_closure1.doCall(VerifyElementTextKeyword.groovy:57)
	at com.kms.katalon.core.webui.keyword.builtin.VerifyElementTextKeyword$_verifyElementText_closure1.call(VerifyElementTextKeyword.groovy)
	at com.kms.katalon.core.webui.keyword.internal.WebUIKeywordMain.runKeyword(WebUIKeywordMain.groovy:20)
	at com.kms.katalon.core.webui.keyword.builtin.VerifyElementTextKeyword.verifyElementText(VerifyElementTextKeyword.groovy:72)
	at com.kms.katalon.core.webui.keyword.builtin.VerifyElementTextKeyword.execute(VerifyElementTextKeyword.groovy:40)
	at com.kms.katalon.core.keyword.internal.KeywordExecutor.executeKeywordForPlatform(KeywordExecutor.groovy:74)
	at com.kms.katalon.core.webui.keyword.WebUiBuiltInKeywords.verifyElementText(WebUiBuiltInKeywords.groovy:4749)
	at com.kms.katalon.core.webui.keyword.WebUiBuiltInKeywords$verifyElementText$4.call(Unknown Source)
	at TC-Cari Toko-Search-006.run(TC-Cari Toko-Search-006:26)
	at com.kms.katalon.core.main.ScriptEngine.run(ScriptEngine.java:194)
	at com.kms.katalon.core.main.ScriptEngine.runScriptAsRawText(ScriptEngine.java:119)
	at com.kms.katalon.core.main.TestCaseExecutor.runScript(TestCaseExecutor.java:448)
	at com.kms.katalon.core.main.TestCaseExecutor.doExecute(TestCaseExecutor.java:439)
	at com.kms.katalon.core.main.TestCaseExecutor.processExecutionPhase(TestCaseExecutor.java:418)
	at com.kms.katalon.core.main.TestCaseExecutor.accessMainPhase(TestCaseExecutor.java:410)
	at com.kms.katalon.core.main.TestCaseExecutor.execute(TestCaseExecutor.java:285)
	at com.kms.katalon.core.common.CommonExecutor.accessTestCaseMainPhase(CommonExecutor.java:65)
	at com.kms.katalon.core.main.TestSuiteExecutor.accessTestSuiteMainPhase(TestSuiteExecutor.java:148)
	at com.kms.katalon.core.main.TestSuiteExecutor.execute(TestSuiteExecutor.java:106)
	at com.kms.katalon.core.main.TestCaseMain.startTestSuite(TestCaseMain.java:187)
	at com.kms.katalon.core.main.TestCaseMain$startTestSuite$0.call(Unknown Source)
	at TempTestSuite1693966490565.run(TempTestSuite1693966490565.groovy:36)
)
[[ATTACHMENT|D:\\Project XSIS\\batch-324-qa\\irfan\\Projek Eval 2 Tajalapak dan administrator\\Reports\\20230906_091450\\pencarian toko\\pencarian toko\\20230906_091450\\1693966764177.png]]

2023-09-06 09:19:24 - [MESSAGE][FAILED] - Verify element text of test object 'Object Repository/Menu Pencarian Toko/pencarian kosong' FAILED. (Root cause: com.kms.katalon.core.exception.StepFailedException: Verify element text of test object 'Object Repository/Menu Pencarian Toko/pencarian kosong' FAILED.
	at com.kms.katalon.core.webui.keyword.internal.WebUIKeywordMain.stepFailed(WebUIKeywordMain.groovy:64)
	at com.kms.katalon.core.webui.keyword.internal.WebUIKeywordMain.runKeyword(WebUIKeywordMain.groovy:26)
	at com.kms.katalon.core.webui.keyword.builtin.VerifyElementTextKeyword.verifyElementText(VerifyElementTextKeyword.groovy:72)
	at com.kms.katalon.core.webui.keyword.builtin.VerifyElementTextKeyword.execute(VerifyElementTextKeyword.groovy:40)
	at com.kms.katalon.core.keyword.internal.KeywordExecutor.executeKeywordForPlatform(KeywordExecutor.groovy:74)
	at com.kms.katalon.core.webui.keyword.WebUiBuiltInKeywords.verifyElementText(WebUiBuiltInKeywords.groovy:4749)
	at com.kms.katalon.core.webui.keyword.WebUiBuiltInKeywords$verifyElementText$4.call(Unknown Source)
	at TC-Cari Toko-Search-006.run(TC-Cari Toko-Search-006:26)
	at com.kms.katalon.core.main.ScriptEngine.run(ScriptEngine.java:194)
	at com.kms.katalon.core.main.ScriptEngine.runScriptAsRawText(ScriptEngine.java:119)
	at com.kms.katalon.core.main.TestCaseExecutor.runScript(TestCaseExecutor.java:448)
	at com.kms.katalon.core.main.TestCaseExecutor.doExecute(TestCaseExecutor.java:439)
	at com.kms.katalon.core.main.TestCaseExecutor.processExecutionPhase(TestCaseExecutor.java:418)
	at com.kms.katalon.core.main.TestCaseExecutor.accessMainPhase(TestCaseExecutor.java:410)
	at com.kms.katalon.core.main.TestCaseExecutor.execute(TestCaseExecutor.java:285)
	at com.kms.katalon.core.common.CommonExecutor.accessTestCaseMainPhase(CommonExecutor.java:65)
	at com.kms.katalon.core.main.TestSuiteExecutor.accessTestSuiteMainPhase(TestSuiteExecutor.java:148)
	at com.kms.katalon.core.main.TestSuiteExecutor.execute(TestSuiteExecutor.java:106)
	at com.kms.katalon.core.main.TestCaseMain.startTestSuite(TestCaseMain.java:187)
	at com.kms.katalon.core.main.TestCaseMain$startTestSuite$0.call(Unknown Source)
	at TempTestSuite1693966490565.run(TempTestSuite1693966490565.groovy:36)
Caused by: com.kms.katalon.core.exception.StepFailedException: Actual text '' and expected text 'Verified' of test object 'Object Repository/Menu Pencarian Toko/pencarian kosong' are NOT matched.
	at com.kms.katalon.core.webui.keyword.internal.WebUIKeywordMain.stepFailed(WebUIKeywordMain.groovy:64)
	at com.kms.katalon.core.webui.keyword.builtin.VerifyElementTextKeyword$_verifyElementText_closure1.doCall(VerifyElementTextKeyword.groovy:57)
	at com.kms.katalon.core.webui.keyword.builtin.VerifyElementTextKeyword$_verifyElementText_closure1.call(VerifyElementTextKeyword.groovy)
	at com.kms.katalon.core.webui.keyword.internal.WebUIKeywordMain.runKeyword(WebUIKeywordMain.groovy:20)
	... 19 more
)
[[ATTACHMENT|D:\\Project XSIS\\batch-324-qa\\irfan\\Projek Eval 2 Tajalapak dan administrator\\Reports\\20230906_091450\\pencarian toko\\pencarian toko\\20230906_091450\\1693966764345.png]]]]></system-out>
         <system-err><![CDATA[2023-09-06 09:19:03 - [TEST_CASE][FAILED] - Test Cases/T05 Pencarian Toko/TC-Cari Toko-Search-006: Test Cases/T05 Pencarian Toko/TC-Cari Toko-Search-006 FAILED.
Reason:
com.kms.katalon.core.exception.StepFailedException: Verify element text of test object 'Object Repository/Menu Pencarian Toko/pencarian kosong' FAILED.
	at com.kms.katalon.core.webui.keyword.internal.WebUIKeywordMain.stepFailed(WebUIKeywordMain.groovy:64)
	at com.kms.katalon.core.webui.keyword.internal.WebUIKeywordMain.runKeyword(WebUIKeywordMain.groovy:26)
	at com.kms.katalon.core.webui.keyword.builtin.VerifyElementTextKeyword.verifyElementText(VerifyElementTextKeyword.groovy:72)
	at com.kms.katalon.core.webui.keyword.builtin.VerifyElementTextKeyword.execute(VerifyElementTextKeyword.groovy:40)
	at com.kms.katalon.core.keyword.internal.KeywordExecutor.executeKeywordForPlatform(KeywordExecutor.groovy:74)
	at com.kms.katalon.core.webui.keyword.WebUiBuiltInKeywords.verifyElementText(WebUiBuiltInKeywords.groovy:4749)
	at com.kms.katalon.core.webui.keyword.WebUiBuiltInKeywords$verifyElementText$4.call(Unknown Source)
	at TC-Cari Toko-Search-006.run(TC-Cari Toko-Search-006:26)
	at com.kms.katalon.core.main.ScriptEngine.run(ScriptEngine.java:194)
	at com.kms.katalon.core.main.ScriptEngine.runScriptAsRawText(ScriptEngine.java:119)
	at com.kms.katalon.core.main.TestCaseExecutor.runScript(TestCaseExecutor.java:448)
	at com.kms.katalon.core.main.TestCaseExecutor.doExecute(TestCaseExecutor.java:439)
	at com.kms.katalon.core.main.TestCaseExecutor.processExecutionPhase(TestCaseExecutor.java:418)
	at com.kms.katalon.core.main.TestCaseExecutor.accessMainPhase(TestCaseExecutor.java:410)
	at com.kms.katalon.core.main.TestCaseExecutor.execute(TestCaseExecutor.java:285)
	at com.kms.katalon.core.common.CommonExecutor.accessTestCaseMainPhase(CommonExecutor.java:65)
	at com.kms.katalon.core.main.TestSuiteExecutor.accessTestSuiteMainPhase(TestSuiteExecutor.java:148)
	at com.kms.katalon.core.main.TestSuiteExecutor.execute(TestSuiteExecutor.java:106)
	at com.kms.katalon.core.main.TestCaseMain.startTestSuite(TestCaseMain.java:187)
	at com.kms.katalon.core.main.TestCaseMain$startTestSuite$0.call(Unknown Source)
	at TempTestSuite1693966490565.run(TempTestSuite1693966490565.groovy:36)
Caused by: com.kms.katalon.core.exception.StepFailedException: Actual text '' and expected text 'Verified' of test object 'Object Repository/Menu Pencarian Toko/pencarian kosong' are NOT matched.
	at com.kms.katalon.core.webui.keyword.internal.WebUIKeywordMain.stepFailed(WebUIKeywordMain.groovy:64)
	at com.kms.katalon.core.webui.keyword.builtin.VerifyElementTextKeyword$_verifyElementText_closure1.doCall(VerifyElementTextKeyword.groovy:57)
	at com.kms.katalon.core.webui.keyword.builtin.VerifyElementTextKeyword$_verifyElementText_closure1.call(VerifyElementTextKeyword.groovy)
	at com.kms.katalon.core.webui.keyword.internal.WebUIKeywordMain.runKeyword(WebUIKeywordMain.groovy:20)
	... 19 more]]></system-err>
      </testcase>
      <testcase name="Test Cases/T05 Pencarian Toko/TC-Cari Toko-Search-007" time="24.581" classname="Test Cases/T05 Pencarian Toko/TC-Cari Toko-Search-007" status="FAILED">
         <failure type="FAILED" message="Test Cases/T05 Pencarian Toko/TC-Cari Toko-Search-007 FAILED.
Reason:
com.kms.katalon.core.exception.StepFailedException: Verify element text of test object 'Object Repository/Menu Pencarian Toko/pencarian kosong' FAILED.
	at com.kms.katalon.core.webui.keyword.internal.WebUIKeywordMain.stepFailed(WebUIKeywordMain.groovy:64)
	at com.kms.katalon.core.webui.keyword.internal.WebUIKeywordMain.runKeyword(WebUIKeywordMain.groovy:26)
	at com.kms.katalon.core.webui.keyword.builtin.VerifyElementTextKeyword.verifyElementText(VerifyElementTextKeyword.groovy:72)
	at com.kms.katalon.core.webui.keyword.builtin.VerifyElementTextKeyword.execute(VerifyElementTextKeyword.groovy:40)
	at com.kms.katalon.core.keyword.internal.KeywordExecutor.executeKeywordForPlatform(KeywordExecutor.groovy:74)
	at com.kms.katalon.core.webui.keyword.WebUiBuiltInKeywords.verifyElementText(WebUiBuiltInKeywords.groovy:4749)
	at com.kms.katalon.core.webui.keyword.WebUiBuiltInKeywords$verifyElementText$4.call(Unknown Source)
	at TC-Cari Toko-Search-007.run(TC-Cari Toko-Search-007:26)
	at com.kms.katalon.core.main.ScriptEngine.run(ScriptEngine.java:194)
	at com.kms.katalon.core.main.ScriptEngine.runScriptAsRawText(ScriptEngine.java:119)
	at com.kms.katalon.core.main.TestCaseExecutor.runScript(TestCaseExecutor.java:448)
	at com.kms.katalon.core.main.TestCaseExecutor.doExecute(TestCaseExecutor.java:439)
	at com.kms.katalon.core.main.TestCaseExecutor.processExecutionPhase(TestCaseExecutor.java:418)
	at com.kms.katalon.core.main.TestCaseExecutor.accessMainPhase(TestCaseExecutor.java:410)
	at com.kms.katalon.core.main.TestCaseExecutor.execute(TestCaseExecutor.java:285)
	at com.kms.katalon.core.common.CommonExecutor.accessTestCaseMainPhase(CommonExecutor.java:65)
	at com.kms.katalon.core.main.TestSuiteExecutor.accessTestSuiteMainPhase(TestSuiteExecutor.java:148)
	at com.kms.katalon.core.main.TestSuiteExecutor.execute(TestSuiteExecutor.java:106)
	at com.kms.katalon.core.main.TestCaseMain.startTestSuite(TestCaseMain.java:187)
	at com.kms.katalon.core.main.TestCaseMain$startTestSuite$0.call(Unknown Source)
	at TempTestSuite1693966490565.run(TempTestSuite1693966490565.groovy:36)
Caused by: com.kms.katalon.core.exception.StepFailedException: Actual text '' and expected text 'mataram,' of test object 'Object Repository/Menu Pencarian Toko/pencarian kosong' are NOT matched.
	at com.kms.katalon.core.webui.keyword.internal.WebUIKeywordMain.stepFailed(WebUIKeywordMain.groovy:64)
	at com.kms.katalon.core.webui.keyword.builtin.VerifyElementTextKeyword$_verifyElementText_closure1.doCall(VerifyElementTextKeyword.groovy:57)
	at com.kms.katalon.core.webui.keyword.builtin.VerifyElementTextKeyword$_verifyElementText_closure1.call(VerifyElementTextKeyword.groovy)
	at com.kms.katalon.core.webui.keyword.internal.WebUIKeywordMain.runKeyword(WebUIKeywordMain.groovy:20)
	... 19 more
"/>
         <system-out><![CDATA[2023-09-06 09:19:24 - [TEST_CASE][FAILED] - Test Cases/T05 Pencarian Toko/TC-Cari Toko-Search-007: Test Cases/T05 Pencarian Toko/TC-Cari Toko-Search-007 FAILED.
Reason:
com.kms.katalon.core.exception.StepFailedException: Verify element text of test object 'Object Repository/Menu Pencarian Toko/pencarian kosong' FAILED.
	at com.kms.katalon.core.webui.keyword.internal.WebUIKeywordMain.stepFailed(WebUIKeywordMain.groovy:64)
	at com.kms.katalon.core.webui.keyword.internal.WebUIKeywordMain.runKeyword(WebUIKeywordMain.groovy:26)
	at com.kms.katalon.core.webui.keyword.builtin.VerifyElementTextKeyword.verifyElementText(VerifyElementTextKeyword.groovy:72)
	at com.kms.katalon.core.webui.keyword.builtin.VerifyElementTextKeyword.execute(VerifyElementTextKeyword.groovy:40)
	at com.kms.katalon.core.keyword.internal.KeywordExecutor.executeKeywordForPlatform(KeywordExecutor.groovy:74)
	at com.kms.katalon.core.webui.keyword.WebUiBuiltInKeywords.verifyElementText(WebUiBuiltInKeywords.groovy:4749)
	at com.kms.katalon.core.webui.keyword.WebUiBuiltInKeywords$verifyElementText$4.call(Unknown Source)
	at TC-Cari Toko-Search-007.run(TC-Cari Toko-Search-007:26)
	at com.kms.katalon.core.main.ScriptEngine.run(ScriptEngine.java:194)
	at com.kms.katalon.core.main.ScriptEngine.runScriptAsRawText(ScriptEngine.java:119)
	at com.kms.katalon.core.main.TestCaseExecutor.runScript(TestCaseExecutor.java:448)
	at com.kms.katalon.core.main.TestCaseExecutor.doExecute(TestCaseExecutor.java:439)
	at com.kms.katalon.core.main.TestCaseExecutor.processExecutionPhase(TestCaseExecutor.java:418)
	at com.kms.katalon.core.main.TestCaseExecutor.accessMainPhase(TestCaseExecutor.java:410)
	at com.kms.katalon.core.main.TestCaseExecutor.execute(TestCaseExecutor.java:285)
	at com.kms.katalon.core.common.CommonExecutor.accessTestCaseMainPhase(CommonExecutor.java:65)
	at com.kms.katalon.core.main.TestSuiteExecutor.accessTestSuiteMainPhase(TestSuiteExecutor.java:148)
	at com.kms.katalon.core.main.TestSuiteExecutor.execute(TestSuiteExecutor.java:106)
	at com.kms.katalon.core.main.TestCaseMain.startTestSuite(TestCaseMain.java:187)
	at com.kms.katalon.core.main.TestCaseMain$startTestSuite$0.call(Unknown Source)
	at TempTestSuite1693966490565.run(TempTestSuite1693966490565.groovy:36)
Caused by: com.kms.katalon.core.exception.StepFailedException: Actual text '' and expected text 'mataram,' of test object 'Object Repository/Menu Pencarian Toko/pencarian kosong' are NOT matched.
	at com.kms.katalon.core.webui.keyword.internal.WebUIKeywordMain.stepFailed(WebUIKeywordMain.groovy:64)
	at com.kms.katalon.core.webui.keyword.builtin.VerifyElementTextKeyword$_verifyElementText_closure1.doCall(VerifyElementTextKeyword.groovy:57)
	at com.kms.katalon.core.webui.keyword.builtin.VerifyElementTextKeyword$_verifyElementText_closure1.call(VerifyElementTextKeyword.groovy)
	at com.kms.katalon.core.webui.keyword.internal.WebUIKeywordMain.runKeyword(WebUIKeywordMain.groovy:20)
	... 19 more


2023-09-06 09:19:25 - [TEST_STEP][PASSED] - callTestCase(findTestCase("T05 Pencarian Toko/TC-Cari Toko-show-001"), [:], STOP_ON_FAILURE): Call Test Case 'Test Cases/T05 Pencarian Toko/TC-Cari Toko-show-001' successfully

2023-09-06 09:19:25 - [TEST_CASE][PASSED] - Test Cases/T05 Pencarian Toko/TC-Cari Toko-show-001: Test Cases/T05 Pencarian Toko/TC-Cari Toko-show-001

2023-09-06 09:19:25 - [TEST_STEP][PASSED] - openBrowser("https://10.9.2.63/ecommerce/"): Browser is opened with url: 'https://10.9.2.63/ecommerce/'

2023-09-06 09:19:25 - [MESSAGE][WARNING] - A browser is already opened. Closing browser and opening a new one

2023-09-06 09:19:26 - [MESSAGE][INFO] - Starting 'Edge Chromium' driver

2023-09-06 09:19:26 - [MESSAGE][INFO] - User set preference: ['acceptInsecureCerts', 'true']

2023-09-06 09:19:28 - [MESSAGE][INFO] - Action delay is set to 0 milliseconds

2023-09-06 09:19:38 - [MESSAGE][PASSED] - Browser is opened with url: 'https://10.9.2.63/ecommerce/'

2023-09-06 09:19:38 - [TEST_STEP][PASSED] - maximizeWindow(): Current window maximized

2023-09-06 09:19:38 - [MESSAGE][PASSED] - Current window maximized

2023-09-06 09:19:38 - [TEST_STEP][PASSED] - verifyElementPresent(findTestObject("Login/Halaman Home"), 0): Object 'Object Repository/Login/Halaman Home' is present

2023-09-06 09:19:38 - [MESSAGE][WARNING] - Timeout '0' is invalid. Using default page load timeout: '30'

2023-09-06 09:19:39 - [MESSAGE][PASSED] - Object 'Object Repository/Login/Halaman Home' is present

2023-09-06 09:19:39 - [TEST_STEP][PASSED] - click(findTestObject("Menu Pencarian Toko/menu Shop")): Object: 'Object Repository/Menu Pencarian Toko/menu Shop' is clicked on

2023-09-06 09:19:40 - [MESSAGE][PASSED] - Object: 'Object Repository/Menu Pencarian Toko/menu Shop' is clicked on

2023-09-06 09:19:40 - [TEST_STEP][PASSED] - click(findTestObject("Menu Pencarian Toko/menu Shop")): Object: 'Object Repository/Menu Pencarian Toko/menu Shop' is clicked on

2023-09-06 09:19:40 - [MESSAGE][PASSED] - Object: 'Object Repository/Menu Pencarian Toko/menu Shop' is clicked on

2023-09-06 09:19:40 - [TEST_STEP][PASSED] - click(findTestObject("Menu Pencarian Toko/Menu Toko (Pelapak)")): Object: 'Object Repository/Menu Pencarian Toko/Menu Toko (Pelapak)' is clicked on

2023-09-06 09:19:45 - [MESSAGE][PASSED] - Object: 'Object Repository/Menu Pencarian Toko/Menu Toko (Pelapak)' is clicked on

2023-09-06 09:19:45 - [TEST_STEP][PASSED] - verifyElementPresent(findTestObject("Menu Pencarian Toko/Tittle Semua Toko"), 0): Object 'Object Repository/Menu Pencarian Toko/Tittle Semua Toko' is present

2023-09-06 09:19:45 - [MESSAGE][WARNING] - Timeout '0' is invalid. Using default page load timeout: '30'

2023-09-06 09:19:45 - [MESSAGE][PASSED] - Object 'Object Repository/Menu Pencarian Toko/Tittle Semua Toko' is present

2023-09-06 09:19:45 - [MESSAGE][PASSED] - Call Test Case 'Test Cases/T05 Pencarian Toko/TC-Cari Toko-show-001' successfully

2023-09-06 09:19:45 - [TEST_STEP][PASSED] - setText(findTestObject("Fitur search/input_Semua Toko_cari_reseller"), "mataram,"): Text 'mataram,' is set on object 'Object Repository/Fitur search/input_Semua Toko_cari_reseller'

2023-09-06 09:19:47 - [MESSAGE][PASSED] - Text 'mataram,' is set on object 'Object Repository/Fitur search/input_Semua Toko_cari_reseller'

2023-09-06 09:19:47 - [TEST_STEP][PASSED] - click(findTestObject("Fitur search/button_Semua Toko_submit")): Object: 'Object Repository/Fitur search/button_Semua Toko_submit' is clicked on

2023-09-06 09:19:48 - [MESSAGE][PASSED] - Object: 'Object Repository/Fitur search/button_Semua Toko_submit' is clicked on

2023-09-06 09:19:48 - [TEST_STEP][FAILED] - verifyElementText(findTestObject("Menu Pencarian Toko/pencarian kosong"), "mataram,"): Verify element text of test object 'Object Repository/Menu Pencarian Toko/pencarian kosong' FAILED. (Root cause: com.kms.katalon.core.exception.StepFailedException: Verify element text of test object 'Object Repository/Menu Pencarian Toko/pencarian kosong' FAILED.
	at com.kms.katalon.core.webui.keyword.internal.WebUIKeywordMain.stepFailed(WebUIKeywordMain.groovy:64)
	at com.kms.katalon.core.webui.keyword.internal.WebUIKeywordMain.runKeyword(WebUIKeywordMain.groovy:26)
	at com.kms.katalon.core.webui.keyword.builtin.VerifyElementTextKeyword.verifyElementText(VerifyElementTextKeyword.groovy:72)
	at com.kms.katalon.core.webui.keyword.builtin.VerifyElementTextKeyword.execute(VerifyElementTextKeyword.groovy:40)
	at com.kms.katalon.core.keyword.internal.KeywordExecutor.executeKeywordForPlatform(KeywordExecutor.groovy:74)
	at com.kms.katalon.core.webui.keyword.WebUiBuiltInKeywords.verifyElementText(WebUiBuiltInKeywords.groovy:4749)
	at com.kms.katalon.core.webui.keyword.WebUiBuiltInKeywords$verifyElementText$4.call(Unknown Source)
	at TC-Cari Toko-Search-007.run(TC-Cari Toko-Search-007:26)
	at com.kms.katalon.core.main.ScriptEngine.run(ScriptEngine.java:194)
	at com.kms.katalon.core.main.ScriptEngine.runScriptAsRawText(ScriptEngine.java:119)
	at com.kms.katalon.core.main.TestCaseExecutor.runScript(TestCaseExecutor.java:448)
	at com.kms.katalon.core.main.TestCaseExecutor.doExecute(TestCaseExecutor.java:439)
	at com.kms.katalon.core.main.TestCaseExecutor.processExecutionPhase(TestCaseExecutor.java:418)
	at com.kms.katalon.core.main.TestCaseExecutor.accessMainPhase(TestCaseExecutor.java:410)
	at com.kms.katalon.core.main.TestCaseExecutor.execute(TestCaseExecutor.java:285)
	at com.kms.katalon.core.common.CommonExecutor.accessTestCaseMainPhase(CommonExecutor.java:65)
	at com.kms.katalon.core.main.TestSuiteExecutor.accessTestSuiteMainPhase(TestSuiteExecutor.java:148)
	at com.kms.katalon.core.main.TestSuiteExecutor.execute(TestSuiteExecutor.java:106)
	at com.kms.katalon.core.main.TestCaseMain.startTestSuite(TestCaseMain.java:187)
	at com.kms.katalon.core.main.TestCaseMain$startTestSuite$0.call(Unknown Source)
	at TempTestSuite1693966490565.run(TempTestSuite1693966490565.groovy:36)
Caused by: com.kms.katalon.core.exception.StepFailedException: Actual text '' and expected text 'mataram,' of test object 'Object Repository/Menu Pencarian Toko/pencarian kosong' are NOT matched.
	at com.kms.katalon.core.webui.keyword.internal.WebUIKeywordMain.stepFailed(WebUIKeywordMain.groovy:64)
	at com.kms.katalon.core.webui.keyword.builtin.VerifyElementTextKeyword$_verifyElementText_closure1.doCall(VerifyElementTextKeyword.groovy:57)
	at com.kms.katalon.core.webui.keyword.builtin.VerifyElementTextKeyword$_verifyElementText_closure1.call(VerifyElementTextKeyword.groovy)
	at com.kms.katalon.core.webui.keyword.internal.WebUIKeywordMain.runKeyword(WebUIKeywordMain.groovy:20)
	... 19 more
)

2023-09-06 09:19:49 - [MESSAGE][FAILED] - Actual text '' and expected text 'mataram,' of test object 'Object Repository/Menu Pencarian Toko/pencarian kosong' are NOT matched. (Root cause: com.kms.katalon.core.exception.StepFailedException: Actual text '' and expected text 'mataram,' of test object 'Object Repository/Menu Pencarian Toko/pencarian kosong' are NOT matched.
	at com.kms.katalon.core.webui.keyword.internal.WebUIKeywordMain.stepFailed(WebUIKeywordMain.groovy:64)
	at com.kms.katalon.core.webui.keyword.builtin.VerifyElementTextKeyword$_verifyElementText_closure1.doCall(VerifyElementTextKeyword.groovy:57)
	at com.kms.katalon.core.webui.keyword.builtin.VerifyElementTextKeyword$_verifyElementText_closure1.call(VerifyElementTextKeyword.groovy)
	at com.kms.katalon.core.webui.keyword.internal.WebUIKeywordMain.runKeyword(WebUIKeywordMain.groovy:20)
	at com.kms.katalon.core.webui.keyword.builtin.VerifyElementTextKeyword.verifyElementText(VerifyElementTextKeyword.groovy:72)
	at com.kms.katalon.core.webui.keyword.builtin.VerifyElementTextKeyword.execute(VerifyElementTextKeyword.groovy:40)
	at com.kms.katalon.core.keyword.internal.KeywordExecutor.executeKeywordForPlatform(KeywordExecutor.groovy:74)
	at com.kms.katalon.core.webui.keyword.WebUiBuiltInKeywords.verifyElementText(WebUiBuiltInKeywords.groovy:4749)
	at com.kms.katalon.core.webui.keyword.WebUiBuiltInKeywords$verifyElementText$4.call(Unknown Source)
	at TC-Cari Toko-Search-007.run(TC-Cari Toko-Search-007:26)
	at com.kms.katalon.core.main.ScriptEngine.run(ScriptEngine.java:194)
	at com.kms.katalon.core.main.ScriptEngine.runScriptAsRawText(ScriptEngine.java:119)
	at com.kms.katalon.core.main.TestCaseExecutor.runScript(TestCaseExecutor.java:448)
	at com.kms.katalon.core.main.TestCaseExecutor.doExecute(TestCaseExecutor.java:439)
	at com.kms.katalon.core.main.TestCaseExecutor.processExecutionPhase(TestCaseExecutor.java:418)
	at com.kms.katalon.core.main.TestCaseExecutor.accessMainPhase(TestCaseExecutor.java:410)
	at com.kms.katalon.core.main.TestCaseExecutor.execute(TestCaseExecutor.java:285)
	at com.kms.katalon.core.common.CommonExecutor.accessTestCaseMainPhase(CommonExecutor.java:65)
	at com.kms.katalon.core.main.TestSuiteExecutor.accessTestSuiteMainPhase(TestSuiteExecutor.java:148)
	at com.kms.katalon.core.main.TestSuiteExecutor.execute(TestSuiteExecutor.java:106)
	at com.kms.katalon.core.main.TestCaseMain.startTestSuite(TestCaseMain.java:187)
	at com.kms.katalon.core.main.TestCaseMain$startTestSuite$0.call(Unknown Source)
	at TempTestSuite1693966490565.run(TempTestSuite1693966490565.groovy:36)
)
[[ATTACHMENT|D:\\Project XSIS\\batch-324-qa\\irfan\\Projek Eval 2 Tajalapak dan administrator\\Reports\\20230906_091450\\pencarian toko\\pencarian toko\\20230906_091450\\1693966788896.png]]

2023-09-06 09:19:49 - [MESSAGE][FAILED] - Verify element text of test object 'Object Repository/Menu Pencarian Toko/pencarian kosong' FAILED. (Root cause: com.kms.katalon.core.exception.StepFailedException: Verify element text of test object 'Object Repository/Menu Pencarian Toko/pencarian kosong' FAILED.
	at com.kms.katalon.core.webui.keyword.internal.WebUIKeywordMain.stepFailed(WebUIKeywordMain.groovy:64)
	at com.kms.katalon.core.webui.keyword.internal.WebUIKeywordMain.runKeyword(WebUIKeywordMain.groovy:26)
	at com.kms.katalon.core.webui.keyword.builtin.VerifyElementTextKeyword.verifyElementText(VerifyElementTextKeyword.groovy:72)
	at com.kms.katalon.core.webui.keyword.builtin.VerifyElementTextKeyword.execute(VerifyElementTextKeyword.groovy:40)
	at com.kms.katalon.core.keyword.internal.KeywordExecutor.executeKeywordForPlatform(KeywordExecutor.groovy:74)
	at com.kms.katalon.core.webui.keyword.WebUiBuiltInKeywords.verifyElementText(WebUiBuiltInKeywords.groovy:4749)
	at com.kms.katalon.core.webui.keyword.WebUiBuiltInKeywords$verifyElementText$4.call(Unknown Source)
	at TC-Cari Toko-Search-007.run(TC-Cari Toko-Search-007:26)
	at com.kms.katalon.core.main.ScriptEngine.run(ScriptEngine.java:194)
	at com.kms.katalon.core.main.ScriptEngine.runScriptAsRawText(ScriptEngine.java:119)
	at com.kms.katalon.core.main.TestCaseExecutor.runScript(TestCaseExecutor.java:448)
	at com.kms.katalon.core.main.TestCaseExecutor.doExecute(TestCaseExecutor.java:439)
	at com.kms.katalon.core.main.TestCaseExecutor.processExecutionPhase(TestCaseExecutor.java:418)
	at com.kms.katalon.core.main.TestCaseExecutor.accessMainPhase(TestCaseExecutor.java:410)
	at com.kms.katalon.core.main.TestCaseExecutor.execute(TestCaseExecutor.java:285)
	at com.kms.katalon.core.common.CommonExecutor.accessTestCaseMainPhase(CommonExecutor.java:65)
	at com.kms.katalon.core.main.TestSuiteExecutor.accessTestSuiteMainPhase(TestSuiteExecutor.java:148)
	at com.kms.katalon.core.main.TestSuiteExecutor.execute(TestSuiteExecutor.java:106)
	at com.kms.katalon.core.main.TestCaseMain.startTestSuite(TestCaseMain.java:187)
	at com.kms.katalon.core.main.TestCaseMain$startTestSuite$0.call(Unknown Source)
	at TempTestSuite1693966490565.run(TempTestSuite1693966490565.groovy:36)
Caused by: com.kms.katalon.core.exception.StepFailedException: Actual text '' and expected text 'mataram,' of test object 'Object Repository/Menu Pencarian Toko/pencarian kosong' are NOT matched.
	at com.kms.katalon.core.webui.keyword.internal.WebUIKeywordMain.stepFailed(WebUIKeywordMain.groovy:64)
	at com.kms.katalon.core.webui.keyword.builtin.VerifyElementTextKeyword$_verifyElementText_closure1.doCall(VerifyElementTextKeyword.groovy:57)
	at com.kms.katalon.core.webui.keyword.builtin.VerifyElementTextKeyword$_verifyElementText_closure1.call(VerifyElementTextKeyword.groovy)
	at com.kms.katalon.core.webui.keyword.internal.WebUIKeywordMain.runKeyword(WebUIKeywordMain.groovy:20)
	... 19 more
)
[[ATTACHMENT|D:\\Project XSIS\\batch-324-qa\\irfan\\Projek Eval 2 Tajalapak dan administrator\\Reports\\20230906_091450\\pencarian toko\\pencarian toko\\20230906_091450\\1693966789025.png]]]]></system-out>
         <system-err><![CDATA[2023-09-06 09:19:24 - [TEST_CASE][FAILED] - Test Cases/T05 Pencarian Toko/TC-Cari Toko-Search-007: Test Cases/T05 Pencarian Toko/TC-Cari Toko-Search-007 FAILED.
Reason:
com.kms.katalon.core.exception.StepFailedException: Verify element text of test object 'Object Repository/Menu Pencarian Toko/pencarian kosong' FAILED.
	at com.kms.katalon.core.webui.keyword.internal.WebUIKeywordMain.stepFailed(WebUIKeywordMain.groovy:64)
	at com.kms.katalon.core.webui.keyword.internal.WebUIKeywordMain.runKeyword(WebUIKeywordMain.groovy:26)
	at com.kms.katalon.core.webui.keyword.builtin.VerifyElementTextKeyword.verifyElementText(VerifyElementTextKeyword.groovy:72)
	at com.kms.katalon.core.webui.keyword.builtin.VerifyElementTextKeyword.execute(VerifyElementTextKeyword.groovy:40)
	at com.kms.katalon.core.keyword.internal.KeywordExecutor.executeKeywordForPlatform(KeywordExecutor.groovy:74)
	at com.kms.katalon.core.webui.keyword.WebUiBuiltInKeywords.verifyElementText(WebUiBuiltInKeywords.groovy:4749)
	at com.kms.katalon.core.webui.keyword.WebUiBuiltInKeywords$verifyElementText$4.call(Unknown Source)
	at TC-Cari Toko-Search-007.run(TC-Cari Toko-Search-007:26)
	at com.kms.katalon.core.main.ScriptEngine.run(ScriptEngine.java:194)
	at com.kms.katalon.core.main.ScriptEngine.runScriptAsRawText(ScriptEngine.java:119)
	at com.kms.katalon.core.main.TestCaseExecutor.runScript(TestCaseExecutor.java:448)
	at com.kms.katalon.core.main.TestCaseExecutor.doExecute(TestCaseExecutor.java:439)
	at com.kms.katalon.core.main.TestCaseExecutor.processExecutionPhase(TestCaseExecutor.java:418)
	at com.kms.katalon.core.main.TestCaseExecutor.accessMainPhase(TestCaseExecutor.java:410)
	at com.kms.katalon.core.main.TestCaseExecutor.execute(TestCaseExecutor.java:285)
	at com.kms.katalon.core.common.CommonExecutor.accessTestCaseMainPhase(CommonExecutor.java:65)
	at com.kms.katalon.core.main.TestSuiteExecutor.accessTestSuiteMainPhase(TestSuiteExecutor.java:148)
	at com.kms.katalon.core.main.TestSuiteExecutor.execute(TestSuiteExecutor.java:106)
	at com.kms.katalon.core.main.TestCaseMain.startTestSuite(TestCaseMain.java:187)
	at com.kms.katalon.core.main.TestCaseMain$startTestSuite$0.call(Unknown Source)
	at TempTestSuite1693966490565.run(TempTestSuite1693966490565.groovy:36)
Caused by: com.kms.katalon.core.exception.StepFailedException: Actual text '' and expected text 'mataram,' of test object 'Object Repository/Menu Pencarian Toko/pencarian kosong' are NOT matched.
	at com.kms.katalon.core.webui.keyword.internal.WebUIKeywordMain.stepFailed(WebUIKeywordMain.groovy:64)
	at com.kms.katalon.core.webui.keyword.builtin.VerifyElementTextKeyword$_verifyElementText_closure1.doCall(VerifyElementTextKeyword.groovy:57)
	at com.kms.katalon.core.webui.keyword.builtin.VerifyElementTextKeyword$_verifyElementText_closure1.call(VerifyElementTextKeyword.groovy)
	at com.kms.katalon.core.webui.keyword.internal.WebUIKeywordMain.runKeyword(WebUIKeywordMain.groovy:20)
	... 19 more]]></system-err>
      </testcase>
      <testcase name="Test Cases/T05 Pencarian Toko/TC-Cari Toko-Search-008" time="56.671" classname="Test Cases/T05 Pencarian Toko/TC-Cari Toko-Search-008" status="FAILED">
         <failure type="FAILED" message="Test Cases/T05 Pencarian Toko/TC-Cari Toko-Search-008 FAILED.
Reason:
Assertion failed: 

assert nama_toko.toString().trim().equalsIgnoreCase(regional.trim())
       |         |          |      |                |        |
       |         |          |      false            |        hendriyanto1234
       |         |          |                       hendriyanto1234
       |         |          Toko Madu dan Herbal Alami
       |         Toko Madu dan Herbal Alami 
       Toko Madu dan Herbal Alami 

	at TC-Cari Toko-Search-008.run(TC-Cari Toko-Search-008:30)
	at com.kms.katalon.core.main.ScriptEngine.run(ScriptEngine.java:194)
	at com.kms.katalon.core.main.ScriptEngine.runScriptAsRawText(ScriptEngine.java:119)
	at com.kms.katalon.core.main.TestCaseExecutor.runScript(TestCaseExecutor.java:448)
	at com.kms.katalon.core.main.TestCaseExecutor.doExecute(TestCaseExecutor.java:439)
	at com.kms.katalon.core.main.TestCaseExecutor.processExecutionPhase(TestCaseExecutor.java:418)
	at com.kms.katalon.core.main.TestCaseExecutor.accessMainPhase(TestCaseExecutor.java:410)
	at com.kms.katalon.core.main.TestCaseExecutor.execute(TestCaseExecutor.java:285)
	at com.kms.katalon.core.common.CommonExecutor.accessTestCaseMainPhase(CommonExecutor.java:65)
	at com.kms.katalon.core.main.TestSuiteExecutor.accessTestSuiteMainPhase(TestSuiteExecutor.java:148)
	at com.kms.katalon.core.main.TestSuiteExecutor.execute(TestSuiteExecutor.java:106)
	at com.kms.katalon.core.main.TestCaseMain.startTestSuite(TestCaseMain.java:187)
	at com.kms.katalon.core.main.TestCaseMain$startTestSuite$0.call(Unknown Source)
	at TempTestSuite1693966490565.run(TempTestSuite1693966490565.groovy:36)
"/>
         <system-out><![CDATA[2023-09-06 09:19:49 - [TEST_CASE][FAILED] - Test Cases/T05 Pencarian Toko/TC-Cari Toko-Search-008: Test Cases/T05 Pencarian Toko/TC-Cari Toko-Search-008 FAILED.
Reason:
Assertion failed: 

assert nama_toko.toString().trim().equalsIgnoreCase(regional.trim())
       |         |          |      |                |        |
       |         |          |      false            |        hendriyanto1234
       |         |          |                       hendriyanto1234
       |         |          Toko Madu dan Herbal Alami
       |         Toko Madu dan Herbal Alami 
       Toko Madu dan Herbal Alami 

	at TC-Cari Toko-Search-008.run(TC-Cari Toko-Search-008:30)
	at com.kms.katalon.core.main.ScriptEngine.run(ScriptEngine.java:194)
	at com.kms.katalon.core.main.ScriptEngine.runScriptAsRawText(ScriptEngine.java:119)
	at com.kms.katalon.core.main.TestCaseExecutor.runScript(TestCaseExecutor.java:448)
	at com.kms.katalon.core.main.TestCaseExecutor.doExecute(TestCaseExecutor.java:439)
	at com.kms.katalon.core.main.TestCaseExecutor.processExecutionPhase(TestCaseExecutor.java:418)
	at com.kms.katalon.core.main.TestCaseExecutor.accessMainPhase(TestCaseExecutor.java:410)
	at com.kms.katalon.core.main.TestCaseExecutor.execute(TestCaseExecutor.java:285)
	at com.kms.katalon.core.common.CommonExecutor.accessTestCaseMainPhase(CommonExecutor.java:65)
	at com.kms.katalon.core.main.TestSuiteExecutor.accessTestSuiteMainPhase(TestSuiteExecutor.java:148)
	at com.kms.katalon.core.main.TestSuiteExecutor.execute(TestSuiteExecutor.java:106)
	at com.kms.katalon.core.main.TestCaseMain.startTestSuite(TestCaseMain.java:187)
	at com.kms.katalon.core.main.TestCaseMain$startTestSuite$0.call(Unknown Source)
	at TempTestSuite1693966490565.run(TempTestSuite1693966490565.groovy:36)


2023-09-06 09:19:49 - [TEST_STEP][PASSED] - callTestCase(findTestCase("T05 Pencarian Toko/TC-Cari Toko-show-001"), [:], STOP_ON_FAILURE): Call Test Case 'Test Cases/T05 Pencarian Toko/TC-Cari Toko-show-001' successfully

2023-09-06 09:19:50 - [TEST_CASE][PASSED] - Test Cases/T05 Pencarian Toko/TC-Cari Toko-show-001: Test Cases/T05 Pencarian Toko/TC-Cari Toko-show-001

2023-09-06 09:19:50 - [TEST_STEP][PASSED] - openBrowser("https://10.9.2.63/ecommerce/"): Browser is opened with url: 'https://10.9.2.63/ecommerce/'

2023-09-06 09:19:50 - [MESSAGE][WARNING] - A browser is already opened. Closing browser and opening a new one

2023-09-06 09:19:50 - [MESSAGE][INFO] - Starting 'Edge Chromium' driver

2023-09-06 09:19:50 - [MESSAGE][INFO] - User set preference: ['acceptInsecureCerts', 'true']

2023-09-06 09:19:53 - [MESSAGE][INFO] - Action delay is set to 0 milliseconds

2023-09-06 09:20:02 - [MESSAGE][PASSED] - Browser is opened with url: 'https://10.9.2.63/ecommerce/'

2023-09-06 09:20:02 - [TEST_STEP][PASSED] - maximizeWindow(): Current window maximized

2023-09-06 09:20:02 - [MESSAGE][PASSED] - Current window maximized

2023-09-06 09:20:02 - [TEST_STEP][PASSED] - verifyElementPresent(findTestObject("Login/Halaman Home"), 0): Object 'Object Repository/Login/Halaman Home' is present

2023-09-06 09:20:02 - [MESSAGE][WARNING] - Timeout '0' is invalid. Using default page load timeout: '30'

2023-09-06 09:20:03 - [MESSAGE][PASSED] - Object 'Object Repository/Login/Halaman Home' is present

2023-09-06 09:20:03 - [TEST_STEP][PASSED] - click(findTestObject("Menu Pencarian Toko/menu Shop")): Object: 'Object Repository/Menu Pencarian Toko/menu Shop' is clicked on

2023-09-06 09:20:04 - [MESSAGE][PASSED] - Object: 'Object Repository/Menu Pencarian Toko/menu Shop' is clicked on

2023-09-06 09:20:04 - [TEST_STEP][PASSED] - click(findTestObject("Menu Pencarian Toko/menu Shop")): Object: 'Object Repository/Menu Pencarian Toko/menu Shop' is clicked on

2023-09-06 09:20:04 - [MESSAGE][PASSED] - Object: 'Object Repository/Menu Pencarian Toko/menu Shop' is clicked on

2023-09-06 09:20:04 - [TEST_STEP][PASSED] - click(findTestObject("Menu Pencarian Toko/Menu Toko (Pelapak)")): Object: 'Object Repository/Menu Pencarian Toko/Menu Toko (Pelapak)' is clicked on

2023-09-06 09:20:09 - [MESSAGE][PASSED] - Object: 'Object Repository/Menu Pencarian Toko/Menu Toko (Pelapak)' is clicked on

2023-09-06 09:20:09 - [TEST_STEP][PASSED] - verifyElementPresent(findTestObject("Menu Pencarian Toko/Tittle Semua Toko"), 0): Object 'Object Repository/Menu Pencarian Toko/Tittle Semua Toko' is present

2023-09-06 09:20:09 - [MESSAGE][WARNING] - Timeout '0' is invalid. Using default page load timeout: '30'

2023-09-06 09:20:09 - [MESSAGE][PASSED] - Object 'Object Repository/Menu Pencarian Toko/Tittle Semua Toko' is present

2023-09-06 09:20:09 - [MESSAGE][PASSED] - Call Test Case 'Test Cases/T05 Pencarian Toko/TC-Cari Toko-show-001' successfully

2023-09-06 09:20:09 - [TEST_STEP][PASSED] - setText(findTestObject("Fitur search/input_Semua Toko_cari_reseller"), nama_toko): Text 'Toko Madu dan Herbal Alami ' is set on object 'Object Repository/Fitur search/input_Semua Toko_cari_reseller'

2023-09-06 09:20:10 - [MESSAGE][PASSED] - Text 'Toko Madu dan Herbal Alami ' is set on object 'Object Repository/Fitur search/input_Semua Toko_cari_reseller'

2023-09-06 09:20:10 - [TEST_STEP][PASSED] - click(findTestObject("Fitur search/button_Semua Toko_submit")): Object: 'Object Repository/Fitur search/button_Semua Toko_submit' is clicked on

2023-09-06 09:20:12 - [MESSAGE][PASSED] - Object: 'Object Repository/Fitur search/button_Semua Toko_submit' is clicked on

2023-09-06 09:20:12 - [TEST_STEP][PASSED] - regional1 = text: [SELF-HEALING] The current locator of test object 'Object Repository/Fitur search/nama toko  Cahaya Asia Qwerty' was broken. Propose an alternative one: '(.//*[normalize-space(text()) and normalize-space(.)='Pencarian :'])[1]/following::h4[1]'.

2023-09-06 09:20:43 - [MESSAGE][INFO] - Unable to find the element located by 'By.xpath: //*[(text() = ' Verified  Cahaya Asia Qwerty' or . = ' Verified  Cahaya Asia Qwerty')]'. Please recheck the objects properties to make sure the desired element is located. 

2023-09-06 09:20:43 - [MESSAGE][WARNING] - [SELF-HEALING] Failed to find element with id 'Object Repository/Fitur search/nama toko  Cahaya Asia Qwerty'. Try using Self-healing.

2023-09-06 09:20:45 - [MESSAGE][INFO] - [SELF-HEALING] Screenshot: D:/Project XSIS/batch-324-qa/irfan/Projek Eval 2 Tajalapak dan administrator/Reports/Self-healing/Object Repository/Fitur search/nama toko  Cahaya Asia Qwerty_XPATH.png

2023-09-06 09:20:45 - [MESSAGE][WARNING] - [SELF-HEALING] The current locator of test object 'Object Repository/Fitur search/nama toko  Cahaya Asia Qwerty' was broken. Propose an alternative one: '(.//*[normalize-space(text()) and normalize-space(.)='Pencarian :'])[1]/following::h4[1]'.

2023-09-06 09:20:45 - [TEST_STEP][PASSED] - regional = regional1.substring(9, regional1.size()): null

2023-09-06 09:20:45 - [TEST_STEP][FAILED] - assert trim().equalsIgnoreCase(regional.trim()): Test Cases/T05 Pencarian Toko/TC-Cari Toko-Search-008 FAILED.
Reason:
Assertion failed: 

assert nama_toko.toString().trim().equalsIgnoreCase(regional.trim())
       |         |          |      |                |        |
       |         |          |      false            |        hendriyanto1234
       |         |          |                       hendriyanto1234
       |         |          Toko Madu dan Herbal Alami
       |         Toko Madu dan Herbal Alami 
       Toko Madu dan Herbal Alami 

	at TC-Cari Toko-Search-008.run(TC-Cari Toko-Search-008:30)
	at com.kms.katalon.core.main.ScriptEngine.run(ScriptEngine.java:194)
	at com.kms.katalon.core.main.ScriptEngine.runScriptAsRawText(ScriptEngine.java:119)
	at com.kms.katalon.core.main.TestCaseExecutor.runScript(TestCaseExecutor.java:448)
	at com.kms.katalon.core.main.TestCaseExecutor.doExecute(TestCaseExecutor.java:439)
	at com.kms.katalon.core.main.TestCaseExecutor.processExecutionPhase(TestCaseExecutor.java:418)
	at com.kms.katalon.core.main.TestCaseExecutor.accessMainPhase(TestCaseExecutor.java:410)
	at com.kms.katalon.core.main.TestCaseExecutor.execute(TestCaseExecutor.java:285)
	at com.kms.katalon.core.common.CommonExecutor.accessTestCaseMainPhase(CommonExecutor.java:65)
	at com.kms.katalon.core.main.TestSuiteExecutor.accessTestSuiteMainPhase(TestSuiteExecutor.java:148)
	at com.kms.katalon.core.main.TestSuiteExecutor.execute(TestSuiteExecutor.java:106)
	at com.kms.katalon.core.main.TestCaseMain.startTestSuite(TestCaseMain.java:187)
	at com.kms.katalon.core.main.TestCaseMain$startTestSuite$0.call(Unknown Source)
	at TempTestSuite1693966490565.run(TempTestSuite1693966490565.groovy:36)


2023-09-06 09:20:45 - [MESSAGE][FAILED] - Test Cases/T05 Pencarian Toko/TC-Cari Toko-Search-008 FAILED.
Reason:
Assertion failed: 

assert nama_toko.toString().trim().equalsIgnoreCase(regional.trim())
       |         |          |      |                |        |
       |         |          |      false            |        hendriyanto1234
       |         |          |                       hendriyanto1234
       |         |          Toko Madu dan Herbal Alami
       |         Toko Madu dan Herbal Alami 
       Toko Madu dan Herbal Alami 

	at TC-Cari Toko-Search-008.run(TC-Cari Toko-Search-008:30)
	at com.kms.katalon.core.main.ScriptEngine.run(ScriptEngine.java:194)
	at com.kms.katalon.core.main.ScriptEngine.runScriptAsRawText(ScriptEngine.java:119)
	at com.kms.katalon.core.main.TestCaseExecutor.runScript(TestCaseExecutor.java:448)
	at com.kms.katalon.core.main.TestCaseExecutor.doExecute(TestCaseExecutor.java:439)
	at com.kms.katalon.core.main.TestCaseExecutor.processExecutionPhase(TestCaseExecutor.java:418)
	at com.kms.katalon.core.main.TestCaseExecutor.accessMainPhase(TestCaseExecutor.java:410)
	at com.kms.katalon.core.main.TestCaseExecutor.execute(TestCaseExecutor.java:285)
	at com.kms.katalon.core.common.CommonExecutor.accessTestCaseMainPhase(CommonExecutor.java:65)
	at com.kms.katalon.core.main.TestSuiteExecutor.accessTestSuiteMainPhase(TestSuiteExecutor.java:148)
	at com.kms.katalon.core.main.TestSuiteExecutor.execute(TestSuiteExecutor.java:106)
	at com.kms.katalon.core.main.TestCaseMain.startTestSuite(TestCaseMain.java:187)
	at com.kms.katalon.core.main.TestCaseMain$startTestSuite$0.call(Unknown Source)
	at TempTestSuite1693966490565.run(TempTestSuite1693966490565.groovy:36)]]></system-out>
         <system-err><![CDATA[2023-09-06 09:19:49 - [TEST_CASE][FAILED] - Test Cases/T05 Pencarian Toko/TC-Cari Toko-Search-008: Test Cases/T05 Pencarian Toko/TC-Cari Toko-Search-008 FAILED.
Reason:
Assertion failed: 

assert nama_toko.toString().trim().equalsIgnoreCase(regional.trim())
       |         |          |      |                |        |
       |         |          |      false            |        hendriyanto1234
       |         |          |                       hendriyanto1234
       |         |          Toko Madu dan Herbal Alami
       |         Toko Madu dan Herbal Alami 
       Toko Madu dan Herbal Alami 

	at TC-Cari Toko-Search-008.run(TC-Cari Toko-Search-008:30)
	at com.kms.katalon.core.main.ScriptEngine.run(ScriptEngine.java:194)
	at com.kms.katalon.core.main.ScriptEngine.runScriptAsRawText(ScriptEngine.java:119)
	at com.kms.katalon.core.main.TestCaseExecutor.runScript(TestCaseExecutor.java:448)
	at com.kms.katalon.core.main.TestCaseExecutor.doExecute(TestCaseExecutor.java:439)
	at com.kms.katalon.core.main.TestCaseExecutor.processExecutionPhase(TestCaseExecutor.java:418)
	at com.kms.katalon.core.main.TestCaseExecutor.accessMainPhase(TestCaseExecutor.java:410)
	at com.kms.katalon.core.main.TestCaseExecutor.execute(TestCaseExecutor.java:285)
	at com.kms.katalon.core.common.CommonExecutor.accessTestCaseMainPhase(CommonExecutor.java:65)
	at com.kms.katalon.core.main.TestSuiteExecutor.accessTestSuiteMainPhase(TestSuiteExecutor.java:148)
	at com.kms.katalon.core.main.TestSuiteExecutor.execute(TestSuiteExecutor.java:106)
	at com.kms.katalon.core.main.TestCaseMain.startTestSuite(TestCaseMain.java:187)
	at com.kms.katalon.core.main.TestCaseMain$startTestSuite$0.call(Unknown Source)
	at TempTestSuite1693966490565.run(TempTestSuite1693966490565.groovy:36)]]></system-err>
      </testcase>
      <testcase name="Test Cases/T05 Pencarian Toko/TC-Cari Toko-show-001" time="16.933" classname="Test Cases/T05 Pencarian Toko/TC-Cari Toko-show-001" status="PASSED">
         <system-out><![CDATA[2023-09-06 09:20:45 - [TEST_CASE][PASSED] - Test Cases/T05 Pencarian Toko/TC-Cari Toko-show-001: Test Cases/T05 Pencarian Toko/TC-Cari Toko-show-001

2023-09-06 09:20:45 - [TEST_STEP][PASSED] - openBrowser("https://10.9.2.63/ecommerce/"): Browser is opened with url: 'https://10.9.2.63/ecommerce/'

2023-09-06 09:20:45 - [MESSAGE][WARNING] - A browser is already opened. Closing browser and opening a new one

2023-09-06 09:20:46 - [MESSAGE][INFO] - Starting 'Edge Chromium' driver

2023-09-06 09:20:46 - [MESSAGE][INFO] - User set preference: ['acceptInsecureCerts', 'true']

2023-09-06 09:20:48 - [MESSAGE][INFO] - Action delay is set to 0 milliseconds

2023-09-06 09:20:57 - [MESSAGE][PASSED] - Browser is opened with url: 'https://10.9.2.63/ecommerce/'

2023-09-06 09:20:57 - [TEST_STEP][PASSED] - maximizeWindow(): Current window maximized

2023-09-06 09:20:57 - [MESSAGE][PASSED] - Current window maximized

2023-09-06 09:20:57 - [TEST_STEP][PASSED] - verifyElementPresent(findTestObject("Login/Halaman Home"), 0): Object 'Object Repository/Login/Halaman Home' is present

2023-09-06 09:20:57 - [MESSAGE][WARNING] - Timeout '0' is invalid. Using default page load timeout: '30'

2023-09-06 09:20:58 - [MESSAGE][PASSED] - Object 'Object Repository/Login/Halaman Home' is present

2023-09-06 09:20:58 - [TEST_STEP][PASSED] - click(findTestObject("Menu Pencarian Toko/menu Shop")): Object: 'Object Repository/Menu Pencarian Toko/menu Shop' is clicked on

2023-09-06 09:20:58 - [MESSAGE][PASSED] - Object: 'Object Repository/Menu Pencarian Toko/menu Shop' is clicked on

2023-09-06 09:20:58 - [TEST_STEP][PASSED] - click(findTestObject("Menu Pencarian Toko/menu Shop")): Object: 'Object Repository/Menu Pencarian Toko/menu Shop' is clicked on

2023-09-06 09:20:59 - [MESSAGE][PASSED] - Object: 'Object Repository/Menu Pencarian Toko/menu Shop' is clicked on

2023-09-06 09:20:59 - [TEST_STEP][PASSED] - click(findTestObject("Menu Pencarian Toko/Menu Toko (Pelapak)")): Object: 'Object Repository/Menu Pencarian Toko/Menu Toko (Pelapak)' is clicked on

2023-09-06 09:21:02 - [MESSAGE][PASSED] - Object: 'Object Repository/Menu Pencarian Toko/Menu Toko (Pelapak)' is clicked on

2023-09-06 09:21:02 - [TEST_STEP][PASSED] - verifyElementPresent(findTestObject("Menu Pencarian Toko/Tittle Semua Toko"), 0): Object 'Object Repository/Menu Pencarian Toko/Tittle Semua Toko' is present

2023-09-06 09:21:02 - [MESSAGE][WARNING] - Timeout '0' is invalid. Using default page load timeout: '30'

2023-09-06 09:21:02 - [MESSAGE][PASSED] - Object 'Object Repository/Menu Pencarian Toko/Tittle Semua Toko' is present]]></system-out>
         <system-err><![CDATA[]]></system-err>
      </testcase>
      <testcase name="Test Cases/T05 Pencarian Toko/TC-Login Admin-Success-001" time="44.374" classname="Test Cases/T05 Pencarian Toko/TC-Login Admin-Success-001" status="PASSED">
         <system-out><![CDATA[2023-09-06 09:21:02 - [TEST_CASE][PASSED] - Test Cases/T05 Pencarian Toko/TC-Login Admin-Success-001: Test Cases/T05 Pencarian Toko/TC-Login Admin-Success-001

2023-09-06 09:21:03 - [TEST_STEP][PASSED] - openBrowser("https://10.9.2.63/ecommerce/administrator/"): Browser is opened with url: 'https://10.9.2.63/ecommerce/administrator/'

2023-09-06 09:21:03 - [MESSAGE][WARNING] - A browser is already opened. Closing browser and opening a new one

2023-09-06 09:21:04 - [MESSAGE][INFO] - Starting 'Edge Chromium' driver

2023-09-06 09:21:04 - [MESSAGE][INFO] - User set preference: ['acceptInsecureCerts', 'true']

2023-09-06 09:21:07 - [MESSAGE][INFO] - Action delay is set to 0 milliseconds

2023-09-06 09:21:12 - [MESSAGE][PASSED] - Browser is opened with url: 'https://10.9.2.63/ecommerce/administrator/'

2023-09-06 09:21:12 - [TEST_STEP][PASSED] - maximizeWindow(): Current window maximized

2023-09-06 09:21:12 - [MESSAGE][PASSED] - Current window maximized

2023-09-06 09:21:12 - [TEST_STEP][PASSED] - verifyElementPresent(findTestObject("Login admin/Tittle ADMIN"), 0): Object 'Object Repository/Login admin/Tittle ADMIN' is present

2023-09-06 09:21:12 - [MESSAGE][WARNING] - Timeout '0' is invalid. Using default page load timeout: '30'

2023-09-06 09:21:13 - [MESSAGE][PASSED] - Object 'Object Repository/Login admin/Tittle ADMIN' is present

2023-09-06 09:21:13 - [TEST_STEP][PASSED] - setText(findTestObject("Login/input_Username, Email atau No. Handphone_a"), Username): Text 'admin' is set on object 'Object Repository/Login/input_Username, Email atau No. Handphone_a'

2023-09-06 09:21:14 - [MESSAGE][PASSED] - Text 'admin' is set on object 'Object Repository/Login/input_Username, Email atau No. Handphone_a'

2023-09-06 09:21:14 - [TEST_STEP][PASSED] - setText(findTestObject("Login/input_Password"), Password): Text '123admin123' is set on object 'Object Repository/Login/input_Password'

2023-09-06 09:21:15 - [MESSAGE][PASSED] - Text '123admin123' is set on object 'Object Repository/Login/input_Password'

2023-09-06 09:21:15 - [TEST_STEP][PASSED] - click(findTestObject("Login admin/buttom Remember Me")): Object: 'Object Repository/Login admin/buttom Remember Me' is clicked on

2023-09-06 09:21:15 - [MESSAGE][PASSED] - Object: 'Object Repository/Login admin/buttom Remember Me' is clicked on

2023-09-06 09:21:15 - [TEST_STEP][PASSED] - delay(10): Delayed 10 second(s)

2023-09-06 09:21:25 - [MESSAGE][PASSED] - Delayed 10 second(s)

2023-09-06 09:21:25 - [TEST_STEP][PASSED] - click(findTestObject("Login admin/buttom sign in")): Object: 'Object Repository/Login admin/buttom sign in' is clicked on

2023-09-06 09:21:26 - [MESSAGE][PASSED] - Object: 'Object Repository/Login admin/buttom sign in' is clicked on

2023-09-06 09:21:26 - [TEST_STEP][PASSED] - verifyElementPresent(findTestObject("Login admin/Tittle Dashboard"), 0): Object 'Object Repository/Login admin/Tittle Dashboard' is present

2023-09-06 09:21:26 - [MESSAGE][WARNING] - Timeout '0' is invalid. Using default page load timeout: '30'

2023-09-06 09:21:47 - [MESSAGE][PASSED] - Object 'Object Repository/Login admin/Tittle Dashboard' is present]]></system-out>
         <system-err><![CDATA[]]></system-err>
      </testcase>
      <system-out><![CDATA[2023-09-06 09:14:53 - [TEST_SUITE][FAILED] - pencarian toko: Test Cases/T05 Pencarian Toko/TC-Cari Toko administrator-Search-003 FAILED.
Reason:
com.kms.katalon.core.exception.StepFailedException: Verify element text of test object 'Object Repository/Menu pencarian Toko admin/Massage Error' FAILED.
	at com.kms.katalon.core.webui.keyword.internal.WebUIKeywordMain.stepFailed(WebUIKeywordMain.groovy:64)
	at com.kms.katalon.core.webui.keyword.internal.WebUIKeywordMain.runKeyword(WebUIKeywordMain.groovy:26)
	at com.kms.katalon.core.webui.keyword.builtin.VerifyElementTextKeyword.verifyElementText(VerifyElementTextKeyword.groovy:72)
	at com.kms.katalon.core.webui.keyword.builtin.VerifyElementTextKeyword.execute(VerifyElementTextKeyword.groovy:40)
	at com.kms.katalon.core.keyword.internal.KeywordExecutor.executeKeywordForPlatform(KeywordExecutor.groovy:74)
	at com.kms.katalon.core.webui.keyword.WebUiBuiltInKeywords.verifyElementText(WebUiBuiltInKeywords.groovy:4749)
	at com.kms.katalon.core.webui.keyword.WebUiBuiltInKeywords$verifyElementText$4.call(Unknown Source)
	at TC-Cari Toko administrator-Search-003.run(TC-Cari Toko administrator-Search-003:29)
	at com.kms.katalon.core.main.ScriptEngine.run(ScriptEngine.java:194)
	at com.kms.katalon.core.main.ScriptEngine.runScriptAsRawText(ScriptEngine.java:119)
	at com.kms.katalon.core.main.TestCaseExecutor.runScript(TestCaseExecutor.java:448)
	at com.kms.katalon.core.main.TestCaseExecutor.doExecute(TestCaseExecutor.java:439)
	at com.kms.katalon.core.main.TestCaseExecutor.processExecutionPhase(TestCaseExecutor.java:418)
	at com.kms.katalon.core.main.TestCaseExecutor.accessMainPhase(TestCaseExecutor.java:410)
	at com.kms.katalon.core.main.TestCaseExecutor.execute(TestCaseExecutor.java:285)
	at com.kms.katalon.core.common.CommonExecutor.accessTestCaseMainPhase(CommonExecutor.java:65)
	at com.kms.katalon.core.main.TestSuiteExecutor.accessTestSuiteMainPhase(TestSuiteExecutor.java:148)
	at com.kms.katalon.core.main.TestSuiteExecutor.execute(TestSuiteExecutor.java:106)
	at com.kms.katalon.core.main.TestCaseMain.startTestSuite(TestCaseMain.java:187)
	at com.kms.katalon.core.main.TestCaseMain$startTestSuite$0.call(Unknown Source)
	at TempTestSuite1693966490565.run(TempTestSuite1693966490565.groovy:36)
Caused by: com.kms.katalon.core.exception.StepFailedException: Actual text '1' and expected text 'Keyword tidak boleh kosong' of test object 'Object Repository/Menu pencarian Toko admin/Massage Error' are NOT matched.
	at com.kms.katalon.core.webui.keyword.internal.WebUIKeywordMain.stepFailed(WebUIKeywordMain.groovy:64)
	at com.kms.katalon.core.webui.keyword.builtin.VerifyElementTextKeyword$_verifyElementText_closure1.doCall(VerifyElementTextKeyword.groovy:57)
	at com.kms.katalon.core.webui.keyword.builtin.VerifyElementTextKeyword$_verifyElementText_closure1.call(VerifyElementTextKeyword.groovy)
	at com.kms.katalon.core.webui.keyword.internal.WebUIKeywordMain.runKeyword(WebUIKeywordMain.groovy:20)
	... 19 more]]></system-out>
      <system-err><![CDATA[2023-09-06 09:14:53 - [TEST_SUITE][FAILED] - pencarian toko: Test Cases/T05 Pencarian Toko/TC-Cari Toko administrator-Search-003 FAILED.
Reason:
com.kms.katalon.core.exception.StepFailedException: Verify element text of test object 'Object Repository/Menu pencarian Toko admin/Massage Error' FAILED.
	at com.kms.katalon.core.webui.keyword.internal.WebUIKeywordMain.stepFailed(WebUIKeywordMain.groovy:64)
	at com.kms.katalon.core.webui.keyword.internal.WebUIKeywordMain.runKeyword(WebUIKeywordMain.groovy:26)
	at com.kms.katalon.core.webui.keyword.builtin.VerifyElementTextKeyword.verifyElementText(VerifyElementTextKeyword.groovy:72)
	at com.kms.katalon.core.webui.keyword.builtin.VerifyElementTextKeyword.execute(VerifyElementTextKeyword.groovy:40)
	at com.kms.katalon.core.keyword.internal.KeywordExecutor.executeKeywordForPlatform(KeywordExecutor.groovy:74)
	at com.kms.katalon.core.webui.keyword.WebUiBuiltInKeywords.verifyElementText(WebUiBuiltInKeywords.groovy:4749)
	at com.kms.katalon.core.webui.keyword.WebUiBuiltInKeywords$verifyElementText$4.call(Unknown Source)
	at TC-Cari Toko administrator-Search-003.run(TC-Cari Toko administrator-Search-003:29)
	at com.kms.katalon.core.main.ScriptEngine.run(ScriptEngine.java:194)
	at com.kms.katalon.core.main.ScriptEngine.runScriptAsRawText(ScriptEngine.java:119)
	at com.kms.katalon.core.main.TestCaseExecutor.runScript(TestCaseExecutor.java:448)
	at com.kms.katalon.core.main.TestCaseExecutor.doExecute(TestCaseExecutor.java:439)
	at com.kms.katalon.core.main.TestCaseExecutor.processExecutionPhase(TestCaseExecutor.java:418)
	at com.kms.katalon.core.main.TestCaseExecutor.accessMainPhase(TestCaseExecutor.java:410)
	at com.kms.katalon.core.main.TestCaseExecutor.execute(TestCaseExecutor.java:285)
	at com.kms.katalon.core.common.CommonExecutor.accessTestCaseMainPhase(CommonExecutor.java:65)
	at com.kms.katalon.core.main.TestSuiteExecutor.accessTestSuiteMainPhase(TestSuiteExecutor.java:148)
	at com.kms.katalon.core.main.TestSuiteExecutor.execute(TestSuiteExecutor.java:106)
	at com.kms.katalon.core.main.TestCaseMain.startTestSuite(TestCaseMain.java:187)
	at com.kms.katalon.core.main.TestCaseMain$startTestSuite$0.call(Unknown Source)
	at TempTestSuite1693966490565.run(TempTestSuite1693966490565.groovy:36)
Caused by: com.kms.katalon.core.exception.StepFailedException: Actual text '1' and expected text 'Keyword tidak boleh kosong' of test object 'Object Repository/Menu pencarian Toko admin/Massage Error' are NOT matched.
	at com.kms.katalon.core.webui.keyword.internal.WebUIKeywordMain.stepFailed(WebUIKeywordMain.groovy:64)
	at com.kms.katalon.core.webui.keyword.builtin.VerifyElementTextKeyword$_verifyElementText_closure1.doCall(VerifyElementTextKeyword.groovy:57)
	at com.kms.katalon.core.webui.keyword.builtin.VerifyElementTextKeyword$_verifyElementText_closure1.call(VerifyElementTextKeyword.groovy)
	at com.kms.katalon.core.webui.keyword.internal.WebUIKeywordMain.runKeyword(WebUIKeywordMain.groovy:20)
	... 19 more]]></system-err>
   </testsuite>
</testsuites>
