<?xml version="1.0" encoding="UTF-8"?>
<testsuites name="T05 jadi kurir" time="440.431" tests="16" failures="7" errors="0">
   <testsuite name="T05 jadi kurir" tests="16" failures="7" errors="0" time="440.431" skipped="0" timestamp="2023-10-03 13:31:25" hostname="IRFAN - DESKTOP-H62FVJ8" id="Test Suites/jadi kurir/T05 jadi kurir">
      <properties>
         <property name="deviceName" value=""/>
         <property name="devicePlatform" value=""/>
         <property name="logFolder" value="D:\\BOOTCAMP XSIS\\Projek 2 MINI PROJEK\\Reports\\20231003_133122\\jadi kurir\\T05 jadi kurir\\20231003_133122"/>
         <property name="logFiles" value="D:\\BOOTCAMP XSIS\\Projek 2 MINI PROJEK\\Reports\\20231003_133122\\jadi kurir\\T05 jadi kurir\\20231003_133122\\execution0.log"/>
         <property name="attachments" value="D:\\BOOTCAMP XSIS\\Projek 2 MINI PROJEK\\Reports\\20231003_133122\\jadi kurir\\T05 jadi kurir\\20231003_133122\\1696314826725.png, D:\\BOOTCAMP XSIS\\Projek 2 MINI PROJEK\\Reports\\20231003_133122\\jadi kurir\\T05 jadi kurir\\20231003_133122\\1696314882778.png, D:\\BOOTCAMP XSIS\\Projek 2 MINI PROJEK\\Reports\\20231003_133122\\jadi kurir\\T05 jadi kurir\\20231003_133122\\1696314911844.png, D:\\BOOTCAMP XSIS\\Projek 2 MINI PROJEK\\Reports\\20231003_133122\\jadi kurir\\T05 jadi kurir\\20231003_133122\\1696314940492.png, D:\\BOOTCAMP XSIS\\Projek 2 MINI PROJEK\\Reports\\20231003_133122\\jadi kurir\\T05 jadi kurir\\20231003_133122\\1696314968806.png, D:\\BOOTCAMP XSIS\\Projek 2 MINI PROJEK\\Reports\\20231003_133122\\jadi kurir\\T05 jadi kurir\\20231003_133122\\1696314991445.png, D:\\BOOTCAMP XSIS\\Projek 2 MINI PROJEK\\Reports\\20231003_133122\\jadi kurir\\T05 jadi kurir\\20231003_133122\\1696315070508.png, D:\\BOOTCAMP XSIS\\Projek 2 MINI PROJEK\\Reports\\20231003_133122\\jadi kurir\\T05 jadi kurir\\20231003_133122\\1696315070581.png"/>
         <property name="hostName" value="IRFAN - DESKTOP-H62FVJ8"/>
         <property name="os" value="Windows 10 64bit"/>
         <property name="katalonVersion" value="8.6.5.208"/>
         <property name="browser" value="Firefox 117.0"/>
         <property name="hostAddress" value="10.9.2.60"/>
         <property name="sessionId" value="b9cb3fe7-db15-415a-b2a5-ec368c9ef245"/>
         <property name="seleniumVersion" value="3.141.59"/>
         <property name="proxyInformation" value="ProxyInformation { proxyOption=NO_PROXY, proxyServerType=HTTP, username=, password=********, proxyServerAddress=, proxyServerPort=0, executionList=&quot;&quot;, isApplyToDesiredCapabilities=true }"/>
         <property name="platform" value="Windows 10"/>
      </properties>
      <testcase name="Test Cases/T05 Jadi Kurir/JK-001" time="20.799" classname="Test Cases/T05 Jadi Kurir/JK-001" status="PASSED">
         <system-out><![CDATA[2023-10-03 13:31:25 - [TEST_CASE][PASSED] - Test Cases/T05 Jadi Kurir/JK-001: Test Cases/T05 Jadi Kurir/JK-001

2023-10-03 13:31:26 - [TEST_STEP][PASSED] - callTestCase(findTestCase("T05 Jadi Kurir/LU-001"), ["username":"irfanafandi", "password":"12345irfan"], STOP_ON_FAILURE): Call Test Case 'Test Cases/T05 Jadi Kurir/LU-001' successfully

2023-10-03 13:31:26 - [TEST_CASE][PASSED] - Test Cases/T05 Jadi Kurir/LU-001: Test Cases/T05 Jadi Kurir/LU-001

2023-10-03 13:31:26 - [TEST_STEP][PASSED] - openBrowser("https://10.9.2.63/ecommerce/"): Browser is opened with url: 'https://10.9.2.63/ecommerce/'

2023-10-03 13:31:27 - [MESSAGE][INFO] - Starting 'Firefox' driver

2023-10-03 13:31:27 - [MESSAGE][INFO] - User set preference: ['args', '[--disable-notifications]']

2023-10-03 13:31:27 - [MESSAGE][INFO] - Action delay is set to 0 milliseconds

2023-10-03 13:31:38 - [MESSAGE][PASSED] - Browser is opened with url: 'https://10.9.2.63/ecommerce/'

2023-10-03 13:31:38 - [TEST_STEP][PASSED] - maximizeWindow(): Current window maximized

2023-10-03 13:31:38 - [MESSAGE][PASSED] - Current window maximized

2023-10-03 13:31:38 - [TEST_STEP][PASSED] - verifyElementPresent(findTestObject("Login/Home"), 0): Object 'Object Repository/Login/Home' is present

2023-10-03 13:31:38 - [MESSAGE][WARNING] - Timeout '0' is invalid. Using default page load timeout: '30'

2023-10-03 13:31:38 - [MESSAGE][PASSED] - Object 'Object Repository/Login/Home' is present

2023-10-03 13:31:38 - [TEST_STEP][PASSED] - click(findTestObject("Login/a_Login")): Object: 'Object Repository/Login/a_Login' is clicked on

2023-10-03 13:31:39 - [MESSAGE][PASSED] - Object: 'Object Repository/Login/a_Login' is clicked on

2023-10-03 13:31:39 - [TEST_STEP][PASSED] - verifyElementPresent(findTestObject("Login/Tittle Login"), 0): Object 'Object Repository/Login/Tittle Login' is present

2023-10-03 13:31:39 - [MESSAGE][WARNING] - Timeout '0' is invalid. Using default page load timeout: '30'

2023-10-03 13:31:40 - [MESSAGE][PASSED] - Object 'Object Repository/Login/Tittle Login' is present

2023-10-03 13:31:40 - [TEST_STEP][PASSED] - setText(findTestObject("Login/input_Username, Email atau No. Handphone_a"), username): Text 'irfanafandi' is set on object 'Object Repository/Login/input_Username, Email atau No. Handphone_a'

2023-10-03 13:31:41 - [MESSAGE][PASSED] - Text 'irfanafandi' is set on object 'Object Repository/Login/input_Username, Email atau No. Handphone_a'

2023-10-03 13:31:41 - [TEST_STEP][PASSED] - setText(findTestObject("Login/input_Password_b"), password): Text '12345irfan' is set on object 'Object Repository/Login/input_Password_b'

2023-10-03 13:31:42 - [MESSAGE][PASSED] - Text '12345irfan' is set on object 'Object Repository/Login/input_Password_b'

2023-10-03 13:31:42 - [TEST_STEP][PASSED] - click(findTestObject("Login/label_Ingat saya")): Object: 'Object Repository/Login/label_Ingat saya' is clicked on

2023-10-03 13:31:42 - [MESSAGE][PASSED] - Object: 'Object Repository/Login/label_Ingat saya' is clicked on

2023-10-03 13:31:42 - [TEST_STEP][PASSED] - click(findTestObject("Login/button_Masuk")): Object: 'Object Repository/Login/button_Masuk' is clicked on

2023-10-03 13:31:44 - [MESSAGE][PASSED] - Object: 'Object Repository/Login/button_Masuk' is clicked on

2023-10-03 13:31:44 - [TEST_STEP][PASSED] - verifyElementPresent(findTestObject("Login/li_Profile"), 0): Object 'Object Repository/Login/li_Profile' is present

2023-10-03 13:31:44 - [MESSAGE][WARNING] - Timeout '0' is invalid. Using default page load timeout: '30'

2023-10-03 13:31:44 - [MESSAGE][PASSED] - Object 'Object Repository/Login/li_Profile' is present

2023-10-03 13:31:44 - [MESSAGE][PASSED] - Call Test Case 'Test Cases/T05 Jadi Kurir/LU-001' successfully

2023-10-03 13:31:44 - [TEST_STEP][PASSED] - click(findTestObject("Jadi kurir/a_Jadi Kurir")): Object: 'Object Repository/Jadi kurir/a_Jadi Kurir' is clicked on

2023-10-03 13:31:45 - [MESSAGE][PASSED] - Object: 'Object Repository/Jadi kurir/a_Jadi Kurir' is clicked on

2023-10-03 13:31:45 - [TEST_STEP][PASSED] - verifyElementPresent(findTestObject("Jadi kurir/li_Profile Kurir"), 0): Object 'Object Repository/Jadi kurir/li_Profile Kurir' is present

2023-10-03 13:31:46 - [MESSAGE][WARNING] - Timeout '0' is invalid. Using default page load timeout: '30'

2023-10-03 13:31:46 - [MESSAGE][PASSED] - Object 'Object Repository/Jadi kurir/li_Profile Kurir' is present]]></system-out>
         <system-err><![CDATA[]]></system-err>
      </testcase>
      <testcase name="Test Cases/T05 Jadi Kurir/JK-002" time="37.867" classname="Test Cases/T05 Jadi Kurir/JK-002" status="PASSED">
         <system-out><![CDATA[2023-10-03 13:31:46 - [TEST_CASE][PASSED] - Test Cases/T05 Jadi Kurir/JK-002: Test Cases/T05 Jadi Kurir/JK-002

2023-10-03 13:31:48 - [TEST_STEP][PASSED] - callTestCase(findTestCase("T05 Jadi Kurir/JK-001"), [:], STOP_ON_FAILURE): Call Test Case 'Test Cases/T05 Jadi Kurir/JK-001' successfully

2023-10-03 13:31:48 - [TEST_CASE][PASSED] - Test Cases/T05 Jadi Kurir/JK-001: Test Cases/T05 Jadi Kurir/JK-001

2023-10-03 13:31:48 - [TEST_STEP][PASSED] - callTestCase(findTestCase("T05 Jadi Kurir/LU-001"), ["username":"irfanafandi", "password":"12345irfan"], STOP_ON_FAILURE): Call Test Case 'Test Cases/T05 Jadi Kurir/LU-001' successfully

2023-10-03 13:31:48 - [TEST_CASE][PASSED] - Test Cases/T05 Jadi Kurir/LU-001: Test Cases/T05 Jadi Kurir/LU-001

2023-10-03 13:31:48 - [TEST_STEP][PASSED] - openBrowser("https://10.9.2.63/ecommerce/"): Browser is opened with url: 'https://10.9.2.63/ecommerce/'

2023-10-03 13:31:48 - [MESSAGE][WARNING] - A browser is already opened. Closing browser and opening a new one

2023-10-03 13:31:49 - [MESSAGE][INFO] - Starting 'Firefox' driver

2023-10-03 13:31:49 - [MESSAGE][INFO] - User set preference: ['args', '[--disable-notifications]']

2023-10-03 13:31:49 - [MESSAGE][INFO] - Action delay is set to 0 milliseconds

2023-10-03 13:32:01 - [MESSAGE][PASSED] - Browser is opened with url: 'https://10.9.2.63/ecommerce/'

2023-10-03 13:32:01 - [TEST_STEP][PASSED] - maximizeWindow(): Current window maximized

2023-10-03 13:32:01 - [MESSAGE][PASSED] - Current window maximized

2023-10-03 13:32:01 - [TEST_STEP][PASSED] - verifyElementPresent(findTestObject("Login/Home"), 0): Object 'Object Repository/Login/Home' is present

2023-10-03 13:32:02 - [MESSAGE][WARNING] - Timeout '0' is invalid. Using default page load timeout: '30'

2023-10-03 13:32:02 - [MESSAGE][PASSED] - Object 'Object Repository/Login/Home' is present

2023-10-03 13:32:02 - [TEST_STEP][PASSED] - click(findTestObject("Login/a_Login")): Object: 'Object Repository/Login/a_Login' is clicked on

2023-10-03 13:32:03 - [MESSAGE][PASSED] - Object: 'Object Repository/Login/a_Login' is clicked on

2023-10-03 13:32:03 - [TEST_STEP][PASSED] - verifyElementPresent(findTestObject("Login/Tittle Login"), 0): Object 'Object Repository/Login/Tittle Login' is present

2023-10-03 13:32:03 - [MESSAGE][WARNING] - Timeout '0' is invalid. Using default page load timeout: '30'

2023-10-03 13:32:03 - [MESSAGE][PASSED] - Object 'Object Repository/Login/Tittle Login' is present

2023-10-03 13:32:03 - [TEST_STEP][PASSED] - setText(findTestObject("Login/input_Username, Email atau No. Handphone_a"), username): Text 'irfanafandi' is set on object 'Object Repository/Login/input_Username, Email atau No. Handphone_a'

2023-10-03 13:32:04 - [MESSAGE][PASSED] - Text 'irfanafandi' is set on object 'Object Repository/Login/input_Username, Email atau No. Handphone_a'

2023-10-03 13:32:04 - [TEST_STEP][PASSED] - setText(findTestObject("Login/input_Password_b"), password): Text '12345irfan' is set on object 'Object Repository/Login/input_Password_b'

2023-10-03 13:32:05 - [MESSAGE][PASSED] - Text '12345irfan' is set on object 'Object Repository/Login/input_Password_b'

2023-10-03 13:32:05 - [TEST_STEP][PASSED] - click(findTestObject("Login/label_Ingat saya")): Object: 'Object Repository/Login/label_Ingat saya' is clicked on

2023-10-03 13:32:06 - [MESSAGE][PASSED] - Object: 'Object Repository/Login/label_Ingat saya' is clicked on

2023-10-03 13:32:06 - [TEST_STEP][PASSED] - click(findTestObject("Login/button_Masuk")): Object: 'Object Repository/Login/button_Masuk' is clicked on

2023-10-03 13:32:07 - [MESSAGE][PASSED] - Object: 'Object Repository/Login/button_Masuk' is clicked on

2023-10-03 13:32:07 - [TEST_STEP][PASSED] - verifyElementPresent(findTestObject("Login/li_Profile"), 0): Object 'Object Repository/Login/li_Profile' is present

2023-10-03 13:32:07 - [MESSAGE][WARNING] - Timeout '0' is invalid. Using default page load timeout: '30'

2023-10-03 13:32:08 - [MESSAGE][PASSED] - Object 'Object Repository/Login/li_Profile' is present

2023-10-03 13:32:08 - [MESSAGE][PASSED] - Call Test Case 'Test Cases/T05 Jadi Kurir/LU-001' successfully

2023-10-03 13:32:08 - [TEST_STEP][PASSED] - click(findTestObject("Jadi kurir/a_Jadi Kurir")): Object: 'Object Repository/Jadi kurir/a_Jadi Kurir' is clicked on

2023-10-03 13:32:09 - [MESSAGE][PASSED] - Object: 'Object Repository/Jadi kurir/a_Jadi Kurir' is clicked on

2023-10-03 13:32:09 - [TEST_STEP][PASSED] - verifyElementPresent(findTestObject("Jadi kurir/li_Profile Kurir"), 0): Object 'Object Repository/Jadi kurir/li_Profile Kurir' is present

2023-10-03 13:32:09 - [MESSAGE][WARNING] - Timeout '0' is invalid. Using default page load timeout: '30'

2023-10-03 13:32:09 - [MESSAGE][PASSED] - Object 'Object Repository/Jadi kurir/li_Profile Kurir' is present

2023-10-03 13:32:09 - [MESSAGE][PASSED] - Call Test Case 'Test Cases/T05 Jadi Kurir/JK-001' successfully

2023-10-03 13:32:09 - [TEST_STEP][PASSED] - click(findTestObject("Jadi kurir/a_Daftar  Edit Data")): Object: 'Object Repository/Jadi kurir/a_Daftar  Edit Data' is clicked on

2023-10-03 13:32:11 - [MESSAGE][PASSED] - Object: 'Object Repository/Jadi kurir/a_Daftar  Edit Data' is clicked on

2023-10-03 13:32:11 - [TEST_STEP][PASSED] - verifyElementPresent(findTestObject("Jadi kurir/li_Profile Kurir"), 0): Object 'Object Repository/Jadi kurir/li_Profile Kurir' is present

2023-10-03 13:32:11 - [MESSAGE][WARNING] - Timeout '0' is invalid. Using default page load timeout: '30'

2023-10-03 13:32:11 - [MESSAGE][PASSED] - Object 'Object Repository/Jadi kurir/li_Profile Kurir' is present

2023-10-03 13:32:11 - [TEST_STEP][PASSED] - selectOptionByLabel(findTestObject("Jadi kurir/select_- Pilih Kendaraan -Roda 2Roda 4"), Jenis, false): All options with label 'Roda 4' are selected in object 'Object Repository/Jadi kurir/select_- Pilih Kendaraan -Roda 2Roda 4' 

2023-10-03 13:32:12 - [MESSAGE][PASSED] - All options with label 'Roda 4' are selected in object 'Object Repository/Jadi kurir/select_- Pilih Kendaraan -Roda 2Roda 4' 

2023-10-03 13:32:12 - [TEST_STEP][PASSED] - setText(findTestObject("Jadi kurir/input_Merek Kendaraan"), Merek_Kendaraan): Text 'toyota supra' is set on object 'Object Repository/Jadi kurir/input_Merek Kendaraan'

2023-10-03 13:32:13 - [MESSAGE][PASSED] - Text 'toyota supra' is set on object 'Object Repository/Jadi kurir/input_Merek Kendaraan'

2023-10-03 13:32:13 - [TEST_STEP][PASSED] - setText(findTestObject("Jadi kurir/input_Plat Nomor"), Plat_Nomor): Text 'AB 1 S' is set on object 'Object Repository/Jadi kurir/input_Plat Nomor'

2023-10-03 13:32:14 - [MESSAGE][PASSED] - Text 'AB 1 S' is set on object 'Object Repository/Jadi kurir/input_Plat Nomor'

2023-10-03 13:32:14 - [TEST_STEP][PASSED] - setText(findTestObject("Jadi kurir/textarea_Keterangan"), Keterangan): Text 'mau daftar dong bang' is set on object 'Object Repository/Jadi kurir/textarea_Keterangan'

2023-10-03 13:32:15 - [MESSAGE][PASSED] - Text 'mau daftar dong bang' is set on object 'Object Repository/Jadi kurir/textarea_Keterangan'

2023-10-03 13:32:15 - [TEST_STEP][PASSED] - waitForPageLoad(3): Wait for page load successfully

2023-10-03 13:32:15 - [MESSAGE][PASSED] - Wait for page load successfully

2023-10-03 13:32:15 - [TEST_STEP][PASSED] - delay(2): Delayed 2 second(s)

2023-10-03 13:32:17 - [MESSAGE][PASSED] - Delayed 2 second(s)

2023-10-03 13:32:17 - [TEST_STEP][PASSED] - uploadFile(findTestObject("Jadi kurir/input_Choose files_uploadFile"), Berkas): File 'C:\Users\IRFAN\Downloads\Berkas2.pdf' sent to object: 'Object Repository/Jadi kurir/input_Choose files_uploadFile'

2023-10-03 13:32:17 - [MESSAGE][PASSED] - File 'C:\Users\IRFAN\Downloads\Berkas2.pdf' sent to object: 'Object Repository/Jadi kurir/input_Choose files_uploadFile'

2023-10-03 13:32:17 - [TEST_STEP][PASSED] - delay(3): Delayed 3 second(s)

2023-10-03 13:32:20 - [MESSAGE][PASSED] - Delayed 3 second(s)

2023-10-03 13:32:20 - [TEST_STEP][PASSED] - click(findTestObject("Jadi kurir/button_Simpan Perubahan")): Object: 'Object Repository/Jadi kurir/button_Simpan Perubahan' is clicked on

2023-10-03 13:32:21 - [MESSAGE][PASSED] - Object: 'Object Repository/Jadi kurir/button_Simpan Perubahan' is clicked on

2023-10-03 13:32:21 - [TEST_STEP][PASSED] - verifyElementPresent(findTestObject("Jadi kurir/li_Profile Kurir"), 0): Object 'Object Repository/Jadi kurir/li_Profile Kurir' is present

2023-10-03 13:32:21 - [MESSAGE][WARNING] - Timeout '0' is invalid. Using default page load timeout: '30'

2023-10-03 13:32:22 - [MESSAGE][PASSED] - Object 'Object Repository/Jadi kurir/li_Profile Kurir' is present

2023-10-03 13:32:22 - [TEST_STEP][PASSED] - Hasil_Jenis = getText(findTestObject("Hasil Edit/div_Roda 4")): Text of object 'Object Repository/Hasil Edit/div_Roda 4' is: 'Roda 4'

2023-10-03 13:32:23 - [MESSAGE][PASSED] - Text of object 'Object Repository/Hasil Edit/div_Roda 4' is: 'Roda 4'

2023-10-03 13:32:23 - [TEST_STEP][PASSED] - Hasil_Merek = getText(findTestObject("Hasil Edit/div_toyota supra")): Text of object 'Object Repository/Hasil Edit/div_toyota supra' is: 'toyota supra'

2023-10-03 13:32:23 - [MESSAGE][PASSED] - Text of object 'Object Repository/Hasil Edit/div_toyota supra' is: 'toyota supra'

2023-10-03 13:32:23 - [TEST_STEP][PASSED] - Hasil_Plat = getText(findTestObject("Hasil Edit/div_AB 1 S")): Text of object 'Object Repository/Hasil Edit/div_AB 1 S' is: 'AB 1 S'

2023-10-03 13:32:23 - [MESSAGE][PASSED] - Text of object 'Object Repository/Hasil Edit/div_AB 1 S' is: 'AB 1 S'

2023-10-03 13:32:23 - [TEST_STEP][PASSED] - Hasil_Ket = getText(findTestObject("Hasil Edit/div_mau daftar dong bang")): Text of object 'Object Repository/Hasil Edit/div_mau daftar dong bang' is: 'mau daftar dong bang'

2023-10-03 13:32:24 - [MESSAGE][PASSED] - Text of object 'Object Repository/Hasil Edit/div_mau daftar dong bang' is: 'mau daftar dong bang'

2023-10-03 13:32:24 - [TEST_STEP][PASSED] - berkas1 = getAttribute(findTestObject("Object Repository/Hasil Edit/Hasil edit berkas"), "href").split("/"): Attribute 'href' of object 'Object Repository/Hasil Edit/Hasil edit berkas' is: 'https://10.9.2.63/ecommerce/members/download_file/images/Berkas216.pdf'

2023-10-03 13:32:24 - [MESSAGE][PASSED] - Attribute 'href' of object 'Object Repository/Hasil Edit/Hasil edit berkas' is: 'https://10.9.2.63/ecommerce/members/download_file/images/Berkas216.pdf'

2023-10-03 13:32:24 - [TEST_STEP][PASSED] - println(berkas1): null

2023-10-03 13:32:24 - [TEST_STEP][PASSED] - berkasUrl = size() - 1].replace(".pdf", ""): null

2023-10-03 13:32:24 - [TEST_STEP][PASSED] - println(berkasUrl): null

2023-10-03 13:32:24 - [TEST_STEP][PASSED] - berkas_sebelumEdit = Berkas.split("\\"): null

2023-10-03 13:32:24 - [TEST_STEP][PASSED] - println(berkas_sebelumEdit): null

2023-10-03 13:32:24 - [TEST_STEP][PASSED] - urlBerkas = size() - 1].replace(".pdf", ""): null

2023-10-03 13:32:24 - [TEST_STEP][PASSED] - println(urlBerkas): null

2023-10-03 13:32:24 - [TEST_STEP][PASSED] - assert berkasUrl.contains(urlBerkas): null

2023-10-03 13:32:24 - [TEST_STEP][PASSED] - assert trim().equalsIgnoreCase(Jenis.trim()): null

2023-10-03 13:32:24 - [TEST_STEP][PASSED] - assert trim().equalsIgnoreCase(Merek_Kendaraan.trim()): null

2023-10-03 13:32:24 - [TEST_STEP][PASSED] - assert trim().equalsIgnoreCase(Plat_Nomor.trim()): null

2023-10-03 13:32:24 - [TEST_STEP][PASSED] - assert trim().equalsIgnoreCase(Keterangan.trim()): null]]></system-out>
         <system-err><![CDATA[]]></system-err>
      </testcase>
      <testcase name="Test Cases/T05 Jadi Kurir/JK-003" time="28.732" classname="Test Cases/T05 Jadi Kurir/JK-003" status="PASSED">
         <system-out><![CDATA[2023-10-03 13:32:24 - [TEST_CASE][PASSED] - Test Cases/T05 Jadi Kurir/JK-003: Test Cases/T05 Jadi Kurir/JK-003

2023-10-03 13:32:25 - [TEST_STEP][PASSED] - callTestCase(findTestCase("T05 Jadi Kurir/JK-001"), [:], STOP_ON_FAILURE): Call Test Case 'Test Cases/T05 Jadi Kurir/JK-001' successfully

2023-10-03 13:32:25 - [TEST_CASE][PASSED] - Test Cases/T05 Jadi Kurir/JK-001: Test Cases/T05 Jadi Kurir/JK-001

2023-10-03 13:32:25 - [TEST_STEP][PASSED] - callTestCase(findTestCase("T05 Jadi Kurir/LU-001"), ["username":"irfanafandi", "password":"12345irfan"], STOP_ON_FAILURE): Call Test Case 'Test Cases/T05 Jadi Kurir/LU-001' successfully

2023-10-03 13:32:25 - [TEST_CASE][PASSED] - Test Cases/T05 Jadi Kurir/LU-001: Test Cases/T05 Jadi Kurir/LU-001

2023-10-03 13:32:25 - [TEST_STEP][PASSED] - openBrowser("https://10.9.2.63/ecommerce/"): Browser is opened with url: 'https://10.9.2.63/ecommerce/'

2023-10-03 13:32:25 - [MESSAGE][WARNING] - A browser is already opened. Closing browser and opening a new one

2023-10-03 13:32:26 - [MESSAGE][INFO] - Starting 'Firefox' driver

2023-10-03 13:32:26 - [MESSAGE][INFO] - User set preference: ['args', '[--disable-notifications]']

2023-10-03 13:32:26 - [MESSAGE][INFO] - Action delay is set to 0 milliseconds

2023-10-03 13:32:35 - [MESSAGE][PASSED] - Browser is opened with url: 'https://10.9.2.63/ecommerce/'

2023-10-03 13:32:35 - [TEST_STEP][PASSED] - maximizeWindow(): Current window maximized

2023-10-03 13:32:35 - [MESSAGE][PASSED] - Current window maximized

2023-10-03 13:32:35 - [TEST_STEP][PASSED] - verifyElementPresent(findTestObject("Login/Home"), 0): Object 'Object Repository/Login/Home' is present

2023-10-03 13:32:35 - [MESSAGE][WARNING] - Timeout '0' is invalid. Using default page load timeout: '30'

2023-10-03 13:32:35 - [MESSAGE][PASSED] - Object 'Object Repository/Login/Home' is present

2023-10-03 13:32:35 - [TEST_STEP][PASSED] - click(findTestObject("Login/a_Login")): Object: 'Object Repository/Login/a_Login' is clicked on

2023-10-03 13:32:36 - [MESSAGE][PASSED] - Object: 'Object Repository/Login/a_Login' is clicked on

2023-10-03 13:32:36 - [TEST_STEP][PASSED] - verifyElementPresent(findTestObject("Login/Tittle Login"), 0): Object 'Object Repository/Login/Tittle Login' is present

2023-10-03 13:32:36 - [MESSAGE][WARNING] - Timeout '0' is invalid. Using default page load timeout: '30'

2023-10-03 13:32:36 - [MESSAGE][PASSED] - Object 'Object Repository/Login/Tittle Login' is present

2023-10-03 13:32:36 - [TEST_STEP][PASSED] - setText(findTestObject("Login/input_Username, Email atau No. Handphone_a"), username): Text 'irfanafandi' is set on object 'Object Repository/Login/input_Username, Email atau No. Handphone_a'

2023-10-03 13:32:38 - [MESSAGE][PASSED] - Text 'irfanafandi' is set on object 'Object Repository/Login/input_Username, Email atau No. Handphone_a'

2023-10-03 13:32:38 - [TEST_STEP][PASSED] - setText(findTestObject("Login/input_Password_b"), password): Text '12345irfan' is set on object 'Object Repository/Login/input_Password_b'

2023-10-03 13:32:39 - [MESSAGE][PASSED] - Text '12345irfan' is set on object 'Object Repository/Login/input_Password_b'

2023-10-03 13:32:39 - [TEST_STEP][PASSED] - click(findTestObject("Login/label_Ingat saya")): Object: 'Object Repository/Login/label_Ingat saya' is clicked on

2023-10-03 13:32:39 - [MESSAGE][PASSED] - Object: 'Object Repository/Login/label_Ingat saya' is clicked on

2023-10-03 13:32:39 - [TEST_STEP][PASSED] - click(findTestObject("Login/button_Masuk")): Object: 'Object Repository/Login/button_Masuk' is clicked on

2023-10-03 13:32:40 - [MESSAGE][PASSED] - Object: 'Object Repository/Login/button_Masuk' is clicked on

2023-10-03 13:32:40 - [TEST_STEP][PASSED] - verifyElementPresent(findTestObject("Login/li_Profile"), 0): Object 'Object Repository/Login/li_Profile' is present

2023-10-03 13:32:40 - [MESSAGE][WARNING] - Timeout '0' is invalid. Using default page load timeout: '30'

2023-10-03 13:32:41 - [MESSAGE][PASSED] - Object 'Object Repository/Login/li_Profile' is present

2023-10-03 13:32:41 - [MESSAGE][PASSED] - Call Test Case 'Test Cases/T05 Jadi Kurir/LU-001' successfully

2023-10-03 13:32:41 - [TEST_STEP][PASSED] - click(findTestObject("Jadi kurir/a_Jadi Kurir")): Object: 'Object Repository/Jadi kurir/a_Jadi Kurir' is clicked on

2023-10-03 13:32:42 - [MESSAGE][PASSED] - Object: 'Object Repository/Jadi kurir/a_Jadi Kurir' is clicked on

2023-10-03 13:32:42 - [TEST_STEP][PASSED] - verifyElementPresent(findTestObject("Jadi kurir/li_Profile Kurir"), 0): Object 'Object Repository/Jadi kurir/li_Profile Kurir' is present

2023-10-03 13:32:42 - [MESSAGE][WARNING] - Timeout '0' is invalid. Using default page load timeout: '30'

2023-10-03 13:32:43 - [MESSAGE][PASSED] - Object 'Object Repository/Jadi kurir/li_Profile Kurir' is present

2023-10-03 13:32:43 - [MESSAGE][PASSED] - Call Test Case 'Test Cases/T05 Jadi Kurir/JK-001' successfully

2023-10-03 13:32:43 - [TEST_STEP][PASSED] - click(findTestObject("Jadi kurir/a_Daftar  Edit Data")): Object: 'Object Repository/Jadi kurir/a_Daftar  Edit Data' is clicked on

2023-10-03 13:32:44 - [MESSAGE][PASSED] - Object: 'Object Repository/Jadi kurir/a_Daftar  Edit Data' is clicked on

2023-10-03 13:32:44 - [TEST_STEP][PASSED] - verifyElementPresent(findTestObject("Jadi kurir/li_Profile Kurir"), 0): Object 'Object Repository/Jadi kurir/li_Profile Kurir' is present

2023-10-03 13:32:44 - [MESSAGE][WARNING] - Timeout '0' is invalid. Using default page load timeout: '30'

2023-10-03 13:32:45 - [MESSAGE][PASSED] - Object 'Object Repository/Jadi kurir/li_Profile Kurir' is present

2023-10-03 13:32:45 - [TEST_STEP][PASSED] - selectOptionByValue(findTestObject("Jadi kurir/select_- Pilih Kendaraan -Roda 2Roda 4"), Jenis, false): All options with value '0' are selected in object 'Object Repository/Jadi kurir/select_- Pilih Kendaraan -Roda 2Roda 4' 

2023-10-03 13:32:46 - [MESSAGE][PASSED] - All options with value '0' are selected in object 'Object Repository/Jadi kurir/select_- Pilih Kendaraan -Roda 2Roda 4' 

2023-10-03 13:32:46 - [TEST_STEP][PASSED] - setText(findTestObject("Jadi kurir/input_Merek Kendaraan"), Merek_Kendaraan): Text 'toyota supra' is set on object 'Object Repository/Jadi kurir/input_Merek Kendaraan'

2023-10-03 13:32:46 - [MESSAGE][PASSED] - Text 'toyota supra' is set on object 'Object Repository/Jadi kurir/input_Merek Kendaraan'

2023-10-03 13:32:46 - [TEST_STEP][PASSED] - setText(findTestObject("Jadi kurir/input_Plat Nomor"), Plat_Nomor): Text 'AB 1 S' is set on object 'Object Repository/Jadi kurir/input_Plat Nomor'

2023-10-03 13:32:47 - [MESSAGE][PASSED] - Text 'AB 1 S' is set on object 'Object Repository/Jadi kurir/input_Plat Nomor'

2023-10-03 13:32:47 - [TEST_STEP][PASSED] - setText(findTestObject("Jadi kurir/textarea_Keterangan"), Keterangan): Text 'mau daftar dong bang' is set on object 'Object Repository/Jadi kurir/textarea_Keterangan'

2023-10-03 13:32:48 - [MESSAGE][PASSED] - Text 'mau daftar dong bang' is set on object 'Object Repository/Jadi kurir/textarea_Keterangan'

2023-10-03 13:32:48 - [TEST_STEP][PASSED] - uploadFile(findTestObject("Jadi kurir/input_Choose files_uploadFile"), berkas): File 'C:\Users\IRFAN\Downloads\Berkas2.pdf' sent to object: 'Object Repository/Jadi kurir/input_Choose files_uploadFile'

2023-10-03 13:32:49 - [MESSAGE][PASSED] - File 'C:\Users\IRFAN\Downloads\Berkas2.pdf' sent to object: 'Object Repository/Jadi kurir/input_Choose files_uploadFile'

2023-10-03 13:32:49 - [TEST_STEP][PASSED] - click(findTestObject("Jadi kurir/button_Simpan Perubahan")): Object: 'Object Repository/Jadi kurir/button_Simpan Perubahan' is clicked on

2023-10-03 13:32:52 - [MESSAGE][PASSED] - Object: 'Object Repository/Jadi kurir/button_Simpan Perubahan' is clicked on

2023-10-03 13:32:52 - [TEST_STEP][PASSED] - verifyElementPresent(findTestObject("Hasil Edit/Massage"), 0): Object 'Object Repository/Hasil Edit/Massage' is present

2023-10-03 13:32:52 - [MESSAGE][WARNING] - Timeout '0' is invalid. Using default page load timeout: '30'

2023-10-03 13:32:53 - [MESSAGE][PASSED] - Object 'Object Repository/Hasil Edit/Massage' is present]]></system-out>
         <system-err><![CDATA[]]></system-err>
      </testcase>
      <testcase name="Test Cases/T05 Jadi Kurir/JK-004" time="24.773" classname="Test Cases/T05 Jadi Kurir/JK-004" status="PASSED">
         <system-out><![CDATA[2023-10-03 13:32:53 - [TEST_CASE][PASSED] - Test Cases/T05 Jadi Kurir/JK-004: Test Cases/T05 Jadi Kurir/JK-004

2023-10-03 13:32:53 - [TEST_STEP][PASSED] - callTestCase(findTestCase("T05 Jadi Kurir/JK-001"), [:], STOP_ON_FAILURE): Call Test Case 'Test Cases/T05 Jadi Kurir/JK-001' successfully

2023-10-03 13:32:53 - [TEST_CASE][PASSED] - Test Cases/T05 Jadi Kurir/JK-001: Test Cases/T05 Jadi Kurir/JK-001

2023-10-03 13:32:53 - [TEST_STEP][PASSED] - callTestCase(findTestCase("T05 Jadi Kurir/LU-001"), ["username":"irfanafandi", "password":"12345irfan"], STOP_ON_FAILURE): Call Test Case 'Test Cases/T05 Jadi Kurir/LU-001' successfully

2023-10-03 13:32:53 - [TEST_CASE][PASSED] - Test Cases/T05 Jadi Kurir/LU-001: Test Cases/T05 Jadi Kurir/LU-001

2023-10-03 13:32:53 - [TEST_STEP][PASSED] - openBrowser("https://10.9.2.63/ecommerce/"): Browser is opened with url: 'https://10.9.2.63/ecommerce/'

2023-10-03 13:32:53 - [MESSAGE][WARNING] - A browser is already opened. Closing browser and opening a new one

2023-10-03 13:32:55 - [MESSAGE][INFO] - Starting 'Firefox' driver

2023-10-03 13:32:55 - [MESSAGE][INFO] - User set preference: ['args', '[--disable-notifications]']

2023-10-03 13:32:55 - [MESSAGE][INFO] - Action delay is set to 0 milliseconds

2023-10-03 13:33:03 - [MESSAGE][PASSED] - Browser is opened with url: 'https://10.9.2.63/ecommerce/'

2023-10-03 13:33:03 - [TEST_STEP][PASSED] - maximizeWindow(): Current window maximized

2023-10-03 13:33:03 - [MESSAGE][PASSED] - Current window maximized

2023-10-03 13:33:03 - [TEST_STEP][PASSED] - verifyElementPresent(findTestObject("Login/Home"), 0): Object 'Object Repository/Login/Home' is present

2023-10-03 13:33:03 - [MESSAGE][WARNING] - Timeout '0' is invalid. Using default page load timeout: '30'

2023-10-03 13:33:03 - [MESSAGE][PASSED] - Object 'Object Repository/Login/Home' is present

2023-10-03 13:33:03 - [TEST_STEP][PASSED] - click(findTestObject("Login/a_Login")): Object: 'Object Repository/Login/a_Login' is clicked on

2023-10-03 13:33:04 - [MESSAGE][PASSED] - Object: 'Object Repository/Login/a_Login' is clicked on

2023-10-03 13:33:04 - [TEST_STEP][PASSED] - verifyElementPresent(findTestObject("Login/Tittle Login"), 0): Object 'Object Repository/Login/Tittle Login' is present

2023-10-03 13:33:04 - [MESSAGE][WARNING] - Timeout '0' is invalid. Using default page load timeout: '30'

2023-10-03 13:33:04 - [MESSAGE][PASSED] - Object 'Object Repository/Login/Tittle Login' is present

2023-10-03 13:33:04 - [TEST_STEP][PASSED] - setText(findTestObject("Login/input_Username, Email atau No. Handphone_a"), username): Text 'irfanafandi' is set on object 'Object Repository/Login/input_Username, Email atau No. Handphone_a'

2023-10-03 13:33:05 - [MESSAGE][PASSED] - Text 'irfanafandi' is set on object 'Object Repository/Login/input_Username, Email atau No. Handphone_a'

2023-10-03 13:33:05 - [TEST_STEP][PASSED] - setText(findTestObject("Login/input_Password_b"), password): Text '12345irfan' is set on object 'Object Repository/Login/input_Password_b'

2023-10-03 13:33:06 - [MESSAGE][PASSED] - Text '12345irfan' is set on object 'Object Repository/Login/input_Password_b'

2023-10-03 13:33:06 - [TEST_STEP][PASSED] - click(findTestObject("Login/label_Ingat saya")): Object: 'Object Repository/Login/label_Ingat saya' is clicked on

2023-10-03 13:33:07 - [MESSAGE][PASSED] - Object: 'Object Repository/Login/label_Ingat saya' is clicked on

2023-10-03 13:33:07 - [TEST_STEP][PASSED] - click(findTestObject("Login/button_Masuk")): Object: 'Object Repository/Login/button_Masuk' is clicked on

2023-10-03 13:33:08 - [MESSAGE][PASSED] - Object: 'Object Repository/Login/button_Masuk' is clicked on

2023-10-03 13:33:08 - [TEST_STEP][PASSED] - verifyElementPresent(findTestObject("Login/li_Profile"), 0): Object 'Object Repository/Login/li_Profile' is present

2023-10-03 13:33:08 - [MESSAGE][WARNING] - Timeout '0' is invalid. Using default page load timeout: '30'

2023-10-03 13:33:09 - [MESSAGE][PASSED] - Object 'Object Repository/Login/li_Profile' is present

2023-10-03 13:33:09 - [MESSAGE][PASSED] - Call Test Case 'Test Cases/T05 Jadi Kurir/LU-001' successfully

2023-10-03 13:33:09 - [TEST_STEP][PASSED] - click(findTestObject("Jadi kurir/a_Jadi Kurir")): Object: 'Object Repository/Jadi kurir/a_Jadi Kurir' is clicked on

2023-10-03 13:33:10 - [MESSAGE][PASSED] - Object: 'Object Repository/Jadi kurir/a_Jadi Kurir' is clicked on

2023-10-03 13:33:10 - [TEST_STEP][PASSED] - verifyElementPresent(findTestObject("Jadi kurir/li_Profile Kurir"), 0): Object 'Object Repository/Jadi kurir/li_Profile Kurir' is present

2023-10-03 13:33:10 - [MESSAGE][WARNING] - Timeout '0' is invalid. Using default page load timeout: '30'

2023-10-03 13:33:11 - [MESSAGE][PASSED] - Object 'Object Repository/Jadi kurir/li_Profile Kurir' is present

2023-10-03 13:33:11 - [MESSAGE][PASSED] - Call Test Case 'Test Cases/T05 Jadi Kurir/JK-001' successfully

2023-10-03 13:33:11 - [TEST_STEP][PASSED] - click(findTestObject("Jadi kurir/a_Daftar  Edit Data")): Object: 'Object Repository/Jadi kurir/a_Daftar  Edit Data' is clicked on

2023-10-03 13:33:12 - [MESSAGE][PASSED] - Object: 'Object Repository/Jadi kurir/a_Daftar  Edit Data' is clicked on

2023-10-03 13:33:12 - [TEST_STEP][PASSED] - verifyElementPresent(findTestObject("Jadi kurir/li_Profile Kurir"), 0): Object 'Object Repository/Jadi kurir/li_Profile Kurir' is present

2023-10-03 13:33:12 - [MESSAGE][WARNING] - Timeout '0' is invalid. Using default page load timeout: '30'

2023-10-03 13:33:12 - [MESSAGE][PASSED] - Object 'Object Repository/Jadi kurir/li_Profile Kurir' is present

2023-10-03 13:33:12 - [TEST_STEP][PASSED] - selectOptionByValue(findTestObject("Jadi kurir/select_- Pilih Kendaraan -Roda 2Roda 4"), Jenis, false): All options with value '2' are selected in object 'Object Repository/Jadi kurir/select_- Pilih Kendaraan -Roda 2Roda 4' 

2023-10-03 13:33:13 - [MESSAGE][PASSED] - All options with value '2' are selected in object 'Object Repository/Jadi kurir/select_- Pilih Kendaraan -Roda 2Roda 4' 

2023-10-03 13:33:13 - [TEST_STEP][PASSED] - clearText(findTestObject("Jadi kurir/input_Merek Kendaraan")): Text of object 'Object Repository/Jadi kurir/input_Merek Kendaraan' is cleared

2023-10-03 13:33:14 - [MESSAGE][PASSED] - Text of object 'Object Repository/Jadi kurir/input_Merek Kendaraan' is cleared

2023-10-03 13:33:14 - [TEST_STEP][PASSED] - setText(findTestObject("Jadi kurir/input_Plat Nomor"), Plat_Nomor): Text 'AB 1 S' is set on object 'Object Repository/Jadi kurir/input_Plat Nomor'

2023-10-03 13:33:14 - [MESSAGE][PASSED] - Text 'AB 1 S' is set on object 'Object Repository/Jadi kurir/input_Plat Nomor'

2023-10-03 13:33:14 - [TEST_STEP][PASSED] - setText(findTestObject("Jadi kurir/textarea_Keterangan"), Keterangan): Text 'mau daftar dong bang' is set on object 'Object Repository/Jadi kurir/textarea_Keterangan'

2023-10-03 13:33:15 - [MESSAGE][PASSED] - Text 'mau daftar dong bang' is set on object 'Object Repository/Jadi kurir/textarea_Keterangan'

2023-10-03 13:33:15 - [TEST_STEP][PASSED] - uploadFile(findTestObject("Jadi kurir/input_Choose files_uploadFile"), "C:\Users\IRFAN\Downloads\KTP.jpg"): File 'C:\Users\IRFAN\Downloads\KTP.jpg' sent to object: 'Object Repository/Jadi kurir/input_Choose files_uploadFile'

2023-10-03 13:33:16 - [MESSAGE][PASSED] - File 'C:\Users\IRFAN\Downloads\KTP.jpg' sent to object: 'Object Repository/Jadi kurir/input_Choose files_uploadFile'

2023-10-03 13:33:16 - [TEST_STEP][PASSED] - click(findTestObject("Jadi kurir/button_Simpan Perubahan")): Object: 'Object Repository/Jadi kurir/button_Simpan Perubahan' is clicked on

2023-10-03 13:33:17 - [MESSAGE][PASSED] - Object: 'Object Repository/Jadi kurir/button_Simpan Perubahan' is clicked on

2023-10-03 13:33:17 - [TEST_STEP][PASSED] - webDriver = getWebDriver(): null

2023-10-03 13:33:17 - [TEST_STEP][PASSED] - Merek = webDriver.findElement(By.xpath("//input[@name="merek"]")): null

2023-10-03 13:33:18 - [TEST_STEP][PASSED] - error_message = webDriver.executeScript("return arguments[0].validationMessage", Merek): null

2023-10-03 13:33:18 - [TEST_STEP][PASSED] - println(error_message): null

2023-10-03 13:33:18 - [TEST_STEP][PASSED] - assert error_message == "Please fill out this field.": null]]></system-out>
         <system-err><![CDATA[]]></system-err>
      </testcase>
      <testcase name="Test Cases/T05 Jadi Kurir/JK-005" time="28.849" classname="Test Cases/T05 Jadi Kurir/JK-005" status="FAILED">
         <failure type="FAILED" message="Test Cases/T05 Jadi Kurir/JK-005 FAILED.
Reason:
com.kms.katalon.core.exception.StepFailedException: Unable to verify text 'Please fill in the correct column.' is present 
	at com.kms.katalon.core.webui.keyword.internal.WebUIKeywordMain.stepFailed(WebUIKeywordMain.groovy:64)
	at com.kms.katalon.core.webui.keyword.internal.WebUIKeywordMain.runKeyword(WebUIKeywordMain.groovy:26)
	at com.kms.katalon.core.webui.keyword.builtin.VerifyTextPresentKeyword.verifyTextPresent(VerifyTextPresentKeyword.groovy:83)
	at com.kms.katalon.core.webui.keyword.builtin.VerifyTextPresentKeyword.execute(VerifyTextPresentKeyword.groovy:68)
	at com.kms.katalon.core.keyword.internal.KeywordExecutor.executeKeywordForPlatform(KeywordExecutor.groovy:74)
	at com.kms.katalon.core.webui.keyword.WebUiBuiltInKeywords.verifyTextPresent(WebUiBuiltInKeywords.groovy:1723)
	at com.kms.katalon.core.webui.keyword.WebUiBuiltInKeywords$verifyTextPresent$11.call(Unknown Source)
	at JK-005.run(JK-005:42)
	at com.kms.katalon.core.main.ScriptEngine.run(ScriptEngine.java:194)
	at com.kms.katalon.core.main.ScriptEngine.runScriptAsRawText(ScriptEngine.java:119)
	at com.kms.katalon.core.main.TestCaseExecutor.runScript(TestCaseExecutor.java:448)
	at com.kms.katalon.core.main.TestCaseExecutor.doExecute(TestCaseExecutor.java:439)
	at com.kms.katalon.core.main.TestCaseExecutor.processExecutionPhase(TestCaseExecutor.java:418)
	at com.kms.katalon.core.main.TestCaseExecutor.accessMainPhase(TestCaseExecutor.java:410)
	at com.kms.katalon.core.main.TestCaseExecutor.execute(TestCaseExecutor.java:285)
	at com.kms.katalon.core.common.CommonExecutor.accessTestCaseMainPhase(CommonExecutor.java:65)
	at com.kms.katalon.core.main.TestSuiteExecutor.accessTestSuiteMainPhase(TestSuiteExecutor.java:148)
	at com.kms.katalon.core.main.TestSuiteExecutor.execute(TestSuiteExecutor.java:106)
	at com.kms.katalon.core.main.TestCaseMain.startTestSuite(TestCaseMain.java:187)
	at com.kms.katalon.core.main.TestCaseMain$startTestSuite$0.call(Unknown Source)
	at TempTestSuite1696314682333.run(TempTestSuite1696314682333.groovy:36)
Caused by: com.kms.katalon.core.exception.StepFailedException: Text 'Please fill in the correct column.' is not present on page 
	at com.kms.katalon.core.webui.keyword.internal.WebUIKeywordMain.stepFailed(WebUIKeywordMain.groovy:64)
	at com.kms.katalon.core.webui.keyword.builtin.VerifyTextPresentKeyword$_verifyTextPresent_closure1.doCall(VerifyTextPresentKeyword.groovy:79)
	at com.kms.katalon.core.webui.keyword.builtin.VerifyTextPresentKeyword$_verifyTextPresent_closure1.call(VerifyTextPresentKeyword.groovy)
	at com.kms.katalon.core.webui.keyword.internal.WebUIKeywordMain.runKeyword(WebUIKeywordMain.groovy:20)
	... 19 more
"/>
         <system-out><![CDATA[2023-10-03 13:33:18 - [TEST_CASE][FAILED] - Test Cases/T05 Jadi Kurir/JK-005: Test Cases/T05 Jadi Kurir/JK-005 FAILED.
Reason:
com.kms.katalon.core.exception.StepFailedException: Unable to verify text 'Please fill in the correct column.' is present 
	at com.kms.katalon.core.webui.keyword.internal.WebUIKeywordMain.stepFailed(WebUIKeywordMain.groovy:64)
	at com.kms.katalon.core.webui.keyword.internal.WebUIKeywordMain.runKeyword(WebUIKeywordMain.groovy:26)
	at com.kms.katalon.core.webui.keyword.builtin.VerifyTextPresentKeyword.verifyTextPresent(VerifyTextPresentKeyword.groovy:83)
	at com.kms.katalon.core.webui.keyword.builtin.VerifyTextPresentKeyword.execute(VerifyTextPresentKeyword.groovy:68)
	at com.kms.katalon.core.keyword.internal.KeywordExecutor.executeKeywordForPlatform(KeywordExecutor.groovy:74)
	at com.kms.katalon.core.webui.keyword.WebUiBuiltInKeywords.verifyTextPresent(WebUiBuiltInKeywords.groovy:1723)
	at com.kms.katalon.core.webui.keyword.WebUiBuiltInKeywords$verifyTextPresent$11.call(Unknown Source)
	at JK-005.run(JK-005:42)
	at com.kms.katalon.core.main.ScriptEngine.run(ScriptEngine.java:194)
	at com.kms.katalon.core.main.ScriptEngine.runScriptAsRawText(ScriptEngine.java:119)
	at com.kms.katalon.core.main.TestCaseExecutor.runScript(TestCaseExecutor.java:448)
	at com.kms.katalon.core.main.TestCaseExecutor.doExecute(TestCaseExecutor.java:439)
	at com.kms.katalon.core.main.TestCaseExecutor.processExecutionPhase(TestCaseExecutor.java:418)
	at com.kms.katalon.core.main.TestCaseExecutor.accessMainPhase(TestCaseExecutor.java:410)
	at com.kms.katalon.core.main.TestCaseExecutor.execute(TestCaseExecutor.java:285)
	at com.kms.katalon.core.common.CommonExecutor.accessTestCaseMainPhase(CommonExecutor.java:65)
	at com.kms.katalon.core.main.TestSuiteExecutor.accessTestSuiteMainPhase(TestSuiteExecutor.java:148)
	at com.kms.katalon.core.main.TestSuiteExecutor.execute(TestSuiteExecutor.java:106)
	at com.kms.katalon.core.main.TestCaseMain.startTestSuite(TestCaseMain.java:187)
	at com.kms.katalon.core.main.TestCaseMain$startTestSuite$0.call(Unknown Source)
	at TempTestSuite1696314682333.run(TempTestSuite1696314682333.groovy:36)
Caused by: com.kms.katalon.core.exception.StepFailedException: Text 'Please fill in the correct column.' is not present on page 
	at com.kms.katalon.core.webui.keyword.internal.WebUIKeywordMain.stepFailed(WebUIKeywordMain.groovy:64)
	at com.kms.katalon.core.webui.keyword.builtin.VerifyTextPresentKeyword$_verifyTextPresent_closure1.doCall(VerifyTextPresentKeyword.groovy:79)
	at com.kms.katalon.core.webui.keyword.builtin.VerifyTextPresentKeyword$_verifyTextPresent_closure1.call(VerifyTextPresentKeyword.groovy)
	at com.kms.katalon.core.webui.keyword.internal.WebUIKeywordMain.runKeyword(WebUIKeywordMain.groovy:20)
	... 19 more


2023-10-03 13:33:18 - [TEST_STEP][PASSED] - callTestCase(findTestCase("T05 Jadi Kurir/JK-001"), [:], STOP_ON_FAILURE): Call Test Case 'Test Cases/T05 Jadi Kurir/JK-001' successfully

2023-10-03 13:33:18 - [TEST_CASE][PASSED] - Test Cases/T05 Jadi Kurir/JK-001: Test Cases/T05 Jadi Kurir/JK-001

2023-10-03 13:33:18 - [TEST_STEP][PASSED] - callTestCase(findTestCase("T05 Jadi Kurir/LU-001"), ["username":"irfanafandi", "password":"12345irfan"], STOP_ON_FAILURE): Call Test Case 'Test Cases/T05 Jadi Kurir/LU-001' successfully

2023-10-03 13:33:18 - [TEST_CASE][PASSED] - Test Cases/T05 Jadi Kurir/LU-001: Test Cases/T05 Jadi Kurir/LU-001

2023-10-03 13:33:18 - [TEST_STEP][PASSED] - openBrowser("https://10.9.2.63/ecommerce/"): Browser is opened with url: 'https://10.9.2.63/ecommerce/'

2023-10-03 13:33:18 - [MESSAGE][WARNING] - A browser is already opened. Closing browser and opening a new one

2023-10-03 13:33:20 - [MESSAGE][INFO] - Starting 'Firefox' driver

2023-10-03 13:33:20 - [MESSAGE][INFO] - User set preference: ['args', '[--disable-notifications]']

2023-10-03 13:33:20 - [MESSAGE][INFO] - Action delay is set to 0 milliseconds

2023-10-03 13:33:28 - [MESSAGE][PASSED] - Browser is opened with url: 'https://10.9.2.63/ecommerce/'

2023-10-03 13:33:28 - [TEST_STEP][PASSED] - maximizeWindow(): Current window maximized

2023-10-03 13:33:28 - [MESSAGE][PASSED] - Current window maximized

2023-10-03 13:33:28 - [TEST_STEP][PASSED] - verifyElementPresent(findTestObject("Login/Home"), 0): Object 'Object Repository/Login/Home' is present

2023-10-03 13:33:29 - [MESSAGE][WARNING] - Timeout '0' is invalid. Using default page load timeout: '30'

2023-10-03 13:33:29 - [MESSAGE][PASSED] - Object 'Object Repository/Login/Home' is present

2023-10-03 13:33:29 - [TEST_STEP][PASSED] - click(findTestObject("Login/a_Login")): Object: 'Object Repository/Login/a_Login' is clicked on

2023-10-03 13:33:30 - [MESSAGE][PASSED] - Object: 'Object Repository/Login/a_Login' is clicked on

2023-10-03 13:33:30 - [TEST_STEP][PASSED] - verifyElementPresent(findTestObject("Login/Tittle Login"), 0): Object 'Object Repository/Login/Tittle Login' is present

2023-10-03 13:33:30 - [MESSAGE][WARNING] - Timeout '0' is invalid. Using default page load timeout: '30'

2023-10-03 13:33:30 - [MESSAGE][PASSED] - Object 'Object Repository/Login/Tittle Login' is present

2023-10-03 13:33:30 - [TEST_STEP][PASSED] - setText(findTestObject("Login/input_Username, Email atau No. Handphone_a"), username): Text 'irfanafandi' is set on object 'Object Repository/Login/input_Username, Email atau No. Handphone_a'

2023-10-03 13:33:31 - [MESSAGE][PASSED] - Text 'irfanafandi' is set on object 'Object Repository/Login/input_Username, Email atau No. Handphone_a'

2023-10-03 13:33:31 - [TEST_STEP][PASSED] - setText(findTestObject("Login/input_Password_b"), password): Text '12345irfan' is set on object 'Object Repository/Login/input_Password_b'

2023-10-03 13:33:32 - [MESSAGE][PASSED] - Text '12345irfan' is set on object 'Object Repository/Login/input_Password_b'

2023-10-03 13:33:32 - [TEST_STEP][PASSED] - click(findTestObject("Login/label_Ingat saya")): Object: 'Object Repository/Login/label_Ingat saya' is clicked on

2023-10-03 13:33:33 - [MESSAGE][PASSED] - Object: 'Object Repository/Login/label_Ingat saya' is clicked on

2023-10-03 13:33:33 - [TEST_STEP][PASSED] - click(findTestObject("Login/button_Masuk")): Object: 'Object Repository/Login/button_Masuk' is clicked on

2023-10-03 13:33:34 - [MESSAGE][PASSED] - Object: 'Object Repository/Login/button_Masuk' is clicked on

2023-10-03 13:33:34 - [TEST_STEP][PASSED] - verifyElementPresent(findTestObject("Login/li_Profile"), 0): Object 'Object Repository/Login/li_Profile' is present

2023-10-03 13:33:34 - [MESSAGE][WARNING] - Timeout '0' is invalid. Using default page load timeout: '30'

2023-10-03 13:33:34 - [MESSAGE][PASSED] - Object 'Object Repository/Login/li_Profile' is present

2023-10-03 13:33:34 - [MESSAGE][PASSED] - Call Test Case 'Test Cases/T05 Jadi Kurir/LU-001' successfully

2023-10-03 13:33:34 - [TEST_STEP][PASSED] - click(findTestObject("Jadi kurir/a_Jadi Kurir")): Object: 'Object Repository/Jadi kurir/a_Jadi Kurir' is clicked on

2023-10-03 13:33:35 - [MESSAGE][PASSED] - Object: 'Object Repository/Jadi kurir/a_Jadi Kurir' is clicked on

2023-10-03 13:33:35 - [TEST_STEP][PASSED] - verifyElementPresent(findTestObject("Jadi kurir/li_Profile Kurir"), 0): Object 'Object Repository/Jadi kurir/li_Profile Kurir' is present

2023-10-03 13:33:35 - [MESSAGE][WARNING] - Timeout '0' is invalid. Using default page load timeout: '30'

2023-10-03 13:33:36 - [MESSAGE][PASSED] - Object 'Object Repository/Jadi kurir/li_Profile Kurir' is present

2023-10-03 13:33:36 - [MESSAGE][PASSED] - Call Test Case 'Test Cases/T05 Jadi Kurir/JK-001' successfully

2023-10-03 13:33:36 - [TEST_STEP][PASSED] - click(findTestObject("Jadi kurir/a_Daftar  Edit Data")): Object: 'Object Repository/Jadi kurir/a_Daftar  Edit Data' is clicked on

2023-10-03 13:33:37 - [MESSAGE][PASSED] - Object: 'Object Repository/Jadi kurir/a_Daftar  Edit Data' is clicked on

2023-10-03 13:33:37 - [TEST_STEP][PASSED] - verifyElementPresent(findTestObject("Jadi kurir/li_Profile Kurir"), 0): Object 'Object Repository/Jadi kurir/li_Profile Kurir' is present

2023-10-03 13:33:37 - [MESSAGE][WARNING] - Timeout '0' is invalid. Using default page load timeout: '30'

2023-10-03 13:33:38 - [MESSAGE][PASSED] - Object 'Object Repository/Jadi kurir/li_Profile Kurir' is present

2023-10-03 13:33:38 - [TEST_STEP][PASSED] - selectOptionByValue(findTestObject("Jadi kurir/select_- Pilih Kendaraan -Roda 2Roda 4"), Jenis, false): All options with value '2' are selected in object 'Object Repository/Jadi kurir/select_- Pilih Kendaraan -Roda 2Roda 4' 

2023-10-03 13:33:39 - [MESSAGE][PASSED] - All options with value '2' are selected in object 'Object Repository/Jadi kurir/select_- Pilih Kendaraan -Roda 2Roda 4' 

2023-10-03 13:33:39 - [TEST_STEP][PASSED] - setText(findTestObject("Jadi kurir/input_Merek Kendaraan"), Merek_Kendaraan): Text '@@' is set on object 'Object Repository/Jadi kurir/input_Merek Kendaraan'

2023-10-03 13:33:40 - [MESSAGE][PASSED] - Text '@@' is set on object 'Object Repository/Jadi kurir/input_Merek Kendaraan'

2023-10-03 13:33:40 - [TEST_STEP][PASSED] - setText(findTestObject("Jadi kurir/input_Plat Nomor"), Plat_Nomor): Text 'AB 1 S' is set on object 'Object Repository/Jadi kurir/input_Plat Nomor'

2023-10-03 13:33:40 - [MESSAGE][PASSED] - Text 'AB 1 S' is set on object 'Object Repository/Jadi kurir/input_Plat Nomor'

2023-10-03 13:33:40 - [TEST_STEP][PASSED] - setText(findTestObject("Jadi kurir/textarea_Keterangan"), Keterangan): Text 'mau daftar dong bang' is set on object 'Object Repository/Jadi kurir/textarea_Keterangan'

2023-10-03 13:33:41 - [MESSAGE][PASSED] - Text 'mau daftar dong bang' is set on object 'Object Repository/Jadi kurir/textarea_Keterangan'

2023-10-03 13:33:41 - [TEST_STEP][PASSED] - uploadFile(findTestObject("Jadi kurir/input_Choose files_uploadFile"), Berkas): File 'C:\Users\IRFAN\Downloads\Berkas2.pdf' sent to object: 'Object Repository/Jadi kurir/input_Choose files_uploadFile'

2023-10-03 13:33:42 - [MESSAGE][PASSED] - File 'C:\Users\IRFAN\Downloads\Berkas2.pdf' sent to object: 'Object Repository/Jadi kurir/input_Choose files_uploadFile'

2023-10-03 13:33:42 - [TEST_STEP][PASSED] - click(findTestObject("Jadi kurir/button_Simpan Perubahan")): Object: 'Object Repository/Jadi kurir/button_Simpan Perubahan' is clicked on

2023-10-03 13:33:45 - [MESSAGE][PASSED] - Object: 'Object Repository/Jadi kurir/button_Simpan Perubahan' is clicked on

2023-10-03 13:33:45 - [TEST_STEP][FAILED] - verifyTextPresent("Please fill in the correct column.", false): Unable to verify text 'Please fill in the correct column.' is present  (Root cause: com.kms.katalon.core.exception.StepFailedException: Unable to verify text 'Please fill in the correct column.' is present 
	at com.kms.katalon.core.webui.keyword.internal.WebUIKeywordMain.stepFailed(WebUIKeywordMain.groovy:64)
	at com.kms.katalon.core.webui.keyword.internal.WebUIKeywordMain.runKeyword(WebUIKeywordMain.groovy:26)
	at com.kms.katalon.core.webui.keyword.builtin.VerifyTextPresentKeyword.verifyTextPresent(VerifyTextPresentKeyword.groovy:83)
	at com.kms.katalon.core.webui.keyword.builtin.VerifyTextPresentKeyword.execute(VerifyTextPresentKeyword.groovy:68)
	at com.kms.katalon.core.keyword.internal.KeywordExecutor.executeKeywordForPlatform(KeywordExecutor.groovy:74)
	at com.kms.katalon.core.webui.keyword.WebUiBuiltInKeywords.verifyTextPresent(WebUiBuiltInKeywords.groovy:1723)
	at com.kms.katalon.core.webui.keyword.WebUiBuiltInKeywords$verifyTextPresent$11.call(Unknown Source)
	at JK-005.run(JK-005:42)
	at com.kms.katalon.core.main.ScriptEngine.run(ScriptEngine.java:194)
	at com.kms.katalon.core.main.ScriptEngine.runScriptAsRawText(ScriptEngine.java:119)
	at com.kms.katalon.core.main.TestCaseExecutor.runScript(TestCaseExecutor.java:448)
	at com.kms.katalon.core.main.TestCaseExecutor.doExecute(TestCaseExecutor.java:439)
	at com.kms.katalon.core.main.TestCaseExecutor.processExecutionPhase(TestCaseExecutor.java:418)
	at com.kms.katalon.core.main.TestCaseExecutor.accessMainPhase(TestCaseExecutor.java:410)
	at com.kms.katalon.core.main.TestCaseExecutor.execute(TestCaseExecutor.java:285)
	at com.kms.katalon.core.common.CommonExecutor.accessTestCaseMainPhase(CommonExecutor.java:65)
	at com.kms.katalon.core.main.TestSuiteExecutor.accessTestSuiteMainPhase(TestSuiteExecutor.java:148)
	at com.kms.katalon.core.main.TestSuiteExecutor.execute(TestSuiteExecutor.java:106)
	at com.kms.katalon.core.main.TestCaseMain.startTestSuite(TestCaseMain.java:187)
	at com.kms.katalon.core.main.TestCaseMain$startTestSuite$0.call(Unknown Source)
	at TempTestSuite1696314682333.run(TempTestSuite1696314682333.groovy:36)
Caused by: com.kms.katalon.core.exception.StepFailedException: Text 'Please fill in the correct column.' is not present on page 
	at com.kms.katalon.core.webui.keyword.internal.WebUIKeywordMain.stepFailed(WebUIKeywordMain.groovy:64)
	at com.kms.katalon.core.webui.keyword.builtin.VerifyTextPresentKeyword$_verifyTextPresent_closure1.doCall(VerifyTextPresentKeyword.groovy:79)
	at com.kms.katalon.core.webui.keyword.builtin.VerifyTextPresentKeyword$_verifyTextPresent_closure1.call(VerifyTextPresentKeyword.groovy)
	at com.kms.katalon.core.webui.keyword.internal.WebUIKeywordMain.runKeyword(WebUIKeywordMain.groovy:20)
	... 19 more
)

2023-10-03 13:33:46 - [MESSAGE][FAILED] - Text 'Please fill in the correct column.' is not present on page  (Root cause: com.kms.katalon.core.exception.StepFailedException: Text 'Please fill in the correct column.' is not present on page 
	at com.kms.katalon.core.webui.keyword.internal.WebUIKeywordMain.stepFailed(WebUIKeywordMain.groovy:64)
	at com.kms.katalon.core.webui.keyword.builtin.VerifyTextPresentKeyword$_verifyTextPresent_closure1.doCall(VerifyTextPresentKeyword.groovy:79)
	at com.kms.katalon.core.webui.keyword.builtin.VerifyTextPresentKeyword$_verifyTextPresent_closure1.call(VerifyTextPresentKeyword.groovy)
	at com.kms.katalon.core.webui.keyword.internal.WebUIKeywordMain.runKeyword(WebUIKeywordMain.groovy:20)
	at com.kms.katalon.core.webui.keyword.builtin.VerifyTextPresentKeyword.verifyTextPresent(VerifyTextPresentKeyword.groovy:83)
	at com.kms.katalon.core.webui.keyword.builtin.VerifyTextPresentKeyword.execute(VerifyTextPresentKeyword.groovy:68)
	at com.kms.katalon.core.keyword.internal.KeywordExecutor.executeKeywordForPlatform(KeywordExecutor.groovy:74)
	at com.kms.katalon.core.webui.keyword.WebUiBuiltInKeywords.verifyTextPresent(WebUiBuiltInKeywords.groovy:1723)
	at com.kms.katalon.core.webui.keyword.WebUiBuiltInKeywords$verifyTextPresent$11.call(Unknown Source)
	at JK-005.run(JK-005:42)
	at com.kms.katalon.core.main.ScriptEngine.run(ScriptEngine.java:194)
	at com.kms.katalon.core.main.ScriptEngine.runScriptAsRawText(ScriptEngine.java:119)
	at com.kms.katalon.core.main.TestCaseExecutor.runScript(TestCaseExecutor.java:448)
	at com.kms.katalon.core.main.TestCaseExecutor.doExecute(TestCaseExecutor.java:439)
	at com.kms.katalon.core.main.TestCaseExecutor.processExecutionPhase(TestCaseExecutor.java:418)
	at com.kms.katalon.core.main.TestCaseExecutor.accessMainPhase(TestCaseExecutor.java:410)
	at com.kms.katalon.core.main.TestCaseExecutor.execute(TestCaseExecutor.java:285)
	at com.kms.katalon.core.common.CommonExecutor.accessTestCaseMainPhase(CommonExecutor.java:65)
	at com.kms.katalon.core.main.TestSuiteExecutor.accessTestSuiteMainPhase(TestSuiteExecutor.java:148)
	at com.kms.katalon.core.main.TestSuiteExecutor.execute(TestSuiteExecutor.java:106)
	at com.kms.katalon.core.main.TestCaseMain.startTestSuite(TestCaseMain.java:187)
	at com.kms.katalon.core.main.TestCaseMain$startTestSuite$0.call(Unknown Source)
	at TempTestSuite1696314682333.run(TempTestSuite1696314682333.groovy:36)
)

2023-10-03 13:33:46 - [MESSAGE][FAILED] - Unable to verify text 'Please fill in the correct column.' is present  (Root cause: com.kms.katalon.core.exception.StepFailedException: Unable to verify text 'Please fill in the correct column.' is present 
	at com.kms.katalon.core.webui.keyword.internal.WebUIKeywordMain.stepFailed(WebUIKeywordMain.groovy:64)
	at com.kms.katalon.core.webui.keyword.internal.WebUIKeywordMain.runKeyword(WebUIKeywordMain.groovy:26)
	at com.kms.katalon.core.webui.keyword.builtin.VerifyTextPresentKeyword.verifyTextPresent(VerifyTextPresentKeyword.groovy:83)
	at com.kms.katalon.core.webui.keyword.builtin.VerifyTextPresentKeyword.execute(VerifyTextPresentKeyword.groovy:68)
	at com.kms.katalon.core.keyword.internal.KeywordExecutor.executeKeywordForPlatform(KeywordExecutor.groovy:74)
	at com.kms.katalon.core.webui.keyword.WebUiBuiltInKeywords.verifyTextPresent(WebUiBuiltInKeywords.groovy:1723)
	at com.kms.katalon.core.webui.keyword.WebUiBuiltInKeywords$verifyTextPresent$11.call(Unknown Source)
	at JK-005.run(JK-005:42)
	at com.kms.katalon.core.main.ScriptEngine.run(ScriptEngine.java:194)
	at com.kms.katalon.core.main.ScriptEngine.runScriptAsRawText(ScriptEngine.java:119)
	at com.kms.katalon.core.main.TestCaseExecutor.runScript(TestCaseExecutor.java:448)
	at com.kms.katalon.core.main.TestCaseExecutor.doExecute(TestCaseExecutor.java:439)
	at com.kms.katalon.core.main.TestCaseExecutor.processExecutionPhase(TestCaseExecutor.java:418)
	at com.kms.katalon.core.main.TestCaseExecutor.accessMainPhase(TestCaseExecutor.java:410)
	at com.kms.katalon.core.main.TestCaseExecutor.execute(TestCaseExecutor.java:285)
	at com.kms.katalon.core.common.CommonExecutor.accessTestCaseMainPhase(CommonExecutor.java:65)
	at com.kms.katalon.core.main.TestSuiteExecutor.accessTestSuiteMainPhase(TestSuiteExecutor.java:148)
	at com.kms.katalon.core.main.TestSuiteExecutor.execute(TestSuiteExecutor.java:106)
	at com.kms.katalon.core.main.TestCaseMain.startTestSuite(TestCaseMain.java:187)
	at com.kms.katalon.core.main.TestCaseMain$startTestSuite$0.call(Unknown Source)
	at TempTestSuite1696314682333.run(TempTestSuite1696314682333.groovy:36)
Caused by: com.kms.katalon.core.exception.StepFailedException: Text 'Please fill in the correct column.' is not present on page 
	at com.kms.katalon.core.webui.keyword.internal.WebUIKeywordMain.stepFailed(WebUIKeywordMain.groovy:64)
	at com.kms.katalon.core.webui.keyword.builtin.VerifyTextPresentKeyword$_verifyTextPresent_closure1.doCall(VerifyTextPresentKeyword.groovy:79)
	at com.kms.katalon.core.webui.keyword.builtin.VerifyTextPresentKeyword$_verifyTextPresent_closure1.call(VerifyTextPresentKeyword.groovy)
	at com.kms.katalon.core.webui.keyword.internal.WebUIKeywordMain.runKeyword(WebUIKeywordMain.groovy:20)
	... 19 more
)
[[ATTACHMENT|D:\\BOOTCAMP XSIS\\Projek 2 MINI PROJEK\\Reports\\20231003_133122\\jadi kurir\\T05 jadi kurir\\20231003_133122\\1696314826725.png]]]]></system-out>
         <system-err><![CDATA[2023-10-03 13:33:18 - [TEST_CASE][FAILED] - Test Cases/T05 Jadi Kurir/JK-005: Test Cases/T05 Jadi Kurir/JK-005 FAILED.
Reason:
com.kms.katalon.core.exception.StepFailedException: Unable to verify text 'Please fill in the correct column.' is present 
	at com.kms.katalon.core.webui.keyword.internal.WebUIKeywordMain.stepFailed(WebUIKeywordMain.groovy:64)
	at com.kms.katalon.core.webui.keyword.internal.WebUIKeywordMain.runKeyword(WebUIKeywordMain.groovy:26)
	at com.kms.katalon.core.webui.keyword.builtin.VerifyTextPresentKeyword.verifyTextPresent(VerifyTextPresentKeyword.groovy:83)
	at com.kms.katalon.core.webui.keyword.builtin.VerifyTextPresentKeyword.execute(VerifyTextPresentKeyword.groovy:68)
	at com.kms.katalon.core.keyword.internal.KeywordExecutor.executeKeywordForPlatform(KeywordExecutor.groovy:74)
	at com.kms.katalon.core.webui.keyword.WebUiBuiltInKeywords.verifyTextPresent(WebUiBuiltInKeywords.groovy:1723)
	at com.kms.katalon.core.webui.keyword.WebUiBuiltInKeywords$verifyTextPresent$11.call(Unknown Source)
	at JK-005.run(JK-005:42)
	at com.kms.katalon.core.main.ScriptEngine.run(ScriptEngine.java:194)
	at com.kms.katalon.core.main.ScriptEngine.runScriptAsRawText(ScriptEngine.java:119)
	at com.kms.katalon.core.main.TestCaseExecutor.runScript(TestCaseExecutor.java:448)
	at com.kms.katalon.core.main.TestCaseExecutor.doExecute(TestCaseExecutor.java:439)
	at com.kms.katalon.core.main.TestCaseExecutor.processExecutionPhase(TestCaseExecutor.java:418)
	at com.kms.katalon.core.main.TestCaseExecutor.accessMainPhase(TestCaseExecutor.java:410)
	at com.kms.katalon.core.main.TestCaseExecutor.execute(TestCaseExecutor.java:285)
	at com.kms.katalon.core.common.CommonExecutor.accessTestCaseMainPhase(CommonExecutor.java:65)
	at com.kms.katalon.core.main.TestSuiteExecutor.accessTestSuiteMainPhase(TestSuiteExecutor.java:148)
	at com.kms.katalon.core.main.TestSuiteExecutor.execute(TestSuiteExecutor.java:106)
	at com.kms.katalon.core.main.TestCaseMain.startTestSuite(TestCaseMain.java:187)
	at com.kms.katalon.core.main.TestCaseMain$startTestSuite$0.call(Unknown Source)
	at TempTestSuite1696314682333.run(TempTestSuite1696314682333.groovy:36)
Caused by: com.kms.katalon.core.exception.StepFailedException: Text 'Please fill in the correct column.' is not present on page 
	at com.kms.katalon.core.webui.keyword.internal.WebUIKeywordMain.stepFailed(WebUIKeywordMain.groovy:64)
	at com.kms.katalon.core.webui.keyword.builtin.VerifyTextPresentKeyword$_verifyTextPresent_closure1.doCall(VerifyTextPresentKeyword.groovy:79)
	at com.kms.katalon.core.webui.keyword.builtin.VerifyTextPresentKeyword$_verifyTextPresent_closure1.call(VerifyTextPresentKeyword.groovy)
	at com.kms.katalon.core.webui.keyword.internal.WebUIKeywordMain.runKeyword(WebUIKeywordMain.groovy:20)
	... 19 more]]></system-err>
      </testcase>
      <testcase name="Test Cases/T05 Jadi Kurir/JK-006" time="26.509" classname="Test Cases/T05 Jadi Kurir/JK-006" status="PASSED">
         <system-out><![CDATA[2023-10-03 13:33:46 - [TEST_CASE][PASSED] - Test Cases/T05 Jadi Kurir/JK-006: Test Cases/T05 Jadi Kurir/JK-006

2023-10-03 13:33:47 - [TEST_STEP][PASSED] - callTestCase(findTestCase("T05 Jadi Kurir/JK-001"), [:], STOP_ON_FAILURE): Call Test Case 'Test Cases/T05 Jadi Kurir/JK-001' successfully

2023-10-03 13:33:47 - [TEST_CASE][PASSED] - Test Cases/T05 Jadi Kurir/JK-001: Test Cases/T05 Jadi Kurir/JK-001

2023-10-03 13:33:47 - [TEST_STEP][PASSED] - callTestCase(findTestCase("T05 Jadi Kurir/LU-001"), ["username":"irfanafandi", "password":"12345irfan"], STOP_ON_FAILURE): Call Test Case 'Test Cases/T05 Jadi Kurir/LU-001' successfully

2023-10-03 13:33:47 - [TEST_CASE][PASSED] - Test Cases/T05 Jadi Kurir/LU-001: Test Cases/T05 Jadi Kurir/LU-001

2023-10-03 13:33:47 - [TEST_STEP][PASSED] - openBrowser("https://10.9.2.63/ecommerce/"): Browser is opened with url: 'https://10.9.2.63/ecommerce/'

2023-10-03 13:33:47 - [MESSAGE][WARNING] - A browser is already opened. Closing browser and opening a new one

2023-10-03 13:33:48 - [MESSAGE][INFO] - Starting 'Firefox' driver

2023-10-03 13:33:48 - [MESSAGE][INFO] - User set preference: ['args', '[--disable-notifications]']

2023-10-03 13:33:48 - [MESSAGE][INFO] - Action delay is set to 0 milliseconds

2023-10-03 13:33:57 - [MESSAGE][PASSED] - Browser is opened with url: 'https://10.9.2.63/ecommerce/'

2023-10-03 13:33:57 - [TEST_STEP][PASSED] - maximizeWindow(): Current window maximized

2023-10-03 13:33:57 - [MESSAGE][PASSED] - Current window maximized

2023-10-03 13:33:57 - [TEST_STEP][PASSED] - verifyElementPresent(findTestObject("Login/Home"), 0): Object 'Object Repository/Login/Home' is present

2023-10-03 13:33:57 - [MESSAGE][WARNING] - Timeout '0' is invalid. Using default page load timeout: '30'

2023-10-03 13:33:57 - [MESSAGE][PASSED] - Object 'Object Repository/Login/Home' is present

2023-10-03 13:33:57 - [TEST_STEP][PASSED] - click(findTestObject("Login/a_Login")): Object: 'Object Repository/Login/a_Login' is clicked on

2023-10-03 13:33:58 - [MESSAGE][PASSED] - Object: 'Object Repository/Login/a_Login' is clicked on

2023-10-03 13:33:58 - [TEST_STEP][PASSED] - verifyElementPresent(findTestObject("Login/Tittle Login"), 0): Object 'Object Repository/Login/Tittle Login' is present

2023-10-03 13:33:58 - [MESSAGE][WARNING] - Timeout '0' is invalid. Using default page load timeout: '30'

2023-10-03 13:33:58 - [MESSAGE][PASSED] - Object 'Object Repository/Login/Tittle Login' is present

2023-10-03 13:33:58 - [TEST_STEP][PASSED] - setText(findTestObject("Login/input_Username, Email atau No. Handphone_a"), username): Text 'irfanafandi' is set on object 'Object Repository/Login/input_Username, Email atau No. Handphone_a'

2023-10-03 13:33:59 - [MESSAGE][PASSED] - Text 'irfanafandi' is set on object 'Object Repository/Login/input_Username, Email atau No. Handphone_a'

2023-10-03 13:33:59 - [TEST_STEP][PASSED] - setText(findTestObject("Login/input_Password_b"), password): Text '12345irfan' is set on object 'Object Repository/Login/input_Password_b'

2023-10-03 13:34:00 - [MESSAGE][PASSED] - Text '12345irfan' is set on object 'Object Repository/Login/input_Password_b'

2023-10-03 13:34:00 - [TEST_STEP][PASSED] - click(findTestObject("Login/label_Ingat saya")): Object: 'Object Repository/Login/label_Ingat saya' is clicked on

2023-10-03 13:34:01 - [MESSAGE][PASSED] - Object: 'Object Repository/Login/label_Ingat saya' is clicked on

2023-10-03 13:34:01 - [TEST_STEP][PASSED] - click(findTestObject("Login/button_Masuk")): Object: 'Object Repository/Login/button_Masuk' is clicked on

2023-10-03 13:34:02 - [MESSAGE][PASSED] - Object: 'Object Repository/Login/button_Masuk' is clicked on

2023-10-03 13:34:02 - [TEST_STEP][PASSED] - verifyElementPresent(findTestObject("Login/li_Profile"), 0): Object 'Object Repository/Login/li_Profile' is present

2023-10-03 13:34:02 - [MESSAGE][WARNING] - Timeout '0' is invalid. Using default page load timeout: '30'

2023-10-03 13:34:03 - [MESSAGE][PASSED] - Object 'Object Repository/Login/li_Profile' is present

2023-10-03 13:34:03 - [MESSAGE][PASSED] - Call Test Case 'Test Cases/T05 Jadi Kurir/LU-001' successfully

2023-10-03 13:34:03 - [TEST_STEP][PASSED] - click(findTestObject("Jadi kurir/a_Jadi Kurir")): Object: 'Object Repository/Jadi kurir/a_Jadi Kurir' is clicked on

2023-10-03 13:34:04 - [MESSAGE][PASSED] - Object: 'Object Repository/Jadi kurir/a_Jadi Kurir' is clicked on

2023-10-03 13:34:04 - [TEST_STEP][PASSED] - verifyElementPresent(findTestObject("Jadi kurir/li_Profile Kurir"), 0): Object 'Object Repository/Jadi kurir/li_Profile Kurir' is present

2023-10-03 13:34:04 - [MESSAGE][WARNING] - Timeout '0' is invalid. Using default page load timeout: '30'

2023-10-03 13:34:05 - [MESSAGE][PASSED] - Object 'Object Repository/Jadi kurir/li_Profile Kurir' is present

2023-10-03 13:34:05 - [MESSAGE][PASSED] - Call Test Case 'Test Cases/T05 Jadi Kurir/JK-001' successfully

2023-10-03 13:34:05 - [TEST_STEP][PASSED] - click(findTestObject("Jadi kurir/a_Daftar  Edit Data")): Object: 'Object Repository/Jadi kurir/a_Daftar  Edit Data' is clicked on

2023-10-03 13:34:06 - [MESSAGE][PASSED] - Object: 'Object Repository/Jadi kurir/a_Daftar  Edit Data' is clicked on

2023-10-03 13:34:06 - [TEST_STEP][PASSED] - verifyElementPresent(findTestObject("Jadi kurir/li_Profile Kurir"), 0): Object 'Object Repository/Jadi kurir/li_Profile Kurir' is present

2023-10-03 13:34:06 - [MESSAGE][WARNING] - Timeout '0' is invalid. Using default page load timeout: '30'

2023-10-03 13:34:07 - [MESSAGE][PASSED] - Object 'Object Repository/Jadi kurir/li_Profile Kurir' is present

2023-10-03 13:34:07 - [TEST_STEP][PASSED] - selectOptionByValue(findTestObject("Jadi kurir/select_- Pilih Kendaraan -Roda 2Roda 4"), Jenis, false): All options with value '2' are selected in object 'Object Repository/Jadi kurir/select_- Pilih Kendaraan -Roda 2Roda 4' 

2023-10-03 13:34:08 - [MESSAGE][PASSED] - All options with value '2' are selected in object 'Object Repository/Jadi kurir/select_- Pilih Kendaraan -Roda 2Roda 4' 

2023-10-03 13:34:08 - [TEST_STEP][PASSED] - setText(findTestObject("Jadi kurir/input_Merek Kendaraan"), Merek_Kendaraan): Text 'toyota supra' is set on object 'Object Repository/Jadi kurir/input_Merek Kendaraan'

2023-10-03 13:34:08 - [MESSAGE][PASSED] - Text 'toyota supra' is set on object 'Object Repository/Jadi kurir/input_Merek Kendaraan'

2023-10-03 13:34:08 - [TEST_STEP][PASSED] - clearText(findTestObject("Jadi kurir/input_Plat Nomor"), STOP_ON_FAILURE): Text of object 'Object Repository/Jadi kurir/input_Plat Nomor' is cleared

2023-10-03 13:34:09 - [MESSAGE][PASSED] - Text of object 'Object Repository/Jadi kurir/input_Plat Nomor' is cleared

2023-10-03 13:34:09 - [TEST_STEP][PASSED] - setText(findTestObject("Jadi kurir/textarea_Keterangan"), Keterangan): Text 'mau daftar dong bang' is set on object 'Object Repository/Jadi kurir/textarea_Keterangan'

2023-10-03 13:34:09 - [MESSAGE][PASSED] - Text 'mau daftar dong bang' is set on object 'Object Repository/Jadi kurir/textarea_Keterangan'

2023-10-03 13:34:09 - [TEST_STEP][PASSED] - uploadFile(findTestObject("Jadi kurir/input_Choose files_uploadFile"), Berkas): File 'C:\Users\IRFAN\Downloads\Berkas2.pdf' sent to object: 'Object Repository/Jadi kurir/input_Choose files_uploadFile'

2023-10-03 13:34:10 - [MESSAGE][PASSED] - File 'C:\Users\IRFAN\Downloads\Berkas2.pdf' sent to object: 'Object Repository/Jadi kurir/input_Choose files_uploadFile'

2023-10-03 13:34:10 - [TEST_STEP][PASSED] - click(findTestObject("Jadi kurir/button_Simpan Perubahan")): Object: 'Object Repository/Jadi kurir/button_Simpan Perubahan' is clicked on

2023-10-03 13:34:13 - [MESSAGE][PASSED] - Object: 'Object Repository/Jadi kurir/button_Simpan Perubahan' is clicked on

2023-10-03 13:34:13 - [TEST_STEP][PASSED] - webDriver = getWebDriver(): null

2023-10-03 13:34:13 - [TEST_STEP][PASSED] - Plat = webDriver.findElement(By.xpath("//input[@name="plat_nomor"]")): null

2023-10-03 13:34:13 - [TEST_STEP][PASSED] - error_message = webDriver.executeScript("return arguments[0].validationMessage", Plat): null

2023-10-03 13:34:13 - [TEST_STEP][PASSED] - println(error_message): null

2023-10-03 13:34:13 - [TEST_STEP][PASSED] - assert error_message == "Please fill out this field.": null]]></system-out>
         <system-err><![CDATA[]]></system-err>
      </testcase>
      <testcase name="Test Cases/T05 Jadi Kurir/JK-007" time="29.447" classname="Test Cases/T05 Jadi Kurir/JK-007" status="FAILED">
         <failure type="FAILED" message="Test Cases/T05 Jadi Kurir/JK-007 FAILED.
Reason:
com.kms.katalon.core.exception.StepFailedException: Unable to verify text 'Please fill in the correct column.' is present 
	at com.kms.katalon.core.webui.keyword.internal.WebUIKeywordMain.stepFailed(WebUIKeywordMain.groovy:64)
	at com.kms.katalon.core.webui.keyword.internal.WebUIKeywordMain.runKeyword(WebUIKeywordMain.groovy:26)
	at com.kms.katalon.core.webui.keyword.builtin.VerifyTextPresentKeyword.verifyTextPresent(VerifyTextPresentKeyword.groovy:83)
	at com.kms.katalon.core.webui.keyword.builtin.VerifyTextPresentKeyword.execute(VerifyTextPresentKeyword.groovy:68)
	at com.kms.katalon.core.keyword.internal.KeywordExecutor.executeKeywordForPlatform(KeywordExecutor.groovy:74)
	at com.kms.katalon.core.webui.keyword.WebUiBuiltInKeywords.verifyTextPresent(WebUiBuiltInKeywords.groovy:1723)
	at com.kms.katalon.core.webui.keyword.WebUiBuiltInKeywords$verifyTextPresent$11.call(Unknown Source)
	at JK-007.run(JK-007:42)
	at com.kms.katalon.core.main.ScriptEngine.run(ScriptEngine.java:194)
	at com.kms.katalon.core.main.ScriptEngine.runScriptAsRawText(ScriptEngine.java:119)
	at com.kms.katalon.core.main.TestCaseExecutor.runScript(TestCaseExecutor.java:448)
	at com.kms.katalon.core.main.TestCaseExecutor.doExecute(TestCaseExecutor.java:439)
	at com.kms.katalon.core.main.TestCaseExecutor.processExecutionPhase(TestCaseExecutor.java:418)
	at com.kms.katalon.core.main.TestCaseExecutor.accessMainPhase(TestCaseExecutor.java:410)
	at com.kms.katalon.core.main.TestCaseExecutor.execute(TestCaseExecutor.java:285)
	at com.kms.katalon.core.common.CommonExecutor.accessTestCaseMainPhase(CommonExecutor.java:65)
	at com.kms.katalon.core.main.TestSuiteExecutor.accessTestSuiteMainPhase(TestSuiteExecutor.java:148)
	at com.kms.katalon.core.main.TestSuiteExecutor.execute(TestSuiteExecutor.java:106)
	at com.kms.katalon.core.main.TestCaseMain.startTestSuite(TestCaseMain.java:187)
	at com.kms.katalon.core.main.TestCaseMain$startTestSuite$0.call(Unknown Source)
	at TempTestSuite1696314682333.run(TempTestSuite1696314682333.groovy:36)
Caused by: com.kms.katalon.core.exception.StepFailedException: Text 'Please fill in the correct column.' is not present on page 
	at com.kms.katalon.core.webui.keyword.internal.WebUIKeywordMain.stepFailed(WebUIKeywordMain.groovy:64)
	at com.kms.katalon.core.webui.keyword.builtin.VerifyTextPresentKeyword$_verifyTextPresent_closure1.doCall(VerifyTextPresentKeyword.groovy:79)
	at com.kms.katalon.core.webui.keyword.builtin.VerifyTextPresentKeyword$_verifyTextPresent_closure1.call(VerifyTextPresentKeyword.groovy)
	at com.kms.katalon.core.webui.keyword.internal.WebUIKeywordMain.runKeyword(WebUIKeywordMain.groovy:20)
	... 19 more
"/>
         <system-out><![CDATA[2023-10-03 13:34:13 - [TEST_CASE][FAILED] - Test Cases/T05 Jadi Kurir/JK-007: Test Cases/T05 Jadi Kurir/JK-007 FAILED.
Reason:
com.kms.katalon.core.exception.StepFailedException: Unable to verify text 'Please fill in the correct column.' is present 
	at com.kms.katalon.core.webui.keyword.internal.WebUIKeywordMain.stepFailed(WebUIKeywordMain.groovy:64)
	at com.kms.katalon.core.webui.keyword.internal.WebUIKeywordMain.runKeyword(WebUIKeywordMain.groovy:26)
	at com.kms.katalon.core.webui.keyword.builtin.VerifyTextPresentKeyword.verifyTextPresent(VerifyTextPresentKeyword.groovy:83)
	at com.kms.katalon.core.webui.keyword.builtin.VerifyTextPresentKeyword.execute(VerifyTextPresentKeyword.groovy:68)
	at com.kms.katalon.core.keyword.internal.KeywordExecutor.executeKeywordForPlatform(KeywordExecutor.groovy:74)
	at com.kms.katalon.core.webui.keyword.WebUiBuiltInKeywords.verifyTextPresent(WebUiBuiltInKeywords.groovy:1723)
	at com.kms.katalon.core.webui.keyword.WebUiBuiltInKeywords$verifyTextPresent$11.call(Unknown Source)
	at JK-007.run(JK-007:42)
	at com.kms.katalon.core.main.ScriptEngine.run(ScriptEngine.java:194)
	at com.kms.katalon.core.main.ScriptEngine.runScriptAsRawText(ScriptEngine.java:119)
	at com.kms.katalon.core.main.TestCaseExecutor.runScript(TestCaseExecutor.java:448)
	at com.kms.katalon.core.main.TestCaseExecutor.doExecute(TestCaseExecutor.java:439)
	at com.kms.katalon.core.main.TestCaseExecutor.processExecutionPhase(TestCaseExecutor.java:418)
	at com.kms.katalon.core.main.TestCaseExecutor.accessMainPhase(TestCaseExecutor.java:410)
	at com.kms.katalon.core.main.TestCaseExecutor.execute(TestCaseExecutor.java:285)
	at com.kms.katalon.core.common.CommonExecutor.accessTestCaseMainPhase(CommonExecutor.java:65)
	at com.kms.katalon.core.main.TestSuiteExecutor.accessTestSuiteMainPhase(TestSuiteExecutor.java:148)
	at com.kms.katalon.core.main.TestSuiteExecutor.execute(TestSuiteExecutor.java:106)
	at com.kms.katalon.core.main.TestCaseMain.startTestSuite(TestCaseMain.java:187)
	at com.kms.katalon.core.main.TestCaseMain$startTestSuite$0.call(Unknown Source)
	at TempTestSuite1696314682333.run(TempTestSuite1696314682333.groovy:36)
Caused by: com.kms.katalon.core.exception.StepFailedException: Text 'Please fill in the correct column.' is not present on page 
	at com.kms.katalon.core.webui.keyword.internal.WebUIKeywordMain.stepFailed(WebUIKeywordMain.groovy:64)
	at com.kms.katalon.core.webui.keyword.builtin.VerifyTextPresentKeyword$_verifyTextPresent_closure1.doCall(VerifyTextPresentKeyword.groovy:79)
	at com.kms.katalon.core.webui.keyword.builtin.VerifyTextPresentKeyword$_verifyTextPresent_closure1.call(VerifyTextPresentKeyword.groovy)
	at com.kms.katalon.core.webui.keyword.internal.WebUIKeywordMain.runKeyword(WebUIKeywordMain.groovy:20)
	... 19 more


2023-10-03 13:34:13 - [TEST_STEP][PASSED] - callTestCase(findTestCase("T05 Jadi Kurir/JK-001"), [:], STOP_ON_FAILURE): Call Test Case 'Test Cases/T05 Jadi Kurir/JK-001' successfully

2023-10-03 13:34:14 - [TEST_CASE][PASSED] - Test Cases/T05 Jadi Kurir/JK-001: Test Cases/T05 Jadi Kurir/JK-001

2023-10-03 13:34:14 - [TEST_STEP][PASSED] - callTestCase(findTestCase("T05 Jadi Kurir/LU-001"), ["username":"irfanafandi", "password":"12345irfan"], STOP_ON_FAILURE): Call Test Case 'Test Cases/T05 Jadi Kurir/LU-001' successfully

2023-10-03 13:34:14 - [TEST_CASE][PASSED] - Test Cases/T05 Jadi Kurir/LU-001: Test Cases/T05 Jadi Kurir/LU-001

2023-10-03 13:34:14 - [TEST_STEP][PASSED] - openBrowser("https://10.9.2.63/ecommerce/"): Browser is opened with url: 'https://10.9.2.63/ecommerce/'

2023-10-03 13:34:14 - [MESSAGE][WARNING] - A browser is already opened. Closing browser and opening a new one

2023-10-03 13:34:15 - [MESSAGE][INFO] - Starting 'Firefox' driver

2023-10-03 13:34:15 - [MESSAGE][INFO] - User set preference: ['args', '[--disable-notifications]']

2023-10-03 13:34:15 - [MESSAGE][INFO] - Action delay is set to 0 milliseconds

2023-10-03 13:34:24 - [MESSAGE][PASSED] - Browser is opened with url: 'https://10.9.2.63/ecommerce/'

2023-10-03 13:34:24 - [TEST_STEP][PASSED] - maximizeWindow(): Current window maximized

2023-10-03 13:34:25 - [MESSAGE][PASSED] - Current window maximized

2023-10-03 13:34:25 - [TEST_STEP][PASSED] - verifyElementPresent(findTestObject("Login/Home"), 0): Object 'Object Repository/Login/Home' is present

2023-10-03 13:34:25 - [MESSAGE][WARNING] - Timeout '0' is invalid. Using default page load timeout: '30'

2023-10-03 13:34:25 - [MESSAGE][PASSED] - Object 'Object Repository/Login/Home' is present

2023-10-03 13:34:25 - [TEST_STEP][PASSED] - click(findTestObject("Login/a_Login")): Object: 'Object Repository/Login/a_Login' is clicked on

2023-10-03 13:34:26 - [MESSAGE][PASSED] - Object: 'Object Repository/Login/a_Login' is clicked on

2023-10-03 13:34:26 - [TEST_STEP][PASSED] - verifyElementPresent(findTestObject("Login/Tittle Login"), 0): Object 'Object Repository/Login/Tittle Login' is present

2023-10-03 13:34:26 - [MESSAGE][WARNING] - Timeout '0' is invalid. Using default page load timeout: '30'

2023-10-03 13:34:26 - [MESSAGE][PASSED] - Object 'Object Repository/Login/Tittle Login' is present

2023-10-03 13:34:26 - [TEST_STEP][PASSED] - setText(findTestObject("Login/input_Username, Email atau No. Handphone_a"), username): Text 'irfanafandi' is set on object 'Object Repository/Login/input_Username, Email atau No. Handphone_a'

2023-10-03 13:34:28 - [MESSAGE][PASSED] - Text 'irfanafandi' is set on object 'Object Repository/Login/input_Username, Email atau No. Handphone_a'

2023-10-03 13:34:28 - [TEST_STEP][PASSED] - setText(findTestObject("Login/input_Password_b"), password): Text '12345irfan' is set on object 'Object Repository/Login/input_Password_b'

2023-10-03 13:34:28 - [MESSAGE][PASSED] - Text '12345irfan' is set on object 'Object Repository/Login/input_Password_b'

2023-10-03 13:34:28 - [TEST_STEP][PASSED] - click(findTestObject("Login/label_Ingat saya")): Object: 'Object Repository/Login/label_Ingat saya' is clicked on

2023-10-03 13:34:29 - [MESSAGE][PASSED] - Object: 'Object Repository/Login/label_Ingat saya' is clicked on

2023-10-03 13:34:29 - [TEST_STEP][PASSED] - click(findTestObject("Login/button_Masuk")): Object: 'Object Repository/Login/button_Masuk' is clicked on

2023-10-03 13:34:30 - [MESSAGE][PASSED] - Object: 'Object Repository/Login/button_Masuk' is clicked on

2023-10-03 13:34:30 - [TEST_STEP][PASSED] - verifyElementPresent(findTestObject("Login/li_Profile"), 0): Object 'Object Repository/Login/li_Profile' is present

2023-10-03 13:34:30 - [MESSAGE][WARNING] - Timeout '0' is invalid. Using default page load timeout: '30'

2023-10-03 13:34:31 - [MESSAGE][PASSED] - Object 'Object Repository/Login/li_Profile' is present

2023-10-03 13:34:31 - [MESSAGE][PASSED] - Call Test Case 'Test Cases/T05 Jadi Kurir/LU-001' successfully

2023-10-03 13:34:31 - [TEST_STEP][PASSED] - click(findTestObject("Jadi kurir/a_Jadi Kurir")): Object: 'Object Repository/Jadi kurir/a_Jadi Kurir' is clicked on

2023-10-03 13:34:32 - [MESSAGE][PASSED] - Object: 'Object Repository/Jadi kurir/a_Jadi Kurir' is clicked on

2023-10-03 13:34:32 - [TEST_STEP][PASSED] - verifyElementPresent(findTestObject("Jadi kurir/li_Profile Kurir"), 0): Object 'Object Repository/Jadi kurir/li_Profile Kurir' is present

2023-10-03 13:34:32 - [MESSAGE][WARNING] - Timeout '0' is invalid. Using default page load timeout: '30'

2023-10-03 13:34:33 - [MESSAGE][PASSED] - Object 'Object Repository/Jadi kurir/li_Profile Kurir' is present

2023-10-03 13:34:33 - [MESSAGE][PASSED] - Call Test Case 'Test Cases/T05 Jadi Kurir/JK-001' successfully

2023-10-03 13:34:33 - [TEST_STEP][PASSED] - click(findTestObject("Jadi kurir/a_Daftar  Edit Data")): Object: 'Object Repository/Jadi kurir/a_Daftar  Edit Data' is clicked on

2023-10-03 13:34:34 - [MESSAGE][PASSED] - Object: 'Object Repository/Jadi kurir/a_Daftar  Edit Data' is clicked on

2023-10-03 13:34:34 - [TEST_STEP][PASSED] - verifyElementPresent(findTestObject("Jadi kurir/li_Profile Kurir"), 0): Object 'Object Repository/Jadi kurir/li_Profile Kurir' is present

2023-10-03 13:34:34 - [MESSAGE][WARNING] - Timeout '0' is invalid. Using default page load timeout: '30'

2023-10-03 13:34:34 - [MESSAGE][PASSED] - Object 'Object Repository/Jadi kurir/li_Profile Kurir' is present

2023-10-03 13:34:34 - [TEST_STEP][PASSED] - selectOptionByValue(findTestObject("Jadi kurir/select_- Pilih Kendaraan -Roda 2Roda 4"), Jenis, false): All options with value '2' are selected in object 'Object Repository/Jadi kurir/select_- Pilih Kendaraan -Roda 2Roda 4' 

2023-10-03 13:34:35 - [MESSAGE][PASSED] - All options with value '2' are selected in object 'Object Repository/Jadi kurir/select_- Pilih Kendaraan -Roda 2Roda 4' 

2023-10-03 13:34:35 - [TEST_STEP][PASSED] - setText(findTestObject("Jadi kurir/input_Merek Kendaraan"), Merek_Kendaraan): Text 'toyota supra' is set on object 'Object Repository/Jadi kurir/input_Merek Kendaraan'

2023-10-03 13:34:36 - [MESSAGE][PASSED] - Text 'toyota supra' is set on object 'Object Repository/Jadi kurir/input_Merek Kendaraan'

2023-10-03 13:34:36 - [TEST_STEP][PASSED] - setText(findTestObject("Jadi kurir/input_Plat Nomor"), Plat_Nomor): Text '@@' is set on object 'Object Repository/Jadi kurir/input_Plat Nomor'

2023-10-03 13:34:36 - [MESSAGE][PASSED] - Text '@@' is set on object 'Object Repository/Jadi kurir/input_Plat Nomor'

2023-10-03 13:34:36 - [TEST_STEP][PASSED] - setText(findTestObject("Jadi kurir/textarea_Keterangan"), Keterangan): Text 'mau daftar dong bang' is set on object 'Object Repository/Jadi kurir/textarea_Keterangan'

2023-10-03 13:34:37 - [MESSAGE][PASSED] - Text 'mau daftar dong bang' is set on object 'Object Repository/Jadi kurir/textarea_Keterangan'

2023-10-03 13:34:37 - [TEST_STEP][PASSED] - uploadFile(findTestObject("Jadi kurir/input_Choose files_uploadFile"), Berkas): File 'C:\Users\IRFAN\Downloads\Berkas2.pdf' sent to object: 'Object Repository/Jadi kurir/input_Choose files_uploadFile'

2023-10-03 13:34:38 - [MESSAGE][PASSED] - File 'C:\Users\IRFAN\Downloads\Berkas2.pdf' sent to object: 'Object Repository/Jadi kurir/input_Choose files_uploadFile'

2023-10-03 13:34:38 - [TEST_STEP][PASSED] - click(findTestObject("Jadi kurir/button_Simpan Perubahan")): Object: 'Object Repository/Jadi kurir/button_Simpan Perubahan' is clicked on

2023-10-03 13:34:41 - [MESSAGE][PASSED] - Object: 'Object Repository/Jadi kurir/button_Simpan Perubahan' is clicked on

2023-10-03 13:34:41 - [TEST_STEP][FAILED] - verifyTextPresent("Please fill in the correct column.", false): Unable to verify text 'Please fill in the correct column.' is present  (Root cause: com.kms.katalon.core.exception.StepFailedException: Unable to verify text 'Please fill in the correct column.' is present 
	at com.kms.katalon.core.webui.keyword.internal.WebUIKeywordMain.stepFailed(WebUIKeywordMain.groovy:64)
	at com.kms.katalon.core.webui.keyword.internal.WebUIKeywordMain.runKeyword(WebUIKeywordMain.groovy:26)
	at com.kms.katalon.core.webui.keyword.builtin.VerifyTextPresentKeyword.verifyTextPresent(VerifyTextPresentKeyword.groovy:83)
	at com.kms.katalon.core.webui.keyword.builtin.VerifyTextPresentKeyword.execute(VerifyTextPresentKeyword.groovy:68)
	at com.kms.katalon.core.keyword.internal.KeywordExecutor.executeKeywordForPlatform(KeywordExecutor.groovy:74)
	at com.kms.katalon.core.webui.keyword.WebUiBuiltInKeywords.verifyTextPresent(WebUiBuiltInKeywords.groovy:1723)
	at com.kms.katalon.core.webui.keyword.WebUiBuiltInKeywords$verifyTextPresent$11.call(Unknown Source)
	at JK-007.run(JK-007:42)
	at com.kms.katalon.core.main.ScriptEngine.run(ScriptEngine.java:194)
	at com.kms.katalon.core.main.ScriptEngine.runScriptAsRawText(ScriptEngine.java:119)
	at com.kms.katalon.core.main.TestCaseExecutor.runScript(TestCaseExecutor.java:448)
	at com.kms.katalon.core.main.TestCaseExecutor.doExecute(TestCaseExecutor.java:439)
	at com.kms.katalon.core.main.TestCaseExecutor.processExecutionPhase(TestCaseExecutor.java:418)
	at com.kms.katalon.core.main.TestCaseExecutor.accessMainPhase(TestCaseExecutor.java:410)
	at com.kms.katalon.core.main.TestCaseExecutor.execute(TestCaseExecutor.java:285)
	at com.kms.katalon.core.common.CommonExecutor.accessTestCaseMainPhase(CommonExecutor.java:65)
	at com.kms.katalon.core.main.TestSuiteExecutor.accessTestSuiteMainPhase(TestSuiteExecutor.java:148)
	at com.kms.katalon.core.main.TestSuiteExecutor.execute(TestSuiteExecutor.java:106)
	at com.kms.katalon.core.main.TestCaseMain.startTestSuite(TestCaseMain.java:187)
	at com.kms.katalon.core.main.TestCaseMain$startTestSuite$0.call(Unknown Source)
	at TempTestSuite1696314682333.run(TempTestSuite1696314682333.groovy:36)
Caused by: com.kms.katalon.core.exception.StepFailedException: Text 'Please fill in the correct column.' is not present on page 
	at com.kms.katalon.core.webui.keyword.internal.WebUIKeywordMain.stepFailed(WebUIKeywordMain.groovy:64)
	at com.kms.katalon.core.webui.keyword.builtin.VerifyTextPresentKeyword$_verifyTextPresent_closure1.doCall(VerifyTextPresentKeyword.groovy:79)
	at com.kms.katalon.core.webui.keyword.builtin.VerifyTextPresentKeyword$_verifyTextPresent_closure1.call(VerifyTextPresentKeyword.groovy)
	at com.kms.katalon.core.webui.keyword.internal.WebUIKeywordMain.runKeyword(WebUIKeywordMain.groovy:20)
	... 19 more
)

2023-10-03 13:34:42 - [MESSAGE][FAILED] - Text 'Please fill in the correct column.' is not present on page  (Root cause: com.kms.katalon.core.exception.StepFailedException: Text 'Please fill in the correct column.' is not present on page 
	at com.kms.katalon.core.webui.keyword.internal.WebUIKeywordMain.stepFailed(WebUIKeywordMain.groovy:64)
	at com.kms.katalon.core.webui.keyword.builtin.VerifyTextPresentKeyword$_verifyTextPresent_closure1.doCall(VerifyTextPresentKeyword.groovy:79)
	at com.kms.katalon.core.webui.keyword.builtin.VerifyTextPresentKeyword$_verifyTextPresent_closure1.call(VerifyTextPresentKeyword.groovy)
	at com.kms.katalon.core.webui.keyword.internal.WebUIKeywordMain.runKeyword(WebUIKeywordMain.groovy:20)
	at com.kms.katalon.core.webui.keyword.builtin.VerifyTextPresentKeyword.verifyTextPresent(VerifyTextPresentKeyword.groovy:83)
	at com.kms.katalon.core.webui.keyword.builtin.VerifyTextPresentKeyword.execute(VerifyTextPresentKeyword.groovy:68)
	at com.kms.katalon.core.keyword.internal.KeywordExecutor.executeKeywordForPlatform(KeywordExecutor.groovy:74)
	at com.kms.katalon.core.webui.keyword.WebUiBuiltInKeywords.verifyTextPresent(WebUiBuiltInKeywords.groovy:1723)
	at com.kms.katalon.core.webui.keyword.WebUiBuiltInKeywords$verifyTextPresent$11.call(Unknown Source)
	at JK-007.run(JK-007:42)
	at com.kms.katalon.core.main.ScriptEngine.run(ScriptEngine.java:194)
	at com.kms.katalon.core.main.ScriptEngine.runScriptAsRawText(ScriptEngine.java:119)
	at com.kms.katalon.core.main.TestCaseExecutor.runScript(TestCaseExecutor.java:448)
	at com.kms.katalon.core.main.TestCaseExecutor.doExecute(TestCaseExecutor.java:439)
	at com.kms.katalon.core.main.TestCaseExecutor.processExecutionPhase(TestCaseExecutor.java:418)
	at com.kms.katalon.core.main.TestCaseExecutor.accessMainPhase(TestCaseExecutor.java:410)
	at com.kms.katalon.core.main.TestCaseExecutor.execute(TestCaseExecutor.java:285)
	at com.kms.katalon.core.common.CommonExecutor.accessTestCaseMainPhase(CommonExecutor.java:65)
	at com.kms.katalon.core.main.TestSuiteExecutor.accessTestSuiteMainPhase(TestSuiteExecutor.java:148)
	at com.kms.katalon.core.main.TestSuiteExecutor.execute(TestSuiteExecutor.java:106)
	at com.kms.katalon.core.main.TestCaseMain.startTestSuite(TestCaseMain.java:187)
	at com.kms.katalon.core.main.TestCaseMain$startTestSuite$0.call(Unknown Source)
	at TempTestSuite1696314682333.run(TempTestSuite1696314682333.groovy:36)
)

2023-10-03 13:34:42 - [MESSAGE][FAILED] - Unable to verify text 'Please fill in the correct column.' is present  (Root cause: com.kms.katalon.core.exception.StepFailedException: Unable to verify text 'Please fill in the correct column.' is present 
	at com.kms.katalon.core.webui.keyword.internal.WebUIKeywordMain.stepFailed(WebUIKeywordMain.groovy:64)
	at com.kms.katalon.core.webui.keyword.internal.WebUIKeywordMain.runKeyword(WebUIKeywordMain.groovy:26)
	at com.kms.katalon.core.webui.keyword.builtin.VerifyTextPresentKeyword.verifyTextPresent(VerifyTextPresentKeyword.groovy:83)
	at com.kms.katalon.core.webui.keyword.builtin.VerifyTextPresentKeyword.execute(VerifyTextPresentKeyword.groovy:68)
	at com.kms.katalon.core.keyword.internal.KeywordExecutor.executeKeywordForPlatform(KeywordExecutor.groovy:74)
	at com.kms.katalon.core.webui.keyword.WebUiBuiltInKeywords.verifyTextPresent(WebUiBuiltInKeywords.groovy:1723)
	at com.kms.katalon.core.webui.keyword.WebUiBuiltInKeywords$verifyTextPresent$11.call(Unknown Source)
	at JK-007.run(JK-007:42)
	at com.kms.katalon.core.main.ScriptEngine.run(ScriptEngine.java:194)
	at com.kms.katalon.core.main.ScriptEngine.runScriptAsRawText(ScriptEngine.java:119)
	at com.kms.katalon.core.main.TestCaseExecutor.runScript(TestCaseExecutor.java:448)
	at com.kms.katalon.core.main.TestCaseExecutor.doExecute(TestCaseExecutor.java:439)
	at com.kms.katalon.core.main.TestCaseExecutor.processExecutionPhase(TestCaseExecutor.java:418)
	at com.kms.katalon.core.main.TestCaseExecutor.accessMainPhase(TestCaseExecutor.java:410)
	at com.kms.katalon.core.main.TestCaseExecutor.execute(TestCaseExecutor.java:285)
	at com.kms.katalon.core.common.CommonExecutor.accessTestCaseMainPhase(CommonExecutor.java:65)
	at com.kms.katalon.core.main.TestSuiteExecutor.accessTestSuiteMainPhase(TestSuiteExecutor.java:148)
	at com.kms.katalon.core.main.TestSuiteExecutor.execute(TestSuiteExecutor.java:106)
	at com.kms.katalon.core.main.TestCaseMain.startTestSuite(TestCaseMain.java:187)
	at com.kms.katalon.core.main.TestCaseMain$startTestSuite$0.call(Unknown Source)
	at TempTestSuite1696314682333.run(TempTestSuite1696314682333.groovy:36)
Caused by: com.kms.katalon.core.exception.StepFailedException: Text 'Please fill in the correct column.' is not present on page 
	at com.kms.katalon.core.webui.keyword.internal.WebUIKeywordMain.stepFailed(WebUIKeywordMain.groovy:64)
	at com.kms.katalon.core.webui.keyword.builtin.VerifyTextPresentKeyword$_verifyTextPresent_closure1.doCall(VerifyTextPresentKeyword.groovy:79)
	at com.kms.katalon.core.webui.keyword.builtin.VerifyTextPresentKeyword$_verifyTextPresent_closure1.call(VerifyTextPresentKeyword.groovy)
	at com.kms.katalon.core.webui.keyword.internal.WebUIKeywordMain.runKeyword(WebUIKeywordMain.groovy:20)
	... 19 more
)
[[ATTACHMENT|D:\\BOOTCAMP XSIS\\Projek 2 MINI PROJEK\\Reports\\20231003_133122\\jadi kurir\\T05 jadi kurir\\20231003_133122\\1696314882778.png]]]]></system-out>
         <system-err><![CDATA[2023-10-03 13:34:13 - [TEST_CASE][FAILED] - Test Cases/T05 Jadi Kurir/JK-007: Test Cases/T05 Jadi Kurir/JK-007 FAILED.
Reason:
com.kms.katalon.core.exception.StepFailedException: Unable to verify text 'Please fill in the correct column.' is present 
	at com.kms.katalon.core.webui.keyword.internal.WebUIKeywordMain.stepFailed(WebUIKeywordMain.groovy:64)
	at com.kms.katalon.core.webui.keyword.internal.WebUIKeywordMain.runKeyword(WebUIKeywordMain.groovy:26)
	at com.kms.katalon.core.webui.keyword.builtin.VerifyTextPresentKeyword.verifyTextPresent(VerifyTextPresentKeyword.groovy:83)
	at com.kms.katalon.core.webui.keyword.builtin.VerifyTextPresentKeyword.execute(VerifyTextPresentKeyword.groovy:68)
	at com.kms.katalon.core.keyword.internal.KeywordExecutor.executeKeywordForPlatform(KeywordExecutor.groovy:74)
	at com.kms.katalon.core.webui.keyword.WebUiBuiltInKeywords.verifyTextPresent(WebUiBuiltInKeywords.groovy:1723)
	at com.kms.katalon.core.webui.keyword.WebUiBuiltInKeywords$verifyTextPresent$11.call(Unknown Source)
	at JK-007.run(JK-007:42)
	at com.kms.katalon.core.main.ScriptEngine.run(ScriptEngine.java:194)
	at com.kms.katalon.core.main.ScriptEngine.runScriptAsRawText(ScriptEngine.java:119)
	at com.kms.katalon.core.main.TestCaseExecutor.runScript(TestCaseExecutor.java:448)
	at com.kms.katalon.core.main.TestCaseExecutor.doExecute(TestCaseExecutor.java:439)
	at com.kms.katalon.core.main.TestCaseExecutor.processExecutionPhase(TestCaseExecutor.java:418)
	at com.kms.katalon.core.main.TestCaseExecutor.accessMainPhase(TestCaseExecutor.java:410)
	at com.kms.katalon.core.main.TestCaseExecutor.execute(TestCaseExecutor.java:285)
	at com.kms.katalon.core.common.CommonExecutor.accessTestCaseMainPhase(CommonExecutor.java:65)
	at com.kms.katalon.core.main.TestSuiteExecutor.accessTestSuiteMainPhase(TestSuiteExecutor.java:148)
	at com.kms.katalon.core.main.TestSuiteExecutor.execute(TestSuiteExecutor.java:106)
	at com.kms.katalon.core.main.TestCaseMain.startTestSuite(TestCaseMain.java:187)
	at com.kms.katalon.core.main.TestCaseMain$startTestSuite$0.call(Unknown Source)
	at TempTestSuite1696314682333.run(TempTestSuite1696314682333.groovy:36)
Caused by: com.kms.katalon.core.exception.StepFailedException: Text 'Please fill in the correct column.' is not present on page 
	at com.kms.katalon.core.webui.keyword.internal.WebUIKeywordMain.stepFailed(WebUIKeywordMain.groovy:64)
	at com.kms.katalon.core.webui.keyword.builtin.VerifyTextPresentKeyword$_verifyTextPresent_closure1.doCall(VerifyTextPresentKeyword.groovy:79)
	at com.kms.katalon.core.webui.keyword.builtin.VerifyTextPresentKeyword$_verifyTextPresent_closure1.call(VerifyTextPresentKeyword.groovy)
	at com.kms.katalon.core.webui.keyword.internal.WebUIKeywordMain.runKeyword(WebUIKeywordMain.groovy:20)
	... 19 more]]></system-err>
      </testcase>
      <testcase name="Test Cases/T05 Jadi Kurir/JK-008" time="29.02" classname="Test Cases/T05 Jadi Kurir/JK-008" status="FAILED">
         <failure type="FAILED" message="Test Cases/T05 Jadi Kurir/JK-008 FAILED.
Reason:
com.kms.katalon.core.exception.StepFailedException: Unable to verify text 'Please complete the file.' is present 
	at com.kms.katalon.core.webui.keyword.internal.WebUIKeywordMain.stepFailed(WebUIKeywordMain.groovy:64)
	at com.kms.katalon.core.webui.keyword.internal.WebUIKeywordMain.runKeyword(WebUIKeywordMain.groovy:26)
	at com.kms.katalon.core.webui.keyword.builtin.VerifyTextPresentKeyword.verifyTextPresent(VerifyTextPresentKeyword.groovy:83)
	at com.kms.katalon.core.webui.keyword.builtin.VerifyTextPresentKeyword.execute(VerifyTextPresentKeyword.groovy:68)
	at com.kms.katalon.core.keyword.internal.KeywordExecutor.executeKeywordForPlatform(KeywordExecutor.groovy:74)
	at com.kms.katalon.core.webui.keyword.WebUiBuiltInKeywords.verifyTextPresent(WebUiBuiltInKeywords.groovy:1723)
	at com.kms.katalon.core.webui.keyword.WebUiBuiltInKeywords$verifyTextPresent$11.call(Unknown Source)
	at JK-008.run(JK-008:42)
	at com.kms.katalon.core.main.ScriptEngine.run(ScriptEngine.java:194)
	at com.kms.katalon.core.main.ScriptEngine.runScriptAsRawText(ScriptEngine.java:119)
	at com.kms.katalon.core.main.TestCaseExecutor.runScript(TestCaseExecutor.java:448)
	at com.kms.katalon.core.main.TestCaseExecutor.doExecute(TestCaseExecutor.java:439)
	at com.kms.katalon.core.main.TestCaseExecutor.processExecutionPhase(TestCaseExecutor.java:418)
	at com.kms.katalon.core.main.TestCaseExecutor.accessMainPhase(TestCaseExecutor.java:410)
	at com.kms.katalon.core.main.TestCaseExecutor.execute(TestCaseExecutor.java:285)
	at com.kms.katalon.core.common.CommonExecutor.accessTestCaseMainPhase(CommonExecutor.java:65)
	at com.kms.katalon.core.main.TestSuiteExecutor.accessTestSuiteMainPhase(TestSuiteExecutor.java:148)
	at com.kms.katalon.core.main.TestSuiteExecutor.execute(TestSuiteExecutor.java:106)
	at com.kms.katalon.core.main.TestCaseMain.startTestSuite(TestCaseMain.java:187)
	at com.kms.katalon.core.main.TestCaseMain$startTestSuite$0.call(Unknown Source)
	at TempTestSuite1696314682333.run(TempTestSuite1696314682333.groovy:36)
Caused by: com.kms.katalon.core.exception.StepFailedException: Text 'Please complete the file.' is not present on page 
	at com.kms.katalon.core.webui.keyword.internal.WebUIKeywordMain.stepFailed(WebUIKeywordMain.groovy:64)
	at com.kms.katalon.core.webui.keyword.builtin.VerifyTextPresentKeyword$_verifyTextPresent_closure1.doCall(VerifyTextPresentKeyword.groovy:79)
	at com.kms.katalon.core.webui.keyword.builtin.VerifyTextPresentKeyword$_verifyTextPresent_closure1.call(VerifyTextPresentKeyword.groovy)
	at com.kms.katalon.core.webui.keyword.internal.WebUIKeywordMain.runKeyword(WebUIKeywordMain.groovy:20)
	... 19 more
"/>
         <system-out><![CDATA[2023-10-03 13:34:42 - [TEST_CASE][FAILED] - Test Cases/T05 Jadi Kurir/JK-008: Test Cases/T05 Jadi Kurir/JK-008 FAILED.
Reason:
com.kms.katalon.core.exception.StepFailedException: Unable to verify text 'Please complete the file.' is present 
	at com.kms.katalon.core.webui.keyword.internal.WebUIKeywordMain.stepFailed(WebUIKeywordMain.groovy:64)
	at com.kms.katalon.core.webui.keyword.internal.WebUIKeywordMain.runKeyword(WebUIKeywordMain.groovy:26)
	at com.kms.katalon.core.webui.keyword.builtin.VerifyTextPresentKeyword.verifyTextPresent(VerifyTextPresentKeyword.groovy:83)
	at com.kms.katalon.core.webui.keyword.builtin.VerifyTextPresentKeyword.execute(VerifyTextPresentKeyword.groovy:68)
	at com.kms.katalon.core.keyword.internal.KeywordExecutor.executeKeywordForPlatform(KeywordExecutor.groovy:74)
	at com.kms.katalon.core.webui.keyword.WebUiBuiltInKeywords.verifyTextPresent(WebUiBuiltInKeywords.groovy:1723)
	at com.kms.katalon.core.webui.keyword.WebUiBuiltInKeywords$verifyTextPresent$11.call(Unknown Source)
	at JK-008.run(JK-008:42)
	at com.kms.katalon.core.main.ScriptEngine.run(ScriptEngine.java:194)
	at com.kms.katalon.core.main.ScriptEngine.runScriptAsRawText(ScriptEngine.java:119)
	at com.kms.katalon.core.main.TestCaseExecutor.runScript(TestCaseExecutor.java:448)
	at com.kms.katalon.core.main.TestCaseExecutor.doExecute(TestCaseExecutor.java:439)
	at com.kms.katalon.core.main.TestCaseExecutor.processExecutionPhase(TestCaseExecutor.java:418)
	at com.kms.katalon.core.main.TestCaseExecutor.accessMainPhase(TestCaseExecutor.java:410)
	at com.kms.katalon.core.main.TestCaseExecutor.execute(TestCaseExecutor.java:285)
	at com.kms.katalon.core.common.CommonExecutor.accessTestCaseMainPhase(CommonExecutor.java:65)
	at com.kms.katalon.core.main.TestSuiteExecutor.accessTestSuiteMainPhase(TestSuiteExecutor.java:148)
	at com.kms.katalon.core.main.TestSuiteExecutor.execute(TestSuiteExecutor.java:106)
	at com.kms.katalon.core.main.TestCaseMain.startTestSuite(TestCaseMain.java:187)
	at com.kms.katalon.core.main.TestCaseMain$startTestSuite$0.call(Unknown Source)
	at TempTestSuite1696314682333.run(TempTestSuite1696314682333.groovy:36)
Caused by: com.kms.katalon.core.exception.StepFailedException: Text 'Please complete the file.' is not present on page 
	at com.kms.katalon.core.webui.keyword.internal.WebUIKeywordMain.stepFailed(WebUIKeywordMain.groovy:64)
	at com.kms.katalon.core.webui.keyword.builtin.VerifyTextPresentKeyword$_verifyTextPresent_closure1.doCall(VerifyTextPresentKeyword.groovy:79)
	at com.kms.katalon.core.webui.keyword.builtin.VerifyTextPresentKeyword$_verifyTextPresent_closure1.call(VerifyTextPresentKeyword.groovy)
	at com.kms.katalon.core.webui.keyword.internal.WebUIKeywordMain.runKeyword(WebUIKeywordMain.groovy:20)
	... 19 more


2023-10-03 13:34:43 - [TEST_STEP][PASSED] - callTestCase(findTestCase("T05 Jadi Kurir/JK-001"), [:], STOP_ON_FAILURE): Call Test Case 'Test Cases/T05 Jadi Kurir/JK-001' successfully

2023-10-03 13:34:43 - [TEST_CASE][PASSED] - Test Cases/T05 Jadi Kurir/JK-001: Test Cases/T05 Jadi Kurir/JK-001

2023-10-03 13:34:43 - [TEST_STEP][PASSED] - callTestCase(findTestCase("T05 Jadi Kurir/LU-001"), ["username":"irfanafandi", "password":"12345irfan"], STOP_ON_FAILURE): Call Test Case 'Test Cases/T05 Jadi Kurir/LU-001' successfully

2023-10-03 13:34:43 - [TEST_CASE][PASSED] - Test Cases/T05 Jadi Kurir/LU-001: Test Cases/T05 Jadi Kurir/LU-001

2023-10-03 13:34:43 - [TEST_STEP][PASSED] - openBrowser("https://10.9.2.63/ecommerce/"): Browser is opened with url: 'https://10.9.2.63/ecommerce/'

2023-10-03 13:34:43 - [MESSAGE][WARNING] - A browser is already opened. Closing browser and opening a new one

2023-10-03 13:34:44 - [MESSAGE][INFO] - Starting 'Firefox' driver

2023-10-03 13:34:44 - [MESSAGE][INFO] - User set preference: ['args', '[--disable-notifications]']

2023-10-03 13:34:44 - [MESSAGE][INFO] - Action delay is set to 0 milliseconds

2023-10-03 13:34:52 - [MESSAGE][PASSED] - Browser is opened with url: 'https://10.9.2.63/ecommerce/'

2023-10-03 13:34:52 - [TEST_STEP][PASSED] - maximizeWindow(): Current window maximized

2023-10-03 13:34:52 - [MESSAGE][PASSED] - Current window maximized

2023-10-03 13:34:52 - [TEST_STEP][PASSED] - verifyElementPresent(findTestObject("Login/Home"), 0): Object 'Object Repository/Login/Home' is present

2023-10-03 13:34:52 - [MESSAGE][WARNING] - Timeout '0' is invalid. Using default page load timeout: '30'

2023-10-03 13:34:53 - [MESSAGE][PASSED] - Object 'Object Repository/Login/Home' is present

2023-10-03 13:34:53 - [TEST_STEP][PASSED] - click(findTestObject("Login/a_Login")): Object: 'Object Repository/Login/a_Login' is clicked on

2023-10-03 13:34:54 - [MESSAGE][PASSED] - Object: 'Object Repository/Login/a_Login' is clicked on

2023-10-03 13:34:54 - [TEST_STEP][PASSED] - verifyElementPresent(findTestObject("Login/Tittle Login"), 0): Object 'Object Repository/Login/Tittle Login' is present

2023-10-03 13:34:54 - [MESSAGE][WARNING] - Timeout '0' is invalid. Using default page load timeout: '30'

2023-10-03 13:34:54 - [MESSAGE][PASSED] - Object 'Object Repository/Login/Tittle Login' is present

2023-10-03 13:34:54 - [TEST_STEP][PASSED] - setText(findTestObject("Login/input_Username, Email atau No. Handphone_a"), username): Text 'irfanafandi' is set on object 'Object Repository/Login/input_Username, Email atau No. Handphone_a'

2023-10-03 13:34:55 - [MESSAGE][PASSED] - Text 'irfanafandi' is set on object 'Object Repository/Login/input_Username, Email atau No. Handphone_a'

2023-10-03 13:34:55 - [TEST_STEP][PASSED] - setText(findTestObject("Login/input_Password_b"), password): Text '12345irfan' is set on object 'Object Repository/Login/input_Password_b'

2023-10-03 13:34:56 - [MESSAGE][PASSED] - Text '12345irfan' is set on object 'Object Repository/Login/input_Password_b'

2023-10-03 13:34:56 - [TEST_STEP][PASSED] - click(findTestObject("Login/label_Ingat saya")): Object: 'Object Repository/Login/label_Ingat saya' is clicked on

2023-10-03 13:34:57 - [MESSAGE][PASSED] - Object: 'Object Repository/Login/label_Ingat saya' is clicked on

2023-10-03 13:34:57 - [TEST_STEP][PASSED] - click(findTestObject("Login/button_Masuk")): Object: 'Object Repository/Login/button_Masuk' is clicked on

2023-10-03 13:34:58 - [MESSAGE][PASSED] - Object: 'Object Repository/Login/button_Masuk' is clicked on

2023-10-03 13:34:58 - [TEST_STEP][PASSED] - verifyElementPresent(findTestObject("Login/li_Profile"), 0): Object 'Object Repository/Login/li_Profile' is present

2023-10-03 13:34:59 - [MESSAGE][WARNING] - Timeout '0' is invalid. Using default page load timeout: '30'

2023-10-03 13:34:59 - [MESSAGE][PASSED] - Object 'Object Repository/Login/li_Profile' is present

2023-10-03 13:34:59 - [MESSAGE][PASSED] - Call Test Case 'Test Cases/T05 Jadi Kurir/LU-001' successfully

2023-10-03 13:34:59 - [TEST_STEP][PASSED] - click(findTestObject("Jadi kurir/a_Jadi Kurir")): Object: 'Object Repository/Jadi kurir/a_Jadi Kurir' is clicked on

2023-10-03 13:35:00 - [MESSAGE][PASSED] - Object: 'Object Repository/Jadi kurir/a_Jadi Kurir' is clicked on

2023-10-03 13:35:00 - [TEST_STEP][PASSED] - verifyElementPresent(findTestObject("Jadi kurir/li_Profile Kurir"), 0): Object 'Object Repository/Jadi kurir/li_Profile Kurir' is present

2023-10-03 13:35:00 - [MESSAGE][WARNING] - Timeout '0' is invalid. Using default page load timeout: '30'

2023-10-03 13:35:01 - [MESSAGE][PASSED] - Object 'Object Repository/Jadi kurir/li_Profile Kurir' is present

2023-10-03 13:35:01 - [MESSAGE][PASSED] - Call Test Case 'Test Cases/T05 Jadi Kurir/JK-001' successfully

2023-10-03 13:35:01 - [TEST_STEP][PASSED] - click(findTestObject("Jadi kurir/a_Daftar  Edit Data")): Object: 'Object Repository/Jadi kurir/a_Daftar  Edit Data' is clicked on

2023-10-03 13:35:02 - [MESSAGE][PASSED] - Object: 'Object Repository/Jadi kurir/a_Daftar  Edit Data' is clicked on

2023-10-03 13:35:02 - [TEST_STEP][PASSED] - verifyElementPresent(findTestObject("Jadi kurir/li_Profile Kurir"), 0): Object 'Object Repository/Jadi kurir/li_Profile Kurir' is present

2023-10-03 13:35:02 - [MESSAGE][WARNING] - Timeout '0' is invalid. Using default page load timeout: '30'

2023-10-03 13:35:03 - [MESSAGE][PASSED] - Object 'Object Repository/Jadi kurir/li_Profile Kurir' is present

2023-10-03 13:35:03 - [TEST_STEP][PASSED] - selectOptionByValue(findTestObject("Jadi kurir/select_- Pilih Kendaraan -Roda 2Roda 4"), Jenis, false): All options with value '2' are selected in object 'Object Repository/Jadi kurir/select_- Pilih Kendaraan -Roda 2Roda 4' 

2023-10-03 13:35:04 - [MESSAGE][PASSED] - All options with value '2' are selected in object 'Object Repository/Jadi kurir/select_- Pilih Kendaraan -Roda 2Roda 4' 

2023-10-03 13:35:04 - [TEST_STEP][PASSED] - setText(findTestObject("Jadi kurir/input_Merek Kendaraan"), Merek_Kendaraan): Text 'toyota supra' is set on object 'Object Repository/Jadi kurir/input_Merek Kendaraan'

2023-10-03 13:35:04 - [MESSAGE][PASSED] - Text 'toyota supra' is set on object 'Object Repository/Jadi kurir/input_Merek Kendaraan'

2023-10-03 13:35:04 - [TEST_STEP][PASSED] - setText(findTestObject("Jadi kurir/input_Plat Nomor"), Plat_Nomor): Text 'AB 1 S' is set on object 'Object Repository/Jadi kurir/input_Plat Nomor'

2023-10-03 13:35:05 - [MESSAGE][PASSED] - Text 'AB 1 S' is set on object 'Object Repository/Jadi kurir/input_Plat Nomor'

2023-10-03 13:35:05 - [TEST_STEP][PASSED] - setText(findTestObject("Jadi kurir/textarea_Keterangan"), Keterangan): Text 'mau daftar dong bang' is set on object 'Object Repository/Jadi kurir/textarea_Keterangan'

2023-10-03 13:35:06 - [MESSAGE][PASSED] - Text 'mau daftar dong bang' is set on object 'Object Repository/Jadi kurir/textarea_Keterangan'

2023-10-03 13:35:06 - [TEST_STEP][PASSED] - uploadFile(findTestObject("Jadi kurir/input_Choose files_uploadFile"), Berkas): File 'C:\Users\IRFAN\Downloads\Berkas2.pdf' sent to object: 'Object Repository/Jadi kurir/input_Choose files_uploadFile'

2023-10-03 13:35:06 - [MESSAGE][PASSED] - File 'C:\Users\IRFAN\Downloads\Berkas2.pdf' sent to object: 'Object Repository/Jadi kurir/input_Choose files_uploadFile'

2023-10-03 13:35:06 - [TEST_STEP][PASSED] - click(findTestObject("Jadi kurir/button_Simpan Perubahan")): Object: 'Object Repository/Jadi kurir/button_Simpan Perubahan' is clicked on

2023-10-03 13:35:10 - [MESSAGE][PASSED] - Object: 'Object Repository/Jadi kurir/button_Simpan Perubahan' is clicked on

2023-10-03 13:35:10 - [TEST_STEP][FAILED] - verifyTextPresent("Please complete the file.", false): Unable to verify text 'Please complete the file.' is present  (Root cause: com.kms.katalon.core.exception.StepFailedException: Unable to verify text 'Please complete the file.' is present 
	at com.kms.katalon.core.webui.keyword.internal.WebUIKeywordMain.stepFailed(WebUIKeywordMain.groovy:64)
	at com.kms.katalon.core.webui.keyword.internal.WebUIKeywordMain.runKeyword(WebUIKeywordMain.groovy:26)
	at com.kms.katalon.core.webui.keyword.builtin.VerifyTextPresentKeyword.verifyTextPresent(VerifyTextPresentKeyword.groovy:83)
	at com.kms.katalon.core.webui.keyword.builtin.VerifyTextPresentKeyword.execute(VerifyTextPresentKeyword.groovy:68)
	at com.kms.katalon.core.keyword.internal.KeywordExecutor.executeKeywordForPlatform(KeywordExecutor.groovy:74)
	at com.kms.katalon.core.webui.keyword.WebUiBuiltInKeywords.verifyTextPresent(WebUiBuiltInKeywords.groovy:1723)
	at com.kms.katalon.core.webui.keyword.WebUiBuiltInKeywords$verifyTextPresent$11.call(Unknown Source)
	at JK-008.run(JK-008:42)
	at com.kms.katalon.core.main.ScriptEngine.run(ScriptEngine.java:194)
	at com.kms.katalon.core.main.ScriptEngine.runScriptAsRawText(ScriptEngine.java:119)
	at com.kms.katalon.core.main.TestCaseExecutor.runScript(TestCaseExecutor.java:448)
	at com.kms.katalon.core.main.TestCaseExecutor.doExecute(TestCaseExecutor.java:439)
	at com.kms.katalon.core.main.TestCaseExecutor.processExecutionPhase(TestCaseExecutor.java:418)
	at com.kms.katalon.core.main.TestCaseExecutor.accessMainPhase(TestCaseExecutor.java:410)
	at com.kms.katalon.core.main.TestCaseExecutor.execute(TestCaseExecutor.java:285)
	at com.kms.katalon.core.common.CommonExecutor.accessTestCaseMainPhase(CommonExecutor.java:65)
	at com.kms.katalon.core.main.TestSuiteExecutor.accessTestSuiteMainPhase(TestSuiteExecutor.java:148)
	at com.kms.katalon.core.main.TestSuiteExecutor.execute(TestSuiteExecutor.java:106)
	at com.kms.katalon.core.main.TestCaseMain.startTestSuite(TestCaseMain.java:187)
	at com.kms.katalon.core.main.TestCaseMain$startTestSuite$0.call(Unknown Source)
	at TempTestSuite1696314682333.run(TempTestSuite1696314682333.groovy:36)
Caused by: com.kms.katalon.core.exception.StepFailedException: Text 'Please complete the file.' is not present on page 
	at com.kms.katalon.core.webui.keyword.internal.WebUIKeywordMain.stepFailed(WebUIKeywordMain.groovy:64)
	at com.kms.katalon.core.webui.keyword.builtin.VerifyTextPresentKeyword$_verifyTextPresent_closure1.doCall(VerifyTextPresentKeyword.groovy:79)
	at com.kms.katalon.core.webui.keyword.builtin.VerifyTextPresentKeyword$_verifyTextPresent_closure1.call(VerifyTextPresentKeyword.groovy)
	at com.kms.katalon.core.webui.keyword.internal.WebUIKeywordMain.runKeyword(WebUIKeywordMain.groovy:20)
	... 19 more
)

2023-10-03 13:35:11 - [MESSAGE][FAILED] - Text 'Please complete the file.' is not present on page  (Root cause: com.kms.katalon.core.exception.StepFailedException: Text 'Please complete the file.' is not present on page 
	at com.kms.katalon.core.webui.keyword.internal.WebUIKeywordMain.stepFailed(WebUIKeywordMain.groovy:64)
	at com.kms.katalon.core.webui.keyword.builtin.VerifyTextPresentKeyword$_verifyTextPresent_closure1.doCall(VerifyTextPresentKeyword.groovy:79)
	at com.kms.katalon.core.webui.keyword.builtin.VerifyTextPresentKeyword$_verifyTextPresent_closure1.call(VerifyTextPresentKeyword.groovy)
	at com.kms.katalon.core.webui.keyword.internal.WebUIKeywordMain.runKeyword(WebUIKeywordMain.groovy:20)
	at com.kms.katalon.core.webui.keyword.builtin.VerifyTextPresentKeyword.verifyTextPresent(VerifyTextPresentKeyword.groovy:83)
	at com.kms.katalon.core.webui.keyword.builtin.VerifyTextPresentKeyword.execute(VerifyTextPresentKeyword.groovy:68)
	at com.kms.katalon.core.keyword.internal.KeywordExecutor.executeKeywordForPlatform(KeywordExecutor.groovy:74)
	at com.kms.katalon.core.webui.keyword.WebUiBuiltInKeywords.verifyTextPresent(WebUiBuiltInKeywords.groovy:1723)
	at com.kms.katalon.core.webui.keyword.WebUiBuiltInKeywords$verifyTextPresent$11.call(Unknown Source)
	at JK-008.run(JK-008:42)
	at com.kms.katalon.core.main.ScriptEngine.run(ScriptEngine.java:194)
	at com.kms.katalon.core.main.ScriptEngine.runScriptAsRawText(ScriptEngine.java:119)
	at com.kms.katalon.core.main.TestCaseExecutor.runScript(TestCaseExecutor.java:448)
	at com.kms.katalon.core.main.TestCaseExecutor.doExecute(TestCaseExecutor.java:439)
	at com.kms.katalon.core.main.TestCaseExecutor.processExecutionPhase(TestCaseExecutor.java:418)
	at com.kms.katalon.core.main.TestCaseExecutor.accessMainPhase(TestCaseExecutor.java:410)
	at com.kms.katalon.core.main.TestCaseExecutor.execute(TestCaseExecutor.java:285)
	at com.kms.katalon.core.common.CommonExecutor.accessTestCaseMainPhase(CommonExecutor.java:65)
	at com.kms.katalon.core.main.TestSuiteExecutor.accessTestSuiteMainPhase(TestSuiteExecutor.java:148)
	at com.kms.katalon.core.main.TestSuiteExecutor.execute(TestSuiteExecutor.java:106)
	at com.kms.katalon.core.main.TestCaseMain.startTestSuite(TestCaseMain.java:187)
	at com.kms.katalon.core.main.TestCaseMain$startTestSuite$0.call(Unknown Source)
	at TempTestSuite1696314682333.run(TempTestSuite1696314682333.groovy:36)
)

2023-10-03 13:35:11 - [MESSAGE][FAILED] - Unable to verify text 'Please complete the file.' is present  (Root cause: com.kms.katalon.core.exception.StepFailedException: Unable to verify text 'Please complete the file.' is present 
	at com.kms.katalon.core.webui.keyword.internal.WebUIKeywordMain.stepFailed(WebUIKeywordMain.groovy:64)
	at com.kms.katalon.core.webui.keyword.internal.WebUIKeywordMain.runKeyword(WebUIKeywordMain.groovy:26)
	at com.kms.katalon.core.webui.keyword.builtin.VerifyTextPresentKeyword.verifyTextPresent(VerifyTextPresentKeyword.groovy:83)
	at com.kms.katalon.core.webui.keyword.builtin.VerifyTextPresentKeyword.execute(VerifyTextPresentKeyword.groovy:68)
	at com.kms.katalon.core.keyword.internal.KeywordExecutor.executeKeywordForPlatform(KeywordExecutor.groovy:74)
	at com.kms.katalon.core.webui.keyword.WebUiBuiltInKeywords.verifyTextPresent(WebUiBuiltInKeywords.groovy:1723)
	at com.kms.katalon.core.webui.keyword.WebUiBuiltInKeywords$verifyTextPresent$11.call(Unknown Source)
	at JK-008.run(JK-008:42)
	at com.kms.katalon.core.main.ScriptEngine.run(ScriptEngine.java:194)
	at com.kms.katalon.core.main.ScriptEngine.runScriptAsRawText(ScriptEngine.java:119)
	at com.kms.katalon.core.main.TestCaseExecutor.runScript(TestCaseExecutor.java:448)
	at com.kms.katalon.core.main.TestCaseExecutor.doExecute(TestCaseExecutor.java:439)
	at com.kms.katalon.core.main.TestCaseExecutor.processExecutionPhase(TestCaseExecutor.java:418)
	at com.kms.katalon.core.main.TestCaseExecutor.accessMainPhase(TestCaseExecutor.java:410)
	at com.kms.katalon.core.main.TestCaseExecutor.execute(TestCaseExecutor.java:285)
	at com.kms.katalon.core.common.CommonExecutor.accessTestCaseMainPhase(CommonExecutor.java:65)
	at com.kms.katalon.core.main.TestSuiteExecutor.accessTestSuiteMainPhase(TestSuiteExecutor.java:148)
	at com.kms.katalon.core.main.TestSuiteExecutor.execute(TestSuiteExecutor.java:106)
	at com.kms.katalon.core.main.TestCaseMain.startTestSuite(TestCaseMain.java:187)
	at com.kms.katalon.core.main.TestCaseMain$startTestSuite$0.call(Unknown Source)
	at TempTestSuite1696314682333.run(TempTestSuite1696314682333.groovy:36)
Caused by: com.kms.katalon.core.exception.StepFailedException: Text 'Please complete the file.' is not present on page 
	at com.kms.katalon.core.webui.keyword.internal.WebUIKeywordMain.stepFailed(WebUIKeywordMain.groovy:64)
	at com.kms.katalon.core.webui.keyword.builtin.VerifyTextPresentKeyword$_verifyTextPresent_closure1.doCall(VerifyTextPresentKeyword.groovy:79)
	at com.kms.katalon.core.webui.keyword.builtin.VerifyTextPresentKeyword$_verifyTextPresent_closure1.call(VerifyTextPresentKeyword.groovy)
	at com.kms.katalon.core.webui.keyword.internal.WebUIKeywordMain.runKeyword(WebUIKeywordMain.groovy:20)
	... 19 more
)
[[ATTACHMENT|D:\\BOOTCAMP XSIS\\Projek 2 MINI PROJEK\\Reports\\20231003_133122\\jadi kurir\\T05 jadi kurir\\20231003_133122\\1696314911844.png]]]]></system-out>
         <system-err><![CDATA[2023-10-03 13:34:42 - [TEST_CASE][FAILED] - Test Cases/T05 Jadi Kurir/JK-008: Test Cases/T05 Jadi Kurir/JK-008 FAILED.
Reason:
com.kms.katalon.core.exception.StepFailedException: Unable to verify text 'Please complete the file.' is present 
	at com.kms.katalon.core.webui.keyword.internal.WebUIKeywordMain.stepFailed(WebUIKeywordMain.groovy:64)
	at com.kms.katalon.core.webui.keyword.internal.WebUIKeywordMain.runKeyword(WebUIKeywordMain.groovy:26)
	at com.kms.katalon.core.webui.keyword.builtin.VerifyTextPresentKeyword.verifyTextPresent(VerifyTextPresentKeyword.groovy:83)
	at com.kms.katalon.core.webui.keyword.builtin.VerifyTextPresentKeyword.execute(VerifyTextPresentKeyword.groovy:68)
	at com.kms.katalon.core.keyword.internal.KeywordExecutor.executeKeywordForPlatform(KeywordExecutor.groovy:74)
	at com.kms.katalon.core.webui.keyword.WebUiBuiltInKeywords.verifyTextPresent(WebUiBuiltInKeywords.groovy:1723)
	at com.kms.katalon.core.webui.keyword.WebUiBuiltInKeywords$verifyTextPresent$11.call(Unknown Source)
	at JK-008.run(JK-008:42)
	at com.kms.katalon.core.main.ScriptEngine.run(ScriptEngine.java:194)
	at com.kms.katalon.core.main.ScriptEngine.runScriptAsRawText(ScriptEngine.java:119)
	at com.kms.katalon.core.main.TestCaseExecutor.runScript(TestCaseExecutor.java:448)
	at com.kms.katalon.core.main.TestCaseExecutor.doExecute(TestCaseExecutor.java:439)
	at com.kms.katalon.core.main.TestCaseExecutor.processExecutionPhase(TestCaseExecutor.java:418)
	at com.kms.katalon.core.main.TestCaseExecutor.accessMainPhase(TestCaseExecutor.java:410)
	at com.kms.katalon.core.main.TestCaseExecutor.execute(TestCaseExecutor.java:285)
	at com.kms.katalon.core.common.CommonExecutor.accessTestCaseMainPhase(CommonExecutor.java:65)
	at com.kms.katalon.core.main.TestSuiteExecutor.accessTestSuiteMainPhase(TestSuiteExecutor.java:148)
	at com.kms.katalon.core.main.TestSuiteExecutor.execute(TestSuiteExecutor.java:106)
	at com.kms.katalon.core.main.TestCaseMain.startTestSuite(TestCaseMain.java:187)
	at com.kms.katalon.core.main.TestCaseMain$startTestSuite$0.call(Unknown Source)
	at TempTestSuite1696314682333.run(TempTestSuite1696314682333.groovy:36)
Caused by: com.kms.katalon.core.exception.StepFailedException: Text 'Please complete the file.' is not present on page 
	at com.kms.katalon.core.webui.keyword.internal.WebUIKeywordMain.stepFailed(WebUIKeywordMain.groovy:64)
	at com.kms.katalon.core.webui.keyword.builtin.VerifyTextPresentKeyword$_verifyTextPresent_closure1.doCall(VerifyTextPresentKeyword.groovy:79)
	at com.kms.katalon.core.webui.keyword.builtin.VerifyTextPresentKeyword$_verifyTextPresent_closure1.call(VerifyTextPresentKeyword.groovy)
	at com.kms.katalon.core.webui.keyword.internal.WebUIKeywordMain.runKeyword(WebUIKeywordMain.groovy:20)
	... 19 more]]></system-err>
      </testcase>
      <testcase name="Test Cases/T05 Jadi Kurir/JK-009" time="28.66" classname="Test Cases/T05 Jadi Kurir/JK-009" status="FAILED">
         <failure type="FAILED" message="Test Cases/T05 Jadi Kurir/JK-009 FAILED.
Reason:
com.kms.katalon.core.exception.StepFailedException: Unable to verify text 'plat nomor kendaraan tidak sesuai dengan format wilayah indonesia' is present 
	at com.kms.katalon.core.webui.keyword.internal.WebUIKeywordMain.stepFailed(WebUIKeywordMain.groovy:64)
	at com.kms.katalon.core.webui.keyword.internal.WebUIKeywordMain.runKeyword(WebUIKeywordMain.groovy:26)
	at com.kms.katalon.core.webui.keyword.builtin.VerifyTextPresentKeyword.verifyTextPresent(VerifyTextPresentKeyword.groovy:83)
	at com.kms.katalon.core.webui.keyword.builtin.VerifyTextPresentKeyword.execute(VerifyTextPresentKeyword.groovy:68)
	at com.kms.katalon.core.keyword.internal.KeywordExecutor.executeKeywordForPlatform(KeywordExecutor.groovy:74)
	at com.kms.katalon.core.webui.keyword.WebUiBuiltInKeywords.verifyTextPresent(WebUiBuiltInKeywords.groovy:1723)
	at com.kms.katalon.core.webui.keyword.WebUiBuiltInKeywords$verifyTextPresent$11.call(Unknown Source)
	at JK-009.run(JK-009:42)
	at com.kms.katalon.core.main.ScriptEngine.run(ScriptEngine.java:194)
	at com.kms.katalon.core.main.ScriptEngine.runScriptAsRawText(ScriptEngine.java:119)
	at com.kms.katalon.core.main.TestCaseExecutor.runScript(TestCaseExecutor.java:448)
	at com.kms.katalon.core.main.TestCaseExecutor.doExecute(TestCaseExecutor.java:439)
	at com.kms.katalon.core.main.TestCaseExecutor.processExecutionPhase(TestCaseExecutor.java:418)
	at com.kms.katalon.core.main.TestCaseExecutor.accessMainPhase(TestCaseExecutor.java:410)
	at com.kms.katalon.core.main.TestCaseExecutor.execute(TestCaseExecutor.java:285)
	at com.kms.katalon.core.common.CommonExecutor.accessTestCaseMainPhase(CommonExecutor.java:65)
	at com.kms.katalon.core.main.TestSuiteExecutor.accessTestSuiteMainPhase(TestSuiteExecutor.java:148)
	at com.kms.katalon.core.main.TestSuiteExecutor.execute(TestSuiteExecutor.java:106)
	at com.kms.katalon.core.main.TestCaseMain.startTestSuite(TestCaseMain.java:187)
	at com.kms.katalon.core.main.TestCaseMain$startTestSuite$0.call(Unknown Source)
	at TempTestSuite1696314682333.run(TempTestSuite1696314682333.groovy:36)
Caused by: com.kms.katalon.core.exception.StepFailedException: Text 'plat nomor kendaraan tidak sesuai dengan format wilayah indonesia' is not present on page 
	at com.kms.katalon.core.webui.keyword.internal.WebUIKeywordMain.stepFailed(WebUIKeywordMain.groovy:64)
	at com.kms.katalon.core.webui.keyword.builtin.VerifyTextPresentKeyword$_verifyTextPresent_closure1.doCall(VerifyTextPresentKeyword.groovy:79)
	at com.kms.katalon.core.webui.keyword.builtin.VerifyTextPresentKeyword$_verifyTextPresent_closure1.call(VerifyTextPresentKeyword.groovy)
	at com.kms.katalon.core.webui.keyword.internal.WebUIKeywordMain.runKeyword(WebUIKeywordMain.groovy:20)
	... 19 more
"/>
         <system-out><![CDATA[2023-10-03 13:35:11 - [TEST_CASE][FAILED] - Test Cases/T05 Jadi Kurir/JK-009: Test Cases/T05 Jadi Kurir/JK-009 FAILED.
Reason:
com.kms.katalon.core.exception.StepFailedException: Unable to verify text 'plat nomor kendaraan tidak sesuai dengan format wilayah indonesia' is present 
	at com.kms.katalon.core.webui.keyword.internal.WebUIKeywordMain.stepFailed(WebUIKeywordMain.groovy:64)
	at com.kms.katalon.core.webui.keyword.internal.WebUIKeywordMain.runKeyword(WebUIKeywordMain.groovy:26)
	at com.kms.katalon.core.webui.keyword.builtin.VerifyTextPresentKeyword.verifyTextPresent(VerifyTextPresentKeyword.groovy:83)
	at com.kms.katalon.core.webui.keyword.builtin.VerifyTextPresentKeyword.execute(VerifyTextPresentKeyword.groovy:68)
	at com.kms.katalon.core.keyword.internal.KeywordExecutor.executeKeywordForPlatform(KeywordExecutor.groovy:74)
	at com.kms.katalon.core.webui.keyword.WebUiBuiltInKeywords.verifyTextPresent(WebUiBuiltInKeywords.groovy:1723)
	at com.kms.katalon.core.webui.keyword.WebUiBuiltInKeywords$verifyTextPresent$11.call(Unknown Source)
	at JK-009.run(JK-009:42)
	at com.kms.katalon.core.main.ScriptEngine.run(ScriptEngine.java:194)
	at com.kms.katalon.core.main.ScriptEngine.runScriptAsRawText(ScriptEngine.java:119)
	at com.kms.katalon.core.main.TestCaseExecutor.runScript(TestCaseExecutor.java:448)
	at com.kms.katalon.core.main.TestCaseExecutor.doExecute(TestCaseExecutor.java:439)
	at com.kms.katalon.core.main.TestCaseExecutor.processExecutionPhase(TestCaseExecutor.java:418)
	at com.kms.katalon.core.main.TestCaseExecutor.accessMainPhase(TestCaseExecutor.java:410)
	at com.kms.katalon.core.main.TestCaseExecutor.execute(TestCaseExecutor.java:285)
	at com.kms.katalon.core.common.CommonExecutor.accessTestCaseMainPhase(CommonExecutor.java:65)
	at com.kms.katalon.core.main.TestSuiteExecutor.accessTestSuiteMainPhase(TestSuiteExecutor.java:148)
	at com.kms.katalon.core.main.TestSuiteExecutor.execute(TestSuiteExecutor.java:106)
	at com.kms.katalon.core.main.TestCaseMain.startTestSuite(TestCaseMain.java:187)
	at com.kms.katalon.core.main.TestCaseMain$startTestSuite$0.call(Unknown Source)
	at TempTestSuite1696314682333.run(TempTestSuite1696314682333.groovy:36)
Caused by: com.kms.katalon.core.exception.StepFailedException: Text 'plat nomor kendaraan tidak sesuai dengan format wilayah indonesia' is not present on page 
	at com.kms.katalon.core.webui.keyword.internal.WebUIKeywordMain.stepFailed(WebUIKeywordMain.groovy:64)
	at com.kms.katalon.core.webui.keyword.builtin.VerifyTextPresentKeyword$_verifyTextPresent_closure1.doCall(VerifyTextPresentKeyword.groovy:79)
	at com.kms.katalon.core.webui.keyword.builtin.VerifyTextPresentKeyword$_verifyTextPresent_closure1.call(VerifyTextPresentKeyword.groovy)
	at com.kms.katalon.core.webui.keyword.internal.WebUIKeywordMain.runKeyword(WebUIKeywordMain.groovy:20)
	... 19 more


2023-10-03 13:35:12 - [TEST_STEP][PASSED] - callTestCase(findTestCase("T05 Jadi Kurir/JK-001"), [:], STOP_ON_FAILURE): Call Test Case 'Test Cases/T05 Jadi Kurir/JK-001' successfully

2023-10-03 13:35:12 - [TEST_CASE][PASSED] - Test Cases/T05 Jadi Kurir/JK-001: Test Cases/T05 Jadi Kurir/JK-001

2023-10-03 13:35:12 - [TEST_STEP][PASSED] - callTestCase(findTestCase("T05 Jadi Kurir/LU-001"), ["username":"irfanafandi", "password":"12345irfan"], STOP_ON_FAILURE): Call Test Case 'Test Cases/T05 Jadi Kurir/LU-001' successfully

2023-10-03 13:35:12 - [TEST_CASE][PASSED] - Test Cases/T05 Jadi Kurir/LU-001: Test Cases/T05 Jadi Kurir/LU-001

2023-10-03 13:35:12 - [TEST_STEP][PASSED] - openBrowser("https://10.9.2.63/ecommerce/"): Browser is opened with url: 'https://10.9.2.63/ecommerce/'

2023-10-03 13:35:12 - [MESSAGE][WARNING] - A browser is already opened. Closing browser and opening a new one

2023-10-03 13:35:13 - [MESSAGE][INFO] - Starting 'Firefox' driver

2023-10-03 13:35:13 - [MESSAGE][INFO] - User set preference: ['args', '[--disable-notifications]']

2023-10-03 13:35:13 - [MESSAGE][INFO] - Action delay is set to 0 milliseconds

2023-10-03 13:35:22 - [MESSAGE][PASSED] - Browser is opened with url: 'https://10.9.2.63/ecommerce/'

2023-10-03 13:35:22 - [TEST_STEP][PASSED] - maximizeWindow(): Current window maximized

2023-10-03 13:35:22 - [MESSAGE][PASSED] - Current window maximized

2023-10-03 13:35:22 - [TEST_STEP][PASSED] - verifyElementPresent(findTestObject("Login/Home"), 0): Object 'Object Repository/Login/Home' is present

2023-10-03 13:35:22 - [MESSAGE][WARNING] - Timeout '0' is invalid. Using default page load timeout: '30'

2023-10-03 13:35:23 - [MESSAGE][PASSED] - Object 'Object Repository/Login/Home' is present

2023-10-03 13:35:23 - [TEST_STEP][PASSED] - click(findTestObject("Login/a_Login")): Object: 'Object Repository/Login/a_Login' is clicked on

2023-10-03 13:35:23 - [MESSAGE][PASSED] - Object: 'Object Repository/Login/a_Login' is clicked on

2023-10-03 13:35:23 - [TEST_STEP][PASSED] - verifyElementPresent(findTestObject("Login/Tittle Login"), 0): Object 'Object Repository/Login/Tittle Login' is present

2023-10-03 13:35:23 - [MESSAGE][WARNING] - Timeout '0' is invalid. Using default page load timeout: '30'

2023-10-03 13:35:24 - [MESSAGE][PASSED] - Object 'Object Repository/Login/Tittle Login' is present

2023-10-03 13:35:24 - [TEST_STEP][PASSED] - setText(findTestObject("Login/input_Username, Email atau No. Handphone_a"), username): Text 'irfanafandi' is set on object 'Object Repository/Login/input_Username, Email atau No. Handphone_a'

2023-10-03 13:35:24 - [MESSAGE][PASSED] - Text 'irfanafandi' is set on object 'Object Repository/Login/input_Username, Email atau No. Handphone_a'

2023-10-03 13:35:24 - [TEST_STEP][PASSED] - setText(findTestObject("Login/input_Password_b"), password): Text '12345irfan' is set on object 'Object Repository/Login/input_Password_b'

2023-10-03 13:35:26 - [MESSAGE][PASSED] - Text '12345irfan' is set on object 'Object Repository/Login/input_Password_b'

2023-10-03 13:35:26 - [TEST_STEP][PASSED] - click(findTestObject("Login/label_Ingat saya")): Object: 'Object Repository/Login/label_Ingat saya' is clicked on

2023-10-03 13:35:26 - [MESSAGE][PASSED] - Object: 'Object Repository/Login/label_Ingat saya' is clicked on

2023-10-03 13:35:26 - [TEST_STEP][PASSED] - click(findTestObject("Login/button_Masuk")): Object: 'Object Repository/Login/button_Masuk' is clicked on

2023-10-03 13:35:28 - [MESSAGE][PASSED] - Object: 'Object Repository/Login/button_Masuk' is clicked on

2023-10-03 13:35:28 - [TEST_STEP][PASSED] - verifyElementPresent(findTestObject("Login/li_Profile"), 0): Object 'Object Repository/Login/li_Profile' is present

2023-10-03 13:35:28 - [MESSAGE][WARNING] - Timeout '0' is invalid. Using default page load timeout: '30'

2023-10-03 13:35:28 - [MESSAGE][PASSED] - Object 'Object Repository/Login/li_Profile' is present

2023-10-03 13:35:28 - [MESSAGE][PASSED] - Call Test Case 'Test Cases/T05 Jadi Kurir/LU-001' successfully

2023-10-03 13:35:28 - [TEST_STEP][PASSED] - click(findTestObject("Jadi kurir/a_Jadi Kurir")): Object: 'Object Repository/Jadi kurir/a_Jadi Kurir' is clicked on

2023-10-03 13:35:29 - [MESSAGE][PASSED] - Object: 'Object Repository/Jadi kurir/a_Jadi Kurir' is clicked on

2023-10-03 13:35:29 - [TEST_STEP][PASSED] - verifyElementPresent(findTestObject("Jadi kurir/li_Profile Kurir"), 0): Object 'Object Repository/Jadi kurir/li_Profile Kurir' is present

2023-10-03 13:35:29 - [MESSAGE][WARNING] - Timeout '0' is invalid. Using default page load timeout: '30'

2023-10-03 13:35:30 - [MESSAGE][PASSED] - Object 'Object Repository/Jadi kurir/li_Profile Kurir' is present

2023-10-03 13:35:30 - [MESSAGE][PASSED] - Call Test Case 'Test Cases/T05 Jadi Kurir/JK-001' successfully

2023-10-03 13:35:30 - [TEST_STEP][PASSED] - click(findTestObject("Jadi kurir/a_Daftar  Edit Data")): Object: 'Object Repository/Jadi kurir/a_Daftar  Edit Data' is clicked on

2023-10-03 13:35:31 - [MESSAGE][PASSED] - Object: 'Object Repository/Jadi kurir/a_Daftar  Edit Data' is clicked on

2023-10-03 13:35:31 - [TEST_STEP][PASSED] - verifyElementPresent(findTestObject("Jadi kurir/li_Profile Kurir"), 0): Object 'Object Repository/Jadi kurir/li_Profile Kurir' is present

2023-10-03 13:35:31 - [MESSAGE][WARNING] - Timeout '0' is invalid. Using default page load timeout: '30'

2023-10-03 13:35:32 - [MESSAGE][PASSED] - Object 'Object Repository/Jadi kurir/li_Profile Kurir' is present

2023-10-03 13:35:32 - [TEST_STEP][PASSED] - selectOptionByValue(findTestObject("Jadi kurir/select_- Pilih Kendaraan -Roda 2Roda 4"), Jenis, false): All options with value '2' are selected in object 'Object Repository/Jadi kurir/select_- Pilih Kendaraan -Roda 2Roda 4' 

2023-10-03 13:35:32 - [MESSAGE][PASSED] - All options with value '2' are selected in object 'Object Repository/Jadi kurir/select_- Pilih Kendaraan -Roda 2Roda 4' 

2023-10-03 13:35:32 - [TEST_STEP][PASSED] - setText(findTestObject("Jadi kurir/input_Merek Kendaraan"), Merek_Kendaraan): Text 'toyota supra' is set on object 'Object Repository/Jadi kurir/input_Merek Kendaraan'

2023-10-03 13:35:33 - [MESSAGE][PASSED] - Text 'toyota supra' is set on object 'Object Repository/Jadi kurir/input_Merek Kendaraan'

2023-10-03 13:35:33 - [TEST_STEP][PASSED] - setText(findTestObject("Jadi kurir/input_Plat Nomor"), Plat_Nomor): Text 'Udin' is set on object 'Object Repository/Jadi kurir/input_Plat Nomor'

2023-10-03 13:35:34 - [MESSAGE][PASSED] - Text 'Udin' is set on object 'Object Repository/Jadi kurir/input_Plat Nomor'

2023-10-03 13:35:34 - [TEST_STEP][PASSED] - setText(findTestObject("Jadi kurir/textarea_Keterangan"), Keterangan): Text 'mau daftar dong bang' is set on object 'Object Repository/Jadi kurir/textarea_Keterangan'

2023-10-03 13:35:35 - [MESSAGE][PASSED] - Text 'mau daftar dong bang' is set on object 'Object Repository/Jadi kurir/textarea_Keterangan'

2023-10-03 13:35:35 - [TEST_STEP][PASSED] - uploadFile(findTestObject("Object Repository/Jadi kurir/input_Choose files_uploadFile"), Berkas): File 'C:\Users\IRFAN\Downloads\Berkas2.pdf' sent to object: 'Object Repository/Jadi kurir/input_Choose files_uploadFile'

2023-10-03 13:35:35 - [MESSAGE][PASSED] - File 'C:\Users\IRFAN\Downloads\Berkas2.pdf' sent to object: 'Object Repository/Jadi kurir/input_Choose files_uploadFile'

2023-10-03 13:35:35 - [TEST_STEP][PASSED] - click(findTestObject("Jadi kurir/button_Simpan Perubahan")): Object: 'Object Repository/Jadi kurir/button_Simpan Perubahan' is clicked on

2023-10-03 13:35:39 - [MESSAGE][PASSED] - Object: 'Object Repository/Jadi kurir/button_Simpan Perubahan' is clicked on

2023-10-03 13:35:39 - [TEST_STEP][FAILED] - verifyTextPresent("plat nomor kendaraan tidak sesuai dengan format wilayah indonesia", false): Unable to verify text 'plat nomor kendaraan tidak sesuai dengan format wilayah indonesia' is present  (Root cause: com.kms.katalon.core.exception.StepFailedException: Unable to verify text 'plat nomor kendaraan tidak sesuai dengan format wilayah indonesia' is present 
	at com.kms.katalon.core.webui.keyword.internal.WebUIKeywordMain.stepFailed(WebUIKeywordMain.groovy:64)
	at com.kms.katalon.core.webui.keyword.internal.WebUIKeywordMain.runKeyword(WebUIKeywordMain.groovy:26)
	at com.kms.katalon.core.webui.keyword.builtin.VerifyTextPresentKeyword.verifyTextPresent(VerifyTextPresentKeyword.groovy:83)
	at com.kms.katalon.core.webui.keyword.builtin.VerifyTextPresentKeyword.execute(VerifyTextPresentKeyword.groovy:68)
	at com.kms.katalon.core.keyword.internal.KeywordExecutor.executeKeywordForPlatform(KeywordExecutor.groovy:74)
	at com.kms.katalon.core.webui.keyword.WebUiBuiltInKeywords.verifyTextPresent(WebUiBuiltInKeywords.groovy:1723)
	at com.kms.katalon.core.webui.keyword.WebUiBuiltInKeywords$verifyTextPresent$11.call(Unknown Source)
	at JK-009.run(JK-009:42)
	at com.kms.katalon.core.main.ScriptEngine.run(ScriptEngine.java:194)
	at com.kms.katalon.core.main.ScriptEngine.runScriptAsRawText(ScriptEngine.java:119)
	at com.kms.katalon.core.main.TestCaseExecutor.runScript(TestCaseExecutor.java:448)
	at com.kms.katalon.core.main.TestCaseExecutor.doExecute(TestCaseExecutor.java:439)
	at com.kms.katalon.core.main.TestCaseExecutor.processExecutionPhase(TestCaseExecutor.java:418)
	at com.kms.katalon.core.main.TestCaseExecutor.accessMainPhase(TestCaseExecutor.java:410)
	at com.kms.katalon.core.main.TestCaseExecutor.execute(TestCaseExecutor.java:285)
	at com.kms.katalon.core.common.CommonExecutor.accessTestCaseMainPhase(CommonExecutor.java:65)
	at com.kms.katalon.core.main.TestSuiteExecutor.accessTestSuiteMainPhase(TestSuiteExecutor.java:148)
	at com.kms.katalon.core.main.TestSuiteExecutor.execute(TestSuiteExecutor.java:106)
	at com.kms.katalon.core.main.TestCaseMain.startTestSuite(TestCaseMain.java:187)
	at com.kms.katalon.core.main.TestCaseMain$startTestSuite$0.call(Unknown Source)
	at TempTestSuite1696314682333.run(TempTestSuite1696314682333.groovy:36)
Caused by: com.kms.katalon.core.exception.StepFailedException: Text 'plat nomor kendaraan tidak sesuai dengan format wilayah indonesia' is not present on page 
	at com.kms.katalon.core.webui.keyword.internal.WebUIKeywordMain.stepFailed(WebUIKeywordMain.groovy:64)
	at com.kms.katalon.core.webui.keyword.builtin.VerifyTextPresentKeyword$_verifyTextPresent_closure1.doCall(VerifyTextPresentKeyword.groovy:79)
	at com.kms.katalon.core.webui.keyword.builtin.VerifyTextPresentKeyword$_verifyTextPresent_closure1.call(VerifyTextPresentKeyword.groovy)
	at com.kms.katalon.core.webui.keyword.internal.WebUIKeywordMain.runKeyword(WebUIKeywordMain.groovy:20)
	... 19 more
)

2023-10-03 13:35:40 - [MESSAGE][FAILED] - Text 'plat nomor kendaraan tidak sesuai dengan format wilayah indonesia' is not present on page  (Root cause: com.kms.katalon.core.exception.StepFailedException: Text 'plat nomor kendaraan tidak sesuai dengan format wilayah indonesia' is not present on page 
	at com.kms.katalon.core.webui.keyword.internal.WebUIKeywordMain.stepFailed(WebUIKeywordMain.groovy:64)
	at com.kms.katalon.core.webui.keyword.builtin.VerifyTextPresentKeyword$_verifyTextPresent_closure1.doCall(VerifyTextPresentKeyword.groovy:79)
	at com.kms.katalon.core.webui.keyword.builtin.VerifyTextPresentKeyword$_verifyTextPresent_closure1.call(VerifyTextPresentKeyword.groovy)
	at com.kms.katalon.core.webui.keyword.internal.WebUIKeywordMain.runKeyword(WebUIKeywordMain.groovy:20)
	at com.kms.katalon.core.webui.keyword.builtin.VerifyTextPresentKeyword.verifyTextPresent(VerifyTextPresentKeyword.groovy:83)
	at com.kms.katalon.core.webui.keyword.builtin.VerifyTextPresentKeyword.execute(VerifyTextPresentKeyword.groovy:68)
	at com.kms.katalon.core.keyword.internal.KeywordExecutor.executeKeywordForPlatform(KeywordExecutor.groovy:74)
	at com.kms.katalon.core.webui.keyword.WebUiBuiltInKeywords.verifyTextPresent(WebUiBuiltInKeywords.groovy:1723)
	at com.kms.katalon.core.webui.keyword.WebUiBuiltInKeywords$verifyTextPresent$11.call(Unknown Source)
	at JK-009.run(JK-009:42)
	at com.kms.katalon.core.main.ScriptEngine.run(ScriptEngine.java:194)
	at com.kms.katalon.core.main.ScriptEngine.runScriptAsRawText(ScriptEngine.java:119)
	at com.kms.katalon.core.main.TestCaseExecutor.runScript(TestCaseExecutor.java:448)
	at com.kms.katalon.core.main.TestCaseExecutor.doExecute(TestCaseExecutor.java:439)
	at com.kms.katalon.core.main.TestCaseExecutor.processExecutionPhase(TestCaseExecutor.java:418)
	at com.kms.katalon.core.main.TestCaseExecutor.accessMainPhase(TestCaseExecutor.java:410)
	at com.kms.katalon.core.main.TestCaseExecutor.execute(TestCaseExecutor.java:285)
	at com.kms.katalon.core.common.CommonExecutor.accessTestCaseMainPhase(CommonExecutor.java:65)
	at com.kms.katalon.core.main.TestSuiteExecutor.accessTestSuiteMainPhase(TestSuiteExecutor.java:148)
	at com.kms.katalon.core.main.TestSuiteExecutor.execute(TestSuiteExecutor.java:106)
	at com.kms.katalon.core.main.TestCaseMain.startTestSuite(TestCaseMain.java:187)
	at com.kms.katalon.core.main.TestCaseMain$startTestSuite$0.call(Unknown Source)
	at TempTestSuite1696314682333.run(TempTestSuite1696314682333.groovy:36)
)

2023-10-03 13:35:40 - [MESSAGE][FAILED] - Unable to verify text 'plat nomor kendaraan tidak sesuai dengan format wilayah indonesia' is present  (Root cause: com.kms.katalon.core.exception.StepFailedException: Unable to verify text 'plat nomor kendaraan tidak sesuai dengan format wilayah indonesia' is present 
	at com.kms.katalon.core.webui.keyword.internal.WebUIKeywordMain.stepFailed(WebUIKeywordMain.groovy:64)
	at com.kms.katalon.core.webui.keyword.internal.WebUIKeywordMain.runKeyword(WebUIKeywordMain.groovy:26)
	at com.kms.katalon.core.webui.keyword.builtin.VerifyTextPresentKeyword.verifyTextPresent(VerifyTextPresentKeyword.groovy:83)
	at com.kms.katalon.core.webui.keyword.builtin.VerifyTextPresentKeyword.execute(VerifyTextPresentKeyword.groovy:68)
	at com.kms.katalon.core.keyword.internal.KeywordExecutor.executeKeywordForPlatform(KeywordExecutor.groovy:74)
	at com.kms.katalon.core.webui.keyword.WebUiBuiltInKeywords.verifyTextPresent(WebUiBuiltInKeywords.groovy:1723)
	at com.kms.katalon.core.webui.keyword.WebUiBuiltInKeywords$verifyTextPresent$11.call(Unknown Source)
	at JK-009.run(JK-009:42)
	at com.kms.katalon.core.main.ScriptEngine.run(ScriptEngine.java:194)
	at com.kms.katalon.core.main.ScriptEngine.runScriptAsRawText(ScriptEngine.java:119)
	at com.kms.katalon.core.main.TestCaseExecutor.runScript(TestCaseExecutor.java:448)
	at com.kms.katalon.core.main.TestCaseExecutor.doExecute(TestCaseExecutor.java:439)
	at com.kms.katalon.core.main.TestCaseExecutor.processExecutionPhase(TestCaseExecutor.java:418)
	at com.kms.katalon.core.main.TestCaseExecutor.accessMainPhase(TestCaseExecutor.java:410)
	at com.kms.katalon.core.main.TestCaseExecutor.execute(TestCaseExecutor.java:285)
	at com.kms.katalon.core.common.CommonExecutor.accessTestCaseMainPhase(CommonExecutor.java:65)
	at com.kms.katalon.core.main.TestSuiteExecutor.accessTestSuiteMainPhase(TestSuiteExecutor.java:148)
	at com.kms.katalon.core.main.TestSuiteExecutor.execute(TestSuiteExecutor.java:106)
	at com.kms.katalon.core.main.TestCaseMain.startTestSuite(TestCaseMain.java:187)
	at com.kms.katalon.core.main.TestCaseMain$startTestSuite$0.call(Unknown Source)
	at TempTestSuite1696314682333.run(TempTestSuite1696314682333.groovy:36)
Caused by: com.kms.katalon.core.exception.StepFailedException: Text 'plat nomor kendaraan tidak sesuai dengan format wilayah indonesia' is not present on page 
	at com.kms.katalon.core.webui.keyword.internal.WebUIKeywordMain.stepFailed(WebUIKeywordMain.groovy:64)
	at com.kms.katalon.core.webui.keyword.builtin.VerifyTextPresentKeyword$_verifyTextPresent_closure1.doCall(VerifyTextPresentKeyword.groovy:79)
	at com.kms.katalon.core.webui.keyword.builtin.VerifyTextPresentKeyword$_verifyTextPresent_closure1.call(VerifyTextPresentKeyword.groovy)
	at com.kms.katalon.core.webui.keyword.internal.WebUIKeywordMain.runKeyword(WebUIKeywordMain.groovy:20)
	... 19 more
)
[[ATTACHMENT|D:\\BOOTCAMP XSIS\\Projek 2 MINI PROJEK\\Reports\\20231003_133122\\jadi kurir\\T05 jadi kurir\\20231003_133122\\1696314940492.png]]]]></system-out>
         <system-err><![CDATA[2023-10-03 13:35:11 - [TEST_CASE][FAILED] - Test Cases/T05 Jadi Kurir/JK-009: Test Cases/T05 Jadi Kurir/JK-009 FAILED.
Reason:
com.kms.katalon.core.exception.StepFailedException: Unable to verify text 'plat nomor kendaraan tidak sesuai dengan format wilayah indonesia' is present 
	at com.kms.katalon.core.webui.keyword.internal.WebUIKeywordMain.stepFailed(WebUIKeywordMain.groovy:64)
	at com.kms.katalon.core.webui.keyword.internal.WebUIKeywordMain.runKeyword(WebUIKeywordMain.groovy:26)
	at com.kms.katalon.core.webui.keyword.builtin.VerifyTextPresentKeyword.verifyTextPresent(VerifyTextPresentKeyword.groovy:83)
	at com.kms.katalon.core.webui.keyword.builtin.VerifyTextPresentKeyword.execute(VerifyTextPresentKeyword.groovy:68)
	at com.kms.katalon.core.keyword.internal.KeywordExecutor.executeKeywordForPlatform(KeywordExecutor.groovy:74)
	at com.kms.katalon.core.webui.keyword.WebUiBuiltInKeywords.verifyTextPresent(WebUiBuiltInKeywords.groovy:1723)
	at com.kms.katalon.core.webui.keyword.WebUiBuiltInKeywords$verifyTextPresent$11.call(Unknown Source)
	at JK-009.run(JK-009:42)
	at com.kms.katalon.core.main.ScriptEngine.run(ScriptEngine.java:194)
	at com.kms.katalon.core.main.ScriptEngine.runScriptAsRawText(ScriptEngine.java:119)
	at com.kms.katalon.core.main.TestCaseExecutor.runScript(TestCaseExecutor.java:448)
	at com.kms.katalon.core.main.TestCaseExecutor.doExecute(TestCaseExecutor.java:439)
	at com.kms.katalon.core.main.TestCaseExecutor.processExecutionPhase(TestCaseExecutor.java:418)
	at com.kms.katalon.core.main.TestCaseExecutor.accessMainPhase(TestCaseExecutor.java:410)
	at com.kms.katalon.core.main.TestCaseExecutor.execute(TestCaseExecutor.java:285)
	at com.kms.katalon.core.common.CommonExecutor.accessTestCaseMainPhase(CommonExecutor.java:65)
	at com.kms.katalon.core.main.TestSuiteExecutor.accessTestSuiteMainPhase(TestSuiteExecutor.java:148)
	at com.kms.katalon.core.main.TestSuiteExecutor.execute(TestSuiteExecutor.java:106)
	at com.kms.katalon.core.main.TestCaseMain.startTestSuite(TestCaseMain.java:187)
	at com.kms.katalon.core.main.TestCaseMain$startTestSuite$0.call(Unknown Source)
	at TempTestSuite1696314682333.run(TempTestSuite1696314682333.groovy:36)
Caused by: com.kms.katalon.core.exception.StepFailedException: Text 'plat nomor kendaraan tidak sesuai dengan format wilayah indonesia' is not present on page 
	at com.kms.katalon.core.webui.keyword.internal.WebUIKeywordMain.stepFailed(WebUIKeywordMain.groovy:64)
	at com.kms.katalon.core.webui.keyword.builtin.VerifyTextPresentKeyword$_verifyTextPresent_closure1.doCall(VerifyTextPresentKeyword.groovy:79)
	at com.kms.katalon.core.webui.keyword.builtin.VerifyTextPresentKeyword$_verifyTextPresent_closure1.call(VerifyTextPresentKeyword.groovy)
	at com.kms.katalon.core.webui.keyword.internal.WebUIKeywordMain.runKeyword(WebUIKeywordMain.groovy:20)
	... 19 more]]></system-err>
      </testcase>
      <testcase name="Test Cases/T05 Jadi Kurir/JK-010" time="28.301" classname="Test Cases/T05 Jadi Kurir/JK-010" status="FAILED">
         <failure type="FAILED" message="Test Cases/T05 Jadi Kurir/JK-010 FAILED.
Reason:
com.kms.katalon.core.exception.StepFailedException: Unable to verify text '&quot;plat nomor tidak terdaftar diseluruh wilayah SAMSAT indonesia' is present 
	at com.kms.katalon.core.webui.keyword.internal.WebUIKeywordMain.stepFailed(WebUIKeywordMain.groovy:64)
	at com.kms.katalon.core.webui.keyword.internal.WebUIKeywordMain.runKeyword(WebUIKeywordMain.groovy:26)
	at com.kms.katalon.core.webui.keyword.builtin.VerifyTextPresentKeyword.verifyTextPresent(VerifyTextPresentKeyword.groovy:83)
	at com.kms.katalon.core.webui.keyword.builtin.VerifyTextPresentKeyword.execute(VerifyTextPresentKeyword.groovy:68)
	at com.kms.katalon.core.keyword.internal.KeywordExecutor.executeKeywordForPlatform(KeywordExecutor.groovy:74)
	at com.kms.katalon.core.webui.keyword.WebUiBuiltInKeywords.verifyTextPresent(WebUiBuiltInKeywords.groovy:1723)
	at com.kms.katalon.core.webui.keyword.WebUiBuiltInKeywords$verifyTextPresent$11.call(Unknown Source)
	at JK-010.run(JK-010:42)
	at com.kms.katalon.core.main.ScriptEngine.run(ScriptEngine.java:194)
	at com.kms.katalon.core.main.ScriptEngine.runScriptAsRawText(ScriptEngine.java:119)
	at com.kms.katalon.core.main.TestCaseExecutor.runScript(TestCaseExecutor.java:448)
	at com.kms.katalon.core.main.TestCaseExecutor.doExecute(TestCaseExecutor.java:439)
	at com.kms.katalon.core.main.TestCaseExecutor.processExecutionPhase(TestCaseExecutor.java:418)
	at com.kms.katalon.core.main.TestCaseExecutor.accessMainPhase(TestCaseExecutor.java:410)
	at com.kms.katalon.core.main.TestCaseExecutor.execute(TestCaseExecutor.java:285)
	at com.kms.katalon.core.common.CommonExecutor.accessTestCaseMainPhase(CommonExecutor.java:65)
	at com.kms.katalon.core.main.TestSuiteExecutor.accessTestSuiteMainPhase(TestSuiteExecutor.java:148)
	at com.kms.katalon.core.main.TestSuiteExecutor.execute(TestSuiteExecutor.java:106)
	at com.kms.katalon.core.main.TestCaseMain.startTestSuite(TestCaseMain.java:187)
	at com.kms.katalon.core.main.TestCaseMain$startTestSuite$0.call(Unknown Source)
	at TempTestSuite1696314682333.run(TempTestSuite1696314682333.groovy:36)
Caused by: com.kms.katalon.core.exception.StepFailedException: Text '&quot;plat nomor tidak terdaftar diseluruh wilayah SAMSAT indonesia' is not present on page 
	at com.kms.katalon.core.webui.keyword.internal.WebUIKeywordMain.stepFailed(WebUIKeywordMain.groovy:64)
	at com.kms.katalon.core.webui.keyword.builtin.VerifyTextPresentKeyword$_verifyTextPresent_closure1.doCall(VerifyTextPresentKeyword.groovy:79)
	at com.kms.katalon.core.webui.keyword.builtin.VerifyTextPresentKeyword$_verifyTextPresent_closure1.call(VerifyTextPresentKeyword.groovy)
	at com.kms.katalon.core.webui.keyword.internal.WebUIKeywordMain.runKeyword(WebUIKeywordMain.groovy:20)
	... 19 more
"/>
         <system-out><![CDATA[2023-10-03 13:35:40 - [TEST_CASE][FAILED] - Test Cases/T05 Jadi Kurir/JK-010: Test Cases/T05 Jadi Kurir/JK-010 FAILED.
Reason:
com.kms.katalon.core.exception.StepFailedException: Unable to verify text '"plat nomor tidak terdaftar diseluruh wilayah SAMSAT indonesia' is present 
	at com.kms.katalon.core.webui.keyword.internal.WebUIKeywordMain.stepFailed(WebUIKeywordMain.groovy:64)
	at com.kms.katalon.core.webui.keyword.internal.WebUIKeywordMain.runKeyword(WebUIKeywordMain.groovy:26)
	at com.kms.katalon.core.webui.keyword.builtin.VerifyTextPresentKeyword.verifyTextPresent(VerifyTextPresentKeyword.groovy:83)
	at com.kms.katalon.core.webui.keyword.builtin.VerifyTextPresentKeyword.execute(VerifyTextPresentKeyword.groovy:68)
	at com.kms.katalon.core.keyword.internal.KeywordExecutor.executeKeywordForPlatform(KeywordExecutor.groovy:74)
	at com.kms.katalon.core.webui.keyword.WebUiBuiltInKeywords.verifyTextPresent(WebUiBuiltInKeywords.groovy:1723)
	at com.kms.katalon.core.webui.keyword.WebUiBuiltInKeywords$verifyTextPresent$11.call(Unknown Source)
	at JK-010.run(JK-010:42)
	at com.kms.katalon.core.main.ScriptEngine.run(ScriptEngine.java:194)
	at com.kms.katalon.core.main.ScriptEngine.runScriptAsRawText(ScriptEngine.java:119)
	at com.kms.katalon.core.main.TestCaseExecutor.runScript(TestCaseExecutor.java:448)
	at com.kms.katalon.core.main.TestCaseExecutor.doExecute(TestCaseExecutor.java:439)
	at com.kms.katalon.core.main.TestCaseExecutor.processExecutionPhase(TestCaseExecutor.java:418)
	at com.kms.katalon.core.main.TestCaseExecutor.accessMainPhase(TestCaseExecutor.java:410)
	at com.kms.katalon.core.main.TestCaseExecutor.execute(TestCaseExecutor.java:285)
	at com.kms.katalon.core.common.CommonExecutor.accessTestCaseMainPhase(CommonExecutor.java:65)
	at com.kms.katalon.core.main.TestSuiteExecutor.accessTestSuiteMainPhase(TestSuiteExecutor.java:148)
	at com.kms.katalon.core.main.TestSuiteExecutor.execute(TestSuiteExecutor.java:106)
	at com.kms.katalon.core.main.TestCaseMain.startTestSuite(TestCaseMain.java:187)
	at com.kms.katalon.core.main.TestCaseMain$startTestSuite$0.call(Unknown Source)
	at TempTestSuite1696314682333.run(TempTestSuite1696314682333.groovy:36)
Caused by: com.kms.katalon.core.exception.StepFailedException: Text '"plat nomor tidak terdaftar diseluruh wilayah SAMSAT indonesia' is not present on page 
	at com.kms.katalon.core.webui.keyword.internal.WebUIKeywordMain.stepFailed(WebUIKeywordMain.groovy:64)
	at com.kms.katalon.core.webui.keyword.builtin.VerifyTextPresentKeyword$_verifyTextPresent_closure1.doCall(VerifyTextPresentKeyword.groovy:79)
	at com.kms.katalon.core.webui.keyword.builtin.VerifyTextPresentKeyword$_verifyTextPresent_closure1.call(VerifyTextPresentKeyword.groovy)
	at com.kms.katalon.core.webui.keyword.internal.WebUIKeywordMain.runKeyword(WebUIKeywordMain.groovy:20)
	... 19 more


2023-10-03 13:35:41 - [TEST_STEP][PASSED] - callTestCase(findTestCase("T05 Jadi Kurir/JK-001"), [:], STOP_ON_FAILURE): Call Test Case 'Test Cases/T05 Jadi Kurir/JK-001' successfully

2023-10-03 13:35:41 - [TEST_CASE][PASSED] - Test Cases/T05 Jadi Kurir/JK-001: Test Cases/T05 Jadi Kurir/JK-001

2023-10-03 13:35:41 - [TEST_STEP][PASSED] - callTestCase(findTestCase("T05 Jadi Kurir/LU-001"), ["username":"irfanafandi", "password":"12345irfan"], STOP_ON_FAILURE): Call Test Case 'Test Cases/T05 Jadi Kurir/LU-001' successfully

2023-10-03 13:35:41 - [TEST_CASE][PASSED] - Test Cases/T05 Jadi Kurir/LU-001: Test Cases/T05 Jadi Kurir/LU-001

2023-10-03 13:35:41 - [TEST_STEP][PASSED] - openBrowser("https://10.9.2.63/ecommerce/"): Browser is opened with url: 'https://10.9.2.63/ecommerce/'

2023-10-03 13:35:41 - [MESSAGE][WARNING] - A browser is already opened. Closing browser and opening a new one

2023-10-03 13:35:42 - [MESSAGE][INFO] - Starting 'Firefox' driver

2023-10-03 13:35:42 - [MESSAGE][INFO] - User set preference: ['args', '[--disable-notifications]']

2023-10-03 13:35:42 - [MESSAGE][INFO] - Action delay is set to 0 milliseconds

2023-10-03 13:35:52 - [MESSAGE][PASSED] - Browser is opened with url: 'https://10.9.2.63/ecommerce/'

2023-10-03 13:35:52 - [TEST_STEP][PASSED] - maximizeWindow(): Current window maximized

2023-10-03 13:35:52 - [MESSAGE][PASSED] - Current window maximized

2023-10-03 13:35:52 - [TEST_STEP][PASSED] - verifyElementPresent(findTestObject("Login/Home"), 0): Object 'Object Repository/Login/Home' is present

2023-10-03 13:35:52 - [MESSAGE][WARNING] - Timeout '0' is invalid. Using default page load timeout: '30'

2023-10-03 13:35:52 - [MESSAGE][PASSED] - Object 'Object Repository/Login/Home' is present

2023-10-03 13:35:52 - [TEST_STEP][PASSED] - click(findTestObject("Login/a_Login")): Object: 'Object Repository/Login/a_Login' is clicked on

2023-10-03 13:35:53 - [MESSAGE][PASSED] - Object: 'Object Repository/Login/a_Login' is clicked on

2023-10-03 13:35:53 - [TEST_STEP][PASSED] - verifyElementPresent(findTestObject("Login/Tittle Login"), 0): Object 'Object Repository/Login/Tittle Login' is present

2023-10-03 13:35:53 - [MESSAGE][WARNING] - Timeout '0' is invalid. Using default page load timeout: '30'

2023-10-03 13:35:54 - [MESSAGE][PASSED] - Object 'Object Repository/Login/Tittle Login' is present

2023-10-03 13:35:54 - [TEST_STEP][PASSED] - setText(findTestObject("Login/input_Username, Email atau No. Handphone_a"), username): Text 'irfanafandi' is set on object 'Object Repository/Login/input_Username, Email atau No. Handphone_a'

2023-10-03 13:35:55 - [MESSAGE][PASSED] - Text 'irfanafandi' is set on object 'Object Repository/Login/input_Username, Email atau No. Handphone_a'

2023-10-03 13:35:55 - [TEST_STEP][PASSED] - setText(findTestObject("Login/input_Password_b"), password): Text '12345irfan' is set on object 'Object Repository/Login/input_Password_b'

2023-10-03 13:35:55 - [MESSAGE][PASSED] - Text '12345irfan' is set on object 'Object Repository/Login/input_Password_b'

2023-10-03 13:35:55 - [TEST_STEP][PASSED] - click(findTestObject("Login/label_Ingat saya")): Object: 'Object Repository/Login/label_Ingat saya' is clicked on

2023-10-03 13:35:56 - [MESSAGE][PASSED] - Object: 'Object Repository/Login/label_Ingat saya' is clicked on

2023-10-03 13:35:56 - [TEST_STEP][PASSED] - click(findTestObject("Login/button_Masuk")): Object: 'Object Repository/Login/button_Masuk' is clicked on

2023-10-03 13:35:57 - [MESSAGE][PASSED] - Object: 'Object Repository/Login/button_Masuk' is clicked on

2023-10-03 13:35:57 - [TEST_STEP][PASSED] - verifyElementPresent(findTestObject("Login/li_Profile"), 0): Object 'Object Repository/Login/li_Profile' is present

2023-10-03 13:35:57 - [MESSAGE][WARNING] - Timeout '0' is invalid. Using default page load timeout: '30'

2023-10-03 13:35:58 - [MESSAGE][PASSED] - Object 'Object Repository/Login/li_Profile' is present

2023-10-03 13:35:58 - [MESSAGE][PASSED] - Call Test Case 'Test Cases/T05 Jadi Kurir/LU-001' successfully

2023-10-03 13:35:58 - [TEST_STEP][PASSED] - click(findTestObject("Jadi kurir/a_Jadi Kurir")): Object: 'Object Repository/Jadi kurir/a_Jadi Kurir' is clicked on

2023-10-03 13:35:59 - [MESSAGE][PASSED] - Object: 'Object Repository/Jadi kurir/a_Jadi Kurir' is clicked on

2023-10-03 13:35:59 - [TEST_STEP][PASSED] - verifyElementPresent(findTestObject("Jadi kurir/li_Profile Kurir"), 0): Object 'Object Repository/Jadi kurir/li_Profile Kurir' is present

2023-10-03 13:35:59 - [MESSAGE][WARNING] - Timeout '0' is invalid. Using default page load timeout: '30'

2023-10-03 13:36:00 - [MESSAGE][PASSED] - Object 'Object Repository/Jadi kurir/li_Profile Kurir' is present

2023-10-03 13:36:00 - [MESSAGE][PASSED] - Call Test Case 'Test Cases/T05 Jadi Kurir/JK-001' successfully

2023-10-03 13:36:00 - [TEST_STEP][PASSED] - click(findTestObject("Jadi kurir/a_Daftar  Edit Data")): Object: 'Object Repository/Jadi kurir/a_Daftar  Edit Data' is clicked on

2023-10-03 13:36:01 - [MESSAGE][PASSED] - Object: 'Object Repository/Jadi kurir/a_Daftar  Edit Data' is clicked on

2023-10-03 13:36:01 - [TEST_STEP][PASSED] - verifyElementPresent(findTestObject("Jadi kurir/li_Profile Kurir"), 0): Object 'Object Repository/Jadi kurir/li_Profile Kurir' is present

2023-10-03 13:36:01 - [MESSAGE][WARNING] - Timeout '0' is invalid. Using default page load timeout: '30'

2023-10-03 13:36:02 - [MESSAGE][PASSED] - Object 'Object Repository/Jadi kurir/li_Profile Kurir' is present

2023-10-03 13:36:02 - [TEST_STEP][PASSED] - selectOptionByValue(findTestObject("Jadi kurir/select_- Pilih Kendaraan -Roda 2Roda 4"), Jenis, false): All options with value '2' are selected in object 'Object Repository/Jadi kurir/select_- Pilih Kendaraan -Roda 2Roda 4' 

2023-10-03 13:36:03 - [MESSAGE][PASSED] - All options with value '2' are selected in object 'Object Repository/Jadi kurir/select_- Pilih Kendaraan -Roda 2Roda 4' 

2023-10-03 13:36:03 - [TEST_STEP][PASSED] - setText(findTestObject("Jadi kurir/input_Merek Kendaraan"), Merek_Kendaraan): Text 'toyota supra' is set on object 'Object Repository/Jadi kurir/input_Merek Kendaraan'

2023-10-03 13:36:03 - [MESSAGE][PASSED] - Text 'toyota supra' is set on object 'Object Repository/Jadi kurir/input_Merek Kendaraan'

2023-10-03 13:36:03 - [TEST_STEP][PASSED] - setText(findTestObject("Jadi kurir/input_Plat Nomor"), Plat_Nomor): Text 'OHZ6121' is set on object 'Object Repository/Jadi kurir/input_Plat Nomor'

2023-10-03 13:36:04 - [MESSAGE][PASSED] - Text 'OHZ6121' is set on object 'Object Repository/Jadi kurir/input_Plat Nomor'

2023-10-03 13:36:04 - [TEST_STEP][PASSED] - setText(findTestObject("Jadi kurir/textarea_Keterangan"), Keterangan): Text 'mau daftar dong bang' is set on object 'Object Repository/Jadi kurir/textarea_Keterangan'

2023-10-03 13:36:05 - [MESSAGE][PASSED] - Text 'mau daftar dong bang' is set on object 'Object Repository/Jadi kurir/textarea_Keterangan'

2023-10-03 13:36:05 - [TEST_STEP][PASSED] - uploadFile(findTestObject("Object Repository/Jadi kurir/input_Choose files_uploadFile"), Berkas): File 'C:\Users\IRFAN\Downloads\Berkas2.pdf' sent to object: 'Object Repository/Jadi kurir/input_Choose files_uploadFile'

2023-10-03 13:36:05 - [MESSAGE][PASSED] - File 'C:\Users\IRFAN\Downloads\Berkas2.pdf' sent to object: 'Object Repository/Jadi kurir/input_Choose files_uploadFile'

2023-10-03 13:36:05 - [TEST_STEP][PASSED] - click(findTestObject("Jadi kurir/button_Simpan Perubahan")): Object: 'Object Repository/Jadi kurir/button_Simpan Perubahan' is clicked on

2023-10-03 13:36:07 - [MESSAGE][PASSED] - Object: 'Object Repository/Jadi kurir/button_Simpan Perubahan' is clicked on

2023-10-03 13:36:07 - [TEST_STEP][FAILED] - verifyTextPresent(""plat nomor tidak terdaftar diseluruh wilayah SAMSAT indonesia", false): Unable to verify text '"plat nomor tidak terdaftar diseluruh wilayah SAMSAT indonesia' is present  (Root cause: com.kms.katalon.core.exception.StepFailedException: Unable to verify text '"plat nomor tidak terdaftar diseluruh wilayah SAMSAT indonesia' is present 
	at com.kms.katalon.core.webui.keyword.internal.WebUIKeywordMain.stepFailed(WebUIKeywordMain.groovy:64)
	at com.kms.katalon.core.webui.keyword.internal.WebUIKeywordMain.runKeyword(WebUIKeywordMain.groovy:26)
	at com.kms.katalon.core.webui.keyword.builtin.VerifyTextPresentKeyword.verifyTextPresent(VerifyTextPresentKeyword.groovy:83)
	at com.kms.katalon.core.webui.keyword.builtin.VerifyTextPresentKeyword.execute(VerifyTextPresentKeyword.groovy:68)
	at com.kms.katalon.core.keyword.internal.KeywordExecutor.executeKeywordForPlatform(KeywordExecutor.groovy:74)
	at com.kms.katalon.core.webui.keyword.WebUiBuiltInKeywords.verifyTextPresent(WebUiBuiltInKeywords.groovy:1723)
	at com.kms.katalon.core.webui.keyword.WebUiBuiltInKeywords$verifyTextPresent$11.call(Unknown Source)
	at JK-010.run(JK-010:42)
	at com.kms.katalon.core.main.ScriptEngine.run(ScriptEngine.java:194)
	at com.kms.katalon.core.main.ScriptEngine.runScriptAsRawText(ScriptEngine.java:119)
	at com.kms.katalon.core.main.TestCaseExecutor.runScript(TestCaseExecutor.java:448)
	at com.kms.katalon.core.main.TestCaseExecutor.doExecute(TestCaseExecutor.java:439)
	at com.kms.katalon.core.main.TestCaseExecutor.processExecutionPhase(TestCaseExecutor.java:418)
	at com.kms.katalon.core.main.TestCaseExecutor.accessMainPhase(TestCaseExecutor.java:410)
	at com.kms.katalon.core.main.TestCaseExecutor.execute(TestCaseExecutor.java:285)
	at com.kms.katalon.core.common.CommonExecutor.accessTestCaseMainPhase(CommonExecutor.java:65)
	at com.kms.katalon.core.main.TestSuiteExecutor.accessTestSuiteMainPhase(TestSuiteExecutor.java:148)
	at com.kms.katalon.core.main.TestSuiteExecutor.execute(TestSuiteExecutor.java:106)
	at com.kms.katalon.core.main.TestCaseMain.startTestSuite(TestCaseMain.java:187)
	at com.kms.katalon.core.main.TestCaseMain$startTestSuite$0.call(Unknown Source)
	at TempTestSuite1696314682333.run(TempTestSuite1696314682333.groovy:36)
Caused by: com.kms.katalon.core.exception.StepFailedException: Text '"plat nomor tidak terdaftar diseluruh wilayah SAMSAT indonesia' is not present on page 
	at com.kms.katalon.core.webui.keyword.internal.WebUIKeywordMain.stepFailed(WebUIKeywordMain.groovy:64)
	at com.kms.katalon.core.webui.keyword.builtin.VerifyTextPresentKeyword$_verifyTextPresent_closure1.doCall(VerifyTextPresentKeyword.groovy:79)
	at com.kms.katalon.core.webui.keyword.builtin.VerifyTextPresentKeyword$_verifyTextPresent_closure1.call(VerifyTextPresentKeyword.groovy)
	at com.kms.katalon.core.webui.keyword.internal.WebUIKeywordMain.runKeyword(WebUIKeywordMain.groovy:20)
	... 19 more
)

2023-10-03 13:36:08 - [MESSAGE][FAILED] - Text '"plat nomor tidak terdaftar diseluruh wilayah SAMSAT indonesia' is not present on page  (Root cause: com.kms.katalon.core.exception.StepFailedException: Text '"plat nomor tidak terdaftar diseluruh wilayah SAMSAT indonesia' is not present on page 
	at com.kms.katalon.core.webui.keyword.internal.WebUIKeywordMain.stepFailed(WebUIKeywordMain.groovy:64)
	at com.kms.katalon.core.webui.keyword.builtin.VerifyTextPresentKeyword$_verifyTextPresent_closure1.doCall(VerifyTextPresentKeyword.groovy:79)
	at com.kms.katalon.core.webui.keyword.builtin.VerifyTextPresentKeyword$_verifyTextPresent_closure1.call(VerifyTextPresentKeyword.groovy)
	at com.kms.katalon.core.webui.keyword.internal.WebUIKeywordMain.runKeyword(WebUIKeywordMain.groovy:20)
	at com.kms.katalon.core.webui.keyword.builtin.VerifyTextPresentKeyword.verifyTextPresent(VerifyTextPresentKeyword.groovy:83)
	at com.kms.katalon.core.webui.keyword.builtin.VerifyTextPresentKeyword.execute(VerifyTextPresentKeyword.groovy:68)
	at com.kms.katalon.core.keyword.internal.KeywordExecutor.executeKeywordForPlatform(KeywordExecutor.groovy:74)
	at com.kms.katalon.core.webui.keyword.WebUiBuiltInKeywords.verifyTextPresent(WebUiBuiltInKeywords.groovy:1723)
	at com.kms.katalon.core.webui.keyword.WebUiBuiltInKeywords$verifyTextPresent$11.call(Unknown Source)
	at JK-010.run(JK-010:42)
	at com.kms.katalon.core.main.ScriptEngine.run(ScriptEngine.java:194)
	at com.kms.katalon.core.main.ScriptEngine.runScriptAsRawText(ScriptEngine.java:119)
	at com.kms.katalon.core.main.TestCaseExecutor.runScript(TestCaseExecutor.java:448)
	at com.kms.katalon.core.main.TestCaseExecutor.doExecute(TestCaseExecutor.java:439)
	at com.kms.katalon.core.main.TestCaseExecutor.processExecutionPhase(TestCaseExecutor.java:418)
	at com.kms.katalon.core.main.TestCaseExecutor.accessMainPhase(TestCaseExecutor.java:410)
	at com.kms.katalon.core.main.TestCaseExecutor.execute(TestCaseExecutor.java:285)
	at com.kms.katalon.core.common.CommonExecutor.accessTestCaseMainPhase(CommonExecutor.java:65)
	at com.kms.katalon.core.main.TestSuiteExecutor.accessTestSuiteMainPhase(TestSuiteExecutor.java:148)
	at com.kms.katalon.core.main.TestSuiteExecutor.execute(TestSuiteExecutor.java:106)
	at com.kms.katalon.core.main.TestCaseMain.startTestSuite(TestCaseMain.java:187)
	at com.kms.katalon.core.main.TestCaseMain$startTestSuite$0.call(Unknown Source)
	at TempTestSuite1696314682333.run(TempTestSuite1696314682333.groovy:36)
)

2023-10-03 13:36:08 - [MESSAGE][FAILED] - Unable to verify text '"plat nomor tidak terdaftar diseluruh wilayah SAMSAT indonesia' is present  (Root cause: com.kms.katalon.core.exception.StepFailedException: Unable to verify text '"plat nomor tidak terdaftar diseluruh wilayah SAMSAT indonesia' is present 
	at com.kms.katalon.core.webui.keyword.internal.WebUIKeywordMain.stepFailed(WebUIKeywordMain.groovy:64)
	at com.kms.katalon.core.webui.keyword.internal.WebUIKeywordMain.runKeyword(WebUIKeywordMain.groovy:26)
	at com.kms.katalon.core.webui.keyword.builtin.VerifyTextPresentKeyword.verifyTextPresent(VerifyTextPresentKeyword.groovy:83)
	at com.kms.katalon.core.webui.keyword.builtin.VerifyTextPresentKeyword.execute(VerifyTextPresentKeyword.groovy:68)
	at com.kms.katalon.core.keyword.internal.KeywordExecutor.executeKeywordForPlatform(KeywordExecutor.groovy:74)
	at com.kms.katalon.core.webui.keyword.WebUiBuiltInKeywords.verifyTextPresent(WebUiBuiltInKeywords.groovy:1723)
	at com.kms.katalon.core.webui.keyword.WebUiBuiltInKeywords$verifyTextPresent$11.call(Unknown Source)
	at JK-010.run(JK-010:42)
	at com.kms.katalon.core.main.ScriptEngine.run(ScriptEngine.java:194)
	at com.kms.katalon.core.main.ScriptEngine.runScriptAsRawText(ScriptEngine.java:119)
	at com.kms.katalon.core.main.TestCaseExecutor.runScript(TestCaseExecutor.java:448)
	at com.kms.katalon.core.main.TestCaseExecutor.doExecute(TestCaseExecutor.java:439)
	at com.kms.katalon.core.main.TestCaseExecutor.processExecutionPhase(TestCaseExecutor.java:418)
	at com.kms.katalon.core.main.TestCaseExecutor.accessMainPhase(TestCaseExecutor.java:410)
	at com.kms.katalon.core.main.TestCaseExecutor.execute(TestCaseExecutor.java:285)
	at com.kms.katalon.core.common.CommonExecutor.accessTestCaseMainPhase(CommonExecutor.java:65)
	at com.kms.katalon.core.main.TestSuiteExecutor.accessTestSuiteMainPhase(TestSuiteExecutor.java:148)
	at com.kms.katalon.core.main.TestSuiteExecutor.execute(TestSuiteExecutor.java:106)
	at com.kms.katalon.core.main.TestCaseMain.startTestSuite(TestCaseMain.java:187)
	at com.kms.katalon.core.main.TestCaseMain$startTestSuite$0.call(Unknown Source)
	at TempTestSuite1696314682333.run(TempTestSuite1696314682333.groovy:36)
Caused by: com.kms.katalon.core.exception.StepFailedException: Text '"plat nomor tidak terdaftar diseluruh wilayah SAMSAT indonesia' is not present on page 
	at com.kms.katalon.core.webui.keyword.internal.WebUIKeywordMain.stepFailed(WebUIKeywordMain.groovy:64)
	at com.kms.katalon.core.webui.keyword.builtin.VerifyTextPresentKeyword$_verifyTextPresent_closure1.doCall(VerifyTextPresentKeyword.groovy:79)
	at com.kms.katalon.core.webui.keyword.builtin.VerifyTextPresentKeyword$_verifyTextPresent_closure1.call(VerifyTextPresentKeyword.groovy)
	at com.kms.katalon.core.webui.keyword.internal.WebUIKeywordMain.runKeyword(WebUIKeywordMain.groovy:20)
	... 19 more
)
[[ATTACHMENT|D:\\BOOTCAMP XSIS\\Projek 2 MINI PROJEK\\Reports\\20231003_133122\\jadi kurir\\T05 jadi kurir\\20231003_133122\\1696314968806.png]]]]></system-out>
         <system-err><![CDATA[2023-10-03 13:35:40 - [TEST_CASE][FAILED] - Test Cases/T05 Jadi Kurir/JK-010: Test Cases/T05 Jadi Kurir/JK-010 FAILED.
Reason:
com.kms.katalon.core.exception.StepFailedException: Unable to verify text '"plat nomor tidak terdaftar diseluruh wilayah SAMSAT indonesia' is present 
	at com.kms.katalon.core.webui.keyword.internal.WebUIKeywordMain.stepFailed(WebUIKeywordMain.groovy:64)
	at com.kms.katalon.core.webui.keyword.internal.WebUIKeywordMain.runKeyword(WebUIKeywordMain.groovy:26)
	at com.kms.katalon.core.webui.keyword.builtin.VerifyTextPresentKeyword.verifyTextPresent(VerifyTextPresentKeyword.groovy:83)
	at com.kms.katalon.core.webui.keyword.builtin.VerifyTextPresentKeyword.execute(VerifyTextPresentKeyword.groovy:68)
	at com.kms.katalon.core.keyword.internal.KeywordExecutor.executeKeywordForPlatform(KeywordExecutor.groovy:74)
	at com.kms.katalon.core.webui.keyword.WebUiBuiltInKeywords.verifyTextPresent(WebUiBuiltInKeywords.groovy:1723)
	at com.kms.katalon.core.webui.keyword.WebUiBuiltInKeywords$verifyTextPresent$11.call(Unknown Source)
	at JK-010.run(JK-010:42)
	at com.kms.katalon.core.main.ScriptEngine.run(ScriptEngine.java:194)
	at com.kms.katalon.core.main.ScriptEngine.runScriptAsRawText(ScriptEngine.java:119)
	at com.kms.katalon.core.main.TestCaseExecutor.runScript(TestCaseExecutor.java:448)
	at com.kms.katalon.core.main.TestCaseExecutor.doExecute(TestCaseExecutor.java:439)
	at com.kms.katalon.core.main.TestCaseExecutor.processExecutionPhase(TestCaseExecutor.java:418)
	at com.kms.katalon.core.main.TestCaseExecutor.accessMainPhase(TestCaseExecutor.java:410)
	at com.kms.katalon.core.main.TestCaseExecutor.execute(TestCaseExecutor.java:285)
	at com.kms.katalon.core.common.CommonExecutor.accessTestCaseMainPhase(CommonExecutor.java:65)
	at com.kms.katalon.core.main.TestSuiteExecutor.accessTestSuiteMainPhase(TestSuiteExecutor.java:148)
	at com.kms.katalon.core.main.TestSuiteExecutor.execute(TestSuiteExecutor.java:106)
	at com.kms.katalon.core.main.TestCaseMain.startTestSuite(TestCaseMain.java:187)
	at com.kms.katalon.core.main.TestCaseMain$startTestSuite$0.call(Unknown Source)
	at TempTestSuite1696314682333.run(TempTestSuite1696314682333.groovy:36)
Caused by: com.kms.katalon.core.exception.StepFailedException: Text '"plat nomor tidak terdaftar diseluruh wilayah SAMSAT indonesia' is not present on page 
	at com.kms.katalon.core.webui.keyword.internal.WebUIKeywordMain.stepFailed(WebUIKeywordMain.groovy:64)
	at com.kms.katalon.core.webui.keyword.builtin.VerifyTextPresentKeyword$_verifyTextPresent_closure1.doCall(VerifyTextPresentKeyword.groovy:79)
	at com.kms.katalon.core.webui.keyword.builtin.VerifyTextPresentKeyword$_verifyTextPresent_closure1.call(VerifyTextPresentKeyword.groovy)
	at com.kms.katalon.core.webui.keyword.internal.WebUIKeywordMain.runKeyword(WebUIKeywordMain.groovy:20)
	... 19 more]]></system-err>
      </testcase>
      <testcase name="Test Cases/T05 Jadi Kurir/JK-011" time="22.639" classname="Test Cases/T05 Jadi Kurir/JK-011" status="FAILED">
         <failure type="FAILED" message="Test Cases/T05 Jadi Kurir/JK-011 FAILED.
Reason:
com.kms.katalon.core.exception.StepFailedException: Unable to verify text 'plat nomor tidak terdaftar diseluruh wilayah SAMSAT indonesia' is present 
	at com.kms.katalon.core.webui.keyword.internal.WebUIKeywordMain.stepFailed(WebUIKeywordMain.groovy:64)
	at com.kms.katalon.core.webui.keyword.internal.WebUIKeywordMain.runKeyword(WebUIKeywordMain.groovy:26)
	at com.kms.katalon.core.webui.keyword.builtin.VerifyTextPresentKeyword.verifyTextPresent(VerifyTextPresentKeyword.groovy:83)
	at com.kms.katalon.core.webui.keyword.builtin.VerifyTextPresentKeyword.execute(VerifyTextPresentKeyword.groovy:68)
	at com.kms.katalon.core.keyword.internal.KeywordExecutor.executeKeywordForPlatform(KeywordExecutor.groovy:74)
	at com.kms.katalon.core.webui.keyword.WebUiBuiltInKeywords.verifyTextPresent(WebUiBuiltInKeywords.groovy:1723)
	at com.kms.katalon.core.webui.keyword.WebUiBuiltInKeywords$verifyTextPresent$11.call(Unknown Source)
	at JK-011.run(JK-011:42)
	at com.kms.katalon.core.main.ScriptEngine.run(ScriptEngine.java:194)
	at com.kms.katalon.core.main.ScriptEngine.runScriptAsRawText(ScriptEngine.java:119)
	at com.kms.katalon.core.main.TestCaseExecutor.runScript(TestCaseExecutor.java:448)
	at com.kms.katalon.core.main.TestCaseExecutor.doExecute(TestCaseExecutor.java:439)
	at com.kms.katalon.core.main.TestCaseExecutor.processExecutionPhase(TestCaseExecutor.java:418)
	at com.kms.katalon.core.main.TestCaseExecutor.accessMainPhase(TestCaseExecutor.java:410)
	at com.kms.katalon.core.main.TestCaseExecutor.execute(TestCaseExecutor.java:285)
	at com.kms.katalon.core.common.CommonExecutor.accessTestCaseMainPhase(CommonExecutor.java:65)
	at com.kms.katalon.core.main.TestSuiteExecutor.accessTestSuiteMainPhase(TestSuiteExecutor.java:148)
	at com.kms.katalon.core.main.TestSuiteExecutor.execute(TestSuiteExecutor.java:106)
	at com.kms.katalon.core.main.TestCaseMain.startTestSuite(TestCaseMain.java:187)
	at com.kms.katalon.core.main.TestCaseMain$startTestSuite$0.call(Unknown Source)
	at TempTestSuite1696314682333.run(TempTestSuite1696314682333.groovy:36)
Caused by: com.kms.katalon.core.exception.StepFailedException: Text 'plat nomor tidak terdaftar diseluruh wilayah SAMSAT indonesia' is not present on page 
	at com.kms.katalon.core.webui.keyword.internal.WebUIKeywordMain.stepFailed(WebUIKeywordMain.groovy:64)
	at com.kms.katalon.core.webui.keyword.builtin.VerifyTextPresentKeyword$_verifyTextPresent_closure1.doCall(VerifyTextPresentKeyword.groovy:79)
	at com.kms.katalon.core.webui.keyword.builtin.VerifyTextPresentKeyword$_verifyTextPresent_closure1.call(VerifyTextPresentKeyword.groovy)
	at com.kms.katalon.core.webui.keyword.internal.WebUIKeywordMain.runKeyword(WebUIKeywordMain.groovy:20)
	... 19 more
"/>
         <system-out><![CDATA[2023-10-03 13:36:08 - [TEST_CASE][FAILED] - Test Cases/T05 Jadi Kurir/JK-011: Test Cases/T05 Jadi Kurir/JK-011 FAILED.
Reason:
com.kms.katalon.core.exception.StepFailedException: Unable to verify text 'plat nomor tidak terdaftar diseluruh wilayah SAMSAT indonesia' is present 
	at com.kms.katalon.core.webui.keyword.internal.WebUIKeywordMain.stepFailed(WebUIKeywordMain.groovy:64)
	at com.kms.katalon.core.webui.keyword.internal.WebUIKeywordMain.runKeyword(WebUIKeywordMain.groovy:26)
	at com.kms.katalon.core.webui.keyword.builtin.VerifyTextPresentKeyword.verifyTextPresent(VerifyTextPresentKeyword.groovy:83)
	at com.kms.katalon.core.webui.keyword.builtin.VerifyTextPresentKeyword.execute(VerifyTextPresentKeyword.groovy:68)
	at com.kms.katalon.core.keyword.internal.KeywordExecutor.executeKeywordForPlatform(KeywordExecutor.groovy:74)
	at com.kms.katalon.core.webui.keyword.WebUiBuiltInKeywords.verifyTextPresent(WebUiBuiltInKeywords.groovy:1723)
	at com.kms.katalon.core.webui.keyword.WebUiBuiltInKeywords$verifyTextPresent$11.call(Unknown Source)
	at JK-011.run(JK-011:42)
	at com.kms.katalon.core.main.ScriptEngine.run(ScriptEngine.java:194)
	at com.kms.katalon.core.main.ScriptEngine.runScriptAsRawText(ScriptEngine.java:119)
	at com.kms.katalon.core.main.TestCaseExecutor.runScript(TestCaseExecutor.java:448)
	at com.kms.katalon.core.main.TestCaseExecutor.doExecute(TestCaseExecutor.java:439)
	at com.kms.katalon.core.main.TestCaseExecutor.processExecutionPhase(TestCaseExecutor.java:418)
	at com.kms.katalon.core.main.TestCaseExecutor.accessMainPhase(TestCaseExecutor.java:410)
	at com.kms.katalon.core.main.TestCaseExecutor.execute(TestCaseExecutor.java:285)
	at com.kms.katalon.core.common.CommonExecutor.accessTestCaseMainPhase(CommonExecutor.java:65)
	at com.kms.katalon.core.main.TestSuiteExecutor.accessTestSuiteMainPhase(TestSuiteExecutor.java:148)
	at com.kms.katalon.core.main.TestSuiteExecutor.execute(TestSuiteExecutor.java:106)
	at com.kms.katalon.core.main.TestCaseMain.startTestSuite(TestCaseMain.java:187)
	at com.kms.katalon.core.main.TestCaseMain$startTestSuite$0.call(Unknown Source)
	at TempTestSuite1696314682333.run(TempTestSuite1696314682333.groovy:36)
Caused by: com.kms.katalon.core.exception.StepFailedException: Text 'plat nomor tidak terdaftar diseluruh wilayah SAMSAT indonesia' is not present on page 
	at com.kms.katalon.core.webui.keyword.internal.WebUIKeywordMain.stepFailed(WebUIKeywordMain.groovy:64)
	at com.kms.katalon.core.webui.keyword.builtin.VerifyTextPresentKeyword$_verifyTextPresent_closure1.doCall(VerifyTextPresentKeyword.groovy:79)
	at com.kms.katalon.core.webui.keyword.builtin.VerifyTextPresentKeyword$_verifyTextPresent_closure1.call(VerifyTextPresentKeyword.groovy)
	at com.kms.katalon.core.webui.keyword.internal.WebUIKeywordMain.runKeyword(WebUIKeywordMain.groovy:20)
	... 19 more


2023-10-03 13:36:09 - [TEST_STEP][PASSED] - callTestCase(findTestCase("T05 Jadi Kurir/JK-001"), [:], STOP_ON_FAILURE): Call Test Case 'Test Cases/T05 Jadi Kurir/JK-001' successfully

2023-10-03 13:36:09 - [TEST_CASE][PASSED] - Test Cases/T05 Jadi Kurir/JK-001: Test Cases/T05 Jadi Kurir/JK-001

2023-10-03 13:36:09 - [TEST_STEP][PASSED] - callTestCase(findTestCase("T05 Jadi Kurir/LU-001"), ["username":"irfanafandi", "password":"12345irfan"], STOP_ON_FAILURE): Call Test Case 'Test Cases/T05 Jadi Kurir/LU-001' successfully

2023-10-03 13:36:09 - [TEST_CASE][PASSED] - Test Cases/T05 Jadi Kurir/LU-001: Test Cases/T05 Jadi Kurir/LU-001

2023-10-03 13:36:09 - [TEST_STEP][PASSED] - openBrowser("https://10.9.2.63/ecommerce/"): Browser is opened with url: 'https://10.9.2.63/ecommerce/'

2023-10-03 13:36:09 - [MESSAGE][WARNING] - A browser is already opened. Closing browser and opening a new one

2023-10-03 13:36:10 - [MESSAGE][INFO] - Starting 'Firefox' driver

2023-10-03 13:36:10 - [MESSAGE][INFO] - User set preference: ['args', '[--disable-notifications]']

2023-10-03 13:36:10 - [MESSAGE][INFO] - Action delay is set to 0 milliseconds

2023-10-03 13:36:16 - [MESSAGE][PASSED] - Browser is opened with url: 'https://10.9.2.63/ecommerce/'

2023-10-03 13:36:16 - [TEST_STEP][PASSED] - maximizeWindow(): Current window maximized

2023-10-03 13:36:16 - [MESSAGE][PASSED] - Current window maximized

2023-10-03 13:36:16 - [TEST_STEP][PASSED] - verifyElementPresent(findTestObject("Login/Home"), 0): Object 'Object Repository/Login/Home' is present

2023-10-03 13:36:16 - [MESSAGE][WARNING] - Timeout '0' is invalid. Using default page load timeout: '30'

2023-10-03 13:36:16 - [MESSAGE][PASSED] - Object 'Object Repository/Login/Home' is present

2023-10-03 13:36:16 - [TEST_STEP][PASSED] - click(findTestObject("Login/a_Login")): Object: 'Object Repository/Login/a_Login' is clicked on

2023-10-03 13:36:17 - [MESSAGE][PASSED] - Object: 'Object Repository/Login/a_Login' is clicked on

2023-10-03 13:36:17 - [TEST_STEP][PASSED] - verifyElementPresent(findTestObject("Login/Tittle Login"), 0): Object 'Object Repository/Login/Tittle Login' is present

2023-10-03 13:36:17 - [MESSAGE][WARNING] - Timeout '0' is invalid. Using default page load timeout: '30'

2023-10-03 13:36:18 - [MESSAGE][PASSED] - Object 'Object Repository/Login/Tittle Login' is present

2023-10-03 13:36:18 - [TEST_STEP][PASSED] - setText(findTestObject("Login/input_Username, Email atau No. Handphone_a"), username): Text 'irfanafandi' is set on object 'Object Repository/Login/input_Username, Email atau No. Handphone_a'

2023-10-03 13:36:18 - [MESSAGE][PASSED] - Text 'irfanafandi' is set on object 'Object Repository/Login/input_Username, Email atau No. Handphone_a'

2023-10-03 13:36:18 - [TEST_STEP][PASSED] - setText(findTestObject("Login/input_Password_b"), password): Text '12345irfan' is set on object 'Object Repository/Login/input_Password_b'

2023-10-03 13:36:19 - [MESSAGE][PASSED] - Text '12345irfan' is set on object 'Object Repository/Login/input_Password_b'

2023-10-03 13:36:19 - [TEST_STEP][PASSED] - click(findTestObject("Login/label_Ingat saya")): Object: 'Object Repository/Login/label_Ingat saya' is clicked on

2023-10-03 13:36:20 - [MESSAGE][PASSED] - Object: 'Object Repository/Login/label_Ingat saya' is clicked on

2023-10-03 13:36:20 - [TEST_STEP][PASSED] - click(findTestObject("Login/button_Masuk")): Object: 'Object Repository/Login/button_Masuk' is clicked on

2023-10-03 13:36:21 - [MESSAGE][PASSED] - Object: 'Object Repository/Login/button_Masuk' is clicked on

2023-10-03 13:36:21 - [TEST_STEP][PASSED] - verifyElementPresent(findTestObject("Login/li_Profile"), 0): Object 'Object Repository/Login/li_Profile' is present

2023-10-03 13:36:21 - [MESSAGE][WARNING] - Timeout '0' is invalid. Using default page load timeout: '30'

2023-10-03 13:36:22 - [MESSAGE][PASSED] - Object 'Object Repository/Login/li_Profile' is present

2023-10-03 13:36:22 - [MESSAGE][PASSED] - Call Test Case 'Test Cases/T05 Jadi Kurir/LU-001' successfully

2023-10-03 13:36:22 - [TEST_STEP][PASSED] - click(findTestObject("Jadi kurir/a_Jadi Kurir")): Object: 'Object Repository/Jadi kurir/a_Jadi Kurir' is clicked on

2023-10-03 13:36:23 - [MESSAGE][PASSED] - Object: 'Object Repository/Jadi kurir/a_Jadi Kurir' is clicked on

2023-10-03 13:36:23 - [TEST_STEP][PASSED] - verifyElementPresent(findTestObject("Jadi kurir/li_Profile Kurir"), 0): Object 'Object Repository/Jadi kurir/li_Profile Kurir' is present

2023-10-03 13:36:23 - [MESSAGE][WARNING] - Timeout '0' is invalid. Using default page load timeout: '30'

2023-10-03 13:36:23 - [MESSAGE][PASSED] - Object 'Object Repository/Jadi kurir/li_Profile Kurir' is present

2023-10-03 13:36:23 - [MESSAGE][PASSED] - Call Test Case 'Test Cases/T05 Jadi Kurir/JK-001' successfully

2023-10-03 13:36:23 - [TEST_STEP][PASSED] - click(findTestObject("Jadi kurir/a_Daftar  Edit Data")): Object: 'Object Repository/Jadi kurir/a_Daftar  Edit Data' is clicked on

2023-10-03 13:36:24 - [MESSAGE][PASSED] - Object: 'Object Repository/Jadi kurir/a_Daftar  Edit Data' is clicked on

2023-10-03 13:36:24 - [TEST_STEP][PASSED] - verifyElementPresent(findTestObject("Jadi kurir/li_Profile Kurir"), 0): Object 'Object Repository/Jadi kurir/li_Profile Kurir' is present

2023-10-03 13:36:24 - [MESSAGE][WARNING] - Timeout '0' is invalid. Using default page load timeout: '30'

2023-10-03 13:36:25 - [MESSAGE][PASSED] - Object 'Object Repository/Jadi kurir/li_Profile Kurir' is present

2023-10-03 13:36:25 - [TEST_STEP][PASSED] - selectOptionByValue(findTestObject("Jadi kurir/select_- Pilih Kendaraan -Roda 2Roda 4"), Jenis, false): All options with value '2' are selected in object 'Object Repository/Jadi kurir/select_- Pilih Kendaraan -Roda 2Roda 4' 

2023-10-03 13:36:26 - [MESSAGE][PASSED] - All options with value '2' are selected in object 'Object Repository/Jadi kurir/select_- Pilih Kendaraan -Roda 2Roda 4' 

2023-10-03 13:36:26 - [TEST_STEP][PASSED] - setText(findTestObject("Jadi kurir/input_Merek Kendaraan"), Merek_Kendaraan): Text 'toyota supra' is set on object 'Object Repository/Jadi kurir/input_Merek Kendaraan'

2023-10-03 13:36:26 - [MESSAGE][PASSED] - Text 'toyota supra' is set on object 'Object Repository/Jadi kurir/input_Merek Kendaraan'

2023-10-03 13:36:26 - [TEST_STEP][PASSED] - setText(findTestObject("Jadi kurir/input_Plat Nomor"), Plat_Nomor): Text 'AB 4 NG' is set on object 'Object Repository/Jadi kurir/input_Plat Nomor'

2023-10-03 13:36:27 - [MESSAGE][PASSED] - Text 'AB 4 NG' is set on object 'Object Repository/Jadi kurir/input_Plat Nomor'

2023-10-03 13:36:27 - [TEST_STEP][PASSED] - setText(findTestObject("Jadi kurir/textarea_Keterangan"), Keterangan): Text 'mau daftar dong bang' is set on object 'Object Repository/Jadi kurir/textarea_Keterangan'

2023-10-03 13:36:28 - [MESSAGE][PASSED] - Text 'mau daftar dong bang' is set on object 'Object Repository/Jadi kurir/textarea_Keterangan'

2023-10-03 13:36:28 - [TEST_STEP][PASSED] - uploadFile(findTestObject("Object Repository/Jadi kurir/input_Choose files_uploadFile"), Berkas): File 'C:\Users\IRFAN\Downloads\Berkas2.pdf' sent to object: 'Object Repository/Jadi kurir/input_Choose files_uploadFile'

2023-10-03 13:36:28 - [MESSAGE][PASSED] - File 'C:\Users\IRFAN\Downloads\Berkas2.pdf' sent to object: 'Object Repository/Jadi kurir/input_Choose files_uploadFile'

2023-10-03 13:36:28 - [TEST_STEP][PASSED] - click(findTestObject("Jadi kurir/button_Simpan Perubahan")): Object: 'Object Repository/Jadi kurir/button_Simpan Perubahan' is clicked on

2023-10-03 13:36:30 - [MESSAGE][PASSED] - Object: 'Object Repository/Jadi kurir/button_Simpan Perubahan' is clicked on

2023-10-03 13:36:30 - [TEST_STEP][FAILED] - verifyTextPresent("plat nomor tidak terdaftar diseluruh wilayah SAMSAT indonesia", false): Unable to verify text 'plat nomor tidak terdaftar diseluruh wilayah SAMSAT indonesia' is present  (Root cause: com.kms.katalon.core.exception.StepFailedException: Unable to verify text 'plat nomor tidak terdaftar diseluruh wilayah SAMSAT indonesia' is present 
	at com.kms.katalon.core.webui.keyword.internal.WebUIKeywordMain.stepFailed(WebUIKeywordMain.groovy:64)
	at com.kms.katalon.core.webui.keyword.internal.WebUIKeywordMain.runKeyword(WebUIKeywordMain.groovy:26)
	at com.kms.katalon.core.webui.keyword.builtin.VerifyTextPresentKeyword.verifyTextPresent(VerifyTextPresentKeyword.groovy:83)
	at com.kms.katalon.core.webui.keyword.builtin.VerifyTextPresentKeyword.execute(VerifyTextPresentKeyword.groovy:68)
	at com.kms.katalon.core.keyword.internal.KeywordExecutor.executeKeywordForPlatform(KeywordExecutor.groovy:74)
	at com.kms.katalon.core.webui.keyword.WebUiBuiltInKeywords.verifyTextPresent(WebUiBuiltInKeywords.groovy:1723)
	at com.kms.katalon.core.webui.keyword.WebUiBuiltInKeywords$verifyTextPresent$11.call(Unknown Source)
	at JK-011.run(JK-011:42)
	at com.kms.katalon.core.main.ScriptEngine.run(ScriptEngine.java:194)
	at com.kms.katalon.core.main.ScriptEngine.runScriptAsRawText(ScriptEngine.java:119)
	at com.kms.katalon.core.main.TestCaseExecutor.runScript(TestCaseExecutor.java:448)
	at com.kms.katalon.core.main.TestCaseExecutor.doExecute(TestCaseExecutor.java:439)
	at com.kms.katalon.core.main.TestCaseExecutor.processExecutionPhase(TestCaseExecutor.java:418)
	at com.kms.katalon.core.main.TestCaseExecutor.accessMainPhase(TestCaseExecutor.java:410)
	at com.kms.katalon.core.main.TestCaseExecutor.execute(TestCaseExecutor.java:285)
	at com.kms.katalon.core.common.CommonExecutor.accessTestCaseMainPhase(CommonExecutor.java:65)
	at com.kms.katalon.core.main.TestSuiteExecutor.accessTestSuiteMainPhase(TestSuiteExecutor.java:148)
	at com.kms.katalon.core.main.TestSuiteExecutor.execute(TestSuiteExecutor.java:106)
	at com.kms.katalon.core.main.TestCaseMain.startTestSuite(TestCaseMain.java:187)
	at com.kms.katalon.core.main.TestCaseMain$startTestSuite$0.call(Unknown Source)
	at TempTestSuite1696314682333.run(TempTestSuite1696314682333.groovy:36)
Caused by: com.kms.katalon.core.exception.StepFailedException: Text 'plat nomor tidak terdaftar diseluruh wilayah SAMSAT indonesia' is not present on page 
	at com.kms.katalon.core.webui.keyword.internal.WebUIKeywordMain.stepFailed(WebUIKeywordMain.groovy:64)
	at com.kms.katalon.core.webui.keyword.builtin.VerifyTextPresentKeyword$_verifyTextPresent_closure1.doCall(VerifyTextPresentKeyword.groovy:79)
	at com.kms.katalon.core.webui.keyword.builtin.VerifyTextPresentKeyword$_verifyTextPresent_closure1.call(VerifyTextPresentKeyword.groovy)
	at com.kms.katalon.core.webui.keyword.internal.WebUIKeywordMain.runKeyword(WebUIKeywordMain.groovy:20)
	... 19 more
)

2023-10-03 13:36:31 - [MESSAGE][FAILED] - Text 'plat nomor tidak terdaftar diseluruh wilayah SAMSAT indonesia' is not present on page  (Root cause: com.kms.katalon.core.exception.StepFailedException: Text 'plat nomor tidak terdaftar diseluruh wilayah SAMSAT indonesia' is not present on page 
	at com.kms.katalon.core.webui.keyword.internal.WebUIKeywordMain.stepFailed(WebUIKeywordMain.groovy:64)
	at com.kms.katalon.core.webui.keyword.builtin.VerifyTextPresentKeyword$_verifyTextPresent_closure1.doCall(VerifyTextPresentKeyword.groovy:79)
	at com.kms.katalon.core.webui.keyword.builtin.VerifyTextPresentKeyword$_verifyTextPresent_closure1.call(VerifyTextPresentKeyword.groovy)
	at com.kms.katalon.core.webui.keyword.internal.WebUIKeywordMain.runKeyword(WebUIKeywordMain.groovy:20)
	at com.kms.katalon.core.webui.keyword.builtin.VerifyTextPresentKeyword.verifyTextPresent(VerifyTextPresentKeyword.groovy:83)
	at com.kms.katalon.core.webui.keyword.builtin.VerifyTextPresentKeyword.execute(VerifyTextPresentKeyword.groovy:68)
	at com.kms.katalon.core.keyword.internal.KeywordExecutor.executeKeywordForPlatform(KeywordExecutor.groovy:74)
	at com.kms.katalon.core.webui.keyword.WebUiBuiltInKeywords.verifyTextPresent(WebUiBuiltInKeywords.groovy:1723)
	at com.kms.katalon.core.webui.keyword.WebUiBuiltInKeywords$verifyTextPresent$11.call(Unknown Source)
	at JK-011.run(JK-011:42)
	at com.kms.katalon.core.main.ScriptEngine.run(ScriptEngine.java:194)
	at com.kms.katalon.core.main.ScriptEngine.runScriptAsRawText(ScriptEngine.java:119)
	at com.kms.katalon.core.main.TestCaseExecutor.runScript(TestCaseExecutor.java:448)
	at com.kms.katalon.core.main.TestCaseExecutor.doExecute(TestCaseExecutor.java:439)
	at com.kms.katalon.core.main.TestCaseExecutor.processExecutionPhase(TestCaseExecutor.java:418)
	at com.kms.katalon.core.main.TestCaseExecutor.accessMainPhase(TestCaseExecutor.java:410)
	at com.kms.katalon.core.main.TestCaseExecutor.execute(TestCaseExecutor.java:285)
	at com.kms.katalon.core.common.CommonExecutor.accessTestCaseMainPhase(CommonExecutor.java:65)
	at com.kms.katalon.core.main.TestSuiteExecutor.accessTestSuiteMainPhase(TestSuiteExecutor.java:148)
	at com.kms.katalon.core.main.TestSuiteExecutor.execute(TestSuiteExecutor.java:106)
	at com.kms.katalon.core.main.TestCaseMain.startTestSuite(TestCaseMain.java:187)
	at com.kms.katalon.core.main.TestCaseMain$startTestSuite$0.call(Unknown Source)
	at TempTestSuite1696314682333.run(TempTestSuite1696314682333.groovy:36)
)

2023-10-03 13:36:31 - [MESSAGE][FAILED] - Unable to verify text 'plat nomor tidak terdaftar diseluruh wilayah SAMSAT indonesia' is present  (Root cause: com.kms.katalon.core.exception.StepFailedException: Unable to verify text 'plat nomor tidak terdaftar diseluruh wilayah SAMSAT indonesia' is present 
	at com.kms.katalon.core.webui.keyword.internal.WebUIKeywordMain.stepFailed(WebUIKeywordMain.groovy:64)
	at com.kms.katalon.core.webui.keyword.internal.WebUIKeywordMain.runKeyword(WebUIKeywordMain.groovy:26)
	at com.kms.katalon.core.webui.keyword.builtin.VerifyTextPresentKeyword.verifyTextPresent(VerifyTextPresentKeyword.groovy:83)
	at com.kms.katalon.core.webui.keyword.builtin.VerifyTextPresentKeyword.execute(VerifyTextPresentKeyword.groovy:68)
	at com.kms.katalon.core.keyword.internal.KeywordExecutor.executeKeywordForPlatform(KeywordExecutor.groovy:74)
	at com.kms.katalon.core.webui.keyword.WebUiBuiltInKeywords.verifyTextPresent(WebUiBuiltInKeywords.groovy:1723)
	at com.kms.katalon.core.webui.keyword.WebUiBuiltInKeywords$verifyTextPresent$11.call(Unknown Source)
	at JK-011.run(JK-011:42)
	at com.kms.katalon.core.main.ScriptEngine.run(ScriptEngine.java:194)
	at com.kms.katalon.core.main.ScriptEngine.runScriptAsRawText(ScriptEngine.java:119)
	at com.kms.katalon.core.main.TestCaseExecutor.runScript(TestCaseExecutor.java:448)
	at com.kms.katalon.core.main.TestCaseExecutor.doExecute(TestCaseExecutor.java:439)
	at com.kms.katalon.core.main.TestCaseExecutor.processExecutionPhase(TestCaseExecutor.java:418)
	at com.kms.katalon.core.main.TestCaseExecutor.accessMainPhase(TestCaseExecutor.java:410)
	at com.kms.katalon.core.main.TestCaseExecutor.execute(TestCaseExecutor.java:285)
	at com.kms.katalon.core.common.CommonExecutor.accessTestCaseMainPhase(CommonExecutor.java:65)
	at com.kms.katalon.core.main.TestSuiteExecutor.accessTestSuiteMainPhase(TestSuiteExecutor.java:148)
	at com.kms.katalon.core.main.TestSuiteExecutor.execute(TestSuiteExecutor.java:106)
	at com.kms.katalon.core.main.TestCaseMain.startTestSuite(TestCaseMain.java:187)
	at com.kms.katalon.core.main.TestCaseMain$startTestSuite$0.call(Unknown Source)
	at TempTestSuite1696314682333.run(TempTestSuite1696314682333.groovy:36)
Caused by: com.kms.katalon.core.exception.StepFailedException: Text 'plat nomor tidak terdaftar diseluruh wilayah SAMSAT indonesia' is not present on page 
	at com.kms.katalon.core.webui.keyword.internal.WebUIKeywordMain.stepFailed(WebUIKeywordMain.groovy:64)
	at com.kms.katalon.core.webui.keyword.builtin.VerifyTextPresentKeyword$_verifyTextPresent_closure1.doCall(VerifyTextPresentKeyword.groovy:79)
	at com.kms.katalon.core.webui.keyword.builtin.VerifyTextPresentKeyword$_verifyTextPresent_closure1.call(VerifyTextPresentKeyword.groovy)
	at com.kms.katalon.core.webui.keyword.internal.WebUIKeywordMain.runKeyword(WebUIKeywordMain.groovy:20)
	... 19 more
)
[[ATTACHMENT|D:\\BOOTCAMP XSIS\\Projek 2 MINI PROJEK\\Reports\\20231003_133122\\jadi kurir\\T05 jadi kurir\\20231003_133122\\1696314991445.png]]]]></system-out>
         <system-err><![CDATA[2023-10-03 13:36:08 - [TEST_CASE][FAILED] - Test Cases/T05 Jadi Kurir/JK-011: Test Cases/T05 Jadi Kurir/JK-011 FAILED.
Reason:
com.kms.katalon.core.exception.StepFailedException: Unable to verify text 'plat nomor tidak terdaftar diseluruh wilayah SAMSAT indonesia' is present 
	at com.kms.katalon.core.webui.keyword.internal.WebUIKeywordMain.stepFailed(WebUIKeywordMain.groovy:64)
	at com.kms.katalon.core.webui.keyword.internal.WebUIKeywordMain.runKeyword(WebUIKeywordMain.groovy:26)
	at com.kms.katalon.core.webui.keyword.builtin.VerifyTextPresentKeyword.verifyTextPresent(VerifyTextPresentKeyword.groovy:83)
	at com.kms.katalon.core.webui.keyword.builtin.VerifyTextPresentKeyword.execute(VerifyTextPresentKeyword.groovy:68)
	at com.kms.katalon.core.keyword.internal.KeywordExecutor.executeKeywordForPlatform(KeywordExecutor.groovy:74)
	at com.kms.katalon.core.webui.keyword.WebUiBuiltInKeywords.verifyTextPresent(WebUiBuiltInKeywords.groovy:1723)
	at com.kms.katalon.core.webui.keyword.WebUiBuiltInKeywords$verifyTextPresent$11.call(Unknown Source)
	at JK-011.run(JK-011:42)
	at com.kms.katalon.core.main.ScriptEngine.run(ScriptEngine.java:194)
	at com.kms.katalon.core.main.ScriptEngine.runScriptAsRawText(ScriptEngine.java:119)
	at com.kms.katalon.core.main.TestCaseExecutor.runScript(TestCaseExecutor.java:448)
	at com.kms.katalon.core.main.TestCaseExecutor.doExecute(TestCaseExecutor.java:439)
	at com.kms.katalon.core.main.TestCaseExecutor.processExecutionPhase(TestCaseExecutor.java:418)
	at com.kms.katalon.core.main.TestCaseExecutor.accessMainPhase(TestCaseExecutor.java:410)
	at com.kms.katalon.core.main.TestCaseExecutor.execute(TestCaseExecutor.java:285)
	at com.kms.katalon.core.common.CommonExecutor.accessTestCaseMainPhase(CommonExecutor.java:65)
	at com.kms.katalon.core.main.TestSuiteExecutor.accessTestSuiteMainPhase(TestSuiteExecutor.java:148)
	at com.kms.katalon.core.main.TestSuiteExecutor.execute(TestSuiteExecutor.java:106)
	at com.kms.katalon.core.main.TestCaseMain.startTestSuite(TestCaseMain.java:187)
	at com.kms.katalon.core.main.TestCaseMain$startTestSuite$0.call(Unknown Source)
	at TempTestSuite1696314682333.run(TempTestSuite1696314682333.groovy:36)
Caused by: com.kms.katalon.core.exception.StepFailedException: Text 'plat nomor tidak terdaftar diseluruh wilayah SAMSAT indonesia' is not present on page 
	at com.kms.katalon.core.webui.keyword.internal.WebUIKeywordMain.stepFailed(WebUIKeywordMain.groovy:64)
	at com.kms.katalon.core.webui.keyword.builtin.VerifyTextPresentKeyword$_verifyTextPresent_closure1.doCall(VerifyTextPresentKeyword.groovy:79)
	at com.kms.katalon.core.webui.keyword.builtin.VerifyTextPresentKeyword$_verifyTextPresent_closure1.call(VerifyTextPresentKeyword.groovy)
	at com.kms.katalon.core.webui.keyword.internal.WebUIKeywordMain.runKeyword(WebUIKeywordMain.groovy:20)
	... 19 more]]></system-err>
      </testcase>
      <testcase name="Test Cases/T05 Jadi Kurir/JK-012" time="21.397" classname="Test Cases/T05 Jadi Kurir/JK-012" status="PASSED">
         <system-out><![CDATA[2023-10-03 13:36:31 - [TEST_CASE][PASSED] - Test Cases/T05 Jadi Kurir/JK-012: Test Cases/T05 Jadi Kurir/JK-012

2023-10-03 13:36:32 - [TEST_STEP][PASSED] - callTestCase(findTestCase("T05 Jadi Kurir/JK-001"), [:], STOP_ON_FAILURE): Call Test Case 'Test Cases/T05 Jadi Kurir/JK-001' successfully

2023-10-03 13:36:32 - [TEST_CASE][PASSED] - Test Cases/T05 Jadi Kurir/JK-001: Test Cases/T05 Jadi Kurir/JK-001

2023-10-03 13:36:32 - [TEST_STEP][PASSED] - callTestCase(findTestCase("T05 Jadi Kurir/LU-001"), ["username":"irfanafandi", "password":"12345irfan"], STOP_ON_FAILURE): Call Test Case 'Test Cases/T05 Jadi Kurir/LU-001' successfully

2023-10-03 13:36:32 - [TEST_CASE][PASSED] - Test Cases/T05 Jadi Kurir/LU-001: Test Cases/T05 Jadi Kurir/LU-001

2023-10-03 13:36:32 - [TEST_STEP][PASSED] - openBrowser("https://10.9.2.63/ecommerce/"): Browser is opened with url: 'https://10.9.2.63/ecommerce/'

2023-10-03 13:36:32 - [MESSAGE][WARNING] - A browser is already opened. Closing browser and opening a new one

2023-10-03 13:36:33 - [MESSAGE][INFO] - Starting 'Firefox' driver

2023-10-03 13:36:33 - [MESSAGE][INFO] - User set preference: ['args', '[--disable-notifications]']

2023-10-03 13:36:33 - [MESSAGE][INFO] - Action delay is set to 0 milliseconds

2023-10-03 13:36:40 - [MESSAGE][PASSED] - Browser is opened with url: 'https://10.9.2.63/ecommerce/'

2023-10-03 13:36:40 - [TEST_STEP][PASSED] - maximizeWindow(): Current window maximized

2023-10-03 13:36:40 - [MESSAGE][PASSED] - Current window maximized

2023-10-03 13:36:40 - [TEST_STEP][PASSED] - verifyElementPresent(findTestObject("Login/Home"), 0): Object 'Object Repository/Login/Home' is present

2023-10-03 13:36:40 - [MESSAGE][WARNING] - Timeout '0' is invalid. Using default page load timeout: '30'

2023-10-03 13:36:40 - [MESSAGE][PASSED] - Object 'Object Repository/Login/Home' is present

2023-10-03 13:36:40 - [TEST_STEP][PASSED] - click(findTestObject("Login/a_Login")): Object: 'Object Repository/Login/a_Login' is clicked on

2023-10-03 13:36:41 - [MESSAGE][PASSED] - Object: 'Object Repository/Login/a_Login' is clicked on

2023-10-03 13:36:41 - [TEST_STEP][PASSED] - verifyElementPresent(findTestObject("Login/Tittle Login"), 0): Object 'Object Repository/Login/Tittle Login' is present

2023-10-03 13:36:41 - [MESSAGE][WARNING] - Timeout '0' is invalid. Using default page load timeout: '30'

2023-10-03 13:36:41 - [MESSAGE][PASSED] - Object 'Object Repository/Login/Tittle Login' is present

2023-10-03 13:36:41 - [TEST_STEP][PASSED] - setText(findTestObject("Login/input_Username, Email atau No. Handphone_a"), username): Text 'irfanafandi' is set on object 'Object Repository/Login/input_Username, Email atau No. Handphone_a'

2023-10-03 13:36:42 - [MESSAGE][PASSED] - Text 'irfanafandi' is set on object 'Object Repository/Login/input_Username, Email atau No. Handphone_a'

2023-10-03 13:36:42 - [TEST_STEP][PASSED] - setText(findTestObject("Login/input_Password_b"), password): Text '12345irfan' is set on object 'Object Repository/Login/input_Password_b'

2023-10-03 13:36:43 - [MESSAGE][PASSED] - Text '12345irfan' is set on object 'Object Repository/Login/input_Password_b'

2023-10-03 13:36:43 - [TEST_STEP][PASSED] - click(findTestObject("Login/label_Ingat saya")): Object: 'Object Repository/Login/label_Ingat saya' is clicked on

2023-10-03 13:36:44 - [MESSAGE][PASSED] - Object: 'Object Repository/Login/label_Ingat saya' is clicked on

2023-10-03 13:36:44 - [TEST_STEP][PASSED] - click(findTestObject("Login/button_Masuk")): Object: 'Object Repository/Login/button_Masuk' is clicked on

2023-10-03 13:36:45 - [MESSAGE][PASSED] - Object: 'Object Repository/Login/button_Masuk' is clicked on

2023-10-03 13:36:45 - [TEST_STEP][PASSED] - verifyElementPresent(findTestObject("Login/li_Profile"), 0): Object 'Object Repository/Login/li_Profile' is present

2023-10-03 13:36:45 - [MESSAGE][WARNING] - Timeout '0' is invalid. Using default page load timeout: '30'

2023-10-03 13:36:46 - [MESSAGE][PASSED] - Object 'Object Repository/Login/li_Profile' is present

2023-10-03 13:36:46 - [MESSAGE][PASSED] - Call Test Case 'Test Cases/T05 Jadi Kurir/LU-001' successfully

2023-10-03 13:36:46 - [TEST_STEP][PASSED] - click(findTestObject("Jadi kurir/a_Jadi Kurir")): Object: 'Object Repository/Jadi kurir/a_Jadi Kurir' is clicked on

2023-10-03 13:36:47 - [MESSAGE][PASSED] - Object: 'Object Repository/Jadi kurir/a_Jadi Kurir' is clicked on

2023-10-03 13:36:47 - [TEST_STEP][PASSED] - verifyElementPresent(findTestObject("Jadi kurir/li_Profile Kurir"), 0): Object 'Object Repository/Jadi kurir/li_Profile Kurir' is present

2023-10-03 13:36:47 - [MESSAGE][WARNING] - Timeout '0' is invalid. Using default page load timeout: '30'

2023-10-03 13:36:47 - [MESSAGE][PASSED] - Object 'Object Repository/Jadi kurir/li_Profile Kurir' is present

2023-10-03 13:36:47 - [MESSAGE][PASSED] - Call Test Case 'Test Cases/T05 Jadi Kurir/JK-001' successfully

2023-10-03 13:36:47 - [TEST_STEP][PASSED] - click(findTestObject("Jadi kurir/a_Daftar  Edit Data")): Object: 'Object Repository/Jadi kurir/a_Daftar  Edit Data' is clicked on

2023-10-03 13:36:48 - [MESSAGE][PASSED] - Object: 'Object Repository/Jadi kurir/a_Daftar  Edit Data' is clicked on

2023-10-03 13:36:48 - [TEST_STEP][PASSED] - verifyElementPresent(findTestObject("Jadi kurir/li_Profile Kurir"), 0): Object 'Object Repository/Jadi kurir/li_Profile Kurir' is present

2023-10-03 13:36:48 - [MESSAGE][WARNING] - Timeout '0' is invalid. Using default page load timeout: '30'

2023-10-03 13:36:49 - [MESSAGE][PASSED] - Object 'Object Repository/Jadi kurir/li_Profile Kurir' is present

2023-10-03 13:36:49 - [TEST_STEP][PASSED] - selectOptionByValue(findTestObject("Jadi kurir/select_- Pilih Kendaraan -Roda 2Roda 4"), Jenis, false): All options with value '2' are selected in object 'Object Repository/Jadi kurir/select_- Pilih Kendaraan -Roda 2Roda 4' 

2023-10-03 13:36:50 - [MESSAGE][PASSED] - All options with value '2' are selected in object 'Object Repository/Jadi kurir/select_- Pilih Kendaraan -Roda 2Roda 4' 

2023-10-03 13:36:50 - [TEST_STEP][PASSED] - setText(findTestObject("Jadi kurir/input_Merek Kendaraan"), Merek_Kendaraan): Text 'toyota supra' is set on object 'Object Repository/Jadi kurir/input_Merek Kendaraan'

2023-10-03 13:36:50 - [MESSAGE][PASSED] - Text 'toyota supra' is set on object 'Object Repository/Jadi kurir/input_Merek Kendaraan'

2023-10-03 13:36:50 - [TEST_STEP][PASSED] - setText(findTestObject("Jadi kurir/input_Plat Nomor"), Plat_Nomor): Text 'AB 1140 NG' is set on object 'Object Repository/Jadi kurir/input_Plat Nomor'

2023-10-03 13:36:51 - [MESSAGE][PASSED] - Text 'AB 1140 NG' is set on object 'Object Repository/Jadi kurir/input_Plat Nomor'

2023-10-03 13:36:51 - [TEST_STEP][PASSED] - setText(findTestObject("Jadi kurir/textarea_Keterangan"), Keterangan): Text 'mau daftar dong bang' is set on object 'Object Repository/Jadi kurir/textarea_Keterangan'

2023-10-03 13:36:52 - [MESSAGE][PASSED] - Text 'mau daftar dong bang' is set on object 'Object Repository/Jadi kurir/textarea_Keterangan'

2023-10-03 13:36:52 - [TEST_STEP][PASSED] - uploadFile(findTestObject("Object Repository/Jadi kurir/input_Choose files_uploadFile"), Berkas): File 'C:\Users\IRFAN\Videos\katalon\Doc1.docx' sent to object: 'Object Repository/Jadi kurir/input_Choose files_uploadFile'

2023-10-03 13:36:52 - [MESSAGE][PASSED] - File 'C:\Users\IRFAN\Videos\katalon\Doc1.docx' sent to object: 'Object Repository/Jadi kurir/input_Choose files_uploadFile']]></system-out>
         <system-err><![CDATA[]]></system-err>
      </testcase>
      <testcase name="Test Cases/T05 Jadi Kurir/JK-013" time="20.417" classname="Test Cases/T05 Jadi Kurir/JK-013" status="PASSED">
         <system-out><![CDATA[2023-10-03 13:36:52 - [TEST_CASE][PASSED] - Test Cases/T05 Jadi Kurir/JK-013: Test Cases/T05 Jadi Kurir/JK-013

2023-10-03 13:36:53 - [TEST_STEP][PASSED] - callTestCase(findTestCase("T05 Jadi Kurir/JK-001"), [:], STOP_ON_FAILURE): Call Test Case 'Test Cases/T05 Jadi Kurir/JK-001' successfully

2023-10-03 13:36:53 - [TEST_CASE][PASSED] - Test Cases/T05 Jadi Kurir/JK-001: Test Cases/T05 Jadi Kurir/JK-001

2023-10-03 13:36:53 - [TEST_STEP][PASSED] - callTestCase(findTestCase("T05 Jadi Kurir/LU-001"), ["username":"irfanafandi", "password":"12345irfan"], STOP_ON_FAILURE): Call Test Case 'Test Cases/T05 Jadi Kurir/LU-001' successfully

2023-10-03 13:36:53 - [TEST_CASE][PASSED] - Test Cases/T05 Jadi Kurir/LU-001: Test Cases/T05 Jadi Kurir/LU-001

2023-10-03 13:36:53 - [TEST_STEP][PASSED] - openBrowser("https://10.9.2.63/ecommerce/"): Browser is opened with url: 'https://10.9.2.63/ecommerce/'

2023-10-03 13:36:53 - [MESSAGE][WARNING] - A browser is already opened. Closing browser and opening a new one

2023-10-03 13:36:54 - [MESSAGE][INFO] - Starting 'Firefox' driver

2023-10-03 13:36:54 - [MESSAGE][INFO] - User set preference: ['args', '[--disable-notifications]']

2023-10-03 13:36:54 - [MESSAGE][INFO] - Action delay is set to 0 milliseconds

2023-10-03 13:37:00 - [MESSAGE][PASSED] - Browser is opened with url: 'https://10.9.2.63/ecommerce/'

2023-10-03 13:37:00 - [TEST_STEP][PASSED] - maximizeWindow(): Current window maximized

2023-10-03 13:37:00 - [MESSAGE][PASSED] - Current window maximized

2023-10-03 13:37:00 - [TEST_STEP][PASSED] - verifyElementPresent(findTestObject("Login/Home"), 0): Object 'Object Repository/Login/Home' is present

2023-10-03 13:37:00 - [MESSAGE][WARNING] - Timeout '0' is invalid. Using default page load timeout: '30'

2023-10-03 13:37:01 - [MESSAGE][PASSED] - Object 'Object Repository/Login/Home' is present

2023-10-03 13:37:01 - [TEST_STEP][PASSED] - click(findTestObject("Login/a_Login")): Object: 'Object Repository/Login/a_Login' is clicked on

2023-10-03 13:37:01 - [MESSAGE][PASSED] - Object: 'Object Repository/Login/a_Login' is clicked on

2023-10-03 13:37:01 - [TEST_STEP][PASSED] - verifyElementPresent(findTestObject("Login/Tittle Login"), 0): Object 'Object Repository/Login/Tittle Login' is present

2023-10-03 13:37:01 - [MESSAGE][WARNING] - Timeout '0' is invalid. Using default page load timeout: '30'

2023-10-03 13:37:02 - [MESSAGE][PASSED] - Object 'Object Repository/Login/Tittle Login' is present

2023-10-03 13:37:02 - [TEST_STEP][PASSED] - setText(findTestObject("Login/input_Username, Email atau No. Handphone_a"), username): Text 'irfanafandi' is set on object 'Object Repository/Login/input_Username, Email atau No. Handphone_a'

2023-10-03 13:37:02 - [MESSAGE][PASSED] - Text 'irfanafandi' is set on object 'Object Repository/Login/input_Username, Email atau No. Handphone_a'

2023-10-03 13:37:02 - [TEST_STEP][PASSED] - setText(findTestObject("Login/input_Password_b"), password): Text '12345irfan' is set on object 'Object Repository/Login/input_Password_b'

2023-10-03 13:37:03 - [MESSAGE][PASSED] - Text '12345irfan' is set on object 'Object Repository/Login/input_Password_b'

2023-10-03 13:37:03 - [TEST_STEP][PASSED] - click(findTestObject("Login/label_Ingat saya")): Object: 'Object Repository/Login/label_Ingat saya' is clicked on

2023-10-03 13:37:04 - [MESSAGE][PASSED] - Object: 'Object Repository/Login/label_Ingat saya' is clicked on

2023-10-03 13:37:04 - [TEST_STEP][PASSED] - click(findTestObject("Login/button_Masuk")): Object: 'Object Repository/Login/button_Masuk' is clicked on

2023-10-03 13:37:05 - [MESSAGE][PASSED] - Object: 'Object Repository/Login/button_Masuk' is clicked on

2023-10-03 13:37:05 - [TEST_STEP][PASSED] - verifyElementPresent(findTestObject("Login/li_Profile"), 0): Object 'Object Repository/Login/li_Profile' is present

2023-10-03 13:37:05 - [MESSAGE][WARNING] - Timeout '0' is invalid. Using default page load timeout: '30'

2023-10-03 13:37:05 - [MESSAGE][PASSED] - Object 'Object Repository/Login/li_Profile' is present

2023-10-03 13:37:05 - [MESSAGE][PASSED] - Call Test Case 'Test Cases/T05 Jadi Kurir/LU-001' successfully

2023-10-03 13:37:05 - [TEST_STEP][PASSED] - click(findTestObject("Jadi kurir/a_Jadi Kurir")): Object: 'Object Repository/Jadi kurir/a_Jadi Kurir' is clicked on

2023-10-03 13:37:06 - [MESSAGE][PASSED] - Object: 'Object Repository/Jadi kurir/a_Jadi Kurir' is clicked on

2023-10-03 13:37:06 - [TEST_STEP][PASSED] - verifyElementPresent(findTestObject("Jadi kurir/li_Profile Kurir"), 0): Object 'Object Repository/Jadi kurir/li_Profile Kurir' is present

2023-10-03 13:37:06 - [MESSAGE][WARNING] - Timeout '0' is invalid. Using default page load timeout: '30'

2023-10-03 13:37:07 - [MESSAGE][PASSED] - Object 'Object Repository/Jadi kurir/li_Profile Kurir' is present

2023-10-03 13:37:07 - [MESSAGE][PASSED] - Call Test Case 'Test Cases/T05 Jadi Kurir/JK-001' successfully

2023-10-03 13:37:07 - [TEST_STEP][PASSED] - click(findTestObject("Jadi kurir/a_Daftar  Edit Data")): Object: 'Object Repository/Jadi kurir/a_Daftar  Edit Data' is clicked on

2023-10-03 13:37:08 - [MESSAGE][PASSED] - Object: 'Object Repository/Jadi kurir/a_Daftar  Edit Data' is clicked on

2023-10-03 13:37:08 - [TEST_STEP][PASSED] - verifyElementPresent(findTestObject("Jadi kurir/li_Profile Kurir"), 0): Object 'Object Repository/Jadi kurir/li_Profile Kurir' is present

2023-10-03 13:37:08 - [MESSAGE][WARNING] - Timeout '0' is invalid. Using default page load timeout: '30'

2023-10-03 13:37:09 - [MESSAGE][PASSED] - Object 'Object Repository/Jadi kurir/li_Profile Kurir' is present

2023-10-03 13:37:09 - [TEST_STEP][PASSED] - selectOptionByValue(findTestObject("Jadi kurir/select_- Pilih Kendaraan -Roda 2Roda 4"), Jenis, false): All options with value '2' are selected in object 'Object Repository/Jadi kurir/select_- Pilih Kendaraan -Roda 2Roda 4' 

2023-10-03 13:37:09 - [MESSAGE][PASSED] - All options with value '2' are selected in object 'Object Repository/Jadi kurir/select_- Pilih Kendaraan -Roda 2Roda 4' 

2023-10-03 13:37:09 - [TEST_STEP][PASSED] - setText(findTestObject("Jadi kurir/input_Merek Kendaraan"), Merek_Kendaraan): Text 'toyota supra' is set on object 'Object Repository/Jadi kurir/input_Merek Kendaraan'

2023-10-03 13:37:10 - [MESSAGE][PASSED] - Text 'toyota supra' is set on object 'Object Repository/Jadi kurir/input_Merek Kendaraan'

2023-10-03 13:37:10 - [TEST_STEP][PASSED] - setText(findTestObject("Jadi kurir/input_Plat Nomor"), Plat_Nomor): Text 'AB 1140 NG' is set on object 'Object Repository/Jadi kurir/input_Plat Nomor'

2023-10-03 13:37:11 - [MESSAGE][PASSED] - Text 'AB 1140 NG' is set on object 'Object Repository/Jadi kurir/input_Plat Nomor'

2023-10-03 13:37:11 - [TEST_STEP][PASSED] - setText(findTestObject("Jadi kurir/textarea_Keterangan"), Keterangan): Text 'mau daftar dong bang' is set on object 'Object Repository/Jadi kurir/textarea_Keterangan'

2023-10-03 13:37:12 - [MESSAGE][PASSED] - Text 'mau daftar dong bang' is set on object 'Object Repository/Jadi kurir/textarea_Keterangan'

2023-10-03 13:37:12 - [TEST_STEP][PASSED] - uploadFile(findTestObject("Object Repository/Jadi kurir/input_Choose files_uploadFile"), Berkas): File 'C:\Users\IRFAN\Videos\katalon\video.mp4' sent to object: 'Object Repository/Jadi kurir/input_Choose files_uploadFile'

2023-10-03 13:37:12 - [MESSAGE][PASSED] - File 'C:\Users\IRFAN\Videos\katalon\video.mp4' sent to object: 'Object Repository/Jadi kurir/input_Choose files_uploadFile'

2023-10-03 13:37:12 - [TEST_STEP][PASSED] - verifyTextPresent("video.mp4 is not allowed. Allowed extensions: jpg,png,jpeg,gif,zip,rar,pdf,doc,docx,xls,xlsx", false): Text 'video.mp4 is not allowed. Allowed extensions: jpg,png,jpeg,gif,zip,rar,pdf,doc,docx,xls,xlsx' is present on page 

2023-10-03 13:37:13 - [MESSAGE][PASSED] - Text 'video.mp4 is not allowed. Allowed extensions: jpg,png,jpeg,gif,zip,rar,pdf,doc,docx,xls,xlsx' is present on page]]></system-out>
         <system-err><![CDATA[]]></system-err>
      </testcase>
      <testcase name="Test Cases/T05 Jadi Kurir/JKA-001" time="37.285" classname="Test Cases/T05 Jadi Kurir/JKA-001" status="FAILED">
         <failure type="FAILED" message="Test Cases/T05 Jadi Kurir/JKA-001 FAILED.
Reason:
com.kms.katalon.core.exception.StepFailedException: Unable to accept alert
	at com.kms.katalon.core.webui.keyword.internal.WebUIKeywordMain.stepFailed(WebUIKeywordMain.groovy:64)
	at com.kms.katalon.core.webui.keyword.internal.WebUIKeywordMain.runKeyword(WebUIKeywordMain.groovy:26)
	at com.kms.katalon.core.webui.keyword.builtin.AcceptAlertKeyword.acceptAlert(AcceptAlertKeyword.groovy:71)
	at com.kms.katalon.core.webui.keyword.builtin.AcceptAlertKeyword.execute(AcceptAlertKeyword.groovy:66)
	at com.kms.katalon.core.keyword.internal.KeywordExecutor.executeKeywordForPlatform(KeywordExecutor.groovy:74)
	at com.kms.katalon.core.webui.keyword.WebUiBuiltInKeywords.acceptAlert(WebUiBuiltInKeywords.groovy:1522)
	at com.kms.katalon.core.webui.keyword.WebUiBuiltInKeywords$acceptAlert$13.call(Unknown Source)
	at JKA-001.run(JKA-001:48)
	at com.kms.katalon.core.main.ScriptEngine.run(ScriptEngine.java:194)
	at com.kms.katalon.core.main.ScriptEngine.runScriptAsRawText(ScriptEngine.java:119)
	at com.kms.katalon.core.main.TestCaseExecutor.runScript(TestCaseExecutor.java:448)
	at com.kms.katalon.core.main.TestCaseExecutor.doExecute(TestCaseExecutor.java:439)
	at com.kms.katalon.core.main.TestCaseExecutor.processExecutionPhase(TestCaseExecutor.java:418)
	at com.kms.katalon.core.main.TestCaseExecutor.accessMainPhase(TestCaseExecutor.java:410)
	at com.kms.katalon.core.main.TestCaseExecutor.execute(TestCaseExecutor.java:285)
	at com.kms.katalon.core.common.CommonExecutor.accessTestCaseMainPhase(CommonExecutor.java:65)
	at com.kms.katalon.core.main.TestSuiteExecutor.accessTestSuiteMainPhase(TestSuiteExecutor.java:148)
	at com.kms.katalon.core.main.TestSuiteExecutor.execute(TestSuiteExecutor.java:106)
	at com.kms.katalon.core.main.TestCaseMain.startTestSuite(TestCaseMain.java:187)
	at com.kms.katalon.core.main.TestCaseMain$startTestSuite$0.call(Unknown Source)
	at TempTestSuite1696314682333.run(TempTestSuite1696314682333.groovy:36)
Caused by: com.kms.katalon.core.exception.StepFailedException: No alert found
	at com.kms.katalon.core.webui.keyword.internal.WebUIKeywordMain.stepFailed(WebUIKeywordMain.groovy:64)
	at com.kms.katalon.core.webui.keyword.builtin.AcceptAlertKeyword$_acceptAlert_closure1.doCall(AcceptAlertKeyword.groovy:78)
	at com.kms.katalon.core.webui.keyword.builtin.AcceptAlertKeyword$_acceptAlert_closure1.call(AcceptAlertKeyword.groovy)
	at com.kms.katalon.core.webui.keyword.internal.WebUIKeywordMain.runKeyword(WebUIKeywordMain.groovy:20)
	... 19 more
"/>
         <system-out><![CDATA[2023-10-03 13:37:13 - [TEST_CASE][FAILED] - Test Cases/T05 Jadi Kurir/JKA-001: Test Cases/T05 Jadi Kurir/JKA-001 FAILED.
Reason:
com.kms.katalon.core.exception.StepFailedException: Unable to accept alert
	at com.kms.katalon.core.webui.keyword.internal.WebUIKeywordMain.stepFailed(WebUIKeywordMain.groovy:64)
	at com.kms.katalon.core.webui.keyword.internal.WebUIKeywordMain.runKeyword(WebUIKeywordMain.groovy:26)
	at com.kms.katalon.core.webui.keyword.builtin.AcceptAlertKeyword.acceptAlert(AcceptAlertKeyword.groovy:71)
	at com.kms.katalon.core.webui.keyword.builtin.AcceptAlertKeyword.execute(AcceptAlertKeyword.groovy:66)
	at com.kms.katalon.core.keyword.internal.KeywordExecutor.executeKeywordForPlatform(KeywordExecutor.groovy:74)
	at com.kms.katalon.core.webui.keyword.WebUiBuiltInKeywords.acceptAlert(WebUiBuiltInKeywords.groovy:1522)
	at com.kms.katalon.core.webui.keyword.WebUiBuiltInKeywords$acceptAlert$13.call(Unknown Source)
	at JKA-001.run(JKA-001:48)
	at com.kms.katalon.core.main.ScriptEngine.run(ScriptEngine.java:194)
	at com.kms.katalon.core.main.ScriptEngine.runScriptAsRawText(ScriptEngine.java:119)
	at com.kms.katalon.core.main.TestCaseExecutor.runScript(TestCaseExecutor.java:448)
	at com.kms.katalon.core.main.TestCaseExecutor.doExecute(TestCaseExecutor.java:439)
	at com.kms.katalon.core.main.TestCaseExecutor.processExecutionPhase(TestCaseExecutor.java:418)
	at com.kms.katalon.core.main.TestCaseExecutor.accessMainPhase(TestCaseExecutor.java:410)
	at com.kms.katalon.core.main.TestCaseExecutor.execute(TestCaseExecutor.java:285)
	at com.kms.katalon.core.common.CommonExecutor.accessTestCaseMainPhase(CommonExecutor.java:65)
	at com.kms.katalon.core.main.TestSuiteExecutor.accessTestSuiteMainPhase(TestSuiteExecutor.java:148)
	at com.kms.katalon.core.main.TestSuiteExecutor.execute(TestSuiteExecutor.java:106)
	at com.kms.katalon.core.main.TestCaseMain.startTestSuite(TestCaseMain.java:187)
	at com.kms.katalon.core.main.TestCaseMain$startTestSuite$0.call(Unknown Source)
	at TempTestSuite1696314682333.run(TempTestSuite1696314682333.groovy:36)
Caused by: com.kms.katalon.core.exception.StepFailedException: No alert found
	at com.kms.katalon.core.webui.keyword.internal.WebUIKeywordMain.stepFailed(WebUIKeywordMain.groovy:64)
	at com.kms.katalon.core.webui.keyword.builtin.AcceptAlertKeyword$_acceptAlert_closure1.doCall(AcceptAlertKeyword.groovy:78)
	at com.kms.katalon.core.webui.keyword.builtin.AcceptAlertKeyword$_acceptAlert_closure1.call(AcceptAlertKeyword.groovy)
	at com.kms.katalon.core.webui.keyword.internal.WebUIKeywordMain.runKeyword(WebUIKeywordMain.groovy:20)
	... 19 more


2023-10-03 13:37:13 - [TEST_STEP][PASSED] - openBrowser("https://10.9.2.63/ecommerce/administrator/"): Browser is opened with url: 'https://10.9.2.63/ecommerce/administrator/'

2023-10-03 13:37:13 - [MESSAGE][WARNING] - A browser is already opened. Closing browser and opening a new one

2023-10-03 13:37:14 - [MESSAGE][INFO] - Starting 'Firefox' driver

2023-10-03 13:37:14 - [MESSAGE][INFO] - User set preference: ['args', '[--disable-notifications]']

2023-10-03 13:37:14 - [MESSAGE][INFO] - Action delay is set to 0 milliseconds

2023-10-03 13:37:19 - [MESSAGE][PASSED] - Browser is opened with url: 'https://10.9.2.63/ecommerce/administrator/'

2023-10-03 13:37:19 - [TEST_STEP][PASSED] - verifyElementPresent(findTestObject("admin/Tittle ADMIN Login"), 0): Object 'Object Repository/admin/Tittle ADMIN Login' is present

2023-10-03 13:37:19 - [MESSAGE][WARNING] - Timeout '0' is invalid. Using default page load timeout: '30'

2023-10-03 13:37:19 - [MESSAGE][PASSED] - Object 'Object Repository/admin/Tittle ADMIN Login' is present

2023-10-03 13:37:19 - [TEST_STEP][PASSED] - setText(findTestObject("admin/Username"), "admin"): Text 'admin' is set on object 'Object Repository/admin/Username'

2023-10-03 13:37:20 - [MESSAGE][PASSED] - Text 'admin' is set on object 'Object Repository/admin/Username'

2023-10-03 13:37:20 - [TEST_STEP][PASSED] - setText(findTestObject("admin/Password"), "123admin123"): Text '123admin123' is set on object 'Object Repository/admin/Password'

2023-10-03 13:37:21 - [MESSAGE][PASSED] - Text '123admin123' is set on object 'Object Repository/admin/Password'

2023-10-03 13:37:21 - [TEST_STEP][PASSED] - click(findTestObject("admin/Remember Me")): Object: 'Object Repository/admin/Remember Me' is clicked on

2023-10-03 13:37:21 - [MESSAGE][PASSED] - Object: 'Object Repository/admin/Remember Me' is clicked on

2023-10-03 13:37:21 - [TEST_STEP][PASSED] - delay(10): Delayed 10 second(s)

2023-10-03 13:37:31 - [MESSAGE][PASSED] - Delayed 10 second(s)

2023-10-03 13:37:31 - [TEST_STEP][PASSED] - click(findTestObject("admin/buttom submit")): Object: 'Object Repository/admin/buttom submit' is clicked on

2023-10-03 13:37:33 - [MESSAGE][PASSED] - Object: 'Object Repository/admin/buttom submit' is clicked on

2023-10-03 13:37:33 - [TEST_STEP][PASSED] - verifyElementPresent(findTestObject("admin/Konf order konsumen/Tittle Dashboard"), 0): Object 'Object Repository/admin/Konf order konsumen/Tittle Dashboard' is present

2023-10-03 13:37:33 - [MESSAGE][WARNING] - Timeout '0' is invalid. Using default page load timeout: '30'

2023-10-03 13:37:40 - [MESSAGE][PASSED] - Object 'Object Repository/admin/Konf order konsumen/Tittle Dashboard' is present

2023-10-03 13:37:40 - [TEST_STEP][PASSED] - click(findTestObject("Admin kurir/Master Market")): Object: 'Object Repository/Admin kurir/Master Market' is clicked on

2023-10-03 13:37:41 - [MESSAGE][PASSED] - Object: 'Object Repository/Admin kurir/Master Market' is clicked on

2023-10-03 13:37:41 - [TEST_STEP][PASSED] - click(findTestObject("Admin kurir/Sopir  Kurir Internal")): Object: 'Object Repository/Admin kurir/Sopir  Kurir Internal' is clicked on

2023-10-03 13:37:42 - [MESSAGE][PASSED] - Object: 'Object Repository/Admin kurir/Sopir  Kurir Internal' is clicked on

2023-10-03 13:37:42 - [TEST_STEP][PASSED] - verifyElementPresent(findTestObject("Admin kurir/Daftar Sopir"), 0): Object 'Object Repository/Admin kurir/Daftar Sopir' is present

2023-10-03 13:37:42 - [MESSAGE][WARNING] - Timeout '0' is invalid. Using default page load timeout: '30'

2023-10-03 13:37:48 - [MESSAGE][PASSED] - Object 'Object Repository/Admin kurir/Daftar Sopir' is present

2023-10-03 13:37:48 - [TEST_STEP][PASSED] - click(findTestObject("Admin kurir/input_Search")): Object: 'Object Repository/Admin kurir/input_Search' is clicked on

2023-10-03 13:37:49 - [MESSAGE][PASSED] - Object: 'Object Repository/Admin kurir/input_Search' is clicked on

2023-10-03 13:37:49 - [TEST_STEP][PASSED] - setText(findTestObject("Admin kurir/input_Search"), "irfan.afandi"): Text 'irfan.afandi' is set on object 'Object Repository/Admin kurir/input_Search'

2023-10-03 13:37:49 - [MESSAGE][PASSED] - Text 'irfan.afandi' is set on object 'Object Repository/Admin kurir/input_Search'

2023-10-03 13:37:49 - [TEST_STEP][PASSED] - click(findTestObject("Admin kurir/buttom verifikasi")): Object: 'Object Repository/Admin kurir/buttom verifikasi' is clicked on

2023-10-03 13:37:50 - [MESSAGE][PASSED] - Object: 'Object Repository/Admin kurir/buttom verifikasi' is clicked on

2023-10-03 13:37:50 - [TEST_STEP][FAILED] - acceptAlert(): Unable to accept alert (Root cause: com.kms.katalon.core.exception.StepFailedException: Unable to accept alert
	at com.kms.katalon.core.webui.keyword.internal.WebUIKeywordMain.stepFailed(WebUIKeywordMain.groovy:64)
	at com.kms.katalon.core.webui.keyword.internal.WebUIKeywordMain.runKeyword(WebUIKeywordMain.groovy:26)
	at com.kms.katalon.core.webui.keyword.builtin.AcceptAlertKeyword.acceptAlert(AcceptAlertKeyword.groovy:71)
	at com.kms.katalon.core.webui.keyword.builtin.AcceptAlertKeyword.execute(AcceptAlertKeyword.groovy:66)
	at com.kms.katalon.core.keyword.internal.KeywordExecutor.executeKeywordForPlatform(KeywordExecutor.groovy:74)
	at com.kms.katalon.core.webui.keyword.WebUiBuiltInKeywords.acceptAlert(WebUiBuiltInKeywords.groovy:1522)
	at com.kms.katalon.core.webui.keyword.WebUiBuiltInKeywords$acceptAlert$13.call(Unknown Source)
	at JKA-001.run(JKA-001:48)
	at com.kms.katalon.core.main.ScriptEngine.run(ScriptEngine.java:194)
	at com.kms.katalon.core.main.ScriptEngine.runScriptAsRawText(ScriptEngine.java:119)
	at com.kms.katalon.core.main.TestCaseExecutor.runScript(TestCaseExecutor.java:448)
	at com.kms.katalon.core.main.TestCaseExecutor.doExecute(TestCaseExecutor.java:439)
	at com.kms.katalon.core.main.TestCaseExecutor.processExecutionPhase(TestCaseExecutor.java:418)
	at com.kms.katalon.core.main.TestCaseExecutor.accessMainPhase(TestCaseExecutor.java:410)
	at com.kms.katalon.core.main.TestCaseExecutor.execute(TestCaseExecutor.java:285)
	at com.kms.katalon.core.common.CommonExecutor.accessTestCaseMainPhase(CommonExecutor.java:65)
	at com.kms.katalon.core.main.TestSuiteExecutor.accessTestSuiteMainPhase(TestSuiteExecutor.java:148)
	at com.kms.katalon.core.main.TestSuiteExecutor.execute(TestSuiteExecutor.java:106)
	at com.kms.katalon.core.main.TestCaseMain.startTestSuite(TestCaseMain.java:187)
	at com.kms.katalon.core.main.TestCaseMain$startTestSuite$0.call(Unknown Source)
	at TempTestSuite1696314682333.run(TempTestSuite1696314682333.groovy:36)
Caused by: com.kms.katalon.core.exception.StepFailedException: No alert found
	at com.kms.katalon.core.webui.keyword.internal.WebUIKeywordMain.stepFailed(WebUIKeywordMain.groovy:64)
	at com.kms.katalon.core.webui.keyword.builtin.AcceptAlertKeyword$_acceptAlert_closure1.doCall(AcceptAlertKeyword.groovy:78)
	at com.kms.katalon.core.webui.keyword.builtin.AcceptAlertKeyword$_acceptAlert_closure1.call(AcceptAlertKeyword.groovy)
	at com.kms.katalon.core.webui.keyword.internal.WebUIKeywordMain.runKeyword(WebUIKeywordMain.groovy:20)
	... 19 more
)

2023-10-03 13:37:50 - [MESSAGE][FAILED] - No alert found (Root cause: com.kms.katalon.core.exception.StepFailedException: No alert found
	at com.kms.katalon.core.webui.keyword.internal.WebUIKeywordMain.stepFailed(WebUIKeywordMain.groovy:64)
	at com.kms.katalon.core.webui.keyword.builtin.AcceptAlertKeyword$_acceptAlert_closure1.doCall(AcceptAlertKeyword.groovy:78)
	at com.kms.katalon.core.webui.keyword.builtin.AcceptAlertKeyword$_acceptAlert_closure1.call(AcceptAlertKeyword.groovy)
	at com.kms.katalon.core.webui.keyword.internal.WebUIKeywordMain.runKeyword(WebUIKeywordMain.groovy:20)
	at com.kms.katalon.core.webui.keyword.builtin.AcceptAlertKeyword.acceptAlert(AcceptAlertKeyword.groovy:71)
	at com.kms.katalon.core.webui.keyword.builtin.AcceptAlertKeyword.execute(AcceptAlertKeyword.groovy:66)
	at com.kms.katalon.core.keyword.internal.KeywordExecutor.executeKeywordForPlatform(KeywordExecutor.groovy:74)
	at com.kms.katalon.core.webui.keyword.WebUiBuiltInKeywords.acceptAlert(WebUiBuiltInKeywords.groovy:1522)
	at com.kms.katalon.core.webui.keyword.WebUiBuiltInKeywords$acceptAlert$13.call(Unknown Source)
	at JKA-001.run(JKA-001:48)
	at com.kms.katalon.core.main.ScriptEngine.run(ScriptEngine.java:194)
	at com.kms.katalon.core.main.ScriptEngine.runScriptAsRawText(ScriptEngine.java:119)
	at com.kms.katalon.core.main.TestCaseExecutor.runScript(TestCaseExecutor.java:448)
	at com.kms.katalon.core.main.TestCaseExecutor.doExecute(TestCaseExecutor.java:439)
	at com.kms.katalon.core.main.TestCaseExecutor.processExecutionPhase(TestCaseExecutor.java:418)
	at com.kms.katalon.core.main.TestCaseExecutor.accessMainPhase(TestCaseExecutor.java:410)
	at com.kms.katalon.core.main.TestCaseExecutor.execute(TestCaseExecutor.java:285)
	at com.kms.katalon.core.common.CommonExecutor.accessTestCaseMainPhase(CommonExecutor.java:65)
	at com.kms.katalon.core.main.TestSuiteExecutor.accessTestSuiteMainPhase(TestSuiteExecutor.java:148)
	at com.kms.katalon.core.main.TestSuiteExecutor.execute(TestSuiteExecutor.java:106)
	at com.kms.katalon.core.main.TestCaseMain.startTestSuite(TestCaseMain.java:187)
	at com.kms.katalon.core.main.TestCaseMain$startTestSuite$0.call(Unknown Source)
	at TempTestSuite1696314682333.run(TempTestSuite1696314682333.groovy:36)
)
[[ATTACHMENT|D:\\BOOTCAMP XSIS\\Projek 2 MINI PROJEK\\Reports\\20231003_133122\\jadi kurir\\T05 jadi kurir\\20231003_133122\\1696315070508.png]]

2023-10-03 13:37:50 - [MESSAGE][FAILED] - Unable to accept alert (Root cause: com.kms.katalon.core.exception.StepFailedException: Unable to accept alert
	at com.kms.katalon.core.webui.keyword.internal.WebUIKeywordMain.stepFailed(WebUIKeywordMain.groovy:64)
	at com.kms.katalon.core.webui.keyword.internal.WebUIKeywordMain.runKeyword(WebUIKeywordMain.groovy:26)
	at com.kms.katalon.core.webui.keyword.builtin.AcceptAlertKeyword.acceptAlert(AcceptAlertKeyword.groovy:71)
	at com.kms.katalon.core.webui.keyword.builtin.AcceptAlertKeyword.execute(AcceptAlertKeyword.groovy:66)
	at com.kms.katalon.core.keyword.internal.KeywordExecutor.executeKeywordForPlatform(KeywordExecutor.groovy:74)
	at com.kms.katalon.core.webui.keyword.WebUiBuiltInKeywords.acceptAlert(WebUiBuiltInKeywords.groovy:1522)
	at com.kms.katalon.core.webui.keyword.WebUiBuiltInKeywords$acceptAlert$13.call(Unknown Source)
	at JKA-001.run(JKA-001:48)
	at com.kms.katalon.core.main.ScriptEngine.run(ScriptEngine.java:194)
	at com.kms.katalon.core.main.ScriptEngine.runScriptAsRawText(ScriptEngine.java:119)
	at com.kms.katalon.core.main.TestCaseExecutor.runScript(TestCaseExecutor.java:448)
	at com.kms.katalon.core.main.TestCaseExecutor.doExecute(TestCaseExecutor.java:439)
	at com.kms.katalon.core.main.TestCaseExecutor.processExecutionPhase(TestCaseExecutor.java:418)
	at com.kms.katalon.core.main.TestCaseExecutor.accessMainPhase(TestCaseExecutor.java:410)
	at com.kms.katalon.core.main.TestCaseExecutor.execute(TestCaseExecutor.java:285)
	at com.kms.katalon.core.common.CommonExecutor.accessTestCaseMainPhase(CommonExecutor.java:65)
	at com.kms.katalon.core.main.TestSuiteExecutor.accessTestSuiteMainPhase(TestSuiteExecutor.java:148)
	at com.kms.katalon.core.main.TestSuiteExecutor.execute(TestSuiteExecutor.java:106)
	at com.kms.katalon.core.main.TestCaseMain.startTestSuite(TestCaseMain.java:187)
	at com.kms.katalon.core.main.TestCaseMain$startTestSuite$0.call(Unknown Source)
	at TempTestSuite1696314682333.run(TempTestSuite1696314682333.groovy:36)
Caused by: com.kms.katalon.core.exception.StepFailedException: No alert found
	at com.kms.katalon.core.webui.keyword.internal.WebUIKeywordMain.stepFailed(WebUIKeywordMain.groovy:64)
	at com.kms.katalon.core.webui.keyword.builtin.AcceptAlertKeyword$_acceptAlert_closure1.doCall(AcceptAlertKeyword.groovy:78)
	at com.kms.katalon.core.webui.keyword.builtin.AcceptAlertKeyword$_acceptAlert_closure1.call(AcceptAlertKeyword.groovy)
	at com.kms.katalon.core.webui.keyword.internal.WebUIKeywordMain.runKeyword(WebUIKeywordMain.groovy:20)
	... 19 more
)
[[ATTACHMENT|D:\\BOOTCAMP XSIS\\Projek 2 MINI PROJEK\\Reports\\20231003_133122\\jadi kurir\\T05 jadi kurir\\20231003_133122\\1696315070581.png]]]]></system-out>
         <system-err><![CDATA[2023-10-03 13:37:13 - [TEST_CASE][FAILED] - Test Cases/T05 Jadi Kurir/JKA-001: Test Cases/T05 Jadi Kurir/JKA-001 FAILED.
Reason:
com.kms.katalon.core.exception.StepFailedException: Unable to accept alert
	at com.kms.katalon.core.webui.keyword.internal.WebUIKeywordMain.stepFailed(WebUIKeywordMain.groovy:64)
	at com.kms.katalon.core.webui.keyword.internal.WebUIKeywordMain.runKeyword(WebUIKeywordMain.groovy:26)
	at com.kms.katalon.core.webui.keyword.builtin.AcceptAlertKeyword.acceptAlert(AcceptAlertKeyword.groovy:71)
	at com.kms.katalon.core.webui.keyword.builtin.AcceptAlertKeyword.execute(AcceptAlertKeyword.groovy:66)
	at com.kms.katalon.core.keyword.internal.KeywordExecutor.executeKeywordForPlatform(KeywordExecutor.groovy:74)
	at com.kms.katalon.core.webui.keyword.WebUiBuiltInKeywords.acceptAlert(WebUiBuiltInKeywords.groovy:1522)
	at com.kms.katalon.core.webui.keyword.WebUiBuiltInKeywords$acceptAlert$13.call(Unknown Source)
	at JKA-001.run(JKA-001:48)
	at com.kms.katalon.core.main.ScriptEngine.run(ScriptEngine.java:194)
	at com.kms.katalon.core.main.ScriptEngine.runScriptAsRawText(ScriptEngine.java:119)
	at com.kms.katalon.core.main.TestCaseExecutor.runScript(TestCaseExecutor.java:448)
	at com.kms.katalon.core.main.TestCaseExecutor.doExecute(TestCaseExecutor.java:439)
	at com.kms.katalon.core.main.TestCaseExecutor.processExecutionPhase(TestCaseExecutor.java:418)
	at com.kms.katalon.core.main.TestCaseExecutor.accessMainPhase(TestCaseExecutor.java:410)
	at com.kms.katalon.core.main.TestCaseExecutor.execute(TestCaseExecutor.java:285)
	at com.kms.katalon.core.common.CommonExecutor.accessTestCaseMainPhase(CommonExecutor.java:65)
	at com.kms.katalon.core.main.TestSuiteExecutor.accessTestSuiteMainPhase(TestSuiteExecutor.java:148)
	at com.kms.katalon.core.main.TestSuiteExecutor.execute(TestSuiteExecutor.java:106)
	at com.kms.katalon.core.main.TestCaseMain.startTestSuite(TestCaseMain.java:187)
	at com.kms.katalon.core.main.TestCaseMain$startTestSuite$0.call(Unknown Source)
	at TempTestSuite1696314682333.run(TempTestSuite1696314682333.groovy:36)
Caused by: com.kms.katalon.core.exception.StepFailedException: No alert found
	at com.kms.katalon.core.webui.keyword.internal.WebUIKeywordMain.stepFailed(WebUIKeywordMain.groovy:64)
	at com.kms.katalon.core.webui.keyword.builtin.AcceptAlertKeyword$_acceptAlert_closure1.doCall(AcceptAlertKeyword.groovy:78)
	at com.kms.katalon.core.webui.keyword.builtin.AcceptAlertKeyword$_acceptAlert_closure1.call(AcceptAlertKeyword.groovy)
	at com.kms.katalon.core.webui.keyword.internal.WebUIKeywordMain.runKeyword(WebUIKeywordMain.groovy:20)
	... 19 more]]></system-err>
      </testcase>
      <testcase name="Test Cases/T05 Jadi Kurir/JKA-002" time="41.64" classname="Test Cases/T05 Jadi Kurir/JKA-002" status="PASSED">
         <system-out><![CDATA[2023-10-03 13:37:50 - [TEST_CASE][PASSED] - Test Cases/T05 Jadi Kurir/JKA-002: Test Cases/T05 Jadi Kurir/JKA-002

2023-10-03 13:37:50 - [TEST_STEP][PASSED] - openBrowser("https://10.9.2.63/ecommerce/administrator/"): Browser is opened with url: 'https://10.9.2.63/ecommerce/administrator/'

2023-10-03 13:37:50 - [MESSAGE][WARNING] - A browser is already opened. Closing browser and opening a new one

2023-10-03 13:37:51 - [MESSAGE][INFO] - Starting 'Firefox' driver

2023-10-03 13:37:51 - [MESSAGE][INFO] - User set preference: ['args', '[--disable-notifications]']

2023-10-03 13:37:51 - [MESSAGE][INFO] - Action delay is set to 0 milliseconds

2023-10-03 13:37:56 - [MESSAGE][PASSED] - Browser is opened with url: 'https://10.9.2.63/ecommerce/administrator/'

2023-10-03 13:37:56 - [TEST_STEP][PASSED] - verifyElementPresent(findTestObject("admin/Tittle ADMIN Login"), 0): Object 'Object Repository/admin/Tittle ADMIN Login' is present

2023-10-03 13:37:56 - [MESSAGE][WARNING] - Timeout '0' is invalid. Using default page load timeout: '30'

2023-10-03 13:37:56 - [MESSAGE][PASSED] - Object 'Object Repository/admin/Tittle ADMIN Login' is present

2023-10-03 13:37:56 - [TEST_STEP][PASSED] - setText(findTestObject("admin/Username"), "admin"): Text 'admin' is set on object 'Object Repository/admin/Username'

2023-10-03 13:37:57 - [MESSAGE][PASSED] - Text 'admin' is set on object 'Object Repository/admin/Username'

2023-10-03 13:37:57 - [TEST_STEP][PASSED] - setText(findTestObject("admin/Password"), "123admin123"): Text '123admin123' is set on object 'Object Repository/admin/Password'

2023-10-03 13:37:57 - [MESSAGE][PASSED] - Text '123admin123' is set on object 'Object Repository/admin/Password'

2023-10-03 13:37:57 - [TEST_STEP][PASSED] - click(findTestObject("admin/Remember Me")): Object: 'Object Repository/admin/Remember Me' is clicked on

2023-10-03 13:37:58 - [MESSAGE][PASSED] - Object: 'Object Repository/admin/Remember Me' is clicked on

2023-10-03 13:37:58 - [TEST_STEP][PASSED] - delay(10): Delayed 10 second(s)

2023-10-03 13:38:08 - [MESSAGE][PASSED] - Delayed 10 second(s)

2023-10-03 13:38:08 - [TEST_STEP][PASSED] - click(findTestObject("admin/buttom submit")): Object: 'Object Repository/admin/buttom submit' is clicked on

2023-10-03 13:38:10 - [MESSAGE][PASSED] - Object: 'Object Repository/admin/buttom submit' is clicked on

2023-10-03 13:38:10 - [TEST_STEP][PASSED] - verifyElementPresent(findTestObject("admin/Konf order konsumen/Tittle Dashboard"), 0): Object 'Object Repository/admin/Konf order konsumen/Tittle Dashboard' is present

2023-10-03 13:38:10 - [MESSAGE][WARNING] - Timeout '0' is invalid. Using default page load timeout: '30'

2023-10-03 13:38:12 - [MESSAGE][PASSED] - Object 'Object Repository/admin/Konf order konsumen/Tittle Dashboard' is present

2023-10-03 13:38:12 - [TEST_STEP][PASSED] - click(findTestObject("Admin kurir/Master Market")): Object: 'Object Repository/Admin kurir/Master Market' is clicked on

2023-10-03 13:38:13 - [MESSAGE][PASSED] - Object: 'Object Repository/Admin kurir/Master Market' is clicked on

2023-10-03 13:38:13 - [TEST_STEP][PASSED] - click(findTestObject("Admin kurir/Sopir  Kurir Internal")): Object: 'Object Repository/Admin kurir/Sopir  Kurir Internal' is clicked on

2023-10-03 13:38:14 - [MESSAGE][PASSED] - Object: 'Object Repository/Admin kurir/Sopir  Kurir Internal' is clicked on

2023-10-03 13:38:14 - [TEST_STEP][PASSED] - verifyElementPresent(findTestObject("Admin kurir/Daftar Sopir"), 0): Object 'Object Repository/Admin kurir/Daftar Sopir' is present

2023-10-03 13:38:15 - [MESSAGE][WARNING] - Timeout '0' is invalid. Using default page load timeout: '30'

2023-10-03 13:38:21 - [MESSAGE][PASSED] - Object 'Object Repository/Admin kurir/Daftar Sopir' is present

2023-10-03 13:38:21 - [TEST_STEP][PASSED] - click(findTestObject("Admin kurir/input_Search")): Object: 'Object Repository/Admin kurir/input_Search' is clicked on

2023-10-03 13:38:22 - [MESSAGE][PASSED] - Object: 'Object Repository/Admin kurir/input_Search' is clicked on

2023-10-03 13:38:22 - [TEST_STEP][PASSED] - setText(findTestObject("Admin kurir/input_Search"), "irfan.afandi"): Text 'irfan.afandi' is set on object 'Object Repository/Admin kurir/input_Search'

2023-10-03 13:38:23 - [MESSAGE][PASSED] - Text 'irfan.afandi' is set on object 'Object Repository/Admin kurir/input_Search'

2023-10-03 13:38:23 - [TEST_STEP][PASSED] - click(findTestObject("Admin kurir/buttom delete")): Object: 'Object Repository/Admin kurir/buttom delete' is clicked on

2023-10-03 13:38:24 - [MESSAGE][PASSED] - Object: 'Object Repository/Admin kurir/buttom delete' is clicked on

2023-10-03 13:38:24 - [TEST_STEP][PASSED] - acceptAlert(): Alert accepted

2023-10-03 13:38:24 - [MESSAGE][PASSED] - Alert accepted

2023-10-03 13:38:24 - [TEST_STEP][PASSED] - delay(5): Delayed 5 second(s)

2023-10-03 13:38:29 - [MESSAGE][PASSED] - Delayed 5 second(s)

2023-10-03 13:38:29 - [TEST_STEP][PASSED] - verifyTextNotPresent("irfan.afandi", false): Text 'irfan.afandi' is not present on page

2023-10-03 13:38:32 - [MESSAGE][PASSED] - Text 'irfan.afandi' is not present on page]]></system-out>
         <system-err><![CDATA[]]></system-err>
      </testcase>
      <testcase name="Test Cases/T05 Jadi Kurir/LU-001" time="13.691" classname="Test Cases/T05 Jadi Kurir/LU-001" status="PASSED">
         <system-out><![CDATA[2023-10-03 13:38:32 - [TEST_CASE][PASSED] - Test Cases/T05 Jadi Kurir/LU-001: Test Cases/T05 Jadi Kurir/LU-001

2023-10-03 13:38:32 - [TEST_STEP][PASSED] - openBrowser("https://10.9.2.63/ecommerce/"): Browser is opened with url: 'https://10.9.2.63/ecommerce/'

2023-10-03 13:38:32 - [MESSAGE][WARNING] - A browser is already opened. Closing browser and opening a new one

2023-10-03 13:38:34 - [MESSAGE][INFO] - Starting 'Firefox' driver

2023-10-03 13:38:34 - [MESSAGE][INFO] - User set preference: ['args', '[--disable-notifications]']

2023-10-03 13:38:34 - [MESSAGE][INFO] - Action delay is set to 0 milliseconds

2023-10-03 13:38:40 - [MESSAGE][PASSED] - Browser is opened with url: 'https://10.9.2.63/ecommerce/'

2023-10-03 13:38:40 - [TEST_STEP][PASSED] - maximizeWindow(): Current window maximized

2023-10-03 13:38:40 - [MESSAGE][PASSED] - Current window maximized

2023-10-03 13:38:40 - [TEST_STEP][PASSED] - verifyElementPresent(findTestObject("Login/Home"), 0): Object 'Object Repository/Login/Home' is present

2023-10-03 13:38:40 - [MESSAGE][WARNING] - Timeout '0' is invalid. Using default page load timeout: '30'

2023-10-03 13:38:40 - [MESSAGE][PASSED] - Object 'Object Repository/Login/Home' is present

2023-10-03 13:38:40 - [TEST_STEP][PASSED] - click(findTestObject("Login/a_Login")): Object: 'Object Repository/Login/a_Login' is clicked on

2023-10-03 13:38:41 - [MESSAGE][PASSED] - Object: 'Object Repository/Login/a_Login' is clicked on

2023-10-03 13:38:41 - [TEST_STEP][PASSED] - verifyElementPresent(findTestObject("Login/Tittle Login"), 0): Object 'Object Repository/Login/Tittle Login' is present

2023-10-03 13:38:41 - [MESSAGE][WARNING] - Timeout '0' is invalid. Using default page load timeout: '30'

2023-10-03 13:38:41 - [MESSAGE][PASSED] - Object 'Object Repository/Login/Tittle Login' is present

2023-10-03 13:38:41 - [TEST_STEP][PASSED] - setText(findTestObject("Login/input_Username, Email atau No. Handphone_a"), username): Text 'irfanafandi' is set on object 'Object Repository/Login/input_Username, Email atau No. Handphone_a'

2023-10-03 13:38:42 - [MESSAGE][PASSED] - Text 'irfanafandi' is set on object 'Object Repository/Login/input_Username, Email atau No. Handphone_a'

2023-10-03 13:38:42 - [TEST_STEP][PASSED] - setText(findTestObject("Login/input_Password_b"), password): Text '12345irfan' is set on object 'Object Repository/Login/input_Password_b'

2023-10-03 13:38:43 - [MESSAGE][PASSED] - Text '12345irfan' is set on object 'Object Repository/Login/input_Password_b'

2023-10-03 13:38:43 - [TEST_STEP][PASSED] - click(findTestObject("Login/label_Ingat saya")): Object: 'Object Repository/Login/label_Ingat saya' is clicked on

2023-10-03 13:38:44 - [MESSAGE][PASSED] - Object: 'Object Repository/Login/label_Ingat saya' is clicked on

2023-10-03 13:38:44 - [TEST_STEP][PASSED] - click(findTestObject("Login/button_Masuk")): Object: 'Object Repository/Login/button_Masuk' is clicked on

2023-10-03 13:38:45 - [MESSAGE][PASSED] - Object: 'Object Repository/Login/button_Masuk' is clicked on

2023-10-03 13:38:45 - [TEST_STEP][PASSED] - verifyElementPresent(findTestObject("Login/li_Profile"), 0): Object 'Object Repository/Login/li_Profile' is present

2023-10-03 13:38:45 - [MESSAGE][WARNING] - Timeout '0' is invalid. Using default page load timeout: '30'

2023-10-03 13:38:45 - [MESSAGE][PASSED] - Object 'Object Repository/Login/li_Profile' is present]]></system-out>
         <system-err><![CDATA[]]></system-err>
      </testcase>
      <system-out><![CDATA[2023-10-03 13:31:25 - [TEST_SUITE][FAILED] - T05 jadi kurir: Test Cases/T05 Jadi Kurir/JK-005 FAILED.
Reason:
com.kms.katalon.core.exception.StepFailedException: Unable to verify text 'Please fill in the correct column.' is present 
	at com.kms.katalon.core.webui.keyword.internal.WebUIKeywordMain.stepFailed(WebUIKeywordMain.groovy:64)
	at com.kms.katalon.core.webui.keyword.internal.WebUIKeywordMain.runKeyword(WebUIKeywordMain.groovy:26)
	at com.kms.katalon.core.webui.keyword.builtin.VerifyTextPresentKeyword.verifyTextPresent(VerifyTextPresentKeyword.groovy:83)
	at com.kms.katalon.core.webui.keyword.builtin.VerifyTextPresentKeyword.execute(VerifyTextPresentKeyword.groovy:68)
	at com.kms.katalon.core.keyword.internal.KeywordExecutor.executeKeywordForPlatform(KeywordExecutor.groovy:74)
	at com.kms.katalon.core.webui.keyword.WebUiBuiltInKeywords.verifyTextPresent(WebUiBuiltInKeywords.groovy:1723)
	at com.kms.katalon.core.webui.keyword.WebUiBuiltInKeywords$verifyTextPresent$11.call(Unknown Source)
	at JK-005.run(JK-005:42)
	at com.kms.katalon.core.main.ScriptEngine.run(ScriptEngine.java:194)
	at com.kms.katalon.core.main.ScriptEngine.runScriptAsRawText(ScriptEngine.java:119)
	at com.kms.katalon.core.main.TestCaseExecutor.runScript(TestCaseExecutor.java:448)
	at com.kms.katalon.core.main.TestCaseExecutor.doExecute(TestCaseExecutor.java:439)
	at com.kms.katalon.core.main.TestCaseExecutor.processExecutionPhase(TestCaseExecutor.java:418)
	at com.kms.katalon.core.main.TestCaseExecutor.accessMainPhase(TestCaseExecutor.java:410)
	at com.kms.katalon.core.main.TestCaseExecutor.execute(TestCaseExecutor.java:285)
	at com.kms.katalon.core.common.CommonExecutor.accessTestCaseMainPhase(CommonExecutor.java:65)
	at com.kms.katalon.core.main.TestSuiteExecutor.accessTestSuiteMainPhase(TestSuiteExecutor.java:148)
	at com.kms.katalon.core.main.TestSuiteExecutor.execute(TestSuiteExecutor.java:106)
	at com.kms.katalon.core.main.TestCaseMain.startTestSuite(TestCaseMain.java:187)
	at com.kms.katalon.core.main.TestCaseMain$startTestSuite$0.call(Unknown Source)
	at TempTestSuite1696314682333.run(TempTestSuite1696314682333.groovy:36)
Caused by: com.kms.katalon.core.exception.StepFailedException: Text 'Please fill in the correct column.' is not present on page 
	at com.kms.katalon.core.webui.keyword.internal.WebUIKeywordMain.stepFailed(WebUIKeywordMain.groovy:64)
	at com.kms.katalon.core.webui.keyword.builtin.VerifyTextPresentKeyword$_verifyTextPresent_closure1.doCall(VerifyTextPresentKeyword.groovy:79)
	at com.kms.katalon.core.webui.keyword.builtin.VerifyTextPresentKeyword$_verifyTextPresent_closure1.call(VerifyTextPresentKeyword.groovy)
	at com.kms.katalon.core.webui.keyword.internal.WebUIKeywordMain.runKeyword(WebUIKeywordMain.groovy:20)
	... 19 more]]></system-out>
      <system-err><![CDATA[2023-10-03 13:31:25 - [TEST_SUITE][FAILED] - T05 jadi kurir: Test Cases/T05 Jadi Kurir/JK-005 FAILED.
Reason:
com.kms.katalon.core.exception.StepFailedException: Unable to verify text 'Please fill in the correct column.' is present 
	at com.kms.katalon.core.webui.keyword.internal.WebUIKeywordMain.stepFailed(WebUIKeywordMain.groovy:64)
	at com.kms.katalon.core.webui.keyword.internal.WebUIKeywordMain.runKeyword(WebUIKeywordMain.groovy:26)
	at com.kms.katalon.core.webui.keyword.builtin.VerifyTextPresentKeyword.verifyTextPresent(VerifyTextPresentKeyword.groovy:83)
	at com.kms.katalon.core.webui.keyword.builtin.VerifyTextPresentKeyword.execute(VerifyTextPresentKeyword.groovy:68)
	at com.kms.katalon.core.keyword.internal.KeywordExecutor.executeKeywordForPlatform(KeywordExecutor.groovy:74)
	at com.kms.katalon.core.webui.keyword.WebUiBuiltInKeywords.verifyTextPresent(WebUiBuiltInKeywords.groovy:1723)
	at com.kms.katalon.core.webui.keyword.WebUiBuiltInKeywords$verifyTextPresent$11.call(Unknown Source)
	at JK-005.run(JK-005:42)
	at com.kms.katalon.core.main.ScriptEngine.run(ScriptEngine.java:194)
	at com.kms.katalon.core.main.ScriptEngine.runScriptAsRawText(ScriptEngine.java:119)
	at com.kms.katalon.core.main.TestCaseExecutor.runScript(TestCaseExecutor.java:448)
	at com.kms.katalon.core.main.TestCaseExecutor.doExecute(TestCaseExecutor.java:439)
	at com.kms.katalon.core.main.TestCaseExecutor.processExecutionPhase(TestCaseExecutor.java:418)
	at com.kms.katalon.core.main.TestCaseExecutor.accessMainPhase(TestCaseExecutor.java:410)
	at com.kms.katalon.core.main.TestCaseExecutor.execute(TestCaseExecutor.java:285)
	at com.kms.katalon.core.common.CommonExecutor.accessTestCaseMainPhase(CommonExecutor.java:65)
	at com.kms.katalon.core.main.TestSuiteExecutor.accessTestSuiteMainPhase(TestSuiteExecutor.java:148)
	at com.kms.katalon.core.main.TestSuiteExecutor.execute(TestSuiteExecutor.java:106)
	at com.kms.katalon.core.main.TestCaseMain.startTestSuite(TestCaseMain.java:187)
	at com.kms.katalon.core.main.TestCaseMain$startTestSuite$0.call(Unknown Source)
	at TempTestSuite1696314682333.run(TempTestSuite1696314682333.groovy:36)
Caused by: com.kms.katalon.core.exception.StepFailedException: Text 'Please fill in the correct column.' is not present on page 
	at com.kms.katalon.core.webui.keyword.internal.WebUIKeywordMain.stepFailed(WebUIKeywordMain.groovy:64)
	at com.kms.katalon.core.webui.keyword.builtin.VerifyTextPresentKeyword$_verifyTextPresent_closure1.doCall(VerifyTextPresentKeyword.groovy:79)
	at com.kms.katalon.core.webui.keyword.builtin.VerifyTextPresentKeyword$_verifyTextPresent_closure1.call(VerifyTextPresentKeyword.groovy)
	at com.kms.katalon.core.webui.keyword.internal.WebUIKeywordMain.runKeyword(WebUIKeywordMain.groovy:20)
	... 19 more]]></system-err>
   </testsuite>
</testsuites>
