<?xml version="1.0" encoding="UTF-8"?>
<testsuites name="Test Suite Appointment" time="151.867" tests="3" failures="1" errors="0">
   <testsuite name="Test Suite Appointment" tests="3" failures="1" errors="0" time="151.867" skipped="0" timestamp="2023-08-25 10:05:24" hostname="IRFAN - DESKTOP-H62FVJ8" id="Test Suites/Test Suite Appointment">
      <properties>
         <property name="deviceName" value=""/>
         <property name="devicePlatform" value=""/>
         <property name="logFolder" value="D:\\Project XSIS\\batch-324-qa\\irfan\\Cura Heroku App\\Reports\\20230825_100521\\Test Suite Appointment\\20230825_100521"/>
         <property name="logFiles" value="D:\\Project XSIS\\batch-324-qa\\irfan\\Cura Heroku App\\Reports\\20230825_100521\\Test Suite Appointment\\20230825_100521\\execution0.log"/>
         <property name="attachments" value="D:\\Project XSIS\\batch-324-qa\\irfan\\Cura Heroku App\\Reports\\20230825_100521\\Test Suite Appointment\\20230825_100521\\1692932798508.png, D:\\Project XSIS\\batch-324-qa\\irfan\\Cura Heroku App\\Reports\\20230825_100521\\Test Suite Appointment\\20230825_100521\\1692932828213.png, D:\\Project XSIS\\batch-324-qa\\irfan\\Cura Heroku App\\Reports\\20230825_100521\\Test Suite Appointment\\20230825_100521\\1692932842844.png, D:\\Project XSIS\\batch-324-qa\\irfan\\Cura Heroku App\\Reports\\20230825_100521\\Test Suite Appointment\\20230825_100521\\1692932858033.png"/>
         <property name="hostName" value="IRFAN - DESKTOP-H62FVJ8"/>
         <property name="os" value="Windows 10 64bit"/>
         <property name="katalonVersion" value="8.6.5.208"/>
         <property name="browser" value="Edge Chromium 116"/>
         <property name="hostAddress" value="172.20.10.9"/>
         <property name="sessionId" value="1c3170a5ec5e38264540a704487d948e"/>
         <property name="seleniumVersion" value="3.141.59"/>
         <property name="proxyInformation" value="ProxyInformation { proxyOption=NO_PROXY, proxyServerType=HTTP, username=, password=********, proxyServerAddress=, proxyServerPort=0, executionList=&quot;&quot;, isApplyToDesiredCapabilities=true }"/>
         <property name="platform" value="Windows 10"/>
      </properties>
      <testcase name="Test Cases/Appointment/Test Case 2.1 (dinamis)" time="58.056" classname="Test Cases/Appointment/Test Case 2.1 (dinamis)" status="PASSED">
         <system-out><![CDATA[2023-08-25 10:05:25 - [TEST_CASE][PASSED] - Test Cases/Appointment/Test Case 2.1 (dinamis): Test Cases/Appointment/Test Case 2.1 (dinamis)

2023-08-25 10:05:25 - [TEST_STEP][PASSED] - callTestCase(findTestCase("Login/Test Case 1.1 (Script)"), ["Username":username, "Password":password], STOP_ON_FAILURE): Call Test Case 'Test Cases/Login/Test Case 1.1 (Script)' successfully

2023-08-25 10:05:25 - [TEST_CASE][PASSED] - Test Cases/Login/Test Case 1.1 (Script): Test Cases/Login/Test Case 1.1 (Script)

2023-08-25 10:05:26 - [TEST_STEP][PASSED] - openBrowser("https://katalon-demo-cura.herokuapp.com/"): Browser is opened with url: 'https://katalon-demo-cura.herokuapp.com/'

2023-08-25 10:05:26 - [MESSAGE][INFO] - Starting 'Edge Chromium' driver

2023-08-25 10:05:28 - [MESSAGE][INFO] - Action delay is set to 0 milliseconds

2023-08-25 10:05:33 - [MESSAGE][PASSED] - Browser is opened with url: 'https://katalon-demo-cura.herokuapp.com/'

2023-08-25 10:05:33 - [TEST_STEP][PASSED] - verifyElementPresent(findTestObject("Object Repository/Login/Tittle_Home_Page"), 10): Object 'Object Repository/Login/Tittle_Home_Page' is present

2023-08-25 10:05:35 - [MESSAGE][PASSED] - Object 'Object Repository/Login/Tittle_Home_Page' is present

2023-08-25 10:05:35 - [TEST_STEP][PASSED] - click(findTestObject("Object Repository/Login/Menu Burger")): Object: 'Object Repository/Login/Menu Burger' is clicked on

2023-08-25 10:05:37 - [MESSAGE][PASSED] - Object: 'Object Repository/Login/Menu Burger' is clicked on

2023-08-25 10:05:37 - [TEST_STEP][PASSED] - click(findTestObject("Object Repository/Login/Menu Login")): Object: 'Object Repository/Login/Menu Login' is clicked on

2023-08-25 10:05:40 - [MESSAGE][PASSED] - Object: 'Object Repository/Login/Menu Login' is clicked on

2023-08-25 10:05:40 - [TEST_STEP][PASSED] - verifyElementPresent(findTestObject("Object Repository/Login/Tittle Login"), 10): Object 'Object Repository/Login/Tittle Login' is present

2023-08-25 10:05:42 - [MESSAGE][PASSED] - Object 'Object Repository/Login/Tittle Login' is present

2023-08-25 10:05:42 - [TEST_STEP][PASSED] - setText(findTestObject("Object Repository/Login/Input Username"), Username): Text 'John Doe' is set on object 'Object Repository/Login/Input Username'

2023-08-25 10:05:46 - [MESSAGE][PASSED] - Text 'John Doe' is set on object 'Object Repository/Login/Input Username'

2023-08-25 10:05:46 - [TEST_STEP][PASSED] - setEncryptedText(findTestObject("Object Repository/Login/Input Password"), Password): Text ****** has been set on object 'Object Repository/Login/Input Password'

2023-08-25 10:05:48 - [MESSAGE][PASSED] - Text ****** has been set on object 'Object Repository/Login/Input Password'

2023-08-25 10:05:48 - [TEST_STEP][PASSED] - click(findTestObject("Object Repository/Login/Button Login")): Object: 'Object Repository/Login/Button Login' is clicked on

2023-08-25 10:05:50 - [MESSAGE][PASSED] - Object: 'Object Repository/Login/Button Login' is clicked on

2023-08-25 10:05:50 - [TEST_STEP][PASSED] - verifyElementPresent(findTestObject("Object Repository/Login/Tittle Make Appointment"), 10): Object 'Object Repository/Login/Tittle Make Appointment' is present

2023-08-25 10:05:53 - [MESSAGE][PASSED] - Object 'Object Repository/Login/Tittle Make Appointment' is present

2023-08-25 10:05:53 - [MESSAGE][PASSED] - Call Test Case 'Test Cases/Login/Test Case 1.1 (Script)' successfully

2023-08-25 10:05:53 - [TEST_STEP][PASSED] - selectOptionByValue(findTestObject("Make Appointment/Select Drop Down Facility"), facility, false): All options with value 'Tokyo CURA Healthcare Center' are selected in object 'Object Repository/Make Appointment/Select Drop Down Facility' 

2023-08-25 10:05:57 - [MESSAGE][PASSED] - All options with value 'Tokyo CURA Healthcare Center' are selected in object 'Object Repository/Make Appointment/Select Drop Down Facility' 

2023-08-25 10:05:57 - [TEST_STEP][PASSED] - if (toString().equalsIgnoreCase("yes")): Object 'Object Repository/Make Appointment/Checkbox apply for hospital readmission' is checked

2023-08-25 10:05:57 - [TEST_STEP][PASSED] - check(findTestObject("Make Appointment/Checkbox apply for hospital readmission")): Object 'Object Repository/Make Appointment/Checkbox apply for hospital readmission' is checked

2023-08-25 10:05:59 - [MESSAGE][PASSED] - Object 'Object Repository/Make Appointment/Checkbox apply for hospital readmission' is checked

2023-08-25 10:05:59 - [TEST_STEP][PASSED] - if (toString().equalsIgnoreCase("Medicare")): null

2023-08-25 10:05:59 - [TEST_STEP][PASSED] - else if (toString().equalsIgnoreCase("Medicaid")): null

2023-08-25 10:05:59 - [TEST_STEP][PASSED] - else: Object 'Object Repository/Make Appointment/Radio None programs' is checked

2023-08-25 10:05:59 - [TEST_STEP][PASSED] - check(findTestObject("Object Repository/Make Appointment/Radio None programs")): Object 'Object Repository/Make Appointment/Radio None programs' is checked

2023-08-25 10:06:01 - [MESSAGE][PASSED] - Object 'Object Repository/Make Appointment/Radio None programs' is checked

2023-08-25 10:06:01 - [TEST_STEP][PASSED] - setText(findTestObject("Make Appointment/input Visit Date (Required)"), visit_date): Text '25/08/2023' is set on object 'Object Repository/Make Appointment/input Visit Date (Required)'

2023-08-25 10:06:05 - [MESSAGE][PASSED] - Text '25/08/2023' is set on object 'Object Repository/Make Appointment/input Visit Date (Required)'

2023-08-25 10:06:05 - [TEST_STEP][PASSED] - setText(findTestObject("Make Appointment/Text Area Comment"), comment): Text 'halo bang' is set on object 'Object Repository/Make Appointment/Text Area Comment'

2023-08-25 10:06:09 - [MESSAGE][PASSED] - Text 'halo bang' is set on object 'Object Repository/Make Appointment/Text Area Comment'

2023-08-25 10:06:09 - [TEST_STEP][PASSED] - click(findTestObject("Make Appointment/button Book Appointment")): Object: 'Object Repository/Make Appointment/button Book Appointment' is clicked on

2023-08-25 10:06:11 - [MESSAGE][PASSED] - Object: 'Object Repository/Make Appointment/button Book Appointment' is clicked on

2023-08-25 10:06:11 - [TEST_STEP][PASSED] - verifyElementPresent(findTestObject("Make Appointment/Tittle Appointment Confirmation"), 10): Object 'Object Repository/Make Appointment/Tittle Appointment Confirmation' is present

2023-08-25 10:06:13 - [MESSAGE][PASSED] - Object 'Object Repository/Make Appointment/Tittle Appointment Confirmation' is present

2023-08-25 10:06:13 - [TEST_STEP][PASSED] - hasilFacility = getText(findTestObject("Object Repository/Make Appointment/Hasil facility")): Text of object 'Object Repository/Make Appointment/Hasil facility' is: 'Tokyo CURA Healthcare Center'

2023-08-25 10:06:15 - [MESSAGE][PASSED] - Text of object 'Object Repository/Make Appointment/Hasil facility' is: 'Tokyo CURA Healthcare Center'

2023-08-25 10:06:15 - [TEST_STEP][PASSED] - hasilReadmission = getText(findTestObject("Make Appointment/Hasil apply for hospital")): Text of object 'Object Repository/Make Appointment/Hasil apply for hospital' is: 'Yes'

2023-08-25 10:06:17 - [MESSAGE][PASSED] - Text of object 'Object Repository/Make Appointment/Hasil apply for hospital' is: 'Yes'

2023-08-25 10:06:17 - [TEST_STEP][PASSED] - hasilhealtcare = getText(findTestObject("Make Appointment/Hasil healtcare program")): Text of object 'Object Repository/Make Appointment/Hasil healtcare program' is: 'None'

2023-08-25 10:06:19 - [MESSAGE][PASSED] - Text of object 'Object Repository/Make Appointment/Hasil healtcare program' is: 'None'

2023-08-25 10:06:19 - [TEST_STEP][PASSED] - hasilVisitdate = getText(findTestObject("Make Appointment/Hasil visit date")): Text of object 'Object Repository/Make Appointment/Hasil visit date' is: '25/08/2023'

2023-08-25 10:06:21 - [MESSAGE][PASSED] - Text of object 'Object Repository/Make Appointment/Hasil visit date' is: '25/08/2023'

2023-08-25 10:06:21 - [TEST_STEP][PASSED] - hasilComment = getText(findTestObject("Make Appointment/Hasil comment")): Text of object 'Object Repository/Make Appointment/Hasil comment' is: 'halo bang'

2023-08-25 10:06:23 - [MESSAGE][PASSED] - Text of object 'Object Repository/Make Appointment/Hasil comment' is: 'halo bang'

2023-08-25 10:06:23 - [TEST_STEP][PASSED] - assert toString().equalsIgnoreCase(facility): null

2023-08-25 10:06:23 - [TEST_STEP][PASSED] - assert toString().equalsIgnoreCase(hospital_readmission): null

2023-08-25 10:06:23 - [TEST_STEP][PASSED] - assert toString().equalsIgnoreCase(healthcare_program): null

2023-08-25 10:06:23 - [TEST_STEP][PASSED] - assert toString().equalsIgnoreCase(visit_date): null

2023-08-25 10:06:23 - [TEST_STEP][PASSED] - assert toString().equalsIgnoreCase(comment): null]]></system-out>
         <system-err><![CDATA[]]></system-err>
      </testcase>
      <testcase name="Test Cases/Appointment/Test Case 2.1 (dinamis)" time="15.022" classname="Test Cases/Appointment/Test Case 2.1 (dinamis)" status="FAILED">
         <failure type="FAILED" message="Test Cases/Appointment/Test Case 2.1 (dinamis) FAILED.
Reason:
com.kms.katalon.core.exception.StepFailedException: Unable to check object
	at com.kms.katalon.core.webui.keyword.internal.WebUIKeywordMain.stepFailed(WebUIKeywordMain.groovy:64)
	at com.kms.katalon.core.webui.keyword.internal.WebUIKeywordMain.runKeyword(WebUIKeywordMain.groovy:26)
	at com.kms.katalon.core.webui.keyword.builtin.CheckKeyword.check(CheckKeyword.groovy:88)
	at com.kms.katalon.core.webui.keyword.builtin.CheckKeyword.execute(CheckKeyword.groovy:67)
	at com.kms.katalon.core.keyword.internal.KeywordExecutor.executeKeywordForPlatform(KeywordExecutor.groovy:74)
	at com.kms.katalon.core.webui.keyword.WebUiBuiltInKeywords.check(WebUiBuiltInKeywords.groovy:1069)
	at com.kms.katalon.core.webui.keyword.WebUiBuiltInKeywords$check$5.call(Unknown Source)
	at Test Case 2.1 (dinamis).run(Test Case 2.1 (dinamis):29)
	at com.kms.katalon.core.main.ScriptEngine.run(ScriptEngine.java:194)
	at com.kms.katalon.core.main.ScriptEngine.runScriptAsRawText(ScriptEngine.java:119)
	at com.kms.katalon.core.main.TestCaseExecutor.runScript(TestCaseExecutor.java:448)
	at com.kms.katalon.core.main.TestCaseExecutor.doExecute(TestCaseExecutor.java:439)
	at com.kms.katalon.core.main.TestCaseExecutor.processExecutionPhase(TestCaseExecutor.java:418)
	at com.kms.katalon.core.main.TestCaseExecutor.accessMainPhase(TestCaseExecutor.java:410)
	at com.kms.katalon.core.main.TestCaseExecutor.execute(TestCaseExecutor.java:285)
	at com.kms.katalon.core.main.TestCaseExecutor.execute(TestCaseExecutor.java:369)
	at com.kms.katalon.core.main.TestCaseExecutor.execute(TestCaseExecutor.java:369)
	at com.kms.katalon.core.main.TestCaseExecutor.execute(TestCaseExecutor.java:369)
	at com.kms.katalon.core.common.CommonExecutor.accessTestCaseMainPhase(CommonExecutor.java:65)
	at com.kms.katalon.core.main.TestSuiteExecutor.accessTestSuiteMainPhase(TestSuiteExecutor.java:148)
	at com.kms.katalon.core.main.TestSuiteExecutor.execute(TestSuiteExecutor.java:106)
	at com.kms.katalon.core.main.TestCaseMain.startTestSuite(TestCaseMain.java:187)
	at com.kms.katalon.core.main.TestCaseMain$startTestSuite$0.call(Unknown Source)
	at TempTestSuite1692932721882.run(TempTestSuite1692932721882.groovy:36)
Caused by: java.lang.IllegalArgumentException: Object is null
	at com.kms.katalon.core.helper.KeywordHelper.checkTestObjectParameter(KeywordHelper.java:33)
	at com.kms.katalon.core.webui.keyword.builtin.CheckKeyword$_check_closure1.doCall(CheckKeyword.groovy:75)
	at com.kms.katalon.core.webui.keyword.builtin.CheckKeyword$_check_closure1.call(CheckKeyword.groovy)
	at com.kms.katalon.core.webui.keyword.internal.WebUIKeywordMain.runKeyword(WebUIKeywordMain.groovy:20)
	... 22 more
"/>
         <system-out><![CDATA[2023-08-25 10:07:23 - [TEST_CASE][FAILED] - Test Cases/Appointment/Test Case 2.1 (dinamis): Test Cases/Appointment/Test Case 2.1 (dinamis) FAILED.
Reason:
com.kms.katalon.core.exception.StepFailedException: Unable to check object
	at com.kms.katalon.core.webui.keyword.internal.WebUIKeywordMain.stepFailed(WebUIKeywordMain.groovy:64)
	at com.kms.katalon.core.webui.keyword.internal.WebUIKeywordMain.runKeyword(WebUIKeywordMain.groovy:26)
	at com.kms.katalon.core.webui.keyword.builtin.CheckKeyword.check(CheckKeyword.groovy:88)
	at com.kms.katalon.core.webui.keyword.builtin.CheckKeyword.execute(CheckKeyword.groovy:67)
	at com.kms.katalon.core.keyword.internal.KeywordExecutor.executeKeywordForPlatform(KeywordExecutor.groovy:74)
	at com.kms.katalon.core.webui.keyword.WebUiBuiltInKeywords.check(WebUiBuiltInKeywords.groovy:1069)
	at com.kms.katalon.core.webui.keyword.WebUiBuiltInKeywords$check$5.call(Unknown Source)
	at Test Case 2.1 (dinamis).run(Test Case 2.1 (dinamis):29)
	at com.kms.katalon.core.main.ScriptEngine.run(ScriptEngine.java:194)
	at com.kms.katalon.core.main.ScriptEngine.runScriptAsRawText(ScriptEngine.java:119)
	at com.kms.katalon.core.main.TestCaseExecutor.runScript(TestCaseExecutor.java:448)
	at com.kms.katalon.core.main.TestCaseExecutor.doExecute(TestCaseExecutor.java:439)
	at com.kms.katalon.core.main.TestCaseExecutor.processExecutionPhase(TestCaseExecutor.java:418)
	at com.kms.katalon.core.main.TestCaseExecutor.accessMainPhase(TestCaseExecutor.java:410)
	at com.kms.katalon.core.main.TestCaseExecutor.execute(TestCaseExecutor.java:285)
	at com.kms.katalon.core.main.TestCaseExecutor.execute(TestCaseExecutor.java:369)
	at com.kms.katalon.core.main.TestCaseExecutor.execute(TestCaseExecutor.java:369)
	at com.kms.katalon.core.main.TestCaseExecutor.execute(TestCaseExecutor.java:369)
	at com.kms.katalon.core.common.CommonExecutor.accessTestCaseMainPhase(CommonExecutor.java:65)
	at com.kms.katalon.core.main.TestSuiteExecutor.accessTestSuiteMainPhase(TestSuiteExecutor.java:148)
	at com.kms.katalon.core.main.TestSuiteExecutor.execute(TestSuiteExecutor.java:106)
	at com.kms.katalon.core.main.TestCaseMain.startTestSuite(TestCaseMain.java:187)
	at com.kms.katalon.core.main.TestCaseMain$startTestSuite$0.call(Unknown Source)
	at TempTestSuite1692932721882.run(TempTestSuite1692932721882.groovy:36)
Caused by: java.lang.IllegalArgumentException: Object is null
	at com.kms.katalon.core.helper.KeywordHelper.checkTestObjectParameter(KeywordHelper.java:33)
	at com.kms.katalon.core.webui.keyword.builtin.CheckKeyword$_check_closure1.doCall(CheckKeyword.groovy:75)
	at com.kms.katalon.core.webui.keyword.builtin.CheckKeyword$_check_closure1.call(CheckKeyword.groovy)
	at com.kms.katalon.core.webui.keyword.internal.WebUIKeywordMain.runKeyword(WebUIKeywordMain.groovy:20)
	... 22 more


2023-08-25 10:07:23 - [TEST_STEP][PASSED] - callTestCase(findTestCase("Login/Test Case 1.1 (Script)"), ["Username":username, "Password":password], STOP_ON_FAILURE): Call Test Case 'Test Cases/Login/Test Case 1.1 (Script)' successfully

2023-08-25 10:07:23 - [TEST_CASE][PASSED] - Test Cases/Login/Test Case 1.1 (Script): Test Cases/Login/Test Case 1.1 (Script)

2023-08-25 10:07:23 - [TEST_STEP][PASSED] - openBrowser("https://katalon-demo-cura.herokuapp.com/"): Browser is opened with url: 'https://katalon-demo-cura.herokuapp.com/'

2023-08-25 10:07:23 - [MESSAGE][WARNING] - A browser is already opened. Closing browser and opening a new one

2023-08-25 10:07:23 - [MESSAGE][INFO] - Starting 'Edge Chromium' driver

2023-08-25 10:07:26 - [MESSAGE][INFO] - Action delay is set to 0 milliseconds

2023-08-25 10:07:31 - [MESSAGE][PASSED] - Browser is opened with url: 'https://katalon-demo-cura.herokuapp.com/'

2023-08-25 10:07:31 - [TEST_STEP][PASSED] - verifyElementPresent(findTestObject("Object Repository/Login/Tittle_Home_Page"), 10): Object 'Object Repository/Login/Tittle_Home_Page' is present

2023-08-25 10:07:31 - [MESSAGE][PASSED] - Object 'Object Repository/Login/Tittle_Home_Page' is present

2023-08-25 10:07:31 - [TEST_STEP][PASSED] - click(findTestObject("Object Repository/Login/Menu Burger")): Object: 'Object Repository/Login/Menu Burger' is clicked on

2023-08-25 10:07:31 - [MESSAGE][PASSED] - Object: 'Object Repository/Login/Menu Burger' is clicked on

2023-08-25 10:07:31 - [TEST_STEP][PASSED] - click(findTestObject("Object Repository/Login/Menu Login")): Object: 'Object Repository/Login/Menu Login' is clicked on

2023-08-25 10:07:33 - [MESSAGE][PASSED] - Object: 'Object Repository/Login/Menu Login' is clicked on

2023-08-25 10:07:33 - [TEST_STEP][PASSED] - verifyElementPresent(findTestObject("Object Repository/Login/Tittle Login"), 10): Object 'Object Repository/Login/Tittle Login' is present

2023-08-25 10:07:34 - [MESSAGE][PASSED] - Object 'Object Repository/Login/Tittle Login' is present

2023-08-25 10:07:34 - [TEST_STEP][PASSED] - setText(findTestObject("Object Repository/Login/Input Username"), Username): Text 'John Doe' is set on object 'Object Repository/Login/Input Username'

2023-08-25 10:07:35 - [MESSAGE][PASSED] - Text 'John Doe' is set on object 'Object Repository/Login/Input Username'

2023-08-25 10:07:35 - [TEST_STEP][PASSED] - setEncryptedText(findTestObject("Object Repository/Login/Input Password"), Password): Text ****** has been set on object 'Object Repository/Login/Input Password'

2023-08-25 10:07:35 - [MESSAGE][PASSED] - Text ****** has been set on object 'Object Repository/Login/Input Password'

2023-08-25 10:07:35 - [TEST_STEP][PASSED] - click(findTestObject("Object Repository/Login/Button Login")): Object: 'Object Repository/Login/Button Login' is clicked on

2023-08-25 10:07:36 - [MESSAGE][PASSED] - Object: 'Object Repository/Login/Button Login' is clicked on

2023-08-25 10:07:36 - [TEST_STEP][PASSED] - verifyElementPresent(findTestObject("Object Repository/Login/Tittle Make Appointment"), 10): Object 'Object Repository/Login/Tittle Make Appointment' is present

2023-08-25 10:07:37 - [MESSAGE][PASSED] - Object 'Object Repository/Login/Tittle Make Appointment' is present

2023-08-25 10:07:37 - [MESSAGE][PASSED] - Call Test Case 'Test Cases/Login/Test Case 1.1 (Script)' successfully

2023-08-25 10:07:37 - [TEST_STEP][PASSED] - selectOptionByValue(findTestObject("Make Appointment/Select Drop Down Facility"), facility, false): All options with value 'Hongkong CURA Healthcare Center' are selected in object 'Object Repository/Make Appointment/Select Drop Down Facility' 

2023-08-25 10:07:38 - [MESSAGE][PASSED] - All options with value 'Hongkong CURA Healthcare Center' are selected in object 'Object Repository/Make Appointment/Select Drop Down Facility' 

2023-08-25 10:07:38 - [TEST_STEP][PASSED] - if (toString().equalsIgnoreCase("yes")): null

2023-08-25 10:07:38 - [TEST_STEP][FAILED] - if (toString().equalsIgnoreCase("Medicare")): Unable to check object (Root cause: com.kms.katalon.core.exception.StepFailedException: Unable to check object
	at com.kms.katalon.core.webui.keyword.internal.WebUIKeywordMain.stepFailed(WebUIKeywordMain.groovy:64)
	at com.kms.katalon.core.webui.keyword.internal.WebUIKeywordMain.runKeyword(WebUIKeywordMain.groovy:26)
	at com.kms.katalon.core.webui.keyword.builtin.CheckKeyword.check(CheckKeyword.groovy:88)
	at com.kms.katalon.core.webui.keyword.builtin.CheckKeyword.execute(CheckKeyword.groovy:67)
	at com.kms.katalon.core.keyword.internal.KeywordExecutor.executeKeywordForPlatform(KeywordExecutor.groovy:74)
	at com.kms.katalon.core.webui.keyword.WebUiBuiltInKeywords.check(WebUiBuiltInKeywords.groovy:1069)
	at com.kms.katalon.core.webui.keyword.WebUiBuiltInKeywords$check$5.call(Unknown Source)
	at Test Case 2.1 (dinamis).run(Test Case 2.1 (dinamis):29)
	at com.kms.katalon.core.main.ScriptEngine.run(ScriptEngine.java:194)
	at com.kms.katalon.core.main.ScriptEngine.runScriptAsRawText(ScriptEngine.java:119)
	at com.kms.katalon.core.main.TestCaseExecutor.runScript(TestCaseExecutor.java:448)
	at com.kms.katalon.core.main.TestCaseExecutor.doExecute(TestCaseExecutor.java:439)
	at com.kms.katalon.core.main.TestCaseExecutor.processExecutionPhase(TestCaseExecutor.java:418)
	at com.kms.katalon.core.main.TestCaseExecutor.accessMainPhase(TestCaseExecutor.java:410)
	at com.kms.katalon.core.main.TestCaseExecutor.execute(TestCaseExecutor.java:285)
	at com.kms.katalon.core.main.TestCaseExecutor.execute(TestCaseExecutor.java:369)
	at com.kms.katalon.core.main.TestCaseExecutor.execute(TestCaseExecutor.java:369)
	at com.kms.katalon.core.main.TestCaseExecutor.execute(TestCaseExecutor.java:369)
	at com.kms.katalon.core.common.CommonExecutor.accessTestCaseMainPhase(CommonExecutor.java:65)
	at com.kms.katalon.core.main.TestSuiteExecutor.accessTestSuiteMainPhase(TestSuiteExecutor.java:148)
	at com.kms.katalon.core.main.TestSuiteExecutor.execute(TestSuiteExecutor.java:106)
	at com.kms.katalon.core.main.TestCaseMain.startTestSuite(TestCaseMain.java:187)
	at com.kms.katalon.core.main.TestCaseMain$startTestSuite$0.call(Unknown Source)
	at TempTestSuite1692932721882.run(TempTestSuite1692932721882.groovy:36)
Caused by: java.lang.IllegalArgumentException: Object is null
	at com.kms.katalon.core.helper.KeywordHelper.checkTestObjectParameter(KeywordHelper.java:33)
	at com.kms.katalon.core.webui.keyword.builtin.CheckKeyword$_check_closure1.doCall(CheckKeyword.groovy:75)
	at com.kms.katalon.core.webui.keyword.builtin.CheckKeyword$_check_closure1.call(CheckKeyword.groovy)
	at com.kms.katalon.core.webui.keyword.internal.WebUIKeywordMain.runKeyword(WebUIKeywordMain.groovy:20)
	at com.kms.katalon.core.webui.keyword.builtin.CheckKeyword.check(CheckKeyword.groovy:88)
	at com.kms.katalon.core.webui.keyword.builtin.CheckKeyword.execute(CheckKeyword.groovy:67)
	at com.kms.katalon.core.keyword.internal.KeywordExecutor.executeKeywordForPlatform(KeywordExecutor.groovy:74)
	at com.kms.katalon.core.webui.keyword.WebUiBuiltInKeywords.check(WebUiBuiltInKeywords.groovy:1069)
	at com.kms.katalon.core.webui.keyword.WebUiBuiltInKeywords$check$5.call(Unknown Source)
	at Script1692761607945.run(Script1692761607945.groovy:29)
	... 16 more
)

2023-08-25 10:07:38 - [TEST_STEP][FAILED] - check(findTestObject("Object Repository/Make Appointment/Radio Medicareprograms")): Unable to check object (Root cause: com.kms.katalon.core.exception.StepFailedException: Unable to check object
	at com.kms.katalon.core.webui.keyword.internal.WebUIKeywordMain.stepFailed(WebUIKeywordMain.groovy:64)
	at com.kms.katalon.core.webui.keyword.internal.WebUIKeywordMain.runKeyword(WebUIKeywordMain.groovy:26)
	at com.kms.katalon.core.webui.keyword.builtin.CheckKeyword.check(CheckKeyword.groovy:88)
	at com.kms.katalon.core.webui.keyword.builtin.CheckKeyword.execute(CheckKeyword.groovy:67)
	at com.kms.katalon.core.keyword.internal.KeywordExecutor.executeKeywordForPlatform(KeywordExecutor.groovy:74)
	at com.kms.katalon.core.webui.keyword.WebUiBuiltInKeywords.check(WebUiBuiltInKeywords.groovy:1069)
	at com.kms.katalon.core.webui.keyword.WebUiBuiltInKeywords$check$5.call(Unknown Source)
	at Test Case 2.1 (dinamis).run(Test Case 2.1 (dinamis):29)
	at com.kms.katalon.core.main.ScriptEngine.run(ScriptEngine.java:194)
	at com.kms.katalon.core.main.ScriptEngine.runScriptAsRawText(ScriptEngine.java:119)
	at com.kms.katalon.core.main.TestCaseExecutor.runScript(TestCaseExecutor.java:448)
	at com.kms.katalon.core.main.TestCaseExecutor.doExecute(TestCaseExecutor.java:439)
	at com.kms.katalon.core.main.TestCaseExecutor.processExecutionPhase(TestCaseExecutor.java:418)
	at com.kms.katalon.core.main.TestCaseExecutor.accessMainPhase(TestCaseExecutor.java:410)
	at com.kms.katalon.core.main.TestCaseExecutor.execute(TestCaseExecutor.java:285)
	at com.kms.katalon.core.main.TestCaseExecutor.execute(TestCaseExecutor.java:369)
	at com.kms.katalon.core.main.TestCaseExecutor.execute(TestCaseExecutor.java:369)
	at com.kms.katalon.core.main.TestCaseExecutor.execute(TestCaseExecutor.java:369)
	at com.kms.katalon.core.common.CommonExecutor.accessTestCaseMainPhase(CommonExecutor.java:65)
	at com.kms.katalon.core.main.TestSuiteExecutor.accessTestSuiteMainPhase(TestSuiteExecutor.java:148)
	at com.kms.katalon.core.main.TestSuiteExecutor.execute(TestSuiteExecutor.java:106)
	at com.kms.katalon.core.main.TestCaseMain.startTestSuite(TestCaseMain.java:187)
	at com.kms.katalon.core.main.TestCaseMain$startTestSuite$0.call(Unknown Source)
	at TempTestSuite1692932721882.run(TempTestSuite1692932721882.groovy:36)
Caused by: java.lang.IllegalArgumentException: Object is null
	at com.kms.katalon.core.helper.KeywordHelper.checkTestObjectParameter(KeywordHelper.java:33)
	at com.kms.katalon.core.webui.keyword.builtin.CheckKeyword$_check_closure1.doCall(CheckKeyword.groovy:75)
	at com.kms.katalon.core.webui.keyword.builtin.CheckKeyword$_check_closure1.call(CheckKeyword.groovy)
	at com.kms.katalon.core.webui.keyword.internal.WebUIKeywordMain.runKeyword(WebUIKeywordMain.groovy:20)
	at com.kms.katalon.core.webui.keyword.builtin.CheckKeyword.check(CheckKeyword.groovy:88)
	at com.kms.katalon.core.webui.keyword.builtin.CheckKeyword.execute(CheckKeyword.groovy:67)
	at com.kms.katalon.core.keyword.internal.KeywordExecutor.executeKeywordForPlatform(KeywordExecutor.groovy:74)
	at com.kms.katalon.core.webui.keyword.WebUiBuiltInKeywords.check(WebUiBuiltInKeywords.groovy:1069)
	at com.kms.katalon.core.webui.keyword.WebUiBuiltInKeywords$check$5.call(Unknown Source)
	at Script1692761607945.run(Script1692761607945.groovy:29)
	... 16 more
)

2023-08-25 10:07:38 - [MESSAGE][WARNING] - Test object with id 'Object Repository/Make Appointment/Radio Medicareprograms' does not exist

2023-08-25 10:07:38 - [MESSAGE][WARNING] - Test object with id 'Object Repository/' does not exist

2023-08-25 10:07:38 - [MESSAGE][FAILED] - Unable to check object (Root cause: com.kms.katalon.core.exception.StepFailedException: Unable to check object
	at com.kms.katalon.core.webui.keyword.internal.WebUIKeywordMain.stepFailed(WebUIKeywordMain.groovy:64)
	at com.kms.katalon.core.webui.keyword.internal.WebUIKeywordMain.runKeyword(WebUIKeywordMain.groovy:26)
	at com.kms.katalon.core.webui.keyword.builtin.CheckKeyword.check(CheckKeyword.groovy:88)
	at com.kms.katalon.core.webui.keyword.builtin.CheckKeyword.execute(CheckKeyword.groovy:67)
	at com.kms.katalon.core.keyword.internal.KeywordExecutor.executeKeywordForPlatform(KeywordExecutor.groovy:74)
	at com.kms.katalon.core.webui.keyword.WebUiBuiltInKeywords.check(WebUiBuiltInKeywords.groovy:1069)
	at com.kms.katalon.core.webui.keyword.WebUiBuiltInKeywords$check$5.call(Unknown Source)
	at Test Case 2.1 (dinamis).run(Test Case 2.1 (dinamis):29)
	at com.kms.katalon.core.main.ScriptEngine.run(ScriptEngine.java:194)
	at com.kms.katalon.core.main.ScriptEngine.runScriptAsRawText(ScriptEngine.java:119)
	at com.kms.katalon.core.main.TestCaseExecutor.runScript(TestCaseExecutor.java:448)
	at com.kms.katalon.core.main.TestCaseExecutor.doExecute(TestCaseExecutor.java:439)
	at com.kms.katalon.core.main.TestCaseExecutor.processExecutionPhase(TestCaseExecutor.java:418)
	at com.kms.katalon.core.main.TestCaseExecutor.accessMainPhase(TestCaseExecutor.java:410)
	at com.kms.katalon.core.main.TestCaseExecutor.execute(TestCaseExecutor.java:285)
	at com.kms.katalon.core.main.TestCaseExecutor.execute(TestCaseExecutor.java:369)
	at com.kms.katalon.core.main.TestCaseExecutor.execute(TestCaseExecutor.java:369)
	at com.kms.katalon.core.main.TestCaseExecutor.execute(TestCaseExecutor.java:369)
	at com.kms.katalon.core.common.CommonExecutor.accessTestCaseMainPhase(CommonExecutor.java:65)
	at com.kms.katalon.core.main.TestSuiteExecutor.accessTestSuiteMainPhase(TestSuiteExecutor.java:148)
	at com.kms.katalon.core.main.TestSuiteExecutor.execute(TestSuiteExecutor.java:106)
	at com.kms.katalon.core.main.TestCaseMain.startTestSuite(TestCaseMain.java:187)
	at com.kms.katalon.core.main.TestCaseMain$startTestSuite$0.call(Unknown Source)
	at TempTestSuite1692932721882.run(TempTestSuite1692932721882.groovy:36)
Caused by: java.lang.IllegalArgumentException: Object is null
	at com.kms.katalon.core.helper.KeywordHelper.checkTestObjectParameter(KeywordHelper.java:33)
	at com.kms.katalon.core.webui.keyword.builtin.CheckKeyword$_check_closure1.doCall(CheckKeyword.groovy:75)
	at com.kms.katalon.core.webui.keyword.builtin.CheckKeyword$_check_closure1.call(CheckKeyword.groovy)
	at com.kms.katalon.core.webui.keyword.internal.WebUIKeywordMain.runKeyword(WebUIKeywordMain.groovy:20)
	at com.kms.katalon.core.webui.keyword.builtin.CheckKeyword.check(CheckKeyword.groovy:88)
	at com.kms.katalon.core.webui.keyword.builtin.CheckKeyword.execute(CheckKeyword.groovy:67)
	at com.kms.katalon.core.keyword.internal.KeywordExecutor.executeKeywordForPlatform(KeywordExecutor.groovy:74)
	at com.kms.katalon.core.webui.keyword.WebUiBuiltInKeywords.check(WebUiBuiltInKeywords.groovy:1069)
	at com.kms.katalon.core.webui.keyword.WebUiBuiltInKeywords$check$5.call(Unknown Source)
	at Script1692761607945.run(Script1692761607945.groovy:29)
	... 16 more
)
[[ATTACHMENT|D:\\Project XSIS\\batch-324-qa\\irfan\\Cura Heroku App\\Reports\\20230825_100521\\Test Suite Appointment\\20230825_100521\\1692932858033.png]]]]></system-out>
         <system-err><![CDATA[2023-08-25 10:07:23 - [TEST_CASE][FAILED] - Test Cases/Appointment/Test Case 2.1 (dinamis): Test Cases/Appointment/Test Case 2.1 (dinamis) FAILED.
Reason:
com.kms.katalon.core.exception.StepFailedException: Unable to check object
	at com.kms.katalon.core.webui.keyword.internal.WebUIKeywordMain.stepFailed(WebUIKeywordMain.groovy:64)
	at com.kms.katalon.core.webui.keyword.internal.WebUIKeywordMain.runKeyword(WebUIKeywordMain.groovy:26)
	at com.kms.katalon.core.webui.keyword.builtin.CheckKeyword.check(CheckKeyword.groovy:88)
	at com.kms.katalon.core.webui.keyword.builtin.CheckKeyword.execute(CheckKeyword.groovy:67)
	at com.kms.katalon.core.keyword.internal.KeywordExecutor.executeKeywordForPlatform(KeywordExecutor.groovy:74)
	at com.kms.katalon.core.webui.keyword.WebUiBuiltInKeywords.check(WebUiBuiltInKeywords.groovy:1069)
	at com.kms.katalon.core.webui.keyword.WebUiBuiltInKeywords$check$5.call(Unknown Source)
	at Test Case 2.1 (dinamis).run(Test Case 2.1 (dinamis):29)
	at com.kms.katalon.core.main.ScriptEngine.run(ScriptEngine.java:194)
	at com.kms.katalon.core.main.ScriptEngine.runScriptAsRawText(ScriptEngine.java:119)
	at com.kms.katalon.core.main.TestCaseExecutor.runScript(TestCaseExecutor.java:448)
	at com.kms.katalon.core.main.TestCaseExecutor.doExecute(TestCaseExecutor.java:439)
	at com.kms.katalon.core.main.TestCaseExecutor.processExecutionPhase(TestCaseExecutor.java:418)
	at com.kms.katalon.core.main.TestCaseExecutor.accessMainPhase(TestCaseExecutor.java:410)
	at com.kms.katalon.core.main.TestCaseExecutor.execute(TestCaseExecutor.java:285)
	at com.kms.katalon.core.main.TestCaseExecutor.execute(TestCaseExecutor.java:369)
	at com.kms.katalon.core.main.TestCaseExecutor.execute(TestCaseExecutor.java:369)
	at com.kms.katalon.core.main.TestCaseExecutor.execute(TestCaseExecutor.java:369)
	at com.kms.katalon.core.common.CommonExecutor.accessTestCaseMainPhase(CommonExecutor.java:65)
	at com.kms.katalon.core.main.TestSuiteExecutor.accessTestSuiteMainPhase(TestSuiteExecutor.java:148)
	at com.kms.katalon.core.main.TestSuiteExecutor.execute(TestSuiteExecutor.java:106)
	at com.kms.katalon.core.main.TestCaseMain.startTestSuite(TestCaseMain.java:187)
	at com.kms.katalon.core.main.TestCaseMain$startTestSuite$0.call(Unknown Source)
	at TempTestSuite1692932721882.run(TempTestSuite1692932721882.groovy:36)
Caused by: java.lang.IllegalArgumentException: Object is null
	at com.kms.katalon.core.helper.KeywordHelper.checkTestObjectParameter(KeywordHelper.java:33)
	at com.kms.katalon.core.webui.keyword.builtin.CheckKeyword$_check_closure1.doCall(CheckKeyword.groovy:75)
	at com.kms.katalon.core.webui.keyword.builtin.CheckKeyword$_check_closure1.call(CheckKeyword.groovy)
	at com.kms.katalon.core.webui.keyword.internal.WebUIKeywordMain.runKeyword(WebUIKeywordMain.groovy:20)
	... 22 more]]></system-err>
      </testcase>
      <testcase name="Test Cases/Appointment/Test Case 2.1 (dinamis)" time="18.33" classname="Test Cases/Appointment/Test Case 2.1 (dinamis)" status="PASSED">
         <system-out><![CDATA[2023-08-25 10:07:38 - [TEST_CASE][PASSED] - Test Cases/Appointment/Test Case 2.1 (dinamis): Test Cases/Appointment/Test Case 2.1 (dinamis)

2023-08-25 10:07:38 - [TEST_STEP][PASSED] - callTestCase(findTestCase("Login/Test Case 1.1 (Script)"), ["Username":username, "Password":password], STOP_ON_FAILURE): Call Test Case 'Test Cases/Login/Test Case 1.1 (Script)' successfully

2023-08-25 10:07:38 - [TEST_CASE][PASSED] - Test Cases/Login/Test Case 1.1 (Script): Test Cases/Login/Test Case 1.1 (Script)

2023-08-25 10:07:38 - [TEST_STEP][PASSED] - openBrowser("https://katalon-demo-cura.herokuapp.com/"): Browser is opened with url: 'https://katalon-demo-cura.herokuapp.com/'

2023-08-25 10:07:38 - [MESSAGE][WARNING] - A browser is already opened. Closing browser and opening a new one

2023-08-25 10:07:39 - [MESSAGE][INFO] - Starting 'Edge Chromium' driver

2023-08-25 10:07:41 - [MESSAGE][INFO] - Action delay is set to 0 milliseconds

2023-08-25 10:07:44 - [MESSAGE][PASSED] - Browser is opened with url: 'https://katalon-demo-cura.herokuapp.com/'

2023-08-25 10:07:44 - [TEST_STEP][PASSED] - verifyElementPresent(findTestObject("Object Repository/Login/Tittle_Home_Page"), 10): Object 'Object Repository/Login/Tittle_Home_Page' is present

2023-08-25 10:07:45 - [MESSAGE][PASSED] - Object 'Object Repository/Login/Tittle_Home_Page' is present

2023-08-25 10:07:45 - [TEST_STEP][PASSED] - click(findTestObject("Object Repository/Login/Menu Burger")): Object: 'Object Repository/Login/Menu Burger' is clicked on

2023-08-25 10:07:45 - [MESSAGE][PASSED] - Object: 'Object Repository/Login/Menu Burger' is clicked on

2023-08-25 10:07:45 - [TEST_STEP][PASSED] - click(findTestObject("Object Repository/Login/Menu Login")): Object: 'Object Repository/Login/Menu Login' is clicked on

2023-08-25 10:07:46 - [MESSAGE][PASSED] - Object: 'Object Repository/Login/Menu Login' is clicked on

2023-08-25 10:07:46 - [TEST_STEP][PASSED] - verifyElementPresent(findTestObject("Object Repository/Login/Tittle Login"), 10): Object 'Object Repository/Login/Tittle Login' is present

2023-08-25 10:07:47 - [MESSAGE][PASSED] - Object 'Object Repository/Login/Tittle Login' is present

2023-08-25 10:07:47 - [TEST_STEP][PASSED] - setText(findTestObject("Object Repository/Login/Input Username"), Username): Text 'John Doe' is set on object 'Object Repository/Login/Input Username'

2023-08-25 10:07:48 - [MESSAGE][PASSED] - Text 'John Doe' is set on object 'Object Repository/Login/Input Username'

2023-08-25 10:07:48 - [TEST_STEP][PASSED] - setEncryptedText(findTestObject("Object Repository/Login/Input Password"), Password): Text ****** has been set on object 'Object Repository/Login/Input Password'

2023-08-25 10:07:48 - [MESSAGE][PASSED] - Text ****** has been set on object 'Object Repository/Login/Input Password'

2023-08-25 10:07:48 - [TEST_STEP][PASSED] - click(findTestObject("Object Repository/Login/Button Login")): Object: 'Object Repository/Login/Button Login' is clicked on

2023-08-25 10:07:49 - [MESSAGE][PASSED] - Object: 'Object Repository/Login/Button Login' is clicked on

2023-08-25 10:07:49 - [TEST_STEP][PASSED] - verifyElementPresent(findTestObject("Object Repository/Login/Tittle Make Appointment"), 10): Object 'Object Repository/Login/Tittle Make Appointment' is present

2023-08-25 10:07:50 - [MESSAGE][PASSED] - Object 'Object Repository/Login/Tittle Make Appointment' is present

2023-08-25 10:07:50 - [MESSAGE][PASSED] - Call Test Case 'Test Cases/Login/Test Case 1.1 (Script)' successfully

2023-08-25 10:07:50 - [TEST_STEP][PASSED] - selectOptionByValue(findTestObject("Make Appointment/Select Drop Down Facility"), facility, false): All options with value 'Seoul CURA Healthcare Center' are selected in object 'Object Repository/Make Appointment/Select Drop Down Facility' 

2023-08-25 10:07:50 - [MESSAGE][PASSED] - All options with value 'Seoul CURA Healthcare Center' are selected in object 'Object Repository/Make Appointment/Select Drop Down Facility' 

2023-08-25 10:07:50 - [TEST_STEP][PASSED] - if (toString().equalsIgnoreCase("yes")): Object 'Object Repository/Make Appointment/Checkbox apply for hospital readmission' is checked

2023-08-25 10:07:50 - [TEST_STEP][PASSED] - check(findTestObject("Make Appointment/Checkbox apply for hospital readmission")): Object 'Object Repository/Make Appointment/Checkbox apply for hospital readmission' is checked

2023-08-25 10:07:51 - [MESSAGE][PASSED] - Object 'Object Repository/Make Appointment/Checkbox apply for hospital readmission' is checked

2023-08-25 10:07:51 - [TEST_STEP][PASSED] - if (toString().equalsIgnoreCase("Medicare")): null

2023-08-25 10:07:51 - [TEST_STEP][PASSED] - else if (toString().equalsIgnoreCase("Medicaid")): Object 'Object Repository/Make Appointment/Radio Medicaid programs' is checked

2023-08-25 10:07:51 - [TEST_STEP][PASSED] - check(findTestObject("Object Repository/Make Appointment/Radio Medicaid programs")): Object 'Object Repository/Make Appointment/Radio Medicaid programs' is checked

2023-08-25 10:07:51 - [MESSAGE][PASSED] - Object 'Object Repository/Make Appointment/Radio Medicaid programs' is checked

2023-08-25 10:07:51 - [TEST_STEP][PASSED] - setText(findTestObject("Make Appointment/input Visit Date (Required)"), visit_date): Text '25/08/2023' is set on object 'Object Repository/Make Appointment/input Visit Date (Required)'

2023-08-25 10:07:52 - [MESSAGE][PASSED] - Text '25/08/2023' is set on object 'Object Repository/Make Appointment/input Visit Date (Required)'

2023-08-25 10:07:52 - [TEST_STEP][PASSED] - setText(findTestObject("Make Appointment/Text Area Comment"), comment): Text 'kamu dimana' is set on object 'Object Repository/Make Appointment/Text Area Comment'

2023-08-25 10:07:53 - [MESSAGE][PASSED] - Text 'kamu dimana' is set on object 'Object Repository/Make Appointment/Text Area Comment'

2023-08-25 10:07:53 - [TEST_STEP][PASSED] - click(findTestObject("Make Appointment/button Book Appointment")): Object: 'Object Repository/Make Appointment/button Book Appointment' is clicked on

2023-08-25 10:07:54 - [MESSAGE][PASSED] - Object: 'Object Repository/Make Appointment/button Book Appointment' is clicked on

2023-08-25 10:07:54 - [TEST_STEP][PASSED] - verifyElementPresent(findTestObject("Make Appointment/Tittle Appointment Confirmation"), 10): Object 'Object Repository/Make Appointment/Tittle Appointment Confirmation' is present

2023-08-25 10:07:54 - [MESSAGE][PASSED] - Object 'Object Repository/Make Appointment/Tittle Appointment Confirmation' is present

2023-08-25 10:07:54 - [TEST_STEP][PASSED] - hasilFacility = getText(findTestObject("Object Repository/Make Appointment/Hasil facility")): Text of object 'Object Repository/Make Appointment/Hasil facility' is: 'Seoul CURA Healthcare Center'

2023-08-25 10:07:54 - [MESSAGE][PASSED] - Text of object 'Object Repository/Make Appointment/Hasil facility' is: 'Seoul CURA Healthcare Center'

2023-08-25 10:07:54 - [TEST_STEP][PASSED] - hasilReadmission = getText(findTestObject("Make Appointment/Hasil apply for hospital")): Text of object 'Object Repository/Make Appointment/Hasil apply for hospital' is: 'Yes'

2023-08-25 10:07:55 - [MESSAGE][PASSED] - Text of object 'Object Repository/Make Appointment/Hasil apply for hospital' is: 'Yes'

2023-08-25 10:07:55 - [TEST_STEP][PASSED] - hasilhealtcare = getText(findTestObject("Make Appointment/Hasil healtcare program")): Text of object 'Object Repository/Make Appointment/Hasil healtcare program' is: 'Medicaid'

2023-08-25 10:07:55 - [MESSAGE][PASSED] - Text of object 'Object Repository/Make Appointment/Hasil healtcare program' is: 'Medicaid'

2023-08-25 10:07:55 - [TEST_STEP][PASSED] - hasilVisitdate = getText(findTestObject("Make Appointment/Hasil visit date")): Text of object 'Object Repository/Make Appointment/Hasil visit date' is: '25/08/2023'

2023-08-25 10:07:56 - [MESSAGE][PASSED] - Text of object 'Object Repository/Make Appointment/Hasil visit date' is: '25/08/2023'

2023-08-25 10:07:56 - [TEST_STEP][PASSED] - hasilComment = getText(findTestObject("Make Appointment/Hasil comment")): Text of object 'Object Repository/Make Appointment/Hasil comment' is: 'kamu dimana'

2023-08-25 10:07:56 - [MESSAGE][PASSED] - Text of object 'Object Repository/Make Appointment/Hasil comment' is: 'kamu dimana'

2023-08-25 10:07:56 - [TEST_STEP][PASSED] - assert toString().equalsIgnoreCase(facility): null

2023-08-25 10:07:56 - [TEST_STEP][PASSED] - assert toString().equalsIgnoreCase(hospital_readmission): null

2023-08-25 10:07:56 - [TEST_STEP][PASSED] - assert toString().equalsIgnoreCase(healthcare_program): null

2023-08-25 10:07:56 - [TEST_STEP][PASSED] - assert toString().equalsIgnoreCase(visit_date): null

2023-08-25 10:07:56 - [TEST_STEP][PASSED] - assert toString().equalsIgnoreCase(comment): null]]></system-out>
         <system-err><![CDATA[]]></system-err>
      </testcase>
      <system-out><![CDATA[2023-08-25 10:05:24 - [TEST_SUITE][FAILED] - Test Suite Appointment: Test Cases/Appointment/Test Case 2.1 (dinamis) FAILED.
Reason:
com.kms.katalon.core.exception.StepFailedException: Unable to check object
	at com.kms.katalon.core.webui.keyword.internal.WebUIKeywordMain.stepFailed(WebUIKeywordMain.groovy:64)
	at com.kms.katalon.core.webui.keyword.internal.WebUIKeywordMain.runKeyword(WebUIKeywordMain.groovy:26)
	at com.kms.katalon.core.webui.keyword.builtin.CheckKeyword.check(CheckKeyword.groovy:88)
	at com.kms.katalon.core.webui.keyword.builtin.CheckKeyword.execute(CheckKeyword.groovy:67)
	at com.kms.katalon.core.keyword.internal.KeywordExecutor.executeKeywordForPlatform(KeywordExecutor.groovy:74)
	at com.kms.katalon.core.webui.keyword.WebUiBuiltInKeywords.check(WebUiBuiltInKeywords.groovy:1069)
	at com.kms.katalon.core.webui.keyword.WebUiBuiltInKeywords$check$5.call(Unknown Source)
	at Test Case 2.1 (dinamis).run(Test Case 2.1 (dinamis):29)
	at com.kms.katalon.core.main.ScriptEngine.run(ScriptEngine.java:194)
	at com.kms.katalon.core.main.ScriptEngine.runScriptAsRawText(ScriptEngine.java:119)
	at com.kms.katalon.core.main.TestCaseExecutor.runScript(TestCaseExecutor.java:448)
	at com.kms.katalon.core.main.TestCaseExecutor.doExecute(TestCaseExecutor.java:439)
	at com.kms.katalon.core.main.TestCaseExecutor.processExecutionPhase(TestCaseExecutor.java:418)
	at com.kms.katalon.core.main.TestCaseExecutor.accessMainPhase(TestCaseExecutor.java:410)
	at com.kms.katalon.core.main.TestCaseExecutor.execute(TestCaseExecutor.java:285)
	at com.kms.katalon.core.common.CommonExecutor.accessTestCaseMainPhase(CommonExecutor.java:65)
	at com.kms.katalon.core.main.TestSuiteExecutor.accessTestSuiteMainPhase(TestSuiteExecutor.java:148)
	at com.kms.katalon.core.main.TestSuiteExecutor.execute(TestSuiteExecutor.java:106)
	at com.kms.katalon.core.main.TestCaseMain.startTestSuite(TestCaseMain.java:187)
	at com.kms.katalon.core.main.TestCaseMain$startTestSuite$0.call(Unknown Source)
	at TempTestSuite1692932721882.run(TempTestSuite1692932721882.groovy:36)
Caused by: java.lang.IllegalArgumentException: Object is null
	at com.kms.katalon.core.helper.KeywordHelper.checkTestObjectParameter(KeywordHelper.java:33)
	at com.kms.katalon.core.webui.keyword.builtin.CheckKeyword$_check_closure1.doCall(CheckKeyword.groovy:75)
	at com.kms.katalon.core.webui.keyword.builtin.CheckKeyword$_check_closure1.call(CheckKeyword.groovy)
	at com.kms.katalon.core.webui.keyword.internal.WebUIKeywordMain.runKeyword(WebUIKeywordMain.groovy:20)
	... 19 more]]></system-out>
      <system-err><![CDATA[2023-08-25 10:05:24 - [TEST_SUITE][FAILED] - Test Suite Appointment: Test Cases/Appointment/Test Case 2.1 (dinamis) FAILED.
Reason:
com.kms.katalon.core.exception.StepFailedException: Unable to check object
	at com.kms.katalon.core.webui.keyword.internal.WebUIKeywordMain.stepFailed(WebUIKeywordMain.groovy:64)
	at com.kms.katalon.core.webui.keyword.internal.WebUIKeywordMain.runKeyword(WebUIKeywordMain.groovy:26)
	at com.kms.katalon.core.webui.keyword.builtin.CheckKeyword.check(CheckKeyword.groovy:88)
	at com.kms.katalon.core.webui.keyword.builtin.CheckKeyword.execute(CheckKeyword.groovy:67)
	at com.kms.katalon.core.keyword.internal.KeywordExecutor.executeKeywordForPlatform(KeywordExecutor.groovy:74)
	at com.kms.katalon.core.webui.keyword.WebUiBuiltInKeywords.check(WebUiBuiltInKeywords.groovy:1069)
	at com.kms.katalon.core.webui.keyword.WebUiBuiltInKeywords$check$5.call(Unknown Source)
	at Test Case 2.1 (dinamis).run(Test Case 2.1 (dinamis):29)
	at com.kms.katalon.core.main.ScriptEngine.run(ScriptEngine.java:194)
	at com.kms.katalon.core.main.ScriptEngine.runScriptAsRawText(ScriptEngine.java:119)
	at com.kms.katalon.core.main.TestCaseExecutor.runScript(TestCaseExecutor.java:448)
	at com.kms.katalon.core.main.TestCaseExecutor.doExecute(TestCaseExecutor.java:439)
	at com.kms.katalon.core.main.TestCaseExecutor.processExecutionPhase(TestCaseExecutor.java:418)
	at com.kms.katalon.core.main.TestCaseExecutor.accessMainPhase(TestCaseExecutor.java:410)
	at com.kms.katalon.core.main.TestCaseExecutor.execute(TestCaseExecutor.java:285)
	at com.kms.katalon.core.common.CommonExecutor.accessTestCaseMainPhase(CommonExecutor.java:65)
	at com.kms.katalon.core.main.TestSuiteExecutor.accessTestSuiteMainPhase(TestSuiteExecutor.java:148)
	at com.kms.katalon.core.main.TestSuiteExecutor.execute(TestSuiteExecutor.java:106)
	at com.kms.katalon.core.main.TestCaseMain.startTestSuite(TestCaseMain.java:187)
	at com.kms.katalon.core.main.TestCaseMain$startTestSuite$0.call(Unknown Source)
	at TempTestSuite1692932721882.run(TempTestSuite1692932721882.groovy:36)
Caused by: java.lang.IllegalArgumentException: Object is null
	at com.kms.katalon.core.helper.KeywordHelper.checkTestObjectParameter(KeywordHelper.java:33)
	at com.kms.katalon.core.webui.keyword.builtin.CheckKeyword$_check_closure1.doCall(CheckKeyword.groovy:75)
	at com.kms.katalon.core.webui.keyword.builtin.CheckKeyword$_check_closure1.call(CheckKeyword.groovy)
	at com.kms.katalon.core.webui.keyword.internal.WebUIKeywordMain.runKeyword(WebUIKeywordMain.groovy:20)
	... 19 more]]></system-err>
   </testsuite>
</testsuites>
