<?xml version="1.0" encoding="UTF-8"?>
<testsuites name="Edit Data Konsumen" time="355.453" tests="10" failures="5" errors="0">
   <testsuite name="Edit Data Konsumen" tests="10" failures="5" errors="0" time="355.453" skipped="0" timestamp="2023-09-06 09:07:28" hostname="IRFAN - DESKTOP-H62FVJ8" id="Test Suites/Edit Data Konsumen/Edit Data Konsumen">
      <properties>
         <property name="deviceName" value=""/>
         <property name="devicePlatform" value=""/>
         <property name="logFolder" value="D:\\Project XSIS\\batch-324-qa\\irfan\\Projek Eval 2 Tajalapak dan administrator\\Reports\\20230906_090725\\Edit Data Konsumen\\Edit Data Konsumen\\20230906_090725"/>
         <property name="logFiles" value="D:\\Project XSIS\\batch-324-qa\\irfan\\Projek Eval 2 Tajalapak dan administrator\\Reports\\20230906_090725\\Edit Data Konsumen\\Edit Data Konsumen\\20230906_090725\\execution0.log"/>
         <property name="attachments" value="D:\\Project XSIS\\batch-324-qa\\irfan\\Projek Eval 2 Tajalapak dan administrator\\Reports\\20230906_090725\\Edit Data Konsumen\\Edit Data Konsumen\\20230906_090725\\1693966135199.png, D:\\Project XSIS\\batch-324-qa\\irfan\\Projek Eval 2 Tajalapak dan administrator\\Reports\\20230906_090725\\Edit Data Konsumen\\Edit Data Konsumen\\20230906_090725\\1693966172281.png, D:\\Project XSIS\\batch-324-qa\\irfan\\Projek Eval 2 Tajalapak dan administrator\\Reports\\20230906_090725\\Edit Data Konsumen\\Edit Data Konsumen\\20230906_090725\\1693966211471.png, D:\\Project XSIS\\batch-324-qa\\irfan\\Projek Eval 2 Tajalapak dan administrator\\Reports\\20230906_090725\\Edit Data Konsumen\\Edit Data Konsumen\\20230906_090725\\1693966248304.png, D:\\Project XSIS\\batch-324-qa\\irfan\\Projek Eval 2 Tajalapak dan administrator\\Reports\\20230906_090725\\Edit Data Konsumen\\Edit Data Konsumen\\20230906_090725\\1693966353319.png"/>
         <property name="hostName" value="IRFAN - DESKTOP-H62FVJ8"/>
         <property name="os" value="Windows 10 64bit"/>
         <property name="katalonVersion" value="8.6.5.208"/>
         <property name="browser" value="Edge Chromium 116"/>
         <property name="hostAddress" value="10.9.2.36"/>
         <property name="sessionId" value="7c8750c69c3f4443ad0dd9a58dde108f"/>
         <property name="seleniumVersion" value="3.141.59"/>
         <property name="proxyInformation" value="ProxyInformation { proxyOption=NO_PROXY, proxyServerType=HTTP, username=, password=********, proxyServerAddress=, proxyServerPort=0, executionList=&quot;&quot;, isApplyToDesiredCapabilities=true }"/>
         <property name="platform" value="Windows 10"/>
      </properties>
      <testcase name="Test Cases/M08 Edit Data Konsumen/TC-Edit Data Konsumen-Edit-001" time="51.098" classname="Test Cases/M08 Edit Data Konsumen/TC-Edit Data Konsumen-Edit-001" status="PASSED">
         <system-out><![CDATA[2023-09-06 09:07:29 - [TEST_CASE][PASSED] - Test Cases/M08 Edit Data Konsumen/TC-Edit Data Konsumen-Edit-001: Test Cases/M08 Edit Data Konsumen/TC-Edit Data Konsumen-Edit-001

2023-09-06 09:07:29 - [TEST_STEP][PASSED] - callTestCase(findTestCase("M08 Edit Data Konsumen/TC-Edit Data Konsumen-show-001"), [:], STOP_ON_FAILURE): Call Test Case 'Test Cases/M08 Edit Data Konsumen/TC-Edit Data Konsumen-show-001' successfully

2023-09-06 09:07:30 - [TEST_CASE][PASSED] - Test Cases/M08 Edit Data Konsumen/TC-Edit Data Konsumen-show-001: Test Cases/M08 Edit Data Konsumen/TC-Edit Data Konsumen-show-001

2023-09-06 09:07:30 - [TEST_STEP][PASSED] - callTestCase(findTestCase("Login/TC-Login Admin-Success-001"), ["Username":"admin", "Password":"123admin123"], STOP_ON_FAILURE): Call Test Case 'Test Cases/Login/TC-Login Admin-Success-001' successfully

2023-09-06 09:07:30 - [TEST_CASE][PASSED] - Test Cases/Login/TC-Login Admin-Success-001: Test Cases/Login/TC-Login Admin-Success-001

2023-09-06 09:07:31 - [TEST_STEP][PASSED] - openBrowser("https://10.9.2.63/ecommerce/administrator/"): Browser is opened with url: 'https://10.9.2.63/ecommerce/administrator/'

2023-09-06 09:07:31 - [MESSAGE][INFO] - Starting 'Edge Chromium' driver

2023-09-06 09:07:31 - [MESSAGE][INFO] - User set preference: ['acceptInsecureCerts', 'true']

2023-09-06 09:07:33 - [MESSAGE][INFO] - Action delay is set to 0 milliseconds

2023-09-06 09:07:37 - [MESSAGE][PASSED] - Browser is opened with url: 'https://10.9.2.63/ecommerce/administrator/'

2023-09-06 09:07:37 - [TEST_STEP][PASSED] - maximizeWindow(): Current window maximized

2023-09-06 09:07:37 - [MESSAGE][PASSED] - Current window maximized

2023-09-06 09:07:37 - [TEST_STEP][PASSED] - verifyElementPresent(findTestObject("Login admin/Tittle ADMIN"), 0): Object 'Object Repository/Login admin/Tittle ADMIN' is present

2023-09-06 09:07:37 - [MESSAGE][WARNING] - Timeout '0' is invalid. Using default page load timeout: '30'

2023-09-06 09:07:37 - [MESSAGE][PASSED] - Object 'Object Repository/Login admin/Tittle ADMIN' is present

2023-09-06 09:07:37 - [TEST_STEP][PASSED] - setText(findTestObject("Login/input_Username, Email atau No. Handphone_a"), Username): Text 'admin' is set on object 'Object Repository/Login/input_Username, Email atau No. Handphone_a'

2023-09-06 09:07:39 - [MESSAGE][PASSED] - Text 'admin' is set on object 'Object Repository/Login/input_Username, Email atau No. Handphone_a'

2023-09-06 09:07:39 - [TEST_STEP][PASSED] - setText(findTestObject("Login/input_Password"), Password): Text '123admin123' is set on object 'Object Repository/Login/input_Password'

2023-09-06 09:07:40 - [MESSAGE][PASSED] - Text '123admin123' is set on object 'Object Repository/Login/input_Password'

2023-09-06 09:07:40 - [TEST_STEP][PASSED] - click(findTestObject("Login admin/buttom Remember Me")): Object: 'Object Repository/Login admin/buttom Remember Me' is clicked on

2023-09-06 09:07:40 - [MESSAGE][PASSED] - Object: 'Object Repository/Login admin/buttom Remember Me' is clicked on

2023-09-06 09:07:40 - [TEST_STEP][PASSED] - delay(10): Delayed 10 second(s)

2023-09-06 09:07:50 - [MESSAGE][PASSED] - Delayed 10 second(s)

2023-09-06 09:07:50 - [TEST_STEP][PASSED] - click(findTestObject("Login admin/buttom sign in")): Object: 'Object Repository/Login admin/buttom sign in' is clicked on

2023-09-06 09:07:54 - [MESSAGE][PASSED] - Object: 'Object Repository/Login admin/buttom sign in' is clicked on

2023-09-06 09:07:54 - [TEST_STEP][PASSED] - verifyElementPresent(findTestObject("Login admin/Tittle Dashboard"), 0): Object 'Object Repository/Login admin/Tittle Dashboard' is present

2023-09-06 09:07:54 - [MESSAGE][WARNING] - Timeout '0' is invalid. Using default page load timeout: '30'

2023-09-06 09:07:55 - [MESSAGE][PASSED] - Object 'Object Repository/Login admin/Tittle Dashboard' is present

2023-09-06 09:07:55 - [MESSAGE][PASSED] - Call Test Case 'Test Cases/Login/TC-Login Admin-Success-001' successfully

2023-09-06 09:07:55 - [TEST_STEP][PASSED] - click(findTestObject("Menu pencarian Toko admin/Menu Master Market")): Object: 'Object Repository/Menu pencarian Toko admin/Menu Master Market' is clicked on

2023-09-06 09:07:55 - [MESSAGE][PASSED] - Object: 'Object Repository/Menu pencarian Toko admin/Menu Master Market' is clicked on

2023-09-06 09:07:55 - [TEST_STEP][PASSED] - click(findTestObject("Edit Data konsumen/Menu Konsumen")): Object: 'Object Repository/Edit Data konsumen/Menu Konsumen' is clicked on

2023-09-06 09:07:57 - [MESSAGE][PASSED] - Object: 'Object Repository/Edit Data konsumen/Menu Konsumen' is clicked on

2023-09-06 09:07:57 - [TEST_STEP][PASSED] - verifyElementPresent(findTestObject("Edit Data konsumen/Tittle Daftar Semua Konsumen"), 0): Object 'Object Repository/Edit Data konsumen/Tittle Daftar Semua Konsumen' is present

2023-09-06 09:07:57 - [MESSAGE][WARNING] - Timeout '0' is invalid. Using default page load timeout: '30'

2023-09-06 09:07:58 - [MESSAGE][PASSED] - Object 'Object Repository/Edit Data konsumen/Tittle Daftar Semua Konsumen' is present

2023-09-06 09:07:58 - [MESSAGE][PASSED] - Call Test Case 'Test Cases/M08 Edit Data Konsumen/TC-Edit Data Konsumen-show-001' successfully

2023-09-06 09:07:58 - [TEST_STEP][PASSED] - click(findTestObject("Edit Data konsumen/buttom edit")): Object: 'Object Repository/Edit Data konsumen/buttom edit' is clicked on

2023-09-06 09:08:04 - [MESSAGE][PASSED] - Object: 'Object Repository/Edit Data konsumen/buttom edit' is clicked on

2023-09-06 09:08:04 - [TEST_STEP][PASSED] - verifyElementPresent(findTestObject("Edit Data konsumen/tittle Edit Data Konsumen"), 0): Object 'Object Repository/Edit Data konsumen/tittle Edit Data Konsumen' is present

2023-09-06 09:08:04 - [MESSAGE][WARNING] - Timeout '0' is invalid. Using default page load timeout: '30'

2023-09-06 09:08:05 - [MESSAGE][PASSED] - Object 'Object Repository/Edit Data konsumen/tittle Edit Data Konsumen' is present

2023-09-06 09:08:05 - [TEST_STEP][PASSED] - setText(findTestObject("Edit Data konsumen/ganti password/input_Ganti Password"), password): Text '123halokamu' is set on object 'Object Repository/Edit Data konsumen/ganti password/input_Ganti Password'

2023-09-06 09:08:06 - [MESSAGE][PASSED] - Text '123halokamu' is set on object 'Object Repository/Edit Data konsumen/ganti password/input_Ganti Password'

2023-09-06 09:08:06 - [TEST_STEP][PASSED] - setText(findTestObject("Edit Data konsumen/input_Nama Lengkap"), nama_lengkap): Text 'udin padinding oii' is set on object 'Object Repository/Edit Data konsumen/input_Nama Lengkap'

2023-09-06 09:08:07 - [MESSAGE][PASSED] - Text 'udin padinding oii' is set on object 'Object Repository/Edit Data konsumen/input_Nama Lengkap'

2023-09-06 09:08:07 - [TEST_STEP][PASSED] - setText(findTestObject("Edit Data konsumen/Input Alamat email/input Alamat Email"), email): Text 'udin123@gmail.com' is set on object 'Object Repository/Edit Data konsumen/Input Alamat email/input Alamat Email'

2023-09-06 09:08:08 - [MESSAGE][PASSED] - Text 'udin123@gmail.com' is set on object 'Object Repository/Edit Data konsumen/Input Alamat email/input Alamat Email'

2023-09-06 09:08:08 - [TEST_STEP][PASSED] - setText(findTestObject("Edit Data konsumen/Input no Hp/input No Hp"), no_hp): Text '081212121212' is set on object 'Object Repository/Edit Data konsumen/Input no Hp/input No Hp'

2023-09-06 09:08:09 - [MESSAGE][PASSED] - Text '081212121212' is set on object 'Object Repository/Edit Data konsumen/Input no Hp/input No Hp'

2023-09-06 09:08:09 - [TEST_STEP][PASSED] - uploadFile(findTestObject("Edit Data konsumen/Edit foto/input_Ganti Foto_gg"), foto): File 'C:\Users\IRFAN\Downloads\foto42.png' sent to object: 'Object Repository/Edit Data konsumen/Edit foto/input_Ganti Foto_gg'

2023-09-06 09:08:10 - [MESSAGE][PASSED] - File 'C:\Users\IRFAN\Downloads\foto42.png' sent to object: 'Object Repository/Edit Data konsumen/Edit foto/input_Ganti Foto_gg'

2023-09-06 09:08:10 - [TEST_STEP][PASSED] - if (toString().equalsIgnoreCase("Laki-laki")): Object 'Object Repository/Edit Data konsumen/Radio buttom jenis_kelamin/Laki_laki/Radio buttom Laki_laki' is checked

2023-09-06 09:08:10 - [TEST_STEP][PASSED] - check(findTestObject("Object Repository/Edit Data konsumen/Radio buttom jenis_kelamin/Laki_laki/Radio buttom Laki_laki")): Object 'Object Repository/Edit Data konsumen/Radio buttom jenis_kelamin/Laki_laki/Radio buttom Laki_laki' is checked

2023-09-06 09:08:10 - [MESSAGE][PASSED] - Object 'Object Repository/Edit Data konsumen/Radio buttom jenis_kelamin/Laki_laki/Radio buttom Laki_laki' is checked

2023-09-06 09:08:10 - [TEST_STEP][PASSED] - setText(findTestObject("Edit Data konsumen/input tanggal lahir/input_Tanggal Lahir"), tanggal_lahir): Text '1998-09-09' is set on object 'Object Repository/Edit Data konsumen/input tanggal lahir/input_Tanggal Lahir'

2023-09-06 09:08:12 - [MESSAGE][PASSED] - Text '1998-09-09' is set on object 'Object Repository/Edit Data konsumen/input tanggal lahir/input_Tanggal Lahir'

2023-09-06 09:08:12 - [TEST_STEP][PASSED] - setText(findTestObject("Edit Data konsumen/Alamat/input_Alamat"), Alamat): Text 'jl.gejayan yogyakarta' is set on object 'Object Repository/Edit Data konsumen/Alamat/input_Alamat'

2023-09-06 09:08:13 - [MESSAGE][PASSED] - Text 'jl.gejayan yogyakarta' is set on object 'Object Repository/Edit Data konsumen/Alamat/input_Alamat'

2023-09-06 09:08:13 - [TEST_STEP][PASSED] - click(findTestObject("Edit Data konsumen/button_Update")): Object: 'Object Repository/Edit Data konsumen/button_Update' is clicked on

2023-09-06 09:08:15 - [MESSAGE][PASSED] - Object: 'Object Repository/Edit Data konsumen/button_Update' is clicked on

2023-09-06 09:08:15 - [TEST_STEP][PASSED] - verifyElementPresent(findTestObject("Edit Data konsumen/Ttitle Detail Data Konsumen"), 0): Object 'Object Repository/Edit Data konsumen/Ttitle Detail Data Konsumen' is present

2023-09-06 09:08:15 - [MESSAGE][WARNING] - Timeout '0' is invalid. Using default page load timeout: '30'

2023-09-06 09:08:16 - [MESSAGE][PASSED] - Object 'Object Repository/Edit Data konsumen/Ttitle Detail Data Konsumen' is present

2023-09-06 09:08:16 - [TEST_STEP][PASSED] - nama = getText(findTestObject("hasil edit konsumen/hasil edit nama")): Text of object 'Object Repository/hasil edit konsumen/hasil edit nama' is: 'udin padinding oii'

2023-09-06 09:08:16 - [MESSAGE][PASSED] - Text of object 'Object Repository/hasil edit konsumen/hasil edit nama' is: 'udin padinding oii'

2023-09-06 09:08:16 - [TEST_STEP][PASSED] - emaill = getText(findTestObject("hasil edit konsumen/hasil edit email")): Text of object 'Object Repository/hasil edit konsumen/hasil edit email' is: 'udin123@gmail.com'

2023-09-06 09:08:17 - [MESSAGE][PASSED] - Text of object 'Object Repository/hasil edit konsumen/hasil edit email' is: 'udin123@gmail.com'

2023-09-06 09:08:17 - [TEST_STEP][PASSED] - nomorHp = getText(findTestObject("hasil edit konsumen/hasil edit no_hp")): Text of object 'Object Repository/hasil edit konsumen/hasil edit no_hp' is: '081212121212'

2023-09-06 09:08:17 - [MESSAGE][PASSED] - Text of object 'Object Repository/hasil edit konsumen/hasil edit no_hp' is: '081212121212'

2023-09-06 09:08:17 - [TEST_STEP][PASSED] - jenis_kelamin = getText(findTestObject("Edit Data konsumen/Jenis_Kelamin/Hasil edit Jenis_kelamin")): Text of object 'Object Repository/Edit Data konsumen/Jenis_Kelamin/Hasil edit Jenis_kelamin' is: 'Laki-laki'

2023-09-06 09:08:18 - [MESSAGE][PASSED] - Text of object 'Object Repository/Edit Data konsumen/Jenis_Kelamin/Hasil edit Jenis_kelamin' is: 'Laki-laki'

2023-09-06 09:08:18 - [TEST_STEP][PASSED] - tgl_lahir_show = getText(findTestObject("hasil edit konsumen/hasil edit tgl_lahir")): Text of object 'Object Repository/hasil edit konsumen/hasil edit tgl_lahir' is: '09 Sep 1998'

2023-09-06 09:08:18 - [MESSAGE][PASSED] - Text of object 'Object Repository/hasil edit konsumen/hasil edit tgl_lahir' is: '09 Sep 1998'

2023-09-06 09:08:18 - [TEST_STEP][PASSED] - alamat = getText(findTestObject("hasil edit konsumen/hasil edit alamat")): Text of object 'Object Repository/hasil edit konsumen/hasil edit alamat' is: 'jl.gejayan yogyakarta'

2023-09-06 09:08:19 - [MESSAGE][PASSED] - Text of object 'Object Repository/hasil edit konsumen/hasil edit alamat' is: 'jl.gejayan yogyakarta'

2023-09-06 09:08:19 - [TEST_STEP][PASSED] - foto1 = getAttribute(findTestObject("Object Repository/Edit Data konsumen/Edit foto/hasil edit foto"), "src").split("/"): Attribute 'src' of object 'Object Repository/Edit Data konsumen/Edit foto/hasil edit foto' is: 'https://10.9.2.63/ecommerce/asset/foto_user/foto4212.png'

2023-09-06 09:08:20 - [MESSAGE][PASSED] - Attribute 'src' of object 'Object Repository/Edit Data konsumen/Edit foto/hasil edit foto' is: 'https://10.9.2.63/ecommerce/asset/foto_user/foto4212.png'

2023-09-06 09:08:20 - [TEST_STEP][PASSED] - fotoUrl = size() - 1].replace(".png", ""): null

2023-09-06 09:08:20 - [TEST_STEP][PASSED] - println(fotoUrl): null

2023-09-06 09:08:20 - [TEST_STEP][PASSED] - foto_sebelumEdit = foto.split("\\"): null

2023-09-06 09:08:20 - [TEST_STEP][PASSED] - urlfoto = size() - 1].replace(".png", ""): null

2023-09-06 09:08:20 - [TEST_STEP][PASSED] - println(urlfoto): null

2023-09-06 09:08:20 - [TEST_STEP][PASSED] - assert fotoUrl.contains(urlfoto): null

2023-09-06 09:08:20 - [TEST_STEP][PASSED] - sdf = new java.text.SimpleDateFormat(yyyy-MM-dd): null

2023-09-06 09:08:20 - [TEST_STEP][PASSED] - parsedDate = null: null

2023-09-06 09:08:20 - [TEST_STEP][PASSED] - SentDate = tanggal_lahir: null

2023-09-06 09:08:20 - [TEST_STEP][PASSED] - parsedDate = sdf.parse(SentDate): null

2023-09-06 09:08:20 - [TEST_STEP][PASSED] - print = new java.text.SimpleDateFormat(dd MMM yyyy): null

2023-09-06 09:08:20 - [TEST_STEP][PASSED] - tanggal_lahir = print.format(parsedDate): null

2023-09-06 09:08:20 - [TEST_STEP][PASSED] - assert trim().equalsIgnoreCase(nama.trim()): null

2023-09-06 09:08:20 - [TEST_STEP][PASSED] - assert trim().equalsIgnoreCase(emaill.trim()): null

2023-09-06 09:08:20 - [TEST_STEP][PASSED] - assert trim().equalsIgnoreCase(nomorHp.trim()): null

2023-09-06 09:08:20 - [TEST_STEP][PASSED] - assert trim().equalsIgnoreCase(jenis_kelamin.trim()): null

2023-09-06 09:08:20 - [TEST_STEP][PASSED] - assert trim().equalsIgnoreCase(tgl_lahir_show.trim()): null

2023-09-06 09:08:20 - [TEST_STEP][PASSED] - assert trim().equalsIgnoreCase(alamat.trim()): null]]></system-out>
         <system-err><![CDATA[]]></system-err>
      </testcase>
      <testcase name="Test Cases/M08 Edit Data Konsumen/TC-Edit Data Konsumen-Edit-002" time="35.237" classname="Test Cases/M08 Edit Data Konsumen/TC-Edit Data Konsumen-Edit-002" status="FAILED">
         <failure type="FAILED" message="Test Cases/M08 Edit Data Konsumen/TC-Edit Data Konsumen-Edit-002 FAILED.
Reason:
com.kms.katalon.core.exception.StepFailedException: Unable to verify text 'Nama tidak boleh menggunakan Symbol' is present 
	at com.kms.katalon.core.webui.keyword.internal.WebUIKeywordMain.stepFailed(WebUIKeywordMain.groovy:64)
	at com.kms.katalon.core.webui.keyword.internal.WebUIKeywordMain.runKeyword(WebUIKeywordMain.groovy:26)
	at com.kms.katalon.core.webui.keyword.builtin.VerifyTextPresentKeyword.verifyTextPresent(VerifyTextPresentKeyword.groovy:83)
	at com.kms.katalon.core.webui.keyword.builtin.VerifyTextPresentKeyword.execute(VerifyTextPresentKeyword.groovy:68)
	at com.kms.katalon.core.keyword.internal.KeywordExecutor.executeKeywordForPlatform(KeywordExecutor.groovy:74)
	at com.kms.katalon.core.webui.keyword.WebUiBuiltInKeywords.verifyTextPresent(WebUiBuiltInKeywords.groovy:1723)
	at com.kms.katalon.core.webui.keyword.WebUiBuiltInKeywords$verifyTextPresent$8.call(Unknown Source)
	at TC-Edit Data Konsumen-Edit-002.run(TC-Edit Data Konsumen-Edit-002:30)
	at com.kms.katalon.core.main.ScriptEngine.run(ScriptEngine.java:194)
	at com.kms.katalon.core.main.ScriptEngine.runScriptAsRawText(ScriptEngine.java:119)
	at com.kms.katalon.core.main.TestCaseExecutor.runScript(TestCaseExecutor.java:448)
	at com.kms.katalon.core.main.TestCaseExecutor.doExecute(TestCaseExecutor.java:439)
	at com.kms.katalon.core.main.TestCaseExecutor.processExecutionPhase(TestCaseExecutor.java:418)
	at com.kms.katalon.core.main.TestCaseExecutor.accessMainPhase(TestCaseExecutor.java:410)
	at com.kms.katalon.core.main.TestCaseExecutor.execute(TestCaseExecutor.java:285)
	at com.kms.katalon.core.common.CommonExecutor.accessTestCaseMainPhase(CommonExecutor.java:65)
	at com.kms.katalon.core.main.TestSuiteExecutor.accessTestSuiteMainPhase(TestSuiteExecutor.java:148)
	at com.kms.katalon.core.main.TestSuiteExecutor.execute(TestSuiteExecutor.java:106)
	at com.kms.katalon.core.main.TestCaseMain.startTestSuite(TestCaseMain.java:187)
	at com.kms.katalon.core.main.TestCaseMain$startTestSuite$0.call(Unknown Source)
	at TempTestSuite1693966045627.run(TempTestSuite1693966045627.groovy:36)
Caused by: com.kms.katalon.core.exception.StepFailedException: Text 'Nama tidak boleh menggunakan Symbol' is not present on page 
	at com.kms.katalon.core.webui.keyword.internal.WebUIKeywordMain.stepFailed(WebUIKeywordMain.groovy:64)
	at com.kms.katalon.core.webui.keyword.builtin.VerifyTextPresentKeyword$_verifyTextPresent_closure1.doCall(VerifyTextPresentKeyword.groovy:79)
	at com.kms.katalon.core.webui.keyword.builtin.VerifyTextPresentKeyword$_verifyTextPresent_closure1.call(VerifyTextPresentKeyword.groovy)
	at com.kms.katalon.core.webui.keyword.internal.WebUIKeywordMain.runKeyword(WebUIKeywordMain.groovy:20)
	... 19 more
"/>
         <system-out><![CDATA[2023-09-06 09:08:20 - [TEST_CASE][FAILED] - Test Cases/M08 Edit Data Konsumen/TC-Edit Data Konsumen-Edit-002: Test Cases/M08 Edit Data Konsumen/TC-Edit Data Konsumen-Edit-002 FAILED.
Reason:
com.kms.katalon.core.exception.StepFailedException: Unable to verify text 'Nama tidak boleh menggunakan Symbol' is present 
	at com.kms.katalon.core.webui.keyword.internal.WebUIKeywordMain.stepFailed(WebUIKeywordMain.groovy:64)
	at com.kms.katalon.core.webui.keyword.internal.WebUIKeywordMain.runKeyword(WebUIKeywordMain.groovy:26)
	at com.kms.katalon.core.webui.keyword.builtin.VerifyTextPresentKeyword.verifyTextPresent(VerifyTextPresentKeyword.groovy:83)
	at com.kms.katalon.core.webui.keyword.builtin.VerifyTextPresentKeyword.execute(VerifyTextPresentKeyword.groovy:68)
	at com.kms.katalon.core.keyword.internal.KeywordExecutor.executeKeywordForPlatform(KeywordExecutor.groovy:74)
	at com.kms.katalon.core.webui.keyword.WebUiBuiltInKeywords.verifyTextPresent(WebUiBuiltInKeywords.groovy:1723)
	at com.kms.katalon.core.webui.keyword.WebUiBuiltInKeywords$verifyTextPresent$8.call(Unknown Source)
	at TC-Edit Data Konsumen-Edit-002.run(TC-Edit Data Konsumen-Edit-002:30)
	at com.kms.katalon.core.main.ScriptEngine.run(ScriptEngine.java:194)
	at com.kms.katalon.core.main.ScriptEngine.runScriptAsRawText(ScriptEngine.java:119)
	at com.kms.katalon.core.main.TestCaseExecutor.runScript(TestCaseExecutor.java:448)
	at com.kms.katalon.core.main.TestCaseExecutor.doExecute(TestCaseExecutor.java:439)
	at com.kms.katalon.core.main.TestCaseExecutor.processExecutionPhase(TestCaseExecutor.java:418)
	at com.kms.katalon.core.main.TestCaseExecutor.accessMainPhase(TestCaseExecutor.java:410)
	at com.kms.katalon.core.main.TestCaseExecutor.execute(TestCaseExecutor.java:285)
	at com.kms.katalon.core.common.CommonExecutor.accessTestCaseMainPhase(CommonExecutor.java:65)
	at com.kms.katalon.core.main.TestSuiteExecutor.accessTestSuiteMainPhase(TestSuiteExecutor.java:148)
	at com.kms.katalon.core.main.TestSuiteExecutor.execute(TestSuiteExecutor.java:106)
	at com.kms.katalon.core.main.TestCaseMain.startTestSuite(TestCaseMain.java:187)
	at com.kms.katalon.core.main.TestCaseMain$startTestSuite$0.call(Unknown Source)
	at TempTestSuite1693966045627.run(TempTestSuite1693966045627.groovy:36)
Caused by: com.kms.katalon.core.exception.StepFailedException: Text 'Nama tidak boleh menggunakan Symbol' is not present on page 
	at com.kms.katalon.core.webui.keyword.internal.WebUIKeywordMain.stepFailed(WebUIKeywordMain.groovy:64)
	at com.kms.katalon.core.webui.keyword.builtin.VerifyTextPresentKeyword$_verifyTextPresent_closure1.doCall(VerifyTextPresentKeyword.groovy:79)
	at com.kms.katalon.core.webui.keyword.builtin.VerifyTextPresentKeyword$_verifyTextPresent_closure1.call(VerifyTextPresentKeyword.groovy)
	at com.kms.katalon.core.webui.keyword.internal.WebUIKeywordMain.runKeyword(WebUIKeywordMain.groovy:20)
	... 19 more


2023-09-06 09:08:21 - [TEST_STEP][PASSED] - callTestCase(findTestCase("M08 Edit Data Konsumen/TC-Edit Data Konsumen-show-001"), [:], STOP_ON_FAILURE): Call Test Case 'Test Cases/M08 Edit Data Konsumen/TC-Edit Data Konsumen-show-001' successfully

2023-09-06 09:08:21 - [TEST_CASE][PASSED] - Test Cases/M08 Edit Data Konsumen/TC-Edit Data Konsumen-show-001: Test Cases/M08 Edit Data Konsumen/TC-Edit Data Konsumen-show-001

2023-09-06 09:08:21 - [TEST_STEP][PASSED] - callTestCase(findTestCase("Login/TC-Login Admin-Success-001"), ["Username":"admin", "Password":"123admin123"], STOP_ON_FAILURE): Call Test Case 'Test Cases/Login/TC-Login Admin-Success-001' successfully

2023-09-06 09:08:21 - [TEST_CASE][PASSED] - Test Cases/Login/TC-Login Admin-Success-001: Test Cases/Login/TC-Login Admin-Success-001

2023-09-06 09:08:21 - [TEST_STEP][PASSED] - openBrowser("https://10.9.2.63/ecommerce/administrator/"): Browser is opened with url: 'https://10.9.2.63/ecommerce/administrator/'

2023-09-06 09:08:21 - [MESSAGE][WARNING] - A browser is already opened. Closing browser and opening a new one

2023-09-06 09:08:22 - [MESSAGE][INFO] - Starting 'Edge Chromium' driver

2023-09-06 09:08:22 - [MESSAGE][INFO] - User set preference: ['acceptInsecureCerts', 'true']

2023-09-06 09:08:24 - [MESSAGE][INFO] - Action delay is set to 0 milliseconds

2023-09-06 09:08:25 - [MESSAGE][PASSED] - Browser is opened with url: 'https://10.9.2.63/ecommerce/administrator/'

2023-09-06 09:08:25 - [TEST_STEP][PASSED] - maximizeWindow(): Current window maximized

2023-09-06 09:08:26 - [MESSAGE][PASSED] - Current window maximized

2023-09-06 09:08:26 - [TEST_STEP][PASSED] - verifyElementPresent(findTestObject("Login admin/Tittle ADMIN"), 0): Object 'Object Repository/Login admin/Tittle ADMIN' is present

2023-09-06 09:08:26 - [MESSAGE][WARNING] - Timeout '0' is invalid. Using default page load timeout: '30'

2023-09-06 09:08:26 - [MESSAGE][PASSED] - Object 'Object Repository/Login admin/Tittle ADMIN' is present

2023-09-06 09:08:26 - [TEST_STEP][PASSED] - setText(findTestObject("Login/input_Username, Email atau No. Handphone_a"), Username): Text 'admin' is set on object 'Object Repository/Login/input_Username, Email atau No. Handphone_a'

2023-09-06 09:08:27 - [MESSAGE][PASSED] - Text 'admin' is set on object 'Object Repository/Login/input_Username, Email atau No. Handphone_a'

2023-09-06 09:08:27 - [TEST_STEP][PASSED] - setText(findTestObject("Login/input_Password"), Password): Text '123admin123' is set on object 'Object Repository/Login/input_Password'

2023-09-06 09:08:28 - [MESSAGE][PASSED] - Text '123admin123' is set on object 'Object Repository/Login/input_Password'

2023-09-06 09:08:28 - [TEST_STEP][PASSED] - click(findTestObject("Login admin/buttom Remember Me")): Object: 'Object Repository/Login admin/buttom Remember Me' is clicked on

2023-09-06 09:08:29 - [MESSAGE][PASSED] - Object: 'Object Repository/Login admin/buttom Remember Me' is clicked on

2023-09-06 09:08:29 - [TEST_STEP][PASSED] - delay(10): Delayed 10 second(s)

2023-09-06 09:08:39 - [MESSAGE][PASSED] - Delayed 10 second(s)

2023-09-06 09:08:39 - [TEST_STEP][PASSED] - click(findTestObject("Login admin/buttom sign in")): Object: 'Object Repository/Login admin/buttom sign in' is clicked on

2023-09-06 09:08:43 - [MESSAGE][PASSED] - Object: 'Object Repository/Login admin/buttom sign in' is clicked on

2023-09-06 09:08:43 - [TEST_STEP][PASSED] - verifyElementPresent(findTestObject("Login admin/Tittle Dashboard"), 0): Object 'Object Repository/Login admin/Tittle Dashboard' is present

2023-09-06 09:08:43 - [MESSAGE][WARNING] - Timeout '0' is invalid. Using default page load timeout: '30'

2023-09-06 09:08:43 - [MESSAGE][PASSED] - Object 'Object Repository/Login admin/Tittle Dashboard' is present

2023-09-06 09:08:43 - [MESSAGE][PASSED] - Call Test Case 'Test Cases/Login/TC-Login Admin-Success-001' successfully

2023-09-06 09:08:43 - [TEST_STEP][PASSED] - click(findTestObject("Menu pencarian Toko admin/Menu Master Market")): Object: 'Object Repository/Menu pencarian Toko admin/Menu Master Market' is clicked on

2023-09-06 09:08:44 - [MESSAGE][PASSED] - Object: 'Object Repository/Menu pencarian Toko admin/Menu Master Market' is clicked on

2023-09-06 09:08:44 - [TEST_STEP][PASSED] - click(findTestObject("Edit Data konsumen/Menu Konsumen")): Object: 'Object Repository/Edit Data konsumen/Menu Konsumen' is clicked on

2023-09-06 09:08:46 - [MESSAGE][PASSED] - Object: 'Object Repository/Edit Data konsumen/Menu Konsumen' is clicked on

2023-09-06 09:08:46 - [TEST_STEP][PASSED] - verifyElementPresent(findTestObject("Edit Data konsumen/Tittle Daftar Semua Konsumen"), 0): Object 'Object Repository/Edit Data konsumen/Tittle Daftar Semua Konsumen' is present

2023-09-06 09:08:46 - [MESSAGE][WARNING] - Timeout '0' is invalid. Using default page load timeout: '30'

2023-09-06 09:08:47 - [MESSAGE][PASSED] - Object 'Object Repository/Edit Data konsumen/Tittle Daftar Semua Konsumen' is present

2023-09-06 09:08:47 - [MESSAGE][PASSED] - Call Test Case 'Test Cases/M08 Edit Data Konsumen/TC-Edit Data Konsumen-show-001' successfully

2023-09-06 09:08:47 - [TEST_STEP][PASSED] - click(findTestObject("Edit Data konsumen/buttom edit")): Object: 'Object Repository/Edit Data konsumen/buttom edit' is clicked on

2023-09-06 09:08:51 - [MESSAGE][PASSED] - Object: 'Object Repository/Edit Data konsumen/buttom edit' is clicked on

2023-09-06 09:08:51 - [TEST_STEP][PASSED] - verifyElementPresent(findTestObject("Edit Data konsumen/tittle Edit Data Konsumen"), 0): Object 'Object Repository/Edit Data konsumen/tittle Edit Data Konsumen' is present

2023-09-06 09:08:51 - [MESSAGE][WARNING] - Timeout '0' is invalid. Using default page load timeout: '30'

2023-09-06 09:08:52 - [MESSAGE][PASSED] - Object 'Object Repository/Edit Data konsumen/tittle Edit Data Konsumen' is present

2023-09-06 09:08:52 - [TEST_STEP][PASSED] - setText(findTestObject("Edit Data konsumen/input_Nama Lengkap"), "//"): Text '//' is set on object 'Object Repository/Edit Data konsumen/input_Nama Lengkap'

2023-09-06 09:08:53 - [MESSAGE][PASSED] - Text '//' is set on object 'Object Repository/Edit Data konsumen/input_Nama Lengkap'

2023-09-06 09:08:53 - [TEST_STEP][PASSED] - click(findTestObject("Edit Data konsumen/button_Update")): Object: 'Object Repository/Edit Data konsumen/button_Update' is clicked on

2023-09-06 09:08:54 - [MESSAGE][PASSED] - Object: 'Object Repository/Edit Data konsumen/button_Update' is clicked on

2023-09-06 09:08:54 - [TEST_STEP][FAILED] - verifyTextPresent("Nama tidak boleh menggunakan Symbol", false): Unable to verify text 'Nama tidak boleh menggunakan Symbol' is present  (Root cause: com.kms.katalon.core.exception.StepFailedException: Unable to verify text 'Nama tidak boleh menggunakan Symbol' is present 
	at com.kms.katalon.core.webui.keyword.internal.WebUIKeywordMain.stepFailed(WebUIKeywordMain.groovy:64)
	at com.kms.katalon.core.webui.keyword.internal.WebUIKeywordMain.runKeyword(WebUIKeywordMain.groovy:26)
	at com.kms.katalon.core.webui.keyword.builtin.VerifyTextPresentKeyword.verifyTextPresent(VerifyTextPresentKeyword.groovy:83)
	at com.kms.katalon.core.webui.keyword.builtin.VerifyTextPresentKeyword.execute(VerifyTextPresentKeyword.groovy:68)
	at com.kms.katalon.core.keyword.internal.KeywordExecutor.executeKeywordForPlatform(KeywordExecutor.groovy:74)
	at com.kms.katalon.core.webui.keyword.WebUiBuiltInKeywords.verifyTextPresent(WebUiBuiltInKeywords.groovy:1723)
	at com.kms.katalon.core.webui.keyword.WebUiBuiltInKeywords$verifyTextPresent$8.call(Unknown Source)
	at TC-Edit Data Konsumen-Edit-002.run(TC-Edit Data Konsumen-Edit-002:30)
	at com.kms.katalon.core.main.ScriptEngine.run(ScriptEngine.java:194)
	at com.kms.katalon.core.main.ScriptEngine.runScriptAsRawText(ScriptEngine.java:119)
	at com.kms.katalon.core.main.TestCaseExecutor.runScript(TestCaseExecutor.java:448)
	at com.kms.katalon.core.main.TestCaseExecutor.doExecute(TestCaseExecutor.java:439)
	at com.kms.katalon.core.main.TestCaseExecutor.processExecutionPhase(TestCaseExecutor.java:418)
	at com.kms.katalon.core.main.TestCaseExecutor.accessMainPhase(TestCaseExecutor.java:410)
	at com.kms.katalon.core.main.TestCaseExecutor.execute(TestCaseExecutor.java:285)
	at com.kms.katalon.core.common.CommonExecutor.accessTestCaseMainPhase(CommonExecutor.java:65)
	at com.kms.katalon.core.main.TestSuiteExecutor.accessTestSuiteMainPhase(TestSuiteExecutor.java:148)
	at com.kms.katalon.core.main.TestSuiteExecutor.execute(TestSuiteExecutor.java:106)
	at com.kms.katalon.core.main.TestCaseMain.startTestSuite(TestCaseMain.java:187)
	at com.kms.katalon.core.main.TestCaseMain$startTestSuite$0.call(Unknown Source)
	at TempTestSuite1693966045627.run(TempTestSuite1693966045627.groovy:36)
Caused by: com.kms.katalon.core.exception.StepFailedException: Text 'Nama tidak boleh menggunakan Symbol' is not present on page 
	at com.kms.katalon.core.webui.keyword.internal.WebUIKeywordMain.stepFailed(WebUIKeywordMain.groovy:64)
	at com.kms.katalon.core.webui.keyword.builtin.VerifyTextPresentKeyword$_verifyTextPresent_closure1.doCall(VerifyTextPresentKeyword.groovy:79)
	at com.kms.katalon.core.webui.keyword.builtin.VerifyTextPresentKeyword$_verifyTextPresent_closure1.call(VerifyTextPresentKeyword.groovy)
	at com.kms.katalon.core.webui.keyword.internal.WebUIKeywordMain.runKeyword(WebUIKeywordMain.groovy:20)
	... 19 more
)

2023-09-06 09:08:55 - [MESSAGE][FAILED] - Text 'Nama tidak boleh menggunakan Symbol' is not present on page  (Root cause: com.kms.katalon.core.exception.StepFailedException: Text 'Nama tidak boleh menggunakan Symbol' is not present on page 
	at com.kms.katalon.core.webui.keyword.internal.WebUIKeywordMain.stepFailed(WebUIKeywordMain.groovy:64)
	at com.kms.katalon.core.webui.keyword.builtin.VerifyTextPresentKeyword$_verifyTextPresent_closure1.doCall(VerifyTextPresentKeyword.groovy:79)
	at com.kms.katalon.core.webui.keyword.builtin.VerifyTextPresentKeyword$_verifyTextPresent_closure1.call(VerifyTextPresentKeyword.groovy)
	at com.kms.katalon.core.webui.keyword.internal.WebUIKeywordMain.runKeyword(WebUIKeywordMain.groovy:20)
	at com.kms.katalon.core.webui.keyword.builtin.VerifyTextPresentKeyword.verifyTextPresent(VerifyTextPresentKeyword.groovy:83)
	at com.kms.katalon.core.webui.keyword.builtin.VerifyTextPresentKeyword.execute(VerifyTextPresentKeyword.groovy:68)
	at com.kms.katalon.core.keyword.internal.KeywordExecutor.executeKeywordForPlatform(KeywordExecutor.groovy:74)
	at com.kms.katalon.core.webui.keyword.WebUiBuiltInKeywords.verifyTextPresent(WebUiBuiltInKeywords.groovy:1723)
	at com.kms.katalon.core.webui.keyword.WebUiBuiltInKeywords$verifyTextPresent$8.call(Unknown Source)
	at TC-Edit Data Konsumen-Edit-002.run(TC-Edit Data Konsumen-Edit-002:30)
	at com.kms.katalon.core.main.ScriptEngine.run(ScriptEngine.java:194)
	at com.kms.katalon.core.main.ScriptEngine.runScriptAsRawText(ScriptEngine.java:119)
	at com.kms.katalon.core.main.TestCaseExecutor.runScript(TestCaseExecutor.java:448)
	at com.kms.katalon.core.main.TestCaseExecutor.doExecute(TestCaseExecutor.java:439)
	at com.kms.katalon.core.main.TestCaseExecutor.processExecutionPhase(TestCaseExecutor.java:418)
	at com.kms.katalon.core.main.TestCaseExecutor.accessMainPhase(TestCaseExecutor.java:410)
	at com.kms.katalon.core.main.TestCaseExecutor.execute(TestCaseExecutor.java:285)
	at com.kms.katalon.core.common.CommonExecutor.accessTestCaseMainPhase(CommonExecutor.java:65)
	at com.kms.katalon.core.main.TestSuiteExecutor.accessTestSuiteMainPhase(TestSuiteExecutor.java:148)
	at com.kms.katalon.core.main.TestSuiteExecutor.execute(TestSuiteExecutor.java:106)
	at com.kms.katalon.core.main.TestCaseMain.startTestSuite(TestCaseMain.java:187)
	at com.kms.katalon.core.main.TestCaseMain$startTestSuite$0.call(Unknown Source)
	at TempTestSuite1693966045627.run(TempTestSuite1693966045627.groovy:36)
)

2023-09-06 09:08:55 - [MESSAGE][FAILED] - Unable to verify text 'Nama tidak boleh menggunakan Symbol' is present  (Root cause: com.kms.katalon.core.exception.StepFailedException: Unable to verify text 'Nama tidak boleh menggunakan Symbol' is present 
	at com.kms.katalon.core.webui.keyword.internal.WebUIKeywordMain.stepFailed(WebUIKeywordMain.groovy:64)
	at com.kms.katalon.core.webui.keyword.internal.WebUIKeywordMain.runKeyword(WebUIKeywordMain.groovy:26)
	at com.kms.katalon.core.webui.keyword.builtin.VerifyTextPresentKeyword.verifyTextPresent(VerifyTextPresentKeyword.groovy:83)
	at com.kms.katalon.core.webui.keyword.builtin.VerifyTextPresentKeyword.execute(VerifyTextPresentKeyword.groovy:68)
	at com.kms.katalon.core.keyword.internal.KeywordExecutor.executeKeywordForPlatform(KeywordExecutor.groovy:74)
	at com.kms.katalon.core.webui.keyword.WebUiBuiltInKeywords.verifyTextPresent(WebUiBuiltInKeywords.groovy:1723)
	at com.kms.katalon.core.webui.keyword.WebUiBuiltInKeywords$verifyTextPresent$8.call(Unknown Source)
	at TC-Edit Data Konsumen-Edit-002.run(TC-Edit Data Konsumen-Edit-002:30)
	at com.kms.katalon.core.main.ScriptEngine.run(ScriptEngine.java:194)
	at com.kms.katalon.core.main.ScriptEngine.runScriptAsRawText(ScriptEngine.java:119)
	at com.kms.katalon.core.main.TestCaseExecutor.runScript(TestCaseExecutor.java:448)
	at com.kms.katalon.core.main.TestCaseExecutor.doExecute(TestCaseExecutor.java:439)
	at com.kms.katalon.core.main.TestCaseExecutor.processExecutionPhase(TestCaseExecutor.java:418)
	at com.kms.katalon.core.main.TestCaseExecutor.accessMainPhase(TestCaseExecutor.java:410)
	at com.kms.katalon.core.main.TestCaseExecutor.execute(TestCaseExecutor.java:285)
	at com.kms.katalon.core.common.CommonExecutor.accessTestCaseMainPhase(CommonExecutor.java:65)
	at com.kms.katalon.core.main.TestSuiteExecutor.accessTestSuiteMainPhase(TestSuiteExecutor.java:148)
	at com.kms.katalon.core.main.TestSuiteExecutor.execute(TestSuiteExecutor.java:106)
	at com.kms.katalon.core.main.TestCaseMain.startTestSuite(TestCaseMain.java:187)
	at com.kms.katalon.core.main.TestCaseMain$startTestSuite$0.call(Unknown Source)
	at TempTestSuite1693966045627.run(TempTestSuite1693966045627.groovy:36)
Caused by: com.kms.katalon.core.exception.StepFailedException: Text 'Nama tidak boleh menggunakan Symbol' is not present on page 
	at com.kms.katalon.core.webui.keyword.internal.WebUIKeywordMain.stepFailed(WebUIKeywordMain.groovy:64)
	at com.kms.katalon.core.webui.keyword.builtin.VerifyTextPresentKeyword$_verifyTextPresent_closure1.doCall(VerifyTextPresentKeyword.groovy:79)
	at com.kms.katalon.core.webui.keyword.builtin.VerifyTextPresentKeyword$_verifyTextPresent_closure1.call(VerifyTextPresentKeyword.groovy)
	at com.kms.katalon.core.webui.keyword.internal.WebUIKeywordMain.runKeyword(WebUIKeywordMain.groovy:20)
	... 19 more
)
[[ATTACHMENT|D:\\Project XSIS\\batch-324-qa\\irfan\\Projek Eval 2 Tajalapak dan administrator\\Reports\\20230906_090725\\Edit Data Konsumen\\Edit Data Konsumen\\20230906_090725\\1693966135199.png]]]]></system-out>
         <system-err><![CDATA[2023-09-06 09:08:20 - [TEST_CASE][FAILED] - Test Cases/M08 Edit Data Konsumen/TC-Edit Data Konsumen-Edit-002: Test Cases/M08 Edit Data Konsumen/TC-Edit Data Konsumen-Edit-002 FAILED.
Reason:
com.kms.katalon.core.exception.StepFailedException: Unable to verify text 'Nama tidak boleh menggunakan Symbol' is present 
	at com.kms.katalon.core.webui.keyword.internal.WebUIKeywordMain.stepFailed(WebUIKeywordMain.groovy:64)
	at com.kms.katalon.core.webui.keyword.internal.WebUIKeywordMain.runKeyword(WebUIKeywordMain.groovy:26)
	at com.kms.katalon.core.webui.keyword.builtin.VerifyTextPresentKeyword.verifyTextPresent(VerifyTextPresentKeyword.groovy:83)
	at com.kms.katalon.core.webui.keyword.builtin.VerifyTextPresentKeyword.execute(VerifyTextPresentKeyword.groovy:68)
	at com.kms.katalon.core.keyword.internal.KeywordExecutor.executeKeywordForPlatform(KeywordExecutor.groovy:74)
	at com.kms.katalon.core.webui.keyword.WebUiBuiltInKeywords.verifyTextPresent(WebUiBuiltInKeywords.groovy:1723)
	at com.kms.katalon.core.webui.keyword.WebUiBuiltInKeywords$verifyTextPresent$8.call(Unknown Source)
	at TC-Edit Data Konsumen-Edit-002.run(TC-Edit Data Konsumen-Edit-002:30)
	at com.kms.katalon.core.main.ScriptEngine.run(ScriptEngine.java:194)
	at com.kms.katalon.core.main.ScriptEngine.runScriptAsRawText(ScriptEngine.java:119)
	at com.kms.katalon.core.main.TestCaseExecutor.runScript(TestCaseExecutor.java:448)
	at com.kms.katalon.core.main.TestCaseExecutor.doExecute(TestCaseExecutor.java:439)
	at com.kms.katalon.core.main.TestCaseExecutor.processExecutionPhase(TestCaseExecutor.java:418)
	at com.kms.katalon.core.main.TestCaseExecutor.accessMainPhase(TestCaseExecutor.java:410)
	at com.kms.katalon.core.main.TestCaseExecutor.execute(TestCaseExecutor.java:285)
	at com.kms.katalon.core.common.CommonExecutor.accessTestCaseMainPhase(CommonExecutor.java:65)
	at com.kms.katalon.core.main.TestSuiteExecutor.accessTestSuiteMainPhase(TestSuiteExecutor.java:148)
	at com.kms.katalon.core.main.TestSuiteExecutor.execute(TestSuiteExecutor.java:106)
	at com.kms.katalon.core.main.TestCaseMain.startTestSuite(TestCaseMain.java:187)
	at com.kms.katalon.core.main.TestCaseMain$startTestSuite$0.call(Unknown Source)
	at TempTestSuite1693966045627.run(TempTestSuite1693966045627.groovy:36)
Caused by: com.kms.katalon.core.exception.StepFailedException: Text 'Nama tidak boleh menggunakan Symbol' is not present on page 
	at com.kms.katalon.core.webui.keyword.internal.WebUIKeywordMain.stepFailed(WebUIKeywordMain.groovy:64)
	at com.kms.katalon.core.webui.keyword.builtin.VerifyTextPresentKeyword$_verifyTextPresent_closure1.doCall(VerifyTextPresentKeyword.groovy:79)
	at com.kms.katalon.core.webui.keyword.builtin.VerifyTextPresentKeyword$_verifyTextPresent_closure1.call(VerifyTextPresentKeyword.groovy)
	at com.kms.katalon.core.webui.keyword.internal.WebUIKeywordMain.runKeyword(WebUIKeywordMain.groovy:20)
	... 19 more]]></system-err>
      </testcase>
      <testcase name="Test Cases/M08 Edit Data Konsumen/TC-Edit Data Konsumen-Edit-003" time="37.132" classname="Test Cases/M08 Edit Data Konsumen/TC-Edit Data Konsumen-Edit-003" status="FAILED">
         <failure type="FAILED" message="Test Cases/M08 Edit Data Konsumen/TC-Edit Data Konsumen-Edit-003 FAILED.
Reason:
com.kms.katalon.core.exception.StepFailedException: Unable to verify text 'Password Minimal 8 karakter' is present 
	at com.kms.katalon.core.webui.keyword.internal.WebUIKeywordMain.stepFailed(WebUIKeywordMain.groovy:64)
	at com.kms.katalon.core.webui.keyword.internal.WebUIKeywordMain.runKeyword(WebUIKeywordMain.groovy:26)
	at com.kms.katalon.core.webui.keyword.builtin.VerifyTextPresentKeyword.verifyTextPresent(VerifyTextPresentKeyword.groovy:83)
	at com.kms.katalon.core.webui.keyword.builtin.VerifyTextPresentKeyword.execute(VerifyTextPresentKeyword.groovy:68)
	at com.kms.katalon.core.keyword.internal.KeywordExecutor.executeKeywordForPlatform(KeywordExecutor.groovy:74)
	at com.kms.katalon.core.webui.keyword.WebUiBuiltInKeywords.verifyTextPresent(WebUiBuiltInKeywords.groovy:1723)
	at com.kms.katalon.core.webui.keyword.WebUiBuiltInKeywords$verifyTextPresent$8.call(Unknown Source)
	at TC-Edit Data Konsumen-Edit-003.run(TC-Edit Data Konsumen-Edit-003:30)
	at com.kms.katalon.core.main.ScriptEngine.run(ScriptEngine.java:194)
	at com.kms.katalon.core.main.ScriptEngine.runScriptAsRawText(ScriptEngine.java:119)
	at com.kms.katalon.core.main.TestCaseExecutor.runScript(TestCaseExecutor.java:448)
	at com.kms.katalon.core.main.TestCaseExecutor.doExecute(TestCaseExecutor.java:439)
	at com.kms.katalon.core.main.TestCaseExecutor.processExecutionPhase(TestCaseExecutor.java:418)
	at com.kms.katalon.core.main.TestCaseExecutor.accessMainPhase(TestCaseExecutor.java:410)
	at com.kms.katalon.core.main.TestCaseExecutor.execute(TestCaseExecutor.java:285)
	at com.kms.katalon.core.common.CommonExecutor.accessTestCaseMainPhase(CommonExecutor.java:65)
	at com.kms.katalon.core.main.TestSuiteExecutor.accessTestSuiteMainPhase(TestSuiteExecutor.java:148)
	at com.kms.katalon.core.main.TestSuiteExecutor.execute(TestSuiteExecutor.java:106)
	at com.kms.katalon.core.main.TestCaseMain.startTestSuite(TestCaseMain.java:187)
	at com.kms.katalon.core.main.TestCaseMain$startTestSuite$0.call(Unknown Source)
	at TempTestSuite1693966045627.run(TempTestSuite1693966045627.groovy:36)
Caused by: com.kms.katalon.core.exception.StepFailedException: Text 'Password Minimal 8 karakter' is not present on page 
	at com.kms.katalon.core.webui.keyword.internal.WebUIKeywordMain.stepFailed(WebUIKeywordMain.groovy:64)
	at com.kms.katalon.core.webui.keyword.builtin.VerifyTextPresentKeyword$_verifyTextPresent_closure1.doCall(VerifyTextPresentKeyword.groovy:79)
	at com.kms.katalon.core.webui.keyword.builtin.VerifyTextPresentKeyword$_verifyTextPresent_closure1.call(VerifyTextPresentKeyword.groovy)
	at com.kms.katalon.core.webui.keyword.internal.WebUIKeywordMain.runKeyword(WebUIKeywordMain.groovy:20)
	... 19 more
"/>
         <system-out><![CDATA[2023-09-06 09:08:55 - [TEST_CASE][FAILED] - Test Cases/M08 Edit Data Konsumen/TC-Edit Data Konsumen-Edit-003: Test Cases/M08 Edit Data Konsumen/TC-Edit Data Konsumen-Edit-003 FAILED.
Reason:
com.kms.katalon.core.exception.StepFailedException: Unable to verify text 'Password Minimal 8 karakter' is present 
	at com.kms.katalon.core.webui.keyword.internal.WebUIKeywordMain.stepFailed(WebUIKeywordMain.groovy:64)
	at com.kms.katalon.core.webui.keyword.internal.WebUIKeywordMain.runKeyword(WebUIKeywordMain.groovy:26)
	at com.kms.katalon.core.webui.keyword.builtin.VerifyTextPresentKeyword.verifyTextPresent(VerifyTextPresentKeyword.groovy:83)
	at com.kms.katalon.core.webui.keyword.builtin.VerifyTextPresentKeyword.execute(VerifyTextPresentKeyword.groovy:68)
	at com.kms.katalon.core.keyword.internal.KeywordExecutor.executeKeywordForPlatform(KeywordExecutor.groovy:74)
	at com.kms.katalon.core.webui.keyword.WebUiBuiltInKeywords.verifyTextPresent(WebUiBuiltInKeywords.groovy:1723)
	at com.kms.katalon.core.webui.keyword.WebUiBuiltInKeywords$verifyTextPresent$8.call(Unknown Source)
	at TC-Edit Data Konsumen-Edit-003.run(TC-Edit Data Konsumen-Edit-003:30)
	at com.kms.katalon.core.main.ScriptEngine.run(ScriptEngine.java:194)
	at com.kms.katalon.core.main.ScriptEngine.runScriptAsRawText(ScriptEngine.java:119)
	at com.kms.katalon.core.main.TestCaseExecutor.runScript(TestCaseExecutor.java:448)
	at com.kms.katalon.core.main.TestCaseExecutor.doExecute(TestCaseExecutor.java:439)
	at com.kms.katalon.core.main.TestCaseExecutor.processExecutionPhase(TestCaseExecutor.java:418)
	at com.kms.katalon.core.main.TestCaseExecutor.accessMainPhase(TestCaseExecutor.java:410)
	at com.kms.katalon.core.main.TestCaseExecutor.execute(TestCaseExecutor.java:285)
	at com.kms.katalon.core.common.CommonExecutor.accessTestCaseMainPhase(CommonExecutor.java:65)
	at com.kms.katalon.core.main.TestSuiteExecutor.accessTestSuiteMainPhase(TestSuiteExecutor.java:148)
	at com.kms.katalon.core.main.TestSuiteExecutor.execute(TestSuiteExecutor.java:106)
	at com.kms.katalon.core.main.TestCaseMain.startTestSuite(TestCaseMain.java:187)
	at com.kms.katalon.core.main.TestCaseMain$startTestSuite$0.call(Unknown Source)
	at TempTestSuite1693966045627.run(TempTestSuite1693966045627.groovy:36)
Caused by: com.kms.katalon.core.exception.StepFailedException: Text 'Password Minimal 8 karakter' is not present on page 
	at com.kms.katalon.core.webui.keyword.internal.WebUIKeywordMain.stepFailed(WebUIKeywordMain.groovy:64)
	at com.kms.katalon.core.webui.keyword.builtin.VerifyTextPresentKeyword$_verifyTextPresent_closure1.doCall(VerifyTextPresentKeyword.groovy:79)
	at com.kms.katalon.core.webui.keyword.builtin.VerifyTextPresentKeyword$_verifyTextPresent_closure1.call(VerifyTextPresentKeyword.groovy)
	at com.kms.katalon.core.webui.keyword.internal.WebUIKeywordMain.runKeyword(WebUIKeywordMain.groovy:20)
	... 19 more


2023-09-06 09:08:56 - [TEST_STEP][PASSED] - callTestCase(findTestCase("M08 Edit Data Konsumen/TC-Edit Data Konsumen-show-001"), [:], STOP_ON_FAILURE): Call Test Case 'Test Cases/M08 Edit Data Konsumen/TC-Edit Data Konsumen-show-001' successfully

2023-09-06 09:08:56 - [TEST_CASE][PASSED] - Test Cases/M08 Edit Data Konsumen/TC-Edit Data Konsumen-show-001: Test Cases/M08 Edit Data Konsumen/TC-Edit Data Konsumen-show-001

2023-09-06 09:08:56 - [TEST_STEP][PASSED] - callTestCase(findTestCase("Login/TC-Login Admin-Success-001"), ["Username":"admin", "Password":"123admin123"], STOP_ON_FAILURE): Call Test Case 'Test Cases/Login/TC-Login Admin-Success-001' successfully

2023-09-06 09:08:56 - [TEST_CASE][PASSED] - Test Cases/Login/TC-Login Admin-Success-001: Test Cases/Login/TC-Login Admin-Success-001

2023-09-06 09:08:56 - [TEST_STEP][PASSED] - openBrowser("https://10.9.2.63/ecommerce/administrator/"): Browser is opened with url: 'https://10.9.2.63/ecommerce/administrator/'

2023-09-06 09:08:56 - [MESSAGE][WARNING] - A browser is already opened. Closing browser and opening a new one

2023-09-06 09:08:57 - [MESSAGE][INFO] - Starting 'Edge Chromium' driver

2023-09-06 09:08:57 - [MESSAGE][INFO] - User set preference: ['acceptInsecureCerts', 'true']

2023-09-06 09:08:59 - [MESSAGE][INFO] - Action delay is set to 0 milliseconds

2023-09-06 09:09:02 - [MESSAGE][PASSED] - Browser is opened with url: 'https://10.9.2.63/ecommerce/administrator/'

2023-09-06 09:09:02 - [TEST_STEP][PASSED] - maximizeWindow(): Current window maximized

2023-09-06 09:09:02 - [MESSAGE][PASSED] - Current window maximized

2023-09-06 09:09:02 - [TEST_STEP][PASSED] - verifyElementPresent(findTestObject("Login admin/Tittle ADMIN"), 0): Object 'Object Repository/Login admin/Tittle ADMIN' is present

2023-09-06 09:09:02 - [MESSAGE][WARNING] - Timeout '0' is invalid. Using default page load timeout: '30'

2023-09-06 09:09:03 - [MESSAGE][PASSED] - Object 'Object Repository/Login admin/Tittle ADMIN' is present

2023-09-06 09:09:03 - [TEST_STEP][PASSED] - setText(findTestObject("Login/input_Username, Email atau No. Handphone_a"), Username): Text 'admin' is set on object 'Object Repository/Login/input_Username, Email atau No. Handphone_a'

2023-09-06 09:09:04 - [MESSAGE][PASSED] - Text 'admin' is set on object 'Object Repository/Login/input_Username, Email atau No. Handphone_a'

2023-09-06 09:09:04 - [TEST_STEP][PASSED] - setText(findTestObject("Login/input_Password"), Password): Text '123admin123' is set on object 'Object Repository/Login/input_Password'

2023-09-06 09:09:05 - [MESSAGE][PASSED] - Text '123admin123' is set on object 'Object Repository/Login/input_Password'

2023-09-06 09:09:05 - [TEST_STEP][PASSED] - click(findTestObject("Login admin/buttom Remember Me")): Object: 'Object Repository/Login admin/buttom Remember Me' is clicked on

2023-09-06 09:09:06 - [MESSAGE][PASSED] - Object: 'Object Repository/Login admin/buttom Remember Me' is clicked on

2023-09-06 09:09:06 - [TEST_STEP][PASSED] - delay(10): Delayed 10 second(s)

2023-09-06 09:09:16 - [MESSAGE][PASSED] - Delayed 10 second(s)

2023-09-06 09:09:16 - [TEST_STEP][PASSED] - click(findTestObject("Login admin/buttom sign in")): Object: 'Object Repository/Login admin/buttom sign in' is clicked on

2023-09-06 09:09:20 - [MESSAGE][PASSED] - Object: 'Object Repository/Login admin/buttom sign in' is clicked on

2023-09-06 09:09:20 - [TEST_STEP][PASSED] - verifyElementPresent(findTestObject("Login admin/Tittle Dashboard"), 0): Object 'Object Repository/Login admin/Tittle Dashboard' is present

2023-09-06 09:09:21 - [MESSAGE][WARNING] - Timeout '0' is invalid. Using default page load timeout: '30'

2023-09-06 09:09:21 - [MESSAGE][PASSED] - Object 'Object Repository/Login admin/Tittle Dashboard' is present

2023-09-06 09:09:21 - [MESSAGE][PASSED] - Call Test Case 'Test Cases/Login/TC-Login Admin-Success-001' successfully

2023-09-06 09:09:21 - [TEST_STEP][PASSED] - click(findTestObject("Menu pencarian Toko admin/Menu Master Market")): Object: 'Object Repository/Menu pencarian Toko admin/Menu Master Market' is clicked on

2023-09-06 09:09:22 - [MESSAGE][PASSED] - Object: 'Object Repository/Menu pencarian Toko admin/Menu Master Market' is clicked on

2023-09-06 09:09:22 - [TEST_STEP][PASSED] - click(findTestObject("Edit Data konsumen/Menu Konsumen")): Object: 'Object Repository/Edit Data konsumen/Menu Konsumen' is clicked on

2023-09-06 09:09:23 - [MESSAGE][PASSED] - Object: 'Object Repository/Edit Data konsumen/Menu Konsumen' is clicked on

2023-09-06 09:09:23 - [TEST_STEP][PASSED] - verifyElementPresent(findTestObject("Edit Data konsumen/Tittle Daftar Semua Konsumen"), 0): Object 'Object Repository/Edit Data konsumen/Tittle Daftar Semua Konsumen' is present

2023-09-06 09:09:23 - [MESSAGE][WARNING] - Timeout '0' is invalid. Using default page load timeout: '30'

2023-09-06 09:09:24 - [MESSAGE][PASSED] - Object 'Object Repository/Edit Data konsumen/Tittle Daftar Semua Konsumen' is present

2023-09-06 09:09:24 - [MESSAGE][PASSED] - Call Test Case 'Test Cases/M08 Edit Data Konsumen/TC-Edit Data Konsumen-show-001' successfully

2023-09-06 09:09:24 - [TEST_STEP][PASSED] - click(findTestObject("Edit Data konsumen/buttom edit")): Object: 'Object Repository/Edit Data konsumen/buttom edit' is clicked on

2023-09-06 09:09:29 - [MESSAGE][PASSED] - Object: 'Object Repository/Edit Data konsumen/buttom edit' is clicked on

2023-09-06 09:09:29 - [TEST_STEP][PASSED] - verifyElementPresent(findTestObject("Edit Data konsumen/tittle Edit Data Konsumen"), 0): Object 'Object Repository/Edit Data konsumen/tittle Edit Data Konsumen' is present

2023-09-06 09:09:29 - [MESSAGE][WARNING] - Timeout '0' is invalid. Using default page load timeout: '30'

2023-09-06 09:09:29 - [MESSAGE][PASSED] - Object 'Object Repository/Edit Data konsumen/tittle Edit Data Konsumen' is present

2023-09-06 09:09:29 - [TEST_STEP][PASSED] - setText(findTestObject("Edit Data konsumen/ganti password/input_Ganti Password"), "abc"): Text 'abc' is set on object 'Object Repository/Edit Data konsumen/ganti password/input_Ganti Password'

2023-09-06 09:09:30 - [MESSAGE][PASSED] - Text 'abc' is set on object 'Object Repository/Edit Data konsumen/ganti password/input_Ganti Password'

2023-09-06 09:09:30 - [TEST_STEP][PASSED] - click(findTestObject("Edit Data konsumen/button_Update")): Object: 'Object Repository/Edit Data konsumen/button_Update' is clicked on

2023-09-06 09:09:31 - [MESSAGE][PASSED] - Object: 'Object Repository/Edit Data konsumen/button_Update' is clicked on

2023-09-06 09:09:31 - [TEST_STEP][FAILED] - verifyTextPresent("Password Minimal 8 karakter", false): Unable to verify text 'Password Minimal 8 karakter' is present  (Root cause: com.kms.katalon.core.exception.StepFailedException: Unable to verify text 'Password Minimal 8 karakter' is present 
	at com.kms.katalon.core.webui.keyword.internal.WebUIKeywordMain.stepFailed(WebUIKeywordMain.groovy:64)
	at com.kms.katalon.core.webui.keyword.internal.WebUIKeywordMain.runKeyword(WebUIKeywordMain.groovy:26)
	at com.kms.katalon.core.webui.keyword.builtin.VerifyTextPresentKeyword.verifyTextPresent(VerifyTextPresentKeyword.groovy:83)
	at com.kms.katalon.core.webui.keyword.builtin.VerifyTextPresentKeyword.execute(VerifyTextPresentKeyword.groovy:68)
	at com.kms.katalon.core.keyword.internal.KeywordExecutor.executeKeywordForPlatform(KeywordExecutor.groovy:74)
	at com.kms.katalon.core.webui.keyword.WebUiBuiltInKeywords.verifyTextPresent(WebUiBuiltInKeywords.groovy:1723)
	at com.kms.katalon.core.webui.keyword.WebUiBuiltInKeywords$verifyTextPresent$8.call(Unknown Source)
	at TC-Edit Data Konsumen-Edit-003.run(TC-Edit Data Konsumen-Edit-003:30)
	at com.kms.katalon.core.main.ScriptEngine.run(ScriptEngine.java:194)
	at com.kms.katalon.core.main.ScriptEngine.runScriptAsRawText(ScriptEngine.java:119)
	at com.kms.katalon.core.main.TestCaseExecutor.runScript(TestCaseExecutor.java:448)
	at com.kms.katalon.core.main.TestCaseExecutor.doExecute(TestCaseExecutor.java:439)
	at com.kms.katalon.core.main.TestCaseExecutor.processExecutionPhase(TestCaseExecutor.java:418)
	at com.kms.katalon.core.main.TestCaseExecutor.accessMainPhase(TestCaseExecutor.java:410)
	at com.kms.katalon.core.main.TestCaseExecutor.execute(TestCaseExecutor.java:285)
	at com.kms.katalon.core.common.CommonExecutor.accessTestCaseMainPhase(CommonExecutor.java:65)
	at com.kms.katalon.core.main.TestSuiteExecutor.accessTestSuiteMainPhase(TestSuiteExecutor.java:148)
	at com.kms.katalon.core.main.TestSuiteExecutor.execute(TestSuiteExecutor.java:106)
	at com.kms.katalon.core.main.TestCaseMain.startTestSuite(TestCaseMain.java:187)
	at com.kms.katalon.core.main.TestCaseMain$startTestSuite$0.call(Unknown Source)
	at TempTestSuite1693966045627.run(TempTestSuite1693966045627.groovy:36)
Caused by: com.kms.katalon.core.exception.StepFailedException: Text 'Password Minimal 8 karakter' is not present on page 
	at com.kms.katalon.core.webui.keyword.internal.WebUIKeywordMain.stepFailed(WebUIKeywordMain.groovy:64)
	at com.kms.katalon.core.webui.keyword.builtin.VerifyTextPresentKeyword$_verifyTextPresent_closure1.doCall(VerifyTextPresentKeyword.groovy:79)
	at com.kms.katalon.core.webui.keyword.builtin.VerifyTextPresentKeyword$_verifyTextPresent_closure1.call(VerifyTextPresentKeyword.groovy)
	at com.kms.katalon.core.webui.keyword.internal.WebUIKeywordMain.runKeyword(WebUIKeywordMain.groovy:20)
	... 19 more
)

2023-09-06 09:09:32 - [MESSAGE][FAILED] - Text 'Password Minimal 8 karakter' is not present on page  (Root cause: com.kms.katalon.core.exception.StepFailedException: Text 'Password Minimal 8 karakter' is not present on page 
	at com.kms.katalon.core.webui.keyword.internal.WebUIKeywordMain.stepFailed(WebUIKeywordMain.groovy:64)
	at com.kms.katalon.core.webui.keyword.builtin.VerifyTextPresentKeyword$_verifyTextPresent_closure1.doCall(VerifyTextPresentKeyword.groovy:79)
	at com.kms.katalon.core.webui.keyword.builtin.VerifyTextPresentKeyword$_verifyTextPresent_closure1.call(VerifyTextPresentKeyword.groovy)
	at com.kms.katalon.core.webui.keyword.internal.WebUIKeywordMain.runKeyword(WebUIKeywordMain.groovy:20)
	at com.kms.katalon.core.webui.keyword.builtin.VerifyTextPresentKeyword.verifyTextPresent(VerifyTextPresentKeyword.groovy:83)
	at com.kms.katalon.core.webui.keyword.builtin.VerifyTextPresentKeyword.execute(VerifyTextPresentKeyword.groovy:68)
	at com.kms.katalon.core.keyword.internal.KeywordExecutor.executeKeywordForPlatform(KeywordExecutor.groovy:74)
	at com.kms.katalon.core.webui.keyword.WebUiBuiltInKeywords.verifyTextPresent(WebUiBuiltInKeywords.groovy:1723)
	at com.kms.katalon.core.webui.keyword.WebUiBuiltInKeywords$verifyTextPresent$8.call(Unknown Source)
	at TC-Edit Data Konsumen-Edit-003.run(TC-Edit Data Konsumen-Edit-003:30)
	at com.kms.katalon.core.main.ScriptEngine.run(ScriptEngine.java:194)
	at com.kms.katalon.core.main.ScriptEngine.runScriptAsRawText(ScriptEngine.java:119)
	at com.kms.katalon.core.main.TestCaseExecutor.runScript(TestCaseExecutor.java:448)
	at com.kms.katalon.core.main.TestCaseExecutor.doExecute(TestCaseExecutor.java:439)
	at com.kms.katalon.core.main.TestCaseExecutor.processExecutionPhase(TestCaseExecutor.java:418)
	at com.kms.katalon.core.main.TestCaseExecutor.accessMainPhase(TestCaseExecutor.java:410)
	at com.kms.katalon.core.main.TestCaseExecutor.execute(TestCaseExecutor.java:285)
	at com.kms.katalon.core.common.CommonExecutor.accessTestCaseMainPhase(CommonExecutor.java:65)
	at com.kms.katalon.core.main.TestSuiteExecutor.accessTestSuiteMainPhase(TestSuiteExecutor.java:148)
	at com.kms.katalon.core.main.TestSuiteExecutor.execute(TestSuiteExecutor.java:106)
	at com.kms.katalon.core.main.TestCaseMain.startTestSuite(TestCaseMain.java:187)
	at com.kms.katalon.core.main.TestCaseMain$startTestSuite$0.call(Unknown Source)
	at TempTestSuite1693966045627.run(TempTestSuite1693966045627.groovy:36)
)

2023-09-06 09:09:32 - [MESSAGE][FAILED] - Unable to verify text 'Password Minimal 8 karakter' is present  (Root cause: com.kms.katalon.core.exception.StepFailedException: Unable to verify text 'Password Minimal 8 karakter' is present 
	at com.kms.katalon.core.webui.keyword.internal.WebUIKeywordMain.stepFailed(WebUIKeywordMain.groovy:64)
	at com.kms.katalon.core.webui.keyword.internal.WebUIKeywordMain.runKeyword(WebUIKeywordMain.groovy:26)
	at com.kms.katalon.core.webui.keyword.builtin.VerifyTextPresentKeyword.verifyTextPresent(VerifyTextPresentKeyword.groovy:83)
	at com.kms.katalon.core.webui.keyword.builtin.VerifyTextPresentKeyword.execute(VerifyTextPresentKeyword.groovy:68)
	at com.kms.katalon.core.keyword.internal.KeywordExecutor.executeKeywordForPlatform(KeywordExecutor.groovy:74)
	at com.kms.katalon.core.webui.keyword.WebUiBuiltInKeywords.verifyTextPresent(WebUiBuiltInKeywords.groovy:1723)
	at com.kms.katalon.core.webui.keyword.WebUiBuiltInKeywords$verifyTextPresent$8.call(Unknown Source)
	at TC-Edit Data Konsumen-Edit-003.run(TC-Edit Data Konsumen-Edit-003:30)
	at com.kms.katalon.core.main.ScriptEngine.run(ScriptEngine.java:194)
	at com.kms.katalon.core.main.ScriptEngine.runScriptAsRawText(ScriptEngine.java:119)
	at com.kms.katalon.core.main.TestCaseExecutor.runScript(TestCaseExecutor.java:448)
	at com.kms.katalon.core.main.TestCaseExecutor.doExecute(TestCaseExecutor.java:439)
	at com.kms.katalon.core.main.TestCaseExecutor.processExecutionPhase(TestCaseExecutor.java:418)
	at com.kms.katalon.core.main.TestCaseExecutor.accessMainPhase(TestCaseExecutor.java:410)
	at com.kms.katalon.core.main.TestCaseExecutor.execute(TestCaseExecutor.java:285)
	at com.kms.katalon.core.common.CommonExecutor.accessTestCaseMainPhase(CommonExecutor.java:65)
	at com.kms.katalon.core.main.TestSuiteExecutor.accessTestSuiteMainPhase(TestSuiteExecutor.java:148)
	at com.kms.katalon.core.main.TestSuiteExecutor.execute(TestSuiteExecutor.java:106)
	at com.kms.katalon.core.main.TestCaseMain.startTestSuite(TestCaseMain.java:187)
	at com.kms.katalon.core.main.TestCaseMain$startTestSuite$0.call(Unknown Source)
	at TempTestSuite1693966045627.run(TempTestSuite1693966045627.groovy:36)
Caused by: com.kms.katalon.core.exception.StepFailedException: Text 'Password Minimal 8 karakter' is not present on page 
	at com.kms.katalon.core.webui.keyword.internal.WebUIKeywordMain.stepFailed(WebUIKeywordMain.groovy:64)
	at com.kms.katalon.core.webui.keyword.builtin.VerifyTextPresentKeyword$_verifyTextPresent_closure1.doCall(VerifyTextPresentKeyword.groovy:79)
	at com.kms.katalon.core.webui.keyword.builtin.VerifyTextPresentKeyword$_verifyTextPresent_closure1.call(VerifyTextPresentKeyword.groovy)
	at com.kms.katalon.core.webui.keyword.internal.WebUIKeywordMain.runKeyword(WebUIKeywordMain.groovy:20)
	... 19 more
)
[[ATTACHMENT|D:\\Project XSIS\\batch-324-qa\\irfan\\Projek Eval 2 Tajalapak dan administrator\\Reports\\20230906_090725\\Edit Data Konsumen\\Edit Data Konsumen\\20230906_090725\\1693966172281.png]]]]></system-out>
         <system-err><![CDATA[2023-09-06 09:08:55 - [TEST_CASE][FAILED] - Test Cases/M08 Edit Data Konsumen/TC-Edit Data Konsumen-Edit-003: Test Cases/M08 Edit Data Konsumen/TC-Edit Data Konsumen-Edit-003 FAILED.
Reason:
com.kms.katalon.core.exception.StepFailedException: Unable to verify text 'Password Minimal 8 karakter' is present 
	at com.kms.katalon.core.webui.keyword.internal.WebUIKeywordMain.stepFailed(WebUIKeywordMain.groovy:64)
	at com.kms.katalon.core.webui.keyword.internal.WebUIKeywordMain.runKeyword(WebUIKeywordMain.groovy:26)
	at com.kms.katalon.core.webui.keyword.builtin.VerifyTextPresentKeyword.verifyTextPresent(VerifyTextPresentKeyword.groovy:83)
	at com.kms.katalon.core.webui.keyword.builtin.VerifyTextPresentKeyword.execute(VerifyTextPresentKeyword.groovy:68)
	at com.kms.katalon.core.keyword.internal.KeywordExecutor.executeKeywordForPlatform(KeywordExecutor.groovy:74)
	at com.kms.katalon.core.webui.keyword.WebUiBuiltInKeywords.verifyTextPresent(WebUiBuiltInKeywords.groovy:1723)
	at com.kms.katalon.core.webui.keyword.WebUiBuiltInKeywords$verifyTextPresent$8.call(Unknown Source)
	at TC-Edit Data Konsumen-Edit-003.run(TC-Edit Data Konsumen-Edit-003:30)
	at com.kms.katalon.core.main.ScriptEngine.run(ScriptEngine.java:194)
	at com.kms.katalon.core.main.ScriptEngine.runScriptAsRawText(ScriptEngine.java:119)
	at com.kms.katalon.core.main.TestCaseExecutor.runScript(TestCaseExecutor.java:448)
	at com.kms.katalon.core.main.TestCaseExecutor.doExecute(TestCaseExecutor.java:439)
	at com.kms.katalon.core.main.TestCaseExecutor.processExecutionPhase(TestCaseExecutor.java:418)
	at com.kms.katalon.core.main.TestCaseExecutor.accessMainPhase(TestCaseExecutor.java:410)
	at com.kms.katalon.core.main.TestCaseExecutor.execute(TestCaseExecutor.java:285)
	at com.kms.katalon.core.common.CommonExecutor.accessTestCaseMainPhase(CommonExecutor.java:65)
	at com.kms.katalon.core.main.TestSuiteExecutor.accessTestSuiteMainPhase(TestSuiteExecutor.java:148)
	at com.kms.katalon.core.main.TestSuiteExecutor.execute(TestSuiteExecutor.java:106)
	at com.kms.katalon.core.main.TestCaseMain.startTestSuite(TestCaseMain.java:187)
	at com.kms.katalon.core.main.TestCaseMain$startTestSuite$0.call(Unknown Source)
	at TempTestSuite1693966045627.run(TempTestSuite1693966045627.groovy:36)
Caused by: com.kms.katalon.core.exception.StepFailedException: Text 'Password Minimal 8 karakter' is not present on page 
	at com.kms.katalon.core.webui.keyword.internal.WebUIKeywordMain.stepFailed(WebUIKeywordMain.groovy:64)
	at com.kms.katalon.core.webui.keyword.builtin.VerifyTextPresentKeyword$_verifyTextPresent_closure1.doCall(VerifyTextPresentKeyword.groovy:79)
	at com.kms.katalon.core.webui.keyword.builtin.VerifyTextPresentKeyword$_verifyTextPresent_closure1.call(VerifyTextPresentKeyword.groovy)
	at com.kms.katalon.core.webui.keyword.internal.WebUIKeywordMain.runKeyword(WebUIKeywordMain.groovy:20)
	... 19 more]]></system-err>
      </testcase>
      <testcase name="Test Cases/M08 Edit Data Konsumen/TC-Edit Data Konsumen-Edit-004" time="39.061" classname="Test Cases/M08 Edit Data Konsumen/TC-Edit Data Konsumen-Edit-004" status="FAILED">
         <failure type="FAILED" message="Test Cases/M08 Edit Data Konsumen/TC-Edit Data Konsumen-Edit-004 FAILED.
Reason:
com.kms.katalon.core.exception.StepFailedException: Unable to verify text 'Tanggal Lahir tidak Valid' is present 
	at com.kms.katalon.core.webui.keyword.internal.WebUIKeywordMain.stepFailed(WebUIKeywordMain.groovy:64)
	at com.kms.katalon.core.webui.keyword.internal.WebUIKeywordMain.runKeyword(WebUIKeywordMain.groovy:26)
	at com.kms.katalon.core.webui.keyword.builtin.VerifyTextPresentKeyword.verifyTextPresent(VerifyTextPresentKeyword.groovy:83)
	at com.kms.katalon.core.webui.keyword.builtin.VerifyTextPresentKeyword.execute(VerifyTextPresentKeyword.groovy:68)
	at com.kms.katalon.core.keyword.internal.KeywordExecutor.executeKeywordForPlatform(KeywordExecutor.groovy:74)
	at com.kms.katalon.core.webui.keyword.WebUiBuiltInKeywords.verifyTextPresent(WebUiBuiltInKeywords.groovy:1723)
	at com.kms.katalon.core.webui.keyword.WebUiBuiltInKeywords$verifyTextPresent$8.call(Unknown Source)
	at TC-Edit Data Konsumen-Edit-004.run(TC-Edit Data Konsumen-Edit-004:30)
	at com.kms.katalon.core.main.ScriptEngine.run(ScriptEngine.java:194)
	at com.kms.katalon.core.main.ScriptEngine.runScriptAsRawText(ScriptEngine.java:119)
	at com.kms.katalon.core.main.TestCaseExecutor.runScript(TestCaseExecutor.java:448)
	at com.kms.katalon.core.main.TestCaseExecutor.doExecute(TestCaseExecutor.java:439)
	at com.kms.katalon.core.main.TestCaseExecutor.processExecutionPhase(TestCaseExecutor.java:418)
	at com.kms.katalon.core.main.TestCaseExecutor.accessMainPhase(TestCaseExecutor.java:410)
	at com.kms.katalon.core.main.TestCaseExecutor.execute(TestCaseExecutor.java:285)
	at com.kms.katalon.core.common.CommonExecutor.accessTestCaseMainPhase(CommonExecutor.java:65)
	at com.kms.katalon.core.main.TestSuiteExecutor.accessTestSuiteMainPhase(TestSuiteExecutor.java:148)
	at com.kms.katalon.core.main.TestSuiteExecutor.execute(TestSuiteExecutor.java:106)
	at com.kms.katalon.core.main.TestCaseMain.startTestSuite(TestCaseMain.java:187)
	at com.kms.katalon.core.main.TestCaseMain$startTestSuite$0.call(Unknown Source)
	at TempTestSuite1693966045627.run(TempTestSuite1693966045627.groovy:36)
Caused by: com.kms.katalon.core.exception.StepFailedException: Text 'Tanggal Lahir tidak Valid' is not present on page 
	at com.kms.katalon.core.webui.keyword.internal.WebUIKeywordMain.stepFailed(WebUIKeywordMain.groovy:64)
	at com.kms.katalon.core.webui.keyword.builtin.VerifyTextPresentKeyword$_verifyTextPresent_closure1.doCall(VerifyTextPresentKeyword.groovy:79)
	at com.kms.katalon.core.webui.keyword.builtin.VerifyTextPresentKeyword$_verifyTextPresent_closure1.call(VerifyTextPresentKeyword.groovy)
	at com.kms.katalon.core.webui.keyword.internal.WebUIKeywordMain.runKeyword(WebUIKeywordMain.groovy:20)
	... 19 more
"/>
         <system-out><![CDATA[2023-09-06 09:09:32 - [TEST_CASE][FAILED] - Test Cases/M08 Edit Data Konsumen/TC-Edit Data Konsumen-Edit-004: Test Cases/M08 Edit Data Konsumen/TC-Edit Data Konsumen-Edit-004 FAILED.
Reason:
com.kms.katalon.core.exception.StepFailedException: Unable to verify text 'Tanggal Lahir tidak Valid' is present 
	at com.kms.katalon.core.webui.keyword.internal.WebUIKeywordMain.stepFailed(WebUIKeywordMain.groovy:64)
	at com.kms.katalon.core.webui.keyword.internal.WebUIKeywordMain.runKeyword(WebUIKeywordMain.groovy:26)
	at com.kms.katalon.core.webui.keyword.builtin.VerifyTextPresentKeyword.verifyTextPresent(VerifyTextPresentKeyword.groovy:83)
	at com.kms.katalon.core.webui.keyword.builtin.VerifyTextPresentKeyword.execute(VerifyTextPresentKeyword.groovy:68)
	at com.kms.katalon.core.keyword.internal.KeywordExecutor.executeKeywordForPlatform(KeywordExecutor.groovy:74)
	at com.kms.katalon.core.webui.keyword.WebUiBuiltInKeywords.verifyTextPresent(WebUiBuiltInKeywords.groovy:1723)
	at com.kms.katalon.core.webui.keyword.WebUiBuiltInKeywords$verifyTextPresent$8.call(Unknown Source)
	at TC-Edit Data Konsumen-Edit-004.run(TC-Edit Data Konsumen-Edit-004:30)
	at com.kms.katalon.core.main.ScriptEngine.run(ScriptEngine.java:194)
	at com.kms.katalon.core.main.ScriptEngine.runScriptAsRawText(ScriptEngine.java:119)
	at com.kms.katalon.core.main.TestCaseExecutor.runScript(TestCaseExecutor.java:448)
	at com.kms.katalon.core.main.TestCaseExecutor.doExecute(TestCaseExecutor.java:439)
	at com.kms.katalon.core.main.TestCaseExecutor.processExecutionPhase(TestCaseExecutor.java:418)
	at com.kms.katalon.core.main.TestCaseExecutor.accessMainPhase(TestCaseExecutor.java:410)
	at com.kms.katalon.core.main.TestCaseExecutor.execute(TestCaseExecutor.java:285)
	at com.kms.katalon.core.common.CommonExecutor.accessTestCaseMainPhase(CommonExecutor.java:65)
	at com.kms.katalon.core.main.TestSuiteExecutor.accessTestSuiteMainPhase(TestSuiteExecutor.java:148)
	at com.kms.katalon.core.main.TestSuiteExecutor.execute(TestSuiteExecutor.java:106)
	at com.kms.katalon.core.main.TestCaseMain.startTestSuite(TestCaseMain.java:187)
	at com.kms.katalon.core.main.TestCaseMain$startTestSuite$0.call(Unknown Source)
	at TempTestSuite1693966045627.run(TempTestSuite1693966045627.groovy:36)
Caused by: com.kms.katalon.core.exception.StepFailedException: Text 'Tanggal Lahir tidak Valid' is not present on page 
	at com.kms.katalon.core.webui.keyword.internal.WebUIKeywordMain.stepFailed(WebUIKeywordMain.groovy:64)
	at com.kms.katalon.core.webui.keyword.builtin.VerifyTextPresentKeyword$_verifyTextPresent_closure1.doCall(VerifyTextPresentKeyword.groovy:79)
	at com.kms.katalon.core.webui.keyword.builtin.VerifyTextPresentKeyword$_verifyTextPresent_closure1.call(VerifyTextPresentKeyword.groovy)
	at com.kms.katalon.core.webui.keyword.internal.WebUIKeywordMain.runKeyword(WebUIKeywordMain.groovy:20)
	... 19 more


2023-09-06 09:09:33 - [TEST_STEP][PASSED] - callTestCase(findTestCase("M08 Edit Data Konsumen/TC-Edit Data Konsumen-show-001"), [:], STOP_ON_FAILURE): Call Test Case 'Test Cases/M08 Edit Data Konsumen/TC-Edit Data Konsumen-show-001' successfully

2023-09-06 09:09:33 - [TEST_CASE][PASSED] - Test Cases/M08 Edit Data Konsumen/TC-Edit Data Konsumen-show-001: Test Cases/M08 Edit Data Konsumen/TC-Edit Data Konsumen-show-001

2023-09-06 09:09:33 - [TEST_STEP][PASSED] - callTestCase(findTestCase("Login/TC-Login Admin-Success-001"), ["Username":"admin", "Password":"123admin123"], STOP_ON_FAILURE): Call Test Case 'Test Cases/Login/TC-Login Admin-Success-001' successfully

2023-09-06 09:09:33 - [TEST_CASE][PASSED] - Test Cases/Login/TC-Login Admin-Success-001: Test Cases/Login/TC-Login Admin-Success-001

2023-09-06 09:09:33 - [TEST_STEP][PASSED] - openBrowser("https://10.9.2.63/ecommerce/administrator/"): Browser is opened with url: 'https://10.9.2.63/ecommerce/administrator/'

2023-09-06 09:09:33 - [MESSAGE][WARNING] - A browser is already opened. Closing browser and opening a new one

2023-09-06 09:09:34 - [MESSAGE][INFO] - Starting 'Edge Chromium' driver

2023-09-06 09:09:34 - [MESSAGE][INFO] - User set preference: ['acceptInsecureCerts', 'true']

2023-09-06 09:09:36 - [MESSAGE][INFO] - Action delay is set to 0 milliseconds

2023-09-06 09:09:39 - [MESSAGE][PASSED] - Browser is opened with url: 'https://10.9.2.63/ecommerce/administrator/'

2023-09-06 09:09:39 - [TEST_STEP][PASSED] - maximizeWindow(): Current window maximized

2023-09-06 09:09:39 - [MESSAGE][PASSED] - Current window maximized

2023-09-06 09:09:39 - [TEST_STEP][PASSED] - verifyElementPresent(findTestObject("Login admin/Tittle ADMIN"), 0): Object 'Object Repository/Login admin/Tittle ADMIN' is present

2023-09-06 09:09:40 - [MESSAGE][WARNING] - Timeout '0' is invalid. Using default page load timeout: '30'

2023-09-06 09:09:40 - [MESSAGE][PASSED] - Object 'Object Repository/Login admin/Tittle ADMIN' is present

2023-09-06 09:09:40 - [TEST_STEP][PASSED] - setText(findTestObject("Login/input_Username, Email atau No. Handphone_a"), Username): Text 'admin' is set on object 'Object Repository/Login/input_Username, Email atau No. Handphone_a'

2023-09-06 09:09:41 - [MESSAGE][PASSED] - Text 'admin' is set on object 'Object Repository/Login/input_Username, Email atau No. Handphone_a'

2023-09-06 09:09:41 - [TEST_STEP][PASSED] - setText(findTestObject("Login/input_Password"), Password): Text '123admin123' is set on object 'Object Repository/Login/input_Password'

2023-09-06 09:09:42 - [MESSAGE][PASSED] - Text '123admin123' is set on object 'Object Repository/Login/input_Password'

2023-09-06 09:09:42 - [TEST_STEP][PASSED] - click(findTestObject("Login admin/buttom Remember Me")): Object: 'Object Repository/Login admin/buttom Remember Me' is clicked on

2023-09-06 09:09:43 - [MESSAGE][PASSED] - Object: 'Object Repository/Login admin/buttom Remember Me' is clicked on

2023-09-06 09:09:43 - [TEST_STEP][PASSED] - delay(10): Delayed 10 second(s)

2023-09-06 09:09:53 - [MESSAGE][PASSED] - Delayed 10 second(s)

2023-09-06 09:09:53 - [TEST_STEP][PASSED] - click(findTestObject("Login admin/buttom sign in")): Object: 'Object Repository/Login admin/buttom sign in' is clicked on

2023-09-06 09:09:54 - [MESSAGE][PASSED] - Object: 'Object Repository/Login admin/buttom sign in' is clicked on

2023-09-06 09:09:54 - [TEST_STEP][PASSED] - verifyElementPresent(findTestObject("Login admin/Tittle Dashboard"), 0): Object 'Object Repository/Login admin/Tittle Dashboard' is present

2023-09-06 09:09:54 - [MESSAGE][WARNING] - Timeout '0' is invalid. Using default page load timeout: '30'

2023-09-06 09:09:57 - [MESSAGE][PASSED] - Object 'Object Repository/Login admin/Tittle Dashboard' is present

2023-09-06 09:09:57 - [MESSAGE][PASSED] - Call Test Case 'Test Cases/Login/TC-Login Admin-Success-001' successfully

2023-09-06 09:09:57 - [TEST_STEP][PASSED] - click(findTestObject("Menu pencarian Toko admin/Menu Master Market")): Object: 'Object Repository/Menu pencarian Toko admin/Menu Master Market' is clicked on

2023-09-06 09:09:58 - [MESSAGE][PASSED] - Object: 'Object Repository/Menu pencarian Toko admin/Menu Master Market' is clicked on

2023-09-06 09:09:58 - [TEST_STEP][PASSED] - click(findTestObject("Edit Data konsumen/Menu Konsumen")): Object: 'Object Repository/Edit Data konsumen/Menu Konsumen' is clicked on

2023-09-06 09:10:00 - [MESSAGE][PASSED] - Object: 'Object Repository/Edit Data konsumen/Menu Konsumen' is clicked on

2023-09-06 09:10:00 - [TEST_STEP][PASSED] - verifyElementPresent(findTestObject("Edit Data konsumen/Tittle Daftar Semua Konsumen"), 0): Object 'Object Repository/Edit Data konsumen/Tittle Daftar Semua Konsumen' is present

2023-09-06 09:10:01 - [MESSAGE][WARNING] - Timeout '0' is invalid. Using default page load timeout: '30'

2023-09-06 09:10:01 - [MESSAGE][PASSED] - Object 'Object Repository/Edit Data konsumen/Tittle Daftar Semua Konsumen' is present

2023-09-06 09:10:01 - [MESSAGE][PASSED] - Call Test Case 'Test Cases/M08 Edit Data Konsumen/TC-Edit Data Konsumen-show-001' successfully

2023-09-06 09:10:01 - [TEST_STEP][PASSED] - click(findTestObject("Edit Data konsumen/buttom edit")): Object: 'Object Repository/Edit Data konsumen/buttom edit' is clicked on

2023-09-06 09:10:07 - [MESSAGE][PASSED] - Object: 'Object Repository/Edit Data konsumen/buttom edit' is clicked on

2023-09-06 09:10:07 - [TEST_STEP][PASSED] - verifyElementPresent(findTestObject("Edit Data konsumen/tittle Edit Data Konsumen"), 0): Object 'Object Repository/Edit Data konsumen/tittle Edit Data Konsumen' is present

2023-09-06 09:10:07 - [MESSAGE][WARNING] - Timeout '0' is invalid. Using default page load timeout: '30'

2023-09-06 09:10:07 - [MESSAGE][PASSED] - Object 'Object Repository/Edit Data konsumen/tittle Edit Data Konsumen' is present

2023-09-06 09:10:07 - [TEST_STEP][PASSED] - setText(findTestObject("Edit Data konsumen/input tanggal lahir/input_Tanggal Lahir"), "2023-09-01"): Text '2023-09-01' is set on object 'Object Repository/Edit Data konsumen/input tanggal lahir/input_Tanggal Lahir'

2023-09-06 09:10:08 - [MESSAGE][PASSED] - Text '2023-09-01' is set on object 'Object Repository/Edit Data konsumen/input tanggal lahir/input_Tanggal Lahir'

2023-09-06 09:10:08 - [TEST_STEP][PASSED] - click(findTestObject("Edit Data konsumen/button_Update")): Object: 'Object Repository/Edit Data konsumen/button_Update' is clicked on

2023-09-06 09:10:10 - [MESSAGE][PASSED] - Object: 'Object Repository/Edit Data konsumen/button_Update' is clicked on

2023-09-06 09:10:10 - [TEST_STEP][FAILED] - verifyTextPresent("Tanggal Lahir tidak Valid", false): Unable to verify text 'Tanggal Lahir tidak Valid' is present  (Root cause: com.kms.katalon.core.exception.StepFailedException: Unable to verify text 'Tanggal Lahir tidak Valid' is present 
	at com.kms.katalon.core.webui.keyword.internal.WebUIKeywordMain.stepFailed(WebUIKeywordMain.groovy:64)
	at com.kms.katalon.core.webui.keyword.internal.WebUIKeywordMain.runKeyword(WebUIKeywordMain.groovy:26)
	at com.kms.katalon.core.webui.keyword.builtin.VerifyTextPresentKeyword.verifyTextPresent(VerifyTextPresentKeyword.groovy:83)
	at com.kms.katalon.core.webui.keyword.builtin.VerifyTextPresentKeyword.execute(VerifyTextPresentKeyword.groovy:68)
	at com.kms.katalon.core.keyword.internal.KeywordExecutor.executeKeywordForPlatform(KeywordExecutor.groovy:74)
	at com.kms.katalon.core.webui.keyword.WebUiBuiltInKeywords.verifyTextPresent(WebUiBuiltInKeywords.groovy:1723)
	at com.kms.katalon.core.webui.keyword.WebUiBuiltInKeywords$verifyTextPresent$8.call(Unknown Source)
	at TC-Edit Data Konsumen-Edit-004.run(TC-Edit Data Konsumen-Edit-004:30)
	at com.kms.katalon.core.main.ScriptEngine.run(ScriptEngine.java:194)
	at com.kms.katalon.core.main.ScriptEngine.runScriptAsRawText(ScriptEngine.java:119)
	at com.kms.katalon.core.main.TestCaseExecutor.runScript(TestCaseExecutor.java:448)
	at com.kms.katalon.core.main.TestCaseExecutor.doExecute(TestCaseExecutor.java:439)
	at com.kms.katalon.core.main.TestCaseExecutor.processExecutionPhase(TestCaseExecutor.java:418)
	at com.kms.katalon.core.main.TestCaseExecutor.accessMainPhase(TestCaseExecutor.java:410)
	at com.kms.katalon.core.main.TestCaseExecutor.execute(TestCaseExecutor.java:285)
	at com.kms.katalon.core.common.CommonExecutor.accessTestCaseMainPhase(CommonExecutor.java:65)
	at com.kms.katalon.core.main.TestSuiteExecutor.accessTestSuiteMainPhase(TestSuiteExecutor.java:148)
	at com.kms.katalon.core.main.TestSuiteExecutor.execute(TestSuiteExecutor.java:106)
	at com.kms.katalon.core.main.TestCaseMain.startTestSuite(TestCaseMain.java:187)
	at com.kms.katalon.core.main.TestCaseMain$startTestSuite$0.call(Unknown Source)
	at TempTestSuite1693966045627.run(TempTestSuite1693966045627.groovy:36)
Caused by: com.kms.katalon.core.exception.StepFailedException: Text 'Tanggal Lahir tidak Valid' is not present on page 
	at com.kms.katalon.core.webui.keyword.internal.WebUIKeywordMain.stepFailed(WebUIKeywordMain.groovy:64)
	at com.kms.katalon.core.webui.keyword.builtin.VerifyTextPresentKeyword$_verifyTextPresent_closure1.doCall(VerifyTextPresentKeyword.groovy:79)
	at com.kms.katalon.core.webui.keyword.builtin.VerifyTextPresentKeyword$_verifyTextPresent_closure1.call(VerifyTextPresentKeyword.groovy)
	at com.kms.katalon.core.webui.keyword.internal.WebUIKeywordMain.runKeyword(WebUIKeywordMain.groovy:20)
	... 19 more
)

2023-09-06 09:10:11 - [MESSAGE][FAILED] - Text 'Tanggal Lahir tidak Valid' is not present on page  (Root cause: com.kms.katalon.core.exception.StepFailedException: Text 'Tanggal Lahir tidak Valid' is not present on page 
	at com.kms.katalon.core.webui.keyword.internal.WebUIKeywordMain.stepFailed(WebUIKeywordMain.groovy:64)
	at com.kms.katalon.core.webui.keyword.builtin.VerifyTextPresentKeyword$_verifyTextPresent_closure1.doCall(VerifyTextPresentKeyword.groovy:79)
	at com.kms.katalon.core.webui.keyword.builtin.VerifyTextPresentKeyword$_verifyTextPresent_closure1.call(VerifyTextPresentKeyword.groovy)
	at com.kms.katalon.core.webui.keyword.internal.WebUIKeywordMain.runKeyword(WebUIKeywordMain.groovy:20)
	at com.kms.katalon.core.webui.keyword.builtin.VerifyTextPresentKeyword.verifyTextPresent(VerifyTextPresentKeyword.groovy:83)
	at com.kms.katalon.core.webui.keyword.builtin.VerifyTextPresentKeyword.execute(VerifyTextPresentKeyword.groovy:68)
	at com.kms.katalon.core.keyword.internal.KeywordExecutor.executeKeywordForPlatform(KeywordExecutor.groovy:74)
	at com.kms.katalon.core.webui.keyword.WebUiBuiltInKeywords.verifyTextPresent(WebUiBuiltInKeywords.groovy:1723)
	at com.kms.katalon.core.webui.keyword.WebUiBuiltInKeywords$verifyTextPresent$8.call(Unknown Source)
	at TC-Edit Data Konsumen-Edit-004.run(TC-Edit Data Konsumen-Edit-004:30)
	at com.kms.katalon.core.main.ScriptEngine.run(ScriptEngine.java:194)
	at com.kms.katalon.core.main.ScriptEngine.runScriptAsRawText(ScriptEngine.java:119)
	at com.kms.katalon.core.main.TestCaseExecutor.runScript(TestCaseExecutor.java:448)
	at com.kms.katalon.core.main.TestCaseExecutor.doExecute(TestCaseExecutor.java:439)
	at com.kms.katalon.core.main.TestCaseExecutor.processExecutionPhase(TestCaseExecutor.java:418)
	at com.kms.katalon.core.main.TestCaseExecutor.accessMainPhase(TestCaseExecutor.java:410)
	at com.kms.katalon.core.main.TestCaseExecutor.execute(TestCaseExecutor.java:285)
	at com.kms.katalon.core.common.CommonExecutor.accessTestCaseMainPhase(CommonExecutor.java:65)
	at com.kms.katalon.core.main.TestSuiteExecutor.accessTestSuiteMainPhase(TestSuiteExecutor.java:148)
	at com.kms.katalon.core.main.TestSuiteExecutor.execute(TestSuiteExecutor.java:106)
	at com.kms.katalon.core.main.TestCaseMain.startTestSuite(TestCaseMain.java:187)
	at com.kms.katalon.core.main.TestCaseMain$startTestSuite$0.call(Unknown Source)
	at TempTestSuite1693966045627.run(TempTestSuite1693966045627.groovy:36)
)

2023-09-06 09:10:11 - [MESSAGE][FAILED] - Unable to verify text 'Tanggal Lahir tidak Valid' is present  (Root cause: com.kms.katalon.core.exception.StepFailedException: Unable to verify text 'Tanggal Lahir tidak Valid' is present 
	at com.kms.katalon.core.webui.keyword.internal.WebUIKeywordMain.stepFailed(WebUIKeywordMain.groovy:64)
	at com.kms.katalon.core.webui.keyword.internal.WebUIKeywordMain.runKeyword(WebUIKeywordMain.groovy:26)
	at com.kms.katalon.core.webui.keyword.builtin.VerifyTextPresentKeyword.verifyTextPresent(VerifyTextPresentKeyword.groovy:83)
	at com.kms.katalon.core.webui.keyword.builtin.VerifyTextPresentKeyword.execute(VerifyTextPresentKeyword.groovy:68)
	at com.kms.katalon.core.keyword.internal.KeywordExecutor.executeKeywordForPlatform(KeywordExecutor.groovy:74)
	at com.kms.katalon.core.webui.keyword.WebUiBuiltInKeywords.verifyTextPresent(WebUiBuiltInKeywords.groovy:1723)
	at com.kms.katalon.core.webui.keyword.WebUiBuiltInKeywords$verifyTextPresent$8.call(Unknown Source)
	at TC-Edit Data Konsumen-Edit-004.run(TC-Edit Data Konsumen-Edit-004:30)
	at com.kms.katalon.core.main.ScriptEngine.run(ScriptEngine.java:194)
	at com.kms.katalon.core.main.ScriptEngine.runScriptAsRawText(ScriptEngine.java:119)
	at com.kms.katalon.core.main.TestCaseExecutor.runScript(TestCaseExecutor.java:448)
	at com.kms.katalon.core.main.TestCaseExecutor.doExecute(TestCaseExecutor.java:439)
	at com.kms.katalon.core.main.TestCaseExecutor.processExecutionPhase(TestCaseExecutor.java:418)
	at com.kms.katalon.core.main.TestCaseExecutor.accessMainPhase(TestCaseExecutor.java:410)
	at com.kms.katalon.core.main.TestCaseExecutor.execute(TestCaseExecutor.java:285)
	at com.kms.katalon.core.common.CommonExecutor.accessTestCaseMainPhase(CommonExecutor.java:65)
	at com.kms.katalon.core.main.TestSuiteExecutor.accessTestSuiteMainPhase(TestSuiteExecutor.java:148)
	at com.kms.katalon.core.main.TestSuiteExecutor.execute(TestSuiteExecutor.java:106)
	at com.kms.katalon.core.main.TestCaseMain.startTestSuite(TestCaseMain.java:187)
	at com.kms.katalon.core.main.TestCaseMain$startTestSuite$0.call(Unknown Source)
	at TempTestSuite1693966045627.run(TempTestSuite1693966045627.groovy:36)
Caused by: com.kms.katalon.core.exception.StepFailedException: Text 'Tanggal Lahir tidak Valid' is not present on page 
	at com.kms.katalon.core.webui.keyword.internal.WebUIKeywordMain.stepFailed(WebUIKeywordMain.groovy:64)
	at com.kms.katalon.core.webui.keyword.builtin.VerifyTextPresentKeyword$_verifyTextPresent_closure1.doCall(VerifyTextPresentKeyword.groovy:79)
	at com.kms.katalon.core.webui.keyword.builtin.VerifyTextPresentKeyword$_verifyTextPresent_closure1.call(VerifyTextPresentKeyword.groovy)
	at com.kms.katalon.core.webui.keyword.internal.WebUIKeywordMain.runKeyword(WebUIKeywordMain.groovy:20)
	... 19 more
)
[[ATTACHMENT|D:\\Project XSIS\\batch-324-qa\\irfan\\Projek Eval 2 Tajalapak dan administrator\\Reports\\20230906_090725\\Edit Data Konsumen\\Edit Data Konsumen\\20230906_090725\\1693966211471.png]]]]></system-out>
         <system-err><![CDATA[2023-09-06 09:09:32 - [TEST_CASE][FAILED] - Test Cases/M08 Edit Data Konsumen/TC-Edit Data Konsumen-Edit-004: Test Cases/M08 Edit Data Konsumen/TC-Edit Data Konsumen-Edit-004 FAILED.
Reason:
com.kms.katalon.core.exception.StepFailedException: Unable to verify text 'Tanggal Lahir tidak Valid' is present 
	at com.kms.katalon.core.webui.keyword.internal.WebUIKeywordMain.stepFailed(WebUIKeywordMain.groovy:64)
	at com.kms.katalon.core.webui.keyword.internal.WebUIKeywordMain.runKeyword(WebUIKeywordMain.groovy:26)
	at com.kms.katalon.core.webui.keyword.builtin.VerifyTextPresentKeyword.verifyTextPresent(VerifyTextPresentKeyword.groovy:83)
	at com.kms.katalon.core.webui.keyword.builtin.VerifyTextPresentKeyword.execute(VerifyTextPresentKeyword.groovy:68)
	at com.kms.katalon.core.keyword.internal.KeywordExecutor.executeKeywordForPlatform(KeywordExecutor.groovy:74)
	at com.kms.katalon.core.webui.keyword.WebUiBuiltInKeywords.verifyTextPresent(WebUiBuiltInKeywords.groovy:1723)
	at com.kms.katalon.core.webui.keyword.WebUiBuiltInKeywords$verifyTextPresent$8.call(Unknown Source)
	at TC-Edit Data Konsumen-Edit-004.run(TC-Edit Data Konsumen-Edit-004:30)
	at com.kms.katalon.core.main.ScriptEngine.run(ScriptEngine.java:194)
	at com.kms.katalon.core.main.ScriptEngine.runScriptAsRawText(ScriptEngine.java:119)
	at com.kms.katalon.core.main.TestCaseExecutor.runScript(TestCaseExecutor.java:448)
	at com.kms.katalon.core.main.TestCaseExecutor.doExecute(TestCaseExecutor.java:439)
	at com.kms.katalon.core.main.TestCaseExecutor.processExecutionPhase(TestCaseExecutor.java:418)
	at com.kms.katalon.core.main.TestCaseExecutor.accessMainPhase(TestCaseExecutor.java:410)
	at com.kms.katalon.core.main.TestCaseExecutor.execute(TestCaseExecutor.java:285)
	at com.kms.katalon.core.common.CommonExecutor.accessTestCaseMainPhase(CommonExecutor.java:65)
	at com.kms.katalon.core.main.TestSuiteExecutor.accessTestSuiteMainPhase(TestSuiteExecutor.java:148)
	at com.kms.katalon.core.main.TestSuiteExecutor.execute(TestSuiteExecutor.java:106)
	at com.kms.katalon.core.main.TestCaseMain.startTestSuite(TestCaseMain.java:187)
	at com.kms.katalon.core.main.TestCaseMain$startTestSuite$0.call(Unknown Source)
	at TempTestSuite1693966045627.run(TempTestSuite1693966045627.groovy:36)
Caused by: com.kms.katalon.core.exception.StepFailedException: Text 'Tanggal Lahir tidak Valid' is not present on page 
	at com.kms.katalon.core.webui.keyword.internal.WebUIKeywordMain.stepFailed(WebUIKeywordMain.groovy:64)
	at com.kms.katalon.core.webui.keyword.builtin.VerifyTextPresentKeyword$_verifyTextPresent_closure1.doCall(VerifyTextPresentKeyword.groovy:79)
	at com.kms.katalon.core.webui.keyword.builtin.VerifyTextPresentKeyword$_verifyTextPresent_closure1.call(VerifyTextPresentKeyword.groovy)
	at com.kms.katalon.core.webui.keyword.internal.WebUIKeywordMain.runKeyword(WebUIKeywordMain.groovy:20)
	... 19 more]]></system-err>
      </testcase>
      <testcase name="Test Cases/M08 Edit Data Konsumen/TC-Edit Data Konsumen-Edit-005" time="36.8" classname="Test Cases/M08 Edit Data Konsumen/TC-Edit Data Konsumen-Edit-005" status="FAILED">
         <failure type="FAILED" message="Test Cases/M08 Edit Data Konsumen/TC-Edit Data Konsumen-Edit-005 FAILED.
Reason:
com.kms.katalon.core.exception.StepFailedException: Unable to verify text 'Tanggal Lahir tidak Valid' is present 
	at com.kms.katalon.core.webui.keyword.internal.WebUIKeywordMain.stepFailed(WebUIKeywordMain.groovy:64)
	at com.kms.katalon.core.webui.keyword.internal.WebUIKeywordMain.runKeyword(WebUIKeywordMain.groovy:26)
	at com.kms.katalon.core.webui.keyword.builtin.VerifyTextPresentKeyword.verifyTextPresent(VerifyTextPresentKeyword.groovy:83)
	at com.kms.katalon.core.webui.keyword.builtin.VerifyTextPresentKeyword.execute(VerifyTextPresentKeyword.groovy:68)
	at com.kms.katalon.core.keyword.internal.KeywordExecutor.executeKeywordForPlatform(KeywordExecutor.groovy:74)
	at com.kms.katalon.core.webui.keyword.WebUiBuiltInKeywords.verifyTextPresent(WebUiBuiltInKeywords.groovy:1723)
	at com.kms.katalon.core.webui.keyword.WebUiBuiltInKeywords$verifyTextPresent$8.call(Unknown Source)
	at TC-Edit Data Konsumen-Edit-005.run(TC-Edit Data Konsumen-Edit-005:30)
	at com.kms.katalon.core.main.ScriptEngine.run(ScriptEngine.java:194)
	at com.kms.katalon.core.main.ScriptEngine.runScriptAsRawText(ScriptEngine.java:119)
	at com.kms.katalon.core.main.TestCaseExecutor.runScript(TestCaseExecutor.java:448)
	at com.kms.katalon.core.main.TestCaseExecutor.doExecute(TestCaseExecutor.java:439)
	at com.kms.katalon.core.main.TestCaseExecutor.processExecutionPhase(TestCaseExecutor.java:418)
	at com.kms.katalon.core.main.TestCaseExecutor.accessMainPhase(TestCaseExecutor.java:410)
	at com.kms.katalon.core.main.TestCaseExecutor.execute(TestCaseExecutor.java:285)
	at com.kms.katalon.core.common.CommonExecutor.accessTestCaseMainPhase(CommonExecutor.java:65)
	at com.kms.katalon.core.main.TestSuiteExecutor.accessTestSuiteMainPhase(TestSuiteExecutor.java:148)
	at com.kms.katalon.core.main.TestSuiteExecutor.execute(TestSuiteExecutor.java:106)
	at com.kms.katalon.core.main.TestCaseMain.startTestSuite(TestCaseMain.java:187)
	at com.kms.katalon.core.main.TestCaseMain$startTestSuite$0.call(Unknown Source)
	at TempTestSuite1693966045627.run(TempTestSuite1693966045627.groovy:36)
Caused by: com.kms.katalon.core.exception.StepFailedException: Text 'Tanggal Lahir tidak Valid' is not present on page 
	at com.kms.katalon.core.webui.keyword.internal.WebUIKeywordMain.stepFailed(WebUIKeywordMain.groovy:64)
	at com.kms.katalon.core.webui.keyword.builtin.VerifyTextPresentKeyword$_verifyTextPresent_closure1.doCall(VerifyTextPresentKeyword.groovy:79)
	at com.kms.katalon.core.webui.keyword.builtin.VerifyTextPresentKeyword$_verifyTextPresent_closure1.call(VerifyTextPresentKeyword.groovy)
	at com.kms.katalon.core.webui.keyword.internal.WebUIKeywordMain.runKeyword(WebUIKeywordMain.groovy:20)
	... 19 more
"/>
         <system-out><![CDATA[2023-09-06 09:10:11 - [TEST_CASE][FAILED] - Test Cases/M08 Edit Data Konsumen/TC-Edit Data Konsumen-Edit-005: Test Cases/M08 Edit Data Konsumen/TC-Edit Data Konsumen-Edit-005 FAILED.
Reason:
com.kms.katalon.core.exception.StepFailedException: Unable to verify text 'Tanggal Lahir tidak Valid' is present 
	at com.kms.katalon.core.webui.keyword.internal.WebUIKeywordMain.stepFailed(WebUIKeywordMain.groovy:64)
	at com.kms.katalon.core.webui.keyword.internal.WebUIKeywordMain.runKeyword(WebUIKeywordMain.groovy:26)
	at com.kms.katalon.core.webui.keyword.builtin.VerifyTextPresentKeyword.verifyTextPresent(VerifyTextPresentKeyword.groovy:83)
	at com.kms.katalon.core.webui.keyword.builtin.VerifyTextPresentKeyword.execute(VerifyTextPresentKeyword.groovy:68)
	at com.kms.katalon.core.keyword.internal.KeywordExecutor.executeKeywordForPlatform(KeywordExecutor.groovy:74)
	at com.kms.katalon.core.webui.keyword.WebUiBuiltInKeywords.verifyTextPresent(WebUiBuiltInKeywords.groovy:1723)
	at com.kms.katalon.core.webui.keyword.WebUiBuiltInKeywords$verifyTextPresent$8.call(Unknown Source)
	at TC-Edit Data Konsumen-Edit-005.run(TC-Edit Data Konsumen-Edit-005:30)
	at com.kms.katalon.core.main.ScriptEngine.run(ScriptEngine.java:194)
	at com.kms.katalon.core.main.ScriptEngine.runScriptAsRawText(ScriptEngine.java:119)
	at com.kms.katalon.core.main.TestCaseExecutor.runScript(TestCaseExecutor.java:448)
	at com.kms.katalon.core.main.TestCaseExecutor.doExecute(TestCaseExecutor.java:439)
	at com.kms.katalon.core.main.TestCaseExecutor.processExecutionPhase(TestCaseExecutor.java:418)
	at com.kms.katalon.core.main.TestCaseExecutor.accessMainPhase(TestCaseExecutor.java:410)
	at com.kms.katalon.core.main.TestCaseExecutor.execute(TestCaseExecutor.java:285)
	at com.kms.katalon.core.common.CommonExecutor.accessTestCaseMainPhase(CommonExecutor.java:65)
	at com.kms.katalon.core.main.TestSuiteExecutor.accessTestSuiteMainPhase(TestSuiteExecutor.java:148)
	at com.kms.katalon.core.main.TestSuiteExecutor.execute(TestSuiteExecutor.java:106)
	at com.kms.katalon.core.main.TestCaseMain.startTestSuite(TestCaseMain.java:187)
	at com.kms.katalon.core.main.TestCaseMain$startTestSuite$0.call(Unknown Source)
	at TempTestSuite1693966045627.run(TempTestSuite1693966045627.groovy:36)
Caused by: com.kms.katalon.core.exception.StepFailedException: Text 'Tanggal Lahir tidak Valid' is not present on page 
	at com.kms.katalon.core.webui.keyword.internal.WebUIKeywordMain.stepFailed(WebUIKeywordMain.groovy:64)
	at com.kms.katalon.core.webui.keyword.builtin.VerifyTextPresentKeyword$_verifyTextPresent_closure1.doCall(VerifyTextPresentKeyword.groovy:79)
	at com.kms.katalon.core.webui.keyword.builtin.VerifyTextPresentKeyword$_verifyTextPresent_closure1.call(VerifyTextPresentKeyword.groovy)
	at com.kms.katalon.core.webui.keyword.internal.WebUIKeywordMain.runKeyword(WebUIKeywordMain.groovy:20)
	... 19 more


2023-09-06 09:10:12 - [TEST_STEP][PASSED] - callTestCase(findTestCase("M08 Edit Data Konsumen/TC-Edit Data Konsumen-show-001"), [:], STOP_ON_FAILURE): Call Test Case 'Test Cases/M08 Edit Data Konsumen/TC-Edit Data Konsumen-show-001' successfully

2023-09-06 09:10:12 - [TEST_CASE][PASSED] - Test Cases/M08 Edit Data Konsumen/TC-Edit Data Konsumen-show-001: Test Cases/M08 Edit Data Konsumen/TC-Edit Data Konsumen-show-001

2023-09-06 09:10:12 - [TEST_STEP][PASSED] - callTestCase(findTestCase("Login/TC-Login Admin-Success-001"), ["Username":"admin", "Password":"123admin123"], STOP_ON_FAILURE): Call Test Case 'Test Cases/Login/TC-Login Admin-Success-001' successfully

2023-09-06 09:10:12 - [TEST_CASE][PASSED] - Test Cases/Login/TC-Login Admin-Success-001: Test Cases/Login/TC-Login Admin-Success-001

2023-09-06 09:10:12 - [TEST_STEP][PASSED] - openBrowser("https://10.9.2.63/ecommerce/administrator/"): Browser is opened with url: 'https://10.9.2.63/ecommerce/administrator/'

2023-09-06 09:10:12 - [MESSAGE][WARNING] - A browser is already opened. Closing browser and opening a new one

2023-09-06 09:10:13 - [MESSAGE][INFO] - Starting 'Edge Chromium' driver

2023-09-06 09:10:13 - [MESSAGE][INFO] - User set preference: ['acceptInsecureCerts', 'true']

2023-09-06 09:10:15 - [MESSAGE][INFO] - Action delay is set to 0 milliseconds

2023-09-06 09:10:18 - [MESSAGE][PASSED] - Browser is opened with url: 'https://10.9.2.63/ecommerce/administrator/'

2023-09-06 09:10:18 - [TEST_STEP][PASSED] - maximizeWindow(): Current window maximized

2023-09-06 09:10:18 - [MESSAGE][PASSED] - Current window maximized

2023-09-06 09:10:18 - [TEST_STEP][PASSED] - verifyElementPresent(findTestObject("Login admin/Tittle ADMIN"), 0): Object 'Object Repository/Login admin/Tittle ADMIN' is present

2023-09-06 09:10:18 - [MESSAGE][WARNING] - Timeout '0' is invalid. Using default page load timeout: '30'

2023-09-06 09:10:18 - [MESSAGE][PASSED] - Object 'Object Repository/Login admin/Tittle ADMIN' is present

2023-09-06 09:10:18 - [TEST_STEP][PASSED] - setText(findTestObject("Login/input_Username, Email atau No. Handphone_a"), Username): Text 'admin' is set on object 'Object Repository/Login/input_Username, Email atau No. Handphone_a'

2023-09-06 09:10:19 - [MESSAGE][PASSED] - Text 'admin' is set on object 'Object Repository/Login/input_Username, Email atau No. Handphone_a'

2023-09-06 09:10:19 - [TEST_STEP][PASSED] - setText(findTestObject("Login/input_Password"), Password): Text '123admin123' is set on object 'Object Repository/Login/input_Password'

2023-09-06 09:10:21 - [MESSAGE][PASSED] - Text '123admin123' is set on object 'Object Repository/Login/input_Password'

2023-09-06 09:10:21 - [TEST_STEP][PASSED] - click(findTestObject("Login admin/buttom Remember Me")): Object: 'Object Repository/Login admin/buttom Remember Me' is clicked on

2023-09-06 09:10:21 - [MESSAGE][PASSED] - Object: 'Object Repository/Login admin/buttom Remember Me' is clicked on

2023-09-06 09:10:21 - [TEST_STEP][PASSED] - delay(10): Delayed 10 second(s)

2023-09-06 09:10:31 - [MESSAGE][PASSED] - Delayed 10 second(s)

2023-09-06 09:10:31 - [TEST_STEP][PASSED] - click(findTestObject("Login admin/buttom sign in")): Object: 'Object Repository/Login admin/buttom sign in' is clicked on

2023-09-06 09:10:36 - [MESSAGE][PASSED] - Object: 'Object Repository/Login admin/buttom sign in' is clicked on

2023-09-06 09:10:36 - [TEST_STEP][PASSED] - verifyElementPresent(findTestObject("Login admin/Tittle Dashboard"), 0): Object 'Object Repository/Login admin/Tittle Dashboard' is present

2023-09-06 09:10:36 - [MESSAGE][WARNING] - Timeout '0' is invalid. Using default page load timeout: '30'

2023-09-06 09:10:36 - [MESSAGE][PASSED] - Object 'Object Repository/Login admin/Tittle Dashboard' is present

2023-09-06 09:10:36 - [MESSAGE][PASSED] - Call Test Case 'Test Cases/Login/TC-Login Admin-Success-001' successfully

2023-09-06 09:10:36 - [TEST_STEP][PASSED] - click(findTestObject("Menu pencarian Toko admin/Menu Master Market")): Object: 'Object Repository/Menu pencarian Toko admin/Menu Master Market' is clicked on

2023-09-06 09:10:37 - [MESSAGE][PASSED] - Object: 'Object Repository/Menu pencarian Toko admin/Menu Master Market' is clicked on

2023-09-06 09:10:37 - [TEST_STEP][PASSED] - click(findTestObject("Edit Data konsumen/Menu Konsumen")): Object: 'Object Repository/Edit Data konsumen/Menu Konsumen' is clicked on

2023-09-06 09:10:39 - [MESSAGE][PASSED] - Object: 'Object Repository/Edit Data konsumen/Menu Konsumen' is clicked on

2023-09-06 09:10:39 - [TEST_STEP][PASSED] - verifyElementPresent(findTestObject("Edit Data konsumen/Tittle Daftar Semua Konsumen"), 0): Object 'Object Repository/Edit Data konsumen/Tittle Daftar Semua Konsumen' is present

2023-09-06 09:10:39 - [MESSAGE][WARNING] - Timeout '0' is invalid. Using default page load timeout: '30'

2023-09-06 09:10:39 - [MESSAGE][PASSED] - Object 'Object Repository/Edit Data konsumen/Tittle Daftar Semua Konsumen' is present

2023-09-06 09:10:39 - [MESSAGE][PASSED] - Call Test Case 'Test Cases/M08 Edit Data Konsumen/TC-Edit Data Konsumen-show-001' successfully

2023-09-06 09:10:39 - [TEST_STEP][PASSED] - click(findTestObject("Edit Data konsumen/buttom edit")): Object: 'Object Repository/Edit Data konsumen/buttom edit' is clicked on

2023-09-06 09:10:44 - [MESSAGE][PASSED] - Object: 'Object Repository/Edit Data konsumen/buttom edit' is clicked on

2023-09-06 09:10:44 - [TEST_STEP][PASSED] - verifyElementPresent(findTestObject("Edit Data konsumen/tittle Edit Data Konsumen"), 0): Object 'Object Repository/Edit Data konsumen/tittle Edit Data Konsumen' is present

2023-09-06 09:10:44 - [MESSAGE][WARNING] - Timeout '0' is invalid. Using default page load timeout: '30'

2023-09-06 09:10:44 - [MESSAGE][PASSED] - Object 'Object Repository/Edit Data konsumen/tittle Edit Data Konsumen' is present

2023-09-06 09:10:44 - [TEST_STEP][PASSED] - setText(findTestObject("Edit Data konsumen/input tanggal lahir/input_Tanggal Lahir"), "0000-00-00"): Text '0000-00-00' is set on object 'Object Repository/Edit Data konsumen/input tanggal lahir/input_Tanggal Lahir'

2023-09-06 09:10:45 - [MESSAGE][PASSED] - Text '0000-00-00' is set on object 'Object Repository/Edit Data konsumen/input tanggal lahir/input_Tanggal Lahir'

2023-09-06 09:10:45 - [TEST_STEP][PASSED] - click(findTestObject("Edit Data konsumen/button_Update")): Object: 'Object Repository/Edit Data konsumen/button_Update' is clicked on

2023-09-06 09:10:47 - [MESSAGE][PASSED] - Object: 'Object Repository/Edit Data konsumen/button_Update' is clicked on

2023-09-06 09:10:47 - [TEST_STEP][FAILED] - verifyTextPresent("Tanggal Lahir tidak Valid", false): Unable to verify text 'Tanggal Lahir tidak Valid' is present  (Root cause: com.kms.katalon.core.exception.StepFailedException: Unable to verify text 'Tanggal Lahir tidak Valid' is present 
	at com.kms.katalon.core.webui.keyword.internal.WebUIKeywordMain.stepFailed(WebUIKeywordMain.groovy:64)
	at com.kms.katalon.core.webui.keyword.internal.WebUIKeywordMain.runKeyword(WebUIKeywordMain.groovy:26)
	at com.kms.katalon.core.webui.keyword.builtin.VerifyTextPresentKeyword.verifyTextPresent(VerifyTextPresentKeyword.groovy:83)
	at com.kms.katalon.core.webui.keyword.builtin.VerifyTextPresentKeyword.execute(VerifyTextPresentKeyword.groovy:68)
	at com.kms.katalon.core.keyword.internal.KeywordExecutor.executeKeywordForPlatform(KeywordExecutor.groovy:74)
	at com.kms.katalon.core.webui.keyword.WebUiBuiltInKeywords.verifyTextPresent(WebUiBuiltInKeywords.groovy:1723)
	at com.kms.katalon.core.webui.keyword.WebUiBuiltInKeywords$verifyTextPresent$8.call(Unknown Source)
	at TC-Edit Data Konsumen-Edit-005.run(TC-Edit Data Konsumen-Edit-005:30)
	at com.kms.katalon.core.main.ScriptEngine.run(ScriptEngine.java:194)
	at com.kms.katalon.core.main.ScriptEngine.runScriptAsRawText(ScriptEngine.java:119)
	at com.kms.katalon.core.main.TestCaseExecutor.runScript(TestCaseExecutor.java:448)
	at com.kms.katalon.core.main.TestCaseExecutor.doExecute(TestCaseExecutor.java:439)
	at com.kms.katalon.core.main.TestCaseExecutor.processExecutionPhase(TestCaseExecutor.java:418)
	at com.kms.katalon.core.main.TestCaseExecutor.accessMainPhase(TestCaseExecutor.java:410)
	at com.kms.katalon.core.main.TestCaseExecutor.execute(TestCaseExecutor.java:285)
	at com.kms.katalon.core.common.CommonExecutor.accessTestCaseMainPhase(CommonExecutor.java:65)
	at com.kms.katalon.core.main.TestSuiteExecutor.accessTestSuiteMainPhase(TestSuiteExecutor.java:148)
	at com.kms.katalon.core.main.TestSuiteExecutor.execute(TestSuiteExecutor.java:106)
	at com.kms.katalon.core.main.TestCaseMain.startTestSuite(TestCaseMain.java:187)
	at com.kms.katalon.core.main.TestCaseMain$startTestSuite$0.call(Unknown Source)
	at TempTestSuite1693966045627.run(TempTestSuite1693966045627.groovy:36)
Caused by: com.kms.katalon.core.exception.StepFailedException: Text 'Tanggal Lahir tidak Valid' is not present on page 
	at com.kms.katalon.core.webui.keyword.internal.WebUIKeywordMain.stepFailed(WebUIKeywordMain.groovy:64)
	at com.kms.katalon.core.webui.keyword.builtin.VerifyTextPresentKeyword$_verifyTextPresent_closure1.doCall(VerifyTextPresentKeyword.groovy:79)
	at com.kms.katalon.core.webui.keyword.builtin.VerifyTextPresentKeyword$_verifyTextPresent_closure1.call(VerifyTextPresentKeyword.groovy)
	at com.kms.katalon.core.webui.keyword.internal.WebUIKeywordMain.runKeyword(WebUIKeywordMain.groovy:20)
	... 19 more
)

2023-09-06 09:10:48 - [MESSAGE][FAILED] - Text 'Tanggal Lahir tidak Valid' is not present on page  (Root cause: com.kms.katalon.core.exception.StepFailedException: Text 'Tanggal Lahir tidak Valid' is not present on page 
	at com.kms.katalon.core.webui.keyword.internal.WebUIKeywordMain.stepFailed(WebUIKeywordMain.groovy:64)
	at com.kms.katalon.core.webui.keyword.builtin.VerifyTextPresentKeyword$_verifyTextPresent_closure1.doCall(VerifyTextPresentKeyword.groovy:79)
	at com.kms.katalon.core.webui.keyword.builtin.VerifyTextPresentKeyword$_verifyTextPresent_closure1.call(VerifyTextPresentKeyword.groovy)
	at com.kms.katalon.core.webui.keyword.internal.WebUIKeywordMain.runKeyword(WebUIKeywordMain.groovy:20)
	at com.kms.katalon.core.webui.keyword.builtin.VerifyTextPresentKeyword.verifyTextPresent(VerifyTextPresentKeyword.groovy:83)
	at com.kms.katalon.core.webui.keyword.builtin.VerifyTextPresentKeyword.execute(VerifyTextPresentKeyword.groovy:68)
	at com.kms.katalon.core.keyword.internal.KeywordExecutor.executeKeywordForPlatform(KeywordExecutor.groovy:74)
	at com.kms.katalon.core.webui.keyword.WebUiBuiltInKeywords.verifyTextPresent(WebUiBuiltInKeywords.groovy:1723)
	at com.kms.katalon.core.webui.keyword.WebUiBuiltInKeywords$verifyTextPresent$8.call(Unknown Source)
	at TC-Edit Data Konsumen-Edit-005.run(TC-Edit Data Konsumen-Edit-005:30)
	at com.kms.katalon.core.main.ScriptEngine.run(ScriptEngine.java:194)
	at com.kms.katalon.core.main.ScriptEngine.runScriptAsRawText(ScriptEngine.java:119)
	at com.kms.katalon.core.main.TestCaseExecutor.runScript(TestCaseExecutor.java:448)
	at com.kms.katalon.core.main.TestCaseExecutor.doExecute(TestCaseExecutor.java:439)
	at com.kms.katalon.core.main.TestCaseExecutor.processExecutionPhase(TestCaseExecutor.java:418)
	at com.kms.katalon.core.main.TestCaseExecutor.accessMainPhase(TestCaseExecutor.java:410)
	at com.kms.katalon.core.main.TestCaseExecutor.execute(TestCaseExecutor.java:285)
	at com.kms.katalon.core.common.CommonExecutor.accessTestCaseMainPhase(CommonExecutor.java:65)
	at com.kms.katalon.core.main.TestSuiteExecutor.accessTestSuiteMainPhase(TestSuiteExecutor.java:148)
	at com.kms.katalon.core.main.TestSuiteExecutor.execute(TestSuiteExecutor.java:106)
	at com.kms.katalon.core.main.TestCaseMain.startTestSuite(TestCaseMain.java:187)
	at com.kms.katalon.core.main.TestCaseMain$startTestSuite$0.call(Unknown Source)
	at TempTestSuite1693966045627.run(TempTestSuite1693966045627.groovy:36)
)

2023-09-06 09:10:48 - [MESSAGE][FAILED] - Unable to verify text 'Tanggal Lahir tidak Valid' is present  (Root cause: com.kms.katalon.core.exception.StepFailedException: Unable to verify text 'Tanggal Lahir tidak Valid' is present 
	at com.kms.katalon.core.webui.keyword.internal.WebUIKeywordMain.stepFailed(WebUIKeywordMain.groovy:64)
	at com.kms.katalon.core.webui.keyword.internal.WebUIKeywordMain.runKeyword(WebUIKeywordMain.groovy:26)
	at com.kms.katalon.core.webui.keyword.builtin.VerifyTextPresentKeyword.verifyTextPresent(VerifyTextPresentKeyword.groovy:83)
	at com.kms.katalon.core.webui.keyword.builtin.VerifyTextPresentKeyword.execute(VerifyTextPresentKeyword.groovy:68)
	at com.kms.katalon.core.keyword.internal.KeywordExecutor.executeKeywordForPlatform(KeywordExecutor.groovy:74)
	at com.kms.katalon.core.webui.keyword.WebUiBuiltInKeywords.verifyTextPresent(WebUiBuiltInKeywords.groovy:1723)
	at com.kms.katalon.core.webui.keyword.WebUiBuiltInKeywords$verifyTextPresent$8.call(Unknown Source)
	at TC-Edit Data Konsumen-Edit-005.run(TC-Edit Data Konsumen-Edit-005:30)
	at com.kms.katalon.core.main.ScriptEngine.run(ScriptEngine.java:194)
	at com.kms.katalon.core.main.ScriptEngine.runScriptAsRawText(ScriptEngine.java:119)
	at com.kms.katalon.core.main.TestCaseExecutor.runScript(TestCaseExecutor.java:448)
	at com.kms.katalon.core.main.TestCaseExecutor.doExecute(TestCaseExecutor.java:439)
	at com.kms.katalon.core.main.TestCaseExecutor.processExecutionPhase(TestCaseExecutor.java:418)
	at com.kms.katalon.core.main.TestCaseExecutor.accessMainPhase(TestCaseExecutor.java:410)
	at com.kms.katalon.core.main.TestCaseExecutor.execute(TestCaseExecutor.java:285)
	at com.kms.katalon.core.common.CommonExecutor.accessTestCaseMainPhase(CommonExecutor.java:65)
	at com.kms.katalon.core.main.TestSuiteExecutor.accessTestSuiteMainPhase(TestSuiteExecutor.java:148)
	at com.kms.katalon.core.main.TestSuiteExecutor.execute(TestSuiteExecutor.java:106)
	at com.kms.katalon.core.main.TestCaseMain.startTestSuite(TestCaseMain.java:187)
	at com.kms.katalon.core.main.TestCaseMain$startTestSuite$0.call(Unknown Source)
	at TempTestSuite1693966045627.run(TempTestSuite1693966045627.groovy:36)
Caused by: com.kms.katalon.core.exception.StepFailedException: Text 'Tanggal Lahir tidak Valid' is not present on page 
	at com.kms.katalon.core.webui.keyword.internal.WebUIKeywordMain.stepFailed(WebUIKeywordMain.groovy:64)
	at com.kms.katalon.core.webui.keyword.builtin.VerifyTextPresentKeyword$_verifyTextPresent_closure1.doCall(VerifyTextPresentKeyword.groovy:79)
	at com.kms.katalon.core.webui.keyword.builtin.VerifyTextPresentKeyword$_verifyTextPresent_closure1.call(VerifyTextPresentKeyword.groovy)
	at com.kms.katalon.core.webui.keyword.internal.WebUIKeywordMain.runKeyword(WebUIKeywordMain.groovy:20)
	... 19 more
)
[[ATTACHMENT|D:\\Project XSIS\\batch-324-qa\\irfan\\Projek Eval 2 Tajalapak dan administrator\\Reports\\20230906_090725\\Edit Data Konsumen\\Edit Data Konsumen\\20230906_090725\\1693966248304.png]]]]></system-out>
         <system-err><![CDATA[2023-09-06 09:10:11 - [TEST_CASE][FAILED] - Test Cases/M08 Edit Data Konsumen/TC-Edit Data Konsumen-Edit-005: Test Cases/M08 Edit Data Konsumen/TC-Edit Data Konsumen-Edit-005 FAILED.
Reason:
com.kms.katalon.core.exception.StepFailedException: Unable to verify text 'Tanggal Lahir tidak Valid' is present 
	at com.kms.katalon.core.webui.keyword.internal.WebUIKeywordMain.stepFailed(WebUIKeywordMain.groovy:64)
	at com.kms.katalon.core.webui.keyword.internal.WebUIKeywordMain.runKeyword(WebUIKeywordMain.groovy:26)
	at com.kms.katalon.core.webui.keyword.builtin.VerifyTextPresentKeyword.verifyTextPresent(VerifyTextPresentKeyword.groovy:83)
	at com.kms.katalon.core.webui.keyword.builtin.VerifyTextPresentKeyword.execute(VerifyTextPresentKeyword.groovy:68)
	at com.kms.katalon.core.keyword.internal.KeywordExecutor.executeKeywordForPlatform(KeywordExecutor.groovy:74)
	at com.kms.katalon.core.webui.keyword.WebUiBuiltInKeywords.verifyTextPresent(WebUiBuiltInKeywords.groovy:1723)
	at com.kms.katalon.core.webui.keyword.WebUiBuiltInKeywords$verifyTextPresent$8.call(Unknown Source)
	at TC-Edit Data Konsumen-Edit-005.run(TC-Edit Data Konsumen-Edit-005:30)
	at com.kms.katalon.core.main.ScriptEngine.run(ScriptEngine.java:194)
	at com.kms.katalon.core.main.ScriptEngine.runScriptAsRawText(ScriptEngine.java:119)
	at com.kms.katalon.core.main.TestCaseExecutor.runScript(TestCaseExecutor.java:448)
	at com.kms.katalon.core.main.TestCaseExecutor.doExecute(TestCaseExecutor.java:439)
	at com.kms.katalon.core.main.TestCaseExecutor.processExecutionPhase(TestCaseExecutor.java:418)
	at com.kms.katalon.core.main.TestCaseExecutor.accessMainPhase(TestCaseExecutor.java:410)
	at com.kms.katalon.core.main.TestCaseExecutor.execute(TestCaseExecutor.java:285)
	at com.kms.katalon.core.common.CommonExecutor.accessTestCaseMainPhase(CommonExecutor.java:65)
	at com.kms.katalon.core.main.TestSuiteExecutor.accessTestSuiteMainPhase(TestSuiteExecutor.java:148)
	at com.kms.katalon.core.main.TestSuiteExecutor.execute(TestSuiteExecutor.java:106)
	at com.kms.katalon.core.main.TestCaseMain.startTestSuite(TestCaseMain.java:187)
	at com.kms.katalon.core.main.TestCaseMain$startTestSuite$0.call(Unknown Source)
	at TempTestSuite1693966045627.run(TempTestSuite1693966045627.groovy:36)
Caused by: com.kms.katalon.core.exception.StepFailedException: Text 'Tanggal Lahir tidak Valid' is not present on page 
	at com.kms.katalon.core.webui.keyword.internal.WebUIKeywordMain.stepFailed(WebUIKeywordMain.groovy:64)
	at com.kms.katalon.core.webui.keyword.builtin.VerifyTextPresentKeyword$_verifyTextPresent_closure1.doCall(VerifyTextPresentKeyword.groovy:79)
	at com.kms.katalon.core.webui.keyword.builtin.VerifyTextPresentKeyword$_verifyTextPresent_closure1.call(VerifyTextPresentKeyword.groovy)
	at com.kms.katalon.core.webui.keyword.internal.WebUIKeywordMain.runKeyword(WebUIKeywordMain.groovy:20)
	... 19 more]]></system-err>
      </testcase>
      <testcase name="Test Cases/M08 Edit Data Konsumen/TC-Edit Data Konsumen-Edit-006" time="33.514" classname="Test Cases/M08 Edit Data Konsumen/TC-Edit Data Konsumen-Edit-006" status="PASSED">
         <system-out><![CDATA[2023-09-06 09:10:48 - [TEST_CASE][PASSED] - Test Cases/M08 Edit Data Konsumen/TC-Edit Data Konsumen-Edit-006: Test Cases/M08 Edit Data Konsumen/TC-Edit Data Konsumen-Edit-006

2023-09-06 09:10:49 - [TEST_STEP][PASSED] - callTestCase(findTestCase("M08 Edit Data Konsumen/TC-Edit Data Konsumen-show-001"), [:], STOP_ON_FAILURE): Call Test Case 'Test Cases/M08 Edit Data Konsumen/TC-Edit Data Konsumen-show-001' successfully

2023-09-06 09:10:49 - [TEST_CASE][PASSED] - Test Cases/M08 Edit Data Konsumen/TC-Edit Data Konsumen-show-001: Test Cases/M08 Edit Data Konsumen/TC-Edit Data Konsumen-show-001

2023-09-06 09:10:49 - [TEST_STEP][PASSED] - callTestCase(findTestCase("Login/TC-Login Admin-Success-001"), ["Username":"admin", "Password":"123admin123"], STOP_ON_FAILURE): Call Test Case 'Test Cases/Login/TC-Login Admin-Success-001' successfully

2023-09-06 09:10:49 - [TEST_CASE][PASSED] - Test Cases/Login/TC-Login Admin-Success-001: Test Cases/Login/TC-Login Admin-Success-001

2023-09-06 09:10:49 - [TEST_STEP][PASSED] - openBrowser("https://10.9.2.63/ecommerce/administrator/"): Browser is opened with url: 'https://10.9.2.63/ecommerce/administrator/'

2023-09-06 09:10:49 - [MESSAGE][WARNING] - A browser is already opened. Closing browser and opening a new one

2023-09-06 09:10:50 - [MESSAGE][INFO] - Starting 'Edge Chromium' driver

2023-09-06 09:10:50 - [MESSAGE][INFO] - User set preference: ['acceptInsecureCerts', 'true']

2023-09-06 09:10:52 - [MESSAGE][INFO] - Action delay is set to 0 milliseconds

2023-09-06 09:10:55 - [MESSAGE][PASSED] - Browser is opened with url: 'https://10.9.2.63/ecommerce/administrator/'

2023-09-06 09:10:55 - [TEST_STEP][PASSED] - maximizeWindow(): Current window maximized

2023-09-06 09:10:55 - [MESSAGE][PASSED] - Current window maximized

2023-09-06 09:10:55 - [TEST_STEP][PASSED] - verifyElementPresent(findTestObject("Login admin/Tittle ADMIN"), 0): Object 'Object Repository/Login admin/Tittle ADMIN' is present

2023-09-06 09:10:55 - [MESSAGE][WARNING] - Timeout '0' is invalid. Using default page load timeout: '30'

2023-09-06 09:10:55 - [MESSAGE][PASSED] - Object 'Object Repository/Login admin/Tittle ADMIN' is present

2023-09-06 09:10:55 - [TEST_STEP][PASSED] - setText(findTestObject("Login/input_Username, Email atau No. Handphone_a"), Username): Text 'admin' is set on object 'Object Repository/Login/input_Username, Email atau No. Handphone_a'

2023-09-06 09:10:56 - [MESSAGE][PASSED] - Text 'admin' is set on object 'Object Repository/Login/input_Username, Email atau No. Handphone_a'

2023-09-06 09:10:56 - [TEST_STEP][PASSED] - setText(findTestObject("Login/input_Password"), Password): Text '123admin123' is set on object 'Object Repository/Login/input_Password'

2023-09-06 09:10:57 - [MESSAGE][PASSED] - Text '123admin123' is set on object 'Object Repository/Login/input_Password'

2023-09-06 09:10:57 - [TEST_STEP][PASSED] - click(findTestObject("Login admin/buttom Remember Me")): Object: 'Object Repository/Login admin/buttom Remember Me' is clicked on

2023-09-06 09:10:58 - [MESSAGE][PASSED] - Object: 'Object Repository/Login admin/buttom Remember Me' is clicked on

2023-09-06 09:10:58 - [TEST_STEP][PASSED] - delay(10): Delayed 10 second(s)

2023-09-06 09:11:08 - [MESSAGE][PASSED] - Delayed 10 second(s)

2023-09-06 09:11:08 - [TEST_STEP][PASSED] - click(findTestObject("Login admin/buttom sign in")): Object: 'Object Repository/Login admin/buttom sign in' is clicked on

2023-09-06 09:11:11 - [MESSAGE][PASSED] - Object: 'Object Repository/Login admin/buttom sign in' is clicked on

2023-09-06 09:11:11 - [TEST_STEP][PASSED] - verifyElementPresent(findTestObject("Login admin/Tittle Dashboard"), 0): Object 'Object Repository/Login admin/Tittle Dashboard' is present

2023-09-06 09:11:11 - [MESSAGE][WARNING] - Timeout '0' is invalid. Using default page load timeout: '30'

2023-09-06 09:11:12 - [MESSAGE][PASSED] - Object 'Object Repository/Login admin/Tittle Dashboard' is present

2023-09-06 09:11:12 - [MESSAGE][PASSED] - Call Test Case 'Test Cases/Login/TC-Login Admin-Success-001' successfully

2023-09-06 09:11:12 - [TEST_STEP][PASSED] - click(findTestObject("Menu pencarian Toko admin/Menu Master Market")): Object: 'Object Repository/Menu pencarian Toko admin/Menu Master Market' is clicked on

2023-09-06 09:11:12 - [MESSAGE][PASSED] - Object: 'Object Repository/Menu pencarian Toko admin/Menu Master Market' is clicked on

2023-09-06 09:11:12 - [TEST_STEP][PASSED] - click(findTestObject("Edit Data konsumen/Menu Konsumen")): Object: 'Object Repository/Edit Data konsumen/Menu Konsumen' is clicked on

2023-09-06 09:11:13 - [MESSAGE][PASSED] - Object: 'Object Repository/Edit Data konsumen/Menu Konsumen' is clicked on

2023-09-06 09:11:13 - [TEST_STEP][PASSED] - verifyElementPresent(findTestObject("Edit Data konsumen/Tittle Daftar Semua Konsumen"), 0): Object 'Object Repository/Edit Data konsumen/Tittle Daftar Semua Konsumen' is present

2023-09-06 09:11:14 - [MESSAGE][WARNING] - Timeout '0' is invalid. Using default page load timeout: '30'

2023-09-06 09:11:14 - [MESSAGE][PASSED] - Object 'Object Repository/Edit Data konsumen/Tittle Daftar Semua Konsumen' is present

2023-09-06 09:11:14 - [MESSAGE][PASSED] - Call Test Case 'Test Cases/M08 Edit Data Konsumen/TC-Edit Data Konsumen-show-001' successfully

2023-09-06 09:11:14 - [TEST_STEP][PASSED] - click(findTestObject("Edit Data konsumen/buttom edit")): Object: 'Object Repository/Edit Data konsumen/buttom edit' is clicked on

2023-09-06 09:11:19 - [MESSAGE][PASSED] - Object: 'Object Repository/Edit Data konsumen/buttom edit' is clicked on

2023-09-06 09:11:19 - [TEST_STEP][PASSED] - verifyElementPresent(findTestObject("Edit Data konsumen/tittle Edit Data Konsumen"), 0): Object 'Object Repository/Edit Data konsumen/tittle Edit Data Konsumen' is present

2023-09-06 09:11:19 - [MESSAGE][WARNING] - Timeout '0' is invalid. Using default page load timeout: '30'

2023-09-06 09:11:19 - [MESSAGE][PASSED] - Object 'Object Repository/Edit Data konsumen/tittle Edit Data Konsumen' is present

2023-09-06 09:11:19 - [TEST_STEP][PASSED] - setText(findTestObject("Edit Data konsumen/Input no Hp/input No Hp"), "e"): Text 'e' is set on object 'Object Repository/Edit Data konsumen/Input no Hp/input No Hp'

2023-09-06 09:11:20 - [MESSAGE][PASSED] - Text 'e' is set on object 'Object Repository/Edit Data konsumen/Input no Hp/input No Hp'

2023-09-06 09:11:20 - [TEST_STEP][PASSED] - click(findTestObject("Edit Data konsumen/button_Update")): Object: 'Object Repository/Edit Data konsumen/button_Update' is clicked on

2023-09-06 09:11:21 - [MESSAGE][PASSED] - Object: 'Object Repository/Edit Data konsumen/button_Update' is clicked on

2023-09-06 09:11:21 - [TEST_STEP][PASSED] - webDriver = getWebDriver(): null

2023-09-06 09:11:21 - [TEST_STEP][PASSED] - field_noHP = webDriver.findElement(By.xpath("//input[@name="k"]")): null

2023-09-06 09:11:21 - [TEST_STEP][PASSED] - error_message = webDriver.executeScript("return arguments[0].validationMessage", field_noHP): null

2023-09-06 09:11:21 - [TEST_STEP][PASSED] - println(error_message): null

2023-09-06 09:11:21 - [TEST_STEP][PASSED] - assert error_message == "Please enter a number.": null]]></system-out>
         <system-err><![CDATA[]]></system-err>
      </testcase>
      <testcase name="Test Cases/M08 Edit Data Konsumen/TC-Edit Data Konsumen-Edit-007" time="33.626" classname="Test Cases/M08 Edit Data Konsumen/TC-Edit Data Konsumen-Edit-007" status="PASSED">
         <system-out><![CDATA[2023-09-06 09:11:21 - [TEST_CASE][PASSED] - Test Cases/M08 Edit Data Konsumen/TC-Edit Data Konsumen-Edit-007: Test Cases/M08 Edit Data Konsumen/TC-Edit Data Konsumen-Edit-007

2023-09-06 09:11:22 - [TEST_STEP][PASSED] - callTestCase(findTestCase("M08 Edit Data Konsumen/TC-Edit Data Konsumen-show-001"), [:], STOP_ON_FAILURE): Call Test Case 'Test Cases/M08 Edit Data Konsumen/TC-Edit Data Konsumen-show-001' successfully

2023-09-06 09:11:23 - [TEST_CASE][PASSED] - Test Cases/M08 Edit Data Konsumen/TC-Edit Data Konsumen-show-001: Test Cases/M08 Edit Data Konsumen/TC-Edit Data Konsumen-show-001

2023-09-06 09:11:23 - [TEST_STEP][PASSED] - callTestCase(findTestCase("Login/TC-Login Admin-Success-001"), ["Username":"admin", "Password":"123admin123"], STOP_ON_FAILURE): Call Test Case 'Test Cases/Login/TC-Login Admin-Success-001' successfully

2023-09-06 09:11:23 - [TEST_CASE][PASSED] - Test Cases/Login/TC-Login Admin-Success-001: Test Cases/Login/TC-Login Admin-Success-001

2023-09-06 09:11:23 - [TEST_STEP][PASSED] - openBrowser("https://10.9.2.63/ecommerce/administrator/"): Browser is opened with url: 'https://10.9.2.63/ecommerce/administrator/'

2023-09-06 09:11:23 - [MESSAGE][WARNING] - A browser is already opened. Closing browser and opening a new one

2023-09-06 09:11:23 - [MESSAGE][INFO] - Starting 'Edge Chromium' driver

2023-09-06 09:11:23 - [MESSAGE][INFO] - User set preference: ['acceptInsecureCerts', 'true']

2023-09-06 09:11:26 - [MESSAGE][INFO] - Action delay is set to 0 milliseconds

2023-09-06 09:11:28 - [MESSAGE][PASSED] - Browser is opened with url: 'https://10.9.2.63/ecommerce/administrator/'

2023-09-06 09:11:28 - [TEST_STEP][PASSED] - maximizeWindow(): Current window maximized

2023-09-06 09:11:28 - [MESSAGE][PASSED] - Current window maximized

2023-09-06 09:11:28 - [TEST_STEP][PASSED] - verifyElementPresent(findTestObject("Login admin/Tittle ADMIN"), 0): Object 'Object Repository/Login admin/Tittle ADMIN' is present

2023-09-06 09:11:28 - [MESSAGE][WARNING] - Timeout '0' is invalid. Using default page load timeout: '30'

2023-09-06 09:11:28 - [MESSAGE][PASSED] - Object 'Object Repository/Login admin/Tittle ADMIN' is present

2023-09-06 09:11:28 - [TEST_STEP][PASSED] - setText(findTestObject("Login/input_Username, Email atau No. Handphone_a"), Username): Text 'admin' is set on object 'Object Repository/Login/input_Username, Email atau No. Handphone_a'

2023-09-06 09:11:29 - [MESSAGE][PASSED] - Text 'admin' is set on object 'Object Repository/Login/input_Username, Email atau No. Handphone_a'

2023-09-06 09:11:29 - [TEST_STEP][PASSED] - setText(findTestObject("Login/input_Password"), Password): Text '123admin123' is set on object 'Object Repository/Login/input_Password'

2023-09-06 09:11:31 - [MESSAGE][PASSED] - Text '123admin123' is set on object 'Object Repository/Login/input_Password'

2023-09-06 09:11:31 - [TEST_STEP][PASSED] - click(findTestObject("Login admin/buttom Remember Me")): Object: 'Object Repository/Login admin/buttom Remember Me' is clicked on

2023-09-06 09:11:31 - [MESSAGE][PASSED] - Object: 'Object Repository/Login admin/buttom Remember Me' is clicked on

2023-09-06 09:11:31 - [TEST_STEP][PASSED] - delay(10): Delayed 10 second(s)

2023-09-06 09:11:41 - [MESSAGE][PASSED] - Delayed 10 second(s)

2023-09-06 09:11:41 - [TEST_STEP][PASSED] - click(findTestObject("Login admin/buttom sign in")): Object: 'Object Repository/Login admin/buttom sign in' is clicked on

2023-09-06 09:11:44 - [MESSAGE][PASSED] - Object: 'Object Repository/Login admin/buttom sign in' is clicked on

2023-09-06 09:11:44 - [TEST_STEP][PASSED] - verifyElementPresent(findTestObject("Login admin/Tittle Dashboard"), 0): Object 'Object Repository/Login admin/Tittle Dashboard' is present

2023-09-06 09:11:44 - [MESSAGE][WARNING] - Timeout '0' is invalid. Using default page load timeout: '30'

2023-09-06 09:11:45 - [MESSAGE][PASSED] - Object 'Object Repository/Login admin/Tittle Dashboard' is present

2023-09-06 09:11:45 - [MESSAGE][PASSED] - Call Test Case 'Test Cases/Login/TC-Login Admin-Success-001' successfully

2023-09-06 09:11:45 - [TEST_STEP][PASSED] - click(findTestObject("Menu pencarian Toko admin/Menu Master Market")): Object: 'Object Repository/Menu pencarian Toko admin/Menu Master Market' is clicked on

2023-09-06 09:11:45 - [MESSAGE][PASSED] - Object: 'Object Repository/Menu pencarian Toko admin/Menu Master Market' is clicked on

2023-09-06 09:11:45 - [TEST_STEP][PASSED] - click(findTestObject("Edit Data konsumen/Menu Konsumen")): Object: 'Object Repository/Edit Data konsumen/Menu Konsumen' is clicked on

2023-09-06 09:11:47 - [MESSAGE][PASSED] - Object: 'Object Repository/Edit Data konsumen/Menu Konsumen' is clicked on

2023-09-06 09:11:47 - [TEST_STEP][PASSED] - verifyElementPresent(findTestObject("Edit Data konsumen/Tittle Daftar Semua Konsumen"), 0): Object 'Object Repository/Edit Data konsumen/Tittle Daftar Semua Konsumen' is present

2023-09-06 09:11:47 - [MESSAGE][WARNING] - Timeout '0' is invalid. Using default page load timeout: '30'

2023-09-06 09:11:47 - [MESSAGE][PASSED] - Object 'Object Repository/Edit Data konsumen/Tittle Daftar Semua Konsumen' is present

2023-09-06 09:11:47 - [MESSAGE][PASSED] - Call Test Case 'Test Cases/M08 Edit Data Konsumen/TC-Edit Data Konsumen-show-001' successfully

2023-09-06 09:11:47 - [TEST_STEP][PASSED] - click(findTestObject("Edit Data konsumen/buttom edit")): Object: 'Object Repository/Edit Data konsumen/buttom edit' is clicked on

2023-09-06 09:11:52 - [MESSAGE][PASSED] - Object: 'Object Repository/Edit Data konsumen/buttom edit' is clicked on

2023-09-06 09:11:52 - [TEST_STEP][PASSED] - verifyElementPresent(findTestObject("Edit Data konsumen/tittle Edit Data Konsumen"), 0): Object 'Object Repository/Edit Data konsumen/tittle Edit Data Konsumen' is present

2023-09-06 09:11:53 - [MESSAGE][WARNING] - Timeout '0' is invalid. Using default page load timeout: '30'

2023-09-06 09:11:53 - [MESSAGE][PASSED] - Object 'Object Repository/Edit Data konsumen/tittle Edit Data Konsumen' is present

2023-09-06 09:11:53 - [TEST_STEP][PASSED] - setText(findTestObject("Edit Data konsumen/Input Alamat email/input Alamat Email"), "testing"): Text 'testing' is set on object 'Object Repository/Edit Data konsumen/Input Alamat email/input Alamat Email'

2023-09-06 09:11:54 - [MESSAGE][PASSED] - Text 'testing' is set on object 'Object Repository/Edit Data konsumen/Input Alamat email/input Alamat Email'

2023-09-06 09:11:54 - [TEST_STEP][PASSED] - click(findTestObject("Edit Data konsumen/button_Update")): Object: 'Object Repository/Edit Data konsumen/button_Update' is clicked on

2023-09-06 09:11:55 - [MESSAGE][PASSED] - Object: 'Object Repository/Edit Data konsumen/button_Update' is clicked on

2023-09-06 09:11:55 - [TEST_STEP][PASSED] - webDriver = getWebDriver(): null

2023-09-06 09:11:55 - [TEST_STEP][PASSED] - field_noHP = webDriver.findElement(By.xpath("//input[@name="c"]")): null

2023-09-06 09:11:55 - [TEST_STEP][PASSED] - error_message = webDriver.executeScript("return arguments[0].validationMessage", field_noHP): null

2023-09-06 09:11:55 - [TEST_STEP][PASSED] - println(error_message): null

2023-09-06 09:11:55 - [TEST_STEP][PASSED] - assert error_message == "Please include an '@' in the email address. 'testing' is missing an '@'.": null]]></system-out>
         <system-err><![CDATA[]]></system-err>
      </testcase>
      <testcase name="Test Cases/M08 Edit Data Konsumen/TC-Edit Data Konsumen-Edit-008" time="37.875" classname="Test Cases/M08 Edit Data Konsumen/TC-Edit Data Konsumen-Edit-008" status="FAILED">
         <failure type="FAILED" message="Test Cases/M08 Edit Data Konsumen/TC-Edit Data Konsumen-Edit-008 FAILED.
Reason:
com.kms.katalon.core.exception.StepFailedException: Unable to verify text 'number not valid' is present 
	at com.kms.katalon.core.webui.keyword.internal.WebUIKeywordMain.stepFailed(WebUIKeywordMain.groovy:64)
	at com.kms.katalon.core.webui.keyword.internal.WebUIKeywordMain.runKeyword(WebUIKeywordMain.groovy:26)
	at com.kms.katalon.core.webui.keyword.builtin.VerifyTextPresentKeyword.verifyTextPresent(VerifyTextPresentKeyword.groovy:83)
	at com.kms.katalon.core.webui.keyword.builtin.VerifyTextPresentKeyword.execute(VerifyTextPresentKeyword.groovy:68)
	at com.kms.katalon.core.keyword.internal.KeywordExecutor.executeKeywordForPlatform(KeywordExecutor.groovy:74)
	at com.kms.katalon.core.webui.keyword.WebUiBuiltInKeywords.verifyTextPresent(WebUiBuiltInKeywords.groovy:1723)
	at com.kms.katalon.core.webui.keyword.WebUiBuiltInKeywords$verifyTextPresent$8.call(Unknown Source)
	at TC-Edit Data Konsumen-Edit-008.run(TC-Edit Data Konsumen-Edit-008:34)
	at com.kms.katalon.core.main.ScriptEngine.run(ScriptEngine.java:194)
	at com.kms.katalon.core.main.ScriptEngine.runScriptAsRawText(ScriptEngine.java:119)
	at com.kms.katalon.core.main.TestCaseExecutor.runScript(TestCaseExecutor.java:448)
	at com.kms.katalon.core.main.TestCaseExecutor.doExecute(TestCaseExecutor.java:439)
	at com.kms.katalon.core.main.TestCaseExecutor.processExecutionPhase(TestCaseExecutor.java:418)
	at com.kms.katalon.core.main.TestCaseExecutor.accessMainPhase(TestCaseExecutor.java:410)
	at com.kms.katalon.core.main.TestCaseExecutor.execute(TestCaseExecutor.java:285)
	at com.kms.katalon.core.common.CommonExecutor.accessTestCaseMainPhase(CommonExecutor.java:65)
	at com.kms.katalon.core.main.TestSuiteExecutor.accessTestSuiteMainPhase(TestSuiteExecutor.java:148)
	at com.kms.katalon.core.main.TestSuiteExecutor.execute(TestSuiteExecutor.java:106)
	at com.kms.katalon.core.main.TestCaseMain.startTestSuite(TestCaseMain.java:187)
	at com.kms.katalon.core.main.TestCaseMain$startTestSuite$0.call(Unknown Source)
	at TempTestSuite1693966045627.run(TempTestSuite1693966045627.groovy:36)
Caused by: com.kms.katalon.core.exception.StepFailedException: Text 'number not valid' is not present on page 
	at com.kms.katalon.core.webui.keyword.internal.WebUIKeywordMain.stepFailed(WebUIKeywordMain.groovy:64)
	at com.kms.katalon.core.webui.keyword.builtin.VerifyTextPresentKeyword$_verifyTextPresent_closure1.doCall(VerifyTextPresentKeyword.groovy:79)
	at com.kms.katalon.core.webui.keyword.builtin.VerifyTextPresentKeyword$_verifyTextPresent_closure1.call(VerifyTextPresentKeyword.groovy)
	at com.kms.katalon.core.webui.keyword.internal.WebUIKeywordMain.runKeyword(WebUIKeywordMain.groovy:20)
	... 19 more
"/>
         <system-out><![CDATA[2023-09-06 09:11:55 - [TEST_CASE][FAILED] - Test Cases/M08 Edit Data Konsumen/TC-Edit Data Konsumen-Edit-008: Test Cases/M08 Edit Data Konsumen/TC-Edit Data Konsumen-Edit-008 FAILED.
Reason:
com.kms.katalon.core.exception.StepFailedException: Unable to verify text 'number not valid' is present 
	at com.kms.katalon.core.webui.keyword.internal.WebUIKeywordMain.stepFailed(WebUIKeywordMain.groovy:64)
	at com.kms.katalon.core.webui.keyword.internal.WebUIKeywordMain.runKeyword(WebUIKeywordMain.groovy:26)
	at com.kms.katalon.core.webui.keyword.builtin.VerifyTextPresentKeyword.verifyTextPresent(VerifyTextPresentKeyword.groovy:83)
	at com.kms.katalon.core.webui.keyword.builtin.VerifyTextPresentKeyword.execute(VerifyTextPresentKeyword.groovy:68)
	at com.kms.katalon.core.keyword.internal.KeywordExecutor.executeKeywordForPlatform(KeywordExecutor.groovy:74)
	at com.kms.katalon.core.webui.keyword.WebUiBuiltInKeywords.verifyTextPresent(WebUiBuiltInKeywords.groovy:1723)
	at com.kms.katalon.core.webui.keyword.WebUiBuiltInKeywords$verifyTextPresent$8.call(Unknown Source)
	at TC-Edit Data Konsumen-Edit-008.run(TC-Edit Data Konsumen-Edit-008:34)
	at com.kms.katalon.core.main.ScriptEngine.run(ScriptEngine.java:194)
	at com.kms.katalon.core.main.ScriptEngine.runScriptAsRawText(ScriptEngine.java:119)
	at com.kms.katalon.core.main.TestCaseExecutor.runScript(TestCaseExecutor.java:448)
	at com.kms.katalon.core.main.TestCaseExecutor.doExecute(TestCaseExecutor.java:439)
	at com.kms.katalon.core.main.TestCaseExecutor.processExecutionPhase(TestCaseExecutor.java:418)
	at com.kms.katalon.core.main.TestCaseExecutor.accessMainPhase(TestCaseExecutor.java:410)
	at com.kms.katalon.core.main.TestCaseExecutor.execute(TestCaseExecutor.java:285)
	at com.kms.katalon.core.common.CommonExecutor.accessTestCaseMainPhase(CommonExecutor.java:65)
	at com.kms.katalon.core.main.TestSuiteExecutor.accessTestSuiteMainPhase(TestSuiteExecutor.java:148)
	at com.kms.katalon.core.main.TestSuiteExecutor.execute(TestSuiteExecutor.java:106)
	at com.kms.katalon.core.main.TestCaseMain.startTestSuite(TestCaseMain.java:187)
	at com.kms.katalon.core.main.TestCaseMain$startTestSuite$0.call(Unknown Source)
	at TempTestSuite1693966045627.run(TempTestSuite1693966045627.groovy:36)
Caused by: com.kms.katalon.core.exception.StepFailedException: Text 'number not valid' is not present on page 
	at com.kms.katalon.core.webui.keyword.internal.WebUIKeywordMain.stepFailed(WebUIKeywordMain.groovy:64)
	at com.kms.katalon.core.webui.keyword.builtin.VerifyTextPresentKeyword$_verifyTextPresent_closure1.doCall(VerifyTextPresentKeyword.groovy:79)
	at com.kms.katalon.core.webui.keyword.builtin.VerifyTextPresentKeyword$_verifyTextPresent_closure1.call(VerifyTextPresentKeyword.groovy)
	at com.kms.katalon.core.webui.keyword.internal.WebUIKeywordMain.runKeyword(WebUIKeywordMain.groovy:20)
	... 19 more


2023-09-06 09:11:56 - [TEST_STEP][PASSED] - callTestCase(findTestCase("M08 Edit Data Konsumen/TC-Edit Data Konsumen-show-001"), [:], STOP_ON_FAILURE): Call Test Case 'Test Cases/M08 Edit Data Konsumen/TC-Edit Data Konsumen-show-001' successfully

2023-09-06 09:11:56 - [TEST_CASE][PASSED] - Test Cases/M08 Edit Data Konsumen/TC-Edit Data Konsumen-show-001: Test Cases/M08 Edit Data Konsumen/TC-Edit Data Konsumen-show-001

2023-09-06 09:11:56 - [TEST_STEP][PASSED] - callTestCase(findTestCase("Login/TC-Login Admin-Success-001"), ["Username":"admin", "Password":"123admin123"], STOP_ON_FAILURE): Call Test Case 'Test Cases/Login/TC-Login Admin-Success-001' successfully

2023-09-06 09:11:56 - [TEST_CASE][PASSED] - Test Cases/Login/TC-Login Admin-Success-001: Test Cases/Login/TC-Login Admin-Success-001

2023-09-06 09:11:56 - [TEST_STEP][PASSED] - openBrowser("https://10.9.2.63/ecommerce/administrator/"): Browser is opened with url: 'https://10.9.2.63/ecommerce/administrator/'

2023-09-06 09:11:56 - [MESSAGE][WARNING] - A browser is already opened. Closing browser and opening a new one

2023-09-06 09:11:57 - [MESSAGE][INFO] - Starting 'Edge Chromium' driver

2023-09-06 09:11:57 - [MESSAGE][INFO] - User set preference: ['acceptInsecureCerts', 'true']

2023-09-06 09:11:59 - [MESSAGE][INFO] - Action delay is set to 0 milliseconds

2023-09-06 09:12:03 - [MESSAGE][PASSED] - Browser is opened with url: 'https://10.9.2.63/ecommerce/administrator/'

2023-09-06 09:12:03 - [TEST_STEP][PASSED] - maximizeWindow(): Current window maximized

2023-09-06 09:12:03 - [MESSAGE][PASSED] - Current window maximized

2023-09-06 09:12:03 - [TEST_STEP][PASSED] - verifyElementPresent(findTestObject("Login admin/Tittle ADMIN"), 0): Object 'Object Repository/Login admin/Tittle ADMIN' is present

2023-09-06 09:12:03 - [MESSAGE][WARNING] - Timeout '0' is invalid. Using default page load timeout: '30'

2023-09-06 09:12:03 - [MESSAGE][PASSED] - Object 'Object Repository/Login admin/Tittle ADMIN' is present

2023-09-06 09:12:03 - [TEST_STEP][PASSED] - setText(findTestObject("Login/input_Username, Email atau No. Handphone_a"), Username): Text 'admin' is set on object 'Object Repository/Login/input_Username, Email atau No. Handphone_a'

2023-09-06 09:12:04 - [MESSAGE][PASSED] - Text 'admin' is set on object 'Object Repository/Login/input_Username, Email atau No. Handphone_a'

2023-09-06 09:12:04 - [TEST_STEP][PASSED] - setText(findTestObject("Login/input_Password"), Password): Text '123admin123' is set on object 'Object Repository/Login/input_Password'

2023-09-06 09:12:05 - [MESSAGE][PASSED] - Text '123admin123' is set on object 'Object Repository/Login/input_Password'

2023-09-06 09:12:05 - [TEST_STEP][PASSED] - click(findTestObject("Login admin/buttom Remember Me")): Object: 'Object Repository/Login admin/buttom Remember Me' is clicked on

2023-09-06 09:12:06 - [MESSAGE][PASSED] - Object: 'Object Repository/Login admin/buttom Remember Me' is clicked on

2023-09-06 09:12:06 - [TEST_STEP][PASSED] - delay(10): Delayed 10 second(s)

2023-09-06 09:12:16 - [MESSAGE][PASSED] - Delayed 10 second(s)

2023-09-06 09:12:16 - [TEST_STEP][PASSED] - click(findTestObject("Login admin/buttom sign in")): Object: 'Object Repository/Login admin/buttom sign in' is clicked on

2023-09-06 09:12:22 - [MESSAGE][PASSED] - Object: 'Object Repository/Login admin/buttom sign in' is clicked on

2023-09-06 09:12:22 - [TEST_STEP][PASSED] - verifyElementPresent(findTestObject("Login admin/Tittle Dashboard"), 0): Object 'Object Repository/Login admin/Tittle Dashboard' is present

2023-09-06 09:12:22 - [MESSAGE][WARNING] - Timeout '0' is invalid. Using default page load timeout: '30'

2023-09-06 09:12:22 - [MESSAGE][PASSED] - Object 'Object Repository/Login admin/Tittle Dashboard' is present

2023-09-06 09:12:22 - [MESSAGE][PASSED] - Call Test Case 'Test Cases/Login/TC-Login Admin-Success-001' successfully

2023-09-06 09:12:22 - [TEST_STEP][PASSED] - click(findTestObject("Menu pencarian Toko admin/Menu Master Market")): Object: 'Object Repository/Menu pencarian Toko admin/Menu Master Market' is clicked on

2023-09-06 09:12:23 - [MESSAGE][PASSED] - Object: 'Object Repository/Menu pencarian Toko admin/Menu Master Market' is clicked on

2023-09-06 09:12:23 - [TEST_STEP][PASSED] - click(findTestObject("Edit Data konsumen/Menu Konsumen")): Object: 'Object Repository/Edit Data konsumen/Menu Konsumen' is clicked on

2023-09-06 09:12:24 - [MESSAGE][PASSED] - Object: 'Object Repository/Edit Data konsumen/Menu Konsumen' is clicked on

2023-09-06 09:12:24 - [TEST_STEP][PASSED] - verifyElementPresent(findTestObject("Edit Data konsumen/Tittle Daftar Semua Konsumen"), 0): Object 'Object Repository/Edit Data konsumen/Tittle Daftar Semua Konsumen' is present

2023-09-06 09:12:25 - [MESSAGE][WARNING] - Timeout '0' is invalid. Using default page load timeout: '30'

2023-09-06 09:12:25 - [MESSAGE][PASSED] - Object 'Object Repository/Edit Data konsumen/Tittle Daftar Semua Konsumen' is present

2023-09-06 09:12:25 - [MESSAGE][PASSED] - Call Test Case 'Test Cases/M08 Edit Data Konsumen/TC-Edit Data Konsumen-show-001' successfully

2023-09-06 09:12:25 - [TEST_STEP][PASSED] - click(findTestObject("Edit Data konsumen/buttom edit")): Object: 'Object Repository/Edit Data konsumen/buttom edit' is clicked on

2023-09-06 09:12:30 - [MESSAGE][PASSED] - Object: 'Object Repository/Edit Data konsumen/buttom edit' is clicked on

2023-09-06 09:12:30 - [TEST_STEP][PASSED] - verifyElementPresent(findTestObject("Edit Data konsumen/tittle Edit Data Konsumen"), 0): Object 'Object Repository/Edit Data konsumen/tittle Edit Data Konsumen' is present

2023-09-06 09:12:30 - [MESSAGE][WARNING] - Timeout '0' is invalid. Using default page load timeout: '30'

2023-09-06 09:12:30 - [MESSAGE][PASSED] - Object 'Object Repository/Edit Data konsumen/tittle Edit Data Konsumen' is present

2023-09-06 09:12:30 - [TEST_STEP][PASSED] - setText(findTestObject("Edit Data konsumen/Input no Hp/input No Hp"), "-1"): Text '-1' is set on object 'Object Repository/Edit Data konsumen/Input no Hp/input No Hp'

2023-09-06 09:12:31 - [MESSAGE][PASSED] - Text '-1' is set on object 'Object Repository/Edit Data konsumen/Input no Hp/input No Hp'

2023-09-06 09:12:31 - [TEST_STEP][PASSED] - click(findTestObject("Edit Data konsumen/button_Update")): Object: 'Object Repository/Edit Data konsumen/button_Update' is clicked on

2023-09-06 09:12:32 - [MESSAGE][PASSED] - Object: 'Object Repository/Edit Data konsumen/button_Update' is clicked on

2023-09-06 09:12:32 - [TEST_STEP][FAILED] - verifyTextPresent("number not valid", false): Unable to verify text 'number not valid' is present  (Root cause: com.kms.katalon.core.exception.StepFailedException: Unable to verify text 'number not valid' is present 
	at com.kms.katalon.core.webui.keyword.internal.WebUIKeywordMain.stepFailed(WebUIKeywordMain.groovy:64)
	at com.kms.katalon.core.webui.keyword.internal.WebUIKeywordMain.runKeyword(WebUIKeywordMain.groovy:26)
	at com.kms.katalon.core.webui.keyword.builtin.VerifyTextPresentKeyword.verifyTextPresent(VerifyTextPresentKeyword.groovy:83)
	at com.kms.katalon.core.webui.keyword.builtin.VerifyTextPresentKeyword.execute(VerifyTextPresentKeyword.groovy:68)
	at com.kms.katalon.core.keyword.internal.KeywordExecutor.executeKeywordForPlatform(KeywordExecutor.groovy:74)
	at com.kms.katalon.core.webui.keyword.WebUiBuiltInKeywords.verifyTextPresent(WebUiBuiltInKeywords.groovy:1723)
	at com.kms.katalon.core.webui.keyword.WebUiBuiltInKeywords$verifyTextPresent$8.call(Unknown Source)
	at TC-Edit Data Konsumen-Edit-008.run(TC-Edit Data Konsumen-Edit-008:34)
	at com.kms.katalon.core.main.ScriptEngine.run(ScriptEngine.java:194)
	at com.kms.katalon.core.main.ScriptEngine.runScriptAsRawText(ScriptEngine.java:119)
	at com.kms.katalon.core.main.TestCaseExecutor.runScript(TestCaseExecutor.java:448)
	at com.kms.katalon.core.main.TestCaseExecutor.doExecute(TestCaseExecutor.java:439)
	at com.kms.katalon.core.main.TestCaseExecutor.processExecutionPhase(TestCaseExecutor.java:418)
	at com.kms.katalon.core.main.TestCaseExecutor.accessMainPhase(TestCaseExecutor.java:410)
	at com.kms.katalon.core.main.TestCaseExecutor.execute(TestCaseExecutor.java:285)
	at com.kms.katalon.core.common.CommonExecutor.accessTestCaseMainPhase(CommonExecutor.java:65)
	at com.kms.katalon.core.main.TestSuiteExecutor.accessTestSuiteMainPhase(TestSuiteExecutor.java:148)
	at com.kms.katalon.core.main.TestSuiteExecutor.execute(TestSuiteExecutor.java:106)
	at com.kms.katalon.core.main.TestCaseMain.startTestSuite(TestCaseMain.java:187)
	at com.kms.katalon.core.main.TestCaseMain$startTestSuite$0.call(Unknown Source)
	at TempTestSuite1693966045627.run(TempTestSuite1693966045627.groovy:36)
Caused by: com.kms.katalon.core.exception.StepFailedException: Text 'number not valid' is not present on page 
	at com.kms.katalon.core.webui.keyword.internal.WebUIKeywordMain.stepFailed(WebUIKeywordMain.groovy:64)
	at com.kms.katalon.core.webui.keyword.builtin.VerifyTextPresentKeyword$_verifyTextPresent_closure1.doCall(VerifyTextPresentKeyword.groovy:79)
	at com.kms.katalon.core.webui.keyword.builtin.VerifyTextPresentKeyword$_verifyTextPresent_closure1.call(VerifyTextPresentKeyword.groovy)
	at com.kms.katalon.core.webui.keyword.internal.WebUIKeywordMain.runKeyword(WebUIKeywordMain.groovy:20)
	... 19 more
)

2023-09-06 09:12:33 - [MESSAGE][FAILED] - Text 'number not valid' is not present on page  (Root cause: com.kms.katalon.core.exception.StepFailedException: Text 'number not valid' is not present on page 
	at com.kms.katalon.core.webui.keyword.internal.WebUIKeywordMain.stepFailed(WebUIKeywordMain.groovy:64)
	at com.kms.katalon.core.webui.keyword.builtin.VerifyTextPresentKeyword$_verifyTextPresent_closure1.doCall(VerifyTextPresentKeyword.groovy:79)
	at com.kms.katalon.core.webui.keyword.builtin.VerifyTextPresentKeyword$_verifyTextPresent_closure1.call(VerifyTextPresentKeyword.groovy)
	at com.kms.katalon.core.webui.keyword.internal.WebUIKeywordMain.runKeyword(WebUIKeywordMain.groovy:20)
	at com.kms.katalon.core.webui.keyword.builtin.VerifyTextPresentKeyword.verifyTextPresent(VerifyTextPresentKeyword.groovy:83)
	at com.kms.katalon.core.webui.keyword.builtin.VerifyTextPresentKeyword.execute(VerifyTextPresentKeyword.groovy:68)
	at com.kms.katalon.core.keyword.internal.KeywordExecutor.executeKeywordForPlatform(KeywordExecutor.groovy:74)
	at com.kms.katalon.core.webui.keyword.WebUiBuiltInKeywords.verifyTextPresent(WebUiBuiltInKeywords.groovy:1723)
	at com.kms.katalon.core.webui.keyword.WebUiBuiltInKeywords$verifyTextPresent$8.call(Unknown Source)
	at TC-Edit Data Konsumen-Edit-008.run(TC-Edit Data Konsumen-Edit-008:34)
	at com.kms.katalon.core.main.ScriptEngine.run(ScriptEngine.java:194)
	at com.kms.katalon.core.main.ScriptEngine.runScriptAsRawText(ScriptEngine.java:119)
	at com.kms.katalon.core.main.TestCaseExecutor.runScript(TestCaseExecutor.java:448)
	at com.kms.katalon.core.main.TestCaseExecutor.doExecute(TestCaseExecutor.java:439)
	at com.kms.katalon.core.main.TestCaseExecutor.processExecutionPhase(TestCaseExecutor.java:418)
	at com.kms.katalon.core.main.TestCaseExecutor.accessMainPhase(TestCaseExecutor.java:410)
	at com.kms.katalon.core.main.TestCaseExecutor.execute(TestCaseExecutor.java:285)
	at com.kms.katalon.core.common.CommonExecutor.accessTestCaseMainPhase(CommonExecutor.java:65)
	at com.kms.katalon.core.main.TestSuiteExecutor.accessTestSuiteMainPhase(TestSuiteExecutor.java:148)
	at com.kms.katalon.core.main.TestSuiteExecutor.execute(TestSuiteExecutor.java:106)
	at com.kms.katalon.core.main.TestCaseMain.startTestSuite(TestCaseMain.java:187)
	at com.kms.katalon.core.main.TestCaseMain$startTestSuite$0.call(Unknown Source)
	at TempTestSuite1693966045627.run(TempTestSuite1693966045627.groovy:36)
)

2023-09-06 09:12:33 - [MESSAGE][FAILED] - Unable to verify text 'number not valid' is present  (Root cause: com.kms.katalon.core.exception.StepFailedException: Unable to verify text 'number not valid' is present 
	at com.kms.katalon.core.webui.keyword.internal.WebUIKeywordMain.stepFailed(WebUIKeywordMain.groovy:64)
	at com.kms.katalon.core.webui.keyword.internal.WebUIKeywordMain.runKeyword(WebUIKeywordMain.groovy:26)
	at com.kms.katalon.core.webui.keyword.builtin.VerifyTextPresentKeyword.verifyTextPresent(VerifyTextPresentKeyword.groovy:83)
	at com.kms.katalon.core.webui.keyword.builtin.VerifyTextPresentKeyword.execute(VerifyTextPresentKeyword.groovy:68)
	at com.kms.katalon.core.keyword.internal.KeywordExecutor.executeKeywordForPlatform(KeywordExecutor.groovy:74)
	at com.kms.katalon.core.webui.keyword.WebUiBuiltInKeywords.verifyTextPresent(WebUiBuiltInKeywords.groovy:1723)
	at com.kms.katalon.core.webui.keyword.WebUiBuiltInKeywords$verifyTextPresent$8.call(Unknown Source)
	at TC-Edit Data Konsumen-Edit-008.run(TC-Edit Data Konsumen-Edit-008:34)
	at com.kms.katalon.core.main.ScriptEngine.run(ScriptEngine.java:194)
	at com.kms.katalon.core.main.ScriptEngine.runScriptAsRawText(ScriptEngine.java:119)
	at com.kms.katalon.core.main.TestCaseExecutor.runScript(TestCaseExecutor.java:448)
	at com.kms.katalon.core.main.TestCaseExecutor.doExecute(TestCaseExecutor.java:439)
	at com.kms.katalon.core.main.TestCaseExecutor.processExecutionPhase(TestCaseExecutor.java:418)
	at com.kms.katalon.core.main.TestCaseExecutor.accessMainPhase(TestCaseExecutor.java:410)
	at com.kms.katalon.core.main.TestCaseExecutor.execute(TestCaseExecutor.java:285)
	at com.kms.katalon.core.common.CommonExecutor.accessTestCaseMainPhase(CommonExecutor.java:65)
	at com.kms.katalon.core.main.TestSuiteExecutor.accessTestSuiteMainPhase(TestSuiteExecutor.java:148)
	at com.kms.katalon.core.main.TestSuiteExecutor.execute(TestSuiteExecutor.java:106)
	at com.kms.katalon.core.main.TestCaseMain.startTestSuite(TestCaseMain.java:187)
	at com.kms.katalon.core.main.TestCaseMain$startTestSuite$0.call(Unknown Source)
	at TempTestSuite1693966045627.run(TempTestSuite1693966045627.groovy:36)
Caused by: com.kms.katalon.core.exception.StepFailedException: Text 'number not valid' is not present on page 
	at com.kms.katalon.core.webui.keyword.internal.WebUIKeywordMain.stepFailed(WebUIKeywordMain.groovy:64)
	at com.kms.katalon.core.webui.keyword.builtin.VerifyTextPresentKeyword$_verifyTextPresent_closure1.doCall(VerifyTextPresentKeyword.groovy:79)
	at com.kms.katalon.core.webui.keyword.builtin.VerifyTextPresentKeyword$_verifyTextPresent_closure1.call(VerifyTextPresentKeyword.groovy)
	at com.kms.katalon.core.webui.keyword.internal.WebUIKeywordMain.runKeyword(WebUIKeywordMain.groovy:20)
	... 19 more
)
[[ATTACHMENT|D:\\Project XSIS\\batch-324-qa\\irfan\\Projek Eval 2 Tajalapak dan administrator\\Reports\\20230906_090725\\Edit Data Konsumen\\Edit Data Konsumen\\20230906_090725\\1693966353319.png]]]]></system-out>
         <system-err><![CDATA[2023-09-06 09:11:55 - [TEST_CASE][FAILED] - Test Cases/M08 Edit Data Konsumen/TC-Edit Data Konsumen-Edit-008: Test Cases/M08 Edit Data Konsumen/TC-Edit Data Konsumen-Edit-008 FAILED.
Reason:
com.kms.katalon.core.exception.StepFailedException: Unable to verify text 'number not valid' is present 
	at com.kms.katalon.core.webui.keyword.internal.WebUIKeywordMain.stepFailed(WebUIKeywordMain.groovy:64)
	at com.kms.katalon.core.webui.keyword.internal.WebUIKeywordMain.runKeyword(WebUIKeywordMain.groovy:26)
	at com.kms.katalon.core.webui.keyword.builtin.VerifyTextPresentKeyword.verifyTextPresent(VerifyTextPresentKeyword.groovy:83)
	at com.kms.katalon.core.webui.keyword.builtin.VerifyTextPresentKeyword.execute(VerifyTextPresentKeyword.groovy:68)
	at com.kms.katalon.core.keyword.internal.KeywordExecutor.executeKeywordForPlatform(KeywordExecutor.groovy:74)
	at com.kms.katalon.core.webui.keyword.WebUiBuiltInKeywords.verifyTextPresent(WebUiBuiltInKeywords.groovy:1723)
	at com.kms.katalon.core.webui.keyword.WebUiBuiltInKeywords$verifyTextPresent$8.call(Unknown Source)
	at TC-Edit Data Konsumen-Edit-008.run(TC-Edit Data Konsumen-Edit-008:34)
	at com.kms.katalon.core.main.ScriptEngine.run(ScriptEngine.java:194)
	at com.kms.katalon.core.main.ScriptEngine.runScriptAsRawText(ScriptEngine.java:119)
	at com.kms.katalon.core.main.TestCaseExecutor.runScript(TestCaseExecutor.java:448)
	at com.kms.katalon.core.main.TestCaseExecutor.doExecute(TestCaseExecutor.java:439)
	at com.kms.katalon.core.main.TestCaseExecutor.processExecutionPhase(TestCaseExecutor.java:418)
	at com.kms.katalon.core.main.TestCaseExecutor.accessMainPhase(TestCaseExecutor.java:410)
	at com.kms.katalon.core.main.TestCaseExecutor.execute(TestCaseExecutor.java:285)
	at com.kms.katalon.core.common.CommonExecutor.accessTestCaseMainPhase(CommonExecutor.java:65)
	at com.kms.katalon.core.main.TestSuiteExecutor.accessTestSuiteMainPhase(TestSuiteExecutor.java:148)
	at com.kms.katalon.core.main.TestSuiteExecutor.execute(TestSuiteExecutor.java:106)
	at com.kms.katalon.core.main.TestCaseMain.startTestSuite(TestCaseMain.java:187)
	at com.kms.katalon.core.main.TestCaseMain$startTestSuite$0.call(Unknown Source)
	at TempTestSuite1693966045627.run(TempTestSuite1693966045627.groovy:36)
Caused by: com.kms.katalon.core.exception.StepFailedException: Text 'number not valid' is not present on page 
	at com.kms.katalon.core.webui.keyword.internal.WebUIKeywordMain.stepFailed(WebUIKeywordMain.groovy:64)
	at com.kms.katalon.core.webui.keyword.builtin.VerifyTextPresentKeyword$_verifyTextPresent_closure1.doCall(VerifyTextPresentKeyword.groovy:79)
	at com.kms.katalon.core.webui.keyword.builtin.VerifyTextPresentKeyword$_verifyTextPresent_closure1.call(VerifyTextPresentKeyword.groovy)
	at com.kms.katalon.core.webui.keyword.internal.WebUIKeywordMain.runKeyword(WebUIKeywordMain.groovy:20)
	... 19 more]]></system-err>
      </testcase>
      <testcase name="Test Cases/M08 Edit Data Konsumen/TC-Edit Data Konsumen-show-001" time="25.666" classname="Test Cases/M08 Edit Data Konsumen/TC-Edit Data Konsumen-show-001" status="PASSED">
         <system-out><![CDATA[2023-09-06 09:12:33 - [TEST_CASE][PASSED] - Test Cases/M08 Edit Data Konsumen/TC-Edit Data Konsumen-show-001: Test Cases/M08 Edit Data Konsumen/TC-Edit Data Konsumen-show-001

2023-09-06 09:12:33 - [TEST_STEP][PASSED] - callTestCase(findTestCase("Login/TC-Login Admin-Success-001"), ["Username":"admin", "Password":"123admin123"], STOP_ON_FAILURE): Call Test Case 'Test Cases/Login/TC-Login Admin-Success-001' successfully

2023-09-06 09:12:33 - [TEST_CASE][PASSED] - Test Cases/Login/TC-Login Admin-Success-001: Test Cases/Login/TC-Login Admin-Success-001

2023-09-06 09:12:33 - [TEST_STEP][PASSED] - openBrowser("https://10.9.2.63/ecommerce/administrator/"): Browser is opened with url: 'https://10.9.2.63/ecommerce/administrator/'

2023-09-06 09:12:33 - [MESSAGE][WARNING] - A browser is already opened. Closing browser and opening a new one

2023-09-06 09:12:34 - [MESSAGE][INFO] - Starting 'Edge Chromium' driver

2023-09-06 09:12:34 - [MESSAGE][INFO] - User set preference: ['acceptInsecureCerts', 'true']

2023-09-06 09:12:36 - [MESSAGE][INFO] - Action delay is set to 0 milliseconds

2023-09-06 09:12:38 - [MESSAGE][PASSED] - Browser is opened with url: 'https://10.9.2.63/ecommerce/administrator/'

2023-09-06 09:12:38 - [TEST_STEP][PASSED] - maximizeWindow(): Current window maximized

2023-09-06 09:12:38 - [MESSAGE][PASSED] - Current window maximized

2023-09-06 09:12:38 - [TEST_STEP][PASSED] - verifyElementPresent(findTestObject("Login admin/Tittle ADMIN"), 0): Object 'Object Repository/Login admin/Tittle ADMIN' is present

2023-09-06 09:12:38 - [MESSAGE][WARNING] - Timeout '0' is invalid. Using default page load timeout: '30'

2023-09-06 09:12:39 - [MESSAGE][PASSED] - Object 'Object Repository/Login admin/Tittle ADMIN' is present

2023-09-06 09:12:39 - [TEST_STEP][PASSED] - setText(findTestObject("Login/input_Username, Email atau No. Handphone_a"), Username): Text 'admin' is set on object 'Object Repository/Login/input_Username, Email atau No. Handphone_a'

2023-09-06 09:12:40 - [MESSAGE][PASSED] - Text 'admin' is set on object 'Object Repository/Login/input_Username, Email atau No. Handphone_a'

2023-09-06 09:12:40 - [TEST_STEP][PASSED] - setText(findTestObject("Login/input_Password"), Password): Text '123admin123' is set on object 'Object Repository/Login/input_Password'

2023-09-06 09:12:41 - [MESSAGE][PASSED] - Text '123admin123' is set on object 'Object Repository/Login/input_Password'

2023-09-06 09:12:41 - [TEST_STEP][PASSED] - click(findTestObject("Login admin/buttom Remember Me")): Object: 'Object Repository/Login admin/buttom Remember Me' is clicked on

2023-09-06 09:12:41 - [MESSAGE][PASSED] - Object: 'Object Repository/Login admin/buttom Remember Me' is clicked on

2023-09-06 09:12:41 - [TEST_STEP][PASSED] - delay(10): Delayed 10 second(s)

2023-09-06 09:12:51 - [MESSAGE][PASSED] - Delayed 10 second(s)

2023-09-06 09:12:51 - [TEST_STEP][PASSED] - click(findTestObject("Login admin/buttom sign in")): Object: 'Object Repository/Login admin/buttom sign in' is clicked on

2023-09-06 09:12:52 - [MESSAGE][PASSED] - Object: 'Object Repository/Login admin/buttom sign in' is clicked on

2023-09-06 09:12:52 - [TEST_STEP][PASSED] - verifyElementPresent(findTestObject("Login admin/Tittle Dashboard"), 0): Object 'Object Repository/Login admin/Tittle Dashboard' is present

2023-09-06 09:12:53 - [MESSAGE][WARNING] - Timeout '0' is invalid. Using default page load timeout: '30'

2023-09-06 09:12:56 - [MESSAGE][PASSED] - Object 'Object Repository/Login admin/Tittle Dashboard' is present

2023-09-06 09:12:56 - [MESSAGE][PASSED] - Call Test Case 'Test Cases/Login/TC-Login Admin-Success-001' successfully

2023-09-06 09:12:56 - [TEST_STEP][PASSED] - click(findTestObject("Menu pencarian Toko admin/Menu Master Market")): Object: 'Object Repository/Menu pencarian Toko admin/Menu Master Market' is clicked on

2023-09-06 09:12:57 - [MESSAGE][PASSED] - Object: 'Object Repository/Menu pencarian Toko admin/Menu Master Market' is clicked on

2023-09-06 09:12:57 - [TEST_STEP][PASSED] - click(findTestObject("Edit Data konsumen/Menu Konsumen")): Object: 'Object Repository/Edit Data konsumen/Menu Konsumen' is clicked on

2023-09-06 09:12:58 - [MESSAGE][PASSED] - Object: 'Object Repository/Edit Data konsumen/Menu Konsumen' is clicked on

2023-09-06 09:12:58 - [TEST_STEP][PASSED] - verifyElementPresent(findTestObject("Edit Data konsumen/Tittle Daftar Semua Konsumen"), 0): Object 'Object Repository/Edit Data konsumen/Tittle Daftar Semua Konsumen' is present

2023-09-06 09:12:58 - [MESSAGE][WARNING] - Timeout '0' is invalid. Using default page load timeout: '30'

2023-09-06 09:12:59 - [MESSAGE][PASSED] - Object 'Object Repository/Edit Data konsumen/Tittle Daftar Semua Konsumen' is present]]></system-out>
         <system-err><![CDATA[]]></system-err>
      </testcase>
      <testcase name="Test Cases/M08 Edit Data Konsumen/TC-Login Admin-Success-001" time="25.054" classname="Test Cases/M08 Edit Data Konsumen/TC-Login Admin-Success-001" status="PASSED">
         <system-out><![CDATA[2023-09-06 09:12:59 - [TEST_CASE][PASSED] - Test Cases/M08 Edit Data Konsumen/TC-Login Admin-Success-001: Test Cases/M08 Edit Data Konsumen/TC-Login Admin-Success-001

2023-09-06 09:13:00 - [TEST_STEP][PASSED] - openBrowser("https://10.9.2.63/ecommerce/administrator/"): Browser is opened with url: 'https://10.9.2.63/ecommerce/administrator/'

2023-09-06 09:13:00 - [MESSAGE][WARNING] - A browser is already opened. Closing browser and opening a new one

2023-09-06 09:13:00 - [MESSAGE][INFO] - Starting 'Edge Chromium' driver

2023-09-06 09:13:00 - [MESSAGE][INFO] - User set preference: ['acceptInsecureCerts', 'true']

2023-09-06 09:13:03 - [MESSAGE][INFO] - Action delay is set to 0 milliseconds

2023-09-06 09:13:05 - [MESSAGE][PASSED] - Browser is opened with url: 'https://10.9.2.63/ecommerce/administrator/'

2023-09-06 09:13:05 - [TEST_STEP][PASSED] - maximizeWindow(): Current window maximized

2023-09-06 09:13:05 - [MESSAGE][PASSED] - Current window maximized

2023-09-06 09:13:05 - [TEST_STEP][PASSED] - verifyElementPresent(findTestObject("Login admin/Tittle ADMIN"), 0): Object 'Object Repository/Login admin/Tittle ADMIN' is present

2023-09-06 09:13:06 - [MESSAGE][WARNING] - Timeout '0' is invalid. Using default page load timeout: '30'

2023-09-06 09:13:06 - [MESSAGE][PASSED] - Object 'Object Repository/Login admin/Tittle ADMIN' is present

2023-09-06 09:13:06 - [TEST_STEP][PASSED] - setText(findTestObject("Login/input_Username, Email atau No. Handphone_a"), Username): Text 'admin' is set on object 'Object Repository/Login/input_Username, Email atau No. Handphone_a'

2023-09-06 09:13:07 - [MESSAGE][PASSED] - Text 'admin' is set on object 'Object Repository/Login/input_Username, Email atau No. Handphone_a'

2023-09-06 09:13:07 - [TEST_STEP][PASSED] - setText(findTestObject("Login/input_Password"), Password): Text '123admin123' is set on object 'Object Repository/Login/input_Password'

2023-09-06 09:13:08 - [MESSAGE][PASSED] - Text '123admin123' is set on object 'Object Repository/Login/input_Password'

2023-09-06 09:13:08 - [TEST_STEP][PASSED] - click(findTestObject("Login admin/buttom Remember Me")): Object: 'Object Repository/Login admin/buttom Remember Me' is clicked on

2023-09-06 09:13:08 - [MESSAGE][PASSED] - Object: 'Object Repository/Login admin/buttom Remember Me' is clicked on

2023-09-06 09:13:08 - [TEST_STEP][PASSED] - delay(10): Delayed 10 second(s)

2023-09-06 09:13:18 - [MESSAGE][PASSED] - Delayed 10 second(s)

2023-09-06 09:13:18 - [TEST_STEP][PASSED] - click(findTestObject("Login admin/buttom sign in")): Object: 'Object Repository/Login admin/buttom sign in' is clicked on

2023-09-06 09:13:19 - [MESSAGE][PASSED] - Object: 'Object Repository/Login admin/buttom sign in' is clicked on

2023-09-06 09:13:19 - [TEST_STEP][PASSED] - verifyElementPresent(findTestObject("Login admin/Tittle Dashboard"), 0): Object 'Object Repository/Login admin/Tittle Dashboard' is present

2023-09-06 09:13:20 - [MESSAGE][WARNING] - Timeout '0' is invalid. Using default page load timeout: '30'

2023-09-06 09:13:24 - [MESSAGE][PASSED] - Object 'Object Repository/Login admin/Tittle Dashboard' is present]]></system-out>
         <system-err><![CDATA[]]></system-err>
      </testcase>
      <system-out><![CDATA[2023-09-06 09:07:28 - [TEST_SUITE][FAILED] - Edit Data Konsumen: Test Cases/M08 Edit Data Konsumen/TC-Edit Data Konsumen-Edit-002 FAILED.
Reason:
com.kms.katalon.core.exception.StepFailedException: Unable to verify text 'Nama tidak boleh menggunakan Symbol' is present 
	at com.kms.katalon.core.webui.keyword.internal.WebUIKeywordMain.stepFailed(WebUIKeywordMain.groovy:64)
	at com.kms.katalon.core.webui.keyword.internal.WebUIKeywordMain.runKeyword(WebUIKeywordMain.groovy:26)
	at com.kms.katalon.core.webui.keyword.builtin.VerifyTextPresentKeyword.verifyTextPresent(VerifyTextPresentKeyword.groovy:83)
	at com.kms.katalon.core.webui.keyword.builtin.VerifyTextPresentKeyword.execute(VerifyTextPresentKeyword.groovy:68)
	at com.kms.katalon.core.keyword.internal.KeywordExecutor.executeKeywordForPlatform(KeywordExecutor.groovy:74)
	at com.kms.katalon.core.webui.keyword.WebUiBuiltInKeywords.verifyTextPresent(WebUiBuiltInKeywords.groovy:1723)
	at com.kms.katalon.core.webui.keyword.WebUiBuiltInKeywords$verifyTextPresent$8.call(Unknown Source)
	at TC-Edit Data Konsumen-Edit-002.run(TC-Edit Data Konsumen-Edit-002:30)
	at com.kms.katalon.core.main.ScriptEngine.run(ScriptEngine.java:194)
	at com.kms.katalon.core.main.ScriptEngine.runScriptAsRawText(ScriptEngine.java:119)
	at com.kms.katalon.core.main.TestCaseExecutor.runScript(TestCaseExecutor.java:448)
	at com.kms.katalon.core.main.TestCaseExecutor.doExecute(TestCaseExecutor.java:439)
	at com.kms.katalon.core.main.TestCaseExecutor.processExecutionPhase(TestCaseExecutor.java:418)
	at com.kms.katalon.core.main.TestCaseExecutor.accessMainPhase(TestCaseExecutor.java:410)
	at com.kms.katalon.core.main.TestCaseExecutor.execute(TestCaseExecutor.java:285)
	at com.kms.katalon.core.common.CommonExecutor.accessTestCaseMainPhase(CommonExecutor.java:65)
	at com.kms.katalon.core.main.TestSuiteExecutor.accessTestSuiteMainPhase(TestSuiteExecutor.java:148)
	at com.kms.katalon.core.main.TestSuiteExecutor.execute(TestSuiteExecutor.java:106)
	at com.kms.katalon.core.main.TestCaseMain.startTestSuite(TestCaseMain.java:187)
	at com.kms.katalon.core.main.TestCaseMain$startTestSuite$0.call(Unknown Source)
	at TempTestSuite1693966045627.run(TempTestSuite1693966045627.groovy:36)
Caused by: com.kms.katalon.core.exception.StepFailedException: Text 'Nama tidak boleh menggunakan Symbol' is not present on page 
	at com.kms.katalon.core.webui.keyword.internal.WebUIKeywordMain.stepFailed(WebUIKeywordMain.groovy:64)
	at com.kms.katalon.core.webui.keyword.builtin.VerifyTextPresentKeyword$_verifyTextPresent_closure1.doCall(VerifyTextPresentKeyword.groovy:79)
	at com.kms.katalon.core.webui.keyword.builtin.VerifyTextPresentKeyword$_verifyTextPresent_closure1.call(VerifyTextPresentKeyword.groovy)
	at com.kms.katalon.core.webui.keyword.internal.WebUIKeywordMain.runKeyword(WebUIKeywordMain.groovy:20)
	... 19 more]]></system-out>
      <system-err><![CDATA[2023-09-06 09:07:28 - [TEST_SUITE][FAILED] - Edit Data Konsumen: Test Cases/M08 Edit Data Konsumen/TC-Edit Data Konsumen-Edit-002 FAILED.
Reason:
com.kms.katalon.core.exception.StepFailedException: Unable to verify text 'Nama tidak boleh menggunakan Symbol' is present 
	at com.kms.katalon.core.webui.keyword.internal.WebUIKeywordMain.stepFailed(WebUIKeywordMain.groovy:64)
	at com.kms.katalon.core.webui.keyword.internal.WebUIKeywordMain.runKeyword(WebUIKeywordMain.groovy:26)
	at com.kms.katalon.core.webui.keyword.builtin.VerifyTextPresentKeyword.verifyTextPresent(VerifyTextPresentKeyword.groovy:83)
	at com.kms.katalon.core.webui.keyword.builtin.VerifyTextPresentKeyword.execute(VerifyTextPresentKeyword.groovy:68)
	at com.kms.katalon.core.keyword.internal.KeywordExecutor.executeKeywordForPlatform(KeywordExecutor.groovy:74)
	at com.kms.katalon.core.webui.keyword.WebUiBuiltInKeywords.verifyTextPresent(WebUiBuiltInKeywords.groovy:1723)
	at com.kms.katalon.core.webui.keyword.WebUiBuiltInKeywords$verifyTextPresent$8.call(Unknown Source)
	at TC-Edit Data Konsumen-Edit-002.run(TC-Edit Data Konsumen-Edit-002:30)
	at com.kms.katalon.core.main.ScriptEngine.run(ScriptEngine.java:194)
	at com.kms.katalon.core.main.ScriptEngine.runScriptAsRawText(ScriptEngine.java:119)
	at com.kms.katalon.core.main.TestCaseExecutor.runScript(TestCaseExecutor.java:448)
	at com.kms.katalon.core.main.TestCaseExecutor.doExecute(TestCaseExecutor.java:439)
	at com.kms.katalon.core.main.TestCaseExecutor.processExecutionPhase(TestCaseExecutor.java:418)
	at com.kms.katalon.core.main.TestCaseExecutor.accessMainPhase(TestCaseExecutor.java:410)
	at com.kms.katalon.core.main.TestCaseExecutor.execute(TestCaseExecutor.java:285)
	at com.kms.katalon.core.common.CommonExecutor.accessTestCaseMainPhase(CommonExecutor.java:65)
	at com.kms.katalon.core.main.TestSuiteExecutor.accessTestSuiteMainPhase(TestSuiteExecutor.java:148)
	at com.kms.katalon.core.main.TestSuiteExecutor.execute(TestSuiteExecutor.java:106)
	at com.kms.katalon.core.main.TestCaseMain.startTestSuite(TestCaseMain.java:187)
	at com.kms.katalon.core.main.TestCaseMain$startTestSuite$0.call(Unknown Source)
	at TempTestSuite1693966045627.run(TempTestSuite1693966045627.groovy:36)
Caused by: com.kms.katalon.core.exception.StepFailedException: Text 'Nama tidak boleh menggunakan Symbol' is not present on page 
	at com.kms.katalon.core.webui.keyword.internal.WebUIKeywordMain.stepFailed(WebUIKeywordMain.groovy:64)
	at com.kms.katalon.core.webui.keyword.builtin.VerifyTextPresentKeyword$_verifyTextPresent_closure1.doCall(VerifyTextPresentKeyword.groovy:79)
	at com.kms.katalon.core.webui.keyword.builtin.VerifyTextPresentKeyword$_verifyTextPresent_closure1.call(VerifyTextPresentKeyword.groovy)
	at com.kms.katalon.core.webui.keyword.internal.WebUIKeywordMain.runKeyword(WebUIKeywordMain.groovy:20)
	... 19 more]]></system-err>
   </testsuite>
</testsuites>
